2026-03-09 16:43:52,903 - INFO - Trial 17 pruned. 
2026-03-09 16:43:54,929 - INFO - SequenceDataset: 152966/228206 valid sequences (Lookback protection active).
2026-03-09 16:43:54,930 - INFO - SequenceDataset: 65585/97790 valid sequences (Lookback protection active).
2026-03-09 16:43:55,679 - INFO - Trial 18 START | tcn=128, lstm=128, layers=6, batch=128, seq=96, drop=0.3084, lr=0.000043, wd=0.0008 | alpha=[3.60, 0.68, 3.60], gamma=2.25, smooth=0.07
2026-03-09 16:44:27,350 - INFO - T18 E1/50 | L: 0.78888864/0.65426454 | F1 M: 0.41481911 D: 0.19634808 | [S/N/B]: [0.1883/0.8518/0.2044] | LR: 0.00004289
2026-03-09 16:45:00,659 - INFO - T18 E2/50 | L: 0.77300279/0.65667750 | F1 M: 0.39235796 D: 0.18818101 | [S/N/B]: [0.1886/0.8007/0.1878] | LR: 0.00004276
2026-03-09 16:45:32,973 - INFO - T18 E3/50 | L: 0.76882848/0.64923141 | F1 M: 0.38130649 D: 0.15124331 | [S/N/B]: [0.0558/0.8414/0.2467] | LR: 0.00004255
2026-03-09 16:46:06,028 - INFO - T18 E4/50 | L: 0.76507210/0.64777003 | F1 M: 0.41405635 D: 0.19911536 | [S/N/B]: [0.1659/0.8439/0.2324] | LR: 0.00004225
2026-03-09 16:46:38,412 - INFO - T18 E5/50 | L: 0.76239216/0.64691606 | F1 M: 0.42067342 D: 0.19653221 | [S/N/B]: [0.1468/0.8690/0.2463] | LR: 0.00004188
2026-03-09 16:47:11,097 - INFO - T18 E6/50 | L: 0.76019955/0.64697936 | F1 M: 0.42035368 D: 0.20476813 | [S/N/B]: [0.1770/0.8515/0.2325] | LR: 0.00004142
2026-03-09 16:47:45,216 - INFO - T18 E7/50 | L: 0.75685137/0.64823056 | F1 M: 0.41808619 D: 0.20260208 | [S/N/B]: [0.2025/0.8491/0.2027] | LR: 0.00004088
2026-03-09 16:48:18,401 - INFO - T18 E8/50 | L: 0.75322398/0.65560708 | F1 M: 0.43632415 D: 0.21247567 | [S/N/B]: [0.1930/0.8840/0.2320] | LR: 0.00004027
2026-03-09 16:48:18,625 - INFO - Trial 18 stopped early due to patience (3 epochs without improvement)
2026-03-09 16:48:18,867 - INFO - Trial 18 finished with value: 0.43632415326862484 and parameters: {'tcn_channels': 128, 'lstm_hidden': 128, 'num_lstm_layers': 6, 'batch_size': 128, 'dropout': 0.30842267409477725, 'seq_len': 96, 'lr': 4.2927547497572267e-05, 'weight_decay': 0.0007672904017812401, 'base_alpha_side': 3.598644392846497, 'base_alpha_neutral': 0.6826877529572244, 'base_loss_gamma': 2.2529650028342036, 'base_loss_smoothing': 0.07412025353639248}. Best is trial 7 with value: 0.4388727109311032.
2026-03-09 16:48:21,286 - INFO - SequenceDataset: 133934/228182 valid sequences (Lookback protection active).
2026-03-09 16:48:21,286 - INFO - SequenceDataset: 57425/97766 valid sequences (Lookback protection active).
2026-03-09 16:48:21,713 - INFO - Trial 19 START | tcn=128, lstm=128, layers=7, batch=128, seq=120, drop=0.3255, lr=0.000047, wd=0.0009 | alpha=[4.66, 0.68, 4.66], gamma=2.29, smooth=0.09
2026-03-09 16:48:52,905 - INFO - T19 E1/50 | L: 1.10022945/0.92624606 | F1 M: 0.39446016 D: 0.20572805 | [S/N/B]: [0.2696/0.7719/0.1418] | LR: 0.00004741
2026-03-09 16:49:24,559 - INFO - T19 E2/50 | L: 1.08015781/0.92142329 | F1 M: 0.33897224 D: 0.11449969 | [S/N/B]: [0.0000/0.7879/0.2290] | LR: 0.00004727
2026-03-09 16:49:56,253 - INFO - T19 E3/50 | L: 1.07415324/0.92474018 | F1 M: 0.33179300 D: 0.11234033 | [S/N/B]: [0.0000/0.7707/0.2247] | LR: 0.00004703
2026-03-09 16:50:27,991 - INFO - T19 E4/50 | L: 1.07008896/0.91408644 | F1 M: 0.40722439 D: 0.19832425 | [S/N/B]: [0.1505/0.8250/0.2462] | LR: 0.00004671
2026-03-09 16:50:59,092 - INFO - T19 E5/50 | L: 1.06592408/0.91466540 | F1 M: 0.40071603 D: 0.20576954 | [S/N/B]: [0.1862/0.7906/0.2253] | LR: 0.00004629
2026-03-09 16:51:31,241 - INFO - T19 E6/50 | L: 1.06448573/0.91353884 | F1 M: 0.41121845 D: 0.20602437 | [S/N/B]: [0.1881/0.8216/0.2240] | LR: 0.00004579
2026-03-09 16:52:03,750 - INFO - T19 E7/50 | L: 1.06006145/0.91419067 | F1 M: 0.40853191 D: 0.20305307 | [S/N/B]: [0.2067/0.8195/0.1994] | LR: 0.00004520
2026-03-09 16:52:35,573 - INFO - T19 E8/50 | L: 1.05811690/0.91593312 | F1 M: 0.41026822 D: 0.20324215 | [S/N/B]: [0.2074/0.8243/0.1991] | LR: 0.00004452
2026-03-09 16:53:07,707 - INFO - T19 E9/50 | L: 1.05436912/0.91978765 | F1 M: 0.40645760 D: 0.20588489 | [S/N/B]: [0.1801/0.8076/0.2317] | LR: 0.00004376
2026-03-09 16:53:07,926 - INFO - Trial 19 stopped early due to patience (3 epochs without improvement)
2026-03-09 16:53:08,362 - INFO - Trial 19 finished with value: 0.41121845270239477 and parameters: {'tcn_channels': 128, 'lstm_hidden': 128, 'num_lstm_layers': 7, 'batch_size': 128, 'dropout': 0.3255008769463189, 'seq_len': 120, 'lr': 4.745412980601362e-05, 'weight_decay': 0.0008691092326991786, 'base_alpha_side': 4.658900297923577, 'base_alpha_neutral': 0.6840061857214694, 'base_loss_gamma': 2.2903229723298386, 'base_loss_smoothing': 0.09320932685821476}. Best is trial 7 with value: 0.4388727109311032.
2026-03-09 16:53:11,800 - INFO - SequenceDataset: 133934/228182 valid sequences (Lookback protection active).
2026-03-09 16:53:11,801 - INFO - SequenceDataset: 57425/97766 valid sequences (Lookback protection active).
2026-03-09 16:53:13,253 - INFO - Trial 20 START | tcn=128, lstm=64, layers=6, batch=128, seq=120, drop=0.3007, lr=0.000092, wd=0.0033 | alpha=[5.91, 0.58, 5.91], gamma=2.25, smooth=0.07
2026-03-09 16:53:42,238 - INFO - T20 E1/50 | L: 1.25306708/1.03898403 | F1 M: 0.34373730 D: 0.19331144 | [S/N/B]: [0.1504/0.6446/0.2363] | LR: 0.00009224
2026-03-09 16:54:12,893 - INFO - T20 E2/50 | L: 1.22871217/1.03304801 | F1 M: 0.34464496 D: 0.17742423 | [S/N/B]: [0.1409/0.6791/0.2139] | LR: 0.00009196
2026-03-09 16:54:42,761 - INFO - T20 E3/50 | L: 1.22089962/1.03152133 | F1 M: 0.35000213 D: 0.17308690 | [S/N/B]: [0.1478/0.7038/0.1984] | LR: 0.00009151
2026-03-09 16:54:43,066 - INFO - Trial 20 pruned by Optuna at epoch 3
2026-03-09 16:54:43,379 - INFO - Trial 20 pruned. 
2026-03-09 16:54:46,172 - INFO - SequenceDataset: 152966/228206 valid sequences (Lookback protection active).
2026-03-09 16:54:46,172 - INFO - SequenceDataset: 65585/97790 valid sequences (Lookback protection active).
2026-03-09 16:54:47,260 - INFO - Trial 21 START | tcn=128, lstm=128, layers=5, batch=128, seq=96, drop=0.3700, lr=0.000021, wd=0.0010 | alpha=[3.58, 0.71, 3.58], gamma=1.86, smooth=0.04
2026-03-09 16:55:18,591 - INFO - T21 E1/50 | L: 0.81588406/0.66341987 | F1 M: 0.41974359 D: 0.19950371 | [S/N/B]: [0.1785/0.8602/0.2205] | LR: 0.00002110
2026-03-09 16:55:49,330 - INFO - T21 E2/50 | L: 0.79204469/0.65916292 | F1 M: 0.42623914 D: 0.20333099 | [S/N/B]: [0.1769/0.8721/0.2297] | LR: 0.00002104
2026-03-09 16:56:19,734 - INFO - T21 E3/50 | L: 0.78824965/0.65671580 | F1 M: 0.42342573 D: 0.19800446 | [S/N/B]: [0.1323/0.8743/0.2637] | LR: 0.00002093
2026-03-09 16:56:51,013 - INFO - T21 E4/50 | L: 0.78501279/0.65574462 | F1 M: 0.42950623 D: 0.20699762 | [S/N/B]: [0.1632/0.8745/0.2508] | LR: 0.00002079
2026-03-09 16:57:22,415 - INFO - T21 E5/50 | L: 0.78358955/0.65451042 | F1 M: 0.42925730 D: 0.20454420 | [S/N/B]: [0.1502/0.8787/0.2589] | LR: 0.00002060
2026-03-09 16:57:53,583 - INFO - T21 E6/50 | L: 0.78185777/0.65597826 | F1 M: 0.42585470 D: 0.20377279 | [S/N/B]: [0.1494/0.8700/0.2582] | LR: 0.00002038
2026-03-09 16:58:24,800 - INFO - T21 E7/50 | L: 0.78051047/0.65441190 | F1 M: 0.43037292 D: 0.20926637 | [S/N/B]: [0.1877/0.8726/0.2309] | LR: 0.00002011
2026-03-09 16:58:55,739 - INFO - T21 E8/50 | L: 0.77994267/0.65410421 | F1 M: 0.42969943 D: 0.20756193 | [S/N/B]: [0.1641/0.8740/0.2511] | LR: 0.00001981
2026-03-09 16:59:26,650 - INFO - T21 E9/50 | L: 0.77770265/0.65452947 | F1 M: 0.43129471 D: 0.20749366 | [S/N/B]: [0.1685/0.8789/0.2465] | LR: 0.00001948
2026-03-09 16:59:58,082 - INFO - T21 E10/50 | L: 0.77566115/0.65395891 | F1 M: 0.43035916 D: 0.20796094 | [S/N/B]: [0.1698/0.8752/0.2461] | LR: 0.00001910
2026-03-09 17:00:26,323 - INFO - T21 E11/50 | L: 0.77366155/0.65507356 | F1 M: 0.43414320 D: 0.21225794 | [S/N/B]: [0.1790/0.8779/0.2455] | LR: 0.00001870
2026-03-09 17:00:56,825 - INFO - T21 E12/50 | L: 0.77287350/0.65471733 | F1 M: 0.42751225 D: 0.20785894 | [S/N/B]: [0.1717/0.8668/0.2440] | LR: 0.00001826
2026-03-09 17:01:27,921 - INFO - T21 E13/50 | L: 0.77193345/0.65433150 | F1 M: 0.42970473 D: 0.20898569 | [S/N/B]: [0.1945/0.8711/0.2235] | LR: 0.00001779
2026-03-09 17:01:28,106 - INFO - Trial 21 stopped early due to patience (3 epochs without improvement)
2026-03-09 17:01:28,495 - INFO - Trial 21 finished with value: 0.43414319838514376 and parameters: {'tcn_channels': 128, 'lstm_hidden': 128, 'num_lstm_layers': 5, 'batch_size': 128, 'dropout': 0.3700006342355855, 'seq_len': 96, 'lr': 2.111983214345012e-05, 'weight_decay': 0.0009587750609963327, 'base_alpha_side': 3.5844951144811055, 'base_alpha_neutral': 0.7052176412014067, 'base_loss_gamma': 1.8573822515917362, 'base_loss_smoothing': 0.03766115959844393}. Best is trial 7 with value: 0.4388727109311032.
2026-03-09 17:01:29,811 - INFO - SequenceDataset: 152966/228206 valid sequences (Lookback protection active).
2026-03-09 17:01:29,812 - INFO - SequenceDataset: 65585/97790 valid sequences (Lookback protection active).
2026-03-09 17:01:30,254 - INFO - Trial 22 START | tcn=128, lstm=128, layers=7, batch=128, seq=96, drop=0.3733, lr=0.000030, wd=0.0008 | alpha=[3.76, 0.65, 3.76], gamma=2.18, smooth=0.04
2026-03-09 17:02:04,160 - INFO - T22 E1/50 | L: 0.78421083/0.63940113 | F1 M: 0.34157842 D: 0.11109489 | [S/N/B]: [0.0000/0.8025/0.2222] | LR: 0.00003016
2026-03-09 17:02:39,089 - INFO - T22 E2/50 | L: 0.76526862/0.63530139 | F1 M: 0.34180812 D: 0.11155724 | [S/N/B]: [0.0000/0.8023/0.2231] | LR: 0.00003007
2026-03-09 17:03:14,908 - INFO - T22 E3/50 | L: 0.76114867/0.63311245 | F1 M: 0.34284239 D: 0.11220308 | [S/N/B]: [0.0000/0.8041/0.2244] | LR: 0.00002992
2026-03-09 17:03:15,217 - INFO - Trial 22 pruned by Optuna at epoch 3
2026-03-09 17:03:15,410 - INFO - Trial 22 pruned. 
2026-03-09 17:03:17,298 - INFO - SequenceDataset: 152966/228206 valid sequences (Lookback protection active).
2026-03-09 17:03:17,299 - INFO - SequenceDataset: 65585/97790 valid sequences (Lookback protection active).
2026-03-09 17:03:18,449 - INFO - Trial 23 START | tcn=128, lstm=128, layers=6, batch=128, seq=96, drop=0.3593, lr=0.000040, wd=0.0016 | alpha=[3.30, 0.74, 3.30], gamma=1.78, smooth=0.04
2026-03-09 17:03:50,551 - INFO - T23 E1/50 | L: 0.78044365/0.63947284 | F1 M: 0.40369684 D: 0.16477471 | [S/N/B]: [0.0826/0.8815/0.2470] | LR: 0.00004001
2026-03-09 17:04:23,481 - INFO - T23 E2/50 | L: 0.76050667/0.63438331 | F1 M: 0.38622638 D: 0.13290003 | [S/N/B]: [0.0000/0.8929/0.2658] | LR: 0.00003989
2026-03-09 17:04:55,595 - INFO - T23 E3/50 | L: 0.75626428/0.63197518 | F1 M: 0.39087155 D: 0.13714840 | [S/N/B]: [0.0000/0.8983/0.2743] | LR: 0.00003970
2026-03-09 17:05:29,039 - INFO - T23 E4/50 | L: 0.75376325/0.63081294 | F1 M: 0.43099835 D: 0.20222021 | [S/N/B]: [0.1539/0.8886/0.2505] | LR: 0.00003942
2026-03-09 17:06:03,065 - INFO - T23 E5/50 | L: 0.74930294/0.62957923 | F1 M: 0.40579213 D: 0.16013460 | [S/N/B]: [0.0458/0.8971/0.2745] | LR: 0.00003907
2026-03-09 17:06:36,096 - INFO - T23 E6/50 | L: 0.74665072/0.63107634 | F1 M: 0.41274520 D: 0.17723574 | [S/N/B]: [0.0868/0.8838/0.2676] | LR: 0.00003865
2026-03-09 17:07:09,826 - INFO - T23 E7/50 | L: 0.74345733/0.63015522 | F1 M: 0.43601370 D: 0.20341029 | [S/N/B]: [0.1469/0.9012/0.2600] | LR: 0.00003815
2026-03-09 17:07:43,929 - INFO - T23 E8/50 | L: 0.74172633/0.62974036 | F1 M: 0.44123854 D: 0.21343059 | [S/N/B]: [0.2045/0.8969/0.2224] | LR: 0.00003757
2026-03-09 17:07:44,005 - INFO - 🥇 [MACRO]  Trial 23 | Global F1 Macro record: 0.44123854 (prev: 0.43887271) → saved best_tcn_lstm.pt
2026-03-09 17:07:44,260 - INFO - Trial 23 stopped early due to patience (3 epochs without improvement)
2026-03-09 17:07:45,552 - INFO - Trial 23 finished with value: 0.441238541798892 and parameters: {'tcn_channels': 128, 'lstm_hidden': 128, 'num_lstm_layers': 6, 'batch_size': 128, 'dropout': 0.3593163794716372, 'seq_len': 96, 'lr': 4.005154204984725e-05, 'weight_decay': 0.0015719827329210585, 'base_alpha_side': 3.296127488189039, 'base_alpha_neutral': 0.7442395757952698, 'base_loss_gamma': 1.7820407291914422, 'base_loss_smoothing': 0.04179726642286011}. Best is trial 23 with value: 0.441238541798892.
2026-03-09 17:07:48,762 - INFO - SequenceDataset: 152966/228206 valid sequences (Lookback protection active).
2026-03-09 17:07:48,763 - INFO - SequenceDataset: 65585/97790 valid sequences (Lookback protection active).
2026-03-09 17:07:49,305 - INFO - Trial 24 START | tcn=128, lstm=128, layers=6, batch=128, seq=96, drop=0.3274, lr=0.000043, wd=0.0016 | alpha=[3.06, 0.74, 3.06], gamma=1.42, smooth=0.05
2026-03-09 17:08:22,881 - INFO - T24 E1/50 | L: 0.77942142/0.64379090 | F1 M: 0.42472427 D: 0.18576078 | [S/N/B]: [0.1294/0.9027/0.2421] | LR: 0.00004289
2026-03-09 17:08:57,053 - INFO - T24 E2/50 | L: 0.75944851/0.63960552 | F1 M: 0.43569907 D: 0.20005521 | [S/N/B]: [0.1809/0.9070/0.2192] | LR: 0.00004276
2026-03-09 17:09:30,553 - INFO - T24 E3/50 | L: 0.75425087/0.63845035 | F1 M: 0.43081226 D: 0.20113410 | [S/N/B]: [0.1379/0.8902/0.2644] | LR: 0.00004255
2026-03-09 17:10:05,727 - INFO - T24 E4/50 | L: 0.75167296/0.63637308 | F1 M: 0.43474261 D: 0.20374803 | [S/N/B]: [0.1506/0.8967/0.2568] | LR: 0.00004225
2026-03-09 17:10:39,532 - INFO - T24 E5/50 | L: 0.74686764/0.63485314 | F1 M: 0.42892684 D: 0.19104085 | [S/N/B]: [0.1121/0.9047/0.2700] | LR: 0.00004188
2026-03-09 17:11:13,331 - INFO - T24 E6/50 | L: 0.74430270/0.63502529 | F1 M: 0.43917933 D: 0.20640669 | [S/N/B]: [0.1588/0.9047/0.2541] | LR: 0.00004142
2026-03-09 17:11:47,226 - INFO - T24 E7/50 | L: 0.74089734/0.63582784 | F1 M: 0.44255667 D: 0.20941643 | [S/N/B]: [0.1755/0.9088/0.2434] | LR: 0.00004088
2026-03-09 17:11:47,778 - INFO - 🥇 [MACRO]  Trial 24 | Global F1 Macro record: 0.44255667 (prev: 0.44123854) → saved best_tcn_lstm.pt
2026-03-09 17:12:20,862 - INFO - T24 E8/50 | L: 0.73924937/0.63759864 | F1 M: 0.43828592 D: 0.21195483 | [S/N/B]: [0.1656/0.8909/0.2583] | LR: 0.00004027
2026-03-09 17:12:21,421 - INFO - Trial 24 stopped early due to patience (3 epochs without improvement)
2026-03-09 17:12:21,807 - INFO - Trial 24 finished with value: 0.4425566733327864 and parameters: {'tcn_channels': 128, 'lstm_hidden': 128, 'num_lstm_layers': 6, 'batch_size': 128, 'dropout': 0.32735534117901655, 'seq_len': 96, 'lr': 4.292741610146702e-05, 'weight_decay': 0.0015567492577128323, 'base_alpha_side': 3.0630778307781243, 'base_alpha_neutral': 0.736285696339515, 'base_loss_gamma': 1.418436055520314, 'base_loss_smoothing': 0.046535659688366995}. Best is trial 24 with value: 0.4425566733327864.
2026-03-09 17:12:23,782 - INFO - SequenceDataset: 152966/228206 valid sequences (Lookback protection active).
2026-03-09 17:12:23,783 - INFO - SequenceDataset: 65585/97790 valid sequences (Lookback protection active).
2026-03-09 17:12:24,292 - INFO - Trial 25 START | tcn=128, lstm=128, layers=7, batch=128, seq=96, drop=0.3374, lr=0.000071, wd=0.0018 | alpha=[2.97, 0.79, 2.97], gamma=1.41, smooth=0.03
2026-03-09 17:12:59,006 - INFO - T25 E1/50 | L: 0.76622391/0.63014083 | F1 M: 0.43494773 D: 0.19534759 | [S/N/B]: [0.1814/0.9141/0.2093] | LR: 0.00007126
2026-03-09 17:13:34,351 - INFO - T25 E2/50 | L: 0.74640405/0.62311406 | F1 M: 0.43579816 D: 0.19932884 | [S/N/B]: [0.1366/0.9087/0.2621] | LR: 0.00007105
2026-03-09 17:14:09,621 - INFO - T25 E3/50 | L: 0.73973591/0.62219060 | F1 M: 0.43219867 D: 0.19423463 | [S/N/B]: [0.1228/0.9081/0.2657] | LR: 0.00007070
2026-03-09 17:14:44,466 - INFO - T25 E4/50 | L: 0.73587890/0.62361757 | F1 M: 0.43776395 D: 0.20760008 | [S/N/B]: [0.1574/0.8981/0.2578] | LR: 0.00007021
2026-03-09 17:15:19,860 - INFO - T25 E5/50 | L: 0.73023851/0.62008017 | F1 M: 0.43708134 D: 0.20330017 | [S/N/B]: [0.1480/0.9046/0.2586] | LR: 0.00006959
2026-03-09 17:15:53,760 - INFO - T25 E6/50 | L: 0.72764089/0.62849406 | F1 M: 0.43796545 D: 0.20194928 | [S/N/B]: [0.1483/0.9100/0.2556] | LR: 0.00006883
2026-03-09 17:16:28,158 - INFO - T25 E7/50 | L: 0.72209727/0.62743882 | F1 M: 0.43736797 D: 0.21420966 | [S/N/B]: [0.1710/0.8837/0.2574] | LR: 0.00006794
2026-03-09 17:17:02,836 - INFO - T25 E8/50 | L: 0.71828903/0.64385704 | F1 M: 0.43587740 D: 0.19662340 | [S/N/B]: [0.1517/0.9144/0.2416] | LR: 0.00006692
2026-03-09 17:17:02,944 - INFO - Trial 25 stopped early due to patience (3 epochs without improvement)
2026-03-09 17:17:03,172 - INFO - Trial 25 finished with value: 0.43796544955349886 and parameters: {'tcn_channels': 128, 'lstm_hidden': 128, 'num_lstm_layers': 7, 'batch_size': 128, 'dropout': 0.3373543544682419, 'seq_len': 96, 'lr': 7.133142386833155e-05, 'weight_decay': 0.0017561637910099652, 'base_alpha_side': 2.96599595176074, 'base_alpha_neutral': 0.792876830057057, 'base_loss_gamma': 1.4127386037941596, 'base_loss_smoothing': 0.034194622356338834}. Best is trial 24 with value: 0.4425566733327864.
2026-03-09 17:17:05,483 - INFO - SequenceDataset: 152966/228206 valid sequences (Lookback protection active).
2026-03-09 17:17:05,484 - INFO - SequenceDataset: 65585/97790 valid sequences (Lookback protection active).
2026-03-09 17:17:06,326 - INFO - Trial 26 START | tcn=128, lstm=128, layers=6, batch=128, seq=96, drop=0.3608, lr=0.000031, wd=0.0040 | alpha=[2.45, 0.74, 2.45], gamma=1.77, smooth=0.05
2026-03-09 17:17:38,704 - INFO - T26 E1/50 | L: 0.59916147/0.48765262 | F1 M: 0.38489927 D: 0.12993871 | [S/N/B]: [0.0000/0.8948/0.2599] | LR: 0.00003049
2026-03-09 17:18:12,568 - INFO - T26 E2/50 | L: 0.57658635/0.48297505 | F1 M: 0.38983335 D: 0.13370551 | [S/N/B]: [0.0000/0.9021/0.2674] | LR: 0.00003040
2026-03-09 17:18:46,205 - INFO - T26 E3/50 | L: 0.57349595/0.48212987 | F1 M: 0.38791823 D: 0.13314113 | [S/N/B]: [0.0000/0.8975/0.2663] | LR: 0.00003025
2026-03-09 17:19:19,205 - INFO - T26 E4/50 | L: 0.56991025/0.48036175 | F1 M: 0.39243189 D: 0.13646296 | [S/N/B]: [0.0000/0.9044/0.2729] | LR: 0.00003004
2026-03-09 17:19:52,974 - INFO - T26 E5/50 | L: 0.56827208/0.47983996 | F1 M: 0.39463859 D: 0.13633186 | [S/N/B]: [0.0000/0.9113/0.2727] | LR: 0.00002977
2026-03-09 17:20:26,505 - INFO - T26 E6/50 | L: 0.56625950/0.48079083 | F1 M: 0.39464895 D: 0.14351523 | [S/N/B]: [0.0138/0.8969/0.2732] | LR: 0.00002944
2026-03-09 17:20:27,646 - INFO - Trial 26 pruned by Optuna at epoch 6
2026-03-09 17:20:28,024 - INFO - Trial 26 pruned. 
2026-03-09 17:20:30,853 - INFO - SequenceDataset: 133934/228182 valid sequences (Lookback protection active).
2026-03-09 17:20:30,854 - INFO - SequenceDataset: 57425/97766 valid sequences (Lookback protection active).
2026-03-09 17:20:32,058 - INFO - Trial 27 START | tcn=512, lstm=128, layers=6, batch=512, seq=120, drop=0.3263, lr=0.000068, wd=0.0070 | alpha=[3.17, 0.57, 3.17], gamma=1.19, smooth=0.05
2026-03-09 17:21:20,295 - INFO - T27 E1/50 | L: 0.79964960/0.66267097 | F1 M: 0.41707735 D: 0.20419131 | [S/N/B]: [0.1915/0.8428/0.2169] | LR: 0.00006775
2026-03-09 17:22:10,257 - INFO - T27 E2/50 | L: 0.76948095/0.66044268 | F1 M: 0.42746039 D: 0.22370131 | [S/N/B]: [0.2516/0.8350/0.1958] | LR: 0.00006755
2026-03-09 17:22:10,519 - INFO - 🏆 [DIR]    Trial 27 | Global F1 Dir record: 0.22370131 (prev: 0.21942794) → saved best_tcn_lstm_dir.pt
2026-03-09 17:23:00,429 - INFO - T27 E3/50 | L: 0.75964783/0.66699490 | F1 M: 0.37877980 D: 0.13152174 | [S/N/B]: [0.0000/0.8733/0.2630] | LR: 0.00006722
2026-03-09 17:23:49,511 - INFO - T27 E4/50 | L: 0.74886023/0.66401732 | F1 M: 0.42660065 D: 0.21193321 | [S/N/B]: [0.2351/0.8559/0.1888] | LR: 0.00006675
2026-03-09 17:24:38,523 - INFO - T27 E5/50 | L: 0.73701542/0.67234573 | F1 M: 0.35753774 D: 0.11977358 | [S/N/B]: [0.0000/0.8331/0.2395] | LR: 0.00006616
2026-03-09 17:24:38,897 - INFO - Trial 27 stopped early due to patience (3 epochs without improvement)
