2026-03-09 18:12:19,509 - INFO - Trial 40 pruned. 
2026-03-09 18:12:21,545 - INFO - SequenceDataset: 133934/228182 valid sequences (Lookback protection active).
2026-03-09 18:12:21,546 - INFO - SequenceDataset: 57425/97766 valid sequences (Lookback protection active).
2026-03-09 18:12:22,639 - INFO - Trial 41 START | tcn=256, lstm=128, layers=5, batch=128, seq=120, drop=0.3184, lr=0.000012, wd=0.0004 | alpha=[1.88, 0.58, 1.88], gamma=1.69, smooth=0.03
2026-03-09 18:12:49,796 - INFO - T41 E1/50 | L: 0.41682642/0.33771002 | F1 M: 0.36660497 D: 0.12218701 | [S/N/B]: [0.2444/0.8554/0.0000] | LR: 0.00001209
2026-03-09 18:13:17,607 - INFO - T41 E2/50 | L: 0.39738278/0.33329406 | F1 M: 0.42891044 D: 0.20500096 | [S/N/B]: [0.1874/0.8767/0.2226] | LR: 0.00001205
2026-03-09 18:13:44,946 - INFO - T41 E3/50 | L: 0.39434102/0.33266687 | F1 M: 0.42617456 D: 0.20016444 | [S/N/B]: [0.1624/0.8782/0.2380] | LR: 0.00001199
2026-03-09 18:14:12,234 - INFO - T41 E4/50 | L: 0.39214261/0.33211958 | F1 M: 0.43091962 D: 0.20948262 | [S/N/B]: [0.1901/0.8738/0.2288] | LR: 0.00001191
2026-03-09 18:14:40,148 - INFO - T41 E5/50 | L: 0.39051438/0.33129858 | F1 M: 0.43548771 D: 0.21032789 | [S/N/B]: [0.1979/0.8858/0.2228] | LR: 0.00001180
2026-03-09 18:15:08,491 - INFO - T41 E6/50 | L: 0.38887465/0.33217024 | F1 M: 0.42867257 D: 0.20791375 | [S/N/B]: [0.1803/0.8702/0.2355] | LR: 0.00001168
2026-03-09 18:15:37,405 - INFO - T41 E7/50 | L: 0.38736983/0.33145060 | F1 M: 0.43438634 D: 0.21170763 | [S/N/B]: [0.2034/0.8797/0.2201] | LR: 0.00001153
2026-03-09 18:16:05,520 - INFO - T41 E8/50 | L: 0.38637931/0.33414542 | F1 M: 0.43035119 D: 0.20320964 | [S/N/B]: [0.2023/0.8846/0.2041] | LR: 0.00001135
2026-03-09 18:16:05,651 - INFO - Trial 41 stopped early due to patience (3 epochs without improvement)
2026-03-09 18:16:05,949 - INFO - Trial 41 finished with value: 0.4354877132769532 and parameters: {'tcn_channels': 256, 'lstm_hidden': 128, 'num_lstm_layers': 5, 'batch_size': 128, 'dropout': 0.3183599232524158, 'seq_len': 120, 'lr': 1.2101005877729833e-05, 'weight_decay': 0.00040500718297236066, 'base_alpha_side': 1.8795627554341379, 'base_alpha_neutral': 0.5805577878679176, 'base_loss_gamma': 1.6932257260317736, 'base_loss_smoothing': 0.030285825219955563}. Best is trial 24 with value: 0.4425566733327864.
2026-03-09 18:16:08,402 - INFO - SequenceDataset: 133934/228182 valid sequences (Lookback protection active).
2026-03-09 18:16:08,404 - INFO - SequenceDataset: 57425/97766 valid sequences (Lookback protection active).
2026-03-09 18:16:08,890 - INFO - Trial 42 START | tcn=64, lstm=128, layers=5, batch=128, seq=120, drop=0.3408, lr=0.000042, wd=0.0007 | alpha=[2.59, 0.42, 2.59], gamma=2.05, smooth=0.04
2026-03-09 18:16:36,073 - INFO - T42 E1/50 | L: 0.45537787/0.37127922 | F1 M: 0.30018449 D: 0.14002257 | [S/N/B]: [0.0988/0.6205/0.1812] | LR: 0.00004242
2026-03-09 18:17:03,715 - INFO - T42 E2/50 | L: 0.44215589/0.36791252 | F1 M: 0.31722879 D: 0.15643234 | [S/N/B]: [0.2091/0.6388/0.1038] | LR: 0.00004229
2026-03-09 18:17:30,445 - INFO - T42 E3/50 | L: 0.44006082/0.36644123 | F1 M: 0.32573729 D: 0.16360928 | [S/N/B]: [0.2121/0.6500/0.1151] | LR: 0.00004208
2026-03-09 18:17:30,705 - INFO - Trial 42 pruned by Optuna at epoch 3
2026-03-09 18:17:30,880 - INFO - Trial 42 pruned. 
2026-03-09 18:17:32,895 - INFO - SequenceDataset: 191030/228254 valid sequences (Lookback protection active).
2026-03-09 18:17:32,896 - INFO - SequenceDataset: 81905/97838 valid sequences (Lookback protection active).
2026-03-09 18:17:33,221 - INFO - Trial 43 START | tcn=128, lstm=128, layers=5, batch=128, seq=48, drop=0.3180, lr=0.000028, wd=0.0014 | alpha=[2.25, 0.67, 2.25], gamma=1.95, smooth=0.05
2026-03-09 18:18:09,221 - INFO - T43 E1/50 | L: 0.44972634/0.37062996 | F1 M: 0.43687657 D: 0.19995195 | [S/N/B]: [0.1801/0.9107/0.2198] | LR: 0.00002805
2026-03-09 18:18:45,765 - INFO - T43 E2/50 | L: 0.43637361/0.36726865 | F1 M: 0.39257976 D: 0.13313932 | [S/N/B]: [0.0000/0.9115/0.2663] | LR: 0.00002797
2026-03-09 18:19:22,607 - INFO - T43 E3/50 | L: 0.43304642/0.36728112 | F1 M: 0.38762223 D: 0.13130467 | [S/N/B]: [0.0000/0.9003/0.2626] | LR: 0.00002783
2026-03-09 18:19:59,224 - INFO - T43 E4/50 | L: 0.43116592/0.36704951 | F1 M: 0.38988238 D: 0.13219088 | [S/N/B]: [0.0000/0.9053/0.2644] | LR: 0.00002764
2026-03-09 18:20:36,072 - INFO - T43 E5/50 | L: 0.42929570/0.36577153 | F1 M: 0.40855717 D: 0.15895471 | [S/N/B]: [0.0526/0.9078/0.2653] | LR: 0.00002739
2026-03-09 18:21:12,512 - INFO - T43 E6/50 | L: 0.42766407/0.36579480 | F1 M: 0.42388461 D: 0.18228797 | [S/N/B]: [0.1053/0.9071/0.2593] | LR: 0.00002710
2026-03-09 18:21:50,606 - INFO - T43 E7/50 | L: 0.42682559/0.36557156 | F1 M: 0.42839569 D: 0.19013708 | [S/N/B]: [0.1238/0.9049/0.2565] | LR: 0.00002675
2026-03-09 18:22:27,874 - INFO - T43 E8/50 | L: 0.42507161/0.36673708 | F1 M: 0.43457414 D: 0.20134894 | [S/N/B]: [0.1514/0.9010/0.2513] | LR: 0.00002635
2026-03-09 18:23:04,424 - INFO - T43 E9/50 | L: 0.42415723/0.36715798 | F1 M: 0.43602261 D: 0.20080697 | [S/N/B]: [0.1512/0.9065/0.2505] | LR: 0.00002590
2026-03-09 18:23:41,321 - INFO - T43 E10/50 | L: 0.42294669/0.37114128 | F1 M: 0.44138090 D: 0.20530877 | [S/N/B]: [0.1629/0.9135/0.2477] | LR: 0.00002540
2026-03-09 18:23:42,208 - INFO - Trial 43 stopped early due to patience (3 epochs without improvement)
2026-03-09 18:23:42,529 - INFO - Trial 43 finished with value: 0.44138089869057445 and parameters: {'tcn_channels': 128, 'lstm_hidden': 128, 'num_lstm_layers': 5, 'batch_size': 128, 'dropout': 0.3179805431907973, 'seq_len': 48, 'lr': 2.8082192826855465e-05, 'weight_decay': 0.0013620843747945194, 'base_alpha_side': 2.247483288221463, 'base_alpha_neutral': 0.6656094317859059, 'base_loss_gamma': 1.949820351075925, 'base_loss_smoothing': 0.054333569574293715}. Best is trial 24 with value: 0.4425566733327864.
2026-03-09 18:23:44,577 - INFO - SequenceDataset: 191030/228254 valid sequences (Lookback protection active).
2026-03-09 18:23:44,577 - INFO - SequenceDataset: 81905/97838 valid sequences (Lookback protection active).
2026-03-09 18:23:45,761 - INFO - Trial 44 START | tcn=512, lstm=128, layers=5, batch=128, seq=48, drop=0.3343, lr=0.000030, wd=0.0015 | alpha=[2.93, 0.66, 2.93], gamma=1.95, smooth=0.06
2026-03-09 18:24:22,401 - INFO - T44 E1/50 | L: 0.59913306/0.49943640 | F1 M: 0.42822202 D: 0.19311676 | [S/N/B]: [0.1323/0.8984/0.2539] | LR: 0.00002970
2026-03-09 18:25:00,008 - INFO - T44 E2/50 | L: 0.58378120/0.49802930 | F1 M: 0.43489338 D: 0.20639735 | [S/N/B]: [0.1830/0.8919/0.2297] | LR: 0.00002961
2026-03-09 18:25:37,192 - INFO - T44 E3/50 | L: 0.57726461/0.49960595 | F1 M: 0.42041041 D: 0.19063941 | [S/N/B]: [0.1211/0.8800/0.2602] | LR: 0.00002947
2026-03-09 18:26:15,467 - INFO - T44 E4/50 | L: 0.56946765/0.50442350 | F1 M: 0.43917575 D: 0.20967432 | [S/N/B]: [0.1634/0.8982/0.2559] | LR: 0.00002926
2026-03-09 18:26:51,936 - INFO - T44 E5/50 | L: 0.56166718/0.51594857 | F1 M: 0.43355564 D: 0.20087912 | [S/N/B]: [0.1555/0.8989/0.2462] | LR: 0.00002900
2026-03-09 18:26:52,029 - INFO - Trial 44 stopped early due to patience (3 epochs without improvement)
2026-03-09 18:26:52,285 - INFO - Trial 44 finished with value: 0.4391757516186998 and parameters: {'tcn_channels': 512, 'lstm_hidden': 128, 'num_lstm_layers': 5, 'batch_size': 128, 'dropout': 0.33433070620196514, 'seq_len': 48, 'lr': 2.9729361071504536e-05, 'weight_decay': 0.0015229534799811935, 'base_alpha_side': 2.930611514030196, 'base_alpha_neutral': 0.6646288846089413, 'base_loss_gamma': 1.949266239610488, 'base_loss_smoothing': 0.06304439828181672}. Best is trial 24 with value: 0.4425566733327864.
2026-03-09 18:26:53,727 - INFO - SequenceDataset: 191030/228254 valid sequences (Lookback protection active).
2026-03-09 18:26:53,728 - INFO - SequenceDataset: 81905/97838 valid sequences (Lookback protection active).
2026-03-09 18:26:54,562 - INFO - Trial 45 START | tcn=128, lstm=128, layers=6, batch=128, seq=48, drop=0.3621, lr=0.000027, wd=0.0022 | alpha=[2.25, 0.72, 2.25], gamma=2.44, smooth=0.06
2026-03-09 18:27:33,656 - INFO - T45 E1/50 | L: 0.42194543/0.34616406 | F1 M: 0.42931341 D: 0.19334546 | [S/N/B]: [0.1912/0.9012/0.1955] | LR: 0.00002698
2026-03-09 18:28:13,168 - INFO - T45 E2/50 | L: 0.40845274/0.34274618 | F1 M: 0.39341916 D: 0.13103869 | [S/N/B]: [0.0000/0.9182/0.2621] | LR: 0.00002691
2026-03-09 18:28:52,302 - INFO - T45 E3/50 | L: 0.40632766/0.34184400 | F1 M: 0.38730557 D: 0.12962160 | [S/N/B]: [0.0000/0.9027/0.2592] | LR: 0.00002677
2026-03-09 18:29:31,560 - INFO - T45 E4/50 | L: 0.40414633/0.34090990 | F1 M: 0.43582282 D: 0.20169901 | [S/N/B]: [0.1599/0.9041/0.2435] | LR: 0.00002659
2026-03-09 18:30:10,618 - INFO - T45 E5/50 | L: 0.40250309/0.34123133 | F1 M: 0.42206054 D: 0.17686991 | [S/N/B]: [0.0910/0.9124/0.2627] | LR: 0.00002635
2026-03-09 18:30:50,470 - INFO - T45 E6/50 | L: 0.40105244/0.33966888 | F1 M: 0.43869275 D: 0.20569761 | [S/N/B]: [0.1572/0.9047/0.2542] | LR: 0.00002606
2026-03-09 18:31:29,916 - INFO - T45 E7/50 | L: 0.39970021/0.34132303 | F1 M: 0.41982742 D: 0.17861331 | [S/N/B]: [0.0913/0.9023/0.2660] | LR: 0.00002573
2026-03-09 18:32:10,144 - INFO - T45 E8/50 | L: 0.39842146/0.33959095 | F1 M: 0.44369643 D: 0.21141715 | [S/N/B]: [0.1966/0.9083/0.2262] | LR: 0.00002534
2026-03-09 18:32:10,195 - INFO - 🥇 [MACRO]  Trial 45 | Global F1 Macro record: 0.44369643 (prev: 0.44255667) → saved best_tcn_lstm.pt
2026-03-09 18:32:50,320 - INFO - T45 E9/50 | L: 0.39711825/0.33976696 | F1 M: 0.44152825 D: 0.20786448 | [S/N/B]: [0.1704/0.9089/0.2453] | LR: 0.00002491
2026-03-09 18:33:31,072 - INFO - T45 E10/50 | L: 0.39591704/0.34036527 | F1 M: 0.43896359 D: 0.21023706 | [S/N/B]: [0.1812/0.8964/0.2393] | LR: 0.00002443
2026-03-09 18:34:10,174 - INFO - T45 E11/50 | L: 0.39521129/0.34067503 | F1 M: 0.44060020 D: 0.20961609 | [S/N/B]: [0.1739/0.9026/0.2453] | LR: 0.00002391
2026-03-09 18:34:10,326 - INFO - Trial 45 stopped early due to patience (3 epochs without improvement)
2026-03-09 18:34:11,494 - INFO - Trial 45 finished with value: 0.4436964344240924 and parameters: {'tcn_channels': 128, 'lstm_hidden': 128, 'num_lstm_layers': 6, 'batch_size': 128, 'dropout': 0.36210800847476415, 'seq_len': 48, 'lr': 2.7011571858928645e-05, 'weight_decay': 0.002194388943267519, 'base_alpha_side': 2.2472222891315927, 'base_alpha_neutral': 0.718904300546923, 'base_loss_gamma': 2.438310700052822, 'base_loss_smoothing': 0.05567700970491013}. Best is trial 45 with value: 0.4436964344240924.
2026-03-09 18:34:14,357 - INFO - SequenceDataset: 191030/228254 valid sequences (Lookback protection active).
2026-03-09 18:34:14,358 - INFO - SequenceDataset: 81905/97838 valid sequences (Lookback protection active).
2026-03-09 18:34:15,191 - INFO - Trial 46 START | tcn=256, lstm=32, layers=4, batch=128, seq=48, drop=0.3111, lr=0.000027, wd=0.0022 | alpha=[2.24, 0.49, 2.24], gamma=2.70, smooth=0.05
2026-03-09 18:34:48,785 - INFO - T46 E1/50 | L: 0.32063662/0.25741548 | F1 M: 0.30199241 D: 0.09122994 | [S/N/B]: [0.0000/0.7235/0.1825] | LR: 0.00002691
2026-03-09 18:35:23,482 - INFO - T46 E2/50 | L: 0.30501678/0.25370794 | F1 M: 0.31890687 D: 0.09730950 | [S/N/B]: [0.0000/0.7621/0.1946] | LR: 0.00002683
2026-03-09 18:35:57,714 - INFO - T46 E3/50 | L: 0.30215181/0.25330216 | F1 M: 0.38357775 D: 0.19479577 | [S/N/B]: [0.2290/0.7611/0.1606] | LR: 0.00002670
2026-03-09 18:35:58,502 - INFO - Trial 46 pruned by Optuna at epoch 3
2026-03-09 18:35:59,213 - INFO - Trial 46 pruned. 
2026-03-09 18:36:01,514 - INFO - SequenceDataset: 191030/228254 valid sequences (Lookback protection active).
2026-03-09 18:36:01,515 - INFO - SequenceDataset: 81905/97838 valid sequences (Lookback protection active).
2026-03-09 18:36:01,981 - INFO - Trial 47 START | tcn=128, lstm=128, layers=6, batch=128, seq=48, drop=0.4661, lr=0.000035, wd=0.0030 | alpha=[1.86, 0.71, 1.86], gamma=2.53, smooth=0.06
2026-03-09 18:36:41,459 - INFO - T47 E1/50 | L: 0.32170527/0.26637816 | F1 M: 0.39014345 D: 0.12880166 | [S/N/B]: [0.0000/0.9128/0.2576] | LR: 0.00003478
2026-03-09 18:37:19,049 - INFO - T47 E2/50 | L: 0.31263284/0.26293300 | F1 M: 0.39038257 D: 0.13084278 | [S/N/B]: [0.0000/0.9095/0.2617] | LR: 0.00003468
2026-03-09 18:37:58,317 - INFO - T47 E3/50 | L: 0.31030139/0.26137001 | F1 M: 0.39477857 D: 0.13449588 | [S/N/B]: [0.0000/0.9153/0.2690] | LR: 0.00003451
2026-03-09 18:38:37,841 - INFO - T47 E4/50 | L: 0.30877150/0.26151249 | F1 M: 0.39959009 D: 0.14007639 | [S/N/B]: [0.0065/0.9186/0.2736] | LR: 0.00003427
2026-03-09 18:38:38,466 - INFO - Trial 47 pruned by Optuna at epoch 4
2026-03-09 18:38:38,631 - INFO - Trial 47 pruned. 
2026-03-09 18:38:40,029 - INFO - SequenceDataset: 191030/228254 valid sequences (Lookback protection active).
2026-03-09 18:38:40,030 - INFO - SequenceDataset: 81905/97838 valid sequences (Lookback protection active).
2026-03-09 18:38:40,898 - INFO - Trial 48 START | tcn=256, lstm=128, layers=5, batch=512, seq=48, drop=0.4044, lr=0.000081, wd=0.0037 | alpha=[2.33, 0.21, 2.33], gamma=2.63, smooth=0.15
2026-03-09 18:38:52,754 - INFO - T48 E1/50 | L: 0.23657950/0.18763330 | F1 M: 0.06907469 D: 0.10361203 | [S/N/B]: [0.0327/0.0000/0.1746] | LR: 0.00008065
2026-03-09 18:39:05,791 - INFO - T48 E2/50 | L: 0.22218452/0.18642435 | F1 M: 0.07628079 D: 0.09243871 | [S/N/B]: [0.0251/0.0440/0.1597] | LR: 0.00008041
2026-03-09 18:39:18,684 - INFO - T48 E3/50 | L: 0.22092965/0.18600874 | F1 M: 0.10218367 D: 0.07060752 | [S/N/B]: [0.1191/0.1653/0.0221] | LR: 0.00008002
2026-03-09 18:39:18,872 - INFO - Trial 48 pruned by Optuna at epoch 3
2026-03-09 18:39:19,030 - INFO - Trial 48 pruned. 
2026-03-09 18:39:20,608 - INFO - SequenceDataset: 191030/228254 valid sequences (Lookback protection active).
2026-03-09 18:39:20,609 - INFO - SequenceDataset: 81905/97838 valid sequences (Lookback protection active).
2026-03-09 18:39:20,926 - INFO - Trial 49 START | tcn=128, lstm=64, layers=3, batch=128, seq=48, drop=0.4953, lr=0.000024, wd=0.0011 | alpha=[2.03, 0.80, 2.03], gamma=2.37, smooth=0.07
2026-03-09 18:39:52,603 - INFO - T49 E1/50 | L: 0.41692019/0.33576440 | F1 M: 0.39357997 D: 0.13119534 | [S/N/B]: [0.0000/0.9183/0.2624] | LR: 0.00002433
2026-03-09 18:40:23,719 - INFO - T49 E2/50 | L: 0.39789641/0.33285680 | F1 M: 0.39560461 D: 0.13164314 | [S/N/B]: [0.0000/0.9235/0.2633] | LR: 0.00002426
2026-03-09 18:40:55,871 - INFO - T49 E3/50 | L: 0.39513317/0.33229273 | F1 M: 0.39726445 D: 0.13553442 | [S/N/B]: [0.0037/0.9207/0.2674] | LR: 0.00002414
2026-03-09 18:41:29,121 - INFO - T49 E4/50 | L: 0.39346163/0.33103041 | F1 M: 0.39975313 D: 0.13727223 | [S/N/B]: [0.0097/0.9247/0.2649] | LR: 0.00002397
2026-03-09 18:41:29,660 - INFO - Trial 49 pruned by Optuna at epoch 4
2026-03-09 18:41:29,989 - INFO - Trial 49 pruned. 
2026-03-09 18:41:33,021 - INFO - SequenceDataset: 191030/228254 valid sequences (Lookback protection active).
2026-03-09 18:41:33,022 - INFO - SequenceDataset: 81905/97838 valid sequences (Lookback protection active).
2026-03-09 18:41:33,609 - INFO - Trial 50 START | tcn=64, lstm=32, layers=4, batch=128, seq=48, drop=0.5867, lr=0.000028, wd=0.0022 | alpha=[2.61, 0.55, 2.61], gamma=2.88, smooth=0.09
2026-03-09 18:42:08,182 - INFO - T50 E1/50 | L: 0.43386478/0.35023374 | F1 M: 0.38397415 D: 0.18397800 | [S/N/B]: [0.1194/0.7840/0.2485] | LR: 0.00002763
2026-03-09 18:42:43,223 - INFO - T50 E2/50 | L: 0.41094816/0.34119694 | F1 M: 0.39816245 D: 0.18791718 | [S/N/B]: [0.1808/0.8187/0.1951] | LR: 0.00002755
2026-03-09 18:43:17,866 - INFO - T50 E3/50 | L: 0.40640344/0.33849442 | F1 M: 0.39861734 D: 0.19380546 | [S/N/B]: [0.1536/0.8082/0.2340] | LR: 0.00002741
2026-03-09 18:43:52,495 - INFO - T50 E4/50 | L: 0.40449878/0.33762972 | F1 M: 0.38618520 D: 0.18706609 | [S/N/B]: [0.1454/0.7844/0.2287] | LR: 0.00002722
2026-03-09 18:43:52,683 - INFO - Trial 50 pruned by Optuna at epoch 4
2026-03-09 18:43:52,848 - INFO - Trial 50 pruned. 
2026-03-09 18:43:53,749 - INFO - SequenceDataset: 191030/228254 valid sequences (Lookback protection active).
2026-03-09 18:43:53,750 - INFO - SequenceDataset: 81905/97838 valid sequences (Lookback protection active).
2026-03-09 18:43:54,694 - INFO - Trial 51 START | tcn=128, lstm=128, layers=6, batch=128, seq=48, drop=0.3516, lr=0.000036, wd=0.0015 | alpha=[2.83, 0.76, 2.83], gamma=2.00, smooth=0.06
2026-03-09 18:44:34,382 - INFO - T51 E1/50 | L: 0.61082356/0.50784616 | F1 M: 0.38438541 D: 0.12594376 | [S/N/B]: [0.0000/0.9013/0.2519] | LR: 0.00003616
2026-03-09 18:45:15,015 - INFO - T51 E2/50 | L: 0.59456897/0.50132852 | F1 M: 0.38769308 D: 0.12968077 | [S/N/B]: [0.0000/0.9037/0.2594] | LR: 0.00003605
2026-03-09 18:45:54,499 - INFO - T51 E3/50 | L: 0.59042939/0.49816345 | F1 M: 0.39338633 D: 0.13332507 | [S/N/B]: [0.0000/0.9135/0.2667] | LR: 0.00003587
2026-03-09 18:46:35,469 - INFO - T51 E4/50 | L: 0.58747985/0.49786759 | F1 M: 0.39641688 D: 0.13442419 | [S/N/B]: [0.0000/0.9204/0.2688] | LR: 0.00003562
2026-03-09 18:46:36,717 - INFO - Trial 51 pruned by Optuna at epoch 4
2026-03-09 18:46:37,029 - INFO - Trial 51 pruned. 
2026-03-09 18:46:39,459 - INFO - SequenceDataset: 191030/228254 valid sequences (Lookback protection active).
2026-03-09 18:46:39,459 - INFO - SequenceDataset: 81905/97838 valid sequences (Lookback protection active).
2026-03-09 18:46:40,804 - INFO - Trial 52 START | tcn=128, lstm=128, layers=6, batch=128, seq=48, drop=0.3698, lr=0.000032, wd=0.0017 | alpha=[3.07, 0.67, 3.07], gamma=2.08, smooth=0.05
2026-03-09 18:47:19,391 - INFO - T52 E1/50 | L: 0.60604294/0.50005078 | F1 M: 0.37165361 D: 0.12070211 | [S/N/B]: [0.0000/0.8736/0.2414] | LR: 0.00003169
2026-03-09 18:47:59,568 - INFO - T52 E2/50 | L: 0.59066996/0.49662993 | F1 M: 0.36756339 D: 0.11906744 | [S/N/B]: [0.0000/0.8646/0.2381] | LR: 0.00003160
2026-03-09 18:48:39,925 - INFO - T52 E3/50 | L: 0.58752097/0.49307968 | F1 M: 0.42089204 D: 0.18832989 | [S/N/B]: [0.1382/0.8860/0.2385] | LR: 0.00003144
2026-03-09 18:49:20,152 - INFO - T52 E4/50 | L: 0.58496641/0.49228884 | F1 M: 0.42513134 D: 0.19919414 | [S/N/B]: [0.1833/0.8770/0.2151] | LR: 0.00003122
2026-03-09 18:49:57,968 - INFO - T52 E5/50 | L: 0.58323657/0.49108428 | F1 M: 0.38759440 D: 0.13145928 | [S/N/B]: [0.0000/0.8999/0.2629] | LR: 0.00003095
2026-03-09 18:50:37,046 - INFO - T52 E6/50 | L: 0.58085435/0.49120745 | F1 M: 0.39715148 D: 0.15091464 | [S/N/B]: [0.0447/0.8896/0.2571] | LR: 0.00003061
2026-03-09 18:51:16,607 - INFO - T52 E7/50 | L: 0.57859031/0.49041191 | F1 M: 0.42089395 D: 0.18856282 | [S/N/B]: [0.1322/0.8856/0.2449] | LR: 0.00003021
2026-03-09 18:51:56,523 - INFO - T52 E8/50 | L: 0.57717143/0.49042916 | F1 M: 0.42791058 D: 0.20040124 | [S/N/B]: [0.1726/0.8829/0.2282] | LR: 0.00002976
2026-03-09 18:52:36,353 - INFO - T52 E9/50 | L: 0.57627806/0.49143752 | F1 M: 0.42842650 D: 0.19826242 | [S/N/B]: [0.1525/0.8888/0.2440] | LR: 0.00002925
2026-03-09 18:53:15,047 - INFO - T52 E10/50 | L: 0.57455743/0.49098507 | F1 M: 0.43490365 D: 0.20760399 | [S/N/B]: [0.2006/0.8895/0.2147] | LR: 0.00002869
2026-03-09 18:53:15,237 - INFO - Trial 52 stopped early due to patience (3 epochs without improvement)
2026-03-09 18:53:15,437 - INFO - Trial 52 finished with value: 0.4349036453250837 and parameters: {'tcn_channels': 128, 'lstm_hidden': 128, 'num_lstm_layers': 6, 'batch_size': 128, 'dropout': 0.3698065766298348, 'seq_len': 48, 'lr': 3.1722827661741876e-05, 'weight_decay': 0.0016773114678620498, 'base_alpha_side': 3.066141946107129, 'base_alpha_neutral': 0.6718982060494025, 'base_loss_gamma': 2.078113206909617, 'base_loss_smoothing': 0.04549191317381213}. Best is trial 45 with value: 0.4436964344240924.
2026-03-09 18:53:16,984 - INFO - SequenceDataset: 152966/228206 valid sequences (Lookback protection active).
2026-03-09 18:53:16,984 - INFO - SequenceDataset: 65585/97790 valid sequences (Lookback protection active).
2026-03-09 18:53:17,999 - INFO - Trial 53 START | tcn=128, lstm=128, layers=6, batch=128, seq=96, drop=0.3291, lr=0.000065, wd=0.0013 | alpha=[1.75, 0.72, 1.75], gamma=2.14, smooth=0.03
2026-03-09 18:53:50,025 - INFO - T53 E1/50 | L: 0.35198402/0.29105390 | F1 M: 0.38854634 D: 0.13365271 | [S/N/B]: [0.0009/0.8983/0.2664] | LR: 0.00006447
2026-03-09 18:54:22,947 - INFO - T53 E2/50 | L: 0.34215230/0.28642689 | F1 M: 0.39383990 D: 0.13756538 | [S/N/B]: [0.0000/0.9064/0.2751] | LR: 0.00006428
2026-03-09 18:54:55,988 - INFO - T53 E3/50 | L: 0.33927437/0.28671836 | F1 M: 0.39294199 D: 0.13812677 | [S/N/B]: [0.0000/0.9026/0.2763] | LR: 0.00006396
2026-03-09 18:55:29,329 - INFO - T53 E4/50 | L: 0.33689781/0.28608963 | F1 M: 0.44484114 D: 0.21637393 | [S/N/B]: [0.1878/0.9018/0.2449] | LR: 0.00006352
2026-03-09 18:55:29,800 - INFO - 🥇 [MACRO]  Trial 53 | Global F1 Macro record: 0.44484114 (prev: 0.44369643) → saved best_tcn_lstm.pt
2026-03-09 18:56:01,326 - INFO - T53 E5/50 | L: 0.33522618/0.28400186 | F1 M: 0.43208315 D: 0.19122509 | [S/N/B]: [0.1277/0.9138/0.2547] | LR: 0.00006296
2026-03-09 18:56:34,470 - INFO - T53 E6/50 | L: 0.33339138/0.28490289 | F1 M: 0.43979820 D: 0.20040862 | [S/N/B]: [0.2066/0.9186/0.1943] | LR: 0.00006227
2026-03-09 18:57:07,738 - INFO - T53 E7/50 | L: 0.33140185/0.28838773 | F1 M: 0.43249459 D: 0.19022293 | [S/N/B]: [0.2312/0.9170/0.1492] | LR: 0.00006146
2026-03-09 18:57:40,693 - INFO - T53 E8/50 | L: 0.32945180/0.28761866 | F1 M: 0.44022123 D: 0.21080725 | [S/N/B]: [0.2048/0.8990/0.2168] | LR: 0.00006054
2026-03-09 18:57:40,854 - INFO - Trial 53 stopped early due to patience (3 epochs without improvement)
