2026-03-09 20:53:01,147 - INFO - Trial 91 finished with value: 0.4376349257163803 and parameters: {'tcn_channels': 256, 'lstm_hidden': 128, 'num_lstm_layers': 3, 'batch_size': 256, 'dropout': 0.3834418558640165, 'seq_len': 120, 'lr': 4.6887153949849844e-05, 'weight_decay': 0.0015611235177720696, 'base_alpha_side': 2.210475795181644, 'base_alpha_neutral': 0.7870599751503542, 'base_loss_gamma': 1.5340002847991188, 'base_loss_smoothing': 0.013679173643867793}. Best is trial 87 with value: 0.4467694189369511.
2026-03-09 20:53:03,005 - INFO - SequenceDataset: 133934/228182 valid sequences (Lookback protection active).
2026-03-09 20:53:03,005 - INFO - SequenceDataset: 57425/97766 valid sequences (Lookback protection active).
2026-03-09 20:53:03,982 - INFO - Trial 92 START | tcn=256, lstm=128, layers=3, batch=256, seq=120, drop=0.3537, lr=0.000051, wd=0.0018 | alpha=[1.91, 0.76, 1.91], gamma=1.60, smooth=0.02
2026-03-09 20:53:22,570 - INFO - T92 E1/50 | L: 0.48497683/0.38938161 | F1 M: 0.39723381 D: 0.13872006 | [S/N/B]: [0.2744/0.9143/0.0030] | LR: 0.00005098
2026-03-09 20:53:41,601 - INFO - T92 E2/50 | L: 0.46312373/0.38834256 | F1 M: 0.41115063 D: 0.15907714 | [S/N/B]: [0.0562/0.9153/0.2620] | LR: 0.00005083
2026-03-09 20:54:00,952 - INFO - T92 E3/50 | L: 0.45941237/0.38913201 | F1 M: 0.43183454 D: 0.18956988 | [S/N/B]: [0.1446/0.9164/0.2346] | LR: 0.00005058
2026-03-09 20:54:20,107 - INFO - T92 E4/50 | L: 0.45624816/0.38860959 | F1 M: 0.43805663 D: 0.20184608 | [S/N/B]: [0.1653/0.9105/0.2384] | LR: 0.00005023
2026-03-09 20:54:38,636 - INFO - T92 E5/50 | L: 0.45264819/0.39180793 | F1 M: 0.43944057 D: 0.20441245 | [S/N/B]: [0.1723/0.9095/0.2365] | LR: 0.00004978
2026-03-09 20:54:39,269 - INFO - Trial 92 stopped early due to patience (3 epochs without improvement)
2026-03-09 20:54:39,512 - INFO - Trial 92 finished with value: 0.4394405661382754 and parameters: {'tcn_channels': 256, 'lstm_hidden': 128, 'num_lstm_layers': 3, 'batch_size': 256, 'dropout': 0.3537217424807852, 'seq_len': 120, 'lr': 5.1028392502164546e-05, 'weight_decay': 0.0017928341295338995, 'base_alpha_side': 1.9106688433310663, 'base_alpha_neutral': 0.7580683895675574, 'base_loss_gamma': 1.604233847254702, 'base_loss_smoothing': 0.0197995912345343}. Best is trial 87 with value: 0.4467694189369511.
2026-03-09 20:54:41,290 - INFO - SequenceDataset: 133934/228182 valid sequences (Lookback protection active).
2026-03-09 20:54:41,291 - INFO - SequenceDataset: 57425/97766 valid sequences (Lookback protection active).
2026-03-09 20:54:41,622 - INFO - Trial 93 START | tcn=256, lstm=128, layers=3, batch=256, seq=120, drop=0.3916, lr=0.000032, wd=0.0012 | alpha=[2.15, 0.80, 2.15], gamma=1.39, smooth=0.03
2026-03-09 20:54:59,566 - INFO - T93 E1/50 | L: 0.60571834/0.48551945 | F1 M: 0.39187738 D: 0.13146907 | [S/N/B]: [0.0000/0.9127/0.2629] | LR: 0.00003228
2026-03-09 20:55:18,899 - INFO - T93 E2/50 | L: 0.57525876/0.48217894 | F1 M: 0.39379304 D: 0.13417453 | [S/N/B]: [0.0000/0.9130/0.2683] | LR: 0.00003218
2026-03-09 20:55:37,124 - INFO - T93 E3/50 | L: 0.57076753/0.48225018 | F1 M: 0.39336775 D: 0.13219157 | [S/N/B]: [0.0000/0.9157/0.2644] | LR: 0.00003202
2026-03-09 20:55:37,320 - INFO - Trial 93 pruned by Optuna at epoch 3
2026-03-09 20:55:37,518 - INFO - Trial 93 pruned. 
2026-03-09 20:55:39,090 - INFO - SequenceDataset: 133934/228182 valid sequences (Lookback protection active).
2026-03-09 20:55:39,091 - INFO - SequenceDataset: 57425/97766 valid sequences (Lookback protection active).
2026-03-09 20:55:39,995 - INFO - Trial 94 START | tcn=256, lstm=128, layers=4, batch=256, seq=120, drop=0.4015, lr=0.000066, wd=0.0015 | alpha=[2.53, 0.77, 2.53], gamma=1.50, smooth=0.02
2026-03-09 20:55:59,289 - INFO - T94 E1/50 | L: 0.65667951/0.53760109 | F1 M: 0.43255232 D: 0.19599695 | [S/N/B]: [0.1460/0.9057/0.2460] | LR: 0.00006628
2026-03-09 20:56:19,937 - INFO - T94 E2/50 | L: 0.63703914/0.53424831 | F1 M: 0.43737768 D: 0.20179564 | [S/N/B]: [0.1599/0.9085/0.2437] | LR: 0.00006608
2026-03-09 20:56:39,633 - INFO - T94 E3/50 | L: 0.63261579/0.53445071 | F1 M: 0.44080598 D: 0.21000575 | [S/N/B]: [0.2123/0.9024/0.2077] | LR: 0.00006575
2026-03-09 20:56:59,768 - INFO - T94 E4/50 | L: 0.62807489/0.53636118 | F1 M: 0.43819585 D: 0.20163671 | [S/N/B]: [0.2011/0.9113/0.2022] | LR: 0.00006530
2026-03-09 20:57:19,698 - INFO - T94 E5/50 | L: 0.62339739/0.53658523 | F1 M: 0.44239278 D: 0.21188633 | [S/N/B]: [0.2056/0.9034/0.2182] | LR: 0.00006472
2026-03-09 20:57:19,868 - INFO - Trial 94 stopped early due to patience (3 epochs without improvement)
2026-03-09 20:57:20,079 - INFO - Trial 94 finished with value: 0.4423927811396862 and parameters: {'tcn_channels': 256, 'lstm_hidden': 128, 'num_lstm_layers': 4, 'batch_size': 256, 'dropout': 0.4015267431821694, 'seq_len': 120, 'lr': 6.634216350070494e-05, 'weight_decay': 0.0015429028889398567, 'base_alpha_side': 2.5260077393878912, 'base_alpha_neutral': 0.7670691699910145, 'base_loss_gamma': 1.4980946606890413, 'base_loss_smoothing': 0.024138219998913996}. Best is trial 87 with value: 0.4467694189369511.
2026-03-09 20:57:21,962 - INFO - SequenceDataset: 133934/228182 valid sequences (Lookback protection active).
2026-03-09 20:57:21,963 - INFO - SequenceDataset: 57425/97766 valid sequences (Lookback protection active).
2026-03-09 20:57:23,020 - INFO - Trial 95 START | tcn=256, lstm=128, layers=4, batch=256, seq=120, drop=0.4025, lr=0.000066, wd=0.0028 | alpha=[2.52, 0.74, 2.52], gamma=1.29, smooth=0.02
2026-03-09 20:57:42,828 - INFO - T95 E1/50 | L: 0.67586333/0.55220562 | F1 M: 0.39437948 D: 0.13641325 | [S/N/B]: [0.0005/0.9103/0.2723] | LR: 0.00006639
2026-03-09 20:58:03,425 - INFO - T95 E2/50 | L: 0.65191730/0.54815460 | F1 M: 0.40553624 D: 0.15712622 | [S/N/B]: [0.0353/0.9024/0.2789] | LR: 0.00006619
2026-03-09 20:58:24,244 - INFO - T95 E3/50 | L: 0.64658161/0.54683458 | F1 M: 0.42548033 D: 0.18448761 | [S/N/B]: [0.0961/0.9075/0.2728] | LR: 0.00006586
2026-03-09 20:58:44,680 - INFO - T95 E4/50 | L: 0.64237289/0.55051812 | F1 M: 0.42376940 D: 0.18351633 | [S/N/B]: [0.0925/0.9043/0.2746] | LR: 0.00006541
2026-03-09 20:58:44,792 - INFO - Trial 95 pruned by Optuna at epoch 4
2026-03-09 20:58:44,893 - INFO - Trial 95 pruned. 
2026-03-09 20:58:45,854 - INFO - SequenceDataset: 133934/228182 valid sequences (Lookback protection active).
2026-03-09 20:58:45,855 - INFO - SequenceDataset: 57425/97766 valid sequences (Lookback protection active).
2026-03-09 20:58:46,115 - INFO - Trial 96 START | tcn=256, lstm=128, layers=4, batch=128, seq=120, drop=0.4361, lr=0.000062, wd=0.0015 | alpha=[1.76, 0.70, 1.76], gamma=1.51, smooth=0.05
2026-03-09 20:59:10,943 - INFO - T96 E1/50 | L: 0.44427429/0.36662138 | F1 M: 0.39112410 D: 0.12746079 | [S/N/B]: [0.0000/0.9185/0.2549] | LR: 0.00006223
2026-03-09 20:59:36,103 - INFO - T96 E2/50 | L: 0.43120700/0.36517820 | F1 M: 0.39525718 D: 0.13909324 | [S/N/B]: [0.0000/0.9076/0.2782] | LR: 0.00006205
2026-03-09 21:00:01,513 - INFO - T96 E3/50 | L: 0.42778125/0.36355311 | F1 M: 0.41738715 D: 0.16930644 | [S/N/B]: [0.0779/0.9135/0.2607] | LR: 0.00006174
2026-03-09 21:00:02,502 - INFO - Trial 96 pruned by Optuna at epoch 3
2026-03-09 21:00:02,787 - INFO - Trial 96 pruned. 
2026-03-09 21:00:05,340 - INFO - SequenceDataset: 133934/228182 valid sequences (Lookback protection active).
2026-03-09 21:00:05,341 - INFO - SequenceDataset: 57425/97766 valid sequences (Lookback protection active).
2026-03-09 21:00:06,452 - INFO - Trial 97 START | tcn=64, lstm=64, layers=4, batch=128, seq=120, drop=0.4085, lr=0.000056, wd=0.0010 | alpha=[2.32, 0.72, 2.32], gamma=1.67, smooth=0.02
2026-03-09 21:00:30,698 - INFO - T97 E1/50 | L: 0.57116979/0.45964339 | F1 M: 0.39080275 D: 0.13456770 | [S/N/B]: [0.0000/0.9033/0.2691] | LR: 0.00005642
2026-03-09 21:00:56,106 - INFO - T97 E2/50 | L: 0.54932944/0.45603299 | F1 M: 0.39352273 D: 0.13725490 | [S/N/B]: [0.0000/0.9061/0.2745] | LR: 0.00005625
2026-03-09 21:01:21,053 - INFO - T97 E3/50 | L: 0.54647728/0.45420845 | F1 M: 0.39371504 D: 0.13870445 | [S/N/B]: [0.0000/0.9037/0.2774] | LR: 0.00005597
2026-03-09 21:01:21,970 - INFO - Trial 97 pruned by Optuna at epoch 3
2026-03-09 21:01:22,301 - INFO - Trial 97 pruned. 
2026-03-09 21:01:24,757 - INFO - SequenceDataset: 133934/228182 valid sequences (Lookback protection active).
2026-03-09 21:01:24,758 - INFO - SequenceDataset: 57425/97766 valid sequences (Lookback protection active).
2026-03-09 21:01:25,790 - INFO - Trial 98 START | tcn=256, lstm=128, layers=4, batch=512, seq=120, drop=0.4175, lr=0.000069, wd=0.0021 | alpha=[2.78, 0.77, 2.78], gamma=2.45, smooth=0.01
2026-03-09 21:01:45,655 - INFO - T98 E1/50 | L: 0.60994164/0.49245249 | F1 M: 0.40472178 D: 0.17034311 | [S/N/B]: [0.0665/0.8735/0.2742] | LR: 0.00006938
2026-03-09 21:02:07,147 - INFO - T98 E2/50 | L: 0.58764055/0.49156894 | F1 M: 0.42229620 D: 0.20538247 | [S/N/B]: [0.1460/0.8561/0.2648] | LR: 0.00006918
2026-03-09 21:02:28,285 - INFO - T98 E3/50 | L: 0.58307103/0.48984396 | F1 M: 0.42672663 D: 0.20925377 | [S/N/B]: [0.1440/0.8617/0.2745] | LR: 0.00006883
2026-03-09 21:02:49,710 - INFO - T98 E4/50 | L: 0.57989744/0.48940200 | F1 M: 0.43699593 D: 0.21456577 | [S/N/B]: [0.1661/0.8819/0.2630] | LR: 0.00006836
2026-03-09 21:03:10,849 - INFO - T98 E5/50 | L: 0.57696136/0.49008210 | F1 M: 0.43629845 D: 0.21543467 | [S/N/B]: [0.1727/0.8780/0.2582] | LR: 0.00006775
2026-03-09 21:03:31,972 - INFO - T98 E6/50 | L: 0.57370120/0.49242627 | F1 M: 0.42971800 D: 0.21497207 | [S/N/B]: [0.1876/0.8592/0.2423] | LR: 0.00006701
2026-03-09 21:03:52,565 - INFO - T98 E7/50 | L: 0.57071034/0.49859392 | F1 M: 0.43633428 D: 0.21493959 | [S/N/B]: [0.1887/0.8791/0.2412] | LR: 0.00006614
2026-03-09 21:03:52,707 - INFO - Trial 98 stopped early due to patience (3 epochs without improvement)
2026-03-09 21:03:53,511 - INFO - Trial 98 finished with value: 0.4369959258190279 and parameters: {'tcn_channels': 256, 'lstm_hidden': 128, 'num_lstm_layers': 4, 'batch_size': 512, 'dropout': 0.41749216515308, 'seq_len': 120, 'lr': 6.944922689119221e-05, 'weight_decay': 0.0020735637156186954, 'base_alpha_side': 2.7845592433544186, 'base_alpha_neutral': 0.7692720898102791, 'base_loss_gamma': 2.4535725286854384, 'base_loss_smoothing': 0.01005440372680746}. Best is trial 87 with value: 0.4467694189369511.
2026-03-09 21:03:55,272 - INFO - SequenceDataset: 133934/228182 valid sequences (Lookback protection active).
2026-03-09 21:03:55,272 - INFO - SequenceDataset: 57425/97766 valid sequences (Lookback protection active).
2026-03-09 21:03:56,332 - INFO - Trial 99 START | tcn=512, lstm=32, layers=4, batch=128, seq=120, drop=0.3675, lr=0.000026, wd=0.0009 | alpha=[2.45, 0.56, 2.45], gamma=2.99, smooth=0.03
2026-03-09 21:04:29,713 - INFO - T99 E1/50 | L: 0.41841552/0.33837821 | F1 M: 0.36538343 D: 0.18866732 | [S/N/B]: [0.2475/0.7188/0.1298] | LR: 0.00002559
2026-03-09 21:05:03,236 - INFO - T99 E2/50 | L: 0.39741871/0.32886942 | F1 M: 0.35933670 D: 0.19415428 | [S/N/B]: [0.2622/0.6897/0.1261] | LR: 0.00002551
2026-03-09 21:05:38,067 - INFO - T99 E3/50 | L: 0.39125739/0.32606611 | F1 M: 0.38430713 D: 0.20481852 | [S/N/B]: [0.2665/0.7433/0.1432] | LR: 0.00002539
2026-03-09 21:05:38,338 - INFO - Trial 99 pruned by Optuna at epoch 3
2026-03-09 21:05:38,502 - INFO - Trial 99 pruned. 
2026-03-09 21:05:38,624 - INFO - ============================================================
2026-03-09 21:05:38,624 - INFO - --- OTIMIZACAO FINALIZADA ---
2026-03-09 21:05:38,625 - INFO - Motivo da Parada: MAXIMO DE TRIALS (100) ALCANCADOS
2026-03-09 21:05:38,625 - INFO - Tempo de Execucao da Sessao: 5.44 Horas
2026-03-09 21:05:38,625 - INFO - Trials Executados nesta Sessao: 100
2026-03-09 21:05:38,626 - INFO - ============================================================
2026-03-09 21:05:38,654 - INFO - 🥇 [MACRO] Best trial: 87 | F1 Macro: 0.44676942
2026-03-09 21:05:38,667 - INFO - 🥇 [MACRO] Best params: {'tcn_channels': 256, 'lstm_hidden': 128, 'num_lstm_layers': 3, 'batch_size': 128, 'dropout': '0.36892100', 'seq_len': 120, 'lr': '0.00006184', 'weight_decay': '0.00157674', 'base_alpha_side': '2.48348436', 'base_alpha_neutral': '0.73587245', 'base_loss_gamma': '1.53814874', 'base_loss_smoothing': '0.02784732'}
2026-03-09 21:05:38,722 - INFO - 🥇 [MACRO] Best params saved: src/cloud/base_model/otimizacao/best_params.json
2026-03-09 21:05:38,768 - INFO - 🏆 [DIR]   Best trial: 27 | F1 Dir: 0.22370131
2026-03-09 21:05:38,769 - INFO - 🏆 [DIR]   Best params: {'tcn_channels': 512, 'lstm_hidden': 128, 'num_lstm_layers': 6, 'batch_size': 512, 'dropout': '0.32625939', 'seq_len': 120, 'lr': '0.00006782', 'weight_decay': '0.00697454', 'base_alpha_side': '3.17095546', 'base_alpha_neutral': '0.56958490', 'base_loss_gamma': '1.19218750', 'base_loss_smoothing': '0.04826486'}
2026-03-09 21:05:38,852 - INFO - 🏆 [DIR]   Best params saved: src/cloud/base_model/otimizacao/best_dir_params.json
2026-03-09 21:05:38,852 - INFO - ============================================================
2026-03-09 21:05:38,852 - INFO - ✅ Optuna Foundation Training completed. Orchestration is now handled by run_manager.py
2026-03-09 21:05:38,853 - INFO - ============================================================
