2026-03-09 16:15:21,645 - INFO - Trial 6 pruned. 
2026-03-09 16:15:23,961 - INFO - SequenceDataset: 133934/228182 valid sequences (Lookback protection active).
2026-03-09 16:15:23,962 - INFO - SequenceDataset: 57425/97766 valid sequences (Lookback protection active).
2026-03-09 16:15:24,991 - INFO - Trial 7 START | tcn=128, lstm=128, layers=5, batch=128, seq=120, drop=0.3180, lr=0.000018, wd=0.0007 | alpha=[1.86, 0.59, 1.86], gamma=1.72, smooth=0.04
2026-03-09 16:15:51,683 - INFO - T7 E1/50 | L: 0.41322193/0.33632647 | F1 M: 0.37438596 D: 0.12813924 | [S/N/B]: [0.0000/0.8669/0.2563] | LR: 0.00001792
2026-03-09 16:16:19,422 - INFO - T7 E2/50 | L: 0.39583073/0.33135374 | F1 M: 0.38367370 D: 0.13450452 | [S/N/B]: [0.0010/0.8820/0.2680] | LR: 0.00001787
2026-03-09 16:16:45,740 - INFO - T7 E3/50 | L: 0.39312677/0.33089592 | F1 M: 0.38255227 D: 0.13394380 | [S/N/B]: [0.0000/0.8798/0.2679] | LR: 0.00001778
2026-03-09 16:17:11,940 - INFO - T7 E4/50 | L: 0.39142033/0.32958940 | F1 M: 0.39143318 D: 0.14164982 | [S/N/B]: [0.0092/0.8910/0.2741] | LR: 0.00001766
2026-03-09 16:17:38,572 - INFO - T7 E5/50 | L: 0.39039916/0.32921100 | F1 M: 0.41179801 D: 0.17409630 | [S/N/B]: [0.0707/0.8872/0.2775] | LR: 0.00001750
2026-03-09 16:18:05,966 - INFO - T7 E6/50 | L: 0.38900371/0.32892604 | F1 M: 0.42791796 D: 0.19867921 | [S/N/B]: [0.1213/0.8864/0.2761] | LR: 0.00001731
2026-03-09 16:18:06,014 - INFO - 🥇 [MACRO]  Trial 7 | Global F1 Macro record: 0.42791796 (prev: 0.42176119) → saved best_tcn_lstm.pt
2026-03-09 16:18:33,092 - INFO - T7 E7/50 | L: 0.38831810/0.33010100 | F1 M: 0.40141360 D: 0.15631354 | [S/N/B]: [0.0343/0.8916/0.2783] | LR: 0.00001709
2026-03-09 16:19:00,191 - INFO - T7 E8/50 | L: 0.38735329/0.32933858 | F1 M: 0.43840894 D: 0.21319673 | [S/N/B]: [0.1628/0.8888/0.2636] | LR: 0.00001683
2026-03-09 16:19:00,263 - INFO - 🥇 [MACRO]  Trial 7 | Global F1 Macro record: 0.43840894 (prev: 0.42791796) → saved best_tcn_lstm.pt
2026-03-09 16:19:00,443 - INFO - 🏆 [DIR]    Trial 7 | Global F1 Dir record: 0.21319673 (prev: 0.20259358) → saved best_tcn_lstm_dir.pt
2026-03-09 16:19:28,366 - INFO - T7 E9/50 | L: 0.38600009/0.32924203 | F1 M: 0.43887271 D: 0.21942794 | [S/N/B]: [0.1773/0.8778/0.2615] | LR: 0.00001654
2026-03-09 16:19:28,678 - INFO - 🥇 [MACRO]  Trial 7 | Global F1 Macro record: 0.43887271 (prev: 0.43840894) → saved best_tcn_lstm.pt
2026-03-09 16:19:29,095 - INFO - 🏆 [DIR]    Trial 7 | Global F1 Dir record: 0.21942794 (prev: 0.21319673) → saved best_tcn_lstm_dir.pt
2026-03-09 16:19:29,342 - INFO - Trial 7 stopped early due to patience (3 epochs without improvement)
2026-03-09 16:19:29,649 - INFO - Trial 7 finished with value: 0.4388727109311032 and parameters: {'tcn_channels': 128, 'lstm_hidden': 128, 'num_lstm_layers': 5, 'batch_size': 128, 'dropout': 0.31800745803696795, 'seq_len': 120, 'lr': 1.79405845106944e-05, 'weight_decay': 0.000674043428404708, 'base_alpha_side': 1.8614847475892948, 'base_alpha_neutral': 0.5944299762545316, 'base_loss_gamma': 1.723667506763908, 'base_loss_smoothing': 0.03595946431484454}. Best is trial 7 with value: 0.4388727109311032.
2026-03-09 16:19:32,371 - INFO - SequenceDataset: 191030/228254 valid sequences (Lookback protection active).
2026-03-09 16:19:32,372 - INFO - SequenceDataset: 81905/97838 valid sequences (Lookback protection active).
2026-03-09 16:19:32,799 - INFO - Trial 8 START | tcn=256, lstm=128, layers=8, batch=512, seq=48, drop=0.4217, lr=0.000015, wd=0.0015 | alpha=[5.23, 0.23, 5.23], gamma=2.95, smooth=0.12
2026-03-09 16:19:47,408 - INFO - T8 E1/50 | L: 0.79410382/0.58452122 | F1 M: 0.03717538 D: 0.05576307 | [S/N/B]: [0.1115/0.0000/0.0000] | LR: 0.00001544
2026-03-09 16:20:03,496 - INFO - T8 E2/50 | L: 0.69036314/0.56906113 | F1 M: 0.03643429 D: 0.05465143 | [S/N/B]: [0.0000/0.0000/0.1093] | LR: 0.00001540
2026-03-09 16:20:18,683 - INFO - T8 E3/50 | L: 0.68233842/0.56363055 | F1 M: 0.03643429 D: 0.05465143 | [S/N/B]: [0.0000/0.0000/0.1093] | LR: 0.00001532
2026-03-09 16:20:18,897 - INFO - Trial 8 pruned by Optuna at epoch 3
2026-03-09 16:20:19,112 - INFO - Trial 8 pruned. 
2026-03-09 16:20:21,194 - INFO - SequenceDataset: 191030/228254 valid sequences (Lookback protection active).
2026-03-09 16:20:21,195 - INFO - SequenceDataset: 81905/97838 valid sequences (Lookback protection active).
2026-03-09 16:20:21,565 - INFO - Trial 9 START | tcn=64, lstm=32, layers=3, batch=512, seq=48, drop=0.3957, lr=0.000084, wd=0.0002 | alpha=[2.18, 0.32, 2.18], gamma=2.06, smooth=0.08
2026-03-09 16:20:31,215 - INFO - T9 E1/50 | L: 0.33085522/0.24671573 | F1 M: 0.27971495 D: 0.13522453 | [S/N/B]: [0.0667/0.5687/0.2037] | LR: 0.00008387
2026-03-09 16:20:41,150 - INFO - T9 E2/50 | L: 0.29498412/0.24109718 | F1 M: 0.33884624 D: 0.18704373 | [S/N/B]: [0.1120/0.6425/0.2621] | LR: 0.00008362
2026-03-09 16:20:50,846 - INFO - T9 E3/50 | L: 0.29079030/0.23925586 | F1 M: 0.32271062 D: 0.16666507 | [S/N/B]: [0.0901/0.6348/0.2432] | LR: 0.00008321
2026-03-09 16:21:00,352 - INFO - T9 E4/50 | L: 0.28757743/0.23846213 | F1 M: 0.29714407 D: 0.13765283 | [S/N/B]: [0.0656/0.6161/0.2097] | LR: 0.00008263
2026-03-09 16:21:00,595 - INFO - Trial 9 pruned by Optuna at epoch 4
2026-03-09 16:21:00,777 - INFO - Trial 9 pruned. 
2026-03-09 16:21:02,601 - INFO - SequenceDataset: 152966/228206 valid sequences (Lookback protection active).
2026-03-09 16:21:02,602 - INFO - SequenceDataset: 65585/97790 valid sequences (Lookback protection active).
2026-03-09 16:21:02,942 - INFO - Trial 10 START | tcn=128, lstm=128, layers=6, batch=128, seq=96, drop=0.4922, lr=0.000026, wd=0.0043 | alpha=[4.09, 0.37, 4.09], gamma=1.08, smooth=0.14
2026-03-09 16:21:35,867 - INFO - T10 E1/50 | L: 0.97231198/0.84819806 | F1 M: 0.23930133 D: 0.13902636 | [S/N/B]: [0.0707/0.4399/0.2073] | LR: 0.00002621
2026-03-09 16:22:09,365 - INFO - T10 E2/50 | L: 0.95625474/0.84858630 | F1 M: 0.23112536 D: 0.08081164 | [S/N/B]: [0.0000/0.5318/0.1616] | LR: 0.00002613
2026-03-09 16:22:42,105 - INFO - T10 E3/50 | L: 0.95486825/0.84630427 | F1 M: 0.22475506 D: 0.07998458 | [S/N/B]: [0.0000/0.5143/0.1600] | LR: 0.00002600
2026-03-09 16:22:42,513 - INFO - Trial 10 pruned by Optuna at epoch 3
2026-03-09 16:22:42,799 - INFO - Trial 10 pruned. 
2026-03-09 16:22:44,157 - INFO - SequenceDataset: 210062/228278 valid sequences (Lookback protection active).
2026-03-09 16:22:44,158 - INFO - SequenceDataset: 90065/97862 valid sequences (Lookback protection active).
2026-03-09 16:22:45,090 - INFO - Trial 11 START | tcn=128, lstm=32, layers=5, batch=256, seq=24, drop=0.3497, lr=0.000010, wd=0.0006 | alpha=[2.76, 0.70, 2.76], gamma=2.48, smooth=0.01
2026-03-09 16:23:06,336 - INFO - T11 E1/50 | L: 0.55433872/0.47931477 | F1 M: 0.03559479 D: 0.05339219 | [S/N/B]: [0.0000/0.0000/0.1068] | LR: 0.00001024
2026-03-09 16:23:29,093 - INFO - T11 E2/50 | L: 0.52650528/0.43633357 | F1 M: 0.36033025 D: 0.10958397 | [S/N/B]: [0.0000/0.8618/0.2192] | LR: 0.00001021
2026-03-09 16:23:51,792 - INFO - T11 E3/50 | L: 0.50370806/0.41892025 | F1 M: 0.35583683 D: 0.10770669 | [S/N/B]: [0.0000/0.8521/0.2154] | LR: 0.00001016
2026-03-09 16:24:12,943 - INFO - T11 E4/50 | L: 0.49502958/0.41151042 | F1 M: 0.35598914 D: 0.10868009 | [S/N/B]: [0.0000/0.8506/0.2174] | LR: 0.00001009
2026-03-09 16:24:34,733 - INFO - T11 E5/50 | L: 0.48992648/0.40640100 | F1 M: 0.36261157 D: 0.11213580 | [S/N/B]: [0.0000/0.8636/0.2243] | LR: 0.00001000
2026-03-09 16:24:56,813 - INFO - T11 E6/50 | L: 0.48671369/0.40324350 | F1 M: 0.36187882 D: 0.11254805 | [S/N/B]: [0.0000/0.8605/0.2251] | LR: 0.00000989
2026-03-09 16:25:18,145 - INFO - T11 E7/50 | L: 0.48348517/0.40052438 | F1 M: 0.36837836 D: 0.11624389 | [S/N/B]: [0.0000/0.8726/0.2325] | LR: 0.00000977
2026-03-09 16:25:40,020 - INFO - T11 E8/50 | L: 0.48078985/0.39921417 | F1 M: 0.36305119 D: 0.11363636 | [S/N/B]: [0.0000/0.8619/0.2273] | LR: 0.00000962
2026-03-09 16:25:40,911 - INFO - Trial 11 pruned by Optuna at epoch 8
2026-03-09 16:25:41,245 - INFO - Trial 11 pruned. 
2026-03-09 16:25:44,195 - INFO - SequenceDataset: 210062/228278 valid sequences (Lookback protection active).
2026-03-09 16:25:44,195 - INFO - SequenceDataset: 90065/97862 valid sequences (Lookback protection active).
2026-03-09 16:25:44,732 - INFO - Trial 12 START | tcn=256, lstm=128, layers=4, batch=256, seq=24, drop=0.4613, lr=0.000023, wd=0.0005 | alpha=[1.64, 0.46, 1.64], gamma=1.58, smooth=0.05
2026-03-09 16:26:04,632 - INFO - T12 E1/50 | L: 0.28030723/0.23072816 | F1 M: 0.37594351 D: 0.12148942 | [S/N/B]: [0.0000/0.8849/0.2430] | LR: 0.00002342
2026-03-09 16:26:24,946 - INFO - T12 E2/50 | L: 0.26916903/0.22955881 | F1 M: 0.38417920 D: 0.12751804 | [S/N/B]: [0.0000/0.8975/0.2550] | LR: 0.00002335
2026-03-09 16:26:45,461 - INFO - T12 E3/50 | L: 0.26736989/0.22909586 | F1 M: 0.38127137 D: 0.12591450 | [S/N/B]: [0.0000/0.8920/0.2518] | LR: 0.00002324
2026-03-09 16:27:05,731 - INFO - T12 E4/50 | L: 0.26616770/0.22851782 | F1 M: 0.38473247 D: 0.12815038 | [S/N/B]: [0.0000/0.8979/0.2563] | LR: 0.00002307
2026-03-09 16:27:26,295 - INFO - T12 E5/50 | L: 0.26507720/0.22877900 | F1 M: 0.38177371 D: 0.12640536 | [S/N/B]: [0.0000/0.8925/0.2528] | LR: 0.00002287
2026-03-09 16:27:45,573 - INFO - T12 E6/50 | L: 0.26435520/0.22870587 | F1 M: 0.38438913 D: 0.12804655 | [S/N/B]: [0.0000/0.8971/0.2561] | LR: 0.00002262
2026-03-09 16:28:05,607 - INFO - T12 E7/50 | L: 0.26350213/0.22834765 | F1 M: 0.40953387 D: 0.16882788 | [S/N/B]: [0.0858/0.8909/0.2518] | LR: 0.00002233
2026-03-09 16:28:25,807 - INFO - T12 E8/50 | L: 0.26248107/0.22963024 | F1 M: 0.41830664 D: 0.18381318 | [S/N/B]: [0.1216/0.8873/0.2460] | LR: 0.00002199
2026-03-09 16:28:45,634 - INFO - T12 E9/50 | L: 0.26181837/0.22995593 | F1 M: 0.42518537 D: 0.18841728 | [S/N/B]: [0.1281/0.8987/0.2488] | LR: 0.00002162
2026-03-09 16:29:05,730 - INFO - T12 E10/50 | L: 0.26143117/0.23050439 | F1 M: 0.41925194 D: 0.18331968 | [S/N/B]: [0.1159/0.8911/0.2507] | LR: 0.00002120
2026-03-09 16:29:05,828 - INFO - Trial 12 stopped early due to patience (3 epochs without improvement)
2026-03-09 16:29:06,571 - INFO - Trial 12 finished with value: 0.4251853739038946 and parameters: {'tcn_channels': 256, 'lstm_hidden': 128, 'num_lstm_layers': 4, 'batch_size': 256, 'dropout': 0.4613287902479255, 'seq_len': 24, 'lr': 2.344316420619045e-05, 'weight_decay': 0.0005360573581062168, 'base_alpha_side': 1.636875438959348, 'base_alpha_neutral': 0.4557487152800718, 'base_loss_gamma': 1.576700526886168, 'base_loss_smoothing': 0.04961630982394523}. Best is trial 7 with value: 0.4388727109311032.
2026-03-09 16:29:08,164 - INFO - SequenceDataset: 152966/228206 valid sequences (Lookback protection active).
2026-03-09 16:29:08,164 - INFO - SequenceDataset: 65585/97790 valid sequences (Lookback protection active).
2026-03-09 16:29:08,509 - INFO - Trial 13 START | tcn=128, lstm=128, layers=4, batch=256, seq=96, drop=0.4894, lr=0.000025, wd=0.0003 | alpha=[1.59, 0.48, 1.59], gamma=1.37, smooth=0.06
2026-03-09 16:29:23,705 - INFO - T13 E1/50 | L: 0.34436523/0.28301392 | F1 M: 0.37556253 D: 0.12708377 | [S/N/B]: [0.0000/0.8725/0.2542] | LR: 0.00002505
2026-03-09 16:29:39,510 - INFO - T13 E2/50 | L: 0.32899372/0.28033020 | F1 M: 0.38497516 D: 0.13402424 | [S/N/B]: [0.0000/0.8869/0.2680] | LR: 0.00002498
2026-03-09 16:29:54,643 - INFO - T13 E3/50 | L: 0.32692898/0.27842312 | F1 M: 0.38745748 D: 0.13538573 | [S/N/B]: [0.0000/0.8916/0.2708] | LR: 0.00002486
2026-03-09 16:30:09,759 - INFO - T13 E4/50 | L: 0.32616907/0.27806494 | F1 M: 0.38500231 D: 0.13422238 | [S/N/B]: [0.0000/0.8866/0.2684] | LR: 0.00002468
2026-03-09 16:30:25,378 - INFO - T13 E5/50 | L: 0.32518627/0.27773195 | F1 M: 0.38499863 D: 0.13434291 | [S/N/B]: [0.0000/0.8863/0.2687] | LR: 0.00002446
2026-03-09 16:30:41,103 - INFO - T13 E6/50 | L: 0.32463291/0.27770636 | F1 M: 0.39119792 D: 0.13772031 | [S/N/B]: [0.0000/0.8982/0.2754] | LR: 0.00002420
2026-03-09 16:30:57,200 - INFO - T13 E7/50 | L: 0.32420307/0.27678976 | F1 M: 0.39082497 D: 0.13808470 | [S/N/B]: [0.0005/0.8963/0.2757] | LR: 0.00002388
2026-03-09 16:31:13,062 - INFO - T13 E8/50 | L: 0.32364718/0.27649502 | F1 M: 0.39861069 D: 0.15175186 | [S/N/B]: [0.0288/0.8923/0.2747] | LR: 0.00002353
2026-03-09 16:31:28,206 - INFO - T13 E9/50 | L: 0.32324105/0.27673050 | F1 M: 0.41503825 D: 0.17451955 | [S/N/B]: [0.0760/0.8961/0.2730] | LR: 0.00002313
2026-03-09 16:31:43,705 - INFO - T13 E10/50 | L: 0.32272761/0.27624223 | F1 M: 0.40281992 D: 0.15704672 | [S/N/B]: [0.0393/0.8944/0.2748] | LR: 0.00002268
2026-03-09 16:32:00,250 - INFO - T13 E11/50 | L: 0.32216401/0.27713226 | F1 M: 0.41440616 D: 0.17687203 | [S/N/B]: [0.0801/0.8895/0.2736] | LR: 0.00002220
2026-03-09 16:32:15,327 - INFO - T13 E12/50 | L: 0.32171750/0.27690680 | F1 M: 0.42719210 D: 0.19046153 | [S/N/B]: [0.1097/0.9007/0.2712] | LR: 0.00002168
2026-03-09 16:32:30,724 - INFO - T13 E13/50 | L: 0.32133458/0.27661564 | F1 M: 0.42885206 D: 0.19961541 | [S/N/B]: [0.1260/0.8873/0.2733] | LR: 0.00002112
2026-03-09 16:33:00,394 - INFO - Trial 13 stopped early due to patience (3 epochs without improvement)
2026-03-09 16:33:01,327 - INFO - Trial 13 finished with value: 0.4288520581805142 and parameters: {'tcn_channels': 128, 'lstm_hidden': 128, 'num_lstm_layers': 4, 'batch_size': 256, 'dropout': 0.4894472932898785, 'seq_len': 96, 'lr': 2.5077566488986254e-05, 'weight_decay': 0.00026475712575625053, 'base_alpha_side': 1.5860465885820763, 'base_alpha_neutral': 0.4836607822980827, 'base_loss_gamma': 1.3666813502926811, 'base_loss_smoothing': 0.06174827708336977}. Best is trial 7 with value: 0.4388727109311032.
2026-03-09 16:33:03,550 - INFO - SequenceDataset: 152966/228206 valid sequences (Lookback protection active).
2026-03-09 16:33:03,551 - INFO - SequenceDataset: 65585/97790 valid sequences (Lookback protection active).
2026-03-09 16:33:03,996 - INFO - Trial 14 START | tcn=128, lstm=128, layers=6, batch=256, seq=96, drop=0.5339, lr=0.000034, wd=0.0002 | alpha=[4.28, 0.46, 4.28], gamma=1.09, smooth=0.08
2026-03-09 16:33:22,451 - INFO - T14 E1/50 | L: 1.00733592/0.85057613 | F1 M: 0.29616873 D: 0.09448840 | [S/N/B]: [0.0000/0.6995/0.1890] | LR: 0.00003420
2026-03-09 16:33:40,882 - INFO - T14 E2/50 | L: 0.97868439/0.84500117 | F1 M: 0.31274544 D: 0.10039341 | [S/N/B]: [0.0000/0.7374/0.2008] | LR: 0.00003410
2026-03-09 16:34:00,028 - INFO - T14 E3/50 | L: 0.97509074/0.84293125 | F1 M: 0.31759589 D: 0.10229480 | [S/N/B]: [0.0000/0.7482/0.2046] | LR: 0.00003393
2026-03-09 16:34:01,091 - INFO - Trial 14 pruned by Optuna at epoch 3
2026-03-09 16:34:01,401 - INFO - Trial 14 pruned. 
2026-03-09 16:34:04,226 - INFO - SequenceDataset: 152966/228206 valid sequences (Lookback protection active).
2026-03-09 16:34:04,227 - INFO - SequenceDataset: 65585/97790 valid sequences (Lookback protection active).
2026-03-09 16:34:05,366 - INFO - Trial 15 START | tcn=128, lstm=128, layers=4, batch=128, seq=96, drop=0.4765, lr=0.000038, wd=0.0003 | alpha=[1.61, 0.35, 1.61], gamma=1.37, smooth=0.04
2026-03-09 16:34:33,887 - INFO - T15 E1/50 | L: 0.27977414/0.23075003 | F1 M: 0.39637207 D: 0.18934647 | [S/N/B]: [0.1938/0.8104/0.1849] | LR: 0.00003816
2026-03-09 16:35:03,961 - INFO - T15 E2/50 | L: 0.27233751/0.22951795 | F1 M: 0.39613119 D: 0.19050503 | [S/N/B]: [0.1719/0.8074/0.2091] | LR: 0.00003804
2026-03-09 16:35:32,926 - INFO - T15 E3/50 | L: 0.27083916/0.23025535 | F1 M: 0.41054324 D: 0.19500371 | [S/N/B]: [0.1567/0.8416/0.2333] | LR: 0.00003786
2026-03-09 16:36:01,760 - INFO - T15 E4/50 | L: 0.27014795/0.22884909 | F1 M: 0.41256427 D: 0.19897054 | [S/N/B]: [0.1670/0.8398/0.2310] | LR: 0.00003759
2026-03-09 16:36:30,319 - INFO - T15 E5/50 | L: 0.26941724/0.22885317 | F1 M: 0.40143322 D: 0.19350690 | [S/N/B]: [0.1993/0.8173/0.1877] | LR: 0.00003726
2026-03-09 16:36:58,903 - INFO - T15 E6/50 | L: 0.26865336/0.22868441 | F1 M: 0.40855986 D: 0.19798036 | [S/N/B]: [0.1982/0.8297/0.1977] | LR: 0.00003685
2026-03-09 16:37:27,999 - INFO - T15 E7/50 | L: 0.26773696/0.22845385 | F1 M: 0.40733533 D: 0.19721363 | [S/N/B]: [0.1943/0.8276/0.2002] | LR: 0.00003638
2026-03-09 16:37:57,204 - INFO - T15 E8/50 | L: 0.26725879/0.22900298 | F1 M: 0.40192078 D: 0.19596883 | [S/N/B]: [0.1769/0.8138/0.2150] | LR: 0.00003583
2026-03-09 16:38:25,639 - INFO - T15 E9/50 | L: 0.26660782/0.22886661 | F1 M: 0.40983221 D: 0.20231749 | [S/N/B]: [0.1871/0.8249/0.2175] | LR: 0.00003522
2026-03-09 16:38:26,129 - INFO - Trial 15 pruned by Optuna at epoch 9
2026-03-09 16:38:27,206 - INFO - Trial 15 pruned. 
2026-03-09 16:38:29,188 - INFO - SequenceDataset: 152966/228206 valid sequences (Lookback protection active).
2026-03-09 16:38:29,193 - INFO - SequenceDataset: 65585/97790 valid sequences (Lookback protection active).
2026-03-09 16:38:30,021 - INFO - Trial 16 START | tcn=128, lstm=128, layers=5, batch=256, seq=96, drop=0.5416, lr=0.000022, wd=0.0010 | alpha=[3.54, 0.70, 3.54], gamma=1.84, smooth=0.07
2026-03-09 16:38:46,277 - INFO - T16 E1/50 | L: 0.85406359/0.69994307 | F1 M: 0.41692770 D: 0.19941535 | [S/N/B]: [0.1713/0.8520/0.2276] | LR: 0.00002153
2026-03-09 16:39:03,506 - INFO - T16 E2/50 | L: 0.82128221/0.69541744 | F1 M: 0.41653342 D: 0.19313633 | [S/N/B]: [0.1325/0.8633/0.2538] | LR: 0.00002147
2026-03-09 16:39:20,287 - INFO - T16 E3/50 | L: 0.81805739/0.69211414 | F1 M: 0.41903377 D: 0.19625386 | [S/N/B]: [0.1358/0.8646/0.2567] | LR: 0.00002137
2026-03-09 16:39:36,652 - INFO - T16 E4/50 | L: 0.81574229/0.69004500 | F1 M: 0.42190882 D: 0.19682488 | [S/N/B]: [0.1379/0.8721/0.2557] | LR: 0.00002122
2026-03-09 16:39:53,684 - INFO - T16 E5/50 | L: 0.81409678/0.69073099 | F1 M: 0.41306570 D: 0.18739738 | [S/N/B]: [0.1162/0.8644/0.2586] | LR: 0.00002103
2026-03-09 16:40:10,553 - INFO - T16 E6/50 | L: 0.81272372/0.68869426 | F1 M: 0.41827098 D: 0.19289574 | [S/N/B]: [0.1218/0.8690/0.2640] | LR: 0.00002080
2026-03-09 16:40:28,334 - INFO - T16 E7/50 | L: 0.81193477/0.68764818 | F1 M: 0.42421393 D: 0.20010078 | [S/N/B]: [0.1492/0.8724/0.2510] | LR: 0.00002053
2026-03-09 16:40:45,179 - INFO - T16 E8/50 | L: 0.81089618/0.68885552 | F1 M: 0.40747073 D: 0.17282748 | [S/N/B]: [0.0766/0.8768/0.2690] | LR: 0.00002022
2026-03-09 16:41:01,491 - INFO - T16 E9/50 | L: 0.80994456/0.68707214 | F1 M: 0.42951557 D: 0.19947321 | [S/N/B]: [0.1323/0.8896/0.2666] | LR: 0.00001988
2026-03-09 16:41:18,484 - INFO - T16 E10/50 | L: 0.80902756/0.68716267 | F1 M: 0.42551352 D: 0.20292924 | [S/N/B]: [0.1491/0.8707/0.2568] | LR: 0.00001950
2026-03-09 16:41:35,375 - INFO - T16 E11/50 | L: 0.80796221/0.68740843 | F1 M: 0.42426821 D: 0.20229676 | [S/N/B]: [0.1450/0.8682/0.2596] | LR: 0.00001908
2026-03-09 16:41:51,873 - INFO - T16 E12/50 | L: 0.80731427/0.68759608 | F1 M: 0.42190376 D: 0.19890841 | [S/N/B]: [0.1367/0.8679/0.2611] | LR: 0.00001863
2026-03-09 16:41:51,979 - INFO - Trial 16 stopped early due to patience (3 epochs without improvement)
2026-03-09 16:41:52,301 - INFO - Trial 16 finished with value: 0.4295155698841712 and parameters: {'tcn_channels': 128, 'lstm_hidden': 128, 'num_lstm_layers': 5, 'batch_size': 256, 'dropout': 0.5415884493856835, 'seq_len': 96, 'lr': 2.1556028980876772e-05, 'weight_decay': 0.0009590617869460257, 'base_alpha_side': 3.542883801385752, 'base_alpha_neutral': 0.6962325383723194, 'base_loss_gamma': 1.838095008912466, 'base_loss_smoothing': 0.0678387768118858}. Best is trial 7 with value: 0.4388727109311032.
2026-03-09 16:41:54,256 - INFO - SequenceDataset: 133934/228182 valid sequences (Lookback protection active).
2026-03-09 16:41:54,257 - INFO - SequenceDataset: 57425/97766 valid sequences (Lookback protection active).
2026-03-09 16:41:55,405 - INFO - Trial 17 START | tcn=128, lstm=64, layers=5, batch=256, seq=120, drop=0.5487, lr=0.000020, wd=0.0025 | alpha=[4.58, 0.79, 4.58], gamma=1.90, smooth=0.10
2026-03-09 16:42:09,429 - INFO - T17 E1/50 | L: 1.29934608/1.08908965 | F1 M: 0.33551656 D: 0.10898800 | [S/N/B]: [0.0000/0.7886/0.2180] | LR: 0.00001967
2026-03-09 16:42:23,754 - INFO - T17 E2/50 | L: 1.24598201/1.07023698 | F1 M: 0.34306662 D: 0.11449817 | [S/N/B]: [0.0000/0.8002/0.2290] | LR: 0.00001961
2026-03-09 16:42:38,459 - INFO - T17 E3/50 | L: 1.23134264/1.06099267 | F1 M: 0.36227865 D: 0.12321367 | [S/N/B]: [0.0000/0.8404/0.2464] | LR: 0.00001951
2026-03-09 16:42:54,031 - INFO - T17 E4/50 | L: 1.22577921/1.05688777 | F1 M: 0.37151144 D: 0.12817169 | [S/N/B]: [0.0000/0.8582/0.2563] | LR: 0.00001938
2026-03-09 16:43:08,561 - INFO - T17 E5/50 | L: 1.22122590/1.05524607 | F1 M: 0.36948526 D: 0.12889075 | [S/N/B]: [0.0020/0.8507/0.2558] | LR: 0.00001921
2026-03-09 16:43:22,665 - INFO - T17 E6/50 | L: 1.21886365/1.05478811 | F1 M: 0.37681693 D: 0.14014004 | [S/N/B]: [0.0246/0.8502/0.2557] | LR: 0.00001900
2026-03-09 16:43:37,664 - INFO - T17 E7/50 | L: 1.21824582/1.05344734 | F1 M: 0.38123206 D: 0.14708019 | [S/N/B]: [0.0357/0.8495/0.2585] | LR: 0.00001875
2026-03-09 16:43:52,459 - INFO - T17 E8/50 | L: 1.21696828/1.05308619 | F1 M: 0.39096719 D: 0.16049975 | [S/N/B]: [0.0566/0.8519/0.2644] | LR: 0.00001847
2026-03-09 16:43:52,741 - INFO - Trial 17 pruned by Optuna at epoch 8
