2026-03-09 17:24:39,142 - INFO - Trial 27 finished with value: 0.42746038547523413 and parameters: {'tcn_channels': 512, 'lstm_hidden': 128, 'num_lstm_layers': 6, 'batch_size': 512, 'dropout': 0.3262593947449177, 'seq_len': 120, 'lr': 6.78172594199124e-05, 'weight_decay': 0.00697453841421738, 'base_alpha_side': 3.1709554551376806, 'base_alpha_neutral': 0.5695849000845092, 'base_loss_gamma': 1.1921875019660142, 'base_loss_smoothing': 0.04826486019947549}. Best is trial 24 with value: 0.4425566733327864.
2026-03-09 17:24:40,862 - INFO - SequenceDataset: 152966/228206 valid sequences (Lookback protection active).
2026-03-09 17:24:40,863 - INFO - SequenceDataset: 65585/97790 valid sequences (Lookback protection active).
2026-03-09 17:24:41,228 - INFO - Trial 28 START | tcn=64, lstm=64, layers=7, batch=128, seq=96, drop=0.4068, lr=0.000039, wd=0.0027 | alpha=[3.96, 0.75, 3.96], gamma=1.51, smooth=0.03
2026-03-09 17:25:15,441 - INFO - T28 E1/50 | L: 0.98599987/0.79743215 | F1 M: 0.40447235 D: 0.17279742 | [S/N/B]: [0.2462/0.8678/0.0994] | LR: 0.00003862
2026-03-09 17:25:49,737 - INFO - T28 E2/50 | L: 0.94738585/0.79141124 | F1 M: 0.42481476 D: 0.19990215 | [S/N/B]: [0.2599/0.8746/0.1399] | LR: 0.00003851
2026-03-09 17:26:23,967 - INFO - T28 E3/50 | L: 0.94178016/0.78712226 | F1 M: 0.38268929 D: 0.12993600 | [S/N/B]: [0.0000/0.8882/0.2599] | LR: 0.00003832
2026-03-09 17:26:58,516 - INFO - T28 E4/50 | L: 0.93785993/0.78486940 | F1 M: 0.38141719 D: 0.13014172 | [S/N/B]: [0.0000/0.8840/0.2603] | LR: 0.00003805
2026-03-09 17:27:32,247 - INFO - T28 E5/50 | L: 0.93505995/0.78187439 | F1 M: 0.38513286 D: 0.13268882 | [S/N/B]: [0.0000/0.8900/0.2654] | LR: 0.00003772
2026-03-09 17:28:07,372 - INFO - T28 E6/50 | L: 0.93293897/0.78185210 | F1 M: 0.38689027 D: 0.13340033 | [S/N/B]: [0.0000/0.8939/0.2668] | LR: 0.00003730
2026-03-09 17:28:42,163 - INFO - T28 E7/50 | L: 0.93084609/0.78013593 | F1 M: 0.38172789 D: 0.13129213 | [S/N/B]: [0.0000/0.8826/0.2626] | LR: 0.00003682
2026-03-09 17:29:17,265 - INFO - T28 E8/50 | L: 0.92918778/0.77832170 | F1 M: 0.38173357 D: 0.13139340 | [S/N/B]: [0.0000/0.8824/0.2628] | LR: 0.00003627
2026-03-09 17:29:51,407 - INFO - T28 E9/50 | L: 0.92765323/0.77844590 | F1 M: 0.38462106 D: 0.13342240 | [S/N/B]: [0.0000/0.8870/0.2668] | LR: 0.00003565
2026-03-09 17:30:26,131 - INFO - T28 E10/50 | L: 0.92469957/0.77910236 | F1 M: 0.38616339 D: 0.13458132 | [S/N/B]: [0.0000/0.8893/0.2692] | LR: 0.00003497
2026-03-09 17:31:01,475 - INFO - T28 E11/50 | L: 0.92422515/0.77691383 | F1 M: 0.38107731 D: 0.13185626 | [S/N/B]: [0.0000/0.8795/0.2637] | LR: 0.00003423
2026-03-09 17:31:35,850 - INFO - T28 E12/50 | L: 0.92360386/0.77511100 | F1 M: 0.38803081 D: 0.13697213 | [S/N/B]: [0.0041/0.8901/0.2698] | LR: 0.00003342
2026-03-09 17:32:11,402 - INFO - T28 E13/50 | L: 0.92169626/0.77588197 | F1 M: 0.40228585 D: 0.15516783 | [S/N/B]: [0.0368/0.8965/0.2735] | LR: 0.00003256
2026-03-09 17:32:46,095 - INFO - T28 E14/50 | L: 0.92079226/0.77434661 | F1 M: 0.39975722 D: 0.15849427 | [S/N/B]: [0.0529/0.8823/0.2641] | LR: 0.00003165
2026-03-09 17:33:20,782 - INFO - T28 E15/50 | L: 0.91966043/0.77569003 | F1 M: 0.42638444 D: 0.19215927 | [S/N/B]: [0.1143/0.8948/0.2701] | LR: 0.00003069
2026-03-09 17:33:55,892 - INFO - T28 E16/50 | L: 0.91865781/0.77755826 | F1 M: 0.42613766 D: 0.19204393 | [S/N/B]: [0.1116/0.8943/0.2725] | LR: 0.00002969
2026-03-09 17:34:30,863 - INFO - T28 E17/50 | L: 0.91852323/0.77631071 | F1 M: 0.42459037 D: 0.19706138 | [S/N/B]: [0.1277/0.8796/0.2664] | LR: 0.00002864
2026-03-09 17:34:31,673 - INFO - Trial 28 stopped early due to patience (3 epochs without improvement)
2026-03-09 17:34:32,030 - INFO - Trial 28 finished with value: 0.426384441925214 and parameters: {'tcn_channels': 64, 'lstm_hidden': 64, 'num_lstm_layers': 7, 'batch_size': 128, 'dropout': 0.40683282965466927, 'seq_len': 96, 'lr': 3.866126089206041e-05, 'weight_decay': 0.0027077663692217533, 'base_alpha_side': 3.9552975042841902, 'base_alpha_neutral': 0.754429628313369, 'base_loss_gamma': 1.5118453774534306, 'base_loss_smoothing': 0.033614863896500514}. Best is trial 24 with value: 0.4425566733327864.
2026-03-09 17:34:34,130 - INFO - SequenceDataset: 210062/228278 valid sequences (Lookback protection active).
2026-03-09 17:34:34,131 - INFO - SequenceDataset: 90065/97862 valid sequences (Lookback protection active).
2026-03-09 17:34:34,592 - INFO - Trial 29 START | tcn=256, lstm=128, layers=5, batch=128, seq=24, drop=0.4420, lr=0.000053, wd=0.0013 | alpha=[2.54, 0.62, 2.54], gamma=1.23, smooth=0.02
2026-03-09 17:35:13,821 - INFO - T29 E1/50 | L: 0.54077934/0.44739682 | F1 M: 0.42298985 D: 0.17296941 | [S/N/B]: [0.1003/0.9230/0.2457] | LR: 0.00005308
2026-03-09 17:35:53,273 - INFO - T29 E2/50 | L: 0.52707754/0.45037787 | F1 M: 0.38623396 D: 0.13124673 | [S/N/B]: [0.0063/0.8962/0.2562] | LR: 0.00005293
2026-03-09 17:36:33,497 - INFO - T29 E3/50 | L: 0.52228483/0.44424474 | F1 M: 0.44231193 D: 0.20684958 | [S/N/B]: [0.1984/0.9132/0.2153] | LR: 0.00005267
2026-03-09 17:37:12,710 - INFO - T29 E4/50 | L: 0.51876531/0.44517809 | F1 M: 0.43519364 D: 0.19512177 | [S/N/B]: [0.1487/0.9153/0.2416] | LR: 0.00005230
2026-03-09 17:37:53,133 - INFO - T29 E5/50 | L: 0.51562191/0.44723901 | F1 M: 0.43559268 D: 0.20414539 | [S/N/B]: [0.1612/0.8985/0.2470] | LR: 0.00005184
2026-03-09 17:38:32,541 - INFO - T29 E6/50 | L: 0.51276965/0.45003915 | F1 M: 0.43738570 D: 0.19750266 | [S/N/B]: [0.1512/0.9172/0.2438] | LR: 0.00005127
2026-03-09 17:38:33,217 - INFO - Trial 29 stopped early due to patience (3 epochs without improvement)
2026-03-09 17:38:33,453 - INFO - Trial 29 finished with value: 0.4423119345346304 and parameters: {'tcn_channels': 256, 'lstm_hidden': 128, 'num_lstm_layers': 5, 'batch_size': 128, 'dropout': 0.4420257309975852, 'seq_len': 24, 'lr': 5.313614211536041e-05, 'weight_decay': 0.001303878206804403, 'base_alpha_side': 2.5424364888277458, 'base_alpha_neutral': 0.6202012235450839, 'base_loss_gamma': 1.2309799231073124, 'base_loss_smoothing': 0.018804443739869045}. Best is trial 24 with value: 0.4425566733327864.
2026-03-09 17:38:35,089 - INFO - SequenceDataset: 210062/228278 valid sequences (Lookback protection active).
2026-03-09 17:38:35,090 - INFO - SequenceDataset: 90065/97862 valid sequences (Lookback protection active).
2026-03-09 17:38:36,009 - INFO - Trial 30 START | tcn=256, lstm=32, layers=6, batch=128, seq=24, drop=0.4360, lr=0.000052, wd=0.0012 | alpha=[2.52, 0.64, 2.52], gamma=1.23, smooth=0.02
2026-03-09 17:39:18,932 - INFO - T30 E1/50 | L: 0.57104340/0.46084642 | F1 M: 0.43105214 D: 0.19540418 | [S/N/B]: [0.2566/0.9023/0.1342] | LR: 0.00005204
2026-03-09 17:40:02,414 - INFO - T30 E2/50 | L: 0.54471689/0.45494098 | F1 M: 0.43692918 D: 0.19959947 | [S/N/B]: [0.2497/0.9116/0.1494] | LR: 0.00005189
2026-03-09 17:40:45,753 - INFO - T30 E3/50 | L: 0.53884345/0.45449406 | F1 M: 0.44193927 D: 0.20606751 | [S/N/B]: [0.2369/0.9137/0.1752] | LR: 0.00005163
2026-03-09 17:41:28,366 - INFO - T30 E4/50 | L: 0.53597287/0.45563163 | F1 M: 0.44136719 D: 0.20683743 | [S/N/B]: [0.2124/0.9104/0.2012] | LR: 0.00005127
2026-03-09 17:42:12,287 - INFO - T30 E5/50 | L: 0.53261755/0.45728212 | F1 M: 0.42445416 D: 0.18082632 | [S/N/B]: [0.1312/0.9117/0.2305] | LR: 0.00005082
2026-03-09 17:42:56,404 - INFO - T30 E6/50 | L: 0.52969670/0.45943620 | F1 M: 0.40324404 D: 0.14369528 | [S/N/B]: [0.0411/0.9223/0.2463] | LR: 0.00005026
2026-03-09 17:42:56,553 - INFO - Trial 30 stopped early due to patience (3 epochs without improvement)
2026-03-09 17:42:56,846 - INFO - Trial 30 finished with value: 0.4419392745362563 and parameters: {'tcn_channels': 256, 'lstm_hidden': 32, 'num_lstm_layers': 6, 'batch_size': 128, 'dropout': 0.43603632618619126, 'seq_len': 24, 'lr': 5.2090817322377344e-05, 'weight_decay': 0.0012238863524662146, 'base_alpha_side': 2.5210597434009485, 'base_alpha_neutral': 0.6421211868764001, 'base_loss_gamma': 1.2314302765675604, 'base_loss_smoothing': 0.018082768511765466}. Best is trial 24 with value: 0.4425566733327864.
2026-03-09 17:42:59,045 - INFO - SequenceDataset: 210062/228278 valid sequences (Lookback protection active).
2026-03-09 17:42:59,045 - INFO - SequenceDataset: 90065/97862 valid sequences (Lookback protection active).
2026-03-09 17:43:00,329 - INFO - Trial 31 START | tcn=256, lstm=32, layers=6, batch=128, seq=24, drop=0.4467, lr=0.000054, wd=0.0015 | alpha=[2.47, 0.64, 2.47], gamma=1.26, smooth=0.02
2026-03-09 17:43:43,244 - INFO - T31 E1/50 | L: 0.55687617/0.44852570 | F1 M: 0.38272635 D: 0.12388200 | [S/N/B]: [0.0000/0.9004/0.2478] | LR: 0.00005398
2026-03-09 17:44:26,043 - INFO - T31 E2/50 | L: 0.52988872/0.44440521 | F1 M: 0.38796772 D: 0.12697802 | [S/N/B]: [0.0000/0.9099/0.2540] | LR: 0.00005382
2026-03-09 17:45:09,683 - INFO - T31 E3/50 | L: 0.52498933/0.44423433 | F1 M: 0.39263916 D: 0.12797976 | [S/N/B]: [0.0000/0.9220/0.2560] | LR: 0.00005355
2026-03-09 17:45:52,701 - INFO - T31 E4/50 | L: 0.52169967/0.44248116 | F1 M: 0.39091714 D: 0.12910552 | [S/N/B]: [0.0000/0.9145/0.2582] | LR: 0.00005318
2026-03-09 17:45:53,504 - INFO - Trial 31 pruned by Optuna at epoch 4
2026-03-09 17:45:53,717 - INFO - Trial 31 pruned. 
2026-03-09 17:45:55,156 - INFO - SequenceDataset: 210062/228278 valid sequences (Lookback protection active).
2026-03-09 17:45:55,157 - INFO - SequenceDataset: 90065/97862 valid sequences (Lookback protection active).
2026-03-09 17:45:55,493 - INFO - Trial 32 START | tcn=256, lstm=32, layers=7, batch=128, seq=24, drop=0.4377, lr=0.000048, wd=0.0013 | alpha=[2.70, 0.53, 2.70], gamma=1.21, smooth=0.01
2026-03-09 17:46:41,457 - INFO - T32 E1/50 | L: 0.56201156/0.45129445 | F1 M: 0.37823266 D: 0.12422262 | [S/N/B]: [0.0101/0.8863/0.2383] | LR: 0.00004844
2026-03-09 17:47:27,075 - INFO - T32 E2/50 | L: 0.53478810/0.44675459 | F1 M: 0.37510452 D: 0.11924640 | [S/N/B]: [0.0000/0.8868/0.2385] | LR: 0.00004829
2026-03-09 17:48:12,907 - INFO - T32 E3/50 | L: 0.52937449/0.44576624 | F1 M: 0.37187811 D: 0.11776775 | [S/N/B]: [0.0000/0.8801/0.2355] | LR: 0.00004805
2026-03-09 17:48:13,356 - INFO - Trial 32 pruned by Optuna at epoch 3
2026-03-09 17:48:13,610 - INFO - Trial 32 pruned. 
2026-03-09 17:48:16,256 - INFO - SequenceDataset: 210062/228278 valid sequences (Lookback protection active).
2026-03-09 17:48:16,257 - INFO - SequenceDataset: 90065/97862 valid sequences (Lookback protection active).
2026-03-09 17:48:17,396 - INFO - Trial 33 START | tcn=256, lstm=32, layers=6, batch=128, seq=24, drop=0.4182, lr=0.000061, wd=0.0019 | alpha=[2.39, 0.64, 2.39], gamma=1.49, smooth=0.02
2026-03-09 17:49:00,131 - INFO - T33 E1/50 | L: 0.50482028/0.40919534 | F1 M: 0.38476532 D: 0.12452147 | [S/N/B]: [0.2490/0.9053/0.0000] | LR: 0.00006142
2026-03-09 17:49:42,344 - INFO - T33 E2/50 | L: 0.48418906/0.40707405 | F1 M: 0.39209322 D: 0.12894639 | [S/N/B]: [0.2579/0.9184/0.0000] | LR: 0.00006124
2026-03-09 17:50:24,688 - INFO - T33 E3/50 | L: 0.47950028/0.40587307 | F1 M: 0.39142569 D: 0.13280538 | [S/N/B]: [0.2537/0.9087/0.0120] | LR: 0.00006093
2026-03-09 17:51:07,965 - INFO - T33 E4/50 | L: 0.47670463/0.40530093 | F1 M: 0.41503981 D: 0.16806603 | [S/N/B]: [0.2388/0.9090/0.0974] | LR: 0.00006051
2026-03-09 17:51:50,711 - INFO - T33 E5/50 | L: 0.47324283/0.40554121 | F1 M: 0.40642547 D: 0.15405702 | [S/N/B]: [0.2430/0.9112/0.0651] | LR: 0.00005997
2026-03-09 17:52:31,726 - INFO - T33 E6/50 | L: 0.46987622/0.40696316 | F1 M: 0.42601763 D: 0.18225201 | [S/N/B]: [0.2291/0.9135/0.1354] | LR: 0.00005932
2026-03-09 17:53:15,005 - INFO - T33 E7/50 | L: 0.46685125/0.40825535 | F1 M: 0.40132629 D: 0.14997715 | [S/N/B]: [0.2409/0.9040/0.0591] | LR: 0.00005855
2026-03-09 17:53:15,135 - INFO - Trial 33 stopped early due to patience (3 epochs without improvement)
2026-03-09 17:53:15,917 - INFO - Trial 33 finished with value: 0.42601763217605365 and parameters: {'tcn_channels': 256, 'lstm_hidden': 32, 'num_lstm_layers': 6, 'batch_size': 128, 'dropout': 0.41823671426454445, 'seq_len': 24, 'lr': 6.147852890435237e-05, 'weight_decay': 0.0019321444005080282, 'base_alpha_side': 2.387958316934852, 'base_alpha_neutral': 0.6352161887852538, 'base_loss_gamma': 1.4860604382963096, 'base_loss_smoothing': 0.02281333606934457}. Best is trial 24 with value: 0.4425566733327864.
2026-03-09 17:53:18,328 - INFO - SequenceDataset: 210062/228278 valid sequences (Lookback protection active).
2026-03-09 17:53:18,328 - INFO - SequenceDataset: 90065/97862 valid sequences (Lookback protection active).
2026-03-09 17:53:18,799 - INFO - Trial 34 START | tcn=256, lstm=32, layers=5, batch=128, seq=24, drop=0.3907, lr=0.000045, wd=0.0004 | alpha=[3.15, 0.73, 3.15], gamma=1.03, smooth=0.03
2026-03-09 17:53:59,108 - INFO - T34 E1/50 | L: 0.79680379/0.63654532 | F1 M: 0.38612250 D: 0.12577540 | [S/N/B]: [0.0000/0.9068/0.2516] | LR: 0.00004503
2026-03-09 17:54:39,065 - INFO - T34 E2/50 | L: 0.75177689/0.63031258 | F1 M: 0.39089744 D: 0.12925840 | [S/N/B]: [0.0000/0.9142/0.2585] | LR: 0.00004490
2026-03-09 17:55:19,451 - INFO - T34 E3/50 | L: 0.74228040/0.62998286 | F1 M: 0.39236922 D: 0.12846267 | [S/N/B]: [0.0000/0.9202/0.2569] | LR: 0.00004468
2026-03-09 17:55:59,924 - INFO - T34 E4/50 | L: 0.73654170/0.62732128 | F1 M: 0.39003975 D: 0.12828173 | [S/N/B]: [0.0000/0.9136/0.2566] | LR: 0.00004437
2026-03-09 17:56:00,731 - INFO - Trial 34 pruned by Optuna at epoch 4
2026-03-09 17:56:00,994 - INFO - Trial 34 pruned. 
2026-03-09 17:56:03,188 - INFO - SequenceDataset: 210062/228278 valid sequences (Lookback protection active).
2026-03-09 17:56:03,189 - INFO - SequenceDataset: 90065/97862 valid sequences (Lookback protection active).
2026-03-09 17:56:04,396 - INFO - Trial 35 START | tcn=256, lstm=32, layers=6, batch=128, seq=24, drop=0.3815, lr=0.000054, wd=0.0011 | alpha=[2.73, 0.54, 2.73], gamma=1.33, smooth=0.02
2026-03-09 17:56:45,150 - INFO - T35 E1/50 | L: 0.55298994/0.44701265 | F1 M: 0.37642487 D: 0.11974930 | [S/N/B]: [0.2395/0.8898/0.0000] | LR: 0.00005416
2026-03-09 17:57:29,174 - INFO - T35 E2/50 | L: 0.52929110/0.44355981 | F1 M: 0.42152369 D: 0.17920883 | [S/N/B]: [0.1218/0.9062/0.2366] | LR: 0.00005400
2026-03-09 17:58:12,463 - INFO - T35 E3/50 | L: 0.52498611/0.44230744 | F1 M: 0.42574014 D: 0.18940409 | [S/N/B]: [0.2136/0.8984/0.1652] | LR: 0.00005373
2026-03-09 17:58:55,695 - INFO - T35 E4/50 | L: 0.52086873/0.44254421 | F1 M: 0.38094103 D: 0.12421825 | [S/N/B]: [0.0030/0.8944/0.2454] | LR: 0.00005336
2026-03-09 17:59:38,193 - INFO - T35 E5/50 | L: 0.51801871/0.44538847 | F1 M: 0.38531698 D: 0.12860133 | [S/N/B]: [0.2479/0.8987/0.0093] | LR: 0.00005288
2026-03-09 18:00:21,082 - INFO - T35 E6/50 | L: 0.51534416/0.44465039 | F1 M: 0.40104054 D: 0.15962338 | [S/N/B]: [0.2274/0.8839/0.0918] | LR: 0.00005231
2026-03-09 18:00:21,241 - INFO - Trial 35 stopped early due to patience (3 epochs without improvement)
2026-03-09 18:00:21,591 - INFO - Trial 35 finished with value: 0.4257401431759256 and parameters: {'tcn_channels': 256, 'lstm_hidden': 32, 'num_lstm_layers': 6, 'batch_size': 128, 'dropout': 0.3814529951477744, 'seq_len': 24, 'lr': 5.420938112226992e-05, 'weight_decay': 0.001148434129816232, 'base_alpha_side': 2.7305049304465987, 'base_alpha_neutral': 0.5427166537806917, 'base_loss_gamma': 1.3260034364954123, 'base_loss_smoothing': 0.01720285518135182}. Best is trial 24 with value: 0.4425566733327864.
2026-03-09 18:00:24,881 - INFO - SequenceDataset: 210062/228278 valid sequences (Lookback protection active).
2026-03-09 18:00:24,882 - INFO - SequenceDataset: 90065/97862 valid sequences (Lookback protection active).
2026-03-09 18:00:25,439 - INFO - Trial 36 START | tcn=256, lstm=128, layers=5, batch=128, seq=24, drop=0.4619, lr=0.000040, wd=0.0025 | alpha=[2.91, 0.61, 2.91], gamma=1.16, smooth=0.03
2026-03-09 18:01:05,652 - INFO - T36 E1/50 | L: 0.63121553/0.52469002 | F1 M: 0.39315812 D: 0.13045882 | [S/N/B]: [0.0000/0.9186/0.2609] | LR: 0.00003984
2026-03-09 18:01:45,543 - INFO - T36 E2/50 | L: 0.61498427/0.52270759 | F1 M: 0.39049699 D: 0.13122626 | [S/N/B]: [0.0000/0.9090/0.2625] | LR: 0.00003972
2026-03-09 18:02:25,540 - INFO - T36 E3/50 | L: 0.61098574/0.52276945 | F1 M: 0.42422441 D: 0.18097690 | [S/N/B]: [0.1050/0.9107/0.2570] | LR: 0.00003952
2026-03-09 18:03:05,502 - INFO - T36 E4/50 | L: 0.60751571/0.52153645 | F1 M: 0.42779843 D: 0.18588260 | [S/N/B]: [0.1213/0.9116/0.2505] | LR: 0.00003925
2026-03-09 18:03:44,749 - INFO - T36 E5/50 | L: 0.60455410/0.52164237 | F1 M: 0.43686885 D: 0.20436397 | [S/N/B]: [0.1734/0.9019/0.2353] | LR: 0.00003890
2026-03-09 18:04:24,684 - INFO - T36 E6/50 | L: 0.60207763/0.52181824 | F1 M: 0.43048900 D: 0.19385951 | [S/N/B]: [0.1360/0.9037/0.2517] | LR: 0.00003847
2026-03-09 18:05:04,802 - INFO - T36 E7/50 | L: 0.59883581/0.52497388 | F1 M: 0.42951021 D: 0.19260356 | [S/N/B]: [0.1376/0.9033/0.2476] | LR: 0.00003798
2026-03-09 18:05:04,939 - INFO - Trial 36 stopped early due to patience (3 epochs without improvement)
2026-03-09 18:05:05,677 - INFO - Trial 36 finished with value: 0.4368688515407679 and parameters: {'tcn_channels': 256, 'lstm_hidden': 128, 'num_lstm_layers': 5, 'batch_size': 128, 'dropout': 0.46192405034422485, 'seq_len': 24, 'lr': 3.987473742384658e-05, 'weight_decay': 0.0024545275150985686, 'base_alpha_side': 2.909786543507844, 'base_alpha_neutral': 0.6087774854301573, 'base_loss_gamma': 1.1561826775403319, 'base_loss_smoothing': 0.02977877465491978}. Best is trial 24 with value: 0.4425566733327864.
2026-03-09 18:05:07,255 - INFO - SequenceDataset: 210062/228278 valid sequences (Lookback protection active).
2026-03-09 18:05:07,256 - INFO - SequenceDataset: 90065/97862 valid sequences (Lookback protection active).
2026-03-09 18:05:08,159 - INFO - Trial 37 START | tcn=256, lstm=128, layers=7, batch=512, seq=24, drop=0.3549, lr=0.000034, wd=0.0054 | alpha=[3.33, 0.66, 3.33], gamma=1.49, smooth=0.06
2026-03-09 18:05:20,627 - INFO - T37 E1/50 | L: 0.75495335/0.62012948 | F1 M: 0.37320314 D: 0.11712453 | [S/N/B]: [0.0000/0.8854/0.2342] | LR: 0.00003413
2026-03-09 18:05:33,426 - INFO - T37 E2/50 | L: 0.71854045/0.61453489 | F1 M: 0.37615971 D: 0.12042503 | [S/N/B]: [0.0000/0.8876/0.2409] | LR: 0.00003403
2026-03-09 18:05:46,532 - INFO - T37 E3/50 | L: 0.71318382/0.61195420 | F1 M: 0.38826814 D: 0.12756190 | [S/N/B]: [0.0000/0.9097/0.2551] | LR: 0.00003386
2026-03-09 18:06:00,058 - INFO - T37 E4/50 | L: 0.70977991/0.61419113 | F1 M: 0.38830036 D: 0.12775354 | [S/N/B]: [0.0000/0.9094/0.2555] | LR: 0.00003363
2026-03-09 18:06:00,598 - INFO - Trial 37 pruned by Optuna at epoch 4
2026-03-09 18:06:01,000 - INFO - Trial 37 pruned. 
2026-03-09 18:06:02,559 - INFO - SequenceDataset: 210062/228278 valid sequences (Lookback protection active).
2026-03-09 18:06:02,560 - INFO - SequenceDataset: 90065/97862 valid sequences (Lookback protection active).
2026-03-09 18:06:03,232 - INFO - Trial 38 START | tcn=64, lstm=64, layers=4, batch=128, seq=24, drop=0.4060, lr=0.000073, wd=0.0018 | alpha=[2.24, 0.73, 2.24], gamma=1.71, smooth=0.01
2026-03-09 18:06:39,878 - INFO - T38 E1/50 | L: 0.46128218/0.37505247 | F1 M: 0.39495398 D: 0.12842339 | [S/N/B]: [0.0000/0.9280/0.2568] | LR: 0.00007298
2026-03-09 18:07:16,244 - INFO - T38 E2/50 | L: 0.44703633/0.37259355 | F1 M: 0.39692638 D: 0.13234170 | [S/N/B]: [0.0000/0.9261/0.2647] | LR: 0.00007277
2026-03-09 18:07:53,220 - INFO - T38 E3/50 | L: 0.44459042/0.37395533 | F1 M: 0.39784374 D: 0.13285755 | [S/N/B]: [0.0000/0.9278/0.2657] | LR: 0.00007241
2026-03-09 18:08:29,754 - INFO - T38 E4/50 | L: 0.44204449/0.37248356 | F1 M: 0.39563632 D: 0.13419732 | [S/N/B]: [0.0000/0.9185/0.2684] | LR: 0.00007191
2026-03-09 18:08:30,262 - INFO - Trial 38 pruned by Optuna at epoch 4
2026-03-09 18:08:30,710 - INFO - Trial 38 pruned. 
2026-03-09 18:08:32,051 - INFO - SequenceDataset: 191030/228254 valid sequences (Lookback protection active).
2026-03-09 18:08:32,052 - INFO - SequenceDataset: 81905/97838 valid sequences (Lookback protection active).
2026-03-09 18:08:32,365 - INFO - Trial 39 START | tcn=256, lstm=32, layers=6, batch=128, seq=48, drop=0.4330, lr=0.000060, wd=0.0012 | alpha=[3.33, 0.77, 3.33], gamma=1.27, smooth=0.05
2026-03-09 18:09:11,372 - INFO - T39 E1/50 | L: 0.83676033/0.68895152 | F1 M: 0.38745921 D: 0.12663889 | [S/N/B]: [0.0000/0.9091/0.2533] | LR: 0.00005976
2026-03-09 18:09:50,030 - INFO - T39 E2/50 | L: 0.80409261/0.68189967 | F1 M: 0.39036591 D: 0.12690111 | [S/N/B]: [0.0000/0.9173/0.2538] | LR: 0.00005958
2026-03-09 18:10:29,011 - INFO - T39 E3/50 | L: 0.79832548/0.68384147 | F1 M: 0.39026106 D: 0.12836225 | [S/N/B]: [0.0000/0.9141/0.2567] | LR: 0.00005929
2026-03-09 18:11:09,106 - INFO - T39 E4/50 | L: 0.79301696/0.68444337 | F1 M: 0.39163904 D: 0.12867672 | [S/N/B]: [0.0000/0.9176/0.2574] | LR: 0.00005888
2026-03-09 18:11:09,525 - INFO - Trial 39 pruned by Optuna at epoch 4
2026-03-09 18:11:10,385 - INFO - Trial 39 pruned. 
2026-03-09 18:11:12,946 - INFO - SequenceDataset: 210062/228278 valid sequences (Lookback protection active).
2026-03-09 18:11:12,947 - INFO - SequenceDataset: 90065/97862 valid sequences (Lookback protection active).
2026-03-09 18:11:13,526 - INFO - Trial 40 START | tcn=512, lstm=128, layers=8, batch=512, seq=24, drop=0.5193, lr=0.000050, wd=0.0007 | alpha=[1.99, 0.61, 1.99], gamma=1.56, smooth=0.02
2026-03-09 18:11:29,890 - INFO - T40 E1/50 | L: 0.40541609/0.32714276 | F1 M: 0.38434603 D: 0.12297488 | [S/N/B]: [0.0000/0.9071/0.2459] | LR: 0.00005026
2026-03-09 18:11:46,111 - INFO - T40 E2/50 | L: 0.38428558/0.32519934 | F1 M: 0.38865271 D: 0.12669268 | [S/N/B]: [0.0000/0.9126/0.2534] | LR: 0.00005011
2026-03-09 18:12:02,369 - INFO - T40 E3/50 | L: 0.38073776/0.32526520 | F1 M: 0.38758341 D: 0.12607209 | [S/N/B]: [0.0000/0.9106/0.2521] | LR: 0.00004986
2026-03-09 18:12:18,282 - INFO - T40 E4/50 | L: 0.37770457/0.32626181 | F1 M: 0.38903393 D: 0.12787581 | [S/N/B]: [0.0000/0.9114/0.2558] | LR: 0.00004952
2026-03-09 18:12:18,669 - INFO - Trial 40 pruned by Optuna at epoch 4
