2026-03-09 18:57:41,322 - INFO - Trial 53 finished with value: 0.44484114413196946 and parameters: {'tcn_channels': 128, 'lstm_hidden': 128, 'num_lstm_layers': 6, 'batch_size': 128, 'dropout': 0.3290532524309458, 'seq_len': 96, 'lr': 6.453579036008926e-05, 'weight_decay': 0.001296502273538083, 'base_alpha_side': 1.754628693808551, 'base_alpha_neutral': 0.721013474888085, 'base_loss_gamma': 2.1403166465155286, 'base_loss_smoothing': 0.02687144225300125}. Best is trial 53 with value: 0.44484114413196946.
2026-03-09 18:57:43,801 - INFO - SequenceDataset: 152966/228206 valid sequences (Lookback protection active).
2026-03-09 18:57:43,802 - INFO - SequenceDataset: 65585/97790 valid sequences (Lookback protection active).
2026-03-09 18:57:44,864 - INFO - Trial 54 START | tcn=128, lstm=128, layers=5, batch=256, seq=96, drop=0.3294, lr=0.000064, wd=0.0010 | alpha=[1.79, 0.64, 1.79], gamma=2.38, smooth=0.02
2026-03-09 18:58:01,664 - INFO - T54 E1/50 | L: 0.31158747/0.25437724 | F1 M: 0.37910634 D: 0.13002108 | [S/N/B]: [0.0000/0.8773/0.2600] | LR: 0.00006408
2026-03-09 18:58:19,007 - INFO - T54 E2/50 | L: 0.30172369/0.25200345 | F1 M: 0.38035735 D: 0.13185351 | [S/N/B]: [0.0000/0.8774/0.2637] | LR: 0.00006389
2026-03-09 18:58:36,130 - INFO - T54 E3/50 | L: 0.29985157/0.25058280 | F1 M: 0.42640389 D: 0.19371622 | [S/N/B]: [0.1224/0.8918/0.2651] | LR: 0.00006357
2026-03-09 18:58:53,007 - INFO - T54 E4/50 | L: 0.29813967/0.25218484 | F1 M: 0.41218776 D: 0.18672953 | [S/N/B]: [0.1251/0.8631/0.2483] | LR: 0.00006313
2026-03-09 18:59:10,242 - INFO - T54 E5/50 | L: 0.29685884/0.25046973 | F1 M: 0.43826134 D: 0.21300235 | [S/N/B]: [0.1791/0.8888/0.2470] | LR: 0.00006257
2026-03-09 18:59:27,300 - INFO - T54 E6/50 | L: 0.29523273/0.25144291 | F1 M: 0.43378427 D: 0.20519943 | [S/N/B]: [0.1482/0.8910/0.2622] | LR: 0.00006189
2026-03-09 18:59:44,243 - INFO - T54 E7/50 | L: 0.29402213/0.25210016 | F1 M: 0.43571617 D: 0.20871760 | [S/N/B]: [0.1622/0.8897/0.2553] | LR: 0.00006109
2026-03-09 19:00:00,980 - INFO - T54 E8/50 | L: 0.29299588/0.25365903 | F1 M: 0.43634431 D: 0.20742159 | [S/N/B]: [0.2277/0.8942/0.1872] | LR: 0.00006017
2026-03-09 19:00:01,111 - INFO - Trial 54 stopped early due to patience (3 epochs without improvement)
2026-03-09 19:00:01,509 - INFO - Trial 54 finished with value: 0.43826134422766594 and parameters: {'tcn_channels': 128, 'lstm_hidden': 128, 'num_lstm_layers': 5, 'batch_size': 256, 'dropout': 0.329359136299149, 'seq_len': 96, 'lr': 6.41400312895946e-05, 'weight_decay': 0.0010402493749971202, 'base_alpha_side': 1.787981480300183, 'base_alpha_neutral': 0.635665504914135, 'base_loss_gamma': 2.3832988267168416, 'base_loss_smoothing': 0.024050956523811534}. Best is trial 53 with value: 0.44484114413196946.
2026-03-09 19:00:03,863 - INFO - SequenceDataset: 191030/228254 valid sequences (Lookback protection active).
2026-03-09 19:00:03,864 - INFO - SequenceDataset: 81905/97838 valid sequences (Lookback protection active).
2026-03-09 19:00:04,826 - INFO - Trial 55 START | tcn=128, lstm=128, layers=7, batch=128, seq=48, drop=0.3468, lr=0.000056, wd=0.0013 | alpha=[1.50, 0.71, 1.50], gamma=1.12, smooth=0.02
2026-03-09 19:00:47,193 - INFO - T55 E1/50 | L: 0.37562803/0.30708372 | F1 M: 0.38514266 D: 0.11093367 | [S/N/B]: [0.0000/0.9336/0.2219] | LR: 0.00005600
2026-03-09 19:01:29,508 - INFO - T55 E2/50 | L: 0.36084435/0.30197568 | F1 M: 0.38396390 D: 0.10774648 | [S/N/B]: [0.0000/0.9364/0.2155] | LR: 0.00005584
2026-03-09 19:02:11,956 - INFO - T55 E3/50 | L: 0.35719337/0.29988204 | F1 M: 0.38721335 D: 0.11264595 | [S/N/B]: [0.0017/0.9363/0.2236] | LR: 0.00005556
2026-03-09 19:02:12,279 - INFO - Trial 55 pruned by Optuna at epoch 3
2026-03-09 19:02:12,493 - INFO - Trial 55 pruned. 
2026-03-09 19:02:14,444 - INFO - SequenceDataset: 210062/228278 valid sequences (Lookback protection active).
2026-03-09 19:02:14,445 - INFO - SequenceDataset: 90065/97862 valid sequences (Lookback protection active).
2026-03-09 19:02:15,269 - INFO - Trial 56 START | tcn=128, lstm=128, layers=6, batch=128, seq=24, drop=0.3155, lr=0.000019, wd=0.0006 | alpha=[2.13, 0.70, 2.13], gamma=2.17, smooth=0.01
2026-03-09 19:02:57,580 - INFO - T56 E1/50 | L: 0.39347108/0.31959248 | F1 M: 0.38092728 D: 0.12180458 | [S/N/B]: [0.2436/0.8992/0.0000] | LR: 0.00001862
2026-03-09 19:03:41,883 - INFO - T56 E2/50 | L: 0.37678292/0.31557703 | F1 M: 0.43239350 D: 0.19273662 | [S/N/B]: [0.1571/0.9117/0.2284] | LR: 0.00001857
2026-03-09 19:04:24,877 - INFO - T56 E3/50 | L: 0.37432008/0.31420920 | F1 M: 0.43479350 D: 0.19687805 | [S/N/B]: [0.1728/0.9106/0.2210] | LR: 0.00001847
2026-03-09 19:05:07,994 - INFO - T56 E4/50 | L: 0.37244631/0.31278510 | F1 M: 0.43341758 D: 0.19190509 | [S/N/B]: [0.1476/0.9164/0.2362] | LR: 0.00001835
2026-03-09 19:05:50,584 - INFO - T56 E5/50 | L: 0.37125013/0.31208747 | F1 M: 0.43531245 D: 0.19487098 | [S/N/B]: [0.1784/0.9162/0.2114] | LR: 0.00001818
2026-03-09 19:06:30,052 - INFO - T56 E6/50 | L: 0.36981276/0.31216832 | F1 M: 0.43085290 D: 0.19066206 | [S/N/B]: [0.1333/0.9112/0.2480] | LR: 0.00001798
2026-03-09 19:07:12,866 - INFO - T56 E7/50 | L: 0.36846402/0.31195925 | F1 M: 0.43059831 D: 0.19055522 | [S/N/B]: [0.1314/0.9107/0.2497] | LR: 0.00001775
2026-03-09 19:07:55,875 - INFO - T56 E8/50 | L: 0.36765038/0.31266677 | F1 M: 0.43734991 D: 0.19899583 | [S/N/B]: [0.1637/0.9141/0.2343] | LR: 0.00001749
2026-03-09 19:08:38,716 - INFO - T56 E9/50 | L: 0.36675454/0.31388084 | F1 M: 0.43323994 D: 0.18940559 | [S/N/B]: [0.1409/0.9209/0.2379] | LR: 0.00001719
2026-03-09 19:09:21,440 - INFO - T56 E10/50 | L: 0.36573080/0.31214203 | F1 M: 0.43868858 D: 0.20089073 | [S/N/B]: [0.1847/0.9143/0.2171] | LR: 0.00001686
2026-03-09 19:09:21,669 - INFO - Trial 56 stopped early due to patience (3 epochs without improvement)
2026-03-09 19:09:21,862 - INFO - Trial 56 finished with value: 0.4386885761636174 and parameters: {'tcn_channels': 128, 'lstm_hidden': 128, 'num_lstm_layers': 6, 'batch_size': 128, 'dropout': 0.3155170556320349, 'seq_len': 24, 'lr': 1.8638811128233516e-05, 'weight_decay': 0.0006146043199561139, 'base_alpha_side': 2.134433528381167, 'base_alpha_neutral': 0.697044413912504, 'base_loss_gamma': 2.1658682622891456, 'base_loss_smoothing': 0.010573337593041479}. Best is trial 53 with value: 0.44484114413196946.
2026-03-09 19:09:23,194 - INFO - SequenceDataset: 152966/228206 valid sequences (Lookback protection active).
2026-03-09 19:09:23,195 - INFO - SequenceDataset: 65585/97790 valid sequences (Lookback protection active).
2026-03-09 19:09:23,948 - INFO - Trial 57 START | tcn=128, lstm=128, layers=5, batch=128, seq=96, drop=0.3000, lr=0.000079, wd=0.0010 | alpha=[1.70, 0.11, 1.70], gamma=2.53, smooth=0.08
2026-03-09 19:09:53,902 - INFO - T57 E1/50 | L: 0.10863279/0.08127915 | F1 M: 0.09799864 D: 0.14699796 | [S/N/B]: [0.2319/0.0000/0.0621] | LR: 0.00007843
2026-03-09 19:10:24,533 - INFO - T57 E2/50 | L: 0.10125543/0.08125436 | F1 M: 0.04025515 D: 0.06038272 | [S/N/B]: [0.0005/0.0000/0.1203] | LR: 0.00007820
2026-03-09 19:10:54,142 - INFO - T57 E3/50 | L: 0.10037132/0.08113366 | F1 M: 0.08618584 D: 0.12927875 | [S/N/B]: [0.2004/0.0000/0.0582] | LR: 0.00007782
2026-03-09 19:10:54,398 - INFO - Trial 57 pruned by Optuna at epoch 3
2026-03-09 19:10:54,718 - INFO - Trial 57 pruned. 
2026-03-09 19:10:57,208 - INFO - SequenceDataset: 152966/228206 valid sequences (Lookback protection active).
2026-03-09 19:10:57,209 - INFO - SequenceDataset: 65585/97790 valid sequences (Lookback protection active).
2026-03-09 19:10:57,665 - INFO - Trial 58 START | tcn=512, lstm=128, layers=6, batch=256, seq=96, drop=0.5657, lr=0.000051, wd=0.0021 | alpha=[2.47, 0.77, 2.47], gamma=2.15, smooth=0.04
2026-03-09 19:11:34,108 - INFO - T58 E1/50 | L: 0.55585311/0.45247125 | F1 M: 0.38811536 D: 0.13184303 | [S/N/B]: [0.0000/0.9007/0.2637] | LR: 0.00005119
2026-03-09 19:12:11,562 - INFO - T58 E2/50 | L: 0.53567399/0.45244190 | F1 M: 0.38270570 D: 0.13129027 | [S/N/B]: [0.0000/0.8855/0.2626] | LR: 0.00005104
2026-03-09 19:12:48,111 - INFO - T58 E3/50 | L: 0.53160977/0.45018359 | F1 M: 0.39094195 D: 0.13649654 | [S/N/B]: [0.0000/0.8998/0.2730] | LR: 0.00005078
2026-03-09 19:13:25,740 - INFO - T58 E4/50 | L: 0.52789512/0.44908860 | F1 M: 0.39992273 D: 0.14955451 | [S/N/B]: [0.0255/0.9007/0.2736] | LR: 0.00005043
2026-03-09 19:13:26,126 - INFO - Trial 58 pruned by Optuna at epoch 4
2026-03-09 19:13:26,368 - INFO - Trial 58 pruned. 
2026-03-09 19:13:29,310 - INFO - SequenceDataset: 191030/228254 valid sequences (Lookback protection active).
2026-03-09 19:13:29,311 - INFO - SequenceDataset: 81905/97838 valid sequences (Lookback protection active).
2026-03-09 19:13:29,815 - INFO - Trial 59 START | tcn=128, lstm=128, layers=6, batch=128, seq=48, drop=0.3210, lr=0.000091, wd=0.0008 | alpha=[2.10, 0.29, 2.10], gamma=1.42, smooth=0.03
2026-03-09 19:14:09,405 - INFO - T59 E1/50 | L: 0.30519188/0.25227752 | F1 M: 0.33207024 D: 0.15731126 | [S/N/B]: [0.2328/0.6816/0.0818] | LR: 0.00009071
2026-03-09 19:14:48,992 - INFO - T59 E2/50 | L: 0.29812146/0.25223355 | F1 M: 0.30737916 D: 0.14572443 | [S/N/B]: [0.1262/0.6307/0.1653] | LR: 0.00009044
2026-03-09 19:15:28,363 - INFO - T59 E3/50 | L: 0.29615350/0.25093769 | F1 M: 0.33025373 D: 0.15487500 | [S/N/B]: [0.1454/0.6810/0.1644] | LR: 0.00008999
2026-03-09 19:15:29,206 - INFO - Trial 59 pruned by Optuna at epoch 3
2026-03-09 19:15:29,440 - INFO - Trial 59 pruned. 
2026-03-09 19:15:31,909 - INFO - SequenceDataset: 210062/228278 valid sequences (Lookback protection active).
2026-03-09 19:15:31,910 - INFO - SequenceDataset: 90065/97862 valid sequences (Lookback protection active).
2026-03-09 19:15:32,341 - INFO - Trial 60 START | tcn=128, lstm=128, layers=5, batch=128, seq=24, drop=0.4516, lr=0.000046, wd=0.0028 | alpha=[2.30, 0.60, 2.30], gamma=1.01, smooth=0.02
2026-03-09 19:16:13,271 - INFO - T60 E1/50 | L: 0.51878855/0.42945629 | F1 M: 0.43941902 D: 0.20081365 | [S/N/B]: [0.1791/0.9166/0.2225] | LR: 0.00004581
2026-03-09 19:16:53,265 - INFO - T60 E2/50 | L: 0.50451399/0.42620460 | F1 M: 0.39553837 D: 0.13271801 | [S/N/B]: [0.0000/0.9212/0.2654] | LR: 0.00004567
2026-03-09 19:17:33,447 - INFO - T60 E3/50 | L: 0.50079142/0.42501420 | F1 M: 0.39779532 D: 0.13514392 | [S/N/B]: [0.0000/0.9231/0.2703] | LR: 0.00004545
2026-03-09 19:18:13,559 - INFO - T60 E4/50 | L: 0.49860536/0.42505681 | F1 M: 0.41082067 D: 0.15800186 | [S/N/B]: [0.0487/0.9165/0.2673] | LR: 0.00004513
2026-03-09 19:18:53,129 - INFO - T60 E5/50 | L: 0.49658454/0.42434586 | F1 M: 0.40887775 D: 0.15269378 | [S/N/B]: [0.0387/0.9212/0.2667] | LR: 0.00004473
2026-03-09 19:19:33,238 - INFO - T60 E6/50 | L: 0.49506300/0.42581083 | F1 M: 0.42509847 D: 0.17846306 | [S/N/B]: [0.0930/0.9184/0.2639] | LR: 0.00004424
2026-03-09 19:20:12,757 - INFO - T60 E7/50 | L: 0.49412243/0.42473774 | F1 M: 0.42464935 D: 0.17630616 | [S/N/B]: [0.0973/0.9213/0.2554] | LR: 0.00004367
2026-03-09 19:20:53,715 - INFO - T60 E8/50 | L: 0.49298704/0.42480162 | F1 M: 0.42430479 D: 0.17784575 | [S/N/B]: [0.0965/0.9172/0.2592] | LR: 0.00004302
2026-03-09 19:20:54,199 - INFO - Trial 60 stopped early due to patience (3 epochs without improvement)
2026-03-09 19:20:54,531 - INFO - Trial 60 finished with value: 0.4394190233528707 and parameters: {'tcn_channels': 128, 'lstm_hidden': 128, 'num_lstm_layers': 5, 'batch_size': 128, 'dropout': 0.4516486692425719, 'seq_len': 24, 'lr': 4.585281964906093e-05, 'weight_decay': 0.0028185708891760707, 'base_alpha_side': 2.2954343656736658, 'base_alpha_neutral': 0.6030658059130698, 'base_loss_gamma': 1.0132595080119782, 'base_loss_smoothing': 0.01885796672528321}. Best is trial 53 with value: 0.44484114413196946.
2026-03-09 19:20:56,780 - INFO - SequenceDataset: 152966/228206 valid sequences (Lookback protection active).
2026-03-09 19:20:56,780 - INFO - SequenceDataset: 65585/97790 valid sequences (Lookback protection active).
2026-03-09 19:20:58,103 - INFO - Trial 61 START | tcn=128, lstm=128, layers=6, batch=128, seq=96, drop=0.3621, lr=0.000060, wd=0.0013 | alpha=[3.46, 0.73, 3.46], gamma=1.79, smooth=0.04
2026-03-09 19:21:30,344 - INFO - T61 E1/50 | L: 0.80365372/0.65821348 | F1 M: 0.41694978 D: 0.17998969 | [S/N/B]: [0.2329/0.8909/0.1271] | LR: 0.00005998
2026-03-09 19:22:03,597 - INFO - T61 E2/50 | L: 0.78384210/0.65384207 | F1 M: 0.43678008 D: 0.20872524 | [S/N/B]: [0.1870/0.8929/0.2305] | LR: 0.00005981
2026-03-09 19:22:36,329 - INFO - T61 E3/50 | L: 0.77866238/0.65599254 | F1 M: 0.41633465 D: 0.19236541 | [S/N/B]: [0.2271/0.8643/0.1577] | LR: 0.00005951
2026-03-09 19:23:09,185 - INFO - T61 E4/50 | L: 0.77425069/0.65211921 | F1 M: 0.43313175 D: 0.21237491 | [S/N/B]: [0.1677/0.8746/0.2570] | LR: 0.00005910
2026-03-09 19:23:41,683 - INFO - T61 E5/50 | L: 0.77118311/0.65011114 | F1 M: 0.43925941 D: 0.21339355 | [S/N/B]: [0.1910/0.8910/0.2358] | LR: 0.00005857
2026-03-09 19:24:16,182 - INFO - T61 E6/50 | L: 0.76785729/0.65011563 | F1 M: 0.44016927 D: 0.21560776 | [S/N/B]: [0.2137/0.8893/0.2175] | LR: 0.00005794
2026-03-09 19:24:49,367 - INFO - T61 E7/50 | L: 0.76430921/0.66147843 | F1 M: 0.44176874 D: 0.21083564 | [S/N/B]: [0.1913/0.9036/0.2304] | LR: 0.00005719
2026-03-09 19:25:22,730 - INFO - T61 E8/50 | L: 0.76207038/0.65333679 | F1 M: 0.42908031 D: 0.20874187 | [S/N/B]: [0.2049/0.8698/0.2126] | LR: 0.00005633
2026-03-09 19:25:22,893 - INFO - Trial 61 stopped early due to patience (3 epochs without improvement)
2026-03-09 19:25:23,244 - INFO - Trial 61 finished with value: 0.4417687419548337 and parameters: {'tcn_channels': 128, 'lstm_hidden': 128, 'num_lstm_layers': 6, 'batch_size': 128, 'dropout': 0.36214687262932455, 'seq_len': 96, 'lr': 6.0043817187039114e-05, 'weight_decay': 0.001300688576773925, 'base_alpha_side': 3.4578660384954962, 'base_alpha_neutral': 0.7290213300355941, 'base_loss_gamma': 1.7898629878572951, 'base_loss_smoothing': 0.04060615107387721}. Best is trial 53 with value: 0.44484114413196946.
2026-03-09 19:25:25,428 - INFO - SequenceDataset: 152966/228206 valid sequences (Lookback protection active).
2026-03-09 19:25:25,429 - INFO - SequenceDataset: 65585/97790 valid sequences (Lookback protection active).
2026-03-09 19:25:26,597 - INFO - Trial 62 START | tcn=128, lstm=128, layers=6, batch=128, seq=96, drop=0.3840, lr=0.000059, wd=0.0013 | alpha=[3.50, 0.69, 3.50], gamma=1.30, smooth=0.12
2026-03-09 19:25:58,758 - INFO - T62 E1/50 | L: 0.99612350/0.86831216 | F1 M: 0.39682437 D: 0.16233571 | [S/N/B]: [0.0761/0.8658/0.2486] | LR: 0.00005880
2026-03-09 19:26:32,224 - INFO - T62 E2/50 | L: 0.98144013/0.86335221 | F1 M: 0.37876234 D: 0.13128434 | [S/N/B]: [0.0000/0.8737/0.2626] | LR: 0.00005862
2026-03-09 19:27:05,316 - INFO - T62 E3/50 | L: 0.97707974/0.86123118 | F1 M: 0.43035729 D: 0.20178776 | [S/N/B]: [0.1460/0.8875/0.2575] | LR: 0.00005833
2026-03-09 19:27:37,759 - INFO - T62 E4/50 | L: 0.97342054/0.86255288 | F1 M: 0.41688441 D: 0.19515420 | [S/N/B]: [0.1274/0.8603/0.2629] | LR: 0.00005793
2026-03-09 19:28:09,926 - INFO - T62 E5/50 | L: 0.97158216/0.86090685 | F1 M: 0.42316295 D: 0.20041596 | [S/N/B]: [0.1449/0.8687/0.2560] | LR: 0.00005741
2026-03-09 19:28:42,509 - INFO - T62 E6/50 | L: 0.96965868/0.86053591 | F1 M: 0.43597309 D: 0.21121140 | [S/N/B]: [0.1824/0.8855/0.2400] | LR: 0.00005679
2026-03-09 19:29:14,757 - INFO - T62 E7/50 | L: 0.96644748/0.86443573 | F1 M: 0.43466548 D: 0.20902082 | [S/N/B]: [0.1895/0.8860/0.2285] | LR: 0.00005605
2026-03-09 19:29:46,251 - INFO - T62 E8/50 | L: 0.96406466/0.86411518 | F1 M: 0.43202757 D: 0.21028595 | [S/N/B]: [0.1824/0.8755/0.2381] | LR: 0.00005521
2026-03-09 19:30:19,314 - INFO - T62 E9/50 | L: 0.96156717/0.86489638 | F1 M: 0.43729718 D: 0.21526702 | [S/N/B]: [0.2100/0.8814/0.2206] | LR: 0.00005427
2026-03-09 19:30:19,888 - INFO - Trial 62 stopped early due to patience (3 epochs without improvement)
2026-03-09 19:30:20,545 - INFO - Trial 62 finished with value: 0.4372971756040036 and parameters: {'tcn_channels': 128, 'lstm_hidden': 128, 'num_lstm_layers': 6, 'batch_size': 128, 'dropout': 0.38400462257638646, 'seq_len': 96, 'lr': 5.885348147635353e-05, 'weight_decay': 0.0012834665337418344, 'base_alpha_side': 3.498139950820063, 'base_alpha_neutral': 0.6901573468044775, 'base_loss_gamma': 1.302484771462777, 'base_loss_smoothing': 0.12241608919185669}. Best is trial 53 with value: 0.44484114413196946.
2026-03-09 19:30:21,477 - INFO - SequenceDataset: 152966/228206 valid sequences (Lookback protection active).
2026-03-09 19:30:21,478 - INFO - SequenceDataset: 65585/97790 valid sequences (Lookback protection active).
2026-03-09 19:30:22,548 - INFO - Trial 63 START | tcn=128, lstm=128, layers=6, batch=128, seq=96, drop=0.3634, lr=0.000069, wd=0.0024 | alpha=[3.79, 0.73, 3.79], gamma=1.93, smooth=0.04
2026-03-09 19:30:54,999 - INFO - T63 E1/50 | L: 0.84783262/0.69621830 | F1 M: 0.42287588 D: 0.19822248 | [S/N/B]: [0.1349/0.8722/0.2615] | LR: 0.00006871
2026-03-09 19:31:28,099 - INFO - T63 E2/50 | L: 0.82995847/0.69106850 | F1 M: 0.42297586 D: 0.20101941 | [S/N/B]: [0.1411/0.8669/0.2609] | LR: 0.00006850
2026-03-09 19:32:01,486 - INFO - T63 E3/50 | L: 0.82382782/0.68969688 | F1 M: 0.42573699 D: 0.19993433 | [S/N/B]: [0.1343/0.8773/0.2655] | LR: 0.00006817
2026-03-09 19:32:34,003 - INFO - T63 E4/50 | L: 0.81981274/0.69034785 | F1 M: 0.42573468 D: 0.20698478 | [S/N/B]: [0.1609/0.8632/0.2531] | LR: 0.00006769
2026-03-09 19:33:06,279 - INFO - T63 E5/50 | L: 0.81745665/0.69111413 | F1 M: 0.42419241 D: 0.20720527 | [S/N/B]: [0.1536/0.8582/0.2608] | LR: 0.00006709
2026-03-09 19:33:40,297 - INFO - T63 E6/50 | L: 0.81290655/0.69385367 | F1 M: 0.43798507 D: 0.21375521 | [S/N/B]: [0.2144/0.8864/0.2131] | LR: 0.00006636
2026-03-09 19:33:40,897 - INFO - Trial 63 stopped early due to patience (3 epochs without improvement)
2026-03-09 19:33:41,185 - INFO - Trial 63 finished with value: 0.4379850735170718 and parameters: {'tcn_channels': 128, 'lstm_hidden': 128, 'num_lstm_layers': 6, 'batch_size': 128, 'dropout': 0.3633803069524295, 'seq_len': 96, 'lr': 6.877483311619542e-05, 'weight_decay': 0.0023543508090529365, 'base_alpha_side': 3.7865472830648312, 'base_alpha_neutral': 0.7267758533321457, 'base_loss_gamma': 1.932144107284428, 'base_loss_smoothing': 0.03771470816328043}. Best is trial 53 with value: 0.44484114413196946.
2026-03-09 19:33:43,087 - INFO - SequenceDataset: 152966/228206 valid sequences (Lookback protection active).
2026-03-09 19:33:43,087 - INFO - SequenceDataset: 65585/97790 valid sequences (Lookback protection active).
2026-03-09 19:33:44,112 - INFO - Trial 64 START | tcn=128, lstm=128, layers=7, batch=128, seq=96, drop=0.3426, lr=0.000022, wd=0.0099 | alpha=[2.52, 0.66, 2.52], gamma=1.61, smooth=0.03
2026-03-09 19:34:18,083 - INFO - T64 E1/50 | L: 0.58380271/0.47563756 | F1 M: 0.42703931 D: 0.19653668 | [S/N/B]: [0.1847/0.8880/0.2084] | LR: 0.00002230
2026-03-09 19:34:53,187 - INFO - T64 E2/50 | L: 0.56379629/0.47109706 | F1 M: 0.42499275 D: 0.18820343 | [S/N/B]: [0.1289/0.8986/0.2475] | LR: 0.00002223
2026-03-09 19:35:28,744 - INFO - T64 E3/50 | L: 0.56068784/0.46907266 | F1 M: 0.42879777 D: 0.19890544 | [S/N/B]: [0.1459/0.8886/0.2519] | LR: 0.00002212
2026-03-09 19:36:04,315 - INFO - T64 E4/50 | L: 0.55763020/0.46745666 | F1 M: 0.43684126 D: 0.20567545 | [S/N/B]: [0.1935/0.8992/0.2179] | LR: 0.00002197
2026-03-09 19:36:39,223 - INFO - T64 E5/50 | L: 0.55621077/0.46860596 | F1 M: 0.43264861 D: 0.20831332 | [S/N/B]: [0.1786/0.8813/0.2381] | LR: 0.00002178
2026-03-09 19:37:14,521 - INFO - T64 E6/50 | L: 0.55398758/0.46522493 | F1 M: 0.43694011 D: 0.20891900 | [S/N/B]: [0.1683/0.8930/0.2496] | LR: 0.00002154
2026-03-09 19:37:49,524 - INFO - T64 E7/50 | L: 0.55196077/0.46504159 | F1 M: 0.43676145 D: 0.20925594 | [S/N/B]: [0.1735/0.8918/0.2450] | LR: 0.00002126
2026-03-09 19:38:24,741 - INFO - T64 E8/50 | L: 0.55135181/0.46606849 | F1 M: 0.43924875 D: 0.21290257 | [S/N/B]: [0.1788/0.8919/0.2470] | LR: 0.00002094
2026-03-09 19:38:59,743 - INFO - T64 E9/50 | L: 0.54926314/0.46411739 | F1 M: 0.43714453 D: 0.20988974 | [S/N/B]: [0.1721/0.8917/0.2477] | LR: 0.00002058
2026-03-09 19:39:33,656 - INFO - T64 E10/50 | L: 0.54787988/0.46491066 | F1 M: 0.43757684 D: 0.21142361 | [S/N/B]: [0.1723/0.8899/0.2506] | LR: 0.00002019
2026-03-09 19:40:07,567 - INFO - T64 E11/50 | L: 0.54700648/0.46688982 | F1 M: 0.43703401 D: 0.21128478 | [S/N/B]: [0.1866/0.8885/0.2360] | LR: 0.00001976
2026-03-09 19:40:42,254 - INFO - T64 E12/50 | L: 0.54486346/0.46505550 | F1 M: 0.43834802 D: 0.21060101 | [S/N/B]: [0.1982/0.8938/0.2230] | LR: 0.00001930
2026-03-09 19:40:42,671 - INFO - Trial 64 stopped early due to patience (3 epochs without improvement)
2026-03-09 19:40:43,372 - INFO - Trial 64 finished with value: 0.43924875136996694 and parameters: {'tcn_channels': 128, 'lstm_hidden': 128, 'num_lstm_layers': 7, 'batch_size': 128, 'dropout': 0.3425749096622129, 'seq_len': 96, 'lr': 2.232225487398838e-05, 'weight_decay': 0.00992504130014248, 'base_alpha_side': 2.522150114830315, 'base_alpha_neutral': 0.6571885470658669, 'base_loss_gamma': 1.6118435283004473, 'base_loss_smoothing': 0.026967663492731615}. Best is trial 53 with value: 0.44484114413196946.
2026-03-09 19:40:45,751 - INFO - SequenceDataset: 152966/228206 valid sequences (Lookback protection active).
2026-03-09 19:40:45,752 - INFO - SequenceDataset: 65585/97790 valid sequences (Lookback protection active).
2026-03-09 19:40:46,234 - INFO - Trial 65 START | tcn=128, lstm=64, layers=6, batch=128, seq=96, drop=0.4793, lr=0.000065, wd=0.0019 | alpha=[1.97, 0.62, 1.97], gamma=1.83, smooth=0.03
2026-03-09 19:41:18,889 - INFO - T65 E1/50 | L: 0.41464425/0.33643943 | F1 M: 0.38634445 D: 0.13061770 | [S/N/B]: [0.0000/0.8978/0.2612] | LR: 0.00006535
2026-03-09 19:41:51,861 - INFO - T65 E2/50 | L: 0.40058982/0.33566619 | F1 M: 0.37979629 D: 0.13010092 | [S/N/B]: [0.0000/0.8792/0.2602] | LR: 0.00006516
2026-03-09 19:42:24,353 - INFO - T65 E3/50 | L: 0.39780723/0.33335202 | F1 M: 0.38715815 D: 0.13446715 | [S/N/B]: [0.0000/0.8925/0.2689] | LR: 0.00006484
