2026-03-09 20:19:52,665 - INFO - Trial 78 pruned. 
2026-03-09 20:19:55,271 - INFO - SequenceDataset: 152966/228206 valid sequences (Lookback protection active).
2026-03-09 20:19:55,272 - INFO - SequenceDataset: 65585/97790 valid sequences (Lookback protection active).
2026-03-09 20:19:56,324 - INFO - Trial 79 START | tcn=128, lstm=32, layers=5, batch=512, seq=96, drop=0.4581, lr=0.000086, wd=0.0034 | alpha=[2.95, 0.78, 2.95], gamma=1.17, smooth=0.02
2026-03-09 20:20:06,466 - INFO - T79 E1/50 | L: 0.84070075/0.65029405 | F1 M: 0.38359637 D: 0.12821360 | [S/N/B]: [0.0000/0.8944/0.2564] | LR: 0.00008586
2026-03-09 20:20:17,941 - INFO - T79 E2/50 | L: 0.77398887/0.63728905 | F1 M: 0.38725274 D: 0.13174497 | [S/N/B]: [0.0000/0.8983/0.2635] | LR: 0.00008561
2026-03-09 20:20:28,601 - INFO - T79 E3/50 | L: 0.76518251/0.63510444 | F1 M: 0.38649991 D: 0.13294288 | [S/N/B]: [0.0000/0.8936/0.2659] | LR: 0.00008518
2026-03-09 20:20:29,284 - INFO - Trial 79 pruned by Optuna at epoch 3
2026-03-09 20:20:29,639 - INFO - Trial 79 pruned. 
2026-03-09 20:20:32,523 - INFO - SequenceDataset: 210062/228278 valid sequences (Lookback protection active).
2026-03-09 20:20:32,524 - INFO - SequenceDataset: 90065/97862 valid sequences (Lookback protection active).
2026-03-09 20:20:32,983 - INFO - Trial 80 START | tcn=256, lstm=128, layers=6, batch=128, seq=24, drop=0.4407, lr=0.000051, wd=0.0047 | alpha=[5.60, 0.71, 5.60], gamma=1.22, smooth=0.05
2026-03-09 20:21:15,645 - INFO - T80 E1/50 | L: 1.21985227/1.03491776 | F1 M: 0.37301514 D: 0.12012180 | [S/N/B]: [0.0000/0.8788/0.2402] | LR: 0.00005104
2026-03-09 20:21:59,042 - INFO - T80 E2/50 | L: 1.19613114/1.02983659 | F1 M: 0.40334505 D: 0.17552517 | [S/N/B]: [0.1236/0.8590/0.2275] | LR: 0.00005089
2026-03-09 20:22:41,976 - INFO - T80 E3/50 | L: 1.18806583/1.02814907 | F1 M: 0.42076724 D: 0.19045899 | [S/N/B]: [0.1531/0.8814/0.2278] | LR: 0.00005064
2026-03-09 20:23:24,918 - INFO - T80 E4/50 | L: 1.18163556/1.02461630 | F1 M: 0.42911834 D: 0.19956963 | [S/N/B]: [0.1687/0.8882/0.2304] | LR: 0.00005029
2026-03-09 20:24:07,654 - INFO - T80 E5/50 | L: 1.17666629/1.02876329 | F1 M: 0.42300393 D: 0.19618107 | [S/N/B]: [0.1589/0.8766/0.2334] | LR: 0.00004984
2026-03-09 20:24:50,809 - INFO - T80 E6/50 | L: 1.17131886/1.03191328 | F1 M: 0.42288156 D: 0.19490468 | [S/N/B]: [0.1592/0.8788/0.2306] | LR: 0.00004930
2026-03-09 20:25:33,798 - INFO - T80 E7/50 | L: 1.16689657/1.03250537 | F1 M: 0.41616728 D: 0.19362395 | [S/N/B]: [0.1710/0.8613/0.2163] | LR: 0.00004866
2026-03-09 20:25:33,876 - INFO - Trial 80 stopped early due to patience (3 epochs without improvement)
2026-03-09 20:25:34,548 - INFO - Trial 80 finished with value: 0.42911834026834245 and parameters: {'tcn_channels': 256, 'lstm_hidden': 128, 'num_lstm_layers': 6, 'batch_size': 128, 'dropout': 0.440693879503819, 'seq_len': 24, 'lr': 5.1094038843710735e-05, 'weight_decay': 0.00468622074507146, 'base_alpha_side': 5.596385618138384, 'base_alpha_neutral': 0.7122290634208585, 'base_loss_gamma': 1.2166724635830255, 'base_loss_smoothing': 0.0479568316426354}. Best is trial 53 with value: 0.44484114413196946.
2026-03-09 20:25:35,744 - INFO - SequenceDataset: 152966/228206 valid sequences (Lookback protection active).
2026-03-09 20:25:35,744 - INFO - SequenceDataset: 65585/97790 valid sequences (Lookback protection active).
2026-03-09 20:25:36,035 - INFO - Trial 81 START | tcn=128, lstm=128, layers=5, batch=128, seq=96, drop=0.3907, lr=0.000042, wd=0.0012 | alpha=[2.64, 0.76, 2.64], gamma=1.31, smooth=0.06
2026-03-09 20:26:06,648 - INFO - T81 E1/50 | L: 0.72038260/0.59672277 | F1 M: 0.39100701 D: 0.13308523 | [S/N/B]: [0.2662/0.9069/0.0000] | LR: 0.00004169
2026-03-09 20:26:38,177 - INFO - T81 E2/50 | L: 0.69931702/0.59407983 | F1 M: 0.41283510 D: 0.16657779 | [S/N/B]: [0.0654/0.9053/0.2678] | LR: 0.00004157
2026-03-09 20:27:08,866 - INFO - T81 E3/50 | L: 0.69546280/0.59168467 | F1 M: 0.42925835 D: 0.19103708 | [S/N/B]: [0.1147/0.9057/0.2673] | LR: 0.00004136
2026-03-09 20:27:39,721 - INFO - T81 E4/50 | L: 0.69320155/0.58856907 | F1 M: 0.42873696 D: 0.18572327 | [S/N/B]: [0.1244/0.9148/0.2470] | LR: 0.00004107
2026-03-09 20:28:11,515 - INFO - T81 E5/50 | L: 0.68995484/0.58895891 | F1 M: 0.43568209 D: 0.19480587 | [S/N/B]: [0.1780/0.9174/0.2116] | LR: 0.00004071
2026-03-09 20:28:42,730 - INFO - T81 E6/50 | L: 0.68707327/0.58836617 | F1 M: 0.43835981 D: 0.20097402 | [S/N/B]: [0.1562/0.9131/0.2457] | LR: 0.00004026
2026-03-09 20:29:13,620 - INFO - T81 E7/50 | L: 0.68514293/0.58909908 | F1 M: 0.43517121 D: 0.19878194 | [S/N/B]: [0.1440/0.9079/0.2536] | LR: 0.00003974
2026-03-09 20:29:44,969 - INFO - T81 E8/50 | L: 0.68254063/0.59132655 | F1 M: 0.43293658 D: 0.19722283 | [S/N/B]: [0.1362/0.9044/0.2583] | LR: 0.00003915
2026-03-09 20:30:14,881 - INFO - T81 E9/50 | L: 0.68125028/0.59069973 | F1 M: 0.44141927 D: 0.20655763 | [S/N/B]: [0.1767/0.9111/0.2364] | LR: 0.00003848
2026-03-09 20:30:15,407 - INFO - Trial 81 stopped early due to patience (3 epochs without improvement)
2026-03-09 20:30:16,070 - INFO - Trial 81 finished with value: 0.4414192712547593 and parameters: {'tcn_channels': 128, 'lstm_hidden': 128, 'num_lstm_layers': 5, 'batch_size': 128, 'dropout': 0.390690136192701, 'seq_len': 96, 'lr': 4.1730208265182025e-05, 'weight_decay': 0.0012256818424592024, 'base_alpha_side': 2.639607001334081, 'base_alpha_neutral': 0.7612537052565076, 'base_loss_gamma': 1.311404848777078, 'base_loss_smoothing': 0.05836643166961532}. Best is trial 53 with value: 0.44484114413196946.
2026-03-09 20:30:18,521 - INFO - SequenceDataset: 152966/228206 valid sequences (Lookback protection active).
2026-03-09 20:30:18,522 - INFO - SequenceDataset: 65585/97790 valid sequences (Lookback protection active).
2026-03-09 20:30:19,522 - INFO - Trial 82 START | tcn=128, lstm=128, layers=5, batch=128, seq=96, drop=0.3982, lr=0.000047, wd=0.0019 | alpha=[2.75, 0.68, 2.75], gamma=1.29, smooth=0.04
2026-03-09 20:30:49,868 - INFO - T82 E1/50 | L: 0.69472280/0.57058081 | F1 M: 0.43081700 D: 0.19764060 | [S/N/B]: [0.1461/0.8972/0.2492] | LR: 0.00004683
2026-03-09 20:31:20,499 - INFO - T82 E2/50 | L: 0.67533955/0.56671932 | F1 M: 0.44018169 D: 0.20721728 | [S/N/B]: [0.1843/0.9061/0.2301] | LR: 0.00004669
2026-03-09 20:31:51,867 - INFO - T82 E3/50 | L: 0.67040669/0.56434668 | F1 M: 0.44040784 D: 0.21020522 | [S/N/B]: [0.1631/0.9008/0.2573] | LR: 0.00004646
2026-03-09 20:32:24,114 - INFO - T82 E4/50 | L: 0.66825807/0.56429278 | F1 M: 0.43931472 D: 0.21256246 | [S/N/B]: [0.1750/0.8928/0.2501] | LR: 0.00004614
2026-03-09 20:32:55,326 - INFO - T82 E5/50 | L: 0.66499950/0.56573297 | F1 M: 0.43381957 D: 0.20565904 | [S/N/B]: [0.1484/0.8901/0.2629] | LR: 0.00004573
2026-03-09 20:33:25,859 - INFO - T82 E6/50 | L: 0.66262391/0.56411940 | F1 M: 0.44042412 D: 0.21324061 | [S/N/B]: [0.1743/0.8948/0.2522] | LR: 0.00004523
2026-03-09 20:33:57,129 - INFO - T82 E7/50 | L: 0.66056085/0.56461566 | F1 M: 0.44357034 D: 0.21826919 | [S/N/B]: [0.1930/0.8942/0.2435] | LR: 0.00004464
2026-03-09 20:34:27,297 - INFO - T82 E8/50 | L: 0.65858025/0.56434608 | F1 M: 0.44393326 D: 0.21358483 | [S/N/B]: [0.1943/0.9046/0.2329] | LR: 0.00004397
2026-03-09 20:34:57,938 - INFO - T82 E9/50 | L: 0.65676311/0.56833091 | F1 M: 0.44280634 D: 0.21150465 | [S/N/B]: [0.2025/0.9054/0.2205] | LR: 0.00004322
2026-03-09 20:34:58,031 - INFO - Trial 82 stopped early due to patience (3 epochs without improvement)
2026-03-09 20:34:58,285 - INFO - Trial 82 finished with value: 0.4439332612253299 and parameters: {'tcn_channels': 128, 'lstm_hidden': 128, 'num_lstm_layers': 5, 'batch_size': 128, 'dropout': 0.3982416975108487, 'seq_len': 96, 'lr': 4.687315889002251e-05, 'weight_decay': 0.0018985219928473022, 'base_alpha_side': 2.753605170679129, 'base_alpha_neutral': 0.6801814651813767, 'base_loss_gamma': 1.2867416518441885, 'base_loss_smoothing': 0.03981177710473344}. Best is trial 53 with value: 0.44484114413196946.
2026-03-09 20:35:00,350 - INFO - SequenceDataset: 152966/228206 valid sequences (Lookback protection active).
2026-03-09 20:35:00,350 - INFO - SequenceDataset: 65585/97790 valid sequences (Lookback protection active).
2026-03-09 20:35:00,690 - INFO - Trial 83 START | tcn=128, lstm=128, layers=5, batch=128, seq=96, drop=0.4278, lr=0.000076, wd=0.0019 | alpha=[3.01, 0.68, 3.01], gamma=1.38, smooth=0.04
2026-03-09 20:35:31,811 - INFO - T83 E1/50 | L: 0.73479769/0.61100974 | F1 M: 0.43615653 D: 0.21235728 | [S/N/B]: [0.1772/0.8838/0.2475] | LR: 0.00007604
2026-03-09 20:36:02,486 - INFO - T83 E2/50 | L: 0.71752890/0.60299030 | F1 M: 0.43577053 D: 0.20513811 | [S/N/B]: [0.1383/0.8970/0.2720] | LR: 0.00007581
2026-03-09 20:36:33,625 - INFO - T83 E3/50 | L: 0.71331809/0.60151785 | F1 M: 0.43590260 D: 0.20688318 | [S/N/B]: [0.1467/0.8939/0.2671] | LR: 0.00007544
2026-03-09 20:37:03,687 - INFO - T83 E4/50 | L: 0.71065794/0.60195131 | F1 M: 0.43464323 D: 0.20929448 | [S/N/B]: [0.1533/0.8853/0.2653] | LR: 0.00007492
2026-03-09 20:37:35,368 - INFO - T83 E5/50 | L: 0.70798829/0.60269015 | F1 M: 0.43674608 D: 0.20975881 | [S/N/B]: [0.1585/0.8907/0.2610] | LR: 0.00007425
2026-03-09 20:38:06,211 - INFO - T83 E6/50 | L: 0.70535392/0.60416781 | F1 M: 0.43924786 D: 0.21471963 | [S/N/B]: [0.1902/0.8883/0.2392] | LR: 0.00007344
2026-03-09 20:38:06,514 - INFO - Trial 83 stopped early due to patience (3 epochs without improvement)
2026-03-09 20:38:06,862 - INFO - Trial 83 finished with value: 0.43924786353870315 and parameters: {'tcn_channels': 128, 'lstm_hidden': 128, 'num_lstm_layers': 5, 'batch_size': 128, 'dropout': 0.4277739411377287, 'seq_len': 96, 'lr': 7.611330201102708e-05, 'weight_decay': 0.0019421300393906752, 'base_alpha_side': 3.005040644342912, 'base_alpha_neutral': 0.681386430803532, 'base_loss_gamma': 1.3753000255272807, 'base_loss_smoothing': 0.042594107721634425}. Best is trial 53 with value: 0.44484114413196946.
2026-03-09 20:38:09,263 - INFO - SequenceDataset: 152966/228206 valid sequences (Lookback protection active).
2026-03-09 20:38:09,264 - INFO - SequenceDataset: 65585/97790 valid sequences (Lookback protection active).
2026-03-09 20:38:10,588 - INFO - Trial 84 START | tcn=128, lstm=128, layers=6, batch=128, seq=96, drop=0.3970, lr=0.000045, wd=0.0026 | alpha=[3.36, 0.59, 3.36], gamma=2.30, smooth=0.03
2026-03-09 20:38:43,357 - INFO - T84 E1/50 | L: 0.64497001/0.52417321 | F1 M: 0.34291268 D: 0.11188760 | [S/N/B]: [0.0000/0.8050/0.2238] | LR: 0.00004477
2026-03-09 20:39:16,997 - INFO - T84 E2/50 | L: 0.62878767/0.52026266 | F1 M: 0.33583493 D: 0.10992387 | [S/N/B]: [0.0000/0.7877/0.2198] | LR: 0.00004463
2026-03-09 20:39:48,791 - INFO - T84 E3/50 | L: 0.62552260/0.52092189 | F1 M: 0.36507983 D: 0.16562525 | [S/N/B]: [0.1270/0.7640/0.2043] | LR: 0.00004441
2026-03-09 20:39:49,782 - INFO - Trial 84 pruned by Optuna at epoch 3
2026-03-09 20:39:50,073 - INFO - Trial 84 pruned. 
2026-03-09 20:39:52,614 - INFO - SequenceDataset: 152966/228206 valid sequences (Lookback protection active).
2026-03-09 20:39:52,615 - INFO - SequenceDataset: 65585/97790 valid sequences (Lookback protection active).
2026-03-09 20:39:53,633 - INFO - Trial 85 START | tcn=128, lstm=128, layers=5, batch=128, seq=96, drop=0.3342, lr=0.000057, wd=0.0017 | alpha=[2.77, 0.65, 2.77], gamma=1.26, smooth=0.04
2026-03-09 20:40:23,764 - INFO - T85 E1/50 | L: 0.68259045/0.56534526 | F1 M: 0.38614202 D: 0.13404344 | [S/N/B]: [0.0018/0.8903/0.2662] | LR: 0.00005695
2026-03-09 20:40:55,454 - INFO - T85 E2/50 | L: 0.66566215/0.56005870 | F1 M: 0.39164819 D: 0.13765553 | [S/N/B]: [0.0000/0.8996/0.2753] | LR: 0.00005678
2026-03-09 20:41:26,843 - INFO - T85 E3/50 | L: 0.66180449/0.56022403 | F1 M: 0.42317213 D: 0.18639781 | [S/N/B]: [0.0950/0.8967/0.2778] | LR: 0.00005650
2026-03-09 20:41:57,375 - INFO - T85 E4/50 | L: 0.65758691/0.55762043 | F1 M: 0.42474064 D: 0.18904957 | [S/N/B]: [0.1044/0.8961/0.2737] | LR: 0.00005611
2026-03-09 20:41:58,214 - INFO - Trial 85 pruned by Optuna at epoch 4
2026-03-09 20:41:58,703 - INFO - Trial 85 pruned. 
2026-03-09 20:42:00,833 - INFO - SequenceDataset: 133934/228182 valid sequences (Lookback protection active).
2026-03-09 20:42:00,834 - INFO - SequenceDataset: 57425/97766 valid sequences (Lookback protection active).
2026-03-09 20:42:01,318 - INFO - Trial 86 START | tcn=128, lstm=128, layers=4, batch=128, seq=120, drop=0.4115, lr=0.000067, wd=0.0016 | alpha=[2.52, 0.74, 2.52], gamma=1.46, smooth=0.07
2026-03-09 20:42:26,722 - INFO - T86 E1/50 | L: 0.68039477/0.56814301 | F1 M: 0.41841282 D: 0.17637418 | [S/N/B]: [0.0865/0.9025/0.2663] | LR: 0.00006671
2026-03-09 20:42:51,626 - INFO - T86 E2/50 | L: 0.66546597/0.56614196 | F1 M: 0.41882045 D: 0.17557832 | [S/N/B]: [0.0840/0.9053/0.2671] | LR: 0.00006651
2026-03-09 20:43:15,995 - INFO - T86 E3/50 | L: 0.66195556/0.56468929 | F1 M: 0.43017519 D: 0.19387212 | [S/N/B]: [0.1143/0.9028/0.2734] | LR: 0.00006618
2026-03-09 20:43:40,449 - INFO - T86 E4/50 | L: 0.65870380/0.56489030 | F1 M: 0.42219701 D: 0.18462745 | [S/N/B]: [0.0938/0.8973/0.2754] | LR: 0.00006572
2026-03-09 20:44:04,971 - INFO - T86 E5/50 | L: 0.65609826/0.56542128 | F1 M: 0.43929305 D: 0.20911798 | [S/N/B]: [0.1684/0.8996/0.2499] | LR: 0.00006514
2026-03-09 20:44:30,199 - INFO - T86 E6/50 | L: 0.65330030/0.56561126 | F1 M: 0.44237468 D: 0.21275022 | [S/N/B]: [0.1820/0.9016/0.2435] | LR: 0.00006443
2026-03-09 20:44:30,357 - INFO - Trial 86 stopped early due to patience (3 epochs without improvement)
2026-03-09 20:44:31,008 - INFO - Trial 86 finished with value: 0.44237467935492725 and parameters: {'tcn_channels': 128, 'lstm_hidden': 128, 'num_lstm_layers': 4, 'batch_size': 128, 'dropout': 0.41151920819332266, 'seq_len': 120, 'lr': 6.677335094879695e-05, 'weight_decay': 0.0015746741587146903, 'base_alpha_side': 2.521198413568216, 'base_alpha_neutral': 0.7385660252661286, 'base_loss_gamma': 1.4645668062061359, 'base_loss_smoothing': 0.06507654761061406}. Best is trial 53 with value: 0.44484114413196946.
2026-03-09 20:44:32,474 - INFO - SequenceDataset: 133934/228182 valid sequences (Lookback protection active).
2026-03-09 20:44:32,474 - INFO - SequenceDataset: 57425/97766 valid sequences (Lookback protection active).
2026-03-09 20:44:32,805 - INFO - Trial 87 START | tcn=256, lstm=128, layers=3, batch=128, seq=120, drop=0.3689, lr=0.000062, wd=0.0016 | alpha=[2.48, 0.74, 2.48], gamma=1.54, smooth=0.03
2026-03-09 20:44:55,776 - INFO - T87 E1/50 | L: 0.62388603/0.51349116 | F1 M: 0.39329954 D: 0.14065044 | [S/N/B]: [0.0005/0.8986/0.2808] | LR: 0.00006178
2026-03-09 20:45:18,644 - INFO - T87 E2/50 | L: 0.60896385/0.51168754 | F1 M: 0.44223884 D: 0.21033218 | [S/N/B]: [0.1935/0.9061/0.2271] | LR: 0.00006160
2026-03-09 20:45:41,401 - INFO - T87 E3/50 | L: 0.60346005/0.51051907 | F1 M: 0.44676942 D: 0.22013159 | [S/N/B]: [0.2079/0.9000/0.2324] | LR: 0.00006130
2026-03-09 20:45:41,703 - INFO - 🥇 [MACRO]  Trial 87 | Global F1 Macro record: 0.44676942 (prev: 0.44484114) → saved best_tcn_lstm.pt
2026-03-09 20:46:04,878 - INFO - T87 E4/50 | L: 0.59710567/0.51688021 | F1 M: 0.43980945 D: 0.21070462 | [S/N/B]: [0.2418/0.8980/0.1796] | LR: 0.00006087
2026-03-09 20:46:27,830 - INFO - T87 E5/50 | L: 0.58721718/0.52434032 | F1 M: 0.44192923 D: 0.21297058 | [S/N/B]: [0.2074/0.8998/0.2185] | LR: 0.00006033
2026-03-09 20:46:50,065 - INFO - T87 E6/50 | L: 0.57167062/0.54276895 | F1 M: 0.43792036 D: 0.20708388 | [S/N/B]: [0.2183/0.8996/0.1959] | LR: 0.00005967
2026-03-09 20:46:50,263 - INFO - Trial 87 stopped early due to patience (3 epochs without improvement)
2026-03-09 20:46:50,835 - INFO - Trial 87 finished with value: 0.4467694189369511 and parameters: {'tcn_channels': 256, 'lstm_hidden': 128, 'num_lstm_layers': 3, 'batch_size': 128, 'dropout': 0.3689209974716134, 'seq_len': 120, 'lr': 6.18433805675582e-05, 'weight_decay': 0.00157674028113971, 'base_alpha_side': 2.4834843617033147, 'base_alpha_neutral': 0.7358724477915397, 'base_loss_gamma': 1.5381487378547722, 'base_loss_smoothing': 0.027847320919379817}. Best is trial 87 with value: 0.4467694189369511.
2026-03-09 20:46:52,215 - INFO - SequenceDataset: 133934/228182 valid sequences (Lookback protection active).
2026-03-09 20:46:52,216 - INFO - SequenceDataset: 57425/97766 valid sequences (Lookback protection active).
2026-03-09 20:46:52,624 - INFO - Trial 88 START | tcn=256, lstm=32, layers=3, batch=128, seq=120, drop=0.3723, lr=0.000037, wd=0.0023 | alpha=[2.55, 0.75, 2.55], gamma=1.46, smooth=0.03
2026-03-09 20:47:14,811 - INFO - T88 E1/50 | L: 0.68599750/0.54881673 | F1 M: 0.38434376 D: 0.13239417 | [S/N/B]: [0.2648/0.8882/0.0000] | LR: 0.00003722
2026-03-09 20:47:37,291 - INFO - T88 E2/50 | L: 0.65307721/0.54182602 | F1 M: 0.39456908 D: 0.13901122 | [S/N/B]: [0.2780/0.9057/0.0000] | LR: 0.00003711
2026-03-09 20:48:00,425 - INFO - T88 E3/50 | L: 0.64574884/0.54123358 | F1 M: 0.39749625 D: 0.14548830 | [S/N/B]: [0.2725/0.9015/0.0185] | LR: 0.00003693
2026-03-09 20:48:00,912 - INFO - Trial 88 pruned by Optuna at epoch 3
2026-03-09 20:48:01,207 - INFO - Trial 88 pruned. 
2026-03-09 20:48:03,841 - INFO - SequenceDataset: 133934/228182 valid sequences (Lookback protection active).
2026-03-09 20:48:03,842 - INFO - SequenceDataset: 57425/97766 valid sequences (Lookback protection active).
2026-03-09 20:48:04,816 - INFO - Trial 89 START | tcn=256, lstm=128, layers=3, batch=256, seq=120, drop=0.3855, lr=0.000046, wd=0.0016 | alpha=[2.17, 0.78, 2.17], gamma=1.56, smooth=0.02
2026-03-09 20:48:23,684 - INFO - T89 E1/50 | L: 0.56448271/0.45902008 | F1 M: 0.41186545 D: 0.16871504 | [S/N/B]: [0.0603/0.8982/0.2771] | LR: 0.00004546
2026-03-09 20:48:43,574 - INFO - T89 E2/50 | L: 0.54235668/0.45501067 | F1 M: 0.42345488 D: 0.17886805 | [S/N/B]: [0.1026/0.9126/0.2552] | LR: 0.00004532
2026-03-09 20:49:03,059 - INFO - T89 E3/50 | L: 0.53894152/0.45348374 | F1 M: 0.42893866 D: 0.18720624 | [S/N/B]: [0.1166/0.9124/0.2578] | LR: 0.00004510
2026-03-09 20:49:22,232 - INFO - T89 E4/50 | L: 0.53533822/0.45661926 | F1 M: 0.42955201 D: 0.18558713 | [S/N/B]: [0.1257/0.9175/0.2455] | LR: 0.00004479
2026-03-09 20:49:41,331 - INFO - T89 E5/50 | L: 0.53214419/0.45601800 | F1 M: 0.44178382 D: 0.20748697 | [S/N/B]: [0.1727/0.9104/0.2423] | LR: 0.00004439
2026-03-09 20:50:00,353 - INFO - T89 E6/50 | L: 0.52870247/0.45819407 | F1 M: 0.44038284 D: 0.20434726 | [S/N/B]: [0.1872/0.9125/0.2215] | LR: 0.00004391
2026-03-09 20:50:01,134 - INFO - Trial 89 stopped early due to patience (3 epochs without improvement)
2026-03-09 20:50:01,607 - INFO - Trial 89 finished with value: 0.44178381550018325 and parameters: {'tcn_channels': 256, 'lstm_hidden': 128, 'num_lstm_layers': 3, 'batch_size': 256, 'dropout': 0.38547256419814835, 'seq_len': 120, 'lr': 4.5503275086492906e-05, 'weight_decay': 0.0016051158857133747, 'base_alpha_side': 2.1669641881441413, 'base_alpha_neutral': 0.7790069168596924, 'base_loss_gamma': 1.5592534058679202, 'base_loss_smoothing': 0.02201420153445749}. Best is trial 87 with value: 0.4467694189369511.
2026-03-09 20:50:04,573 - INFO - SequenceDataset: 133934/228182 valid sequences (Lookback protection active).
2026-03-09 20:50:04,574 - INFO - SequenceDataset: 57425/97766 valid sequences (Lookback protection active).
2026-03-09 20:50:05,137 - INFO - Trial 90 START | tcn=256, lstm=128, layers=4, batch=128, seq=120, drop=0.4124, lr=0.000054, wd=0.0020 | alpha=[2.40, 0.70, 2.40], gamma=1.44, smooth=0.08
2026-03-09 20:50:30,315 - INFO - T90 E1/50 | L: 0.64773573/0.54379126 | F1 M: 0.39329332 D: 0.13755204 | [S/N/B]: [0.0000/0.9048/0.2751] | LR: 0.00005427
2026-03-09 20:50:55,425 - INFO - T90 E2/50 | L: 0.63196364/0.54316265 | F1 M: 0.39008145 D: 0.14148296 | [S/N/B]: [0.0058/0.8873/0.2771] | LR: 0.00005411
2026-03-09 20:51:21,194 - INFO - T90 E3/50 | L: 0.62768998/0.54271098 | F1 M: 0.41644068 D: 0.16904037 | [S/N/B]: [0.0616/0.9112/0.2765] | LR: 0.00005384
2026-03-09 20:51:21,591 - INFO - Trial 90 pruned by Optuna at epoch 3
2026-03-09 20:51:22,717 - INFO - Trial 90 pruned. 
2026-03-09 20:51:24,791 - INFO - SequenceDataset: 133934/228182 valid sequences (Lookback protection active).
2026-03-09 20:51:24,792 - INFO - SequenceDataset: 57425/97766 valid sequences (Lookback protection active).
2026-03-09 20:51:25,311 - INFO - Trial 91 START | tcn=256, lstm=128, layers=3, batch=256, seq=120, drop=0.3834, lr=0.000047, wd=0.0016 | alpha=[2.21, 0.79, 2.21], gamma=1.53, smooth=0.01
2026-03-09 20:51:44,138 - INFO - T91 E1/50 | L: 0.57438787/0.46542742 | F1 M: 0.39456788 D: 0.13883756 | [S/N/B]: [0.0000/0.9060/0.2777] | LR: 0.00004684
2026-03-09 20:52:03,333 - INFO - T91 E2/50 | L: 0.55391819/0.46218818 | F1 M: 0.41269508 D: 0.16178832 | [S/N/B]: [0.0560/0.9145/0.2676] | LR: 0.00004670
2026-03-09 20:52:22,667 - INFO - T91 E3/50 | L: 0.54929543/0.46434039 | F1 M: 0.43674677 D: 0.19988947 | [S/N/B]: [0.1471/0.9105/0.2527] | LR: 0.00004647
2026-03-09 20:52:41,664 - INFO - T91 E4/50 | L: 0.54632289/0.46297411 | F1 M: 0.43529692 D: 0.19807859 | [S/N/B]: [0.2334/0.9097/0.1628] | LR: 0.00004615
2026-03-09 20:52:59,943 - INFO - T91 E5/50 | L: 0.54253640/0.46409627 | F1 M: 0.43763493 D: 0.20140799 | [S/N/B]: [0.2049/0.9101/0.1980] | LR: 0.00004574
2026-03-09 20:53:00,301 - INFO - Trial 91 stopped early due to patience (3 epochs without improvement)
