2026-03-09 15:37:45,471 - INFO - 📁 DYNAMIC DATA PATHS: Train=data/L2/labelled/train | Val=data/L2/labelled/val
2026-03-09 15:37:45,471 - INFO - Loading data for optimization...
2026-03-09 15:38:27,993 - INFO - Loaded 228,301 rows from data/L2/labelled/train
2026-03-09 15:38:44,721 - INFO - Loaded 97,885 rows from data/L2/labelled/val
2026-03-09 15:38:44,987 - INFO - 💾 Scaler saved properly to: data/models/scaler_foundation.pkl
2026-03-09 15:38:44,987 - INFO - FocalLoss alpha: Optuna assumira o controle Dinamico no espaco de busca.
2026-03-09 15:38:44,987 - INFO - Loss: FocalLossWithSmoothing | fallback_gamma=OPTUNA_DINAMICO | fallback_smoothing=OPTUNA_DINAMICO
2026-03-09 15:39:01,012 - INFO - A new study created in RDB with name: QUANTGOD_V000
2026-03-09 15:39:01,075 - INFO - Starting 100 trials | Metric: f1_macro | Timeout: 72000s
2026-03-09 15:39:02,781 - INFO - SequenceDataset: 210062/228278 valid sequences (Lookback protection active).
2026-03-09 15:39:02,781 - INFO - SequenceDataset: 90065/97862 valid sequences (Lookback protection active).
2026-03-09 15:39:04,298 - INFO - Trial 0 START | tcn=256, lstm=32, layers=4, batch=256, seq=24, drop=0.4246, lr=0.000010, wd=0.0005 | alpha=[2.57, 0.62, 2.57], gamma=2.46, smooth=0.01
2026-03-09 15:40:28,101 - INFO - T0 E1/50 | L: 0.46074433/0.38307109 | F1 M: 0.28512371 D: 0.08595994 | [S/N/B]: [0.1719/0.6835/0.0000] | LR: 0.00001027
2026-03-09 15:40:28,157 - INFO - 🥇 [MACRO]  Trial 0 | Global F1 Macro record: 0.28512371 (prev: 0.00000000) → saved best_tcn_lstm.pt
2026-03-09 15:40:28,187 - INFO - 🏆 [DIR]    Trial 0 | Global F1 Dir record: 0.08595994 (prev: 0.00000000) → saved best_tcn_lstm_dir.pt
2026-03-09 15:40:48,163 - INFO - T0 E2/50 | L: 0.44492900/0.36560662 | F1 M: 0.32863843 D: 0.09875183 | [S/N/B]: [0.1975/0.7884/0.0000] | LR: 0.00001024
2026-03-09 15:40:48,192 - INFO - 🥇 [MACRO]  Trial 0 | Global F1 Macro record: 0.32863843 (prev: 0.28512371) → saved best_tcn_lstm.pt
2026-03-09 15:40:48,235 - INFO - 🏆 [DIR]    Trial 0 | Global F1 Dir record: 0.09875183 (prev: 0.08595994) → saved best_tcn_lstm_dir.pt
2026-03-09 15:41:08,540 - INFO - T0 E3/50 | L: 0.42930186/0.35333258 | F1 M: 0.34928011 D: 0.10812695 | [S/N/B]: [0.2163/0.8316/0.0000] | LR: 0.00001019
2026-03-09 15:41:08,651 - INFO - 🥇 [MACRO]  Trial 0 | Global F1 Macro record: 0.34928011 (prev: 0.32863843) → saved best_tcn_lstm.pt
2026-03-09 15:41:08,719 - INFO - 🏆 [DIR]    Trial 0 | Global F1 Dir record: 0.10812695 (prev: 0.09875183) → saved best_tcn_lstm_dir.pt
2026-03-09 15:41:28,897 - INFO - T0 E4/50 | L: 0.42187653/0.34801461 | F1 M: 0.35604352 D: 0.11162791 | [S/N/B]: [0.2233/0.8449/0.0000] | LR: 0.00001012
2026-03-09 15:41:28,955 - INFO - 🥇 [MACRO]  Trial 0 | Global F1 Macro record: 0.35604352 (prev: 0.34928011) → saved best_tcn_lstm.pt
2026-03-09 15:41:28,982 - INFO - 🏆 [DIR]    Trial 0 | Global F1 Dir record: 0.11162791 (prev: 0.10812695) → saved best_tcn_lstm_dir.pt
2026-03-09 15:41:49,005 - INFO - T0 E5/50 | L: 0.41810896/0.34569612 | F1 M: 0.35554027 D: 0.11138209 | [S/N/B]: [0.2228/0.8439/0.0000] | LR: 0.00001003
2026-03-09 15:42:08,976 - INFO - T0 E6/50 | L: 0.41571472/0.34510778 | F1 M: 0.35287158 D: 0.11050545 | [S/N/B]: [0.2210/0.8376/0.0000] | LR: 0.00000992
2026-03-09 15:42:28,976 - INFO - T0 E7/50 | L: 0.41361140/0.34398260 | F1 M: 0.35705143 D: 0.11211302 | [S/N/B]: [0.2242/0.8469/0.0000] | LR: 0.00000979
2026-03-09 15:42:29,051 - INFO - 🥇 [MACRO]  Trial 0 | Global F1 Macro record: 0.35705143 (prev: 0.35604352) → saved best_tcn_lstm.pt
2026-03-09 15:42:29,173 - INFO - 🏆 [DIR]    Trial 0 | Global F1 Dir record: 0.11211302 (prev: 0.11162791) → saved best_tcn_lstm_dir.pt
2026-03-09 15:42:50,610 - INFO - T0 E8/50 | L: 0.41240094/0.34341916 | F1 M: 0.40950110 D: 0.18899357 | [S/N/B]: [0.1955/0.8505/0.1825] | LR: 0.00000965
2026-03-09 15:42:50,644 - INFO - 🥇 [MACRO]  Trial 0 | Global F1 Macro record: 0.40950110 (prev: 0.35705143) → saved best_tcn_lstm.pt
2026-03-09 15:42:50,672 - INFO - 🏆 [DIR]    Trial 0 | Global F1 Dir record: 0.18899357 (prev: 0.11211302) → saved best_tcn_lstm_dir.pt
2026-03-09 15:43:10,404 - INFO - T0 E9/50 | L: 0.41166228/0.34295755 | F1 M: 0.42042203 D: 0.20246019 | [S/N/B]: [0.1743/0.8563/0.2306] | LR: 0.00000948
2026-03-09 15:43:10,443 - INFO - 🥇 [MACRO]  Trial 0 | Global F1 Macro record: 0.42042203 (prev: 0.40950110) → saved best_tcn_lstm.pt
2026-03-09 15:43:10,473 - INFO - 🏆 [DIR]    Trial 0 | Global F1 Dir record: 0.20246019 (prev: 0.18899357) → saved best_tcn_lstm_dir.pt
2026-03-09 15:43:30,109 - INFO - T0 E10/50 | L: 0.41095261/0.34241476 | F1 M: 0.42176119 D: 0.20259358 | [S/N/B]: [0.1480/0.8601/0.2572] | LR: 0.00000930
2026-03-09 15:43:30,149 - INFO - 🥇 [MACRO]  Trial 0 | Global F1 Macro record: 0.42176119 (prev: 0.42042203) → saved best_tcn_lstm.pt
2026-03-09 15:43:30,660 - INFO - 🏆 [DIR]    Trial 0 | Global F1 Dir record: 0.20259358 (prev: 0.20246019) → saved best_tcn_lstm_dir.pt
2026-03-09 15:43:50,650 - INFO - T0 E11/50 | L: 0.41022746/0.34235202 | F1 M: 0.41824042 D: 0.19747005 | [S/N/B]: [0.1314/0.8598/0.2636] | LR: 0.00000910
2026-03-09 15:44:10,784 - INFO - T0 E12/50 | L: 0.40966861/0.34208186 | F1 M: 0.42168131 D: 0.19901619 | [S/N/B]: [0.1427/0.8670/0.2554] | LR: 0.00000889
2026-03-09 15:44:31,059 - INFO - T0 E13/50 | L: 0.40850915/0.34294376 | F1 M: 0.40255405 D: 0.17991352 | [S/N/B]: [0.1062/0.8478/0.2536] | LR: 0.00000866
2026-03-09 15:44:50,752 - INFO - T0 E14/50 | L: 0.40766023/0.34229603 | F1 M: 0.39855781 D: 0.16863772 | [S/N/B]: [0.0890/0.8584/0.2483] | LR: 0.00000842
2026-03-09 15:45:10,653 - INFO - T0 E15/50 | L: 0.40809167/0.34233980 | F1 M: 0.39539441 D: 0.16563724 | [S/N/B]: [0.0862/0.8549/0.2450] | LR: 0.00000816
2026-03-09 15:45:10,735 - INFO - Trial 0 stopped early due to patience (3 epochs without improvement)
2026-03-09 15:45:11,594 - INFO - Trial 0 finished with value: 0.4217611896005004 and parameters: {'tcn_channels': 256, 'lstm_hidden': 32, 'num_lstm_layers': 4, 'batch_size': 256, 'dropout': 0.42459759015752613, 'seq_len': 24, 'lr': 1.0281902989444867e-05, 'weight_decay': 0.0005081791287786664, 'base_alpha_side': 2.570519991203307, 'base_alpha_neutral': 0.6193943775145, 'base_loss_gamma': 2.4562363868233366, 'base_loss_smoothing': 0.014040836810000106}. Best is trial 0 with value: 0.4217611896005004.
2026-03-09 15:45:12,527 - INFO - SequenceDataset: 133934/228182 valid sequences (Lookback protection active).
2026-03-09 15:45:12,528 - INFO - SequenceDataset: 57425/97766 valid sequences (Lookback protection active).
2026-03-09 15:45:13,516 - INFO - Trial 1 START | tcn=256, lstm=128, layers=7, batch=128, seq=120, drop=0.3891, lr=0.000055, wd=0.0001 | alpha=[5.30, 0.57, 5.30], gamma=2.95, smooth=0.06
2026-03-09 15:45:44,368 - INFO - T1 E1/50 | L: 1.02072616/0.83450506 | F1 M: 0.34132403 D: 0.18578932 | [S/N/B]: [0.1188/0.6524/0.2527] | LR: 0.00005455
2026-03-09 15:46:16,022 - INFO - T1 E2/50 | L: 0.99781851/0.82749856 | F1 M: 0.35899017 D: 0.17819067 | [S/N/B]: [0.1879/0.7206/0.1685] | LR: 0.00005439
2026-03-09 15:46:47,211 - INFO - T1 E3/50 | L: 0.99104526/0.82456491 | F1 M: 0.31578868 D: 0.16026689 | [S/N/B]: [0.1872/0.6268/0.1333] | LR: 0.00005412
2026-03-09 15:47:18,219 - INFO - T1 E4/50 | L: 0.98611048/0.82497576 | F1 M: 0.34200256 D: 0.17166331 | [S/N/B]: [0.1946/0.6827/0.1487] | LR: 0.00005375
2026-03-09 15:47:49,488 - INFO - T1 E5/50 | L: 0.98105949/0.82893229 | F1 M: 0.29403072 D: 0.15968718 | [S/N/B]: [0.1683/0.5627/0.1510] | LR: 0.00005327
2026-03-09 15:48:20,618 - INFO - T1 E6/50 | L: 0.97365061/0.83465613 | F1 M: 0.33505327 D: 0.17267220 | [S/N/B]: [0.1686/0.6598/0.1767] | LR: 0.00005269
2026-03-09 15:48:20,699 - INFO - Trial 1 stopped early due to patience (3 epochs without improvement)
2026-03-09 15:48:21,029 - INFO - Trial 1 finished with value: 0.3589901682465299 and parameters: {'tcn_channels': 256, 'lstm_hidden': 128, 'num_lstm_layers': 7, 'batch_size': 128, 'dropout': 0.38909377171439086, 'seq_len': 120, 'lr': 5.460796115273819e-05, 'weight_decay': 0.00010362040585565635, 'base_alpha_side': 5.300007443446854, 'base_alpha_neutral': 0.5711551533277578, 'base_loss_gamma': 2.950001153402445, 'base_loss_smoothing': 0.05611863271632697}. Best is trial 0 with value: 0.4217611896005004.
2026-03-09 15:48:22,531 - INFO - SequenceDataset: 133934/228182 valid sequences (Lookback protection active).
2026-03-09 15:48:22,531 - INFO - SequenceDataset: 57425/97766 valid sequences (Lookback protection active).
2026-03-09 15:48:23,075 - INFO - Trial 2 START | tcn=64, lstm=128, layers=8, batch=128, seq=120, drop=0.5917, lr=0.000015, wd=0.0003 | alpha=[3.36, 0.62, 3.36], gamma=2.02, smooth=0.03
2026-03-09 15:48:55,058 - INFO - T2 E1/50 | L: 0.76014821/0.62050586 | F1 M: 0.31213954 D: 0.11803606 | [S/N/B]: [0.1918/0.7003/0.0443] | LR: 0.00001487
2026-03-09 15:49:28,908 - INFO - T2 E2/50 | L: 0.71855651/0.59949880 | F1 M: 0.32901993 D: 0.10751354 | [S/N/B]: [0.0000/0.7720/0.2150] | LR: 0.00001483
2026-03-09 15:50:02,454 - INFO - T2 E3/50 | L: 0.71083884/0.59467014 | F1 M: 0.33277271 D: 0.11007044 | [S/N/B]: [0.0000/0.7782/0.2201] | LR: 0.00001475
2026-03-09 15:50:36,057 - INFO - T2 E4/50 | L: 0.70906892/0.59203299 | F1 M: 0.34133257 D: 0.11353942 | [S/N/B]: [0.0000/0.7969/0.2271] | LR: 0.00001465
2026-03-09 15:51:09,224 - INFO - T2 E5/50 | L: 0.70694324/0.59104980 | F1 M: 0.34259743 D: 0.11487063 | [S/N/B]: [0.0000/0.7981/0.2297] | LR: 0.00001452
2026-03-09 15:51:42,273 - INFO - T2 E6/50 | L: 0.70605784/0.59111823 | F1 M: 0.33313626 D: 0.11170591 | [S/N/B]: [0.0000/0.7760/0.2234] | LR: 0.00001436
2026-03-09 15:52:14,788 - INFO - T2 E7/50 | L: 0.70494115/0.58849708 | F1 M: 0.33963135 D: 0.11479572 | [S/N/B]: [0.0000/0.7893/0.2296] | LR: 0.00001418
2026-03-09 15:52:47,277 - INFO - T2 E8/50 | L: 0.70406053/0.58820148 | F1 M: 0.38740232 D: 0.17846592 | [S/N/B]: [0.1376/0.8053/0.2194] | LR: 0.00001396
2026-03-09 15:53:20,704 - INFO - T2 E9/50 | L: 0.70340837/0.58617826 | F1 M: 0.37099549 D: 0.15923489 | [S/N/B]: [0.0943/0.7945/0.2241] | LR: 0.00001373
2026-03-09 15:53:54,595 - INFO - T2 E10/50 | L: 0.70244376/0.58507129 | F1 M: 0.37838883 D: 0.16601764 | [S/N/B]: [0.1072/0.8031/0.2249] | LR: 0.00001346
2026-03-09 15:54:27,198 - INFO - T2 E11/50 | L: 0.70188712/0.58434453 | F1 M: 0.36024500 D: 0.13824615 | [S/N/B]: [0.0417/0.8042/0.2347] | LR: 0.00001318
2026-03-09 15:55:00,947 - INFO - T2 E12/50 | L: 0.70118476/0.58450597 | F1 M: 0.34763851 D: 0.11870791 | [S/N/B]: [0.0010/0.8055/0.2364] | LR: 0.00001287
2026-03-09 15:55:34,806 - INFO - T2 E13/50 | L: 0.70106050/0.58418606 | F1 M: 0.35598635 D: 0.12759379 | [S/N/B]: [0.0153/0.8128/0.2399] | LR: 0.00001254
2026-03-09 15:56:08,090 - INFO - T2 E14/50 | L: 0.69983788/0.58405201 | F1 M: 0.38936230 D: 0.18196547 | [S/N/B]: [0.1347/0.8042/0.2292] | LR: 0.00001219
2026-03-09 15:56:41,359 - INFO - T2 E15/50 | L: 0.69927940/0.58263025 | F1 M: 0.39712359 D: 0.18915652 | [S/N/B]: [0.1495/0.8131/0.2288] | LR: 0.00001182
2026-03-09 15:57:14,250 - INFO - T2 E16/50 | L: 0.69948130/0.58211162 | F1 M: 0.39843089 D: 0.18873854 | [S/N/B]: [0.1458/0.8178/0.2317] | LR: 0.00001143
2026-03-09 15:57:47,184 - INFO - T2 E17/50 | L: 0.69862640/0.58187383 | F1 M: 0.40162873 D: 0.19606319 | [S/N/B]: [0.1629/0.8128/0.2292] | LR: 0.00001103
2026-03-09 15:58:20,157 - INFO - T2 E18/50 | L: 0.69752646/0.58124938 | F1 M: 0.40247046 D: 0.19579409 | [S/N/B]: [0.1605/0.8158/0.2311] | LR: 0.00001061
2026-03-09 15:58:54,258 - INFO - T2 E19/50 | L: 0.69763584/0.58256651 | F1 M: 0.39887777 D: 0.19197007 | [S/N/B]: [0.1444/0.8127/0.2395] | LR: 0.00001018
2026-03-09 15:59:27,574 - INFO - T2 E20/50 | L: 0.69713314/0.58227237 | F1 M: 0.39773548 D: 0.19247939 | [S/N/B]: [0.1519/0.8082/0.2330] | LR: 0.00000974
2026-03-09 16:00:00,244 - INFO - T2 E21/50 | L: 0.69703931/0.58117269 | F1 M: 0.40343836 D: 0.19496630 | [S/N/B]: [0.1516/0.8204/0.2384] | LR: 0.00000929
2026-03-09 16:00:33,457 - INFO - T2 E22/50 | L: 0.69636247/0.58315394 | F1 M: 0.39629736 D: 0.18980175 | [S/N/B]: [0.1379/0.8093/0.2417] | LR: 0.00000884
2026-03-09 16:01:06,805 - INFO - T2 E23/50 | L: 0.69614537/0.58019128 | F1 M: 0.40538721 D: 0.19830440 | [S/N/B]: [0.1571/0.8196/0.2395] | LR: 0.00000838
2026-03-09 16:01:40,431 - INFO - T2 E24/50 | L: 0.69603805/0.58086480 | F1 M: 0.40308698 D: 0.19776514 | [S/N/B]: [0.1542/0.8137/0.2414] | LR: 0.00000791
2026-03-09 16:02:13,163 - INFO - T2 E25/50 | L: 0.69543186/0.58072393 | F1 M: 0.40648295 D: 0.19898778 | [S/N/B]: [0.1557/0.8215/0.2422] | LR: 0.00000744
2026-03-09 16:02:47,088 - INFO - T2 E26/50 | L: 0.69542005/0.58023423 | F1 M: 0.40253348 D: 0.19941911 | [S/N/B]: [0.1632/0.8088/0.2357] | LR: 0.00000698
2026-03-09 16:02:47,318 - INFO - Trial 2 stopped early due to patience (3 epochs without improvement)
2026-03-09 16:02:47,590 - INFO - Trial 2 finished with value: 0.4064829536390447 and parameters: {'tcn_channels': 64, 'lstm_hidden': 128, 'num_lstm_layers': 8, 'batch_size': 128, 'dropout': 0.5916628076027421, 'seq_len': 120, 'lr': 1.488549382023434e-05, 'weight_decay': 0.00028374920382735926, 'base_alpha_side': 3.3581205923318924, 'base_alpha_neutral': 0.6171157594954859, 'base_loss_gamma': 2.0236877464818877, 'base_loss_smoothing': 0.026051980843392046}. Best is trial 0 with value: 0.4217611896005004.
2026-03-09 16:02:49,437 - INFO - SequenceDataset: 191030/228254 valid sequences (Lookback protection active).
2026-03-09 16:02:49,438 - INFO - SequenceDataset: 81905/97838 valid sequences (Lookback protection active).
2026-03-09 16:02:49,773 - INFO - Trial 3 START | tcn=64, lstm=32, layers=3, batch=256, seq=48, drop=0.3002, lr=0.000056, wd=0.0012 | alpha=[3.04, 0.17, 3.04], gamma=2.81, smooth=0.06
2026-03-09 16:03:07,379 - INFO - T3 E1/50 | L: 0.33168427/0.23054745 | F1 M: 0.03643429 D: 0.05465143 | [S/N/B]: [0.0000/0.0000/0.1093] | LR: 0.00005640
2026-03-09 16:03:24,768 - INFO - T3 E2/50 | L: 0.28999534/0.22791792 | F1 M: 0.11062522 D: 0.16593783 | [S/N/B]: [0.2597/0.0000/0.0722] | LR: 0.00005623
2026-03-09 16:03:42,498 - INFO - T3 E3/50 | L: 0.28667016/0.22740642 | F1 M: 0.03643429 D: 0.05465143 | [S/N/B]: [0.0000/0.0000/0.1093] | LR: 0.00005595
2026-03-09 16:04:00,230 - INFO - T3 E4/50 | L: 0.28488505/0.22702113 | F1 M: 0.03643429 D: 0.05465143 | [S/N/B]: [0.0000/0.0000/0.1093] | LR: 0.00005557
2026-03-09 16:04:16,983 - INFO - T3 E5/50 | L: 0.28383213/0.22693452 | F1 M: 0.03643429 D: 0.05465143 | [S/N/B]: [0.0000/0.0000/0.1093] | LR: 0.00005507
2026-03-09 16:04:34,387 - INFO - T3 E6/50 | L: 0.28252455/0.22662826 | F1 M: 0.10961910 D: 0.16442865 | [S/N/B]: [0.2422/0.0000/0.0867] | LR: 0.00005447
2026-03-09 16:04:52,201 - INFO - T3 E7/50 | L: 0.28213560/0.22673600 | F1 M: 0.03643429 D: 0.05465143 | [S/N/B]: [0.0000/0.0000/0.1093] | LR: 0.00005377
2026-03-09 16:05:09,746 - INFO - T3 E8/50 | L: 0.28112518/0.22654542 | F1 M: 0.03747085 D: 0.05620627 | [S/N/B]: [0.0033/0.0000/0.1091] | LR: 0.00005296
2026-03-09 16:05:27,239 - INFO - T3 E9/50 | L: 0.28024364/0.22661480 | F1 M: 0.08763843 D: 0.13145765 | [S/N/B]: [0.1679/0.0000/0.0950] | LR: 0.00005206
2026-03-09 16:05:44,420 - INFO - T3 E10/50 | L: 0.27979903/0.22663299 | F1 M: 0.06487502 D: 0.09731253 | [S/N/B]: [0.0904/0.0000/0.1042] | LR: 0.00005106
2026-03-09 16:06:02,434 - INFO - T3 E11/50 | L: 0.27994603/0.22660326 | F1 M: 0.08747097 D: 0.13120645 | [S/N/B]: [0.1689/0.0000/0.0935] | LR: 0.00004998
2026-03-09 16:06:02,603 - INFO - Trial 3 stopped early due to patience (3 epochs without improvement)
2026-03-09 16:06:03,557 - INFO - Trial 3 finished with value: 0.11062521704311644 and parameters: {'tcn_channels': 64, 'lstm_hidden': 32, 'num_lstm_layers': 3, 'batch_size': 256, 'dropout': 0.3002336719437819, 'seq_len': 48, 'lr': 5.645420343525069e-05, 'weight_decay': 0.0012291261021571383, 'base_alpha_side': 3.0402662505250015, 'base_alpha_neutral': 0.17457977593149532, 'base_loss_gamma': 2.8052306428255234, 'base_loss_smoothing': 0.06157108669186845}. Best is trial 0 with value: 0.4217611896005004.
2026-03-09 16:06:05,683 - INFO - SequenceDataset: 210062/228278 valid sequences (Lookback protection active).
2026-03-09 16:06:05,685 - INFO - SequenceDataset: 90065/97862 valid sequences (Lookback protection active).
2026-03-09 16:06:07,026 - INFO - Trial 4 START | tcn=512, lstm=64, layers=5, batch=512, seq=24, drop=0.3412, lr=0.000012, wd=0.0005 | alpha=[2.08, 0.52, 2.08], gamma=2.76, smooth=0.02
2026-03-09 16:06:21,143 - INFO - T4 E1/50 | L: 0.29380169/0.24276269 | F1 M: 0.03559479 D: 0.05339219 | [S/N/B]: [0.0000/0.0000/0.1068] | LR: 0.00001195
2026-03-09 16:06:35,962 - INFO - T4 E2/50 | L: 0.27689691/0.23074964 | F1 M: 0.32428943 D: 0.09705394 | [S/N/B]: [0.0000/0.7788/0.1941] | LR: 0.00001192
2026-03-09 16:06:51,129 - INFO - T4 E3/50 | L: 0.26985069/0.22568925 | F1 M: 0.33372054 D: 0.10028837 | [S/N/B]: [0.0000/0.8006/0.2006] | LR: 0.00001186
2026-03-09 16:07:05,773 - INFO - T4 E4/50 | L: 0.26647362/0.22410004 | F1 M: 0.33073405 D: 0.09916150 | [S/N/B]: [0.0000/0.7939/0.1983] | LR: 0.00001178
2026-03-09 16:07:20,290 - INFO - T4 E5/50 | L: 0.26422815/0.22398960 | F1 M: 0.32505455 D: 0.09740840 | [S/N/B]: [0.0000/0.7803/0.1948] | LR: 0.00001167
2026-03-09 16:07:35,222 - INFO - T4 E6/50 | L: 0.26296074/0.22322806 | F1 M: 0.33691515 D: 0.10178674 | [S/N/B]: [0.0000/0.8072/0.2036] | LR: 0.00001154
2026-03-09 16:07:48,731 - INFO - T4 E7/50 | L: 0.26141528/0.22399718 | F1 M: 0.34843210 D: 0.10692034 | [S/N/B]: [0.0000/0.8315/0.2138] | LR: 0.00001140
2026-03-09 16:08:04,107 - INFO - T4 E8/50 | L: 0.26078835/0.22377099 | F1 M: 0.34065872 D: 0.10323256 | [S/N/B]: [0.0000/0.8155/0.2065] | LR: 0.00001122
2026-03-09 16:08:18,837 - INFO - T4 E9/50 | L: 0.25955407/0.22447198 | F1 M: 0.32652328 D: 0.09799197 | [S/N/B]: [0.0000/0.7836/0.1960] | LR: 0.00001103
2026-03-09 16:08:19,368 - INFO - Trial 4 stopped early due to patience (3 epochs without improvement)
2026-03-09 16:08:19,705 - INFO - Trial 4 finished with value: 0.34843209795193214 and parameters: {'tcn_channels': 512, 'lstm_hidden': 64, 'num_lstm_layers': 5, 'batch_size': 512, 'dropout': 0.34124169920480796, 'seq_len': 24, 'lr': 1.1964580624825222e-05, 'weight_decay': 0.0005304586823354598, 'base_alpha_side': 2.077298897119652, 'base_alpha_neutral': 0.5224948091017911, 'base_loss_gamma': 2.7574062065555953, 'base_loss_smoothing': 0.020604204795911546}. Best is trial 0 with value: 0.4217611896005004.
2026-03-09 16:08:22,880 - INFO - SequenceDataset: 191030/228254 valid sequences (Lookback protection active).
2026-03-09 16:08:22,881 - INFO - SequenceDataset: 81905/97838 valid sequences (Lookback protection active).
2026-03-09 16:08:23,435 - INFO - Trial 5 START | tcn=512, lstm=64, layers=8, batch=128, seq=48, drop=0.5789, lr=0.000018, wd=0.0020 | alpha=[5.31, 0.75, 5.31], gamma=1.65, smooth=0.03
2026-03-09 16:09:08,651 - INFO - T5 E1/50 | L: 1.14386081/0.93036366 | F1 M: 0.36577052 D: 0.11290603 | [S/N/B]: [0.0000/0.8715/0.2258] | LR: 0.00001749
2026-03-09 16:09:53,892 - INFO - T5 E2/50 | L: 1.09443951/0.91782216 | F1 M: 0.37281199 D: 0.11867525 | [S/N/B]: [0.0000/0.8811/0.2374] | LR: 0.00001744
2026-03-09 16:10:39,698 - INFO - T5 E3/50 | L: 1.08408996/0.91965129 | F1 M: 0.36382998 D: 0.11418783 | [S/N/B]: [0.0000/0.8631/0.2284] | LR: 0.00001735
2026-03-09 16:11:25,281 - INFO - T5 E4/50 | L: 1.07911906/0.91718458 | F1 M: 0.36975993 D: 0.11750402 | [S/N/B]: [0.0000/0.8743/0.2350] | LR: 0.00001723
2026-03-09 16:12:10,217 - INFO - T5 E5/50 | L: 1.07515619/0.92395783 | F1 M: 0.36833572 D: 0.11669644 | [S/N/B]: [0.0000/0.8716/0.2334] | LR: 0.00001708
2026-03-09 16:12:55,971 - INFO - T5 E6/50 | L: 1.06972657/0.92543338 | F1 M: 0.37377655 D: 0.11917802 | [S/N/B]: [0.0000/0.8830/0.2384] | LR: 0.00001689
2026-03-09 16:13:40,730 - INFO - T5 E7/50 | L: 1.06607585/0.92126638 | F1 M: 0.36236333 D: 0.11280757 | [S/N/B]: [0.0000/0.8615/0.2256] | LR: 0.00001667
2026-03-09 16:13:40,850 - INFO - Trial 5 stopped early due to patience (3 epochs without improvement)
2026-03-09 16:13:41,068 - INFO - Trial 5 finished with value: 0.3737765524134547 and parameters: {'tcn_channels': 512, 'lstm_hidden': 64, 'num_lstm_layers': 8, 'batch_size': 128, 'dropout': 0.578888827665231, 'seq_len': 48, 'lr': 1.7506629345689144e-05, 'weight_decay': 0.0019981211103403925, 'base_alpha_side': 5.313098010082264, 'base_alpha_neutral': 0.7545827700921516, 'base_loss_gamma': 1.647477303422051, 'base_loss_smoothing': 0.02657324777325242}. Best is trial 0 with value: 0.4217611896005004.
2026-03-09 16:13:42,982 - INFO - SequenceDataset: 133934/228182 valid sequences (Lookback protection active).
2026-03-09 16:13:42,983 - INFO - SequenceDataset: 57425/97766 valid sequences (Lookback protection active).
2026-03-09 16:13:43,353 - INFO - Trial 6 START | tcn=512, lstm=32, layers=3, batch=128, seq=120, drop=0.5091, lr=0.000014, wd=0.0076 | alpha=[2.01, 0.10, 2.01], gamma=1.61, smooth=0.11
2026-03-09 16:14:15,947 - INFO - T6 E1/50 | L: 0.28894873/0.20896045 | F1 M: 0.04372776 D: 0.06559164 | [S/N/B]: [0.1312/0.0000/0.0000] | LR: 0.00001413
2026-03-09 16:14:48,480 - INFO - T6 E2/50 | L: 0.24483205/0.18836561 | F1 M: 0.05283640 D: 0.07925460 | [S/N/B]: [0.0112/0.0000/0.1473] | LR: 0.00001409
2026-03-09 16:15:21,090 - INFO - T6 E3/50 | L: 0.23138950/0.18213825 | F1 M: 0.07078857 D: 0.10618285 | [S/N/B]: [0.0341/0.0000/0.1783] | LR: 0.00001402
2026-03-09 16:15:21,446 - INFO - Trial 6 pruned by Optuna at epoch 3
