2026-03-09 19:42:24,719 - INFO - Trial 65 pruned by Optuna at epoch 3
2026-03-09 19:42:25,777 - INFO - Trial 65 pruned. 
2026-03-09 19:42:27,442 - INFO - SequenceDataset: 152966/228206 valid sequences (Lookback protection active).
2026-03-09 19:42:27,443 - INFO - SequenceDataset: 65585/97790 valid sequences (Lookback protection active).
2026-03-09 19:42:28,235 - INFO - Trial 66 START | tcn=128, lstm=128, layers=6, batch=128, seq=96, drop=0.4245, lr=0.000074, wd=0.0014 | alpha=[3.10, 0.68, 3.10], gamma=1.21, smooth=0.07
2026-03-09 19:43:00,636 - INFO - T66 E1/50 | L: 0.81380913/0.68771561 | F1 M: 0.43130607 D: 0.20931204 | [S/N/B]: [0.1761/0.8753/0.2426] | LR: 0.00007400
2026-03-09 19:43:35,606 - INFO - T66 E2/50 | L: 0.79794990/0.68271849 | F1 M: 0.43734046 D: 0.20808528 | [S/N/B]: [0.1623/0.8959/0.2539] | LR: 0.00007378
2026-03-09 19:44:11,704 - INFO - T66 E3/50 | L: 0.79281080/0.67937522 | F1 M: 0.44145508 D: 0.21169884 | [S/N/B]: [0.2188/0.9010/0.2046] | LR: 0.00007341
2026-03-09 19:44:44,342 - INFO - T66 E4/50 | L: 0.78959296/0.67970282 | F1 M: 0.43494721 D: 0.21177164 | [S/N/B]: [0.1625/0.8813/0.2610] | LR: 0.00007291
2026-03-09 19:45:17,156 - INFO - T66 E5/50 | L: 0.78663427/0.68077310 | F1 M: 0.43715058 D: 0.21094085 | [S/N/B]: [0.1701/0.8896/0.2518] | LR: 0.00007226
2026-03-09 19:45:50,301 - INFO - T66 E6/50 | L: 0.78347985/0.67944984 | F1 M: 0.43707698 D: 0.21282434 | [S/N/B]: [0.2081/0.8856/0.2176] | LR: 0.00007147
2026-03-09 19:45:51,335 - INFO - Trial 66 stopped early due to patience (3 epochs without improvement)
2026-03-09 19:45:51,653 - INFO - Trial 66 finished with value: 0.4414550801430319 and parameters: {'tcn_channels': 128, 'lstm_hidden': 128, 'num_lstm_layers': 6, 'batch_size': 128, 'dropout': 0.42447057756510254, 'seq_len': 96, 'lr': 7.40708789841582e-05, 'weight_decay': 0.0013819604529738971, 'base_alpha_side': 3.1040045708820667, 'base_alpha_neutral': 0.6776797404527332, 'base_loss_gamma': 1.2144187815293035, 'base_loss_smoothing': 0.06567759495256467}. Best is trial 53 with value: 0.44484114413196946.
2026-03-09 19:45:53,880 - INFO - SequenceDataset: 152966/228206 valid sequences (Lookback protection active).
2026-03-09 19:45:53,880 - INFO - SequenceDataset: 65585/97790 valid sequences (Lookback protection active).
2026-03-09 19:45:54,353 - INFO - Trial 67 START | tcn=256, lstm=32, layers=6, batch=512, seq=96, drop=0.4213, lr=0.000075, wd=0.0011 | alpha=[3.20, 0.78, 3.20], gamma=1.38, smooth=0.06
2026-03-09 19:46:10,111 - INFO - T67 E1/50 | L: 0.93864832/0.75373148 | F1 M: 0.37486721 D: 0.11645016 | [S/N/B]: [0.2329/0.8917/0.0000] | LR: 0.00007515
2026-03-09 19:46:25,545 - INFO - T67 E2/50 | L: 0.87244828/0.73279984 | F1 M: 0.37173896 D: 0.11982678 | [S/N/B]: [0.2397/0.8756/0.0000] | LR: 0.00007492
2026-03-09 19:46:40,906 - INFO - T67 E3/50 | L: 0.85652742/0.72464006 | F1 M: 0.38256360 D: 0.12695435 | [S/N/B]: [0.2525/0.8938/0.0014] | LR: 0.00007455
2026-03-09 19:46:42,046 - INFO - Trial 67 pruned by Optuna at epoch 3
2026-03-09 19:46:42,213 - INFO - Trial 67 pruned. 
2026-03-09 19:46:43,150 - INFO - SequenceDataset: 152966/228206 valid sequences (Lookback protection active).
2026-03-09 19:46:43,151 - INFO - SequenceDataset: 65585/97790 valid sequences (Lookback protection active).
2026-03-09 19:46:44,163 - INFO - Trial 68 START | tcn=128, lstm=128, layers=7, batch=128, seq=96, drop=0.4310, lr=0.000084, wd=0.0017 | alpha=[3.46, 0.74, 3.46], gamma=1.21, smooth=0.04
2026-03-09 19:47:18,438 - INFO - T68 E1/50 | L: 0.90081935/0.74949305 | F1 M: 0.43481573 D: 0.20468870 | [S/N/B]: [0.1778/0.8951/0.2316] | LR: 0.00008426
2026-03-09 19:47:53,458 - INFO - T68 E2/50 | L: 0.88025836/0.74205541 | F1 M: 0.43525570 D: 0.20172694 | [S/N/B]: [0.1509/0.9023/0.2526] | LR: 0.00008401
2026-03-09 19:48:28,046 - INFO - T68 E3/50 | L: 0.87320229/0.73877908 | F1 M: 0.43539160 D: 0.20404201 | [S/N/B]: [0.1416/0.8981/0.2665] | LR: 0.00008360
2026-03-09 19:49:02,685 - INFO - T68 E4/50 | L: 0.86877105/0.74456294 | F1 M: 0.43949182 D: 0.21282894 | [S/N/B]: [0.1857/0.8928/0.2399] | LR: 0.00008302
2026-03-09 19:49:37,106 - INFO - T68 E5/50 | L: 0.86655907/0.74178508 | F1 M: 0.43248981 D: 0.20290449 | [S/N/B]: [0.1401/0.8917/0.2657] | LR: 0.00008228
2026-03-09 19:50:11,274 - INFO - T68 E6/50 | L: 0.86277386/0.73912537 | F1 M: 0.43680402 D: 0.20279202 | [S/N/B]: [0.1501/0.9048/0.2555] | LR: 0.00008138
2026-03-09 19:50:11,477 - INFO - Trial 68 stopped early due to patience (3 epochs without improvement)
2026-03-09 19:50:11,792 - INFO - Trial 68 finished with value: 0.4394918229614997 and parameters: {'tcn_channels': 128, 'lstm_hidden': 128, 'num_lstm_layers': 7, 'batch_size': 128, 'dropout': 0.43096100765214496, 'seq_len': 96, 'lr': 8.434593357220508e-05, 'weight_decay': 0.0016950399538408429, 'base_alpha_side': 3.4557811134965792, 'base_alpha_neutral': 0.7413691633589818, 'base_loss_gamma': 1.2139467349468245, 'base_loss_smoothing': 0.044779843526540825}. Best is trial 53 with value: 0.44484114413196946.
2026-03-09 19:50:14,234 - INFO - SequenceDataset: 152966/228206 valid sequences (Lookback protection active).
2026-03-09 19:50:14,235 - INFO - SequenceDataset: 65585/97790 valid sequences (Lookback protection active).
2026-03-09 19:50:15,452 - INFO - Trial 69 START | tcn=256, lstm=128, layers=6, batch=256, seq=96, drop=0.4490, lr=0.000053, wd=0.0009 | alpha=[2.82, 0.69, 2.82], gamma=1.15, smooth=0.07
2026-03-09 19:50:35,545 - INFO - T69 E1/50 | L: 0.77535820/0.65068528 | F1 M: 0.41413476 D: 0.17278064 | [S/N/B]: [0.0814/0.8968/0.2641] | LR: 0.00005341
2026-03-09 19:50:57,008 - INFO - T69 E2/50 | L: 0.75269741/0.64823914 | F1 M: 0.43179211 D: 0.19236499 | [S/N/B]: [0.1355/0.9106/0.2492] | LR: 0.00005325
2026-03-09 19:51:19,004 - INFO - T69 E3/50 | L: 0.74685221/0.64544171 | F1 M: 0.43595916 D: 0.20580249 | [S/N/B]: [0.1840/0.8963/0.2276] | LR: 0.00005299
2026-03-09 19:51:40,896 - INFO - T69 E4/50 | L: 0.74379046/0.64542902 | F1 M: 0.40880147 D: 0.16771821 | [S/N/B]: [0.0601/0.8910/0.2753] | LR: 0.00005262
2026-03-09 19:52:02,116 - INFO - T69 E5/50 | L: 0.73930735/0.64576276 | F1 M: 0.43979270 D: 0.20402139 | [S/N/B]: [0.1810/0.9113/0.2270] | LR: 0.00005215
2026-03-09 19:52:22,999 - INFO - T69 E6/50 | L: 0.73570957/0.64886450 | F1 M: 0.43289171 D: 0.21182480 | [S/N/B]: [0.1675/0.8750/0.2562] | LR: 0.00005159
2026-03-09 19:52:44,604 - INFO - T69 E7/50 | L: 0.73277868/0.64639717 | F1 M: 0.43703556 D: 0.20826969 | [S/N/B]: [0.1480/0.8946/0.2686] | LR: 0.00005092
2026-03-09 19:52:44,753 - INFO - Trial 69 stopped early due to patience (3 epochs without improvement)
2026-03-09 19:52:45,055 - INFO - Trial 69 finished with value: 0.43979270380812124 and parameters: {'tcn_channels': 256, 'lstm_hidden': 128, 'num_lstm_layers': 6, 'batch_size': 256, 'dropout': 0.44898578677883283, 'seq_len': 96, 'lr': 5.346303111166008e-05, 'weight_decay': 0.00090479925684769, 'base_alpha_side': 2.819843164394544, 'base_alpha_neutral': 0.6852221459241061, 'base_loss_gamma': 1.1470760675316238, 'base_loss_smoothing': 0.0686756171857639}. Best is trial 53 with value: 0.44484114413196946.
2026-03-09 19:52:47,190 - INFO - SequenceDataset: 152966/228206 valid sequences (Lookback protection active).
2026-03-09 19:52:47,191 - INFO - SequenceDataset: 65585/97790 valid sequences (Lookback protection active).
2026-03-09 19:52:48,377 - INFO - Trial 70 START | tcn=128, lstm=32, layers=6, batch=128, seq=96, drop=0.3793, lr=0.000059, wd=0.0005 | alpha=[3.04, 0.72, 3.04], gamma=1.10, smooth=0.04
2026-03-09 19:53:20,514 - INFO - T70 E1/50 | L: 0.83557350/0.67965864 | F1 M: 0.38385997 D: 0.12867527 | [S/N/B]: [0.0000/0.8942/0.2574] | LR: 0.00005876
2026-03-09 19:53:53,876 - INFO - T70 E2/50 | L: 0.80051748/0.67241786 | F1 M: 0.38475122 D: 0.12946955 | [S/N/B]: [0.0000/0.8953/0.2589] | LR: 0.00005859
2026-03-09 19:54:26,337 - INFO - T70 E3/50 | L: 0.79306616/0.67029308 | F1 M: 0.38639679 D: 0.13126805 | [S/N/B]: [0.0000/0.8967/0.2625] | LR: 0.00005830
2026-03-09 19:54:27,170 - INFO - Trial 70 pruned by Optuna at epoch 3
2026-03-09 19:54:27,395 - INFO - Trial 70 pruned. 
2026-03-09 19:54:29,694 - INFO - SequenceDataset: 152966/228206 valid sequences (Lookback protection active).
2026-03-09 19:54:29,695 - INFO - SequenceDataset: 65585/97790 valid sequences (Lookback protection active).
2026-03-09 19:54:30,634 - INFO - Trial 71 START | tcn=128, lstm=128, layers=5, batch=128, seq=96, drop=0.3999, lr=0.000042, wd=0.0014 | alpha=[2.69, 0.68, 2.69], gamma=1.33, smooth=0.05
2026-03-09 19:55:00,281 - INFO - T71 E1/50 | L: 0.68250501/0.56455883 | F1 M: 0.42377564 D: 0.18467889 | [S/N/B]: [0.1215/0.9020/0.2478] | LR: 0.00004244
2026-03-09 19:55:31,106 - INFO - T71 E2/50 | L: 0.66461129/0.56292381 | F1 M: 0.43561621 D: 0.20578982 | [S/N/B]: [0.1911/0.8953/0.2205] | LR: 0.00004232
2026-03-09 19:56:02,663 - INFO - T71 E3/50 | L: 0.66077038/0.56017974 | F1 M: 0.39657461 D: 0.14757220 | [S/N/B]: [0.0206/0.8946/0.2746] | LR: 0.00004211
2026-03-09 19:56:33,321 - INFO - T71 E4/50 | L: 0.65850285/0.55810456 | F1 M: 0.44145040 D: 0.21203351 | [S/N/B]: [0.1920/0.9003/0.2321] | LR: 0.00004182
2026-03-09 19:57:03,686 - INFO - T71 E5/50 | L: 0.65590859/0.55859791 | F1 M: 0.43958423 D: 0.20628755 | [S/N/B]: [0.1648/0.9062/0.2478] | LR: 0.00004145
2026-03-09 19:57:33,748 - INFO - T71 E6/50 | L: 0.65406800/0.55859261 | F1 M: 0.43409923 D: 0.19806795 | [S/N/B]: [0.1366/0.9062/0.2595] | LR: 0.00004099
2026-03-09 19:58:04,129 - INFO - T71 E7/50 | L: 0.65204933/0.55868372 | F1 M: 0.43735804 D: 0.20804703 | [S/N/B]: [0.2312/0.8960/0.1849] | LR: 0.00004046
2026-03-09 19:58:04,220 - INFO - Trial 71 stopped early due to patience (3 epochs without improvement)
2026-03-09 19:58:04,424 - INFO - Trial 71 finished with value: 0.44145040257521045 and parameters: {'tcn_channels': 128, 'lstm_hidden': 128, 'num_lstm_layers': 5, 'batch_size': 128, 'dropout': 0.39987480847033763, 'seq_len': 96, 'lr': 4.2486259947580645e-05, 'weight_decay': 0.001353780447754992, 'base_alpha_side': 2.6928624349005186, 'base_alpha_neutral': 0.679151112184016, 'base_loss_gamma': 1.3286126791564794, 'base_loss_smoothing': 0.05058973345482409}. Best is trial 53 with value: 0.44484114413196946.
2026-03-09 19:58:06,507 - INFO - SequenceDataset: 152966/228206 valid sequences (Lookback protection active).
2026-03-09 19:58:06,508 - INFO - SequenceDataset: 65585/97790 valid sequences (Lookback protection active).
2026-03-09 19:58:06,838 - INFO - Trial 72 START | tcn=128, lstm=128, layers=6, batch=128, seq=96, drop=0.4160, lr=0.000064, wd=0.0014 | alpha=[2.65, 0.75, 2.65], gamma=1.45, smooth=0.06
2026-03-09 19:58:38,722 - INFO - T72 E1/50 | L: 0.69672999/0.57778848 | F1 M: 0.39027513 D: 0.13271829 | [S/N/B]: [0.0000/0.9054/0.2654] | LR: 0.00006362
2026-03-09 19:59:10,075 - INFO - T72 E2/50 | L: 0.67920320/0.57466840 | F1 M: 0.39383111 D: 0.13625085 | [S/N/B]: [0.0000/0.9090/0.2725] | LR: 0.00006343
2026-03-09 19:59:43,511 - INFO - T72 E3/50 | L: 0.67432764/0.57251938 | F1 M: 0.39295319 D: 0.13777808 | [S/N/B]: [0.0000/0.9033/0.2756] | LR: 0.00006312
2026-03-09 19:59:43,788 - INFO - Trial 72 pruned by Optuna at epoch 3
2026-03-09 19:59:43,956 - INFO - Trial 72 pruned. 
2026-03-09 19:59:45,908 - INFO - SequenceDataset: 152966/228206 valid sequences (Lookback protection active).
2026-03-09 19:59:45,909 - INFO - SequenceDataset: 65585/97790 valid sequences (Lookback protection active).
2026-03-09 19:59:46,598 - INFO - Trial 73 START | tcn=128, lstm=128, layers=5, batch=128, seq=96, drop=0.4396, lr=0.000099, wd=0.0001 | alpha=[2.84, 0.70, 2.84], gamma=1.35, smooth=0.05
2026-03-09 20:00:15,775 - INFO - T73 E1/50 | L: 0.71355664/0.59198204 | F1 M: 0.39187181 D: 0.13778220 | [S/N/B]: [0.0005/0.9001/0.2751] | LR: 0.00009863
2026-03-09 20:00:47,547 - INFO - T73 E2/50 | L: 0.69850822/0.59139940 | F1 M: 0.43408333 D: 0.20366565 | [S/N/B]: [0.1386/0.8949/0.2687] | LR: 0.00009834
2026-03-09 20:01:18,175 - INFO - T73 E3/50 | L: 0.69444457/0.58891600 | F1 M: 0.41934021 D: 0.18238450 | [S/N/B]: [0.0904/0.8933/0.2743] | LR: 0.00009785
2026-03-09 20:01:49,209 - INFO - T73 E4/50 | L: 0.69218565/0.58868291 | F1 M: 0.44334034 D: 0.21529057 | [S/N/B]: [0.1862/0.8994/0.2443] | LR: 0.00009718
2026-03-09 20:02:21,100 - INFO - T73 E5/50 | L: 0.68946600/0.58964193 | F1 M: 0.42869598 D: 0.19229701 | [S/N/B]: [0.1219/0.9015/0.2627] | LR: 0.00009631
2026-03-09 20:02:51,745 - INFO - T73 E6/50 | L: 0.68688956/0.59347309 | F1 M: 0.43502192 D: 0.19835325 | [S/N/B]: [0.1392/0.9084/0.2575] | LR: 0.00009526
2026-03-09 20:03:22,923 - INFO - T73 E7/50 | L: 0.68414831/0.59336175 | F1 M: 0.43611104 D: 0.21186734 | [S/N/B]: [0.1837/0.8846/0.2400] | LR: 0.00009403
2026-03-09 20:03:23,744 - INFO - Trial 73 stopped early due to patience (3 epochs without improvement)
2026-03-09 20:03:24,087 - INFO - Trial 73 finished with value: 0.4433403410176611 and parameters: {'tcn_channels': 128, 'lstm_hidden': 128, 'num_lstm_layers': 5, 'batch_size': 128, 'dropout': 0.4395855450814522, 'seq_len': 96, 'lr': 9.872727471831791e-05, 'weight_decay': 0.0001102435948908903, 'base_alpha_side': 2.8363817897981667, 'base_alpha_neutral': 0.7016025776304836, 'base_loss_gamma': 1.3509859761914513, 'base_loss_smoothing': 0.04885116678011202}. Best is trial 53 with value: 0.44484114413196946.
2026-03-09 20:03:27,030 - INFO - SequenceDataset: 152966/228206 valid sequences (Lookback protection active).
2026-03-09 20:03:27,031 - INFO - SequenceDataset: 65585/97790 valid sequences (Lookback protection active).
2026-03-09 20:03:27,565 - INFO - Trial 74 START | tcn=128, lstm=128, layers=6, batch=128, seq=96, drop=0.4461, lr=0.000095, wd=0.0001 | alpha=[3.13, 0.70, 3.13], gamma=1.55, smooth=0.03
2026-03-09 20:04:00,085 - INFO - T74 E1/50 | L: 0.72856506/0.59706463 | F1 M: 0.39128952 D: 0.13649493 | [S/N/B]: [0.0000/0.9009/0.2730] | LR: 0.00009488
2026-03-09 20:04:33,997 - INFO - T74 E2/50 | L: 0.71219477/0.59473813 | F1 M: 0.42685112 D: 0.20205190 | [S/N/B]: [0.1338/0.8764/0.2703] | LR: 0.00009460
2026-03-09 20:05:06,790 - INFO - T74 E3/50 | L: 0.70717994/0.59151373 | F1 M: 0.40490636 D: 0.16195285 | [S/N/B]: [0.0489/0.8908/0.2751] | LR: 0.00009414
2026-03-09 20:05:39,012 - INFO - T74 E4/50 | L: 0.70397026/0.59015142 | F1 M: 0.43940386 D: 0.21006559 | [S/N/B]: [0.1796/0.8981/0.2405] | LR: 0.00009348
2026-03-09 20:06:12,039 - INFO - T74 E5/50 | L: 0.70096178/0.59328663 | F1 M: 0.43613091 D: 0.21412323 | [S/N/B]: [0.1966/0.8801/0.2317] | LR: 0.00009265
2026-03-09 20:06:44,977 - INFO - T74 E6/50 | L: 0.69791878/0.59477825 | F1 M: 0.43419881 D: 0.21382263 | [S/N/B]: [0.1905/0.8750/0.2371] | LR: 0.00009164
2026-03-09 20:07:18,228 - INFO - T74 E7/50 | L: 0.69520551/0.59697387 | F1 M: 0.43886237 D: 0.21380457 | [S/N/B]: [0.2066/0.8890/0.2210] | LR: 0.00009046
2026-03-09 20:07:18,367 - INFO - Trial 74 stopped early due to patience (3 epochs without improvement)
2026-03-09 20:07:18,664 - INFO - Trial 74 finished with value: 0.4394038626611314 and parameters: {'tcn_channels': 128, 'lstm_hidden': 128, 'num_lstm_layers': 6, 'batch_size': 128, 'dropout': 0.44605635014093625, 'seq_len': 96, 'lr': 9.49765753761473e-05, 'weight_decay': 0.00013183912637556268, 'base_alpha_side': 3.125543424076185, 'base_alpha_neutral': 0.7020539345737704, 'base_loss_gamma': 1.5455280819216237, 'base_loss_smoothing': 0.025673150089147802}. Best is trial 53 with value: 0.44484114413196946.
2026-03-09 20:07:21,337 - INFO - SequenceDataset: 152966/228206 valid sequences (Lookback protection active).
2026-03-09 20:07:21,338 - INFO - SequenceDataset: 65585/97790 valid sequences (Lookback protection active).
2026-03-09 20:07:21,818 - INFO - Trial 75 START | tcn=128, lstm=128, layers=6, batch=128, seq=96, drop=0.4392, lr=0.000098, wd=0.0008 | alpha=[3.69, 0.63, 3.69], gamma=1.25, smooth=0.02
2026-03-09 20:07:54,544 - INFO - T75 E1/50 | L: 0.84641769/0.69326458 | F1 M: 0.39494608 D: 0.15936355 | [S/N/B]: [0.0569/0.8661/0.2618] | LR: 0.00009802
2026-03-09 20:08:27,021 - INFO - T75 E2/50 | L: 0.82726830/0.68792930 | F1 M: 0.43664539 D: 0.21493743 | [S/N/B]: [0.2045/0.8801/0.2254] | LR: 0.00009773
2026-03-09 20:09:00,235 - INFO - T75 E3/50 | L: 0.82181860/0.68771645 | F1 M: 0.43066100 D: 0.20898311 | [S/N/B]: [0.2172/0.8740/0.2008] | LR: 0.00009724
2026-03-09 20:09:32,673 - INFO - T75 E4/50 | L: 0.81760219/0.68823559 | F1 M: 0.43393017 D: 0.21507692 | [S/N/B]: [0.2139/0.8716/0.2162] | LR: 0.00009657
2026-03-09 20:10:04,725 - INFO - T75 E5/50 | L: 0.81440756/0.68838429 | F1 M: 0.43398208 D: 0.21447267 | [S/N/B]: [0.1855/0.8730/0.2434] | LR: 0.00009571
2026-03-09 20:10:37,944 - INFO - T75 E6/50 | L: 0.81229739/0.69546594 | F1 M: 0.42381540 D: 0.20954943 | [S/N/B]: [0.1655/0.8523/0.2536] | LR: 0.00009467
2026-03-09 20:10:38,041 - INFO - Trial 75 stopped early due to patience (3 epochs without improvement)
2026-03-09 20:10:38,266 - INFO - Trial 75 finished with value: 0.43664539499445687 and parameters: {'tcn_channels': 128, 'lstm_hidden': 128, 'num_lstm_layers': 6, 'batch_size': 128, 'dropout': 0.43920947236852553, 'seq_len': 96, 'lr': 9.811375907263922e-05, 'weight_decay': 0.0007675527573961466, 'base_alpha_side': 3.6851384602779618, 'base_alpha_neutral': 0.6304102420864528, 'base_loss_gamma': 1.2504453750297244, 'base_loss_smoothing': 0.021063446862461317}. Best is trial 53 with value: 0.44484114413196946.
2026-03-09 20:10:40,191 - INFO - SequenceDataset: 210062/228278 valid sequences (Lookback protection active).
2026-03-09 20:10:40,192 - INFO - SequenceDataset: 90065/97862 valid sequences (Lookback protection active).
2026-03-09 20:10:40,604 - INFO - Trial 76 START | tcn=64, lstm=128, layers=5, batch=128, seq=24, drop=0.4118, lr=0.000070, wd=0.0001 | alpha=[2.85, 0.73, 2.85], gamma=1.35, smooth=0.07
2026-03-09 20:11:20,149 - INFO - T76 E1/50 | L: 0.69042283/0.58603036 | F1 M: 0.39360057 D: 0.12734297 | [S/N/B]: [0.0000/0.9261/0.2547] | LR: 0.00006986
2026-03-09 20:12:00,306 - INFO - T76 E2/50 | L: 0.67657659/0.58229362 | F1 M: 0.39482391 D: 0.13274605 | [S/N/B]: [0.0000/0.9190/0.2655] | LR: 0.00006965
2026-03-09 20:12:39,968 - INFO - T76 E3/50 | L: 0.67222375/0.58223367 | F1 M: 0.42299049 D: 0.17946894 | [S/N/B]: [0.0978/0.9100/0.2612] | LR: 0.00006931
2026-03-09 20:13:20,509 - INFO - T76 E4/50 | L: 0.66945982/0.57986002 | F1 M: 0.40911520 D: 0.15403746 | [S/N/B]: [0.0424/0.9193/0.2657] | LR: 0.00006883
2026-03-09 20:13:20,685 - INFO - Trial 76 pruned by Optuna at epoch 4
2026-03-09 20:13:20,830 - INFO - Trial 76 pruned. 
2026-03-09 20:13:22,376 - INFO - SequenceDataset: 152966/228206 valid sequences (Lookback protection active).
2026-03-09 20:13:22,377 - INFO - SequenceDataset: 65585/97790 valid sequences (Lookback protection active).
2026-03-09 20:13:22,797 - INFO - Trial 77 START | tcn=256, lstm=128, layers=7, batch=128, seq=96, drop=0.4263, lr=0.000049, wd=0.0002 | alpha=[3.24, 0.65, 3.24], gamma=1.07, smooth=0.05
2026-03-09 20:13:57,546 - INFO - T77 E1/50 | L: 0.84752712/0.70843162 | F1 M: 0.42229839 D: 0.18756380 | [S/N/B]: [0.1219/0.8918/0.2532] | LR: 0.00004893
2026-03-09 20:14:31,379 - INFO - T77 E2/50 | L: 0.82620903/0.70360136 | F1 M: 0.43646118 D: 0.20672679 | [S/N/B]: [0.1757/0.8959/0.2377] | LR: 0.00004878
2026-03-09 20:15:07,139 - INFO - T77 E3/50 | L: 0.81936780/0.70398163 | F1 M: 0.43146813 D: 0.20554493 | [S/N/B]: [0.1622/0.8833/0.2489] | LR: 0.00004854
2026-03-09 20:15:42,257 - INFO - T77 E4/50 | L: 0.81465225/0.70108866 | F1 M: 0.43549417 D: 0.20882816 | [S/N/B]: [0.1762/0.8888/0.2414] | LR: 0.00004821
2026-03-09 20:16:17,947 - INFO - T77 E5/50 | L: 0.80890753/0.70434151 | F1 M: 0.43646257 D: 0.20798532 | [S/N/B]: [0.1753/0.8934/0.2407] | LR: 0.00004778
2026-03-09 20:16:52,801 - INFO - T77 E6/50 | L: 0.80429327/0.70579296 | F1 M: 0.43699137 D: 0.20863152 | [S/N/B]: [0.1781/0.8937/0.2392] | LR: 0.00004726
2026-03-09 20:17:29,230 - INFO - T77 E7/50 | L: 0.79785610/0.71490145 | F1 M: 0.43736560 D: 0.20700410 | [S/N/B]: [0.1861/0.8981/0.2279] | LR: 0.00004664
2026-03-09 20:17:29,383 - INFO - Trial 77 stopped early due to patience (3 epochs without improvement)
2026-03-09 20:17:29,737 - INFO - Trial 77 finished with value: 0.43736560070895797 and parameters: {'tcn_channels': 256, 'lstm_hidden': 128, 'num_lstm_layers': 7, 'batch_size': 128, 'dropout': 0.4263172736757416, 'seq_len': 96, 'lr': 4.897552703361696e-05, 'weight_decay': 0.0001820482839682613, 'base_alpha_side': 3.2402967127891595, 'base_alpha_neutral': 0.6484644416074201, 'base_loss_gamma': 1.0678348566296703, 'base_loss_smoothing': 0.05289060439247682}. Best is trial 53 with value: 0.44484114413196946.
2026-03-09 20:17:32,871 - INFO - SequenceDataset: 210062/228278 valid sequences (Lookback protection active).
2026-03-09 20:17:32,872 - INFO - SequenceDataset: 90065/97862 valid sequences (Lookback protection active).
2026-03-09 20:17:33,495 - INFO - Trial 78 START | tcn=512, lstm=64, layers=7, batch=128, seq=24, drop=0.4717, lr=0.000090, wd=0.0011 | alpha=[2.39, 0.42, 2.39], gamma=1.64, smooth=0.04
2026-03-09 20:18:20,000 - INFO - T78 E1/50 | L: 0.39208835/0.32562638 | F1 M: 0.39406317 D: 0.17983884 | [S/N/B]: [0.1984/0.8225/0.1613] | LR: 0.00009033
2026-03-09 20:19:05,325 - INFO - T78 E2/50 | L: 0.38130301/0.32324788 | F1 M: 0.35026343 D: 0.10798857 | [S/N/B]: [0.0000/0.8348/0.2160] | LR: 0.00009007
2026-03-09 20:19:52,154 - INFO - T78 E3/50 | L: 0.37743898/0.32277607 | F1 M: 0.37911128 D: 0.16808308 | [S/N/B]: [0.1312/0.8012/0.2049] | LR: 0.00008962
2026-03-09 20:19:52,433 - INFO - Trial 78 pruned by Optuna at epoch 3
