2026-03-23 17:16:39,796 - INFO - Trial 82 finished with value: 0.4371908612703148 and parameters: {'tcn_channels': 256, 'lstm_hidden': 128, 'num_lstm_layers': 5, 'batch_size': 2048, 'dropout': 0.3315315859578594, 'seq_len': 96, 'lr': 0.0018390972327919262, 'weight_decay': 0.00013207357293162426, 'base_alpha_sell': 1.4948783853445597, 'base_alpha_neutral': 0.829967929169532, 'base_alpha_buy': 1.490879826625256, 'base_loss_gamma': 1.348111232978426, 'base_loss_smoothing': 0.1465473640133435, 'asym_gamma_sell': 1.7078484638683573, 'asym_gamma_neu': 0.2944690651444585, 'asym_gamma_buy': 1.4279558684825915}. Best is trial 23 with value: 0.4421075032364468.
2026-03-23 17:16:40,396 - INFO - 🔍 RAM-Safe Streaming Scan (Treino): 878 arquivos...
2026-03-23 17:17:34,257 - INFO - ✂️ Double-Chunking (Treino): Expondo fatias de 500,000 amostras aleatórias.
2026-03-23 17:17:34,258 - INFO - 🚀 Pre-loading 500,000 samples into RAM (Lightning Mode)...
2026-03-23 17:20:46,925 - INFO - ✅ RAM-Safe Streaming Dataset: 500,000 sequences indexed and PRE-LOADED.
2026-03-23 17:20:46,928 - INFO - ✅ RAM-Safe Streaming Dataset: 500,000 sequences indexed (Mode: Lightning).
2026-03-23 17:20:46,976 - INFO - 🔍 RAM-Safe Streaming Scan (Val): 274 arquivos...
2026-03-23 17:21:01,361 - INFO - ✂️ Double-Chunking (Val): Expondo fatias de 100,000 amostras aleatórias.
2026-03-23 17:21:01,361 - INFO - 🚀 Pre-loading 100,000 samples into RAM (Lightning Mode)...
2026-03-23 17:21:59,693 - INFO - ✅ RAM-Safe Streaming Dataset: 100,000 sequences indexed and PRE-LOADED.
2026-03-23 17:21:59,694 - INFO - ✅ RAM-Safe Streaming Dataset: 100,000 sequences indexed (Mode: Lightning).
2026-03-23 17:22:00,141 - INFO - Trial 83 START | tcn=64, lstm=64, layers=3, batch=2048, seq=144 | RFE=30 | loss=ASYM (g_s=1.05, g_n=0.50, g_b=1.68) | alpha=[1.69, 0.68, 1.70], smooth=0.08
2026-03-23 17:22:20,140 - INFO - T83 E1/10 | [OK] | L: 0.97651151/0.87711525 | F1 M MIN: 0.04187774 D: 0.26934412 | [S/N/B]: [0.4968/0.5556/0.0419] | LR: 0.00027157
2026-03-23 17:22:40,396 - INFO - T83 E2/10 | [OK] | L: 0.85947805/0.80688633 | F1 M MIN: 0.07700014 D: 0.30711359 | [S/N/B]: [0.5372/0.6600/0.0770] | LR: 0.00025180
2026-03-23 17:23:00,498 - INFO - T83 E3/10 | [OK] | L: 0.83271740/0.77688570 | F1 M MIN: 0.12857292 D: 0.33993087 | [S/N/B]: [0.5513/0.7158/0.1286] | LR: 0.00022101
2026-03-23 17:23:20,795 - INFO - T83 E4/10 | [OK] | L: 0.82032643/0.76323119 | F1 M MIN: 0.13348312 D: 0.34763243 | [S/N/B]: [0.5618/0.7384/0.1335] | LR: 0.00018221
2026-03-23 17:23:41,165 - INFO - T83 E5/10 | [OK] | L: 0.81113288/0.75435684 | F1 M MIN: 0.12265678 D: 0.34523455 | [S/N/B]: [0.5678/0.7498/0.1227] | LR: 0.00013919
2026-03-23 17:24:01,390 - INFO - T83 E6/10 | [OK] | L: 0.80500890/0.75048360 | F1 M MIN: 0.13872114 D: 0.35384068 | [S/N/B]: [0.5690/0.7496/0.1387] | LR: 0.00009618
2026-03-23 17:24:01,554 - INFO - Trial 83 pruned by Optuna at epoch 6
2026-03-23 17:24:01,680 - INFO - Trial 83 pruned.
2026-03-23 17:24:02,401 - INFO - 🔍 RAM-Safe Streaming Scan (Treino): 878 arquivos...
2026-03-23 17:24:56,142 - INFO - ✂️ Double-Chunking (Treino): Expondo fatias de 500,000 amostras aleatórias.
2026-03-23 17:24:56,144 - INFO - 🚀 Pre-loading 500,000 samples into RAM (Lightning Mode)...
2026-03-23 17:28:09,162 - INFO - ✅ RAM-Safe Streaming Dataset: 500,000 sequences indexed and PRE-LOADED.
2026-03-23 17:28:09,165 - INFO - ✅ RAM-Safe Streaming Dataset: 500,000 sequences indexed (Mode: Lightning).
2026-03-23 17:28:09,212 - INFO - 🔍 RAM-Safe Streaming Scan (Val): 274 arquivos...
2026-03-23 17:28:23,210 - INFO - ✂️ Double-Chunking (Val): Expondo fatias de 100,000 amostras aleatórias.
2026-03-23 17:28:23,210 - INFO - 🚀 Pre-loading 100,000 samples into RAM (Lightning Mode)...
2026-03-23 17:29:21,281 - INFO - ✅ RAM-Safe Streaming Dataset: 100,000 sequences indexed and PRE-LOADED.
2026-03-23 17:29:21,282 - INFO - ✅ RAM-Safe Streaming Dataset: 100,000 sequences indexed (Mode: Lightning).
2026-03-23 17:29:21,893 - INFO - Trial 84 START | tcn=256, lstm=128, layers=5, batch=2048, seq=96 | RFE=30 | loss=ASYM (g_s=2.28, g_n=0.64, g_b=0.51) | alpha=[1.24, 0.93, 1.44], smooth=0.14
2026-03-23 17:30:00,676 - INFO - T84 E1/10 | [WARN] ZERO_PENALTY | L: 0.73957695/0.65470486 | F1 M MIN: 0.00000000 D: 0.00000000 | [S/N/B]: [0.0000/0.8458/0.5777] | LR: 0.00139834
2026-03-23 17:30:40,053 - INFO - T84 E2/10 | [WARN] ZERO_PENALTY | L: 0.67292450/0.63398843 | F1 M MIN: 0.00000000 D: 0.00000000 | [S/N/B]: [0.0000/0.8614/0.5864] | LR: 0.00129654
2026-03-23 17:31:19,632 - INFO - T84 E3/10 | [WARN] ZERO_PENALTY | L: 0.66169685/0.63030080 | F1 M MIN: 0.00000000 D: 0.00000000 | [S/N/B]: [0.0000/0.8660/0.5894] | LR: 0.00113798
2026-03-23 17:31:59,116 - INFO - T84 E4/10 | [WARN] ZERO_PENALTY | L: 0.65547584/0.62822358 | F1 M MIN: 0.00000000 D: 0.00000000 | [S/N/B]: [0.0000/0.8735/0.5936] | LR: 0.00093819
2026-03-23 17:31:59,215 - INFO - Trial 84 stopped early due to patience limit (4 epochs without improvement)
2026-03-23 17:31:59,474 - INFO - Trial 84 finished with value: 0.0 and parameters: {'tcn_channels': 256, 'lstm_hidden': 128, 'num_lstm_layers': 5, 'batch_size': 2048, 'dropout': 0.36772973955100785, 'seq_len': 96, 'lr': 0.0014334220398719345, 'weight_decay': 0.00028751664430310705, 'base_alpha_sell': 1.2437351390004703, 'base_alpha_neutral': 0.9324191623514035, 'base_alpha_buy': 1.4373094298817006, 'base_loss_gamma': 1.230089325907638, 'base_loss_smoothing': 0.1377705184994011, 'asym_gamma_sell': 2.282867724925739, 'asym_gamma_neu': 0.6447721291809159, 'asym_gamma_buy': 0.5058406055592168}. Best is trial 23 with value: 0.4421075032364468.
2026-03-23 17:32:00,326 - INFO - 🔍 RAM-Safe Streaming Scan (Treino): 878 arquivos...
2026-03-23 17:32:55,265 - INFO - ✂️ Double-Chunking (Treino): Expondo fatias de 500,000 amostras aleatórias.
2026-03-23 17:32:55,266 - INFO - 🚀 Pre-loading 500,000 samples into RAM (Lightning Mode)...
2026-03-23 17:36:07,496 - INFO - ✅ RAM-Safe Streaming Dataset: 500,000 sequences indexed and PRE-LOADED.
2026-03-23 17:36:07,497 - INFO - ✅ RAM-Safe Streaming Dataset: 500,000 sequences indexed (Mode: Lightning).
2026-03-23 17:36:07,546 - INFO - 🔍 RAM-Safe Streaming Scan (Val): 274 arquivos...
2026-03-23 17:36:21,644 - INFO - ✂️ Double-Chunking (Val): Expondo fatias de 100,000 amostras aleatórias.
2026-03-23 17:36:21,644 - INFO - 🚀 Pre-loading 100,000 samples into RAM (Lightning Mode)...
2026-03-23 17:37:18,679 - INFO - ✅ RAM-Safe Streaming Dataset: 100,000 sequences indexed and PRE-LOADED.
2026-03-23 17:37:18,681 - INFO - ✅ RAM-Safe Streaming Dataset: 100,000 sequences indexed (Mode: Lightning).
2026-03-23 17:37:19,157 - INFO - Trial 85 START | tcn=64, lstm=64, layers=5, batch=1024, seq=96 | RFE=30 | loss=ASYM (g_s=1.32, g_n=0.83, g_b=1.89) | alpha=[1.54, 0.95, 1.72], smooth=0.17
2026-03-23 17:37:39,724 - INFO - T85 E1/10 | [WARN] ZERO_PENALTY | L: 0.90062405/0.81317611 | F1 M MIN: 0.00000000 D: 0.00000000 | [S/N/B]: [0.0000/0.7884/0.5505] | LR: 0.00109492
2026-03-23 17:38:00,114 - INFO - T85 E2/10 | [WARN] ZERO_PENALTY | L: 0.83242370/0.78362840 | F1 M MIN: 0.00000000 D: 0.00000000 | [S/N/B]: [0.0000/0.8099/0.5603] | LR: 0.00101521
2026-03-23 17:38:20,880 - INFO - T85 E3/10 | [WARN] ZERO_PENALTY | L: 0.81740194/0.76446867 | F1 M MIN: 0.00000000 D: 0.00000000 | [S/N/B]: [0.0000/0.8433/0.5757] | LR: 0.00089105
2026-03-23 17:38:41,021 - INFO - T85 E4/10 | [WARN] ZERO_PENALTY | L: 0.80860394/0.75997954 | F1 M MIN: 0.00000000 D: 0.00000000 | [S/N/B]: [0.0000/0.8429/0.5755] | LR: 0.00073461
2026-03-23 17:38:41,094 - INFO - Trial 85 stopped early due to patience limit (4 epochs without improvement)
2026-03-23 17:38:41,341 - INFO - Trial 85 finished with value: 0.0 and parameters: {'tcn_channels': 64, 'lstm_hidden': 64, 'num_lstm_layers': 5, 'batch_size': 1024, 'dropout': 0.4765082504263387, 'seq_len': 96, 'lr': 0.0011223857928897012, 'weight_decay': 0.0010562690004040575, 'base_alpha_sell': 1.5435065697551411, 'base_alpha_neutral': 0.9515430519905609, 'base_alpha_buy': 1.7239218796662052, 'base_loss_gamma': 1.444272999913156, 'base_loss_smoothing': 0.17201218262202483, 'asym_gamma_sell': 1.3214688358167623, 'asym_gamma_neu': 0.8287075180092229, 'asym_gamma_buy': 1.888806107918967}. Best is trial 23 with value: 0.4421075032364468.
2026-03-23 17:38:42,196 - INFO - 🔍 RAM-Safe Streaming Scan (Treino): 878 arquivos...
2026-03-23 17:39:37,400 - INFO - ✂️ Double-Chunking (Treino): Expondo fatias de 500,000 amostras aleatórias.
2026-03-23 17:39:37,409 - INFO - 🚀 Pre-loading 500,000 samples into RAM (Lightning Mode)...
2026-03-23 17:42:51,824 - INFO - ✅ RAM-Safe Streaming Dataset: 500,000 sequences indexed and PRE-LOADED.
2026-03-23 17:42:51,826 - INFO - ✅ RAM-Safe Streaming Dataset: 500,000 sequences indexed (Mode: Lightning).
2026-03-23 17:42:51,873 - INFO - 🔍 RAM-Safe Streaming Scan (Val): 274 arquivos...
2026-03-23 17:43:06,278 - INFO - ✂️ Double-Chunking (Val): Expondo fatias de 100,000 amostras aleatórias.
2026-03-23 17:43:06,278 - INFO - 🚀 Pre-loading 100,000 samples into RAM (Lightning Mode)...
2026-03-23 17:44:03,432 - INFO - ✅ RAM-Safe Streaming Dataset: 100,000 sequences indexed and PRE-LOADED.
2026-03-23 17:44:03,433 - INFO - ✅ RAM-Safe Streaming Dataset: 100,000 sequences indexed (Mode: Lightning).
2026-03-23 17:44:03,961 - INFO - Trial 86 START | tcn=256, lstm=128, layers=5, batch=2048, seq=96 | RFE=30 | loss=ASYM (g_s=0.73, g_n=0.18, g_b=2.01) | alpha=[1.84, 0.87, 1.63], smooth=0.23
2026-03-23 17:44:42,760 - INFO - T86 E1/10 | [WARN] ZERO_PENALTY | L: 1.08391896/1.01581013 | F1 M MIN: 0.00000000 D: 0.00000000 | [S/N/B]: [0.5564/0.7781/0.0000] | LR: 0.00085890
2026-03-23 17:45:22,079 - INFO - T86 E2/10 | [WARN] ZERO_PENALTY | L: 1.01832513/1.00373646 | F1 M MIN: 0.00000000 D: 0.00000000 | [S/N/B]: [0.5601/0.7866/0.0000] | LR: 0.00079637
2026-03-23 17:46:01,592 - INFO - T86 E3/10 | [WARN] ZERO_PENALTY | L: 1.00591864/0.98449785 | F1 M MIN: 0.00000000 D: 0.00000000 | [S/N/B]: [0.5706/0.8119/0.0000] | LR: 0.00069898
2026-03-23 17:46:41,048 - INFO - T86 E4/10 | [WARN] ZERO_PENALTY | L: 0.99844205/0.99832092 | F1 M MIN: 0.00000000 D: 0.00000000 | [S/N/B]: [0.5552/0.7718/0.0000] | LR: 0.00057626
2026-03-23 17:46:41,130 - INFO - Trial 86 stopped early due to patience limit (4 epochs without improvement)
2026-03-23 17:46:41,359 - INFO - Trial 86 finished with value: 0.0 and parameters: {'tcn_channels': 256, 'lstm_hidden': 128, 'num_lstm_layers': 5, 'batch_size': 2048, 'dropout': 0.33680781164769963, 'seq_len': 96, 'lr': 0.0008804459838331704, 'weight_decay': 0.00011807998166797435, 'base_alpha_sell': 1.8377359253252652, 'base_alpha_neutral': 0.8691305429496712, 'base_alpha_buy': 1.6278844052190629, 'base_loss_gamma': 2.1244576904210395, 'base_loss_smoothing': 0.2295011489080476, 'asym_gamma_sell': 0.7287998195698815, 'asym_gamma_neu': 0.1771144551568198, 'asym_gamma_buy': 2.006865924762358}. Best is trial 23 with value: 0.4421075032364468.
2026-03-23 17:46:42,016 - INFO - 🔍 RAM-Safe Streaming Scan (Treino): 878 arquivos...
2026-03-23 17:47:35,904 - INFO - ✂️ Double-Chunking (Treino): Expondo fatias de 500,000 amostras aleatórias.
2026-03-23 17:47:35,909 - INFO - 🚀 Pre-loading 500,000 samples into RAM (Lightning Mode)...
2026-03-23 17:50:50,855 - INFO - ✅ RAM-Safe Streaming Dataset: 500,000 sequences indexed and PRE-LOADED.
2026-03-23 17:50:50,857 - INFO - ✅ RAM-Safe Streaming Dataset: 500,000 sequences indexed (Mode: Lightning).
2026-03-23 17:50:50,903 - INFO - 🔍 RAM-Safe Streaming Scan (Val): 274 arquivos...
2026-03-23 17:51:05,050 - INFO - ✂️ Double-Chunking (Val): Expondo fatias de 100,000 amostras aleatórias.
2026-03-23 17:51:05,051 - INFO - 🚀 Pre-loading 100,000 samples into RAM (Lightning Mode)...
2026-03-23 17:52:03,255 - INFO - ✅ RAM-Safe Streaming Dataset: 100,000 sequences indexed and PRE-LOADED.
2026-03-23 17:52:03,256 - INFO - ✅ RAM-Safe Streaming Dataset: 100,000 sequences indexed (Mode: Lightning).
2026-03-23 17:52:03,675 - INFO - Trial 87 START | tcn=64, lstm=128, layers=4, batch=2048, seq=256 | RFE=30 | loss=ASYM (g_s=1.05, g_n=0.35, g_b=2.42) | alpha=[1.52, 0.55, 1.15], smooth=0.08
2026-03-23 17:52:49,352 - INFO - T87 E1/10 | [WARN] ZERO_PENALTY | L: 0.57708284/0.50405951 | F1 M MIN: 0.00000000 D: 0.00000000 | [S/N/B]: [0.5481/0.7614/0.0000] | LR: 0.00115568
2026-03-23 17:53:35,983 - INFO - T87 E2/10 | [WARN] ZERO_PENALTY | L: 0.51271107/0.49206433 | F1 M MIN: 0.00000000 D: 0.00000000 | [S/N/B]: [0.5487/0.7591/0.0000] | LR: 0.00107155
2026-03-23 17:54:22,614 - INFO - T87 E3/10 | [WARN] ZERO_PENALTY | L: 0.49963214/0.47996482 | F1 M MIN: 0.00000000 D: 0.00000000 | [S/N/B]: [0.5546/0.7747/0.0000] | LR: 0.00094050
2026-03-23 17:55:09,159 - INFO - T87 E4/10 | [WARN] ZERO_PENALTY | L: 0.49180007/0.47010785 | F1 M MIN: 0.00000000 D: 0.00000000 | [S/N/B]: [0.5618/0.7933/0.0000] | LR: 0.00077538
2026-03-23 17:55:09,240 - INFO - Trial 87 stopped early due to patience limit (4 epochs without improvement)
2026-03-23 17:55:09,551 - INFO - Trial 87 finished with value: 0.0 and parameters: {'tcn_channels': 64, 'lstm_hidden': 128, 'num_lstm_layers': 4, 'batch_size': 2048, 'dropout': 0.40193838507671087, 'seq_len': 256, 'lr': 0.0011846735162279892, 'weight_decay': 0.0015663381975987826, 'base_alpha_sell': 1.5235515900071526, 'base_alpha_neutral': 0.5535818769591855, 'base_alpha_buy': 1.1490967044452005, 'base_loss_gamma': 1.6466980525118982, 'base_loss_smoothing': 0.07553811757256364, 'asym_gamma_sell': 1.0483563175885533, 'asym_gamma_neu': 0.34633849209538226, 'asym_gamma_buy': 2.4192170607521812}. Best is trial 23 with value: 0.4421075032364468.
2026-03-23 17:55:10,429 - INFO - 🔍 RAM-Safe Streaming Scan (Treino): 878 arquivos...
2026-03-23 17:56:05,683 - INFO - ✂️ Double-Chunking (Treino): Expondo fatias de 500,000 amostras aleatórias.
2026-03-23 17:56:05,684 - INFO - 🚀 Pre-loading 500,000 samples into RAM (Lightning Mode)...
2026-03-23 17:59:16,347 - INFO - ✅ RAM-Safe Streaming Dataset: 500,000 sequences indexed and PRE-LOADED.
2026-03-23 17:59:16,348 - INFO - ✅ RAM-Safe Streaming Dataset: 500,000 sequences indexed (Mode: Lightning).
2026-03-23 17:59:16,399 - INFO - 🔍 RAM-Safe Streaming Scan (Val): 274 arquivos...
2026-03-23 17:59:30,914 - INFO - ✂️ Double-Chunking (Val): Expondo fatias de 100,000 amostras aleatórias.
2026-03-23 17:59:30,914 - INFO - 🚀 Pre-loading 100,000 samples into RAM (Lightning Mode)...
2026-03-23 18:00:29,104 - INFO - ✅ RAM-Safe Streaming Dataset: 100,000 sequences indexed and PRE-LOADED.
2026-03-23 18:00:29,110 - INFO - ✅ RAM-Safe Streaming Dataset: 100,000 sequences indexed (Mode: Lightning).
2026-03-23 18:00:29,572 - INFO - Trial 88 START | tcn=256, lstm=256, layers=4, batch=2048, seq=192 | RFE=30 | loss=ASYM (g_s=1.62, g_n=0.57, g_b=0.70) | alpha=[1.87, 0.88, 1.63], smooth=0.01
2026-03-23 18:02:17,309 - INFO - T88 E1/10 | [WARN] ZERO_PENALTY | L: 1.01073154/0.87562976 | F1 M MIN: 0.00000000 D: 0.00000000 | [S/N/B]: [0.5361/0.7316/0.0000] | LR: 0.00022920
2026-03-23 18:04:06,272 - INFO - T88 E2/10 | [WARN] ZERO_PENALTY | L: 0.88894200/0.82561313 | F1 M MIN: 0.00000000 D: 0.00000000 | [S/N/B]: [0.5483/0.7627/0.0000] | LR: 0.00021251
2026-03-23 18:05:55,514 - INFO - T88 E3/10 | [WARN] ZERO_PENALTY | L: 0.86147686/0.80799784 | F1 M MIN: 0.00000000 D: 0.00000000 | [S/N/B]: [0.5571/0.7860/0.0000] | LR: 0.00018652
2026-03-23 18:07:44,448 - INFO - T88 E4/10 | [OK] | L: 0.84501152/0.77866709 | F1 M MIN: 0.00552969 D: 0.28676027 | [S/N/B]: [0.5680/0.8121/0.0055] | LR: 0.00015378
2026-03-23 18:09:33,238 - INFO - T88 E5/10 | [OK] | L: 0.83427859/0.77389607 | F1 M MIN: 0.00826356 D: 0.28855053 | [S/N/B]: [0.5688/0.8134/0.0083] | LR: 0.00011747
2026-03-23 18:09:33,512 - INFO - Trial 88 pruned by Optuna at epoch 5
2026-03-23 18:09:33,675 - INFO - Trial 88 pruned.
2026-03-23 18:09:34,554 - INFO - 🔍 RAM-Safe Streaming Scan (Treino): 878 arquivos...
2026-03-23 18:10:29,638 - INFO - ✂️ Double-Chunking (Treino): Expondo fatias de 500,000 amostras aleatórias.
2026-03-23 18:10:29,639 - INFO - 🚀 Pre-loading 500,000 samples into RAM (Lightning Mode)...
2026-03-23 18:13:45,887 - INFO - ✅ RAM-Safe Streaming Dataset: 500,000 sequences indexed and PRE-LOADED.
2026-03-23 18:13:45,888 - INFO - ✅ RAM-Safe Streaming Dataset: 500,000 sequences indexed (Mode: Lightning).
2026-03-23 18:13:45,934 - INFO - 🔍 RAM-Safe Streaming Scan (Val): 274 arquivos...
2026-03-23 18:14:00,311 - INFO - ✂️ Double-Chunking (Val): Expondo fatias de 100,000 amostras aleatórias.
2026-03-23 18:14:00,312 - INFO - 🚀 Pre-loading 100,000 samples into RAM (Lightning Mode)...
2026-03-23 18:14:58,748 - INFO - ✅ RAM-Safe Streaming Dataset: 100,000 sequences indexed and PRE-LOADED.
2026-03-23 18:14:58,749 - INFO - ✅ RAM-Safe Streaming Dataset: 100,000 sequences indexed (Mode: Lightning).
2026-03-23 18:14:59,218 - INFO - Trial 89 START | tcn=64, lstm=256, layers=4, batch=2048, seq=256 | RFE=30 | loss=ASYM (g_s=2.53, g_n=0.38, g_b=1.75) | alpha=[1.40, 0.91, 1.69], smooth=0.05
2026-03-23 18:16:21,179 - INFO - T89 E1/10 | [WARN] ZERO_PENALTY | L: 0.76127892/0.72218536 | F1 M MIN: 0.00000000 D: 0.00000000 | [S/N/B]: [0.0000/0.7385/0.5304] | LR: 0.00068153
2026-03-23 18:17:44,373 - INFO - T89 E2/10 | [WARN] ZERO_PENALTY | L: 0.65996240/0.67300823 | F1 M MIN: 0.00000000 D: 0.00000000 | [S/N/B]: [0.0000/0.7734/0.5440] | LR: 0.00063191
2026-03-23 18:19:07,629 - INFO - T89 E3/10 | [WARN] ZERO_PENALTY | L: 0.63254899/0.62177596 | F1 M MIN: 0.00000000 D: 0.00000000 | [S/N/B]: [0.0000/0.8329/0.5694] | LR: 0.00055463
2026-03-23 18:20:31,338 - INFO - T89 E4/10 | [WARN] ZERO_PENALTY | L: 0.61802650/0.60585843 | F1 M MIN: 0.00000000 D: 0.00000000 | [S/N/B]: [0.0000/0.8396/0.5725] | LR: 0.00045726
2026-03-23 18:20:31,420 - INFO - Trial 89 stopped early due to patience limit (4 epochs without improvement)
2026-03-23 18:20:31,698 - INFO - Trial 89 finished with value: 0.0 and parameters: {'tcn_channels': 64, 'lstm_hidden': 256, 'num_lstm_layers': 4, 'batch_size': 2048, 'dropout': 0.4576586931902911, 'seq_len': 256, 'lr': 0.0006986236418082564, 'weight_decay': 0.003012656583321787, 'base_alpha_sell': 1.40409287838583, 'base_alpha_neutral': 0.911229268226356, 'base_alpha_buy': 1.6938057909554012, 'base_loss_gamma': 0.7845388733362708, 'base_loss_smoothing': 0.05290334624925123, 'asym_gamma_sell': 2.5338516987576876, 'asym_gamma_neu': 0.38226321777201583, 'asym_gamma_buy': 1.752722719901414}. Best is trial 23 with value: 0.4421075032364468.
2026-03-23 18:20:32,357 - INFO - 🔍 RAM-Safe Streaming Scan (Treino): 878 arquivos...
2026-03-23 18:21:27,553 - INFO - ✂️ Double-Chunking (Treino): Expondo fatias de 500,000 amostras aleatórias.
2026-03-23 18:21:27,554 - INFO - 🚀 Pre-loading 500,000 samples into RAM (Lightning Mode)...
2026-03-23 18:25:00,514 - INFO - ✅ RAM-Safe Streaming Dataset: 500,000 sequences indexed and PRE-LOADED.
2026-03-23 18:25:00,516 - INFO - ✅ RAM-Safe Streaming Dataset: 500,000 sequences indexed (Mode: Lightning).
2026-03-23 18:25:00,562 - INFO - 🔍 RAM-Safe Streaming Scan (Val): 274 arquivos...
2026-03-23 18:25:15,656 - INFO - ✂️ Double-Chunking (Val): Expondo fatias de 100,000 amostras aleatórias.
2026-03-23 18:25:15,656 - INFO - 🚀 Pre-loading 100,000 samples into RAM (Lightning Mode)...
2026-03-23 18:26:17,197 - INFO - ✅ RAM-Safe Streaming Dataset: 100,000 sequences indexed and PRE-LOADED.
2026-03-23 18:26:17,198 - INFO - ✅ RAM-Safe Streaming Dataset: 100,000 sequences indexed (Mode: Lightning).
2026-03-23 18:26:17,796 - INFO - Trial 90 START | tcn=64, lstm=128, layers=5, batch=2048, seq=96 | RFE=30 | loss=ASYM (g_s=1.69, g_n=0.11, g_b=1.30) | alpha=[1.09, 0.89, 1.66], smooth=0.17
2026-03-23 18:26:41,652 - INFO - T90 E1/10 | [WARN] ZERO_PENALTY | L: 0.78271516/0.73702458 | F1 M MIN: 0.00000000 D: 0.00000000 | [S/N/B]: [0.0000/0.8159/0.5565] | LR: 0.00156882
2026-03-23 18:27:06,032 - INFO - T90 E2/10 | [WARN] ZERO_PENALTY | L: 0.71843927/0.71486829 | F1 M MIN: 0.00000000 D: 0.00000000 | [S/N/B]: [0.0000/0.8430/0.5705] | LR: 0.00145461
2026-03-23 18:27:30,369 - INFO - T90 E3/10 | [WARN] ZERO_PENALTY | L: 0.70332037/0.70802867 | F1 M MIN: 0.00000000 D: 0.00000000 | [S/N/B]: [0.0000/0.8363/0.5677] | LR: 0.00127672
2026-03-23 18:27:54,704 - INFO - T90 E4/10 | [WARN] ZERO_PENALTY | L: 0.69601797/0.71378870 | F1 M MIN: 0.00000000 D: 0.00000000 | [S/N/B]: [0.0000/0.8164/0.5591] | LR: 0.00105256
2026-03-23 18:27:54,794 - INFO - Trial 90 stopped early due to patience limit (4 epochs without improvement)
