2026-03-24 15:05:31,671 - INFO - Trial 179 finished with value: 0.41313356710232707 and parameters: {'tcn_channels': 512, 'lstm_hidden': 64, 'num_lstm_layers': 2, 'batch_size': 512, 'dropout': 0.24523947516069966, 'seq_len': 192, 'lr': 0.001380059845731984, 'weight_decay': 0.006448568067071739, 'base_alpha_sell': 1.1314891108136786, 'base_alpha_neutral': 0.8444355528814083, 'base_alpha_buy': 1.176979298622643, 'base_loss_gamma': 1.0519437768885889, 'base_loss_smoothing': 0.28170995120005315, 'asym_gamma_sell': 1.284361925893834, 'asym_gamma_neu': 0.7521650630688151, 'asym_gamma_buy': 1.0974838180565718}. Best is trial 104 with value: 0.4828262682077523.
2026-03-24 15:05:32,413 - INFO - 🔍 RAM-Safe Streaming Scan (Treino): 878 arquivos...
2026-03-24 15:06:25,171 - INFO - ✂️ Double-Chunking (Treino): Expondo fatias de 500,000 amostras aleatórias.
2026-03-24 15:06:25,172 - INFO - 🚀 Pre-loading 500,000 samples into RAM (Lightning Mode)...
2026-03-24 15:09:50,072 - INFO - ✅ RAM-Safe Streaming Dataset: 500,000 sequences indexed and PRE-LOADED.
2026-03-24 15:09:50,073 - INFO - ✅ RAM-Safe Streaming Dataset: 500,000 sequences indexed (Mode: Lightning).
2026-03-24 15:09:50,124 - INFO - 🔍 RAM-Safe Streaming Scan (Val): 274 arquivos...
2026-03-24 15:10:03,464 - INFO - ✂️ Double-Chunking (Val): Expondo fatias de 100,000 amostras aleatórias.
2026-03-24 15:10:03,464 - INFO - 🚀 Pre-loading 100,000 samples into RAM (Lightning Mode)...
2026-03-24 15:11:06,329 - INFO - ✅ RAM-Safe Streaming Dataset: 100,000 sequences indexed and PRE-LOADED.
2026-03-24 15:11:06,330 - INFO - ✅ RAM-Safe Streaming Dataset: 100,000 sequences indexed (Mode: Lightning).
2026-03-24 15:11:06,797 - INFO - Trial 180 START | tcn=512, lstm=64, layers=2, batch=512, seq=192 | RFE=30 | loss=ASYM (g_s=1.67, g_n=0.92, g_b=1.98) | alpha=[1.38, 0.37, 1.76], smooth=0.26
2026-03-24 15:13:17,294 - INFO - T180 E1/10 | [WARN] ZERO_PENALTY | L: 0.56182475/0.51194642 | F1 M MIN: 0.00000000 D: 0.00000000 | [S/N/B]: [0.0000/0.4158/0.4713] | LR: 0.00098978
2026-03-24 15:15:29,111 - INFO - T180 E2/10 | [WARN] ZERO_PENALTY | L: 0.54004004/0.50447697 | F1 M MIN: 0.00000000 D: 0.00000000 | [S/N/B]: [0.0000/0.4218/0.4726] | LR: 0.00091772
2026-03-24 15:17:40,896 - INFO - T180 E3/10 | [WARN] ZERO_PENALTY | L: 0.53547039/0.49836065 | F1 M MIN: 0.00000000 D: 0.00000000 | [S/N/B]: [0.0000/0.5015/0.4853] | LR: 0.00080549
2026-03-24 15:19:52,877 - INFO - T180 E4/10 | [WARN] ZERO_PENALTY | L: 0.53315462/0.50084362 | F1 M MIN: 0.00000000 D: 0.00000000 | [S/N/B]: [0.0000/0.5000/0.4851] | LR: 0.00066407
2026-03-24 15:19:52,963 - INFO - Trial 180 stopped early due to patience limit (4 epochs without improvement)
2026-03-24 15:19:53,233 - INFO - Trial 180 finished with value: 0.0 and parameters: {'tcn_channels': 512, 'lstm_hidden': 64, 'num_lstm_layers': 2, 'batch_size': 512, 'dropout': 0.300695258517028, 'seq_len': 192, 'lr': 0.0010146115066732816, 'weight_decay': 0.002203970343068584, 'base_alpha_sell': 1.3831761126440303, 'base_alpha_neutral': 0.371149013337046, 'base_alpha_buy': 1.758335333386968, 'base_loss_gamma': 1.2030990335805805, 'base_loss_smoothing': 0.26478962312372967, 'asym_gamma_sell': 1.6691178568702505, 'asym_gamma_neu': 0.9233848929395186, 'asym_gamma_buy': 1.9750290694731514}. Best is trial 104 with value: 0.4828262682077523.
2026-03-24 15:19:53,982 - INFO - 🔍 RAM-Safe Streaming Scan (Treino): 878 arquivos...
2026-03-24 15:20:47,830 - INFO - ✂️ Double-Chunking (Treino): Expondo fatias de 500,000 amostras aleatórias.
2026-03-24 15:20:47,831 - INFO - 🚀 Pre-loading 500,000 samples into RAM (Lightning Mode)...
2026-03-24 15:24:09,686 - INFO - ✅ RAM-Safe Streaming Dataset: 500,000 sequences indexed and PRE-LOADED.
2026-03-24 15:24:09,687 - INFO - ✅ RAM-Safe Streaming Dataset: 500,000 sequences indexed (Mode: Lightning).
2026-03-24 15:24:09,739 - INFO - 🔍 RAM-Safe Streaming Scan (Val): 274 arquivos...
2026-03-24 15:24:23,047 - INFO - ✂️ Double-Chunking (Val): Expondo fatias de 100,000 amostras aleatórias.
2026-03-24 15:24:23,048 - INFO - 🚀 Pre-loading 100,000 samples into RAM (Lightning Mode)...
2026-03-24 15:25:24,803 - INFO - ✅ RAM-Safe Streaming Dataset: 100,000 sequences indexed and PRE-LOADED.
2026-03-24 15:25:24,809 - INFO - ✅ RAM-Safe Streaming Dataset: 100,000 sequences indexed (Mode: Lightning).
2026-03-24 15:25:25,266 - INFO - Trial 181 START | tcn=512, lstm=256, layers=3, batch=512, seq=192 | RFE=30 | loss=ASYM (g_s=1.70, g_n=0.90, g_b=2.74) | alpha=[1.05, 0.75, 1.67], smooth=0.25
2026-03-24 15:28:05,428 - INFO - T181 E1/10 | [WARN] ZERO_PENALTY | L: 0.52856921/0.50105580 | F1 M MIN: 0.00000000 D: 0.00000000 | [S/N/B]: [0.0000/0.8133/0.5566] | LR: 0.00079844
2026-03-24 15:30:47,383 - INFO - T181 E2/10 | [WARN] ZERO_PENALTY | L: 0.50162905/0.50187358 | F1 M MIN: 0.00000000 D: 0.00000000 | [S/N/B]: [0.0000/0.7811/0.5451] | LR: 0.00074031
2026-03-24 15:33:29,467 - INFO - T181 E3/10 | [WARN] ZERO_PENALTY | L: 0.49560753/0.49667463 | F1 M MIN: 0.00000000 D: 0.00000000 | [S/N/B]: [0.0000/0.8077/0.5552] | LR: 0.00064978
2026-03-24 15:36:11,684 - INFO - T181 E4/10 | [OK] | L: 0.49165437/0.49083277 | F1 M MIN: 0.05731985 D: 0.30934264 | [S/N/B]: [0.0573/0.8215/0.5614] | LR: 0.00053570
2026-03-24 15:38:54,076 - INFO - T181 E5/10 | [OK] | L: 0.48700741/0.49150015 | F1 M MIN: 0.10038128 D: 0.32691540 | [S/N/B]: [0.1004/0.7936/0.5534] | LR: 0.00040924
2026-03-24 15:38:54,248 - INFO - Trial 181 pruned by Optuna at epoch 5
2026-03-24 15:38:54,372 - INFO - Trial 181 pruned.
2026-03-24 15:38:55,144 - INFO - 🔍 RAM-Safe Streaming Scan (Treino): 878 arquivos...
2026-03-24 15:39:47,952 - INFO - ✂️ Double-Chunking (Treino): Expondo fatias de 500,000 amostras aleatórias.
2026-03-24 15:39:47,953 - INFO - 🚀 Pre-loading 500,000 samples into RAM (Lightning Mode)...
2026-03-24 15:43:04,977 - INFO - ✅ RAM-Safe Streaming Dataset: 500,000 sequences indexed and PRE-LOADED.
2026-03-24 15:43:04,978 - INFO - ✅ RAM-Safe Streaming Dataset: 500,000 sequences indexed (Mode: Lightning).
2026-03-24 15:43:05,029 - INFO - 🔍 RAM-Safe Streaming Scan (Val): 274 arquivos...
2026-03-24 15:43:18,566 - INFO - ✂️ Double-Chunking (Val): Expondo fatias de 100,000 amostras aleatórias.
2026-03-24 15:43:18,566 - INFO - 🚀 Pre-loading 100,000 samples into RAM (Lightning Mode)...
2026-03-24 15:44:18,322 - INFO - ✅ RAM-Safe Streaming Dataset: 100,000 sequences indexed and PRE-LOADED.
2026-03-24 15:44:18,324 - INFO - ✅ RAM-Safe Streaming Dataset: 100,000 sequences indexed (Mode: Lightning).
2026-03-24 15:44:18,754 - INFO - Trial 182 START | tcn=512, lstm=256, layers=2, batch=512, seq=192 | RFE=30 | loss=ASYM (g_s=0.87, g_n=1.10, g_b=1.41) | alpha=[1.26, 0.59, 1.45], smooth=0.25
2026-03-24 15:46:48,713 - INFO - T182 E1/10 | [OK] | L: 0.64223881/0.57684932 | F1 M MIN: 0.00058102 D: 0.26809355 | [S/N/B]: [0.0006/0.7419/0.5356] | LR: 0.00068994
2026-03-24 15:49:20,195 - INFO - T182 E2/10 | [OK] | L: 0.61925574/0.57224366 | F1 M MIN: 0.03691841 D: 0.28808418 | [S/N/B]: [0.0369/0.7489/0.5392] | LR: 0.00063971
2026-03-24 15:51:51,896 - INFO - T182 E3/10 | [OK] | L: 0.61170144/0.56713816 | F1 M MIN: 0.31803443 D: 0.42265392 | [S/N/B]: [0.3180/0.7328/0.5273] | LR: 0.00056148
2026-03-24 15:54:23,709 - INFO - T182 E4/10 | [OK] | L: 0.60525003/0.55924625 | F1 M MIN: 0.37166726 D: 0.45290611 | [S/N/B]: [0.3717/0.7855/0.5341] | LR: 0.00046290
2026-03-24 15:56:55,798 - INFO - T182 E5/10 | [OK] | L: 0.60096071/0.55681886 | F1 M MIN: 0.47299256 D: 0.48139318 | [S/N/B]: [0.4898/0.7774/0.4730] | LR: 0.00035362
2026-03-24 15:59:27,474 - INFO - T182 E6/10 | [OK] | L: 0.59746428/0.55769793 | F1 M MIN: 0.41295928 D: 0.46399209 | [S/N/B]: [0.4130/0.7626/0.5150] | LR: 0.00024435
2026-03-24 16:01:59,155 - INFO - T182 E7/10 | [OK] | L: 0.59398153/0.55861566 | F1 M MIN: 0.45703223 D: 0.47610652 | [S/N/B]: [0.4570/0.7571/0.4952] | LR: 0.00014577
2026-03-24 16:04:30,906 - INFO - T182 E8/10 | [OK] | L: 0.59052582/0.55631731 | F1 M MIN: 0.45376594 D: 0.47970262 | [S/N/B]: [0.4538/0.7806/0.5056] | LR: 0.00006754
2026-03-24 16:07:02,797 - INFO - T182 E9/10 | [OK] | L: 0.58746078/0.55432089 | F1 M MIN: 0.43340156 D: 0.47473416 | [S/N/B]: [0.4334/0.7893/0.5161] | LR: 0.00001731
2026-03-24 16:07:02,875 - INFO - Trial 182 stopped early due to patience limit (4 epochs without improvement)
2026-03-24 16:07:03,115 - INFO - Trial 182 finished with value: 0.4729925641865033 and parameters: {'tcn_channels': 512, 'lstm_hidden': 256, 'num_lstm_layers': 2, 'batch_size': 512, 'dropout': 0.3011915902443664, 'seq_len': 192, 'lr': 0.0007072452934937628, 'weight_decay': 0.014753964136241757, 'base_alpha_sell': 1.2582361807752263, 'base_alpha_neutral': 0.5924091290447897, 'base_alpha_buy': 1.4480448263347554, 'base_loss_gamma': 2.1055005325220297, 'base_loss_smoothing': 0.2534761835175577, 'asym_gamma_sell': 0.8703533729487338, 'asym_gamma_neu': 1.096261207834501, 'asym_gamma_buy': 1.4078557069019924}. Best is trial 104 with value: 0.4828262682077523.
2026-03-24 16:07:03,718 - INFO - 🔍 RAM-Safe Streaming Scan (Treino): 878 arquivos...
2026-03-24 16:07:56,968 - INFO - ✂️ Double-Chunking (Treino): Expondo fatias de 500,000 amostras aleatórias.
2026-03-24 16:07:56,970 - INFO - 🚀 Pre-loading 500,000 samples into RAM (Lightning Mode)...
2026-03-24 16:11:18,812 - INFO - ✅ RAM-Safe Streaming Dataset: 500,000 sequences indexed and PRE-LOADED.
2026-03-24 16:11:18,814 - INFO - ✅ RAM-Safe Streaming Dataset: 500,000 sequences indexed (Mode: Lightning).
2026-03-24 16:11:18,861 - INFO - 🔍 RAM-Safe Streaming Scan (Val): 274 arquivos...
2026-03-24 16:11:32,006 - INFO - ✂️ Double-Chunking (Val): Expondo fatias de 100,000 amostras aleatórias.
2026-03-24 16:11:32,006 - INFO - 🚀 Pre-loading 100,000 samples into RAM (Lightning Mode)...
2026-03-24 16:12:31,065 - INFO - ✅ RAM-Safe Streaming Dataset: 100,000 sequences indexed and PRE-LOADED.
2026-03-24 16:12:31,066 - INFO - ✅ RAM-Safe Streaming Dataset: 100,000 sequences indexed (Mode: Lightning).
2026-03-24 16:12:31,480 - INFO - Trial 183 START | tcn=256, lstm=256, layers=3, batch=512, seq=192 | RFE=30 | loss=ASYM (g_s=0.70, g_n=1.11, g_b=1.59) | alpha=[0.83, 0.57, 1.29], smooth=0.22
2026-03-24 16:14:04,903 - INFO - T183 E1/10 | [WARN] ZERO_PENALTY | L: 0.44781358/0.39998115 | F1 M MIN: 0.00000000 D: 0.00000000 | [S/N/B]: [0.0000/0.7480/0.5390] | LR: 0.00086206
2026-03-24 16:15:39,600 - INFO - T183 E2/10 | [WARN] ZERO_PENALTY | L: 0.42704919/0.40076018 | F1 M MIN: 0.00000000 D: 0.00000000 | [S/N/B]: [0.0000/0.7332/0.5354] | LR: 0.00079930
2026-03-24 16:17:14,516 - INFO - T183 E3/10 | [WARN] ZERO_PENALTY | L: 0.42284273/0.38704445 | F1 M MIN: 0.00000000 D: 0.00000000 | [S/N/B]: [0.0000/0.8057/0.5606] | LR: 0.00070155
2026-03-24 16:18:49,610 - INFO - T183 E4/10 | [OK] | L: 0.41906955/0.38554845 | F1 M MIN: 0.13236743 D: 0.34572922 | [S/N/B]: [0.1324/0.8082/0.5591] | LR: 0.00057838
2026-03-24 16:20:24,906 - INFO - T183 E5/10 | [OK] | L: 0.41532318/0.38629039 | F1 M MIN: 0.25941175 D: 0.40513960 | [S/N/B]: [0.2594/0.8057/0.5509] | LR: 0.00044184
2026-03-24 16:22:00,037 - INFO - T183 E6/10 | [OK] | L: 0.41161011/0.38422541 | F1 M MIN: 0.30770762 D: 0.43007553 | [S/N/B]: [0.3077/0.8184/0.5524] | LR: 0.00030530
2026-03-24 16:22:00,169 - INFO - Trial 183 pruned by Optuna at epoch 6
2026-03-24 16:22:00,281 - INFO - Trial 183 pruned.
2026-03-24 16:22:00,985 - INFO - 🔍 RAM-Safe Streaming Scan (Treino): 878 arquivos...
2026-03-24 16:22:52,856 - INFO - ✂️ Double-Chunking (Treino): Expondo fatias de 500,000 amostras aleatórias.
2026-03-24 16:22:52,856 - INFO - 🚀 Pre-loading 500,000 samples into RAM (Lightning Mode)...
2026-03-24 16:26:12,241 - INFO - ✅ RAM-Safe Streaming Dataset: 500,000 sequences indexed and PRE-LOADED.
2026-03-24 16:26:12,242 - INFO - ✅ RAM-Safe Streaming Dataset: 500,000 sequences indexed (Mode: Lightning).
2026-03-24 16:26:12,294 - INFO - 🔍 RAM-Safe Streaming Scan (Val): 274 arquivos...
2026-03-24 16:26:25,127 - INFO - ✂️ Double-Chunking (Val): Expondo fatias de 100,000 amostras aleatórias.
2026-03-24 16:26:25,128 - INFO - 🚀 Pre-loading 100,000 samples into RAM (Lightning Mode)...
2026-03-24 16:27:24,778 - INFO - ✅ RAM-Safe Streaming Dataset: 100,000 sequences indexed and PRE-LOADED.
2026-03-24 16:27:24,779 - INFO - ✅ RAM-Safe Streaming Dataset: 100,000 sequences indexed (Mode: Lightning).
2026-03-24 16:27:25,185 - INFO - Trial 184 START | tcn=512, lstm=32, layers=2, batch=512, seq=192 | RFE=30 | loss=ASYM (g_s=1.47, g_n=1.03, g_b=2.26) | alpha=[1.29, 0.77, 1.50], smooth=0.27
2026-03-24 16:29:33,907 - INFO - T184 E1/10 | [WARN] ZERO_PENALTY | L: 0.64224454/0.59426401 | F1 M MIN: 0.00000000 D: 0.00000000 | [S/N/B]: [0.0000/0.7748/0.5451] | LR: 0.00055008
2026-03-24 16:31:43,545 - INFO - T184 E2/10 | [WARN] ZERO_PENALTY | L: 0.60807471/0.58567388 | F1 M MIN: 0.00000000 D: 0.00000000 | [S/N/B]: [0.0000/0.8126/0.5611] | LR: 0.00051003
2026-03-24 16:33:53,227 - INFO - T184 E3/10 | [WARN] ZERO_PENALTY | L: 0.59988899/0.58381076 | F1 M MIN: 0.00000000 D: 0.00000000 | [S/N/B]: [0.0000/0.7966/0.5549] | LR: 0.00044766
2026-03-24 16:36:03,042 - INFO - T184 E4/10 | [WARN] ZERO_PENALTY | L: 0.59563711/0.57568666 | F1 M MIN: 0.00000000 D: 0.00000000 | [S/N/B]: [0.0000/0.8243/0.5672] | LR: 0.00036906
2026-03-24 16:36:03,096 - INFO - Trial 184 stopped early due to patience limit (4 epochs without improvement)
2026-03-24 16:36:03,326 - INFO - Trial 184 finished with value: 0.0 and parameters: {'tcn_channels': 512, 'lstm_hidden': 32, 'num_lstm_layers': 2, 'batch_size': 512, 'dropout': 0.23470142320394882, 'seq_len': 192, 'lr': 0.0005638753455307422, 'weight_decay': 0.009633328189793665, 'base_alpha_sell': 1.2910118308766223, 'base_alpha_neutral': 0.7663977239598113, 'base_alpha_buy': 1.4961876375008767, 'base_loss_gamma': 2.8850084264467455, 'base_loss_smoothing': 0.27270039272117624, 'asym_gamma_sell': 1.4693782926389976, 'asym_gamma_neu': 1.0317697112691027, 'asym_gamma_buy': 2.259790850647378}. Best is trial 104 with value: 0.4828262682077523.
2026-03-24 16:36:03,958 - INFO - 🔍 RAM-Safe Streaming Scan (Treino): 878 arquivos...
2026-03-24 16:36:55,521 - INFO - ✂️ Double-Chunking (Treino): Expondo fatias de 500,000 amostras aleatórias.
2026-03-24 16:36:55,522 - INFO - 🚀 Pre-loading 500,000 samples into RAM (Lightning Mode)...
2026-03-24 16:40:14,611 - INFO - ✅ RAM-Safe Streaming Dataset: 500,000 sequences indexed and PRE-LOADED.
2026-03-24 16:40:14,612 - INFO - ✅ RAM-Safe Streaming Dataset: 500,000 sequences indexed (Mode: Lightning).
2026-03-24 16:40:14,664 - INFO - 🔍 RAM-Safe Streaming Scan (Val): 274 arquivos...
2026-03-24 16:40:27,465 - INFO - ✂️ Double-Chunking (Val): Expondo fatias de 100,000 amostras aleatórias.
2026-03-24 16:40:27,466 - INFO - 🚀 Pre-loading 100,000 samples into RAM (Lightning Mode)...
2026-03-24 16:41:27,322 - INFO - ✅ RAM-Safe Streaming Dataset: 100,000 sequences indexed and PRE-LOADED.
2026-03-24 16:41:27,323 - INFO - ✅ RAM-Safe Streaming Dataset: 100,000 sequences indexed (Mode: Lightning).
2026-03-24 16:41:27,780 - INFO - Trial 185 START | tcn=512, lstm=64, layers=2, batch=512, seq=192 | RFE=30 | loss=ASYM (g_s=2.56, g_n=1.23, g_b=1.14) | alpha=[1.28, 0.68, 0.95], smooth=0.27
2026-03-24 16:43:37,500 - INFO - T185 E1/10 | [WARN] ZERO_PENALTY | L: 0.42027350/0.39124711 | F1 M MIN: 0.00000000 D: 0.00000000 | [S/N/B]: [0.5663/0.8070/0.0000] | LR: 0.00090526
2026-03-24 16:45:48,623 - INFO - T185 E2/10 | [WARN] ZERO_PENALTY | L: 0.40021777/0.39047384 | F1 M MIN: 0.00000000 D: 0.00000000 | [S/N/B]: [0.5751/0.8281/0.0000] | LR: 0.00083936
2026-03-24 16:47:59,645 - INFO - T185 E3/10 | [WARN] ZERO_PENALTY | L: 0.39694723/0.38192534 | F1 M MIN: 0.00000000 D: 0.00000000 | [S/N/B]: [0.5744/0.8251/0.0000] | LR: 0.00073671
2026-03-24 16:50:10,911 - INFO - T185 E4/10 | [WARN] ZERO_PENALTY | L: 0.39364184/0.38176317 | F1 M MIN: 0.00000000 D: 0.00000000 | [S/N/B]: [0.5729/0.8219/0.0000] | LR: 0.00060736
2026-03-24 16:50:10,972 - INFO - Trial 185 stopped early due to patience limit (4 epochs without improvement)
2026-03-24 16:50:11,192 - INFO - Trial 185 finished with value: 0.0 and parameters: {'tcn_channels': 512, 'lstm_hidden': 64, 'num_lstm_layers': 2, 'batch_size': 512, 'dropout': 0.20007520917616417, 'seq_len': 192, 'lr': 0.0009279685414249863, 'weight_decay': 0.007165616014155051, 'base_alpha_sell': 1.281282713726035, 'base_alpha_neutral': 0.6842719613068337, 'base_alpha_buy': 0.9453816265368298, 'base_loss_gamma': 0.5566890319184055, 'base_loss_smoothing': 0.2654770202006806, 'asym_gamma_sell': 2.5609598660267783, 'asym_gamma_neu': 1.2250042593546489, 'asym_gamma_buy': 1.1447512699531694}. Best is trial 104 with value: 0.4828262682077523.
2026-03-24 16:50:11,822 - INFO - 🔍 RAM-Safe Streaming Scan (Treino): 878 arquivos...
2026-03-24 16:51:02,568 - INFO - ✂️ Double-Chunking (Treino): Expondo fatias de 500,000 amostras aleatórias.
2026-03-24 16:51:02,569 - INFO - 🚀 Pre-loading 500,000 samples into RAM (Lightning Mode)...
2026-03-24 16:54:26,766 - INFO - ✅ RAM-Safe Streaming Dataset: 500,000 sequences indexed and PRE-LOADED.
2026-03-24 16:54:26,767 - INFO - ✅ RAM-Safe Streaming Dataset: 500,000 sequences indexed (Mode: Lightning).
2026-03-24 16:54:26,817 - INFO - 🔍 RAM-Safe Streaming Scan (Val): 274 arquivos...
2026-03-24 16:54:39,691 - INFO - ✂️ Double-Chunking (Val): Expondo fatias de 100,000 amostras aleatórias.
2026-03-24 16:54:39,691 - INFO - 🚀 Pre-loading 100,000 samples into RAM (Lightning Mode)...
2026-03-24 16:55:40,923 - INFO - ✅ RAM-Safe Streaming Dataset: 100,000 sequences indexed and PRE-LOADED.
2026-03-24 16:55:40,924 - INFO - ✅ RAM-Safe Streaming Dataset: 100,000 sequences indexed (Mode: Lightning).
2026-03-24 16:55:41,371 - INFO - Trial 186 START | tcn=512, lstm=256, layers=2, batch=512, seq=256 | RFE=30 | loss=ASYM (g_s=2.10, g_n=1.13, g_b=1.01) | alpha=[1.50, 0.37, 1.69], smooth=0.21
2026-03-24 16:58:49,739 - INFO - T186 E1/10 | [WARN] ZERO_PENALTY | L: 0.59563007/0.52701938 | F1 M MIN: 0.00000000 D: 0.00000000 | [S/N/B]: [0.0000/0.4796/0.4775] | LR: 0.00150642
2026-03-24 17:02:00,089 - INFO - T186 E2/10 | [WARN] ZERO_PENALTY | L: 0.57564381/0.51295052 | F1 M MIN: 0.00000000 D: 0.00000000 | [S/N/B]: [0.0000/0.5793/0.4953] | LR: 0.00139675
2026-03-24 17:05:10,543 - INFO - T186 E3/10 | [OK] | L: 0.56893645/0.51299759 | F1 M MIN: 0.38405300 D: 0.42838635 | [S/N/B]: [0.3841/0.5516/0.4727] | LR: 0.00122593
2026-03-24 17:08:21,195 - INFO - T186 E4/10 | [OK] | L: 0.55976948/0.50397917 | F1 M MIN: 0.34381229 D: 0.42054470 | [S/N/B]: [0.3438/0.5692/0.4973] | LR: 0.00101070
2026-03-24 17:11:31,863 - INFO - T186 E5/10 | [OK] | L: 0.55485779/0.50517622 | F1 M MIN: 0.41588253 D: 0.44474421 | [S/N/B]: [0.4159/0.5929/0.4736] | LR: 0.00077210
2026-03-24 17:14:42,508 - INFO - T186 E6/10 | [OK] | L: 0.55099155/0.50717245 | F1 M MIN: 0.29581424 D: 0.39754612 | [S/N/B]: [0.2958/0.5409/0.4993] | LR: 0.00053351
2026-03-24 17:17:53,329 - INFO - T186 E7/10 | [OK] | L: 0.54700978/0.50328174 | F1 M MIN: 0.37665505 D: 0.43310820 | [S/N/B]: [0.3767/0.5768/0.4896] | LR: 0.00031827
2026-03-24 17:21:04,028 - INFO - T186 E8/10 | [OK] | L: 0.54289861/0.50131767 | F1 M MIN: 0.34403932 D: 0.42700412 | [S/N/B]: [0.3440/0.5836/0.5100] | LR: 0.00014746
2026-03-24 17:24:14,906 - INFO - T186 E9/10 | [OK] | L: 0.53938036/0.49969087 | F1 M MIN: 0.39383393 D: 0.44835102 | [S/N/B]: [0.3938/0.6263/0.5029] | LR: 0.00003779
2026-03-24 17:24:14,991 - INFO - Trial 186 stopped early due to patience limit (4 epochs without improvement)
