2026-03-26 11:20:05,991 - INFO - Trial 339 pruned.
2026-03-26 11:20:06,668 - INFO - 🔍 RAM-Safe Streaming Scan (Treino): 878 arquivos...
2026-03-26 11:20:55,994 - INFO - ✂️ Double-Chunking (Treino): Expondo fatias de 500,000 amostras aleatórias.
2026-03-26 11:20:55,995 - INFO - 🚀 Pre-loading 500,000 samples into RAM (Lightning Mode)...
2026-03-26 11:24:09,385 - INFO - ✅ RAM-Safe Streaming Dataset: 500,000 sequences indexed and PRE-LOADED.
2026-03-26 11:24:09,387 - INFO - ✅ RAM-Safe Streaming Dataset: 500,000 sequences indexed (Mode: Lightning).
2026-03-26 11:24:09,432 - INFO - 🔍 RAM-Safe Streaming Scan (Val): 274 arquivos...
2026-03-26 11:24:22,387 - INFO - ✂️ Double-Chunking (Val): Expondo fatias de 100,000 amostras aleatórias.
2026-03-26 11:24:22,388 - INFO - 🚀 Pre-loading 100,000 samples into RAM (Lightning Mode)...
2026-03-26 11:25:23,466 - INFO - ✅ RAM-Safe Streaming Dataset: 100,000 sequences indexed and PRE-LOADED.
2026-03-26 11:25:23,467 - INFO - ✅ RAM-Safe Streaming Dataset: 100,000 sequences indexed (Mode: Lightning).
2026-03-26 11:25:23,913 - INFO - Trial 340 START | tcn=512, lstm=256, layers=2, batch=1024, seq=256 | RFE=30 | loss=ASYM (g_s=2.02, g_n=0.24, g_b=4.30) | alpha=[1.10, 0.46, 1.19], smooth=0.32
2026-03-26 11:28:33,714 - INFO - T340 E1/10 | [OK] | L: 0.34279379/0.38679757 | F1 M MIN: 0.00131651 D: 0.26707746 | [S/N/B]: [0.5328/0.7118/0.0013] | LR: 0.00051157
2026-03-26 11:31:44,215 - INFO - T340 E2/10 | [OK] | L: 0.32708108/0.37455486 | F1 M MIN: 0.00131617 D: 0.28127769 | [S/N/B]: [0.5612/0.7925/0.0013] | LR: 0.00047433
2026-03-26 11:34:55,490 - INFO - T340 E3/10 | [OK] | L: 0.32356279/0.37571561 | F1 M MIN: 0.00725392 D: 0.28224345 | [S/N/B]: [0.5572/0.7772/0.0073] | LR: 0.00041632
2026-03-26 11:38:06,288 - INFO - T340 E4/10 | [OK] | L: 0.32150223/0.37610176 | F1 M MIN: 0.02298689 D: 0.29131683 | [S/N/B]: [0.5596/0.7779/0.0230] | LR: 0.00034322
2026-03-26 11:41:18,013 - INFO - T340 E5/10 | [OK] | L: 0.31978663/0.36982225 | F1 M MIN: 0.25700077 D: 0.41925502 | [S/N/B]: [0.5815/0.8123/0.2570] | LR: 0.00026220
2026-03-26 11:41:18,145 - INFO - Trial 340 pruned by Optuna at epoch 5
2026-03-26 11:41:18,269 - INFO - Trial 340 pruned.
2026-03-26 11:41:18,958 - INFO - 🔍 RAM-Safe Streaming Scan (Treino): 878 arquivos...
2026-03-26 11:42:08,754 - INFO - ✂️ Double-Chunking (Treino): Expondo fatias de 500,000 amostras aleatórias.
2026-03-26 11:42:08,755 - INFO - 🚀 Pre-loading 500,000 samples into RAM (Lightning Mode)...
2026-03-26 11:45:20,645 - INFO - ✅ RAM-Safe Streaming Dataset: 500,000 sequences indexed and PRE-LOADED.
2026-03-26 11:45:20,647 - INFO - ✅ RAM-Safe Streaming Dataset: 500,000 sequences indexed (Mode: Lightning).
2026-03-26 11:45:20,683 - INFO - 🔍 RAM-Safe Streaming Scan (Val): 274 arquivos...
2026-03-26 11:45:33,779 - INFO - ✂️ Double-Chunking (Val): Expondo fatias de 100,000 amostras aleatórias.
2026-03-26 11:45:33,780 - INFO - 🚀 Pre-loading 100,000 samples into RAM (Lightning Mode)...
2026-03-26 11:46:31,957 - INFO - ✅ RAM-Safe Streaming Dataset: 100,000 sequences indexed and PRE-LOADED.
2026-03-26 11:46:31,958 - INFO - ✅ RAM-Safe Streaming Dataset: 100,000 sequences indexed (Mode: Lightning).
2026-03-26 11:46:32,339 - INFO - Trial 341 START | tcn=512, lstm=128, layers=2, batch=512, seq=144 | RFE=30 | loss=ASYM (g_s=0.52, g_n=1.10, g_b=1.48) | alpha=[1.25, 0.98, 1.15], smooth=0.33
2026-03-26 11:48:08,599 - INFO - T341 E1/10 | [OK] | L: 0.75011929/0.68527864 | F1 M MIN: 0.00948006 D: 0.30474129 | [S/N/B]: [0.6000/0.8689/0.0095] | LR: 0.00051076
2026-03-26 11:49:46,000 - INFO - T341 E2/10 | [OK] | L: 0.72569194/0.67852264 | F1 M MIN: 0.02127967 D: 0.31371917 | [S/N/B]: [0.6062/0.8793/0.0213] | LR: 0.00047357
2026-03-26 11:51:23,398 - INFO - T341 E3/10 | [OK] | L: 0.72049071/0.67564152 | F1 M MIN: 0.09776629 D: 0.35063832 | [S/N/B]: [0.6035/0.8830/0.0978] | LR: 0.00041566
2026-03-26 11:53:00,837 - INFO - T341 E4/10 | [OK] | L: 0.71676017/0.67716128 | F1 M MIN: 0.10241616 D: 0.35104478 | [S/N/B]: [0.5997/0.8726/0.1024] | LR: 0.00034268
2026-03-26 11:54:38,298 - INFO - T341 E5/10 | [OK] | L: 0.71386114/0.67377832 | F1 M MIN: 0.15238334 D: 0.37581114 | [S/N/B]: [0.5992/0.8789/0.1524] | LR: 0.00026179
2026-03-26 11:54:38,441 - INFO - Trial 341 pruned by Optuna at epoch 5
2026-03-26 11:54:38,537 - INFO - Trial 341 pruned.
2026-03-26 11:54:39,161 - INFO - 🔍 RAM-Safe Streaming Scan (Treino): 878 arquivos...
2026-03-26 11:55:30,128 - INFO - ✂️ Double-Chunking (Treino): Expondo fatias de 500,000 amostras aleatórias.
2026-03-26 11:55:30,129 - INFO - 🚀 Pre-loading 500,000 samples into RAM (Lightning Mode)...
2026-03-26 11:58:48,169 - INFO - ✅ RAM-Safe Streaming Dataset: 500,000 sequences indexed and PRE-LOADED.
2026-03-26 11:58:48,171 - INFO - ✅ RAM-Safe Streaming Dataset: 500,000 sequences indexed (Mode: Lightning).
2026-03-26 11:58:48,216 - INFO - 🔍 RAM-Safe Streaming Scan (Val): 274 arquivos...
2026-03-26 11:59:00,987 - INFO - ✂️ Double-Chunking (Val): Expondo fatias de 100,000 amostras aleatórias.
2026-03-26 11:59:00,987 - INFO - 🚀 Pre-loading 100,000 samples into RAM (Lightning Mode)...
2026-03-26 12:00:00,388 - INFO - ✅ RAM-Safe Streaming Dataset: 100,000 sequences indexed and PRE-LOADED.
2026-03-26 12:00:00,389 - INFO - ✅ RAM-Safe Streaming Dataset: 100,000 sequences indexed (Mode: Lightning).
2026-03-26 12:00:00,725 - INFO - Trial 342 START | tcn=64, lstm=64, layers=4, batch=1024, seq=256 | RFE=30 | loss=ASYM (g_s=1.23, g_n=0.42, g_b=1.16) | alpha=[1.07, 0.80, 1.73], smooth=0.23
2026-03-26 12:00:34,716 - INFO - T342 E1/10 | [WARN] ZERO_PENALTY | L: 0.82980245/0.77265152 | F1 M MIN: 0.00000000 D: 0.00000000 | [S/N/B]: [0.0000/0.6957/0.5155] | LR: 0.00032745
2026-03-26 12:01:08,437 - INFO - T342 E2/10 | [WARN] ZERO_PENALTY | L: 0.76441962/0.74192519 | F1 M MIN: 0.00000000 D: 0.00000000 | [S/N/B]: [0.0000/0.7663/0.5388] | LR: 0.00030361
2026-03-26 12:01:42,735 - INFO - T342 E3/10 | [WARN] ZERO_PENALTY | L: 0.75014835/0.73139833 | F1 M MIN: 0.00000000 D: 0.00000000 | [S/N/B]: [0.0000/0.7793/0.5447] | LR: 0.00026648
2026-03-26 12:02:17,146 - INFO - T342 E4/10 | [WARN] ZERO_PENALTY | L: 0.74315652/0.73160315 | F1 M MIN: 0.00000000 D: 0.00000000 | [S/N/B]: [0.0000/0.7734/0.5432] | LR: 0.00021969
2026-03-26 12:02:17,230 - INFO - Trial 342 stopped early due to patience limit (4 epochs without improvement)
2026-03-26 12:02:17,471 - INFO - Trial 342 finished with value: 0.0 and parameters: {'tcn_channels': 64, 'lstm_hidden': 64, 'num_lstm_layers': 4, 'batch_size': 1024, 'dropout': 0.22636086783383705, 'seq_len': 256, 'lr': 0.00033566129111265754, 'weight_decay': 0.010307848419818747, 'base_alpha_sell': 1.0683387616185094, 'base_alpha_neutral': 0.795900566270962, 'base_alpha_buy': 1.7339865705062893, 'base_loss_gamma': 2.3003281557929895, 'base_loss_smoothing': 0.22515027399653134, 'asym_gamma_sell': 1.2336683766371557, 'asym_gamma_neu': 0.42279571109963865, 'asym_gamma_buy': 1.1573715369810387}. Best is trial 299 with value: 0.5035109606130814.
2026-03-26 12:02:18,019 - INFO - 🔍 RAM-Safe Streaming Scan (Treino): 878 arquivos...
2026-03-26 12:03:06,917 - INFO - ✂️ Double-Chunking (Treino): Expondo fatias de 500,000 amostras aleatórias.
2026-03-26 12:03:06,918 - INFO - 🚀 Pre-loading 500,000 samples into RAM (Lightning Mode)...
2026-03-26 12:06:29,538 - INFO - ✅ RAM-Safe Streaming Dataset: 500,000 sequences indexed and PRE-LOADED.
2026-03-26 12:06:29,542 - INFO - ✅ RAM-Safe Streaming Dataset: 500,000 sequences indexed (Mode: Lightning).
2026-03-26 12:06:29,589 - INFO - 🔍 RAM-Safe Streaming Scan (Val): 274 arquivos...
2026-03-26 12:06:42,172 - INFO - ✂️ Double-Chunking (Val): Expondo fatias de 100,000 amostras aleatórias.
2026-03-26 12:06:42,172 - INFO - 🚀 Pre-loading 100,000 samples into RAM (Lightning Mode)...
2026-03-26 12:07:42,399 - INFO - ✅ RAM-Safe Streaming Dataset: 100,000 sequences indexed and PRE-LOADED.
2026-03-26 12:07:42,400 - INFO - ✅ RAM-Safe Streaming Dataset: 100,000 sequences indexed (Mode: Lightning).
2026-03-26 12:07:42,789 - INFO - Trial 343 START | tcn=512, lstm=256, layers=2, batch=512, seq=256 | RFE=30 | loss=ASYM (g_s=3.01, g_n=0.49, g_b=2.45) | alpha=[1.08, 0.66, 1.59], smooth=0.32
2026-03-26 12:10:51,249 - INFO - T343 E1/10 | [WARN] ZERO_PENALTY | L: 0.48291948/0.50787578 | F1 M MIN: 0.00000000 D: 0.00000000 | [S/N/B]: [0.0000/0.7371/0.5330] | LR: 0.00079654
2026-03-26 12:14:01,746 - INFO - T343 E2/10 | [WARN] ZERO_PENALTY | L: 0.46286274/0.49909120 | F1 M MIN: 0.00000000 D: 0.00000000 | [S/N/B]: [0.0000/0.7743/0.5448] | LR: 0.00073855
2026-03-26 12:17:12,379 - INFO - T343 E3/10 | [WARN] ZERO_PENALTY | L: 0.45770474/0.49721387 | F1 M MIN: 0.00000000 D: 0.00000000 | [S/N/B]: [0.0000/0.7675/0.5435] | LR: 0.00064823
2026-03-26 12:20:23,543 - INFO - T343 E4/10 | [OK] | L: 0.45240684/0.49081083 | F1 M MIN: 0.03438315 D: 0.29481283 | [S/N/B]: [0.0344/0.7925/0.5552] | LR: 0.00053442
2026-03-26 12:23:34,415 - INFO - T343 E5/10 | [OK] | L: 0.44810988/0.49084613 | F1 M MIN: 0.14324999 D: 0.35005296 | [S/N/B]: [0.1432/0.7855/0.5569] | LR: 0.00040826
2026-03-26 12:23:34,555 - INFO - Trial 343 pruned by Optuna at epoch 5
2026-03-26 12:23:34,660 - INFO - Trial 343 pruned.
2026-03-26 12:23:35,418 - INFO - 🔍 RAM-Safe Streaming Scan (Treino): 878 arquivos...
2026-03-26 12:24:25,348 - INFO - ✂️ Double-Chunking (Treino): Expondo fatias de 500,000 amostras aleatórias.
2026-03-26 12:24:25,349 - INFO - 🚀 Pre-loading 500,000 samples into RAM (Lightning Mode)...
2026-03-26 12:27:36,778 - INFO - ✅ RAM-Safe Streaming Dataset: 500,000 sequences indexed and PRE-LOADED.
2026-03-26 12:27:36,779 - INFO - ✅ RAM-Safe Streaming Dataset: 500,000 sequences indexed (Mode: Lightning).
2026-03-26 12:27:36,823 - INFO - 🔍 RAM-Safe Streaming Scan (Val): 274 arquivos...
2026-03-26 12:27:49,628 - INFO - ✂️ Double-Chunking (Val): Expondo fatias de 100,000 amostras aleatórias.
2026-03-26 12:27:49,629 - INFO - 🚀 Pre-loading 100,000 samples into RAM (Lightning Mode)...
2026-03-26 12:28:48,945 - INFO - ✅ RAM-Safe Streaming Dataset: 100,000 sequences indexed and PRE-LOADED.
2026-03-26 12:28:48,946 - INFO - ✅ RAM-Safe Streaming Dataset: 100,000 sequences indexed (Mode: Lightning).
2026-03-26 12:28:49,354 - INFO - Trial 344 START | tcn=512, lstm=128, layers=3, batch=512, seq=144 | RFE=30 | loss=ASYM (g_s=1.52, g_n=1.27, g_b=0.84) | alpha=[1.92, 0.75, 1.45], smooth=0.20
2026-03-26 12:30:28,311 - INFO - T344 E1/10 | [WARN] ZERO_PENALTY | L: 0.88829958/0.78950098 | F1 M MIN: 0.00000000 D: 0.00000000 | [S/N/B]: [0.5182/0.6581/0.0000] | LR: 0.00017756
2026-03-26 12:32:08,609 - INFO - T344 E2/10 | [WARN] ZERO_PENALTY | L: 0.83911753/0.76260443 | F1 M MIN: 0.00000000 D: 0.00000000 | [S/N/B]: [0.5362/0.7194/0.0000] | LR: 0.00016463
2026-03-26 12:33:49,011 - INFO - T344 E3/10 | [OK] | L: 0.82585315/0.74602775 | F1 M MIN: 0.00007410 D: 0.27648807 | [S/N/B]: [0.5529/0.7684/0.0001] | LR: 0.00014450
2026-03-26 12:35:29,538 - INFO - T344 E4/10 | [OK] | L: 0.81884522/0.74553584 | F1 M MIN: 0.09914122 D: 0.32466865 | [S/N/B]: [0.5502/0.7691/0.0991] | LR: 0.00011913
2026-03-26 12:37:10,018 - INFO - T344 E5/10 | [OK] | L: 0.81290458/0.73900402 | F1 M MIN: 0.26505660 D: 0.40848716 | [S/N/B]: [0.5519/0.7897/0.2651] | LR: 0.00009101
2026-03-26 12:37:10,160 - INFO - Trial 344 pruned by Optuna at epoch 5
2026-03-26 12:37:10,260 - INFO - Trial 344 pruned.
2026-03-26 12:37:10,874 - INFO - 🔍 RAM-Safe Streaming Scan (Treino): 878 arquivos...
2026-03-26 12:38:00,975 - INFO - ✂️ Double-Chunking (Treino): Expondo fatias de 500,000 amostras aleatórias.
2026-03-26 12:38:00,976 - INFO - 🚀 Pre-loading 500,000 samples into RAM (Lightning Mode)...
2026-03-26 12:41:16,073 - INFO - ✅ RAM-Safe Streaming Dataset: 500,000 sequences indexed and PRE-LOADED.
2026-03-26 12:41:16,075 - INFO - ✅ RAM-Safe Streaming Dataset: 500,000 sequences indexed (Mode: Lightning).
2026-03-26 12:41:16,120 - INFO - 🔍 RAM-Safe Streaming Scan (Val): 274 arquivos...
2026-03-26 12:41:28,823 - INFO - ✂️ Double-Chunking (Val): Expondo fatias de 100,000 amostras aleatórias.
2026-03-26 12:41:28,824 - INFO - 🚀 Pre-loading 100,000 samples into RAM (Lightning Mode)...
2026-03-26 12:42:26,763 - INFO - ✅ RAM-Safe Streaming Dataset: 100,000 sequences indexed and PRE-LOADED.
2026-03-26 12:42:26,764 - INFO - ✅ RAM-Safe Streaming Dataset: 100,000 sequences indexed (Mode: Lightning).
2026-03-26 12:42:27,184 - INFO - Trial 345 START | tcn=512, lstm=128, layers=3, batch=512, seq=192 | RFE=30 | loss=ASYM (g_s=0.69, g_n=1.52, g_b=0.95) | alpha=[1.50, 0.62, 1.08], smooth=0.28
2026-03-26 12:44:47,076 - INFO - T345 E1/10 | [WARN] ZERO_PENALTY | L: 0.65053116/0.56849391 | F1 M MIN: 0.00000000 D: 0.00000000 | [S/N/B]: [0.5373/0.7178/0.0000] | LR: 0.00175591
2026-03-26 12:47:08,497 - INFO - T345 E2/10 | [WARN] ZERO_PENALTY | L: 0.63057171/0.56374931 | F1 M MIN: 0.00000000 D: 0.00000000 | [S/N/B]: [0.5401/0.7258/0.0000] | LR: 0.00162808
2026-03-26 12:49:29,936 - INFO - T345 E3/10 | [WARN] ZERO_PENALTY | L: 0.62645749/0.55529896 | F1 M MIN: 0.00000000 D: 0.00000000 | [S/N/B]: [0.5526/0.7632/0.0000] | LR: 0.00142897
2026-03-26 12:51:51,488 - INFO - T345 E4/10 | [WARN] ZERO_PENALTY | L: 0.62422874/0.55399773 | F1 M MIN: 0.00000000 D: 0.00000000 | [S/N/B]: [0.5592/0.7822/0.0000] | LR: 0.00117809
2026-03-26 12:51:51,554 - INFO - Trial 345 stopped early due to patience limit (4 epochs without improvement)
2026-03-26 12:51:51,773 - INFO - Trial 345 finished with value: 0.0 and parameters: {'tcn_channels': 512, 'lstm_hidden': 128, 'num_lstm_layers': 3, 'batch_size': 512, 'dropout': 0.35656645488963745, 'seq_len': 192, 'lr': 0.0017999584545210542, 'weight_decay': 0.0029797505552243875, 'base_alpha_sell': 1.4981867101102497, 'base_alpha_neutral': 0.62079796926005, 'base_alpha_buy': 1.0773381818703442, 'base_loss_gamma': 2.837915009151698, 'base_loss_smoothing': 0.2818552870087796, 'asym_gamma_sell': 0.6915628319264444, 'asym_gamma_neu': 1.5176249615751063, 'asym_gamma_buy': 0.9506642505413068}. Best is trial 299 with value: 0.5035109606130814.
2026-03-26 12:51:52,353 - INFO - 🔍 RAM-Safe Streaming Scan (Treino): 878 arquivos...
2026-03-26 12:52:42,149 - INFO - ✂️ Double-Chunking (Treino): Expondo fatias de 500,000 amostras aleatórias.
2026-03-26 12:52:42,150 - INFO - 🚀 Pre-loading 500,000 samples into RAM (Lightning Mode)...
2026-03-26 12:55:56,136 - INFO - ✅ RAM-Safe Streaming Dataset: 500,000 sequences indexed and PRE-LOADED.
2026-03-26 12:55:56,137 - INFO - ✅ RAM-Safe Streaming Dataset: 500,000 sequences indexed (Mode: Lightning).
2026-03-26 12:55:56,183 - INFO - 🔍 RAM-Safe Streaming Scan (Val): 274 arquivos...
2026-03-26 12:56:09,518 - INFO - ✂️ Double-Chunking (Val): Expondo fatias de 100,000 amostras aleatórias.
2026-03-26 12:56:09,518 - INFO - 🚀 Pre-loading 100,000 samples into RAM (Lightning Mode)...
2026-03-26 12:57:06,508 - INFO - ✅ RAM-Safe Streaming Dataset: 100,000 sequences indexed and PRE-LOADED.
2026-03-26 12:57:06,510 - INFO - ✅ RAM-Safe Streaming Dataset: 100,000 sequences indexed (Mode: Lightning).
2026-03-26 12:57:06,938 - INFO - Trial 346 START | tcn=512, lstm=256, layers=2, batch=512, seq=96 | RFE=30 | loss=ASYM (g_s=0.55, g_n=0.36, g_b=3.25) | alpha=[0.89, 0.76, 1.27], smooth=0.27
2026-03-26 12:58:13,829 - INFO - T346 E1/10 | [OK] | L: 0.52620114/0.52989461 | F1 M MIN: 0.00007223 D: 0.28729469 | [S/N/B]: [0.0001/0.8436/0.5745] | LR: 0.00138320
2026-03-26 12:59:21,432 - INFO - T346 E2/10 | [OK] | L: 0.50695370/0.51930555 | F1 M MIN: 0.36115488 D: 0.45020803 | [S/N/B]: [0.5393/0.8635/0.3612] | LR: 0.00128250
2026-03-26 13:00:29,316 - INFO - T346 E3/10 | [OK] | L: 0.50124783/0.51366700 | F1 M MIN: 0.35280850 D: 0.43563412 | [S/N/B]: [0.3528/0.8737/0.5185] | LR: 0.00112566
2026-03-26 13:01:37,495 - INFO - T346 E4/10 | [OK] | L: 0.49817804/0.51377525 | F1 M MIN: 0.38249177 D: 0.44657880 | [S/N/B]: [0.3825/0.8722/0.5107] | LR: 0.00092803
2026-03-26 13:02:45,336 - INFO - T346 E5/10 | [OK] | L: 0.49520924/0.51330901 | F1 M MIN: 0.33969173 D: 0.43977591 | [S/N/B]: [0.3397/0.8674/0.5399] | LR: 0.00070895
2026-03-26 13:03:53,642 - INFO - T346 E6/10 | [OK] | L: 0.49265404/0.50986862 | F1 M MIN: 0.47477334 D: 0.48096681 | [S/N/B]: [0.4872/0.8766/0.4748] | LR: 0.00048987
2026-03-26 13:05:01,596 - INFO - T346 E7/10 | [OK] | L: 0.49045604/0.50835404 | F1 M MIN: 0.35494419 D: 0.46677251 | [S/N/B]: [0.5786/0.8821/0.3549] | LR: 0.00029224
2026-03-26 13:06:09,846 - INFO - T346 E8/10 | [OK] | L: 0.48824744/0.50822410 | F1 M MIN: 0.46108693 D: 0.47879289 | [S/N/B]: [0.4611/0.8771/0.4965] | LR: 0.00013540
2026-03-26 13:07:18,026 - INFO - T346 E9/10 | [OK] | L: 0.48626974/0.50812234 | F1 M MIN: 0.44724186 D: 0.48303568 | [S/N/B]: [0.5188/0.8763/0.4472] | LR: 0.00003470
2026-03-26 13:08:26,328 - INFO - T346 E10/10 | [OK] | L: 0.48498284/0.50729765 | F1 M MIN: 0.46405555 D: 0.48017296 | [S/N/B]: [0.4641/0.8773/0.4963] | LR: 0.00000000
2026-03-26 13:08:26,542 - INFO - Trial 346 stopped early due to patience limit (4 epochs without improvement)
2026-03-26 13:08:26,755 - INFO - Trial 346 finished with value: 0.47477334071562044 and parameters: {'tcn_channels': 512, 'lstm_hidden': 256, 'num_lstm_layers': 2, 'batch_size': 512, 'dropout': 0.25606045953479917, 'seq_len': 96, 'lr': 0.00141789983584391, 'weight_decay': 0.0003641262701479573, 'base_alpha_sell': 0.8874879287800613, 'base_alpha_neutral': 0.7610878770985405, 'base_alpha_buy': 1.2657129248144168, 'base_loss_gamma': 2.9111885130748862, 'base_loss_smoothing': 0.2707739513062928, 'asym_gamma_sell': 0.552581578107301, 'asym_gamma_neu': 0.35694789788903136, 'asym_gamma_buy': 3.252613569733492}. Best is trial 299 with value: 0.5035109606130814.
2026-03-26 13:08:27,297 - INFO - 🔍 RAM-Safe Streaming Scan (Treino): 878 arquivos...
2026-03-26 13:09:18,520 - INFO - ✂️ Double-Chunking (Treino): Expondo fatias de 500,000 amostras aleatórias.
2026-03-26 13:09:18,522 - INFO - 🚀 Pre-loading 500,000 samples into RAM (Lightning Mode)...
2026-03-26 13:12:27,549 - INFO - ✅ RAM-Safe Streaming Dataset: 500,000 sequences indexed and PRE-LOADED.
2026-03-26 13:12:27,550 - INFO - ✅ RAM-Safe Streaming Dataset: 500,000 sequences indexed (Mode: Lightning).
2026-03-26 13:12:27,597 - INFO - 🔍 RAM-Safe Streaming Scan (Val): 274 arquivos...
2026-03-26 13:12:40,259 - INFO - ✂️ Double-Chunking (Val): Expondo fatias de 100,000 amostras aleatórias.
2026-03-26 13:12:40,260 - INFO - 🚀 Pre-loading 100,000 samples into RAM (Lightning Mode)...
2026-03-26 13:13:38,397 - INFO - ✅ RAM-Safe Streaming Dataset: 100,000 sequences indexed and PRE-LOADED.
2026-03-26 13:13:38,398 - INFO - ✅ RAM-Safe Streaming Dataset: 100,000 sequences indexed (Mode: Lightning).
2026-03-26 13:13:38,819 - INFO - Trial 347 START | tcn=512, lstm=256, layers=2, batch=512, seq=96 | RFE=30 | loss=ASYM (g_s=1.09, g_n=0.15, g_b=3.26) | alpha=[1.18, 0.82, 0.91], smooth=0.23
2026-03-26 13:14:45,399 - INFO - T347 E1/10 | [WARN] ZERO_PENALTY | L: 0.47686671/0.50547433 | F1 M MIN: 0.00000000 D: 0.00000000 | [S/N/B]: [0.5873/0.8516/0.0000] | LR: 0.00107579
2026-03-26 13:15:52,807 - INFO - T347 E2/10 | [WARN] ZERO_PENALTY | L: 0.45250527/0.49107441 | F1 M MIN: 0.00000000 D: 0.00000000 | [S/N/B]: [0.5981/0.8700/0.0000] | LR: 0.00099747
2026-03-26 13:17:00,532 - INFO - T347 E3/10 | [WARN] ZERO_PENALTY | L: 0.44707066/0.48309330 | F1 M MIN: 0.00000000 D: 0.00000000 | [S/N/B]: [0.6032/0.8779/0.0000] | LR: 0.00087548
2026-03-26 13:18:08,246 - INFO - T347 E4/10 | [WARN] ZERO_PENALTY | L: 0.44420271/0.48455866 | F1 M MIN: 0.00000000 D: 0.00000000 | [S/N/B]: [0.6058/0.8823/0.0000] | LR: 0.00072177
2026-03-26 13:18:08,313 - INFO - Trial 347 stopped early due to patience limit (4 epochs without improvement)
