2026-03-25 18:39:23,928 - INFO - Trial 282 pruned.
2026-03-25 18:39:24,560 - INFO - 🔍 RAM-Safe Streaming Scan (Treino): 878 arquivos...
2026-03-25 18:40:13,799 - INFO - ✂️ Double-Chunking (Treino): Expondo fatias de 500,000 amostras aleatórias.
2026-03-25 18:40:13,814 - INFO - 🚀 Pre-loading 500,000 samples into RAM (Lightning Mode)...
2026-03-25 18:43:26,745 - INFO - ✅ RAM-Safe Streaming Dataset: 500,000 sequences indexed and PRE-LOADED.
2026-03-25 18:43:26,746 - INFO - ✅ RAM-Safe Streaming Dataset: 500,000 sequences indexed (Mode: Lightning).
2026-03-25 18:43:26,794 - INFO - 🔍 RAM-Safe Streaming Scan (Val): 274 arquivos...
2026-03-25 18:43:39,663 - INFO - ✂️ Double-Chunking (Val): Expondo fatias de 100,000 amostras aleatórias.
2026-03-25 18:43:39,663 - INFO - 🚀 Pre-loading 100,000 samples into RAM (Lightning Mode)...
2026-03-25 18:44:40,171 - INFO - ✅ RAM-Safe Streaming Dataset: 100,000 sequences indexed and PRE-LOADED.
2026-03-25 18:44:40,172 - INFO - ✅ RAM-Safe Streaming Dataset: 100,000 sequences indexed (Mode: Lightning).
2026-03-25 18:44:40,597 - INFO - Trial 283 START | tcn=512, lstm=128, layers=2, batch=512, seq=144 | RFE=30 | loss=ASYM (g_s=1.86, g_n=1.43, g_b=2.30) | alpha=[1.83, 0.97, 1.77], smooth=0.11
2026-03-25 18:46:16,893 - INFO - T283 E1/10 | [OK] | L: 0.84668502/0.78267865 | F1 M MIN: 0.20629473 D: 0.37696639 | [S/N/B]: [0.5476/0.7162/0.2063] | LR: 0.00015136
2026-03-25 18:47:54,411 - INFO - T283 E2/10 | [OK] | L: 0.77773867/0.71582929 | F1 M MIN: 0.14729246 D: 0.35864696 | [S/N/B]: [0.5700/0.8108/0.1473] | LR: 0.00014034
2026-03-25 18:49:31,911 - INFO - T283 E3/10 | [OK] | L: 0.75872039/0.70214175 | F1 M MIN: 0.14593582 D: 0.36176254 | [S/N/B]: [0.5776/0.8224/0.1459] | LR: 0.00012318
2026-03-25 18:51:09,593 - INFO - T283 E4/10 | [OK] | L: 0.74838400/0.69648222 | F1 M MIN: 0.29914743 D: 0.42816592 | [S/N/B]: [0.5572/0.8251/0.2991] | LR: 0.00010155
2026-03-25 18:52:47,107 - INFO - T283 E5/10 | [OK] | L: 0.73975611/0.69164089 | F1 M MIN: 0.32970632 D: 0.43887952 | [S/N/B]: [0.5481/0.8233/0.3297] | LR: 0.00007758
2026-03-25 18:54:24,803 - INFO - T283 E6/10 | [OK] | L: 0.73298770/0.68198583 | F1 M MIN: 0.31509447 D: 0.43857693 | [S/N/B]: [0.5621/0.8310/0.3151] | LR: 0.00005360
2026-03-25 18:54:24,894 - INFO - Trial 283 pruned by Optuna at epoch 6
2026-03-25 18:54:24,994 - INFO - Trial 283 pruned.
2026-03-25 18:54:25,643 - INFO - 🔍 RAM-Safe Streaming Scan (Treino): 878 arquivos...
2026-03-25 18:55:14,248 - INFO - ✂️ Double-Chunking (Treino): Expondo fatias de 500,000 amostras aleatórias.
2026-03-25 18:55:14,249 - INFO - 🚀 Pre-loading 500,000 samples into RAM (Lightning Mode)...
2026-03-25 18:58:28,692 - INFO - ✅ RAM-Safe Streaming Dataset: 500,000 sequences indexed and PRE-LOADED.
2026-03-25 18:58:28,693 - INFO - ✅ RAM-Safe Streaming Dataset: 500,000 sequences indexed (Mode: Lightning).
2026-03-25 18:58:28,743 - INFO - 🔍 RAM-Safe Streaming Scan (Val): 274 arquivos...
2026-03-25 18:58:41,323 - INFO - ✂️ Double-Chunking (Val): Expondo fatias de 100,000 amostras aleatórias.
2026-03-25 18:58:41,323 - INFO - 🚀 Pre-loading 100,000 samples into RAM (Lightning Mode)...
2026-03-25 18:59:38,969 - INFO - ✅ RAM-Safe Streaming Dataset: 100,000 sequences indexed and PRE-LOADED.
2026-03-25 18:59:38,970 - INFO - ✅ RAM-Safe Streaming Dataset: 100,000 sequences indexed (Mode: Lightning).
2026-03-25 18:59:39,394 - INFO - Trial 284 START | tcn=512, lstm=128, layers=2, batch=512, seq=144 | RFE=30 | loss=ASYM (g_s=1.60, g_n=1.67, g_b=1.92) | alpha=[1.80, 0.70, 1.68], smooth=0.23
2026-03-25 19:01:15,624 - INFO - T284 E1/10 | [OK] | L: 0.76902156/0.69206962 | F1 M MIN: 0.00801994 D: 0.26369700 | [S/N/B]: [0.5194/0.6435/0.0080] | LR: 0.00081889
2026-03-25 19:02:52,791 - INFO - T284 E2/10 | [OK] | L: 0.73719363/0.66836878 | F1 M MIN: 0.03770035 D: 0.28813913 | [S/N/B]: [0.5386/0.7241/0.0377] | LR: 0.00075927
2026-03-25 19:04:30,294 - INFO - T284 E3/10 | [OK] | L: 0.72892139/0.66312645 | F1 M MIN: 0.18770997 D: 0.36799079 | [S/N/B]: [0.5483/0.7417/0.1877] | LR: 0.00066642
2026-03-25 19:06:07,906 - INFO - T284 E4/10 | [OK] | L: 0.72210988/0.66141903 | F1 M MIN: 0.20656627 D: 0.37160798 | [S/N/B]: [0.5366/0.7204/0.2066] | LR: 0.00054942
2026-03-25 19:07:45,333 - INFO - T284 E5/10 | [OK] | L: 0.71647110/0.65537179 | F1 M MIN: 0.36591029 D: 0.44477766 | [S/N/B]: [0.5236/0.7458/0.3659] | LR: 0.00041972
2026-03-25 19:09:22,935 - INFO - T284 E6/10 | [OK] | L: 0.71167153/0.64825109 | F1 M MIN: 0.33301398 D: 0.43934192 | [S/N/B]: [0.5457/0.7694/0.3330] | LR: 0.00029002
2026-03-25 19:09:23,032 - INFO - Trial 284 pruned by Optuna at epoch 6
2026-03-25 19:09:23,135 - INFO - Trial 284 pruned.
2026-03-25 19:09:23,733 - INFO - 🔍 RAM-Safe Streaming Scan (Treino): 878 arquivos...
2026-03-25 19:10:13,039 - INFO - ✂️ Double-Chunking (Treino): Expondo fatias de 500,000 amostras aleatórias.
2026-03-25 19:10:13,042 - INFO - 🚀 Pre-loading 500,000 samples into RAM (Lightning Mode)...
2026-03-25 19:13:27,975 - INFO - ✅ RAM-Safe Streaming Dataset: 500,000 sequences indexed and PRE-LOADED.
2026-03-25 19:13:27,976 - INFO - ✅ RAM-Safe Streaming Dataset: 500,000 sequences indexed (Mode: Lightning).
2026-03-25 19:13:28,021 - INFO - 🔍 RAM-Safe Streaming Scan (Val): 274 arquivos...
2026-03-25 19:13:40,390 - INFO - ✂️ Double-Chunking (Val): Expondo fatias de 100,000 amostras aleatórias.
2026-03-25 19:13:40,390 - INFO - 🚀 Pre-loading 100,000 samples into RAM (Lightning Mode)...
2026-03-25 19:14:38,958 - INFO - ✅ RAM-Safe Streaming Dataset: 100,000 sequences indexed and PRE-LOADED.
2026-03-25 19:14:38,959 - INFO - ✅ RAM-Safe Streaming Dataset: 100,000 sequences indexed (Mode: Lightning).
2026-03-25 19:14:39,349 - INFO - Trial 285 START | tcn=512, lstm=256, layers=2, batch=2048, seq=144 | RFE=30 | loss=ASYM (g_s=4.24, g_n=0.75, g_b=0.83) | alpha=[1.76, 0.83, 1.71], smooth=0.10
2026-03-25 19:16:24,970 - INFO - T285 E1/10 | [OK] | L: 0.80406159/0.73205533 | F1 M MIN: 0.14436839 D: 0.35378861 | [S/N/B]: [0.1444/0.7292/0.5632] | LR: 0.00021681
2026-03-25 19:18:11,919 - INFO - T285 E2/10 | [OK] | L: 0.73039152/0.72991301 | F1 M MIN: 0.11957851 D: 0.34128448 | [S/N/B]: [0.1196/0.7246/0.5630] | LR: 0.00020103
2026-03-25 19:19:59,271 - INFO - T285 E3/10 | [OK] | L: 0.70916116/0.66696850 | F1 M MIN: 0.18357367 D: 0.37799456 | [S/N/B]: [0.1836/0.8261/0.5724] | LR: 0.00017644
2026-03-25 19:21:46,649 - INFO - T285 E4/10 | [OK] | L: 0.69499672/0.67225563 | F1 M MIN: 0.25832800 D: 0.40636221 | [S/N/B]: [0.2583/0.7991/0.5544] | LR: 0.00014547
2026-03-25 19:23:34,328 - INFO - T285 E5/10 | [OK] | L: 0.68564256/0.65638219 | F1 M MIN: 0.36733487 D: 0.45128396 | [S/N/B]: [0.3673/0.8175/0.5352] | LR: 0.00011113
2026-03-25 19:25:21,729 - INFO - T285 E6/10 | [OK] | L: 0.67868405/0.65497056 | F1 M MIN: 0.35907147 D: 0.44875903 | [S/N/B]: [0.3591/0.8141/0.5384] | LR: 0.00007679
2026-03-25 19:25:21,821 - INFO - Trial 285 pruned by Optuna at epoch 6
2026-03-25 19:25:21,987 - INFO - Trial 285 pruned.
2026-03-25 19:25:22,583 - INFO - 🔍 RAM-Safe Streaming Scan (Treino): 878 arquivos...
2026-03-25 19:26:10,960 - INFO - ✂️ Double-Chunking (Treino): Expondo fatias de 500,000 amostras aleatórias.
2026-03-25 19:26:10,961 - INFO - 🚀 Pre-loading 500,000 samples into RAM (Lightning Mode)...
2026-03-25 19:29:24,542 - INFO - ✅ RAM-Safe Streaming Dataset: 500,000 sequences indexed and PRE-LOADED.
2026-03-25 19:29:24,543 - INFO - ✅ RAM-Safe Streaming Dataset: 500,000 sequences indexed (Mode: Lightning).
2026-03-25 19:29:24,596 - INFO - 🔍 RAM-Safe Streaming Scan (Val): 274 arquivos...
2026-03-25 19:29:37,163 - INFO - ✂️ Double-Chunking (Val): Expondo fatias de 100,000 amostras aleatórias.
2026-03-25 19:29:37,163 - INFO - 🚀 Pre-loading 100,000 samples into RAM (Lightning Mode)...
2026-03-25 19:30:34,597 - INFO - ✅ RAM-Safe Streaming Dataset: 100,000 sequences indexed and PRE-LOADED.
2026-03-25 19:30:34,599 - INFO - ✅ RAM-Safe Streaming Dataset: 100,000 sequences indexed (Mode: Lightning).
2026-03-25 19:30:34,987 - INFO - Trial 286 START | tcn=256, lstm=256, layers=2, batch=2048, seq=96 | RFE=30 | loss=ASYM (g_s=1.09, g_n=0.21, g_b=1.54) | alpha=[1.14, 0.54, 1.71], smooth=0.28
2026-03-25 19:31:12,582 - INFO - T286 E1/10 | [WARN] ZERO_PENALTY | L: 0.71175426/0.71191968 | F1 M MIN: 0.00000000 D: 0.00000000 | [S/N/B]: [0.0000/0.4436/0.4728] | LR: 0.00101752
2026-03-25 19:31:50,586 - INFO - T286 E2/10 | [WARN] ZERO_PENALTY | L: 0.68329946/0.68265910 | F1 M MIN: 0.00000000 D: 0.00000000 | [S/N/B]: [0.0000/0.6990/0.5230] | LR: 0.00094344
2026-03-25 19:32:28,829 - INFO - T286 E3/10 | [OK] | L: 0.67737887/0.68061139 | F1 M MIN: 0.00028983 D: 0.25984124 | [S/N/B]: [0.0003/0.6813/0.5194] | LR: 0.00082807
2026-03-25 19:33:07,092 - INFO - T286 E4/10 | [OK] | L: 0.67155707/0.67483912 | F1 M MIN: 0.01061350 D: 0.26766075 | [S/N/B]: [0.0106/0.6985/0.5247] | LR: 0.00068268
2026-03-25 19:33:45,734 - INFO - T286 E5/10 | [OK] | L: 0.66810759/0.67163085 | F1 M MIN: 0.13197402 D: 0.33158416 | [S/N/B]: [0.1320/0.7320/0.5312] | LR: 0.00052152
2026-03-25 19:33:45,867 - INFO - Trial 286 pruned by Optuna at epoch 5
2026-03-25 19:33:45,974 - INFO - Trial 286 pruned.
2026-03-25 19:33:46,576 - INFO - 🔍 RAM-Safe Streaming Scan (Treino): 878 arquivos...
2026-03-25 19:34:36,158 - INFO - ✂️ Double-Chunking (Treino): Expondo fatias de 500,000 amostras aleatórias.
2026-03-25 19:34:36,159 - INFO - 🚀 Pre-loading 500,000 samples into RAM (Lightning Mode)...
2026-03-25 19:37:53,409 - INFO - ✅ RAM-Safe Streaming Dataset: 500,000 sequences indexed and PRE-LOADED.
2026-03-25 19:37:53,411 - INFO - ✅ RAM-Safe Streaming Dataset: 500,000 sequences indexed (Mode: Lightning).
2026-03-25 19:37:53,464 - INFO - 🔍 RAM-Safe Streaming Scan (Val): 274 arquivos...
2026-03-25 19:38:05,932 - INFO - ✂️ Double-Chunking (Val): Expondo fatias de 100,000 amostras aleatórias.
2026-03-25 19:38:05,932 - INFO - 🚀 Pre-loading 100,000 samples into RAM (Lightning Mode)...
2026-03-25 19:39:04,131 - INFO - ✅ RAM-Safe Streaming Dataset: 100,000 sequences indexed and PRE-LOADED.
2026-03-25 19:39:04,132 - INFO - ✅ RAM-Safe Streaming Dataset: 100,000 sequences indexed (Mode: Lightning).
2026-03-25 19:39:04,481 - INFO - Trial 287 START | tcn=512, lstm=128, layers=2, batch=512, seq=192 | RFE=30 | loss=ASYM (g_s=0.70, g_n=1.15, g_b=2.46) | alpha=[1.12, 0.66, 1.26], smooth=0.33
2026-03-25 19:41:19,939 - INFO - T287 E1/10 | [OK] | L: 0.53728314/0.49804672 | F1 M MIN: 0.15161601 D: 0.38155111 | [S/N/B]: [0.6115/0.7940/0.1516] | LR: 0.00140144
2026-03-25 19:43:36,747 - INFO - T287 E2/10 | [OK] | L: 0.51979833/0.49030205 | F1 M MIN: 0.17141060 D: 0.39275568 | [S/N/B]: [0.6141/0.8298/0.1714] | LR: 0.00129941
2026-03-25 19:45:53,643 - INFO - T287 E3/10 | [OK] | L: 0.51655990/0.48804025 | F1 M MIN: 0.23130982 D: 0.41679904 | [S/N/B]: [0.6023/0.8309/0.2313] | LR: 0.00114050
2026-03-25 19:48:10,814 - INFO - T287 E4/10 | [OK] | L: 0.51462100/0.48999816 | F1 M MIN: 0.25255859 D: 0.42042092 | [S/N/B]: [0.5883/0.8323/0.2526] | LR: 0.00094026
2026-03-25 19:50:27,819 - INFO - T287 E5/10 | [OK] | L: 0.51161318/0.48545013 | F1 M MIN: 0.27761290 D: 0.43065293 | [S/N/B]: [0.5837/0.8319/0.2776] | LR: 0.00071830
2026-03-25 19:52:45,013 - INFO - T287 E6/10 | [OK] | L: 0.50915819/0.48591326 | F1 M MIN: 0.39509567 D: 0.47298673 | [S/N/B]: [0.5509/0.8126/0.3951] | LR: 0.00049633
2026-03-25 19:55:02,018 - INFO - T287 E7/10 | [OK] | L: 0.50595405/0.48226031 | F1 M MIN: 0.43115495 D: 0.48478905 | [S/N/B]: [0.5384/0.8188/0.4312] | LR: 0.00029609
2026-03-25 19:57:19,217 - INFO - T287 E8/10 | [OK] | L: 0.50347872/0.47898832 | F1 M MIN: 0.47192630 D: 0.49346319 | [S/N/B]: [0.5150/0.8368/0.4719] | LR: 0.00013718
2026-03-25 19:59:36,442 - INFO - T287 E9/10 | [OK] | L: 0.50195387/0.47848859 | F1 M MIN: 0.46532641 D: 0.49382543 | [S/N/B]: [0.5223/0.8359/0.4653] | LR: 0.00003516
2026-03-25 20:01:53,506 - INFO - T287 E10/10 | [OK] | L: 0.50094740/0.47861289 | F1 M MIN: 0.43958706 D: 0.49117696 | [S/N/B]: [0.5428/0.8368/0.4396] | LR: 0.00000000
2026-03-25 20:01:53,778 - INFO - Trial 287 finished with value: 0.47192630332973085 and parameters: {'tcn_channels': 512, 'lstm_hidden': 128, 'num_lstm_layers': 2, 'batch_size': 512, 'dropout': 0.3942610230894212, 'seq_len': 192, 'lr': 0.0014365967401592712, 'weight_decay': 0.0014729307689111553, 'base_alpha_sell': 1.1185668429905462, 'base_alpha_neutral': 0.662632883261963, 'base_alpha_buy': 1.2641384573761996, 'base_loss_gamma': 2.1703195513184843, 'base_loss_smoothing': 0.3260609878846301, 'asym_gamma_sell': 0.7010883041171836, 'asym_gamma_neu': 1.1533190867229186, 'asym_gamma_buy': 2.462029297025853}. Best is trial 193 with value: 0.4857577883085556.
2026-03-25 20:01:54,257 - INFO - 🔍 RAM-Safe Streaming Scan (Treino): 878 arquivos...
2026-03-25 20:02:43,670 - INFO - ✂️ Double-Chunking (Treino): Expondo fatias de 500,000 amostras aleatórias.
2026-03-25 20:02:43,671 - INFO - 🚀 Pre-loading 500,000 samples into RAM (Lightning Mode)...
2026-03-25 20:05:53,912 - INFO - ✅ RAM-Safe Streaming Dataset: 500,000 sequences indexed and PRE-LOADED.
2026-03-25 20:05:53,914 - INFO - ✅ RAM-Safe Streaming Dataset: 500,000 sequences indexed (Mode: Lightning).
2026-03-25 20:05:53,959 - INFO - 🔍 RAM-Safe Streaming Scan (Val): 274 arquivos...
2026-03-25 20:06:06,156 - INFO - ✂️ Double-Chunking (Val): Expondo fatias de 100,000 amostras aleatórias.
2026-03-25 20:06:06,156 - INFO - 🚀 Pre-loading 100,000 samples into RAM (Lightning Mode)...
2026-03-25 20:07:04,162 - INFO - ✅ RAM-Safe Streaming Dataset: 100,000 sequences indexed and PRE-LOADED.
2026-03-25 20:07:04,163 - INFO - ✅ RAM-Safe Streaming Dataset: 100,000 sequences indexed (Mode: Lightning).
2026-03-25 20:07:04,499 - INFO - Trial 288 START | tcn=512, lstm=32, layers=3, batch=1024, seq=96 | RFE=30 | loss=ASYM (g_s=3.49, g_n=0.11, g_b=1.04) | alpha=[1.80, 0.66, 1.68], smooth=0.17
2026-03-25 20:07:59,859 - INFO - T288 E1/10 | [OK] | L: 0.92830860/0.88847008 | F1 M MIN: 0.33713995 D: 0.39718132 | [S/N/B]: [0.3371/0.5317/0.4572] | LR: 0.00010992
2026-03-25 20:08:55,197 - INFO - T288 E2/10 | [OK] | L: 0.83502415/0.84990011 | F1 M MIN: 0.26709431 D: 0.40118892 | [S/N/B]: [0.2671/0.5558/0.5353] | LR: 0.00010192
2026-03-25 20:09:51,363 - INFO - T288 E3/10 | [OK] | L: 0.80712425/0.80801296 | F1 M MIN: 0.25492092 D: 0.40662575 | [S/N/B]: [0.2549/0.6842/0.5583] | LR: 0.00008945
2026-03-25 20:10:46,896 - INFO - T288 E4/10 | [OK] | L: 0.79422899/0.79696677 | F1 M MIN: 0.24726754 D: 0.40756190 | [S/N/B]: [0.2473/0.7076/0.5679] | LR: 0.00007375
2026-03-25 20:11:43,186 - INFO - T288 E5/10 | [OK] | L: 0.78730152/0.79458574 | F1 M MIN: 0.21125363 D: 0.39753000 | [S/N/B]: [0.2113/0.7118/0.5838] | LR: 0.00005634
2026-03-25 20:11:43,238 - INFO - Trial 288 stopped early due to patience limit (4 epochs without improvement)
2026-03-25 20:11:43,419 - INFO - Trial 288 finished with value: 0.337139947628746 and parameters: {'tcn_channels': 512, 'lstm_hidden': 32, 'num_lstm_layers': 3, 'batch_size': 1024, 'dropout': 0.22945360786610786, 'seq_len': 96, 'lr': 0.00011267510179347479, 'weight_decay': 0.01061255889086866, 'base_alpha_sell': 1.7966150010300528, 'base_alpha_neutral': 0.6552826955163498, 'base_alpha_buy': 1.6753751005782187, 'base_loss_gamma': 2.916832067461824, 'base_loss_smoothing': 0.17069063949362653, 'asym_gamma_sell': 3.4908888728639202, 'asym_gamma_neu': 0.1079484717087523, 'asym_gamma_buy': 1.0394089960449564}. Best is trial 193 with value: 0.4857577883085556.
2026-03-25 20:11:43,933 - INFO - 🔍 RAM-Safe Streaming Scan (Treino): 878 arquivos...
2026-03-25 20:12:32,591 - INFO - ✂️ Double-Chunking (Treino): Expondo fatias de 500,000 amostras aleatórias.
2026-03-25 20:12:32,593 - INFO - 🚀 Pre-loading 500,000 samples into RAM (Lightning Mode)...
2026-03-25 20:15:44,411 - INFO - ✅ RAM-Safe Streaming Dataset: 500,000 sequences indexed and PRE-LOADED.
2026-03-25 20:15:44,412 - INFO - ✅ RAM-Safe Streaming Dataset: 500,000 sequences indexed (Mode: Lightning).
2026-03-25 20:15:44,462 - INFO - 🔍 RAM-Safe Streaming Scan (Val): 274 arquivos...
2026-03-25 20:15:57,017 - INFO - ✂️ Double-Chunking (Val): Expondo fatias de 100,000 amostras aleatórias.
2026-03-25 20:15:57,018 - INFO - 🚀 Pre-loading 100,000 samples into RAM (Lightning Mode)...
2026-03-25 20:16:54,159 - INFO - ✅ RAM-Safe Streaming Dataset: 100,000 sequences indexed and PRE-LOADED.
2026-03-25 20:16:54,160 - INFO - ✅ RAM-Safe Streaming Dataset: 100,000 sequences indexed (Mode: Lightning).
2026-03-25 20:16:54,500 - INFO - Trial 289 START | tcn=512, lstm=128, layers=2, batch=512, seq=192 | RFE=30 | loss=ASYM (g_s=1.65, g_n=1.26, g_b=2.38) | alpha=[1.05, 0.62, 1.27], smooth=0.27
2026-03-25 20:19:10,084 - INFO - T289 E1/10 | [WARN] ZERO_PENALTY | L: 0.39568936/0.36667448 | F1 M MIN: 0.00000000 D: 0.00000000 | [S/N/B]: [0.0000/0.8140/0.5597] | LR: 0.00148439
2026-03-25 20:21:27,059 - INFO - T289 E2/10 | [WARN] ZERO_PENALTY | L: 0.37795723/0.36337850 | F1 M MIN: 0.00000000 D: 0.00000000 | [S/N/B]: [0.0000/0.8145/0.5602] | LR: 0.00137633
2026-03-25 20:23:43,984 - INFO - T289 E3/10 | [WARN] ZERO_PENALTY | L: 0.37430721/0.36314012 | F1 M MIN: 0.00000000 D: 0.00000000 | [S/N/B]: [0.0000/0.8036/0.5556] | LR: 0.00120801
2026-03-25 20:26:01,084 - INFO - T289 E4/10 | [WARN] ZERO_PENALTY | L: 0.37215727/0.36068257 | F1 M MIN: 0.00000000 D: 0.00000000 | [S/N/B]: [0.0000/0.8046/0.5566] | LR: 0.00099592
2026-03-25 20:26:01,246 - INFO - Trial 289 stopped early due to patience limit (4 epochs without improvement)
2026-03-25 20:26:01,470 - INFO - Trial 289 finished with value: 0.0 and parameters: {'tcn_channels': 512, 'lstm_hidden': 128, 'num_lstm_layers': 2, 'batch_size': 512, 'dropout': 0.3895060913960543, 'seq_len': 192, 'lr': 0.0015216313840257158, 'weight_decay': 0.0004223167825932905, 'base_alpha_sell': 1.0495636940369721, 'base_alpha_neutral': 0.6210160762931584, 'base_alpha_buy': 1.2662289461109029, 'base_loss_gamma': 2.193517244726033, 'base_loss_smoothing': 0.271371296174299, 'asym_gamma_sell': 1.6472265279670069, 'asym_gamma_neu': 1.2602003133435018, 'asym_gamma_buy': 2.3836632605533583}. Best is trial 193 with value: 0.4857577883085556.
2026-03-25 20:26:01,989 - INFO - 🔍 RAM-Safe Streaming Scan (Treino): 878 arquivos...
2026-03-25 20:26:52,162 - INFO - ✂️ Double-Chunking (Treino): Expondo fatias de 500,000 amostras aleatórias.
2026-03-25 20:26:52,163 - INFO - 🚀 Pre-loading 500,000 samples into RAM (Lightning Mode)...
2026-03-25 20:30:07,486 - INFO - ✅ RAM-Safe Streaming Dataset: 500,000 sequences indexed and PRE-LOADED.
2026-03-25 20:30:07,488 - INFO - ✅ RAM-Safe Streaming Dataset: 500,000 sequences indexed (Mode: Lightning).
2026-03-25 20:30:07,537 - INFO - 🔍 RAM-Safe Streaming Scan (Val): 274 arquivos...
2026-03-25 20:30:20,512 - INFO - ✂️ Double-Chunking (Val): Expondo fatias de 100,000 amostras aleatórias.
2026-03-25 20:30:20,513 - INFO - 🚀 Pre-loading 100,000 samples into RAM (Lightning Mode)...
2026-03-25 20:31:19,403 - INFO - ✅ RAM-Safe Streaming Dataset: 100,000 sequences indexed and PRE-LOADED.
2026-03-25 20:31:19,410 - INFO - ✅ RAM-Safe Streaming Dataset: 100,000 sequences indexed (Mode: Lightning).
2026-03-25 20:31:19,760 - INFO - Trial 290 START | tcn=256, lstm=256, layers=3, batch=1024, seq=256 | RFE=30 | loss=ASYM (g_s=1.20, g_n=0.57, g_b=0.71) | alpha=[0.86, 0.57, 1.27], smooth=0.33
2026-03-25 20:33:21,105 - INFO - T290 E1/10 | [WARN] ZERO_PENALTY | L: 0.56212375/0.53485791 | F1 M MIN: 0.00000000 D: 0.00000000 | [S/N/B]: [0.0000/0.7527/0.5365] | LR: 0.00024400
2026-03-25 20:35:23,358 - INFO - T290 E2/10 | [WARN] ZERO_PENALTY | L: 0.53960684/0.53017196 | F1 M MIN: 0.00000000 D: 0.00000000 | [S/N/B]: [0.0000/0.7473/0.5383] | LR: 0.00022624
2026-03-25 20:37:26,257 - INFO - T290 E3/10 | [WARN] ZERO_PENALTY | L: 0.53366066/0.52352301 | F1 M MIN: 0.00000000 D: 0.00000000 | [S/N/B]: [0.0000/0.7814/0.5504] | LR: 0.00019857
2026-03-25 20:39:28,685 - INFO - T290 E4/10 | [OK] | L: 0.52957850/0.52020241 | F1 M MIN: 0.02508059 D: 0.28522144 | [S/N/B]: [0.0251/0.7612/0.5454] | LR: 0.00016371
2026-03-25 20:41:31,732 - INFO - T290 E5/10 | [OK] | L: 0.52557227/0.51590999 | F1 M MIN: 0.21116828 D: 0.38538355 | [S/N/B]: [0.2112/0.8139/0.5596] | LR: 0.00012506
2026-03-25 20:41:31,870 - INFO - Trial 290 pruned by Optuna at epoch 5
