2026-03-27 06:46:18,176 - INFO - Trial 411 finished with value: 0.0 and parameters: {'tcn_channels': 512, 'lstm_hidden': 256, 'num_lstm_layers': 2, 'batch_size': 1024, 'dropout': 0.24551564147690635, 'seq_len': 256, 'lr': 0.0009564713689657761, 'weight_decay': 0.0017413818319016526, 'base_alpha_sell': 0.8575125448941568, 'base_alpha_neutral': 0.9587096622030077, 'base_alpha_buy': 1.4296102318277344, 'base_loss_gamma': 4.1353149217153415, 'base_loss_smoothing': 0.2177781417844996, 'asym_gamma_sell': 1.6601984196575632, 'asym_gamma_neu': 0.1347859677868941, 'asym_gamma_buy': 3.7046878330886353}. Best is trial 410 with value: 0.5052308142512254.
2026-03-27 06:46:18,700 - INFO - 🔍 RAM-Safe Streaming Scan (Treino): 878 arquivos...
2026-03-27 06:47:07,399 - INFO - ✂️ Double-Chunking (Treino): Expondo fatias de 500,000 amostras aleatórias.
2026-03-27 06:47:07,400 - INFO - 🚀 Pre-loading 500,000 samples into RAM (Lightning Mode)...
2026-03-27 06:50:07,855 - INFO - ✅ RAM-Safe Streaming Dataset: 500,000 sequences indexed and PRE-LOADED.
2026-03-27 06:50:07,856 - INFO - ✅ RAM-Safe Streaming Dataset: 500,000 sequences indexed (Mode: Lightning).
2026-03-27 06:50:07,901 - INFO - 🔍 RAM-Safe Streaming Scan (Val): 274 arquivos...
2026-03-27 06:50:19,969 - INFO - ✂️ Double-Chunking (Val): Expondo fatias de 100,000 amostras aleatórias.
2026-03-27 06:50:19,969 - INFO - 🚀 Pre-loading 100,000 samples into RAM (Lightning Mode)...
2026-03-27 06:51:12,208 - INFO - ✅ RAM-Safe Streaming Dataset: 100,000 sequences indexed and PRE-LOADED.
2026-03-27 06:51:12,210 - INFO - ✅ RAM-Safe Streaming Dataset: 100,000 sequences indexed (Mode: Lightning).
2026-03-27 06:51:12,558 - INFO - Trial 412 START | tcn=256, lstm=256, layers=2, batch=512, seq=256 | RFE=30 | loss=ASYM (g_s=1.59, g_n=0.80, g_b=3.07) | alpha=[1.41, 0.81, 1.26], smooth=0.33
2026-03-27 06:52:55,033 - INFO - T412 E1/10 | [WARN] ZERO_PENALTY | L: 0.58028434/0.57330473 | F1 M MIN: 0.00000000 D: 0.00000000 | [S/N/B]: [0.5806/0.8321/0.0000] | LR: 0.00089647
2026-03-27 06:54:38,735 - INFO - T412 E2/10 | [OK] | L: 0.55678189/0.56671760 | F1 M MIN: 0.00014921 D: 0.29282161 | [S/N/B]: [0.5855/0.8420/0.0001] | LR: 0.00083121
2026-03-27 06:56:22,738 - INFO - T412 E3/10 | [OK] | L: 0.55153458/0.56433803 | F1 M MIN: 0.07753143 D: 0.33099775 | [S/N/B]: [0.5845/0.8378/0.0775] | LR: 0.00072956
2026-03-27 06:58:07,011 - INFO - T412 E4/10 | [OK] | L: 0.54662305/0.55758674 | F1 M MIN: 0.15983997 D: 0.37808382 | [S/N/B]: [0.5963/0.8546/0.1598] | LR: 0.00060147
2026-03-27 06:59:51,050 - INFO - T412 E5/10 | [OK] | L: 0.54116954/0.55756634 | F1 M MIN: 0.21127479 D: 0.40133705 | [S/N/B]: [0.5914/0.8425/0.2113] | LR: 0.00045948
2026-03-27 06:59:51,154 - INFO - Trial 412 pruned by Optuna at epoch 5
2026-03-27 06:59:51,246 - INFO - Trial 412 pruned.
2026-03-27 06:59:51,972 - INFO - 🔍 RAM-Safe Streaming Scan (Treino): 878 arquivos...
2026-03-27 07:00:39,848 - INFO - ✂️ Double-Chunking (Treino): Expondo fatias de 500,000 amostras aleatórias.
2026-03-27 07:00:39,849 - INFO - 🚀 Pre-loading 500,000 samples into RAM (Lightning Mode)...
2026-03-27 07:03:33,092 - INFO - ✅ RAM-Safe Streaming Dataset: 500,000 sequences indexed and PRE-LOADED.
2026-03-27 07:03:33,093 - INFO - ✅ RAM-Safe Streaming Dataset: 500,000 sequences indexed (Mode: Lightning).
2026-03-27 07:03:33,186 - INFO - 🔍 RAM-Safe Streaming Scan (Val): 274 arquivos...
2026-03-27 07:03:45,070 - INFO - ✂️ Double-Chunking (Val): Expondo fatias de 100,000 amostras aleatórias.
2026-03-27 07:03:45,071 - INFO - 🚀 Pre-loading 100,000 samples into RAM (Lightning Mode)...
2026-03-27 07:04:39,429 - INFO - ✅ RAM-Safe Streaming Dataset: 100,000 sequences indexed and PRE-LOADED.
2026-03-27 07:04:39,429 - INFO - ✅ RAM-Safe Streaming Dataset: 100,000 sequences indexed (Mode: Lightning).
2026-03-27 07:04:39,762 - INFO - Trial 413 START | tcn=512, lstm=256, layers=2, batch=512, seq=96 | RFE=30 | loss=ASYM (g_s=1.22, g_n=0.75, g_b=2.77) | alpha=[1.38, 0.49, 1.62], smooth=0.22
2026-03-27 07:05:46,030 - INFO - T413 E1/10 | [WARN] ZERO_PENALTY | L: 0.57167956/0.53520473 | F1 M MIN: 0.00000000 D: 0.00000000 | [S/N/B]: [0.0000/0.6687/0.5147] | LR: 0.00109014
2026-03-27 07:06:53,088 - INFO - T413 E2/10 | [OK] | L: 0.54924936/0.52810455 | F1 M MIN: 0.41637409 D: 0.42678048 | [S/N/B]: [0.4372/0.6908/0.4164] | LR: 0.00101077
2026-03-27 07:08:00,105 - INFO - T413 E3/10 | [OK] | L: 0.54356123/0.52040327 | F1 M MIN: 0.34372370 D: 0.43904156 | [S/N/B]: [0.5344/0.7195/0.3437] | LR: 0.00088716
2026-03-27 07:09:07,501 - INFO - T413 E4/10 | [OK] | L: 0.53914057/0.51673889 | F1 M MIN: 0.20503847 D: 0.36622454 | [S/N/B]: [0.2050/0.7434/0.5274] | LR: 0.00073140
2026-03-27 07:10:14,992 - INFO - T413 E5/10 | [OK] | L: 0.53555190/0.51872633 | F1 M MIN: 0.34411036 D: 0.42119155 | [S/N/B]: [0.3441/0.7163/0.4983] | LR: 0.00055874
2026-03-27 07:11:22,423 - INFO - T413 E6/10 | [OK] | L: 0.53289095/0.51545125 | F1 M MIN: 0.36926033 D: 0.43263730 | [S/N/B]: [0.3693/0.7255/0.4960] | LR: 0.00038608
2026-03-27 07:11:22,451 - INFO - Trial 413 stopped early due to patience limit (4 epochs without improvement)
2026-03-27 07:11:22,585 - INFO - Trial 413 finished with value: 0.416374094270561 and parameters: {'tcn_channels': 512, 'lstm_hidden': 256, 'num_lstm_layers': 2, 'batch_size': 512, 'dropout': 0.3533648849540732, 'seq_len': 96, 'lr': 0.0011174821906758503, 'weight_decay': 0.007464750643095593, 'base_alpha_sell': 1.3818399131791226, 'base_alpha_neutral': 0.4942740385210701, 'base_alpha_buy': 1.6218522131315491, 'base_loss_gamma': 0.6860638686974085, 'base_loss_smoothing': 0.21870783929345583, 'asym_gamma_sell': 1.2214780127285962, 'asym_gamma_neu': 0.748104587484587, 'asym_gamma_buy': 2.7690300884238015}. Best is trial 410 with value: 0.5052308142512254.
2026-03-27 07:11:23,082 - INFO - 🔍 RAM-Safe Streaming Scan (Treino): 878 arquivos...
2026-03-27 07:12:12,418 - INFO - ✂️ Double-Chunking (Treino): Expondo fatias de 500,000 amostras aleatórias.
2026-03-27 07:12:12,419 - INFO - 🚀 Pre-loading 500,000 samples into RAM (Lightning Mode)...
2026-03-27 07:15:09,881 - INFO - ✅ RAM-Safe Streaming Dataset: 500,000 sequences indexed and PRE-LOADED.
2026-03-27 07:15:09,883 - INFO - ✅ RAM-Safe Streaming Dataset: 500,000 sequences indexed (Mode: Lightning).
2026-03-27 07:15:10,001 - INFO - 🔍 RAM-Safe Streaming Scan (Val): 274 arquivos...
2026-03-27 07:15:22,150 - INFO - ✂️ Double-Chunking (Val): Expondo fatias de 100,000 amostras aleatórias.
2026-03-27 07:15:22,150 - INFO - 🚀 Pre-loading 100,000 samples into RAM (Lightning Mode)...
2026-03-27 07:16:14,357 - INFO - ✅ RAM-Safe Streaming Dataset: 100,000 sequences indexed and PRE-LOADED.
2026-03-27 07:16:14,358 - INFO - ✅ RAM-Safe Streaming Dataset: 100,000 sequences indexed (Mode: Lightning).
2026-03-27 07:16:14,682 - INFO - Trial 414 START | tcn=64, lstm=256, layers=2, batch=512, seq=144 | RFE=30 | loss=ASYM (g_s=0.64, g_n=0.86, g_b=0.77) | alpha=[1.42, 0.51, 1.14], smooth=0.30
2026-03-27 07:16:58,625 - INFO - T414 E1/10 | [WARN] ZERO_PENALTY | L: 0.68398511/0.62051379 | F1 M MIN: 0.00000000 D: 0.00000000 | [S/N/B]: [0.5217/0.6518/0.0000] | LR: 0.00152365
2026-03-27 07:17:42,520 - INFO - T414 E2/10 | [WARN] ZERO_PENALTY | L: 0.66532017/0.60735058 | F1 M MIN: 0.00000000 D: 0.00000000 | [S/N/B]: [0.5565/0.7698/0.0000] | LR: 0.00141273
2026-03-27 07:18:27,001 - INFO - T414 E3/10 | [OK] | L: 0.66043040/0.61084500 | F1 M MIN: 0.00059102 D: 0.26631807 | [S/N/B]: [0.5320/0.6883/0.0006] | LR: 0.00123996
2026-03-27 07:19:11,637 - INFO - T414 E4/10 | [OK] | L: 0.65806892/0.60711225 | F1 M MIN: 0.02283402 D: 0.28147578 | [S/N/B]: [0.5401/0.7193/0.0228] | LR: 0.00102226
2026-03-27 07:19:55,621 - INFO - T414 E5/10 | [OK] | L: 0.65492019/0.60181132 | F1 M MIN: 0.22105850 D: 0.38489195 | [S/N/B]: [0.5487/0.7552/0.2211] | LR: 0.00078094
2026-03-27 07:19:55,719 - INFO - Trial 414 pruned by Optuna at epoch 5
2026-03-27 07:19:55,783 - INFO - Trial 414 pruned.
2026-03-27 07:19:56,372 - INFO - 🔍 RAM-Safe Streaming Scan (Treino): 878 arquivos...
2026-03-27 07:20:44,072 - INFO - ✂️ Double-Chunking (Treino): Expondo fatias de 500,000 amostras aleatórias.
2026-03-27 07:20:44,074 - INFO - 🚀 Pre-loading 500,000 samples into RAM (Lightning Mode)...
2026-03-27 07:23:37,595 - INFO - ✅ RAM-Safe Streaming Dataset: 500,000 sequences indexed and PRE-LOADED.
2026-03-27 07:23:37,596 - INFO - ✅ RAM-Safe Streaming Dataset: 500,000 sequences indexed (Mode: Lightning).
2026-03-27 07:23:37,730 - INFO - 🔍 RAM-Safe Streaming Scan (Val): 274 arquivos...
2026-03-27 07:23:50,318 - INFO - ✂️ Double-Chunking (Val): Expondo fatias de 100,000 amostras aleatórias.
2026-03-27 07:23:50,319 - INFO - 🚀 Pre-loading 100,000 samples into RAM (Lightning Mode)...
2026-03-27 07:24:44,835 - INFO - ✅ RAM-Safe Streaming Dataset: 100,000 sequences indexed and PRE-LOADED.
2026-03-27 07:24:44,837 - INFO - ✅ RAM-Safe Streaming Dataset: 100,000 sequences indexed (Mode: Lightning).
2026-03-27 07:24:45,198 - INFO - Trial 415 START | tcn=256, lstm=256, layers=2, batch=512, seq=144 | RFE=30 | loss=ASYM (g_s=2.35, g_n=1.38, g_b=0.77) | alpha=[0.90, 0.65, 1.30], smooth=0.32
2026-03-27 07:25:45,495 - INFO - T415 E1/10 | [WARN] ZERO_PENALTY | L: 0.45260654/0.42110404 | F1 M MIN: 0.00000000 D: 0.00000000 | [S/N/B]: [0.0000/0.7412/0.5342] | LR: 0.00036543
2026-03-27 07:26:46,397 - INFO - T415 E2/10 | [WARN] ZERO_PENALTY | L: 0.43374110/0.41209925 | F1 M MIN: 0.00000000 D: 0.00000000 | [S/N/B]: [0.0000/0.7595/0.5420] | LR: 0.00033882
2026-03-27 07:27:47,496 - INFO - T415 E3/10 | [OK] | L: 0.42977671/0.40644364 | F1 M MIN: 0.00043530 D: 0.27649761 | [S/N/B]: [0.0004/0.7905/0.5526] | LR: 0.00029739
2026-03-27 07:28:48,907 - INFO - T415 E4/10 | [OK] | L: 0.42646749/0.40507162 | F1 M MIN: 0.00777594 D: 0.28187962 | [S/N/B]: [0.0078/0.7966/0.5560] | LR: 0.00024518
2026-03-27 07:29:50,329 - INFO - T415 E5/10 | [OK] | L: 0.42388475/0.40485592 | F1 M MIN: 0.04250435 D: 0.29786619 | [S/N/B]: [0.0425/0.7879/0.5532] | LR: 0.00018730
2026-03-27 07:29:50,451 - INFO - Trial 415 pruned by Optuna at epoch 5
2026-03-27 07:29:50,554 - INFO - Trial 415 pruned.
2026-03-27 07:29:51,186 - INFO - 🔍 RAM-Safe Streaming Scan (Treino): 878 arquivos...
2026-03-27 07:30:40,393 - INFO - ✂️ Double-Chunking (Treino): Expondo fatias de 500,000 amostras aleatórias.
2026-03-27 07:30:40,394 - INFO - 🚀 Pre-loading 500,000 samples into RAM (Lightning Mode)...
2026-03-27 07:33:41,400 - INFO - ✅ RAM-Safe Streaming Dataset: 500,000 sequences indexed and PRE-LOADED.
2026-03-27 07:33:41,401 - INFO - ✅ RAM-Safe Streaming Dataset: 500,000 sequences indexed (Mode: Lightning).
2026-03-27 07:33:41,537 - INFO - 🔍 RAM-Safe Streaming Scan (Val): 274 arquivos...
2026-03-27 07:33:54,982 - INFO - ✂️ Double-Chunking (Val): Expondo fatias de 100,000 amostras aleatórias.
2026-03-27 07:33:54,983 - INFO - 🚀 Pre-loading 100,000 samples into RAM (Lightning Mode)...
2026-03-27 07:34:48,610 - INFO - ✅ RAM-Safe Streaming Dataset: 100,000 sequences indexed and PRE-LOADED.
2026-03-27 07:34:48,612 - INFO - ✅ RAM-Safe Streaming Dataset: 100,000 sequences indexed (Mode: Lightning).
2026-03-27 07:34:48,945 - INFO - Trial 416 START | tcn=64, lstm=256, layers=2, batch=2048, seq=256 | RFE=30 | loss=ASYM (g_s=2.06, g_n=1.01, g_b=1.80) | alpha=[1.79, 0.89, 1.54], smooth=0.30
2026-03-27 07:35:38,215 - INFO - T416 E1/10 | [WARN] ZERO_PENALTY | L: 0.86563043/0.82162646 | F1 M MIN: 0.00000000 D: 0.00000000 | [S/N/B]: [0.5397/0.7435/0.0000] | LR: 0.00156338
2026-03-27 07:36:28,182 - INFO - T416 E2/10 | [WARN] ZERO_PENALTY | L: 0.82298576/0.79592141 | F1 M MIN: 0.00000000 D: 0.00000000 | [S/N/B]: [0.5595/0.7953/0.0000] | LR: 0.00144956
2026-03-27 07:37:18,302 - INFO - T416 E3/10 | [OK] | L: 0.81342958/0.79120296 | F1 M MIN: 0.00043969 D: 0.28014376 | [S/N/B]: [0.5598/0.7958/0.0004] | LR: 0.00127229
2026-03-27 07:38:08,600 - INFO - T416 E4/10 | [OK] | L: 0.80660797/0.78797042 | F1 M MIN: 0.00335901 D: 0.28239366 | [S/N/B]: [0.5614/0.7990/0.0034] | LR: 0.00104891
2026-03-27 07:38:58,941 - INFO - T416 E5/10 | [OK] | L: 0.80255175/0.77806564 | F1 M MIN: 0.15176118 D: 0.36271626 | [S/N/B]: [0.5737/0.8302/0.1518] | LR: 0.00080130
2026-03-27 07:38:59,075 - INFO - Trial 416 pruned by Optuna at epoch 5
2026-03-27 07:38:59,183 - INFO - Trial 416 pruned.
2026-03-27 07:38:59,854 - INFO - 🔍 RAM-Safe Streaming Scan (Treino): 878 arquivos...
2026-03-27 07:39:48,343 - INFO - ✂️ Double-Chunking (Treino): Expondo fatias de 500,000 amostras aleatórias.
2026-03-27 07:39:48,344 - INFO - 🚀 Pre-loading 500,000 samples into RAM (Lightning Mode)...
2026-03-27 07:42:50,408 - INFO - ✅ RAM-Safe Streaming Dataset: 500,000 sequences indexed and PRE-LOADED.
2026-03-27 07:42:50,411 - INFO - ✅ RAM-Safe Streaming Dataset: 500,000 sequences indexed (Mode: Lightning).
2026-03-27 07:42:50,549 - INFO - 🔍 RAM-Safe Streaming Scan (Val): 274 arquivos...
2026-03-27 07:43:02,645 - INFO - ✂️ Double-Chunking (Val): Expondo fatias de 100,000 amostras aleatórias.
2026-03-27 07:43:02,645 - INFO - 🚀 Pre-loading 100,000 samples into RAM (Lightning Mode)...
2026-03-27 07:43:58,243 - INFO - ✅ RAM-Safe Streaming Dataset: 100,000 sequences indexed and PRE-LOADED.
2026-03-27 07:43:58,244 - INFO - ✅ RAM-Safe Streaming Dataset: 100,000 sequences indexed (Mode: Lightning).
2026-03-27 07:43:58,634 - INFO - Trial 417 START | tcn=512, lstm=128, layers=2, batch=1024, seq=256 | RFE=30 | loss=ASYM (g_s=1.00, g_n=1.08, g_b=3.24) | alpha=[1.42, 0.97, 1.54], smooth=0.24
2026-03-27 07:46:47,162 - INFO - T417 E1/10 | [OK] | L: 0.72005650/0.66395558 | F1 M MIN: 0.19304263 D: 0.39768132 | [S/N/B]: [0.6023/0.8496/0.1930] | LR: 0.00096197
2026-03-27 07:49:37,238 - INFO - T417 E2/10 | [OK] | L: 0.68266538/0.65673746 | F1 M MIN: 0.12492758 D: 0.36838750 | [S/N/B]: [0.6118/0.8547/0.1249] | LR: 0.00089194
2026-03-27 07:52:27,165 - INFO - T417 E3/10 | [OK] | L: 0.67479535/0.64493722 | F1 M MIN: 0.38097131 D: 0.45812663 | [S/N/B]: [0.5353/0.8713/0.3810] | LR: 0.00078286
2026-03-27 07:55:17,340 - INFO - T417 E4/10 | [OK] | L: 0.67044760/0.64572511 | F1 M MIN: 0.27357933 D: 0.43169702 | [S/N/B]: [0.5898/0.8638/0.2736] | LR: 0.00064541
2026-03-27 07:58:07,432 - INFO - T417 E5/10 | [OK] | L: 0.66464400/0.63650621 | F1 M MIN: 0.42938584 D: 0.49301478 | [S/N/B]: [0.5566/0.8656/0.4294] | LR: 0.00049305
2026-03-27 08:00:58,331 - INFO - T417 E6/10 | [OK] | L: 0.65771219/0.63574460 | F1 M MIN: 0.45966481 D: 0.50015246 | [S/N/B]: [0.5406/0.8602/0.4597] | LR: 0.00034069
2026-03-27 08:03:48,499 - INFO - T417 E7/10 | [OK] | L: 0.65250291/0.63571809 | F1 M MIN: 0.41041779 D: 0.49246298 | [S/N/B]: [0.5745/0.8568/0.4104] | LR: 0.00020324
2026-03-27 08:06:39,416 - INFO - T417 E8/10 | [OK] | L: 0.64803203/0.63358536 | F1 M MIN: 0.45394375 D: 0.50520218 | [S/N/B]: [0.5565/0.8599/0.4539] | LR: 0.00009416
2026-03-27 08:09:30,240 - INFO - T417 E9/10 | [OK] | L: 0.64487649/0.63229701 | F1 M MIN: 0.42778525 D: 0.49837606 | [S/N/B]: [0.5690/0.8616/0.4278] | LR: 0.00002413
2026-03-27 08:12:20,609 - INFO - T417 E10/10 | [OK] | L: 0.64275719/0.63193477 | F1 M MIN: 0.44051774 D: 0.50207632 | [S/N/B]: [0.5636/0.8628/0.4405] | LR: 0.00000000
2026-03-27 08:12:20,652 - INFO - Trial 417 stopped early due to patience limit (4 epochs without improvement)
2026-03-27 08:12:20,890 - INFO - Trial 417 finished with value: 0.45966480858031167 and parameters: {'tcn_channels': 512, 'lstm_hidden': 128, 'num_lstm_layers': 2, 'batch_size': 1024, 'dropout': 0.27459664991920285, 'seq_len': 256, 'lr': 0.0009861040850502156, 'weight_decay': 0.0012275908557606398, 'base_alpha_sell': 1.423055029267231, 'base_alpha_neutral': 0.9713882264245746, 'base_alpha_buy': 1.542031961108506, 'base_loss_gamma': 4.607805559458573, 'base_loss_smoothing': 0.23650864284867315, 'asym_gamma_sell': 0.9966326416023111, 'asym_gamma_neu': 1.084031443634796, 'asym_gamma_buy': 3.2449452704961397}. Best is trial 410 with value: 0.5052308142512254.
2026-03-27 08:12:21,447 - INFO - 🔍 RAM-Safe Streaming Scan (Treino): 878 arquivos...
2026-03-27 08:13:11,057 - INFO - ✂️ Double-Chunking (Treino): Expondo fatias de 500,000 amostras aleatórias.
2026-03-27 08:13:11,059 - INFO - 🚀 Pre-loading 500,000 samples into RAM (Lightning Mode)...
2026-03-27 08:16:13,227 - INFO - ✅ RAM-Safe Streaming Dataset: 500,000 sequences indexed and PRE-LOADED.
2026-03-27 08:16:13,228 - INFO - ✅ RAM-Safe Streaming Dataset: 500,000 sequences indexed (Mode: Lightning).
2026-03-27 08:16:13,287 - INFO - 🔍 RAM-Safe Streaming Scan (Val): 274 arquivos...
2026-03-27 08:16:26,356 - INFO - ✂️ Double-Chunking (Val): Expondo fatias de 100,000 amostras aleatórias.
2026-03-27 08:16:26,357 - INFO - 🚀 Pre-loading 100,000 samples into RAM (Lightning Mode)...
2026-03-27 08:17:22,335 - INFO - ✅ RAM-Safe Streaming Dataset: 100,000 sequences indexed and PRE-LOADED.
2026-03-27 08:17:22,336 - INFO - ✅ RAM-Safe Streaming Dataset: 100,000 sequences indexed (Mode: Lightning).
2026-03-27 08:17:22,682 - INFO - Trial 418 START | tcn=128, lstm=256, layers=2, batch=1024, seq=256 | RFE=30 | loss=ASYM (g_s=1.13, g_n=0.66, g_b=4.20) | alpha=[1.76, 1.04, 1.52], smooth=0.26
2026-03-27 08:18:28,473 - INFO - T418 E1/10 | [WARN] ZERO_PENALTY | L: 0.85478559/0.81992548 | F1 M MIN: 0.00000000 D: 0.00000000 | [S/N/B]: [0.5764/0.8284/0.0000] | LR: 0.00046339
2026-03-27 08:19:35,758 - INFO - T418 E2/10 | [OK] | L: 0.80308046/0.80333640 | F1 M MIN: 0.00007332 D: 0.29061397 | [S/N/B]: [0.5812/0.8360/0.0001] | LR: 0.00042966
2026-03-27 08:20:43,084 - INFO - T418 E3/10 | [OK] | L: 0.79078906/0.79543382 | F1 M MIN: 0.00589091 D: 0.29542044 | [S/N/B]: [0.5849/0.8417/0.0059] | LR: 0.00037711
2026-03-27 08:21:50,414 - INFO - T418 E4/10 | [OK] | L: 0.78396514/0.79176759 | F1 M MIN: 0.00980499 D: 0.29757667 | [S/N/B]: [0.5853/0.8452/0.0098] | LR: 0.00031090
2026-03-27 08:22:58,183 - INFO - T418 E5/10 | [OK] | L: 0.77925896/0.78349814 | F1 M MIN: 0.08087967 D: 0.33912031 | [S/N/B]: [0.5974/0.8599/0.0809] | LR: 0.00023751
2026-03-27 08:22:58,316 - INFO - Trial 418 pruned by Optuna at epoch 5
2026-03-27 08:22:58,413 - INFO - Trial 418 pruned.
2026-03-27 08:22:59,143 - INFO - 🔍 RAM-Safe Streaming Scan (Treino): 878 arquivos...
2026-03-27 08:23:49,925 - INFO - ✂️ Double-Chunking (Treino): Expondo fatias de 500,000 amostras aleatórias.
2026-03-27 08:23:49,926 - INFO - 🚀 Pre-loading 500,000 samples into RAM (Lightning Mode)...
2026-03-27 08:26:54,778 - INFO - ✅ RAM-Safe Streaming Dataset: 500,000 sequences indexed and PRE-LOADED.
2026-03-27 08:26:54,779 - INFO - ✅ RAM-Safe Streaming Dataset: 500,000 sequences indexed (Mode: Lightning).
2026-03-27 08:26:54,824 - INFO - 🔍 RAM-Safe Streaming Scan (Val): 274 arquivos...
2026-03-27 08:27:07,569 - INFO - ✂️ Double-Chunking (Val): Expondo fatias de 100,000 amostras aleatórias.
2026-03-27 08:27:07,569 - INFO - 🚀 Pre-loading 100,000 samples into RAM (Lightning Mode)...
2026-03-27 08:28:03,586 - INFO - ✅ RAM-Safe Streaming Dataset: 100,000 sequences indexed and PRE-LOADED.
2026-03-27 08:28:03,587 - INFO - ✅ RAM-Safe Streaming Dataset: 100,000 sequences indexed (Mode: Lightning).
2026-03-27 08:28:03,973 - INFO - Trial 419 START | tcn=512, lstm=256, layers=2, batch=512, seq=256 | RFE=30 | loss=ASYM (g_s=1.76, g_n=0.17, g_b=3.87) | alpha=[1.27, 0.81, 1.67], smooth=0.29
2026-03-27 08:31:12,659 - INFO - T419 E1/10 | [OK] | L: 0.65743179/0.69643957 | F1 M MIN: 0.00014502 D: 0.27498804 | [S/N/B]: [0.0001/0.7818/0.5498] | LR: 0.00072079
2026-03-27 08:34:23,225 - INFO - T419 E2/10 | [OK] | L: 0.63322159/0.68731111 | F1 M MIN: 0.00274894 D: 0.27829589 | [S/N/B]: [0.0027/0.7905/0.5538] | LR: 0.00066832
2026-03-27 08:37:34,076 - INFO - T419 E3/10 | [OK] | L: 0.62662572/0.67904648 | F1 M MIN: 0.38153904 D: 0.45371060 | [S/N/B]: [0.3815/0.8140/0.5259] | LR: 0.00058659
2026-03-27 08:40:45,213 - INFO - T419 E4/10 | [OK] | L: 0.62042293/0.67622819 | F1 M MIN: 0.43139325 D: 0.47417980 | [S/N/B]: [0.4314/0.8219/0.5170] | LR: 0.00048360
2026-03-27 08:43:56,247 - INFO - T419 E5/10 | [OK] | L: 0.61530429/0.66741570 | F1 M MIN: 0.37337955 D: 0.46362572 | [S/N/B]: [0.3734/0.8338/0.5539] | LR: 0.00036944
2026-03-27 08:47:07,417 - INFO - T419 E6/10 | [OK] | L: 0.61106024/0.66567170 | F1 M MIN: 0.30472634 D: 0.43682914 | [S/N/B]: [0.3047/0.8357/0.5689] | LR: 0.00025527
2026-03-27 08:50:18,567 - INFO - T419 E7/10 | [OK] | L: 0.60746343/0.66644987 | F1 M MIN: 0.39564770 D: 0.47193312 | [S/N/B]: [0.3956/0.8319/0.5482] | LR: 0.00015229
2026-03-27 08:53:29,814 - INFO - T419 E8/10 | [OK] | L: 0.60433675/0.66768380 | F1 M MIN: 0.38513884 D: 0.46621924 | [S/N/B]: [0.3851/0.8148/0.5473] | LR: 0.00007056
2026-03-27 08:53:29,857 - INFO - Trial 419 stopped early due to patience limit (4 epochs without improvement)
