2026-03-26 06:05:09,426 - INFO - Trial 322 pruned.
2026-03-26 06:05:10,014 - INFO - 🔍 RAM-Safe Streaming Scan (Treino): 878 arquivos...
2026-03-26 06:05:58,442 - INFO - ✂️ Double-Chunking (Treino): Expondo fatias de 500,000 amostras aleatórias.
2026-03-26 06:05:58,443 - INFO - 🚀 Pre-loading 500,000 samples into RAM (Lightning Mode)...
2026-03-26 06:09:04,466 - INFO - ✅ RAM-Safe Streaming Dataset: 500,000 sequences indexed and PRE-LOADED.
2026-03-26 06:09:04,467 - INFO - ✅ RAM-Safe Streaming Dataset: 500,000 sequences indexed (Mode: Lightning).
2026-03-26 06:09:04,513 - INFO - 🔍 RAM-Safe Streaming Scan (Val): 274 arquivos...
2026-03-26 06:09:16,851 - INFO - ✂️ Double-Chunking (Val): Expondo fatias de 100,000 amostras aleatórias.
2026-03-26 06:09:16,851 - INFO - 🚀 Pre-loading 100,000 samples into RAM (Lightning Mode)...
2026-03-26 06:10:12,177 - INFO - ✅ RAM-Safe Streaming Dataset: 100,000 sequences indexed and PRE-LOADED.
2026-03-26 06:10:12,178 - INFO - ✅ RAM-Safe Streaming Dataset: 100,000 sequences indexed (Mode: Lightning).
2026-03-26 06:10:12,551 - INFO - Trial 323 START | tcn=512, lstm=256, layers=3, batch=1024, seq=256 | RFE=30 | loss=ASYM (g_s=1.93, g_n=0.10, g_b=3.87) | alpha=[1.15, 0.58, 1.47], smooth=0.30
2026-03-26 06:13:34,773 - INFO - T323 E1/10 | [WARN] ZERO_PENALTY | L: 0.49144413/0.53304348 | F1 M MIN: 0.00000000 D: 0.00000000 | [S/N/B]: [0.0000/0.7479/0.5381] | LR: 0.00064039
2026-03-26 06:16:57,953 - INFO - T323 E2/10 | [OK] | L: 0.46995989/0.52603817 | F1 M MIN: 0.11518728 D: 0.32191812 | [S/N/B]: [0.1152/0.7567/0.5286] | LR: 0.00059377
2026-03-26 06:20:21,994 - INFO - T323 E3/10 | [OK] | L: 0.46459018/0.51905962 | F1 M MIN: 0.34802709 D: 0.45870925 | [S/N/B]: [0.5694/0.8062/0.3480] | LR: 0.00052115
2026-03-26 06:23:46,014 - INFO - T323 E4/10 | [OK] | L: 0.46065589/0.52178631 | F1 M MIN: 0.42262251 D: 0.47283394 | [S/N/B]: [0.5230/0.7692/0.4226] | LR: 0.00042965
2026-03-26 06:27:10,562 - INFO - T323 E5/10 | [OK] | L: 0.45669341/0.51645706 | F1 M MIN: 0.44524980 D: 0.48711283 | [S/N/B]: [0.5290/0.7873/0.4452] | LR: 0.00032823
2026-03-26 06:30:35,133 - INFO - T323 E6/10 | [OK] | L: 0.45383517/0.51595050 | F1 M MIN: 0.47999858 D: 0.48819924 | [S/N/B]: [0.4800/0.7866/0.4964] | LR: 0.00022680
2026-03-26 06:33:59,796 - INFO - T323 E7/10 | [OK] | L: 0.45148938/0.51295760 | F1 M MIN: 0.47250100 D: 0.49914167 | [S/N/B]: [0.5258/0.8063/0.4725] | LR: 0.00013530
2026-03-26 06:37:24,271 - INFO - T323 E8/10 | [OK] | L: 0.44925772/0.51223803 | F1 M MIN: 0.49401001 D: 0.49810383 | [S/N/B]: [0.5022/0.8133/0.4940] | LR: 0.00006269
2026-03-26 06:40:49,196 - INFO - T323 E9/10 | [OK] | L: 0.44767175/0.51261880 | F1 M MIN: 0.48239286 D: 0.49973285 | [S/N/B]: [0.5171/0.8088/0.4824] | LR: 0.00001606
2026-03-26 06:44:14,033 - INFO - T323 E10/10 | [OK] | L: 0.44658606/0.51239501 | F1 M MIN: 0.47975054 D: 0.49573459 | [S/N/B]: [0.4798/0.8011/0.5117] | LR: 0.00000000
2026-03-26 06:44:14,353 - INFO - Trial 323 finished with value: 0.4940100126357544 and parameters: {'tcn_channels': 512, 'lstm_hidden': 256, 'num_lstm_layers': 3, 'batch_size': 1024, 'dropout': 0.3061832656863094, 'seq_len': 256, 'lr': 0.0006564507675892239, 'weight_decay': 0.002520475530393698, 'base_alpha_sell': 1.1545672314713478, 'base_alpha_neutral': 0.5758883239812165, 'base_alpha_buy': 1.4677519690635144, 'base_loss_gamma': 1.8132891877120885, 'base_loss_smoothing': 0.30410531441811556, 'asym_gamma_sell': 1.9313541162847772, 'asym_gamma_neu': 0.10119223761029988, 'asym_gamma_buy': 3.869345960546644}. Best is trial 299 with value: 0.5035109606130814.
2026-03-26 06:44:15,018 - INFO - 🔍 RAM-Safe Streaming Scan (Treino): 878 arquivos...
2026-03-26 06:45:03,223 - INFO - ✂️ Double-Chunking (Treino): Expondo fatias de 500,000 amostras aleatórias.
2026-03-26 06:45:03,223 - INFO - 🚀 Pre-loading 500,000 samples into RAM (Lightning Mode)...
2026-03-26 06:48:06,872 - INFO - ✅ RAM-Safe Streaming Dataset: 500,000 sequences indexed and PRE-LOADED.
2026-03-26 06:48:06,873 - INFO - ✅ RAM-Safe Streaming Dataset: 500,000 sequences indexed (Mode: Lightning).
2026-03-26 06:48:06,923 - INFO - 🔍 RAM-Safe Streaming Scan (Val): 274 arquivos...
2026-03-26 06:48:19,284 - INFO - ✂️ Double-Chunking (Val): Expondo fatias de 100,000 amostras aleatórias.
2026-03-26 06:48:19,284 - INFO - 🚀 Pre-loading 100,000 samples into RAM (Lightning Mode)...
2026-03-26 06:49:16,192 - INFO - ✅ RAM-Safe Streaming Dataset: 100,000 sequences indexed and PRE-LOADED.
2026-03-26 06:49:16,193 - INFO - ✅ RAM-Safe Streaming Dataset: 100,000 sequences indexed (Mode: Lightning).
2026-03-26 06:49:16,541 - INFO - Trial 324 START | tcn=512, lstm=256, layers=2, batch=512, seq=192 | RFE=30 | loss=ASYM (g_s=1.14, g_n=1.35, g_b=1.56) | alpha=[1.16, 0.87, 1.02], smooth=0.33
2026-03-26 06:51:46,823 - INFO - T324 E1/10 | [WARN] ZERO_PENALTY | L: 0.54641983/0.50616457 | F1 M MIN: 0.00000000 D: 0.00000000 | [S/N/B]: [0.5943/0.8577/0.0000] | LR: 0.00143543
2026-03-26 06:54:18,617 - INFO - T324 E2/10 | [WARN] ZERO_PENALTY | L: 0.52838707/0.50048709 | F1 M MIN: 0.00000000 D: 0.00000000 | [S/N/B]: [0.5987/0.8663/0.0000] | LR: 0.00133093
2026-03-26 06:56:50,468 - INFO - T324 E3/10 | [WARN] ZERO_PENALTY | L: 0.52460939/0.49681061 | F1 M MIN: 0.00000000 D: 0.00000000 | [S/N/B]: [0.6008/0.8706/0.0000] | LR: 0.00116816
2026-03-26 06:59:22,361 - INFO - T324 E4/10 | [OK] | L: 0.52161009/0.50113774 | F1 M MIN: 0.01088863 D: 0.30102582 | [S/N/B]: [0.5912/0.8539/0.0109] | LR: 0.00096307
2026-03-26 07:01:54,450 - INFO - T324 E5/10 | [OK] | L: 0.51902935/0.49270341 | F1 M MIN: 0.21384473 D: 0.40514128 | [S/N/B]: [0.5964/0.8704/0.2138] | LR: 0.00073572
2026-03-26 07:01:54,571 - INFO - Trial 324 pruned by Optuna at epoch 5
2026-03-26 07:01:54,666 - INFO - Trial 324 pruned.
2026-03-26 07:01:55,293 - INFO - 🔍 RAM-Safe Streaming Scan (Treino): 878 arquivos...
2026-03-26 07:02:43,523 - INFO - ✂️ Double-Chunking (Treino): Expondo fatias de 500,000 amostras aleatórias.
2026-03-26 07:02:43,524 - INFO - 🚀 Pre-loading 500,000 samples into RAM (Lightning Mode)...
2026-03-26 07:05:48,980 - INFO - ✅ RAM-Safe Streaming Dataset: 500,000 sequences indexed and PRE-LOADED.
2026-03-26 07:05:48,982 - INFO - ✅ RAM-Safe Streaming Dataset: 500,000 sequences indexed (Mode: Lightning).
2026-03-26 07:05:49,026 - INFO - 🔍 RAM-Safe Streaming Scan (Val): 274 arquivos...
2026-03-26 07:06:01,291 - INFO - ✂️ Double-Chunking (Val): Expondo fatias de 100,000 amostras aleatórias.
2026-03-26 07:06:01,292 - INFO - 🚀 Pre-loading 100,000 samples into RAM (Lightning Mode)...
2026-03-26 07:06:57,020 - INFO - ✅ RAM-Safe Streaming Dataset: 100,000 sequences indexed and PRE-LOADED.
2026-03-26 07:06:57,021 - INFO - ✅ RAM-Safe Streaming Dataset: 100,000 sequences indexed (Mode: Lightning).
2026-03-26 07:06:57,446 - INFO - Trial 325 START | tcn=512, lstm=256, layers=4, batch=1024, seq=256 | RFE=30 | loss=ASYM (g_s=1.82, g_n=0.30, g_b=2.97) | alpha=[1.08, 0.52, 1.48], smooth=0.30
2026-03-26 07:10:36,545 - INFO - T325 E1/10 | [WARN] ZERO_PENALTY | L: 0.46738233/0.49467965 | F1 M MIN: 0.00000000 D: 0.00000000 | [S/N/B]: [0.0000/0.6710/0.5140] | LR: 0.00132269
2026-03-26 07:14:16,944 - INFO - T325 E2/10 | [WARN] ZERO_PENALTY | L: 0.44703591/0.47748519 | F1 M MIN: 0.00000000 D: 0.00000000 | [S/N/B]: [0.0000/0.7777/0.5468] | LR: 0.00122639
2026-03-26 07:17:58,475 - INFO - T325 E3/10 | [OK] | L: 0.44185056/0.47690148 | F1 M MIN: 0.25421653 D: 0.38342266 | [S/N/B]: [0.2542/0.7613/0.5126] | LR: 0.00107641
2026-03-26 07:21:39,761 - INFO - T325 E4/10 | [OK] | L: 0.43755287/0.47547878 | F1 M MIN: 0.29568214 D: 0.40968868 | [S/N/B]: [0.2957/0.7458/0.5237] | LR: 0.00088743
2026-03-26 07:25:22,058 - INFO - T325 E5/10 | [OK] | L: 0.43342679/0.47338447 | F1 M MIN: 0.22190964 D: 0.38039045 | [S/N/B]: [0.2219/0.7407/0.5389] | LR: 0.00067793
2026-03-26 07:25:22,173 - INFO - Trial 325 pruned by Optuna at epoch 5
2026-03-26 07:25:22,315 - INFO - Trial 325 pruned.
2026-03-26 07:25:23,018 - INFO - 🔍 RAM-Safe Streaming Scan (Treino): 878 arquivos...
2026-03-26 07:26:11,658 - INFO - ✂️ Double-Chunking (Treino): Expondo fatias de 500,000 amostras aleatórias.
2026-03-26 07:26:11,659 - INFO - 🚀 Pre-loading 500,000 samples into RAM (Lightning Mode)...
2026-03-26 07:29:15,426 - INFO - ✅ RAM-Safe Streaming Dataset: 500,000 sequences indexed and PRE-LOADED.
2026-03-26 07:29:15,427 - INFO - ✅ RAM-Safe Streaming Dataset: 500,000 sequences indexed (Mode: Lightning).
2026-03-26 07:29:15,474 - INFO - 🔍 RAM-Safe Streaming Scan (Val): 274 arquivos...
2026-03-26 07:29:27,827 - INFO - ✂️ Double-Chunking (Val): Expondo fatias de 100,000 amostras aleatórias.
2026-03-26 07:29:27,828 - INFO - 🚀 Pre-loading 100,000 samples into RAM (Lightning Mode)...
2026-03-26 07:30:22,954 - INFO - ✅ RAM-Safe Streaming Dataset: 100,000 sequences indexed and PRE-LOADED.
2026-03-26 07:30:22,955 - INFO - ✅ RAM-Safe Streaming Dataset: 100,000 sequences indexed (Mode: Lightning).
2026-03-26 07:30:23,341 - INFO - Trial 326 START | tcn=512, lstm=256, layers=3, batch=512, seq=192 | RFE=30 | loss=ASYM (g_s=1.66, g_n=0.13, g_b=4.08) | alpha=[1.30, 0.75, 1.49], smooth=0.31
2026-03-26 07:33:02,778 - INFO - T326 E1/10 | [OK] | L: 0.61010763/0.64880615 | F1 M MIN: 0.15758546 D: 0.38533297 | [S/N/B]: [0.6131/0.8088/0.1576] | LR: 0.00052514
2026-03-26 07:35:43,874 - INFO - T326 E2/10 | [OK] | L: 0.58611655/0.64260718 | F1 M MIN: 0.09973652 D: 0.35376463 | [S/N/B]: [0.6078/0.8284/0.0997] | LR: 0.00048691
2026-03-26 07:38:24,908 - INFO - T326 E3/10 | [OK] | L: 0.58111123/0.63400822 | F1 M MIN: 0.22332918 D: 0.40974273 | [S/N/B]: [0.5962/0.8558/0.2233] | LR: 0.00042736
2026-03-26 07:41:06,403 - INFO - T326 E4/10 | [OK] | L: 0.57767804/0.63520211 | F1 M MIN: 0.25571943 D: 0.41946951 | [S/N/B]: [0.5832/0.8394/0.2557] | LR: 0.00035233
2026-03-26 07:43:48,023 - INFO - T326 E5/10 | [OK] | L: 0.57376763/0.63362555 | F1 M MIN: 0.29553622 D: 0.44110309 | [S/N/B]: [0.5867/0.8351/0.2955] | LR: 0.00026916
2026-03-26 07:43:48,156 - INFO - Trial 326 pruned by Optuna at epoch 5
2026-03-26 07:43:48,257 - INFO - Trial 326 pruned.
2026-03-26 07:43:48,886 - INFO - 🔍 RAM-Safe Streaming Scan (Treino): 878 arquivos...
2026-03-26 07:44:37,705 - INFO - ✂️ Double-Chunking (Treino): Expondo fatias de 500,000 amostras aleatórias.
2026-03-26 07:44:37,710 - INFO - 🚀 Pre-loading 500,000 samples into RAM (Lightning Mode)...
2026-03-26 07:47:44,110 - INFO - ✅ RAM-Safe Streaming Dataset: 500,000 sequences indexed and PRE-LOADED.
2026-03-26 07:47:44,111 - INFO - ✅ RAM-Safe Streaming Dataset: 500,000 sequences indexed (Mode: Lightning).
2026-03-26 07:47:44,160 - INFO - 🔍 RAM-Safe Streaming Scan (Val): 274 arquivos...
2026-03-26 07:47:56,614 - INFO - ✂️ Double-Chunking (Val): Expondo fatias de 100,000 amostras aleatórias.
2026-03-26 07:47:56,615 - INFO - 🚀 Pre-loading 100,000 samples into RAM (Lightning Mode)...
2026-03-26 07:48:53,754 - INFO - ✅ RAM-Safe Streaming Dataset: 100,000 sequences indexed and PRE-LOADED.
2026-03-26 07:48:53,755 - INFO - ✅ RAM-Safe Streaming Dataset: 100,000 sequences indexed (Mode: Lightning).
2026-03-26 07:48:54,134 - INFO - Trial 327 START | tcn=512, lstm=128, layers=2, batch=512, seq=256 | RFE=30 | loss=ASYM (g_s=2.44, g_n=0.15, g_b=2.70) | alpha=[1.52, 0.74, 1.34], smooth=0.33
2026-03-26 07:51:42,601 - INFO - T327 E1/10 | [WARN] ZERO_PENALTY | L: 0.63965472/0.68099355 | F1 M MIN: 0.00000000 D: 0.00000000 | [S/N/B]: [0.5539/0.7715/0.0000] | LR: 0.00134288
2026-03-26 07:54:32,836 - INFO - T327 E2/10 | [WARN] ZERO_PENALTY | L: 0.61954138/0.67891578 | F1 M MIN: 0.00000000 D: 0.00000000 | [S/N/B]: [0.5583/0.7839/0.0000] | LR: 0.00124512
2026-03-26 07:57:23,016 - INFO - T327 E3/10 | [WARN] ZERO_PENALTY | L: 0.61451552/0.67063453 | F1 M MIN: 0.00000000 D: 0.00000000 | [S/N/B]: [0.5639/0.7962/0.0000] | LR: 0.00109285
2026-03-26 08:00:13,299 - INFO - T327 E4/10 | [WARN] ZERO_PENALTY | L: 0.61179606/0.66633212 | F1 M MIN: 0.00000000 D: 0.00000000 | [S/N/B]: [0.5706/0.8147/0.0000] | LR: 0.00090098
2026-03-26 08:00:13,368 - INFO - Trial 327 stopped early due to patience limit (4 epochs without improvement)
2026-03-26 08:00:13,619 - INFO - Trial 327 finished with value: 0.0 and parameters: {'tcn_channels': 512, 'lstm_hidden': 128, 'num_lstm_layers': 2, 'batch_size': 512, 'dropout': 0.22417870713538482, 'seq_len': 256, 'lr': 0.0013765704074328684, 'weight_decay': 0.0012248258495457815, 'base_alpha_sell': 1.5173412651252496, 'base_alpha_neutral': 0.7367924465759451, 'base_alpha_buy': 1.343553646235201, 'base_loss_gamma': 1.6175006788983297, 'base_loss_smoothing': 0.33399451992121787, 'asym_gamma_sell': 2.4397397621653654, 'asym_gamma_neu': 0.15442511871508985, 'asym_gamma_buy': 2.6977622948175832}. Best is trial 299 with value: 0.5035109606130814.
2026-03-26 08:00:14,224 - INFO - 🔍 RAM-Safe Streaming Scan (Treino): 878 arquivos...
2026-03-26 08:01:02,840 - INFO - ✂️ Double-Chunking (Treino): Expondo fatias de 500,000 amostras aleatórias.
2026-03-26 08:01:02,842 - INFO - 🚀 Pre-loading 500,000 samples into RAM (Lightning Mode)...
2026-03-26 08:04:08,288 - INFO - ✅ RAM-Safe Streaming Dataset: 500,000 sequences indexed and PRE-LOADED.
2026-03-26 08:04:08,290 - INFO - ✅ RAM-Safe Streaming Dataset: 500,000 sequences indexed (Mode: Lightning).
2026-03-26 08:04:08,335 - INFO - 🔍 RAM-Safe Streaming Scan (Val): 274 arquivos...
2026-03-26 08:04:20,931 - INFO - ✂️ Double-Chunking (Val): Expondo fatias de 100,000 amostras aleatórias.
2026-03-26 08:04:20,931 - INFO - 🚀 Pre-loading 100,000 samples into RAM (Lightning Mode)...
2026-03-26 08:05:18,257 - INFO - ✅ RAM-Safe Streaming Dataset: 100,000 sequences indexed and PRE-LOADED.
2026-03-26 08:05:18,258 - INFO - ✅ RAM-Safe Streaming Dataset: 100,000 sequences indexed (Mode: Lightning).
2026-03-26 08:05:18,640 - INFO - Trial 328 START | tcn=256, lstm=128, layers=2, batch=512, seq=192 | RFE=30 | loss=ASYM (g_s=1.52, g_n=0.99, g_b=2.04) | alpha=[1.19, 0.50, 1.18], smooth=0.28
2026-03-26 08:06:27,559 - INFO - T328 E1/10 | [OK] | L: 0.41971511/0.39443997 | F1 M MIN: 0.00007371 D: 0.27494707 | [S/N/B]: [0.5498/0.7539/0.0001] | LR: 0.00128753
2026-03-26 08:07:37,415 - INFO - T328 E2/10 | [WARN] ZERO_PENALTY | L: 0.40465630/0.39186685 | F1 M MIN: 0.00000000 D: 0.00000000 | [S/N/B]: [0.5502/0.7552/0.0000] | LR: 0.00119380
2026-03-26 08:08:47,396 - INFO - T328 E3/10 | [OK] | L: 0.40045122/0.38664853 | F1 M MIN: 0.02462469 D: 0.29312071 | [S/N/B]: [0.5616/0.7919/0.0246] | LR: 0.00104780
2026-03-26 08:09:58,009 - INFO - T328 E4/10 | [OK] | L: 0.39813185/0.38566720 | F1 M MIN: 0.09961522 D: 0.33330181 | [S/N/B]: [0.5670/0.7856/0.0996] | LR: 0.00086384
2026-03-26 08:11:07,928 - INFO - T328 E5/10 | [OK] | L: 0.39670549/0.38297167 | F1 M MIN: 0.16642457 D: 0.36744845 | [S/N/B]: [0.5685/0.8022/0.1664] | LR: 0.00065991
2026-03-26 08:11:08,064 - INFO - Trial 328 pruned by Optuna at epoch 5
2026-03-26 08:11:08,181 - INFO - Trial 328 pruned.
2026-03-26 08:11:08,881 - INFO - 🔍 RAM-Safe Streaming Scan (Treino): 878 arquivos...
2026-03-26 08:11:57,981 - INFO - ✂️ Double-Chunking (Treino): Expondo fatias de 500,000 amostras aleatórias.
2026-03-26 08:11:57,982 - INFO - 🚀 Pre-loading 500,000 samples into RAM (Lightning Mode)...
2026-03-26 08:15:01,859 - INFO - ✅ RAM-Safe Streaming Dataset: 500,000 sequences indexed and PRE-LOADED.
2026-03-26 08:15:01,861 - INFO - ✅ RAM-Safe Streaming Dataset: 500,000 sequences indexed (Mode: Lightning).
2026-03-26 08:15:01,910 - INFO - 🔍 RAM-Safe Streaming Scan (Val): 274 arquivos...
2026-03-26 08:15:14,390 - INFO - ✂️ Double-Chunking (Val): Expondo fatias de 100,000 amostras aleatórias.
2026-03-26 08:15:14,391 - INFO - 🚀 Pre-loading 100,000 samples into RAM (Lightning Mode)...
2026-03-26 08:16:10,424 - INFO - ✅ RAM-Safe Streaming Dataset: 100,000 sequences indexed and PRE-LOADED.
2026-03-26 08:16:10,426 - INFO - ✅ RAM-Safe Streaming Dataset: 100,000 sequences indexed (Mode: Lightning).
2026-03-26 08:16:10,821 - INFO - Trial 329 START | tcn=512, lstm=256, layers=3, batch=1024, seq=144 | RFE=30 | loss=ASYM (g_s=3.46, g_n=0.17, g_b=4.13) | alpha=[1.36, 0.50, 1.37], smooth=0.28
2026-03-26 08:18:04,634 - INFO - T329 E1/10 | [OK] | L: 0.39383421/0.44122335 | F1 M MIN: 0.08094157 D: 0.31490629 | [S/N/B]: [0.5489/0.7214/0.0809] | LR: 0.00045766
2026-03-26 08:19:58,967 - INFO - T329 E2/10 | [OK] | L: 0.37192840/0.43410980 | F1 M MIN: 0.07965243 D: 0.31553855 | [S/N/B]: [0.5514/0.7498/0.0797] | LR: 0.00042434
2026-03-26 08:21:54,063 - INFO - T329 E3/10 | [OK] | L: 0.36727580/0.43015991 | F1 M MIN: 0.13893221 D: 0.34691451 | [S/N/B]: [0.5549/0.7579/0.1389] | LR: 0.00037244
2026-03-26 08:23:48,563 - INFO - T329 E4/10 | [OK] | L: 0.36407374/0.42536520 | F1 M MIN: 0.22926184 D: 0.39824296 | [S/N/B]: [0.5672/0.8002/0.2293] | LR: 0.00030705
2026-03-26 08:25:43,944 - INFO - T329 E5/10 | [OK] | L: 0.36175327/0.42339319 | F1 M MIN: 0.23004855 D: 0.39612176 | [S/N/B]: [0.5622/0.7904/0.2300] | LR: 0.00023457
2026-03-26 08:25:44,039 - INFO - Trial 329 pruned by Optuna at epoch 5
2026-03-26 08:25:44,148 - INFO - Trial 329 pruned.
2026-03-26 08:25:44,743 - INFO - 🔍 RAM-Safe Streaming Scan (Treino): 878 arquivos...
2026-03-26 08:26:33,975 - INFO - ✂️ Double-Chunking (Treino): Expondo fatias de 500,000 amostras aleatórias.
2026-03-26 08:26:33,976 - INFO - 🚀 Pre-loading 500,000 samples into RAM (Lightning Mode)...
2026-03-26 08:29:45,448 - INFO - ✅ RAM-Safe Streaming Dataset: 500,000 sequences indexed and PRE-LOADED.
2026-03-26 08:29:45,450 - INFO - ✅ RAM-Safe Streaming Dataset: 500,000 sequences indexed (Mode: Lightning).
2026-03-26 08:29:45,497 - INFO - 🔍 RAM-Safe Streaming Scan (Val): 274 arquivos...
2026-03-26 08:29:58,498 - INFO - ✂️ Double-Chunking (Val): Expondo fatias de 100,000 amostras aleatórias.
2026-03-26 08:29:58,499 - INFO - 🚀 Pre-loading 100,000 samples into RAM (Lightning Mode)...
2026-03-26 08:30:55,611 - INFO - ✅ RAM-Safe Streaming Dataset: 100,000 sequences indexed and PRE-LOADED.
2026-03-26 08:30:55,612 - INFO - ✅ RAM-Safe Streaming Dataset: 100,000 sequences indexed (Mode: Lightning).
2026-03-26 08:30:55,969 - INFO - Trial 330 START | tcn=256, lstm=256, layers=2, batch=512, seq=256 | RFE=30 | loss=ASYM (g_s=1.50, g_n=0.38, g_b=3.88) | alpha=[1.17, 0.85, 1.69], smooth=0.27
2026-03-26 08:32:38,619 - INFO - T330 E1/10 | [OK] | L: 0.63220161/0.64679229 | F1 M MIN: 0.00007283 D: 0.27877965 | [S/N/B]: [0.0001/0.8012/0.5575] | LR: 0.00064686
2026-03-26 08:34:22,633 - INFO - T330 E2/10 | [OK] | L: 0.60256208/0.63700951 | F1 M MIN: 0.01629986 D: 0.29065289 | [S/N/B]: [0.0163/0.8173/0.5650] | LR: 0.00059977
2026-03-26 08:36:06,797 - INFO - T330 E3/10 | [OK] | L: 0.59584327/0.63219806 | F1 M MIN: 0.25283197 D: 0.40161443 | [S/N/B]: [0.2528/0.8244/0.5504] | LR: 0.00052642
2026-03-26 08:37:51,603 - INFO - T330 E4/10 | [OK] | L: 0.58872543/0.62439230 | F1 M MIN: 0.29414116 D: 0.42840766 | [S/N/B]: [0.2941/0.8407/0.5627] | LR: 0.00043400
2026-03-26 08:39:35,909 - INFO - T330 E5/10 | [OK] | L: 0.58385762/0.62204733 | F1 M MIN: 0.37866879 D: 0.46540692 | [S/N/B]: [0.3787/0.8407/0.5521] | LR: 0.00033154
2026-03-26 08:41:20,457 - INFO - T330 E6/10 | [OK] | L: 0.57982973/0.61882985 | F1 M MIN: 0.30713448 D: 0.43955729 | [S/N/B]: [0.3071/0.8439/0.5720] | LR: 0.00022909
2026-03-26 08:41:20,563 - INFO - Trial 330 pruned by Optuna at epoch 6
2026-03-26 08:41:20,692 - INFO - Trial 330 pruned.
2026-03-26 08:41:21,462 - INFO - 🔍 RAM-Safe Streaming Scan (Treino): 878 arquivos...
2026-03-26 08:42:12,819 - INFO - ✂️ Double-Chunking (Treino): Expondo fatias de 500,000 amostras aleatórias.
2026-03-26 08:42:12,820 - INFO - 🚀 Pre-loading 500,000 samples into RAM (Lightning Mode)...
2026-03-26 08:45:23,128 - INFO - ✅ RAM-Safe Streaming Dataset: 500,000 sequences indexed and PRE-LOADED.
2026-03-26 08:45:23,130 - INFO - ✅ RAM-Safe Streaming Dataset: 500,000 sequences indexed (Mode: Lightning).
2026-03-26 08:45:23,180 - INFO - 🔍 RAM-Safe Streaming Scan (Val): 274 arquivos...
2026-03-26 08:45:36,159 - INFO - ✂️ Double-Chunking (Val): Expondo fatias de 100,000 amostras aleatórias.
2026-03-26 08:45:36,160 - INFO - 🚀 Pre-loading 100,000 samples into RAM (Lightning Mode)...
2026-03-26 08:46:33,092 - INFO - ✅ RAM-Safe Streaming Dataset: 100,000 sequences indexed and PRE-LOADED.
2026-03-26 08:46:33,093 - INFO - ✅ RAM-Safe Streaming Dataset: 100,000 sequences indexed (Mode: Lightning).
2026-03-26 08:46:33,492 - INFO - Trial 331 START | tcn=512, lstm=256, layers=2, batch=512, seq=256 | RFE=30 | loss=ASYM (g_s=2.84, g_n=0.20, g_b=4.14) | alpha=[1.38, 0.67, 1.69], smooth=0.27
2026-03-26 08:49:42,259 - INFO - T331 E1/10 | [OK] | L: 0.55785256/0.60371783 | F1 M MIN: 0.00014448 D: 0.26210265 | [S/N/B]: [0.0001/0.7013/0.5241] | LR: 0.00017056
2026-03-26 08:52:52,998 - INFO - T331 E2/10 | [OK] | L: 0.52842359/0.58245337 | F1 M MIN: 0.02837375 D: 0.28789003 | [S/N/B]: [0.0284/0.7738/0.5474] | LR: 0.00015815
2026-03-26 08:56:03,678 - INFO - T331 E3/10 | [OK] | L: 0.52087290/0.57666317 | F1 M MIN: 0.24369017 D: 0.39060156 | [S/N/B]: [0.2437/0.7878/0.5375] | LR: 0.00013881
2026-03-26 08:59:14,723 - INFO - T331 E4/10 | [OK] | L: 0.51544278/0.57509518 | F1 M MIN: 0.46367960 D: 0.46989053 | [S/N/B]: [0.4761/0.7862/0.4637] | LR: 0.00011444
2026-03-26 09:02:25,839 - INFO - T331 E5/10 | [OK] | L: 0.51111801/0.57017172 | F1 M MIN: 0.26851404 D: 0.40639848 | [S/N/B]: [0.2685/0.7918/0.5443] | LR: 0.00008742
2026-03-26 09:05:37,159 - INFO - T331 E6/10 | [OK] | L: 0.50727323/0.57164402 | F1 M MIN: 0.38869416 D: 0.45154277 | [S/N/B]: [0.3887/0.7804/0.5144] | LR: 0.00006041
2026-03-26 09:08:48,452 - INFO - T331 E7/10 | [OK] | L: 0.50433371/0.57217441 | F1 M MIN: 0.44303944 D: 0.47197632 | [S/N/B]: [0.4430/0.7717/0.5009] | LR: 0.00003604
2026-03-26 09:11:59,821 - INFO - T331 E8/10 | [OK] | L: 0.50164249/0.57269379 | F1 M MIN: 0.43246513 D: 0.47177842 | [S/N/B]: [0.4325/0.7796/0.5111] | LR: 0.00001670
2026-03-26 09:11:59,869 - INFO - Trial 331 stopped early due to patience limit (4 epochs without improvement)
