2026-03-23 11:37:33,774 - INFO - Trial 51 finished with value: 0.28746304990436444 and parameters: {'tcn_channels': 64, 'lstm_hidden': 128, 'num_lstm_layers': 5, 'batch_size': 2048, 'dropout': 0.3386075980328017, 'seq_len': 256, 'lr': 0.0004271770699726243, 'weight_decay': 0.00048224328918150517, 'base_alpha_sell': 1.603031070619291, 'base_alpha_neutral': 0.4958096160301644, 'base_alpha_buy': 1.5996464670844275, 'base_loss_gamma': 0.8497882402320297, 'base_loss_smoothing': 0.045260380581118115, 'asym_gamma_sell': 1.3391604707331644, 'asym_gamma_neu': 0.3202891720315335, 'asym_gamma_buy': 0.9607991795295715}. Best is trial 23 with value: 0.4421075032364468.
2026-03-23 11:37:34,699 - INFO - 🔍 RAM-Safe Streaming Scan (Treino): 878 arquivos...
2026-03-23 11:38:31,946 - INFO - ✂️ Double-Chunking (Treino): Expondo fatias de 500,000 amostras aleatórias.
2026-03-23 11:38:31,949 - INFO - 🚀 Pre-loading 500,000 samples into RAM (Lightning Mode)...
2026-03-23 11:42:00,213 - INFO - ✅ RAM-Safe Streaming Dataset: 500,000 sequences indexed and PRE-LOADED.
2026-03-23 11:42:00,214 - INFO - ✅ RAM-Safe Streaming Dataset: 500,000 sequences indexed (Mode: Lightning).
2026-03-23 11:42:00,260 - INFO - 🔍 RAM-Safe Streaming Scan (Val): 274 arquivos...
2026-03-23 11:42:14,241 - INFO - ✂️ Double-Chunking (Val): Expondo fatias de 100,000 amostras aleatórias.
2026-03-23 11:42:14,241 - INFO - 🚀 Pre-loading 100,000 samples into RAM (Lightning Mode)...
2026-03-23 11:43:15,497 - INFO - ✅ RAM-Safe Streaming Dataset: 100,000 sequences indexed and PRE-LOADED.
2026-03-23 11:43:15,499 - INFO - ✅ RAM-Safe Streaming Dataset: 100,000 sequences indexed (Mode: Lightning).
2026-03-23 11:43:15,963 - INFO - Trial 52 START | tcn=64, lstm=128, layers=5, batch=2048, seq=256 | RFE=30 | loss=ASYM (g_s=1.32, g_n=1.23, g_b=2.16) | alpha=[1.83, 0.54, 1.32], smooth=0.01
2026-03-23 11:44:07,451 - INFO - T52 E1/10 | [WARN] ZERO_PENALTY | L: 0.67248026/0.56993292 | F1 M MIN: 0.00000000 D: 0.00000000 | [S/N/B]: [0.4746/0.4357/0.0000] | LR: 0.00032220
2026-03-23 11:44:59,567 - INFO - T52 E2/10 | [WARN] ZERO_PENALTY | L: 0.56686018/0.51094622 | F1 M MIN: 0.00000000 D: 0.00000000 | [S/N/B]: [0.4883/0.5113/0.0000] | LR: 0.00029875
2026-03-23 11:45:51,693 - INFO - T52 E3/10 | [WARN] ZERO_PENALTY | L: 0.54639816/0.48466116 | F1 M MIN: 0.00000000 D: 0.00000000 | [S/N/B]: [0.5134/0.6348/0.0000] | LR: 0.00026221
2026-03-23 11:46:44,074 - INFO - T52 E4/10 | [WARN] ZERO_PENALTY | L: 0.53588450/0.48515572 | F1 M MIN: 0.00000000 D: 0.00000000 | [S/N/B]: [0.5083/0.6121/0.0000] | LR: 0.00021617
2026-03-23 11:46:44,165 - INFO - Trial 52 stopped early due to patience limit (4 epochs without improvement)
2026-03-23 11:46:44,441 - INFO - Trial 52 finished with value: 0.0 and parameters: {'tcn_channels': 64, 'lstm_hidden': 128, 'num_lstm_layers': 5, 'batch_size': 2048, 'dropout': 0.39688470158498895, 'seq_len': 256, 'lr': 0.0003302857183125669, 'weight_decay': 0.0005754776914324703, 'base_alpha_sell': 1.828311839948642, 'base_alpha_neutral': 0.5426783569659136, 'base_alpha_buy': 1.323468764251621, 'base_loss_gamma': 0.7975973603134334, 'base_loss_smoothing': 0.012024139468293525, 'asym_gamma_sell': 1.321758460388535, 'asym_gamma_neu': 1.2314367384386227, 'asym_gamma_buy': 2.1593747657452025}. Best is trial 23 with value: 0.4421075032364468.
2026-03-23 11:46:45,172 - INFO - 🔍 RAM-Safe Streaming Scan (Treino): 878 arquivos...
2026-03-23 11:47:39,053 - INFO - ✂️ Double-Chunking (Treino): Expondo fatias de 500,000 amostras aleatórias.
2026-03-23 11:47:39,054 - INFO - 🚀 Pre-loading 500,000 samples into RAM (Lightning Mode)...
2026-03-23 11:50:57,444 - INFO - ✅ RAM-Safe Streaming Dataset: 500,000 sequences indexed and PRE-LOADED.
2026-03-23 11:50:57,445 - INFO - ✅ RAM-Safe Streaming Dataset: 500,000 sequences indexed (Mode: Lightning).
2026-03-23 11:50:57,493 - INFO - 🔍 RAM-Safe Streaming Scan (Val): 274 arquivos...
2026-03-23 11:51:12,072 - INFO - ✂️ Double-Chunking (Val): Expondo fatias de 100,000 amostras aleatórias.
2026-03-23 11:51:12,073 - INFO - 🚀 Pre-loading 100,000 samples into RAM (Lightning Mode)...
2026-03-23 11:52:12,350 - INFO - ✅ RAM-Safe Streaming Dataset: 100,000 sequences indexed and PRE-LOADED.
2026-03-23 11:52:12,351 - INFO - ✅ RAM-Safe Streaming Dataset: 100,000 sequences indexed (Mode: Lightning).
2026-03-23 11:52:12,844 - INFO - Trial 53 START | tcn=512, lstm=128, layers=5, batch=2048, seq=144 | RFE=30 | loss=ASYM (g_s=1.02, g_n=0.99, g_b=2.67) | alpha=[1.36, 0.87, 1.39], smooth=0.15
2026-03-23 11:53:58,507 - INFO - T53 E1/10 | [OK] | L: 0.64813969/0.57906343 | F1 M MIN: 0.00807009 D: 0.29356967 | [S/N/B]: [0.5791/0.8229/0.0081] | LR: 0.00078121
2026-03-23 11:55:45,426 - INFO - T53 E2/10 | [OK] | L: 0.58912439/0.54518376 | F1 M MIN: 0.00455046 D: 0.30251109 | [S/N/B]: [0.6005/0.8620/0.0046] | LR: 0.00072433
2026-03-23 11:57:32,325 - INFO - T53 E3/10 | [OK] | L: 0.57637234/0.55157220 | F1 M MIN: 0.00250294 D: 0.29820152 | [S/N/B]: [0.5939/0.8512/0.0025] | LR: 0.00063575
2026-03-23 11:59:19,504 - INFO - T53 E4/10 | [OK] | L: 0.57069995/0.54636633 | F1 M MIN: 0.00257136 D: 0.29817663 | [S/N/B]: [0.5938/0.8528/0.0026] | LR: 0.00052413
2026-03-23 12:01:06,475 - INFO - T53 E5/10 | [OK] | L: 0.56580134/0.53911009 | F1 M MIN: 0.00014808 D: 0.29712141 | [S/N/B]: [0.5941/0.8545/0.0001] | LR: 0.00040040
2026-03-23 12:01:06,543 - INFO - Trial 53 stopped early due to patience limit (4 epochs without improvement)
2026-03-23 12:01:06,796 - INFO - Trial 53 finished with value: 0.00807008615362245 and parameters: {'tcn_channels': 512, 'lstm_hidden': 128, 'num_lstm_layers': 5, 'batch_size': 2048, 'dropout': 0.4819948136592506, 'seq_len': 144, 'lr': 0.0008008044821481104, 'weight_decay': 0.0005535764156698142, 'base_alpha_sell': 1.363378514109362, 'base_alpha_neutral': 0.8718337620066802, 'base_alpha_buy': 1.3872783019790202, 'base_loss_gamma': 3.363852815076852, 'base_loss_smoothing': 0.1474570547628842, 'asym_gamma_sell': 1.0221741011076892, 'asym_gamma_neu': 0.9932568380280351, 'asym_gamma_buy': 2.6726957740485635}. Best is trial 23 with value: 0.4421075032364468.
2026-03-23 12:01:07,454 - INFO - 🔍 RAM-Safe Streaming Scan (Treino): 878 arquivos...
2026-03-23 12:02:00,530 - INFO - ✂️ Double-Chunking (Treino): Expondo fatias de 500,000 amostras aleatórias.
2026-03-23 12:02:00,531 - INFO - 🚀 Pre-loading 500,000 samples into RAM (Lightning Mode)...
2026-03-23 12:05:24,011 - INFO - ✅ RAM-Safe Streaming Dataset: 500,000 sequences indexed and PRE-LOADED.
2026-03-23 12:05:24,013 - INFO - ✅ RAM-Safe Streaming Dataset: 500,000 sequences indexed (Mode: Lightning).
2026-03-23 12:05:24,060 - INFO - 🔍 RAM-Safe Streaming Scan (Val): 274 arquivos...
2026-03-23 12:05:38,157 - INFO - ✂️ Double-Chunking (Val): Expondo fatias de 100,000 amostras aleatórias.
2026-03-23 12:05:38,157 - INFO - 🚀 Pre-loading 100,000 samples into RAM (Lightning Mode)...
2026-03-23 12:06:40,533 - INFO - ✅ RAM-Safe Streaming Dataset: 100,000 sequences indexed and PRE-LOADED.
2026-03-23 12:06:40,534 - INFO - ✅ RAM-Safe Streaming Dataset: 100,000 sequences indexed (Mode: Lightning).
2026-03-23 12:06:40,966 - INFO - Trial 54 START | tcn=64, lstm=128, layers=5, batch=2048, seq=192 | RFE=30 | loss=ASYM (g_s=1.79, g_n=0.17, g_b=1.88) | alpha=[1.67, 0.46, 1.32], smooth=0.02
2026-03-23 12:07:22,194 - INFO - T54 E1/10 | [WARN] ZERO_PENALTY | L: 0.67362407/0.64082793 | F1 M MIN: 0.00000000 D: 0.00000000 | [S/N/B]: [0.4783/0.4378/0.0000] | LR: 0.00031950
2026-03-23 12:08:03,600 - INFO - T54 E2/10 | [WARN] ZERO_PENALTY | L: 0.57171762/0.57125903 | F1 M MIN: 0.00000000 D: 0.00000000 | [S/N/B]: [0.5037/0.5805/0.0000] | LR: 0.00029624
2026-03-23 12:08:44,957 - INFO - T54 E3/10 | [WARN] ZERO_PENALTY | L: 0.54776076/0.52612181 | F1 M MIN: 0.00000000 D: 0.00000000 | [S/N/B]: [0.5285/0.6847/0.0000] | LR: 0.00026001
2026-03-23 12:09:26,525 - INFO - T54 E4/10 | [WARN] ZERO_PENALTY | L: 0.53458059/0.51874845 | F1 M MIN: 0.00000000 D: 0.00000000 | [S/N/B]: [0.5316/0.6944/0.0000] | LR: 0.00021436
2026-03-23 12:09:26,588 - INFO - Trial 54 stopped early due to patience limit (4 epochs without improvement)
2026-03-23 12:09:26,815 - INFO - Trial 54 finished with value: 0.0 and parameters: {'tcn_channels': 64, 'lstm_hidden': 128, 'num_lstm_layers': 5, 'batch_size': 2048, 'dropout': 0.32368078425150576, 'seq_len': 192, 'lr': 0.0003275126445541397, 'weight_decay': 0.0003595680838403002, 'base_alpha_sell': 1.6734719352508705, 'base_alpha_neutral': 0.4574602579862159, 'base_alpha_buy': 1.324126450590492, 'base_loss_gamma': 1.683030113007701, 'base_loss_smoothing': 0.019189480267778315, 'asym_gamma_sell': 1.7897145197689959, 'asym_gamma_neu': 0.16995079106897631, 'asym_gamma_buy': 1.882100473793162}. Best is trial 23 with value: 0.4421075032364468.
2026-03-23 12:09:27,377 - INFO - 🔍 RAM-Safe Streaming Scan (Treino): 878 arquivos...
2026-03-23 12:10:19,120 - INFO - ✂️ Double-Chunking (Treino): Expondo fatias de 500,000 amostras aleatórias.
2026-03-23 12:10:19,121 - INFO - 🚀 Pre-loading 500,000 samples into RAM (Lightning Mode)...
2026-03-23 12:13:43,513 - INFO - ✅ RAM-Safe Streaming Dataset: 500,000 sequences indexed and PRE-LOADED.
2026-03-23 12:13:43,514 - INFO - ✅ RAM-Safe Streaming Dataset: 500,000 sequences indexed (Mode: Lightning).
2026-03-23 12:13:43,564 - INFO - 🔍 RAM-Safe Streaming Scan (Val): 274 arquivos...
2026-03-23 12:13:57,194 - INFO - ✂️ Double-Chunking (Val): Expondo fatias de 100,000 amostras aleatórias.
2026-03-23 12:13:57,194 - INFO - 🚀 Pre-loading 100,000 samples into RAM (Lightning Mode)...
2026-03-23 12:14:58,773 - INFO - ✅ RAM-Safe Streaming Dataset: 100,000 sequences indexed and PRE-LOADED.
2026-03-23 12:14:58,774 - INFO - ✅ RAM-Safe Streaming Dataset: 100,000 sequences indexed (Mode: Lightning).
2026-03-23 12:14:59,242 - INFO - Trial 55 START | tcn=64, lstm=128, layers=4, batch=2048, seq=256 | RFE=30 | loss=ASYM (g_s=1.84, g_n=0.19, g_b=1.03) | alpha=[1.67, 0.46, 1.70], smooth=0.05
2026-03-23 12:15:45,424 - INFO - T55 E1/10 | [OK] | L: 0.88265235/0.78691595 | F1 M MIN: 0.20273217 D: 0.32482350 | [S/N/B]: [0.2027/0.4843/0.4469] | LR: 0.00046520
2026-03-23 12:16:32,010 - INFO - T55 E2/10 | [OK] | L: 0.76197148/0.72904299 | F1 M MIN: 0.13251167 D: 0.34557082 | [S/N/B]: [0.1325/0.5377/0.5586] | LR: 0.00043133
2026-03-23 12:17:18,603 - INFO - T55 E3/10 | [OK] | L: 0.73263372/0.67859873 | F1 M MIN: 0.27177759 D: 0.38921267 | [S/N/B]: [0.5066/0.6872/0.2718] | LR: 0.00037858
2026-03-23 12:18:05,397 - INFO - T55 E4/10 | [OK] | L: 0.72078164/0.67064125 | F1 M MIN: 0.07600566 D: 0.30596020 | [S/N/B]: [0.0760/0.6937/0.5359] | LR: 0.00031211
2026-03-23 12:18:52,178 - INFO - T55 E5/10 | [OK] | L: 0.71358431/0.66414803 | F1 M MIN: 0.32711583 D: 0.41008885 | [S/N/B]: [0.3271/0.7173/0.4931] | LR: 0.00023843
2026-03-23 12:19:39,099 - INFO - T55 E6/10 | [OK] | L: 0.70936931/0.65535856 | F1 M MIN: 0.33976800 D: 0.41189162 | [S/N/B]: [0.3398/0.7486/0.4840] | LR: 0.00016475
2026-03-23 12:20:26,227 - INFO - T55 E7/10 | [OK] | L: 0.70556321/0.66126723 | F1 M MIN: 0.38633411 D: 0.42209830 | [S/N/B]: [0.3863/0.7073/0.4579] | LR: 0.00009829
2026-03-23 12:21:13,489 - INFO - T55 E8/10 | [OK] | L: 0.70304349/0.65456381 | F1 M MIN: 0.07289362 D: 0.30877165 | [S/N/B]: [0.0729/0.7342/0.5446] | LR: 0.00004554
2026-03-23 12:22:00,630 - INFO - T55 E9/10 | [OK] | L: 0.70173448/0.65474808 | F1 M MIN: 0.32054510 D: 0.40677400 | [S/N/B]: [0.3205/0.7271/0.4930] | LR: 0.00001167
2026-03-23 12:22:47,779 - INFO - T55 E10/10 | [OK] | L: 0.70141429/0.65445052 | F1 M MIN: 0.34864585 D: 0.41481051 | [S/N/B]: [0.3486/0.7308/0.4810] | LR: 0.00000000
2026-03-23 12:22:48,178 - INFO - Trial 55 finished with value: 0.3863341080022691 and parameters: {'tcn_channels': 64, 'lstm_hidden': 128, 'num_lstm_layers': 4, 'batch_size': 2048, 'dropout': 0.25377075332642685, 'seq_len': 256, 'lr': 0.0004768661090621941, 'weight_decay': 0.00015569357249734813, 'base_alpha_sell': 1.670332857399545, 'base_alpha_neutral': 0.461894541084118, 'base_alpha_buy': 1.6958049062574736, 'base_loss_gamma': 1.2921323669534797, 'base_loss_smoothing': 0.04964063137383546, 'asym_gamma_sell': 1.8416622716967463, 'asym_gamma_neu': 0.19057221074182498, 'asym_gamma_buy': 1.0293544969494584}. Best is trial 23 with value: 0.4421075032364468.
2026-03-23 12:22:48,823 - INFO - 🔍 RAM-Safe Streaming Scan (Treino): 878 arquivos...
2026-03-23 12:23:41,765 - INFO - ✂️ Double-Chunking (Treino): Expondo fatias de 500,000 amostras aleatórias.
2026-03-23 12:23:41,766 - INFO - 🚀 Pre-loading 500,000 samples into RAM (Lightning Mode)...
2026-03-23 12:27:04,752 - INFO - ✅ RAM-Safe Streaming Dataset: 500,000 sequences indexed and PRE-LOADED.
2026-03-23 12:27:04,753 - INFO - ✅ RAM-Safe Streaming Dataset: 500,000 sequences indexed (Mode: Lightning).
2026-03-23 12:27:04,798 - INFO - 🔍 RAM-Safe Streaming Scan (Val): 274 arquivos...
2026-03-23 12:27:18,292 - INFO - ✂️ Double-Chunking (Val): Expondo fatias de 100,000 amostras aleatórias.
2026-03-23 12:27:18,292 - INFO - 🚀 Pre-loading 100,000 samples into RAM (Lightning Mode)...
2026-03-23 12:28:19,145 - INFO - ✅ RAM-Safe Streaming Dataset: 100,000 sequences indexed and PRE-LOADED.
2026-03-23 12:28:19,147 - INFO - ✅ RAM-Safe Streaming Dataset: 100,000 sequences indexed (Mode: Lightning).
2026-03-23 12:28:19,612 - INFO - Trial 56 START | tcn=64, lstm=128, layers=3, batch=2048, seq=256 | RFE=30 | loss=ASYM (g_s=2.00, g_n=0.28, g_b=1.50) | alpha=[1.79, 0.53, 1.59], smooth=0.12
2026-03-23 12:28:57,802 - INFO - T56 E1/10 | [WARN] ZERO_PENALTY | L: 0.81975772/0.74507139 | F1 M MIN: 0.00000000 D: 0.00000000 | [S/N/B]: [0.4972/0.5687/0.0000] | LR: 0.00079139
2026-03-23 12:29:36,356 - INFO - T56 E2/10 | [WARN] ZERO_PENALTY | L: 0.73632525/0.70703830 | F1 M MIN: 0.00000000 D: 0.00000000 | [S/N/B]: [0.5093/0.6189/0.0000] | LR: 0.00073377
2026-03-23 12:30:14,844 - INFO - T56 E3/10 | [WARN] ZERO_PENALTY | L: 0.71895436/0.69634302 | F1 M MIN: 0.00000000 D: 0.00000000 | [S/N/B]: [0.5184/0.6586/0.0000] | LR: 0.00064404
2026-03-23 12:30:53,446 - INFO - T56 E4/10 | [WARN] ZERO_PENALTY | L: 0.70936368/0.68108033 | F1 M MIN: 0.00000000 D: 0.00000000 | [S/N/B]: [0.5312/0.7045/0.0000] | LR: 0.00053096
2026-03-23 12:30:53,537 - INFO - Trial 56 stopped early due to patience limit (4 epochs without improvement)
2026-03-23 12:30:53,815 - INFO - Trial 56 finished with value: 0.0 and parameters: {'tcn_channels': 64, 'lstm_hidden': 128, 'num_lstm_layers': 3, 'batch_size': 2048, 'dropout': 0.32166105541978696, 'seq_len': 256, 'lr': 0.0008112387350743611, 'weight_decay': 0.00014201383694449897, 'base_alpha_sell': 1.7905911048125804, 'base_alpha_neutral': 0.5326512247976417, 'base_alpha_buy': 1.5898187862136743, 'base_loss_gamma': 1.3469069164350571, 'base_loss_smoothing': 0.11900614501936138, 'asym_gamma_sell': 1.9962818691984605, 'asym_gamma_neu': 0.283188163529797, 'asym_gamma_buy': 1.4980429089376703}. Best is trial 23 with value: 0.4421075032364468.
2026-03-23 12:30:54,457 - INFO - 🔍 RAM-Safe Streaming Scan (Treino): 878 arquivos...
2026-03-23 12:31:48,158 - INFO - ✂️ Double-Chunking (Treino): Expondo fatias de 500,000 amostras aleatórias.
2026-03-23 12:31:48,159 - INFO - 🚀 Pre-loading 500,000 samples into RAM (Lightning Mode)...
2026-03-23 12:35:06,316 - INFO - ✅ RAM-Safe Streaming Dataset: 500,000 sequences indexed and PRE-LOADED.
2026-03-23 12:35:06,318 - INFO - ✅ RAM-Safe Streaming Dataset: 500,000 sequences indexed (Mode: Lightning).
2026-03-23 12:35:06,363 - INFO - 🔍 RAM-Safe Streaming Scan (Val): 274 arquivos...
2026-03-23 12:35:19,949 - INFO - ✂️ Double-Chunking (Val): Expondo fatias de 100,000 amostras aleatórias.
2026-03-23 12:35:19,949 - INFO - 🚀 Pre-loading 100,000 samples into RAM (Lightning Mode)...
2026-03-23 12:36:20,302 - INFO - ✅ RAM-Safe Streaming Dataset: 100,000 sequences indexed and PRE-LOADED.
2026-03-23 12:36:20,310 - INFO - ✅ RAM-Safe Streaming Dataset: 100,000 sequences indexed (Mode: Lightning).
2026-03-23 12:36:20,780 - INFO - Trial 57 START | tcn=512, lstm=128, layers=3, batch=2048, seq=144 | RFE=30 | loss=ASYM (g_s=0.73, g_n=0.28, g_b=1.20) | alpha=[1.80, 1.05, 1.10], smooth=0.18
2026-03-23 12:37:58,476 - INFO - T57 E1/10 | [WARN] ZERO_PENALTY | L: 0.95877319/0.89136906 | F1 M MIN: 0.00000000 D: 0.00000000 | [S/N/B]: [0.5622/0.7959/0.0000] | LR: 0.00039091
2026-03-23 12:39:37,401 - INFO - T57 E2/10 | [WARN] ZERO_PENALTY | L: 0.88739700/0.85899276 | F1 M MIN: 0.00000000 D: 0.00000000 | [S/N/B]: [0.5773/0.8289/0.0000] | LR: 0.00036245
2026-03-23 12:41:16,412 - INFO - T57 E3/10 | [WARN] ZERO_PENALTY | L: 0.86870434/0.85087747 | F1 M MIN: 0.00000000 D: 0.00000000 | [S/N/B]: [0.5824/0.8392/0.0000] | LR: 0.00031812
2026-03-23 12:42:55,621 - INFO - T57 E4/10 | [WARN] ZERO_PENALTY | L: 0.85952850/0.83873258 | F1 M MIN: 0.00000000 D: 0.00000000 | [S/N/B]: [0.5881/0.8504/0.0000] | LR: 0.00026227
2026-03-23 12:42:55,692 - INFO - Trial 57 stopped early due to patience limit (4 epochs without improvement)
2026-03-23 12:42:55,925 - INFO - Trial 57 finished with value: 0.0 and parameters: {'tcn_channels': 512, 'lstm_hidden': 128, 'num_lstm_layers': 3, 'batch_size': 2048, 'dropout': 0.33667025132129735, 'seq_len': 144, 'lr': 0.0004007111205451963, 'weight_decay': 0.00028959316711987717, 'base_alpha_sell': 1.7979681771937954, 'base_alpha_neutral': 1.0488422213567061, 'base_alpha_buy': 1.0998227394279132, 'base_loss_gamma': 2.7936262300590653, 'base_loss_smoothing': 0.17513505372996982, 'asym_gamma_sell': 0.7323279727107127, 'asym_gamma_neu': 0.27841785254872475, 'asym_gamma_buy': 1.19544955780449}. Best is trial 23 with value: 0.4421075032364468.
2026-03-23 12:42:56,525 - INFO - 🔍 RAM-Safe Streaming Scan (Treino): 878 arquivos...
2026-03-23 12:43:48,093 - INFO - ✂️ Double-Chunking (Treino): Expondo fatias de 500,000 amostras aleatórias.
2026-03-23 12:43:48,095 - INFO - 🚀 Pre-loading 500,000 samples into RAM (Lightning Mode)...
2026-03-23 12:47:04,283 - INFO - ✅ RAM-Safe Streaming Dataset: 500,000 sequences indexed and PRE-LOADED.
2026-03-23 12:47:04,284 - INFO - ✅ RAM-Safe Streaming Dataset: 500,000 sequences indexed (Mode: Lightning).
2026-03-23 12:47:04,329 - INFO - 🔍 RAM-Safe Streaming Scan (Val): 274 arquivos...
2026-03-23 12:47:17,040 - INFO - ✂️ Double-Chunking (Val): Expondo fatias de 100,000 amostras aleatórias.
2026-03-23 12:47:17,040 - INFO - 🚀 Pre-loading 100,000 samples into RAM (Lightning Mode)...
2026-03-23 12:48:16,608 - INFO - ✅ RAM-Safe Streaming Dataset: 100,000 sequences indexed and PRE-LOADED.
2026-03-23 12:48:16,610 - INFO - ✅ RAM-Safe Streaming Dataset: 100,000 sequences indexed (Mode: Lightning).
2026-03-23 12:48:17,056 - INFO - Trial 58 START | tcn=512, lstm=128, layers=5, batch=2048, seq=144 | RFE=30 | loss=ASYM (g_s=2.09, g_n=0.24, g_b=1.21) | alpha=[1.35, 0.96, 1.23], smooth=0.13
2026-03-23 12:50:02,799 - INFO - T58 E1/10 | [WARN] ZERO_PENALTY | L: 0.74372323/0.68662328 | F1 M MIN: 0.00000000 D: 0.00000000 | [S/N/B]: [0.5697/0.8119/0.0000] | LR: 0.00025489
2026-03-23 12:51:49,870 - INFO - T58 E2/10 | [OK] | L: 0.65617774/0.69289370 | F1 M MIN: 0.00058660 D: 0.28415693 | [S/N/B]: [0.5677/0.8057/0.0006] | LR: 0.00023633
2026-03-23 12:53:36,968 - INFO - T58 E3/10 | [OK] | L: 0.63421198/0.64279902 | F1 M MIN: 0.00029333 D: 0.29434389 | [S/N/B]: [0.5884/0.8485/0.0003] | LR: 0.00020743
2026-03-23 12:55:24,288 - INFO - T58 E4/10 | [OK] | L: 0.62251853/0.62702118 | F1 M MIN: 0.00460123 D: 0.30027367 | [S/N/B]: [0.5959/0.8633/0.0046] | LR: 0.00017101
2026-03-23 12:57:11,629 - INFO - T58 E5/10 | [OK] | L: 0.61693793/0.61555207 | F1 M MIN: 0.00706946 D: 0.30391811 | [S/N/B]: [0.6008/0.8713/0.0071] | LR: 0.00013064
2026-03-23 12:57:11,853 - INFO - Trial 58 pruned by Optuna at epoch 5
2026-03-23 12:57:12,052 - INFO - Trial 58 pruned.
2026-03-23 12:57:13,317 - INFO - 🔍 RAM-Safe Streaming Scan (Treino): 878 arquivos...
2026-03-23 12:58:10,473 - INFO - ✂️ Double-Chunking (Treino): Expondo fatias de 500,000 amostras aleatórias.
2026-03-23 12:58:10,475 - INFO - 🚀 Pre-loading 500,000 samples into RAM (Lightning Mode)...
2026-03-23 13:01:33,464 - INFO - ✅ RAM-Safe Streaming Dataset: 500,000 sequences indexed and PRE-LOADED.
2026-03-23 13:01:33,466 - INFO - ✅ RAM-Safe Streaming Dataset: 500,000 sequences indexed (Mode: Lightning).
2026-03-23 13:01:33,514 - INFO - 🔍 RAM-Safe Streaming Scan (Val): 274 arquivos...
2026-03-23 13:01:47,947 - INFO - ✂️ Double-Chunking (Val): Expondo fatias de 100,000 amostras aleatórias.
2026-03-23 13:01:47,948 - INFO - 🚀 Pre-loading 100,000 samples into RAM (Lightning Mode)...
2026-03-23 13:02:49,060 - INFO - ✅ RAM-Safe Streaming Dataset: 100,000 sequences indexed and PRE-LOADED.
2026-03-23 13:02:49,061 - INFO - ✅ RAM-Safe Streaming Dataset: 100,000 sequences indexed (Mode: Lightning).
2026-03-23 13:02:49,583 - INFO - Trial 59 START | tcn=64, lstm=128, layers=5, batch=2048, seq=256 | RFE=30 | loss=ASYM (g_s=2.21, g_n=0.17, g_b=0.99) | alpha=[1.59, 0.59, 1.70], smooth=0.01
2026-03-23 13:03:40,993 - INFO - T59 E1/10 | [OK] | L: 0.88827763/0.78525459 | F1 M MIN: 0.00036398 D: 0.24882829 | [S/N/B]: [0.0004/0.6147/0.4973] | LR: 0.00028165
2026-03-23 13:04:33,043 - INFO - T59 E2/10 | [OK] | L: 0.74820175/0.71627066 | F1 M MIN: 0.00021829 D: 0.25620208 | [S/N/B]: [0.0002/0.6639/0.5122] | LR: 0.00026114
2026-03-23 13:05:25,096 - INFO - T59 E3/10 | [WARN] ZERO_PENALTY | L: 0.71802951/0.69333590 | F1 M MIN: 0.00000000 D: 0.00000000 | [S/N/B]: [0.0000/0.6919/0.5201] | LR: 0.00022921
2026-03-23 13:06:17,418 - INFO - T59 E4/10 | [WARN] ZERO_PENALTY | L: 0.70320218/0.67510630 | F1 M MIN: 0.00000000 D: 0.00000000 | [S/N/B]: [0.0000/0.7390/0.5339] | LR: 0.00018896
2026-03-23 13:07:09,800 - INFO - T59 E5/10 | [WARN] ZERO_PENALTY | L: 0.69335254/0.66948614 | F1 M MIN: 0.00000000 D: 0.00000000 | [S/N/B]: [0.0000/0.7313/0.5322] | LR: 0.00014436
2026-03-23 13:07:09,864 - INFO - Trial 59 stopped early due to patience limit (4 epochs without improvement)
