2026-03-24 12:32:06,089 - INFO - Trial 172 pruned.
2026-03-24 12:32:06,753 - INFO - 🔍 RAM-Safe Streaming Scan (Treino): 878 arquivos...
2026-03-24 12:33:00,727 - INFO - ✂️ Double-Chunking (Treino): Expondo fatias de 500,000 amostras aleatórias.
2026-03-24 12:33:00,728 - INFO - 🚀 Pre-loading 500,000 samples into RAM (Lightning Mode)...
2026-03-24 12:36:25,491 - INFO - ✅ RAM-Safe Streaming Dataset: 500,000 sequences indexed and PRE-LOADED.
2026-03-24 12:36:25,493 - INFO - ✅ RAM-Safe Streaming Dataset: 500,000 sequences indexed (Mode: Lightning).
2026-03-24 12:36:25,541 - INFO - 🔍 RAM-Safe Streaming Scan (Val): 274 arquivos...
2026-03-24 12:36:38,880 - INFO - ✂️ Double-Chunking (Val): Expondo fatias de 100,000 amostras aleatórias.
2026-03-24 12:36:38,880 - INFO - 🚀 Pre-loading 100,000 samples into RAM (Lightning Mode)...
2026-03-24 12:37:39,274 - INFO - ✅ RAM-Safe Streaming Dataset: 100,000 sequences indexed and PRE-LOADED.
2026-03-24 12:37:39,279 - INFO - ✅ RAM-Safe Streaming Dataset: 100,000 sequences indexed (Mode: Lightning).
2026-03-24 12:37:39,682 - INFO - Trial 173 START | tcn=512, lstm=128, layers=3, batch=1024, seq=192 | RFE=30 | loss=ASYM (g_s=1.47, g_n=0.68, g_b=1.34) | alpha=[1.42, 0.76, 1.69], smooth=0.33
2026-03-24 12:39:58,864 - INFO - T173 E1/10 | [WARN] ZERO_PENALTY | L: 0.85345076/0.80941916 | F1 M MIN: 0.00000000 D: 0.00000000 | [S/N/B]: [0.0000/0.7538/0.5329] | LR: 0.00058138
2026-03-24 12:42:18,991 - INFO - T173 E2/10 | [WARN] ZERO_PENALTY | L: 0.82203985/0.79711506 | F1 M MIN: 0.00000000 D: 0.00000000 | [S/N/B]: [0.0000/0.7847/0.5439] | LR: 0.00053905
2026-03-24 12:44:39,772 - INFO - T173 E3/10 | [WARN] ZERO_PENALTY | L: 0.81472469/0.79380175 | F1 M MIN: 0.00000000 D: 0.00000000 | [S/N/B]: [0.0000/0.7909/0.5466] | LR: 0.00047313
2026-03-24 12:46:59,926 - INFO - T173 E4/10 | [OK] | L: 0.81087738/0.79416100 | F1 M MIN: 0.04859718 D: 0.30228097 | [S/N/B]: [0.0486/0.7920/0.5560] | LR: 0.00039006
2026-03-24 12:49:20,943 - INFO - T173 E5/10 | [OK] | L: 0.80592129/0.78902151 | F1 M MIN: 0.21144520 D: 0.37421213 | [S/N/B]: [0.2114/0.7767/0.5370] | LR: 0.00029798
2026-03-24 12:51:41,497 - INFO - T173 E6/10 | [OK] | L: 0.80102601/0.78918947 | F1 M MIN: 0.37216943 D: 0.44425358 | [S/N/B]: [0.3722/0.7817/0.5163] | LR: 0.00020590
2026-03-24 12:54:02,101 - INFO - T173 E7/10 | [OK] | L: 0.79761633/0.78219957 | F1 M MIN: 0.35686784 D: 0.44452544 | [S/N/B]: [0.3569/0.8096/0.5322] | LR: 0.00012283
2026-03-24 12:56:22,466 - INFO - T173 E8/10 | [OK] | L: 0.79428664/0.78138652 | F1 M MIN: 0.36003511 D: 0.44712948 | [S/N/B]: [0.3600/0.8059/0.5342] | LR: 0.00005691
2026-03-24 12:56:22,634 - INFO - Trial 173 pruned by Optuna at epoch 8
2026-03-24 12:56:22,763 - INFO - Trial 173 pruned.
2026-03-24 12:56:23,525 - INFO - 🔍 RAM-Safe Streaming Scan (Treino): 878 arquivos...
2026-03-24 12:57:18,564 - INFO - ✂️ Double-Chunking (Treino): Expondo fatias de 500,000 amostras aleatórias.
2026-03-24 12:57:18,566 - INFO - 🚀 Pre-loading 500,000 samples into RAM (Lightning Mode)...
2026-03-24 13:00:39,569 - INFO - ✅ RAM-Safe Streaming Dataset: 500,000 sequences indexed and PRE-LOADED.
2026-03-24 13:00:39,570 - INFO - ✅ RAM-Safe Streaming Dataset: 500,000 sequences indexed (Mode: Lightning).
2026-03-24 13:00:39,617 - INFO - 🔍 RAM-Safe Streaming Scan (Val): 274 arquivos...
2026-03-24 13:00:52,893 - INFO - ✂️ Double-Chunking (Val): Expondo fatias de 100,000 amostras aleatórias.
2026-03-24 13:00:52,893 - INFO - 🚀 Pre-loading 100,000 samples into RAM (Lightning Mode)...
2026-03-24 13:01:50,014 - INFO - ✅ RAM-Safe Streaming Dataset: 100,000 sequences indexed and PRE-LOADED.
2026-03-24 13:01:50,016 - INFO - ✅ RAM-Safe Streaming Dataset: 100,000 sequences indexed (Mode: Lightning).
2026-03-24 13:01:50,556 - INFO - Trial 174 START | tcn=512, lstm=256, layers=2, batch=512, seq=192 | RFE=30 | loss=ASYM (g_s=1.77, g_n=0.41, g_b=1.94) | alpha=[1.47, 0.57, 1.54], smooth=0.30
2026-03-24 13:04:20,563 - INFO - T174 E1/10 | [OK] | L: 0.66897302/0.65983045 | F1 M MIN: 0.32125023 D: 0.42972866 | [S/N/B]: [0.5382/0.7143/0.3213] | LR: 0.00137595
2026-03-24 13:06:52,163 - INFO - T174 E2/10 | [OK] | L: 0.64844853/0.65659318 | F1 M MIN: 0.10159974 D: 0.30675127 | [S/N/B]: [0.1016/0.6987/0.5119] | LR: 0.00127578
2026-03-24 13:09:23,793 - INFO - T174 E3/10 | [OK] | L: 0.64372967/0.65034193 | F1 M MIN: 0.39879942 D: 0.42646201 | [S/N/B]: [0.3988/0.7566/0.4541] | LR: 0.00111976
2026-03-24 13:11:55,649 - INFO - T174 E4/10 | [OK] | L: 0.64006452/0.64773281 | F1 M MIN: 0.35247946 D: 0.44566363 | [S/N/B]: [0.5388/0.7417/0.3525] | LR: 0.00092316
2026-03-24 13:14:27,472 - INFO - T174 E5/10 | [OK] | L: 0.63448635/0.64349677 | F1 M MIN: 0.45395743 D: 0.46908478 | [S/N/B]: [0.4540/0.7452/0.4842] | LR: 0.00070523
2026-03-24 13:16:59,304 - INFO - T174 E6/10 | [OK] | L: 0.63042390/0.64131534 | F1 M MIN: 0.45599897 D: 0.47338232 | [S/N/B]: [0.4908/0.7425/0.4560] | LR: 0.00048730
2026-03-24 13:19:31,428 - INFO - T174 E7/10 | [OK] | L: 0.62723733/0.64083948 | F1 M MIN: 0.41057802 D: 0.46802023 | [S/N/B]: [0.5255/0.7441/0.4106] | LR: 0.00029071
2026-03-24 13:22:03,289 - INFO - T174 E8/10 | [OK] | L: 0.62408562/0.63845808 | F1 M MIN: 0.46480608 D: 0.47986658 | [S/N/B]: [0.4949/0.7614/0.4648] | LR: 0.00013469
2026-03-24 13:24:35,473 - INFO - T174 E9/10 | [OK] | L: 0.62133162/0.63945495 | F1 M MIN: 0.45607972 D: 0.47435528 | [S/N/B]: [0.4561/0.7500/0.4926] | LR: 0.00003452
2026-03-24 13:27:07,472 - INFO - T174 E10/10 | [OK] | L: 0.61944282/0.63918353 | F1 M MIN: 0.47912220 D: 0.47925110 | [S/N/B]: [0.4791/0.7568/0.4794] | LR: 0.00000000
2026-03-24 13:27:07,829 - INFO - Trial 174 finished with value: 0.4791221985058698 and parameters: {'tcn_channels': 512, 'lstm_hidden': 256, 'num_lstm_layers': 2, 'batch_size': 512, 'dropout': 0.25850625005809436, 'seq_len': 192, 'lr': 0.001410463248009201, 'weight_decay': 0.0022393022286200494, 'base_alpha_sell': 1.470753332411906, 'base_alpha_neutral': 0.5677759149040024, 'base_alpha_buy': 1.5386164225997312, 'base_loss_gamma': 1.7971338227321534, 'base_loss_smoothing': 0.2954783541181629, 'asym_gamma_sell': 1.7652445370307055, 'asym_gamma_neu': 0.4096981885766648, 'asym_gamma_buy': 1.9362579445335508}. Best is trial 104 with value: 0.4828262682077523.
2026-03-24 13:27:08,478 - INFO - 🔍 RAM-Safe Streaming Scan (Treino): 878 arquivos...
2026-03-24 13:28:01,652 - INFO - ✂️ Double-Chunking (Treino): Expondo fatias de 500,000 amostras aleatórias.
2026-03-24 13:28:01,653 - INFO - 🚀 Pre-loading 500,000 samples into RAM (Lightning Mode)...
2026-03-24 13:31:25,308 - INFO - ✅ RAM-Safe Streaming Dataset: 500,000 sequences indexed and PRE-LOADED.
2026-03-24 13:31:25,310 - INFO - ✅ RAM-Safe Streaming Dataset: 500,000 sequences indexed (Mode: Lightning).
2026-03-24 13:31:25,357 - INFO - 🔍 RAM-Safe Streaming Scan (Val): 274 arquivos...
2026-03-24 13:31:40,577 - INFO - ✂️ Double-Chunking (Val): Expondo fatias de 100,000 amostras aleatórias.
2026-03-24 13:31:40,578 - INFO - 🚀 Pre-loading 100,000 samples into RAM (Lightning Mode)...
2026-03-24 13:32:42,511 - INFO - ✅ RAM-Safe Streaming Dataset: 100,000 sequences indexed and PRE-LOADED.
2026-03-24 13:32:42,513 - INFO - ✅ RAM-Safe Streaming Dataset: 100,000 sequences indexed (Mode: Lightning).
2026-03-24 13:32:42,944 - INFO - Trial 175 START | tcn=512, lstm=256, layers=2, batch=512, seq=192 | RFE=30 | loss=ASYM (g_s=2.49, g_n=0.53, g_b=2.40) | alpha=[1.75, 0.61, 1.13], smooth=0.32
2026-03-24 13:35:13,349 - INFO - T175 E1/10 | [WARN] ZERO_PENALTY | L: 0.54139736/0.55208337 | F1 M MIN: 0.00000000 D: 0.00000000 | [S/N/B]: [0.5296/0.6936/0.0000] | LR: 0.00035174
2026-03-24 13:37:45,308 - INFO - T175 E2/10 | [OK] | L: 0.51971242/0.54374372 | F1 M MIN: 0.00139250 D: 0.27084233 | [S/N/B]: [0.5403/0.7283/0.0014] | LR: 0.00032613
2026-03-24 13:40:17,456 - INFO - T175 E3/10 | [OK] | L: 0.51298568/0.53989565 | F1 M MIN: 0.03473433 D: 0.28875115 | [S/N/B]: [0.5428/0.7291/0.0347] | LR: 0.00028625
2026-03-24 13:42:49,815 - INFO - T175 E4/10 | [OK] | L: 0.50814222/0.53689767 | F1 M MIN: 0.04030030 D: 0.29430794 | [S/N/B]: [0.5483/0.7433/0.0403] | LR: 0.00023599
2026-03-24 13:45:22,333 - INFO - T175 E5/10 | [OK] | L: 0.50421720/0.53572900 | F1 M MIN: 0.13299875 D: 0.34227793 | [S/N/B]: [0.5516/0.7507/0.1330] | LR: 0.00018028
2026-03-24 13:47:54,552 - INFO - T175 E6/10 | [OK] | L: 0.50107109/0.53713224 | F1 M MIN: 0.08038035 D: 0.31302412 | [S/N/B]: [0.5457/0.7256/0.0804] | LR: 0.00012457
2026-03-24 13:47:54,673 - INFO - Trial 175 pruned by Optuna at epoch 6
2026-03-24 13:47:54,811 - INFO - Trial 175 pruned.
2026-03-24 13:47:55,662 - INFO - 🔍 RAM-Safe Streaming Scan (Treino): 878 arquivos...
2026-03-24 13:48:50,957 - INFO - ✂️ Double-Chunking (Treino): Expondo fatias de 500,000 amostras aleatórias.
2026-03-24 13:48:50,958 - INFO - 🚀 Pre-loading 500,000 samples into RAM (Lightning Mode)...
2026-03-24 13:52:13,448 - INFO - ✅ RAM-Safe Streaming Dataset: 500,000 sequences indexed and PRE-LOADED.
2026-03-24 13:52:13,450 - INFO - ✅ RAM-Safe Streaming Dataset: 500,000 sequences indexed (Mode: Lightning).
2026-03-24 13:52:13,499 - INFO - 🔍 RAM-Safe Streaming Scan (Val): 274 arquivos...
2026-03-24 13:52:27,365 - INFO - ✂️ Double-Chunking (Val): Expondo fatias de 100,000 amostras aleatórias.
2026-03-24 13:52:27,365 - INFO - 🚀 Pre-loading 100,000 samples into RAM (Lightning Mode)...
2026-03-24 13:53:27,870 - INFO - ✅ RAM-Safe Streaming Dataset: 100,000 sequences indexed and PRE-LOADED.
2026-03-24 13:53:27,871 - INFO - ✅ RAM-Safe Streaming Dataset: 100,000 sequences indexed (Mode: Lightning).
2026-03-24 13:53:28,454 - INFO - Trial 176 START | tcn=512, lstm=256, layers=2, batch=512, seq=192 | RFE=30 | loss=ASYM (g_s=1.00, g_n=0.94, g_b=1.84) | alpha=[1.33, 0.68, 1.58], smooth=0.26
2026-03-24 13:55:58,791 - INFO - T176 E1/10 | [WARN] ZERO_PENALTY | L: 0.70529477/0.64804642 | F1 M MIN: 0.00000000 D: 0.00000000 | [S/N/B]: [0.0000/0.7742/0.5469] | LR: 0.00121001
2026-03-24 13:58:30,800 - INFO - T176 E2/10 | [OK] | L: 0.68016712/0.64222112 | F1 M MIN: 0.24439405 D: 0.37982879 | [S/N/B]: [0.2444/0.7865/0.5153] | LR: 0.00112192
2026-03-24 14:01:02,828 - INFO - T176 E3/10 | [OK] | L: 0.67168552/0.63799999 | F1 M MIN: 0.45879193 D: 0.46931124 | [S/N/B]: [0.4588/0.7906/0.4798] | LR: 0.00098472
2026-03-24 14:03:34,938 - INFO - T176 E4/10 | [OK] | L: 0.66416954/0.63351011 | F1 M MIN: 0.24268103 D: 0.39513266 | [S/N/B]: [0.2427/0.7755/0.5476] | LR: 0.00081183
2026-03-24 14:06:06,943 - INFO - T176 E5/10 | [OK] | L: 0.65960251/0.62725703 | F1 M MIN: 0.47944706 D: 0.48538984 | [S/N/B]: [0.4913/0.8242/0.4794] | LR: 0.00062018
2026-03-24 14:08:38,979 - INFO - T176 E6/10 | [OK] | L: 0.65532791/0.63132492 | F1 M MIN: 0.45252698 D: 0.47624508 | [S/N/B]: [0.4525/0.7862/0.5000] | LR: 0.00042854
2026-03-24 14:11:11,113 - INFO - T176 E7/10 | [OK] | L: 0.65149443/0.62761064 | F1 M MIN: 0.41668964 D: 0.47132306 | [S/N/B]: [0.4167/0.7912/0.5260] | LR: 0.00025565
2026-03-24 14:13:43,061 - INFO - T176 E8/10 | [OK] | L: 0.64772081/0.62742300 | F1 M MIN: 0.45961365 D: 0.48614743 | [S/N/B]: [0.4596/0.8152/0.5127] | LR: 0.00011844
2026-03-24 14:16:15,200 - INFO - T176 E9/10 | [OK] | L: 0.64436293/0.62478428 | F1 M MIN: 0.39597815 D: 0.46862076 | [S/N/B]: [0.3960/0.8048/0.5413] | LR: 0.00003035
2026-03-24 14:16:15,259 - INFO - Trial 176 stopped early due to patience limit (4 epochs without improvement)
2026-03-24 14:16:15,482 - INFO - Trial 176 finished with value: 0.4794470596035271 and parameters: {'tcn_channels': 512, 'lstm_hidden': 256, 'num_lstm_layers': 2, 'batch_size': 512, 'dropout': 0.2702073892355974, 'seq_len': 192, 'lr': 0.0012403643501564918, 'weight_decay': 0.005654232608178775, 'base_alpha_sell': 1.3306833463506857, 'base_alpha_neutral': 0.6847216132293726, 'base_alpha_buy': 1.5810618328371033, 'base_loss_gamma': 2.0315497784034093, 'base_loss_smoothing': 0.263709374207138, 'asym_gamma_sell': 1.004087961101515, 'asym_gamma_neu': 0.93960418811631, 'asym_gamma_buy': 1.8360709370340598}. Best is trial 104 with value: 0.4828262682077523.
2026-03-24 14:16:16,081 - INFO - 🔍 RAM-Safe Streaming Scan (Treino): 878 arquivos...
2026-03-24 14:17:07,103 - INFO - ✂️ Double-Chunking (Treino): Expondo fatias de 500,000 amostras aleatórias.
2026-03-24 14:17:07,110 - INFO - 🚀 Pre-loading 500,000 samples into RAM (Lightning Mode)...
2026-03-24 14:20:21,006 - INFO - ✅ RAM-Safe Streaming Dataset: 500,000 sequences indexed and PRE-LOADED.
2026-03-24 14:20:21,011 - INFO - ✅ RAM-Safe Streaming Dataset: 500,000 sequences indexed (Mode: Lightning).
2026-03-24 14:20:21,060 - INFO - 🔍 RAM-Safe Streaming Scan (Val): 274 arquivos...
2026-03-24 14:20:34,879 - INFO - ✂️ Double-Chunking (Val): Expondo fatias de 100,000 amostras aleatórias.
2026-03-24 14:20:34,880 - INFO - 🚀 Pre-loading 100,000 samples into RAM (Lightning Mode)...
2026-03-24 14:21:35,158 - INFO - ✅ RAM-Safe Streaming Dataset: 100,000 sequences indexed and PRE-LOADED.
2026-03-24 14:21:35,159 - INFO - ✅ RAM-Safe Streaming Dataset: 100,000 sequences indexed (Mode: Lightning).
2026-03-24 14:21:35,654 - INFO - Trial 177 START | tcn=64, lstm=128, layers=2, batch=1024, seq=96 | RFE=30 | loss=ASYM (g_s=1.98, g_n=0.25, g_b=0.83) | alpha=[1.15, 0.55, 1.71], smooth=0.32
2026-03-24 14:21:55,321 - INFO - T177 E1/10 | [WARN] ZERO_PENALTY | L: 0.72926700/0.71428131 | F1 M MIN: 0.00000000 D: 0.00000000 | [S/N/B]: [0.0000/0.6042/0.5006] | LR: 0.00072006
2026-03-24 14:22:15,772 - INFO - T177 E2/10 | [WARN] ZERO_PENALTY | L: 0.69995952/0.70285521 | F1 M MIN: 0.00000000 D: 0.00000000 | [S/N/B]: [0.0000/0.6532/0.5128] | LR: 0.00066764
2026-03-24 14:22:35,594 - INFO - T177 E3/10 | [WARN] ZERO_PENALTY | L: 0.69340939/0.69715027 | F1 M MIN: 0.00000000 D: 0.00000000 | [S/N/B]: [0.0000/0.6856/0.5210] | LR: 0.00058599
2026-03-24 14:22:56,156 - INFO - T177 E4/10 | [WARN] ZERO_PENALTY | L: 0.68936332/0.69203152 | F1 M MIN: 0.00000000 D: 0.00000000 | [S/N/B]: [0.0000/0.7129/0.5285] | LR: 0.00048311
2026-03-24 14:22:56,220 - INFO - Trial 177 stopped early due to patience limit (4 epochs without improvement)
2026-03-24 14:22:56,431 - INFO - Trial 177 finished with value: 0.0 and parameters: {'tcn_channels': 64, 'lstm_hidden': 128, 'num_lstm_layers': 2, 'batch_size': 1024, 'dropout': 0.4629088081134508, 'seq_len': 96, 'lr': 0.0007381212604542441, 'weight_decay': 0.0009635290392190475, 'base_alpha_sell': 1.152572267610866, 'base_alpha_neutral': 0.5484692293870523, 'base_alpha_buy': 1.70762855077957, 'base_loss_gamma': 4.603311903780371, 'base_loss_smoothing': 0.32139538621162855, 'asym_gamma_sell': 1.981616984342639, 'asym_gamma_neu': 0.24766983260069464, 'asym_gamma_buy': 0.8292315432635116}. Best is trial 104 with value: 0.4828262682077523.
2026-03-24 14:22:57,150 - INFO - 🔍 RAM-Safe Streaming Scan (Treino): 878 arquivos...
2026-03-24 14:23:50,556 - INFO - ✂️ Double-Chunking (Treino): Expondo fatias de 500,000 amostras aleatórias.
2026-03-24 14:23:50,557 - INFO - 🚀 Pre-loading 500,000 samples into RAM (Lightning Mode)...
2026-03-24 14:27:10,193 - INFO - ✅ RAM-Safe Streaming Dataset: 500,000 sequences indexed and PRE-LOADED.
2026-03-24 14:27:10,195 - INFO - ✅ RAM-Safe Streaming Dataset: 500,000 sequences indexed (Mode: Lightning).
2026-03-24 14:27:10,244 - INFO - 🔍 RAM-Safe Streaming Scan (Val): 274 arquivos...
2026-03-24 14:27:24,075 - INFO - ✂️ Double-Chunking (Val): Expondo fatias de 100,000 amostras aleatórias.
2026-03-24 14:27:24,075 - INFO - 🚀 Pre-loading 100,000 samples into RAM (Lightning Mode)...
2026-03-24 14:28:26,519 - INFO - ✅ RAM-Safe Streaming Dataset: 100,000 sequences indexed and PRE-LOADED.
2026-03-24 14:28:26,521 - INFO - ✅ RAM-Safe Streaming Dataset: 100,000 sequences indexed (Mode: Lightning).
2026-03-24 14:28:27,020 - INFO - Trial 178 START | tcn=512, lstm=128, layers=2, batch=512, seq=144 | RFE=30 | loss=ASYM (g_s=1.46, g_n=0.45, g_b=1.36) | alpha=[1.40, 0.50, 1.57], smooth=0.35
2026-03-24 14:30:03,141 - INFO - T178 E1/10 | [WARN] ZERO_PENALTY | L: 0.70990138/0.68469831 | F1 M MIN: 0.00000000 D: 0.00000000 | [S/N/B]: [0.0000/0.6741/0.5147] | LR: 0.00101347
2026-03-24 14:31:40,830 - INFO - T178 E2/10 | [OK] | L: 0.69163725/0.68464992 | F1 M MIN: 0.00633549 D: 0.25467229 | [S/N/B]: [0.0063/0.6233/0.5030] | LR: 0.00093969
2026-03-24 14:33:18,608 - INFO - T178 E3/10 | [OK] | L: 0.68736486/0.68166070 | F1 M MIN: 0.39502442 D: 0.42996261 | [S/N/B]: [0.3950/0.6632/0.4649] | LR: 0.00082477
2026-03-24 14:34:56,509 - INFO - T178 E4/10 | [OK] | L: 0.68317379/0.67704511 | F1 M MIN: 0.37435167 D: 0.43565016 | [S/N/B]: [0.3744/0.6923/0.4969] | LR: 0.00067997
2026-03-24 14:36:34,578 - INFO - T178 E5/10 | [OK] | L: 0.68001181/0.67331684 | F1 M MIN: 0.38901811 D: 0.44448872 | [S/N/B]: [0.3890/0.7246/0.5000] | LR: 0.00051945
2026-03-24 14:38:12,483 - INFO - T178 E6/10 | [OK] | L: 0.67766781/0.67340949 | F1 M MIN: 0.41230613 D: 0.45112455 | [S/N/B]: [0.4123/0.7141/0.4899] | LR: 0.00035893
2026-03-24 14:39:50,196 - INFO - T178 E7/10 | [OK] | L: 0.67539970/0.67435625 | F1 M MIN: 0.28553749 D: 0.39889637 | [S/N/B]: [0.2855/0.6759/0.5123] | LR: 0.00021412
2026-03-24 14:41:27,900 - INFO - T178 E8/10 | [OK] | L: 0.67350823/0.67205958 | F1 M MIN: 0.34508690 D: 0.42984816 | [S/N/B]: [0.3451/0.7128/0.5146] | LR: 0.00009921
2026-03-24 14:43:05,788 - INFO - T178 E9/10 | [OK] | L: 0.67168183/0.67266070 | F1 M MIN: 0.42567215 D: 0.45446944 | [S/N/B]: [0.4257/0.7086/0.4833] | LR: 0.00002542
2026-03-24 14:44:43,685 - INFO - T178 E10/10 | [OK] | L: 0.67045846/0.67230461 | F1 M MIN: 0.37647394 D: 0.44079319 | [S/N/B]: [0.3765/0.7154/0.5051] | LR: 0.00000000
2026-03-24 14:44:43,826 - INFO - Trial 178 pruned by Optuna at epoch 10
2026-03-24 14:44:43,946 - INFO - Trial 178 pruned.
2026-03-24 14:44:44,792 - INFO - 🔍 RAM-Safe Streaming Scan (Treino): 878 arquivos...
2026-03-24 14:45:37,708 - INFO - ✂️ Double-Chunking (Treino): Expondo fatias de 500,000 amostras aleatórias.
2026-03-24 14:45:37,709 - INFO - 🚀 Pre-loading 500,000 samples into RAM (Lightning Mode)...
2026-03-24 14:48:57,656 - INFO - ✅ RAM-Safe Streaming Dataset: 500,000 sequences indexed and PRE-LOADED.
2026-03-24 14:48:57,657 - INFO - ✅ RAM-Safe Streaming Dataset: 500,000 sequences indexed (Mode: Lightning).
2026-03-24 14:48:57,705 - INFO - 🔍 RAM-Safe Streaming Scan (Val): 274 arquivos...
2026-03-24 14:49:11,257 - INFO - ✂️ Double-Chunking (Val): Expondo fatias de 100,000 amostras aleatórias.
2026-03-24 14:49:11,258 - INFO - 🚀 Pre-loading 100,000 samples into RAM (Lightning Mode)...
2026-03-24 14:50:09,117 - INFO - ✅ RAM-Safe Streaming Dataset: 100,000 sequences indexed and PRE-LOADED.
2026-03-24 14:50:09,118 - INFO - ✅ RAM-Safe Streaming Dataset: 100,000 sequences indexed (Mode: Lightning).
2026-03-24 14:50:09,620 - INFO - Trial 179 START | tcn=512, lstm=64, layers=2, batch=512, seq=192 | RFE=30 | loss=ASYM (g_s=1.28, g_n=0.75, g_b=1.10) | alpha=[1.13, 0.84, 1.18], smooth=0.28
2026-03-24 14:52:20,115 - INFO - T179 E1/10 | [WARN] ZERO_PENALTY | L: 0.64490563/0.60079540 | F1 M MIN: 0.00000000 D: 0.00000000 | [S/N/B]: [0.0000/0.8566/0.5799] | LR: 0.00134629
2026-03-24 14:54:31,983 - INFO - T179 E2/10 | [WARN] ZERO_PENALTY | L: 0.61789126/0.59059154 | F1 M MIN: 0.00000000 D: 0.00000000 | [S/N/B]: [0.0000/0.8712/0.5883] | LR: 0.00124828
2026-03-24 14:56:43,845 - INFO - T179 E3/10 | [OK] | L: 0.61055374/0.59208572 | F1 M MIN: 0.41313357 D: 0.44990398 | [S/N/B]: [0.4867/0.8665/0.4131] | LR: 0.00109562
2026-03-24 14:58:55,729 - INFO - T179 E4/10 | [WARN] ZERO_PENALTY | L: 0.60757575/0.58294299 | F1 M MIN: 0.00000000 D: 0.00000000 | [S/N/B]: [0.0000/0.8814/0.5942] | LR: 0.00090326
2026-03-24 15:01:07,604 - INFO - T179 E5/10 | [WARN] ZERO_PENALTY | L: 0.60483865/0.58510270 | F1 M MIN: 0.00000000 D: 0.00000000 | [S/N/B]: [0.0000/0.8731/0.5891] | LR: 0.00069003
2026-03-24 15:03:19,397 - INFO - T179 E6/10 | [OK] | L: 0.60223547/0.58536041 | F1 M MIN: 0.29618366 D: 0.43394464 | [S/N/B]: [0.5717/0.8764/0.2962] | LR: 0.00047680
2026-03-24 15:05:31,335 - INFO - T179 E7/10 | [OK] | L: 0.60015620/0.57883718 | F1 M MIN: 0.00267525 D: 0.30000055 | [S/N/B]: [0.0027/0.8868/0.5973] | LR: 0.00028444
2026-03-24 15:05:31,422 - INFO - Trial 179 stopped early due to patience limit (4 epochs without improvement)
