2026-03-24 08:41:10,778 - INFO - Trial 156 pruned.
2026-03-24 08:41:11,837 - INFO - 🔍 RAM-Safe Streaming Scan (Treino): 878 arquivos...
2026-03-24 08:42:05,886 - INFO - ✂️ Double-Chunking (Treino): Expondo fatias de 500,000 amostras aleatórias.
2026-03-24 08:42:05,887 - INFO - 🚀 Pre-loading 500,000 samples into RAM (Lightning Mode)...
2026-03-24 08:45:29,042 - INFO - ✅ RAM-Safe Streaming Dataset: 500,000 sequences indexed and PRE-LOADED.
2026-03-24 08:45:29,043 - INFO - ✅ RAM-Safe Streaming Dataset: 500,000 sequences indexed (Mode: Lightning).
2026-03-24 08:45:29,093 - INFO - 🔍 RAM-Safe Streaming Scan (Val): 274 arquivos...
2026-03-24 08:45:43,223 - INFO - ✂️ Double-Chunking (Val): Expondo fatias de 100,000 amostras aleatórias.
2026-03-24 08:45:43,223 - INFO - 🚀 Pre-loading 100,000 samples into RAM (Lightning Mode)...
2026-03-24 08:46:44,366 - INFO - ✅ RAM-Safe Streaming Dataset: 100,000 sequences indexed and PRE-LOADED.
2026-03-24 08:46:44,367 - INFO - ✅ RAM-Safe Streaming Dataset: 100,000 sequences indexed (Mode: Lightning).
2026-03-24 08:46:44,820 - INFO - Trial 157 START | tcn=512, lstm=128, layers=4, batch=1024, seq=192 | RFE=30 | loss=ASYM (g_s=1.19, g_n=0.23, g_b=0.85) | alpha=[1.39, 0.51, 1.49], smooth=0.20
2026-03-24 08:49:10,716 - INFO - T157 E1/10 | [WARN] ZERO_PENALTY | L: 0.75957509/0.71742888 | F1 M MIN: 0.00000000 D: 0.00000000 | [S/N/B]: [0.0000/0.6699/0.5152] | LR: 0.00103293
2026-03-24 08:51:37,607 - INFO - T157 E2/10 | [WARN] ZERO_PENALTY | L: 0.72590576/0.69318802 | F1 M MIN: 0.00000000 D: 0.00000000 | [S/N/B]: [0.0000/0.7795/0.5486] | LR: 0.00095773
2026-03-24 08:54:05,105 - INFO - T157 E3/10 | [WARN] ZERO_PENALTY | L: 0.71849100/0.69015614 | F1 M MIN: 0.00000000 D: 0.00000000 | [S/N/B]: [0.0000/0.7666/0.5450] | LR: 0.00084060
2026-03-24 08:56:31,879 - INFO - T157 E4/10 | [WARN] ZERO_PENALTY | L: 0.71451413/0.68573939 | F1 M MIN: 0.00000000 D: 0.00000000 | [S/N/B]: [0.0000/0.7846/0.5514] | LR: 0.00069302
2026-03-24 08:56:31,966 - INFO - Trial 157 stopped early due to patience limit (4 epochs without improvement)
2026-03-24 08:56:32,231 - INFO - Trial 157 finished with value: 0.0 and parameters: {'tcn_channels': 512, 'lstm_hidden': 128, 'num_lstm_layers': 4, 'batch_size': 1024, 'dropout': 0.322651043367374, 'seq_len': 192, 'lr': 0.0010588379706648941, 'weight_decay': 0.002424618891678045, 'base_alpha_sell': 1.385694352970635, 'base_alpha_neutral': 0.5148831651677925, 'base_alpha_buy': 1.4875625237355434, 'base_loss_gamma': 2.2315433974202663, 'base_loss_smoothing': 0.19759386732729484, 'asym_gamma_sell': 1.1870326401108866, 'asym_gamma_neu': 0.22958240744744438, 'asym_gamma_buy': 0.8506518378765864}. Best is trial 104 with value: 0.4828262682077523.
2026-03-24 08:56:32,889 - INFO - 🔍 RAM-Safe Streaming Scan (Treino): 878 arquivos...
2026-03-24 08:57:30,761 - INFO - ✂️ Double-Chunking (Treino): Expondo fatias de 500,000 amostras aleatórias.
2026-03-24 08:57:30,762 - INFO - 🚀 Pre-loading 500,000 samples into RAM (Lightning Mode)...
2026-03-24 09:00:55,449 - INFO - ✅ RAM-Safe Streaming Dataset: 500,000 sequences indexed and PRE-LOADED.
2026-03-24 09:00:55,451 - INFO - ✅ RAM-Safe Streaming Dataset: 500,000 sequences indexed (Mode: Lightning).
2026-03-24 09:00:55,500 - INFO - 🔍 RAM-Safe Streaming Scan (Val): 274 arquivos...
2026-03-24 09:01:09,455 - INFO - ✂️ Double-Chunking (Val): Expondo fatias de 100,000 amostras aleatórias.
2026-03-24 09:01:09,455 - INFO - 🚀 Pre-loading 100,000 samples into RAM (Lightning Mode)...
2026-03-24 09:02:12,713 - INFO - ✅ RAM-Safe Streaming Dataset: 100,000 sequences indexed and PRE-LOADED.
2026-03-24 09:02:12,714 - INFO - ✅ RAM-Safe Streaming Dataset: 100,000 sequences indexed (Mode: Lightning).
2026-03-24 09:02:13,357 - INFO - Trial 158 START | tcn=512, lstm=32, layers=2, batch=1024, seq=96 | RFE=30 | loss=ASYM (g_s=1.76, g_n=0.43, g_b=2.04) | alpha=[1.53, 0.54, 1.32], smooth=0.33
2026-03-24 09:03:08,420 - INFO - T158 E1/10 | [OK] | L: 0.64023380/0.61269472 | F1 M MIN: 0.00022276 D: 0.25928879 | [S/N/B]: [0.5184/0.6516/0.0002] | LR: 0.00093956
2026-03-24 09:04:03,403 - INFO - T158 E2/10 | [WARN] ZERO_PENALTY | L: 0.60181894/0.60775135 | F1 M MIN: 0.00000000 D: 0.00000000 | [S/N/B]: [0.5208/0.6612/0.0000] | LR: 0.00087116
2026-03-24 09:04:59,308 - INFO - T158 E3/10 | [WARN] ZERO_PENALTY | L: 0.59448507/0.60393275 | F1 M MIN: 0.00000000 D: 0.00000000 | [S/N/B]: [0.5286/0.6891/0.0000] | LR: 0.00076463
2026-03-24 09:05:54,590 - INFO - T158 E4/10 | [WARN] ZERO_PENALTY | L: 0.59069464/0.59885857 | F1 M MIN: 0.00000000 D: 0.00000000 | [S/N/B]: [0.5384/0.7223/0.0000] | LR: 0.00063038
2026-03-24 09:06:50,645 - INFO - T158 E5/10 | [WARN] ZERO_PENALTY | L: 0.58849173/0.59677042 | F1 M MIN: 0.00000000 D: 0.00000000 | [S/N/B]: [0.5451/0.7435/0.0000] | LR: 0.00048157
2026-03-24 09:06:50,723 - INFO - Trial 158 stopped early due to patience limit (4 epochs without improvement)
2026-03-24 09:06:50,975 - INFO - Trial 158 finished with value: 0.00022275849266753295 and parameters: {'tcn_channels': 512, 'lstm_hidden': 32, 'num_lstm_layers': 2, 'batch_size': 1024, 'dropout': 0.2862157844500447, 'seq_len': 96, 'lr': 0.0009631342134235551, 'weight_decay': 0.001435110197058627, 'base_alpha_sell': 1.528379447339058, 'base_alpha_neutral': 0.5390936042173644, 'base_alpha_buy': 1.3196672642662828, 'base_loss_gamma': 3.784242384684862, 'base_loss_smoothing': 0.32731491786719236, 'asym_gamma_sell': 1.7576436904406738, 'asym_gamma_neu': 0.4291290634838625, 'asym_gamma_buy': 2.042521585020717}. Best is trial 104 with value: 0.4828262682077523.
2026-03-24 09:06:51,774 - INFO - 🔍 RAM-Safe Streaming Scan (Treino): 878 arquivos...
2026-03-24 09:07:47,107 - INFO - ✂️ Double-Chunking (Treino): Expondo fatias de 500,000 amostras aleatórias.
2026-03-24 09:07:47,109 - INFO - 🚀 Pre-loading 500,000 samples into RAM (Lightning Mode)...
2026-03-24 09:11:13,491 - INFO - ✅ RAM-Safe Streaming Dataset: 500,000 sequences indexed and PRE-LOADED.
2026-03-24 09:11:13,492 - INFO - ✅ RAM-Safe Streaming Dataset: 500,000 sequences indexed (Mode: Lightning).
2026-03-24 09:11:13,536 - INFO - 🔍 RAM-Safe Streaming Scan (Val): 274 arquivos...
2026-03-24 09:11:28,046 - INFO - ✂️ Double-Chunking (Val): Expondo fatias de 100,000 amostras aleatórias.
2026-03-24 09:11:28,047 - INFO - 🚀 Pre-loading 100,000 samples into RAM (Lightning Mode)...
2026-03-24 09:12:33,060 - INFO - ✅ RAM-Safe Streaming Dataset: 100,000 sequences indexed and PRE-LOADED.
2026-03-24 09:12:33,061 - INFO - ✅ RAM-Safe Streaming Dataset: 100,000 sequences indexed (Mode: Lightning).
2026-03-24 09:12:33,659 - INFO - Trial 159 START | tcn=512, lstm=128, layers=5, batch=2048, seq=256 | RFE=30 | loss=ASYM (g_s=0.77, g_n=0.31, g_b=1.22) | alpha=[1.40, 0.94, 1.58], smooth=0.22
2026-03-24 09:15:40,701 - INFO - T159 E1/10 | [WARN] ZERO_PENALTY | L: 1.01066411/0.94513732 | F1 M MIN: 0.00000000 D: 0.00000000 | [S/N/B]: [0.0000/0.7673/0.5402] | LR: 0.00032461
2026-03-24 09:18:49,752 - INFO - T159 E2/10 | [WARN] ZERO_PENALTY | L: 0.94057305/0.92183204 | F1 M MIN: 0.00000000 D: 0.00000000 | [S/N/B]: [0.0000/0.8031/0.5550] | LR: 0.00030098
2026-03-24 09:21:58,597 - INFO - T159 E3/10 | [WARN] ZERO_PENALTY | L: 0.92353462/0.89726206 | F1 M MIN: 0.00000000 D: 0.00000000 | [S/N/B]: [0.0000/0.8327/0.5688] | LR: 0.00026417
2026-03-24 09:25:07,617 - INFO - T159 E4/10 | [WARN] ZERO_PENALTY | L: 0.91374576/0.88559964 | F1 M MIN: 0.00000000 D: 0.00000000 | [S/N/B]: [0.0000/0.8450/0.5752] | LR: 0.00021779
2026-03-24 09:25:07,723 - INFO - Trial 159 stopped early due to patience limit (4 epochs without improvement)
2026-03-24 09:25:08,073 - INFO - Trial 159 finished with value: 0.0 and parameters: {'tcn_channels': 512, 'lstm_hidden': 128, 'num_lstm_layers': 5, 'batch_size': 2048, 'dropout': 0.48776920072271823, 'seq_len': 256, 'lr': 0.00033275097206552544, 'weight_decay': 0.00012581096014659192, 'base_alpha_sell': 1.4031117604785008, 'base_alpha_neutral': 0.9443575589217652, 'base_alpha_buy': 1.5801426781929138, 'base_loss_gamma': 1.9444378046529345, 'base_loss_smoothing': 0.2175031487363381, 'asym_gamma_sell': 0.7690379116589029, 'asym_gamma_neu': 0.31079529142422146, 'asym_gamma_buy': 1.2218419810684484}. Best is trial 104 with value: 0.4828262682077523.
2026-03-24 09:25:09,181 - INFO - 🔍 RAM-Safe Streaming Scan (Treino): 878 arquivos...
2026-03-24 09:26:02,410 - INFO - ✂️ Double-Chunking (Treino): Expondo fatias de 500,000 amostras aleatórias.
2026-03-24 09:26:02,413 - INFO - 🚀 Pre-loading 500,000 samples into RAM (Lightning Mode)...
2026-03-24 09:29:32,197 - INFO - ✅ RAM-Safe Streaming Dataset: 500,000 sequences indexed and PRE-LOADED.
2026-03-24 09:29:32,199 - INFO - ✅ RAM-Safe Streaming Dataset: 500,000 sequences indexed (Mode: Lightning).
2026-03-24 09:29:32,248 - INFO - 🔍 RAM-Safe Streaming Scan (Val): 274 arquivos...
2026-03-24 09:29:46,379 - INFO - ✂️ Double-Chunking (Val): Expondo fatias de 100,000 amostras aleatórias.
2026-03-24 09:29:46,379 - INFO - 🚀 Pre-loading 100,000 samples into RAM (Lightning Mode)...
2026-03-24 09:30:49,305 - INFO - ✅ RAM-Safe Streaming Dataset: 100,000 sequences indexed and PRE-LOADED.
2026-03-24 09:30:49,309 - INFO - ✅ RAM-Safe Streaming Dataset: 100,000 sequences indexed (Mode: Lightning).
2026-03-24 09:30:49,752 - INFO - Trial 160 START | tcn=64, lstm=256, layers=5, batch=1024, seq=256 | RFE=30 | loss=ASYM (g_s=0.65, g_n=0.13, g_b=2.31) | alpha=[1.42, 0.53, 1.58], smooth=0.15
2026-03-24 09:32:30,105 - INFO - T160 E1/10 | [WARN] ZERO_PENALTY | L: 0.74654542/0.70413997 | F1 M MIN: 0.00000000 D: 0.00000000 | [S/N/B]: [0.0000/0.7186/0.5237] | LR: 0.00132844
2026-03-24 09:34:10,857 - INFO - T160 E2/10 | [OK] | L: 0.70189427/0.67747981 | F1 M MIN: 0.17105289 D: 0.39361214 | [S/N/B]: [0.6162/0.7590/0.1711] | LR: 0.00123173
2026-03-24 09:35:52,703 - INFO - T160 E3/10 | [WARN] ZERO_PENALTY | L: 0.69323943/0.68375716 | F1 M MIN: 0.00000000 D: 0.00000000 | [S/N/B]: [0.0000/0.7184/0.5261] | LR: 0.00108110
2026-03-24 09:37:33,826 - INFO - T160 E4/10 | [OK] | L: 0.68743753/0.67241675 | F1 M MIN: 0.16712155 D: 0.39459995 | [S/N/B]: [0.6221/0.7689/0.1671] | LR: 0.00089129
2026-03-24 09:39:15,793 - INFO - T160 E5/10 | [WARN] ZERO_PENALTY | L: 0.68375955/0.66464376 | F1 M MIN: 0.00000000 D: 0.00000000 | [S/N/B]: [0.0000/0.8052/0.5556] | LR: 0.00068088
2026-03-24 09:40:57,194 - INFO - T160 E6/10 | [OK] | L: 0.68119146/0.66074069 | F1 M MIN: 0.17421735 D: 0.39737134 | [S/N/B]: [0.6205/0.8101/0.1742] | LR: 0.00047048
2026-03-24 09:40:57,393 - INFO - Trial 160 pruned by Optuna at epoch 6
2026-03-24 09:40:57,532 - INFO - Trial 160 pruned.
2026-03-24 09:40:58,482 - INFO - 🔍 RAM-Safe Streaming Scan (Treino): 878 arquivos...
2026-03-24 09:41:53,020 - INFO - ✂️ Double-Chunking (Treino): Expondo fatias de 500,000 amostras aleatórias.
2026-03-24 09:41:53,021 - INFO - 🚀 Pre-loading 500,000 samples into RAM (Lightning Mode)...
2026-03-24 09:45:12,165 - INFO - ✅ RAM-Safe Streaming Dataset: 500,000 sequences indexed and PRE-LOADED.
2026-03-24 09:45:12,168 - INFO - ✅ RAM-Safe Streaming Dataset: 500,000 sequences indexed (Mode: Lightning).
2026-03-24 09:45:12,217 - INFO - 🔍 RAM-Safe Streaming Scan (Val): 274 arquivos...
2026-03-24 09:45:25,862 - INFO - ✂️ Double-Chunking (Val): Expondo fatias de 100,000 amostras aleatórias.
2026-03-24 09:45:25,863 - INFO - 🚀 Pre-loading 100,000 samples into RAM (Lightning Mode)...
2026-03-24 09:46:24,874 - INFO - ✅ RAM-Safe Streaming Dataset: 100,000 sequences indexed and PRE-LOADED.
2026-03-24 09:46:24,875 - INFO - ✅ RAM-Safe Streaming Dataset: 100,000 sequences indexed (Mode: Lightning).
2026-03-24 09:46:25,361 - INFO - Trial 161 START | tcn=256, lstm=128, layers=5, batch=2048, seq=96 | RFE=30 | loss=ASYM (g_s=1.72, g_n=0.54, g_b=1.67) | alpha=[1.49, 0.90, 1.28], smooth=0.31
2026-03-24 09:47:04,091 - INFO - T161 E1/10 | [WARN] ZERO_PENALTY | L: 0.81097865/0.79698251 | F1 M MIN: 0.00000000 D: 0.00000000 | [S/N/B]: [0.5322/0.7144/0.0000] | LR: 0.00014773
2026-03-24 09:47:43,450 - INFO - T161 E2/10 | [WARN] ZERO_PENALTY | L: 0.75909154/0.76728366 | F1 M MIN: 0.00000000 D: 0.00000000 | [S/N/B]: [0.5515/0.7652/0.0000] | LR: 0.00013697
2026-03-24 09:48:22,875 - INFO - T161 E3/10 | [WARN] ZERO_PENALTY | L: 0.74396558/0.75805359 | F1 M MIN: 0.00000000 D: 0.00000000 | [S/N/B]: [0.5570/0.7792/0.0000] | LR: 0.00012022
2026-03-24 09:49:02,525 - INFO - T161 E4/10 | [WARN] ZERO_PENALTY | L: 0.73658925/0.73962703 | F1 M MIN: 0.00000000 D: 0.00000000 | [S/N/B]: [0.5751/0.8203/0.0000] | LR: 0.00009911
2026-03-24 09:49:02,598 - INFO - Trial 161 stopped early due to patience limit (4 epochs without improvement)
2026-03-24 09:49:02,826 - INFO - Trial 161 finished with value: 0.0 and parameters: {'tcn_channels': 256, 'lstm_hidden': 128, 'num_lstm_layers': 5, 'batch_size': 2048, 'dropout': 0.34424407885829755, 'seq_len': 96, 'lr': 0.00015143323525886013, 'weight_decay': 0.00016982436493145537, 'base_alpha_sell': 1.4903030824057084, 'base_alpha_neutral': 0.9017490820872294, 'base_alpha_buy': 1.2780639384356105, 'base_loss_gamma': 0.967284043261991, 'base_loss_smoothing': 0.30625223734901164, 'asym_gamma_sell': 1.7216925387168232, 'asym_gamma_neu': 0.5367353346692785, 'asym_gamma_buy': 1.670734013268779}. Best is trial 104 with value: 0.4828262682077523.
2026-03-24 09:49:03,772 - INFO - 🔍 RAM-Safe Streaming Scan (Treino): 878 arquivos...
2026-03-24 09:49:57,960 - INFO - ✂️ Double-Chunking (Treino): Expondo fatias de 500,000 amostras aleatórias.
2026-03-24 09:49:57,963 - INFO - 🚀 Pre-loading 500,000 samples into RAM (Lightning Mode)...
2026-03-24 09:53:17,322 - INFO - ✅ RAM-Safe Streaming Dataset: 500,000 sequences indexed and PRE-LOADED.
2026-03-24 09:53:17,324 - INFO - ✅ RAM-Safe Streaming Dataset: 500,000 sequences indexed (Mode: Lightning).
2026-03-24 09:53:17,373 - INFO - 🔍 RAM-Safe Streaming Scan (Val): 274 arquivos...
2026-03-24 09:53:31,409 - INFO - ✂️ Double-Chunking (Val): Expondo fatias de 100,000 amostras aleatórias.
2026-03-24 09:53:31,410 - INFO - 🚀 Pre-loading 100,000 samples into RAM (Lightning Mode)...
2026-03-24 09:54:31,735 - INFO - ✅ RAM-Safe Streaming Dataset: 100,000 sequences indexed and PRE-LOADED.
2026-03-24 09:54:31,736 - INFO - ✅ RAM-Safe Streaming Dataset: 100,000 sequences indexed (Mode: Lightning).
2026-03-24 09:54:32,328 - INFO - Trial 162 START | tcn=256, lstm=256, layers=5, batch=2048, seq=96 | RFE=30 | loss=ASYM (g_s=1.77, g_n=1.18, g_b=0.67) | alpha=[1.91, 0.88, 1.65], smooth=0.15
2026-03-24 09:55:27,352 - INFO - T162 E1/10 | [WARN] ZERO_PENALTY | L: 0.98576979/0.83921107 | F1 M MIN: 0.00000000 D: 0.00000000 | [S/N/B]: [0.5734/0.8214/0.0000] | LR: 0.00147813
2026-03-24 09:56:23,111 - INFO - T162 E2/10 | [WARN] ZERO_PENALTY | L: 0.91740995/0.83380308 | F1 M MIN: 0.00000000 D: 0.00000000 | [S/N/B]: [0.5657/0.8016/0.0000] | LR: 0.00137052
2026-03-24 09:57:19,001 - INFO - T162 E3/10 | [WARN] ZERO_PENALTY | L: 0.90530341/0.81140994 | F1 M MIN: 0.00000000 D: 0.00000000 | [S/N/B]: [0.5921/0.8569/0.0000] | LR: 0.00120292
2026-03-24 09:58:15,133 - INFO - T162 E4/10 | [WARN] ZERO_PENALTY | L: 0.89735074/0.81535888 | F1 M MIN: 0.00000000 D: 0.00000000 | [S/N/B]: [0.5776/0.8279/0.0000] | LR: 0.00099172
2026-03-24 09:58:15,265 - INFO - Trial 162 stopped early due to patience limit (4 epochs without improvement)
2026-03-24 09:58:15,573 - INFO - Trial 162 finished with value: 0.0 and parameters: {'tcn_channels': 256, 'lstm_hidden': 256, 'num_lstm_layers': 5, 'batch_size': 2048, 'dropout': 0.26607495693568517, 'seq_len': 96, 'lr': 0.0015152134272667834, 'weight_decay': 0.00011458558787684227, 'base_alpha_sell': 1.9147426748346292, 'base_alpha_neutral': 0.8797988509441904, 'base_alpha_buy': 1.6532479954981032, 'base_loss_gamma': 1.0540146618082618, 'base_loss_smoothing': 0.15420387801318644, 'asym_gamma_sell': 1.7664275325396883, 'asym_gamma_neu': 1.1751816237104022, 'asym_gamma_buy': 0.674299925734418}. Best is trial 104 with value: 0.4828262682077523.
2026-03-24 09:58:16,523 - INFO - 🔍 RAM-Safe Streaming Scan (Treino): 878 arquivos...
2026-03-24 09:59:10,857 - INFO - ✂️ Double-Chunking (Treino): Expondo fatias de 500,000 amostras aleatórias.
2026-03-24 09:59:10,858 - INFO - 🚀 Pre-loading 500,000 samples into RAM (Lightning Mode)...
2026-03-24 10:02:31,100 - INFO - ✅ RAM-Safe Streaming Dataset: 500,000 sequences indexed and PRE-LOADED.
2026-03-24 10:02:31,109 - INFO - ✅ RAM-Safe Streaming Dataset: 500,000 sequences indexed (Mode: Lightning).
2026-03-24 10:02:31,159 - INFO - 🔍 RAM-Safe Streaming Scan (Val): 274 arquivos...
2026-03-24 10:02:44,443 - INFO - ✂️ Double-Chunking (Val): Expondo fatias de 100,000 amostras aleatórias.
2026-03-24 10:02:44,443 - INFO - 🚀 Pre-loading 100,000 samples into RAM (Lightning Mode)...
2026-03-24 10:03:43,232 - INFO - ✅ RAM-Safe Streaming Dataset: 100,000 sequences indexed and PRE-LOADED.
2026-03-24 10:03:43,235 - INFO - ✅ RAM-Safe Streaming Dataset: 100,000 sequences indexed (Mode: Lightning).
2026-03-24 10:03:43,992 - INFO - Trial 163 START | tcn=512, lstm=256, layers=2, batch=1024, seq=96 | RFE=30 | loss=ASYM (g_s=2.11, g_n=0.70, g_b=0.66) | alpha=[1.74, 0.43, 1.58], smooth=0.34
2026-03-24 10:04:47,920 - INFO - T163 E1/10 | [OK] | L: 0.76564196/0.71878247 | F1 M MIN: 0.00153262 D: 0.23988581 | [S/N/B]: [0.4782/0.4180/0.0015] | LR: 0.00121553
2026-03-24 10:05:53,216 - INFO - T163 E2/10 | [OK] | L: 0.74791641/0.70776890 | F1 M MIN: 0.27620283 D: 0.37305118 | [S/N/B]: [0.4699/0.5636/0.2762] | LR: 0.00112704
2026-03-24 10:06:58,456 - INFO - T163 E3/10 | [OK] | L: 0.74302100/0.71128117 | F1 M MIN: 0.30614905 D: 0.38540618 | [S/N/B]: [0.4647/0.4856/0.3061] | LR: 0.00098921
2026-03-24 10:08:04,281 - INFO - T163 E4/10 | [OK] | L: 0.73928572/0.70573639 | F1 M MIN: 0.27120917 D: 0.38712489 | [S/N/B]: [0.5030/0.5732/0.2712] | LR: 0.00081553
2026-03-24 10:09:10,088 - INFO - T163 E5/10 | [OK] | L: 0.73638741/0.70438975 | F1 M MIN: 0.33089936 D: 0.40626267 | [S/N/B]: [0.4816/0.5405/0.3309] | LR: 0.00062301
2026-03-24 10:10:15,744 - INFO - T163 E6/10 | [OK] | L: 0.73377849/0.70385993 | F1 M MIN: 0.33248898 D: 0.41254442 | [S/N/B]: [0.4926/0.5705/0.3325] | LR: 0.00043049
2026-03-24 10:10:15,920 - INFO - Trial 163 pruned by Optuna at epoch 6
2026-03-24 10:10:16,058 - INFO - Trial 163 pruned.
2026-03-24 10:10:16,775 - INFO - 🔍 RAM-Safe Streaming Scan (Treino): 878 arquivos...
2026-03-24 10:11:10,124 - INFO - ✂️ Double-Chunking (Treino): Expondo fatias de 500,000 amostras aleatórias.
2026-03-24 10:11:10,125 - INFO - 🚀 Pre-loading 500,000 samples into RAM (Lightning Mode)...
2026-03-24 10:14:28,583 - INFO - ✅ RAM-Safe Streaming Dataset: 500,000 sequences indexed and PRE-LOADED.
2026-03-24 10:14:28,585 - INFO - ✅ RAM-Safe Streaming Dataset: 500,000 sequences indexed (Mode: Lightning).
2026-03-24 10:14:28,630 - INFO - 🔍 RAM-Safe Streaming Scan (Val): 274 arquivos...
2026-03-24 10:14:42,725 - INFO - ✂️ Double-Chunking (Val): Expondo fatias de 100,000 amostras aleatórias.
2026-03-24 10:14:42,725 - INFO - 🚀 Pre-loading 100,000 samples into RAM (Lightning Mode)...
2026-03-24 10:15:43,322 - INFO - ✅ RAM-Safe Streaming Dataset: 100,000 sequences indexed and PRE-LOADED.
2026-03-24 10:15:43,323 - INFO - ✅ RAM-Safe Streaming Dataset: 100,000 sequences indexed (Mode: Lightning).
2026-03-24 10:15:43,739 - INFO - Trial 164 START | tcn=512, lstm=64, layers=2, batch=1024, seq=192 | RFE=30 | loss=ASYM (g_s=2.43, g_n=0.62, g_b=0.80) | alpha=[1.58, 0.53, 1.76], smooth=0.20
2026-03-24 10:17:53,899 - INFO - T164 E1/10 | [OK] | L: 0.79421256/0.70996145 | F1 M MIN: 0.00058364 D: 0.24923600 | [S/N/B]: [0.0006/0.6102/0.4979] | LR: 0.00042189
2026-03-24 10:20:04,613 - INFO - T164 E2/10 | [OK] | L: 0.74169259/0.69474740 | F1 M MIN: 0.00514623 D: 0.25984225 | [S/N/B]: [0.0051/0.6792/0.5145] | LR: 0.00039117
2026-03-24 10:22:16,077 - INFO - T164 E3/10 | [OK] | L: 0.73213903/0.68834265 | F1 M MIN: 0.00007301 D: 0.26047936 | [S/N/B]: [0.0001/0.7016/0.5209] | LR: 0.00034333
2026-03-24 10:24:27,071 - INFO - T164 E4/10 | [OK] | L: 0.72731688/0.67818999 | F1 M MIN: 0.00403807 D: 0.26979671 | [S/N/B]: [0.0040/0.7471/0.5356] | LR: 0.00028305
2026-03-24 10:26:38,817 - INFO - T164 E5/10 | [OK] | L: 0.72358051/0.68052801 | F1 M MIN: 0.21807618 D: 0.37264991 | [S/N/B]: [0.2181/0.7433/0.5272] | LR: 0.00021623
2026-03-24 10:28:50,276 - INFO - T164 E6/10 | [OK] | L: 0.71916844/0.67789306 | F1 M MIN: 0.31899274 D: 0.41796847 | [S/N/B]: [0.3190/0.7399/0.5169] | LR: 0.00014941
2026-03-24 10:28:50,595 - INFO - Trial 164 pruned by Optuna at epoch 6
