2026-03-23 21:25:38,747 - INFO - Trial 104 finished with value: 0.4828262682077523 and parameters: {'tcn_channels': 512, 'lstm_hidden': 256, 'num_lstm_layers': 3, 'batch_size': 1024, 'dropout': 0.29850697756838795, 'seq_len': 192, 'lr': 0.0014119014092667834, 'weight_decay': 0.00307260944184889, 'base_alpha_sell': 1.3019297806555683, 'base_alpha_neutral': 0.5116811610278855, 'base_alpha_buy': 1.3771822443932018, 'base_loss_gamma': 2.3465549644588033, 'base_loss_smoothing': 0.21487416521411068, 'asym_gamma_sell': 0.7065845572889982, 'asym_gamma_neu': 0.2296374411125106, 'asym_gamma_buy': 0.9391650560016271}. Best is trial 104 with value: 0.4828262682077523.
2026-03-23 21:25:39,578 - INFO - 🔍 RAM-Safe Streaming Scan (Treino): 878 arquivos...
2026-03-23 21:26:35,628 - INFO - ✂️ Double-Chunking (Treino): Expondo fatias de 500,000 amostras aleatórias.
2026-03-23 21:26:35,629 - INFO - 🚀 Pre-loading 500,000 samples into RAM (Lightning Mode)...
2026-03-23 21:29:50,687 - INFO - ✅ RAM-Safe Streaming Dataset: 500,000 sequences indexed and PRE-LOADED.
2026-03-23 21:29:50,689 - INFO - ✅ RAM-Safe Streaming Dataset: 500,000 sequences indexed (Mode: Lightning).
2026-03-23 21:29:50,735 - INFO - 🔍 RAM-Safe Streaming Scan (Val): 274 arquivos...
2026-03-23 21:30:04,993 - INFO - ✂️ Double-Chunking (Val): Expondo fatias de 100,000 amostras aleatórias.
2026-03-23 21:30:04,993 - INFO - 🚀 Pre-loading 100,000 samples into RAM (Lightning Mode)...
2026-03-23 21:31:02,734 - INFO - ✅ RAM-Safe Streaming Dataset: 100,000 sequences indexed and PRE-LOADED.
2026-03-23 21:31:02,736 - INFO - ✅ RAM-Safe Streaming Dataset: 100,000 sequences indexed (Mode: Lightning).
2026-03-23 21:31:03,434 - INFO - Trial 105 START | tcn=512, lstm=256, layers=3, batch=1024, seq=192 | RFE=30 | loss=ASYM (g_s=1.21, g_n=0.48, g_b=1.56) | alpha=[1.66, 0.58, 1.25], smooth=0.17
2026-03-23 21:33:43,346 - INFO - T105 E1/10 | [OK] | L: 0.67950816/0.62959621 | F1 M MIN: 0.00044444 D: 0.26934415 | [S/N/B]: [0.5382/0.7233/0.0004] | LR: 0.00089138
2026-03-23 21:36:25,505 - INFO - T105 E2/10 | [OK] | L: 0.64418225/0.62106934 | F1 M MIN: 0.00081439 D: 0.27403800 | [S/N/B]: [0.5473/0.7517/0.0008] | LR: 0.00082649
2026-03-23 21:39:07,525 - INFO - T105 E3/10 | [OK] | L: 0.63443781/0.60583857 | F1 M MIN: 0.02189255 D: 0.29084370 | [S/N/B]: [0.5598/0.7820/0.0219] | LR: 0.00072542
2026-03-23 21:41:49,820 - INFO - T105 E4/10 | [OK] | L: 0.62682736/0.60932766 | F1 M MIN: 0.23185448 D: 0.39516292 | [S/N/B]: [0.5585/0.7600/0.2319] | LR: 0.00059805
2026-03-23 21:44:32,516 - INFO - T105 E5/10 | [OK] | L: 0.61879099/0.59554781 | F1 M MIN: 0.16924299 D: 0.36975679 | [S/N/B]: [0.5703/0.7962/0.1692] | LR: 0.00045687
2026-03-23 21:47:14,842 - INFO - T105 E6/10 | [OK] | L: 0.61282815/0.59678129 | F1 M MIN: 0.27946996 D: 0.42198406 | [S/N/B]: [0.5645/0.7850/0.2795] | LR: 0.00031569
2026-03-23 21:49:57,969 - INFO - T105 E7/10 | [OK] | L: 0.60801987/0.59478435 | F1 M MIN: 0.23273378 D: 0.39962397 | [S/N/B]: [0.5665/0.7829/0.2327] | LR: 0.00018833
2026-03-23 21:52:40,896 - INFO - T105 E8/10 | [OK] | L: 0.60418747/0.59207287 | F1 M MIN: 0.19861541 D: 0.38602658 | [S/N/B]: [0.5734/0.7925/0.1986] | LR: 0.00008725
2026-03-23 21:55:23,387 - INFO - T105 E9/10 | [OK] | L: 0.60094272/0.59182186 | F1 M MIN: 0.28312252 D: 0.42671684 | [S/N/B]: [0.5703/0.7886/0.2831] | LR: 0.00002236
2026-03-23 21:55:23,602 - INFO - Trial 105 pruned by Optuna at epoch 9
2026-03-23 21:55:23,765 - INFO - Trial 105 pruned.
2026-03-23 21:55:24,637 - INFO - 🔍 RAM-Safe Streaming Scan (Treino): 878 arquivos...
2026-03-23 21:56:18,665 - INFO - ✂️ Double-Chunking (Treino): Expondo fatias de 500,000 amostras aleatórias.
2026-03-23 21:56:18,666 - INFO - 🚀 Pre-loading 500,000 samples into RAM (Lightning Mode)...
2026-03-23 21:59:32,709 - INFO - ✅ RAM-Safe Streaming Dataset: 500,000 sequences indexed and PRE-LOADED.
2026-03-23 21:59:32,711 - INFO - ✅ RAM-Safe Streaming Dataset: 500,000 sequences indexed (Mode: Lightning).
2026-03-23 21:59:32,761 - INFO - 🔍 RAM-Safe Streaming Scan (Val): 274 arquivos...
2026-03-23 21:59:46,808 - INFO - ✂️ Double-Chunking (Val): Expondo fatias de 100,000 amostras aleatórias.
2026-03-23 21:59:46,809 - INFO - 🚀 Pre-loading 100,000 samples into RAM (Lightning Mode)...
2026-03-23 22:00:44,954 - INFO - ✅ RAM-Safe Streaming Dataset: 100,000 sequences indexed and PRE-LOADED.
2026-03-23 22:00:44,955 - INFO - ✅ RAM-Safe Streaming Dataset: 100,000 sequences indexed (Mode: Lightning).
2026-03-23 22:00:45,643 - INFO - Trial 106 START | tcn=64, lstm=256, layers=3, batch=2048, seq=256 | RFE=30 | loss=ASYM (g_s=1.37, g_n=0.21, g_b=0.84) | alpha=[1.77, 0.88, 1.29], smooth=0.03
2026-03-23 22:01:50,370 - INFO - T106 E1/10 | [WARN] ZERO_PENALTY | L: 0.93266782/0.84190273 | F1 M MIN: 0.00000000 D: 0.00000000 | [S/N/B]: [0.5306/0.7005/0.0000] | LR: 0.00037406
2026-03-23 22:02:55,940 - INFO - T106 E2/10 | [WARN] ZERO_PENALTY | L: 0.82328489/0.77907192 | F1 M MIN: 0.00000000 D: 0.00000000 | [S/N/B]: [0.5600/0.7816/0.0000] | LR: 0.00034683
2026-03-23 22:04:01,588 - INFO - T106 E3/10 | [OK] | L: 0.79338134/0.74636868 | F1 M MIN: 0.00007395 D: 0.28681125 | [S/N/B]: [0.5735/0.8131/0.0001] | LR: 0.00030442
2026-03-23 22:05:07,252 - INFO - T106 E4/10 | [OK] | L: 0.77555847/0.75337823 | F1 M MIN: 0.00036959 D: 0.28237151 | [S/N/B]: [0.5644/0.7909/0.0004] | LR: 0.00025097
2026-03-23 22:06:12,772 - INFO - T106 E5/10 | [OK] | L: 0.76459923/0.73812783 | F1 M MIN: 0.00250654 D: 0.28690721 | [S/N/B]: [0.5713/0.8076/0.0025] | LR: 0.00019172
2026-03-23 22:06:12,966 - INFO - Trial 106 pruned by Optuna at epoch 5
2026-03-23 22:06:13,149 - INFO - Trial 106 pruned.
2026-03-23 22:06:14,023 - INFO - 🔍 RAM-Safe Streaming Scan (Treino): 878 arquivos...
2026-03-23 22:07:08,785 - INFO - ✂️ Double-Chunking (Treino): Expondo fatias de 500,000 amostras aleatórias.
2026-03-23 22:07:08,787 - INFO - 🚀 Pre-loading 500,000 samples into RAM (Lightning Mode)...
2026-03-23 22:10:23,470 - INFO - ✅ RAM-Safe Streaming Dataset: 500,000 sequences indexed and PRE-LOADED.
2026-03-23 22:10:23,472 - INFO - ✅ RAM-Safe Streaming Dataset: 500,000 sequences indexed (Mode: Lightning).
2026-03-23 22:10:23,522 - INFO - 🔍 RAM-Safe Streaming Scan (Val): 274 arquivos...
2026-03-23 22:10:37,647 - INFO - ✂️ Double-Chunking (Val): Expondo fatias de 100,000 amostras aleatórias.
2026-03-23 22:10:37,648 - INFO - 🚀 Pre-loading 100,000 samples into RAM (Lightning Mode)...
2026-03-23 22:11:35,693 - INFO - ✅ RAM-Safe Streaming Dataset: 100,000 sequences indexed and PRE-LOADED.
2026-03-23 22:11:35,694 - INFO - ✅ RAM-Safe Streaming Dataset: 100,000 sequences indexed (Mode: Lightning).
2026-03-23 22:11:36,399 - INFO - Trial 107 START | tcn=512, lstm=256, layers=3, batch=1024, seq=192 | RFE=30 | loss=ASYM (g_s=0.73, g_n=0.17, g_b=0.54) | alpha=[1.50, 0.36, 1.47], smooth=0.31
2026-03-23 22:14:16,634 - INFO - T107 E1/10 | [OK] | L: 0.82707806/0.77633775 | F1 M MIN: 0.00066595 D: 0.24173648 | [S/N/B]: [0.4828/0.4423/0.0007] | LR: 0.00174463
2026-03-23 22:16:57,462 - INFO - T107 E2/10 | [WARN] ZERO_PENALTY | L: 0.80498182/0.76314575 | F1 M MIN: 0.00000000 D: 0.00000000 | [S/N/B]: [0.5252/0.6626/0.0000] | LR: 0.00161762
2026-03-23 22:19:39,002 - INFO - T107 E3/10 | [OK] | L: 0.80137651/0.76422274 | F1 M MIN: 0.10062247 D: 0.33261388 | [S/N/B]: [0.1006/0.5608/0.5646] | LR: 0.00141979
2026-03-23 22:22:20,169 - INFO - T107 E4/10 | [OK] | L: 0.79951428/0.76274074 | F1 M MIN: 0.22124147 D: 0.35687852 | [S/N/B]: [0.4925/0.6436/0.2212] | LR: 0.00117052
2026-03-23 22:25:02,183 - INFO - T107 E5/10 | [OK] | L: 0.79767753/0.76195829 | F1 M MIN: 0.01791153 D: 0.26818754 | [S/N/B]: [0.5185/0.6259/0.0179] | LR: 0.00089420
2026-03-23 22:27:44,120 - INFO - T107 E6/10 | [OK] | L: 0.79555602/0.75931807 | F1 M MIN: 0.35287056 D: 0.42329548 | [S/N/B]: [0.4937/0.6385/0.3529] | LR: 0.00061787
2026-03-23 22:30:26,049 - INFO - T107 E7/10 | [OK] | L: 0.79066211/0.75472281 | F1 M MIN: 0.33788737 D: 0.43348516 | [S/N/B]: [0.5291/0.6228/0.3379] | LR: 0.00036860
2026-03-23 22:33:07,755 - INFO - T107 E8/10 | [OK] | L: 0.78610059/0.75473722 | F1 M MIN: 0.38848675 D: 0.44643759 | [S/N/B]: [0.5044/0.6114/0.3885] | LR: 0.00017078
2026-03-23 22:35:50,517 - INFO - T107 E9/10 | [OK] | L: 0.78318068/0.75390448 | F1 M MIN: 0.41377811 D: 0.45357344 | [S/N/B]: [0.4934/0.6322/0.4138] | LR: 0.00004377
2026-03-23 22:38:32,860 - INFO - T107 E10/10 | [OK] | L: 0.78140670/0.75502109 | F1 M MIN: 0.41288867 D: 0.45187834 | [S/N/B]: [0.4909/0.6239/0.4129] | LR: 0.00000000
2026-03-23 22:38:33,455 - INFO - Trial 107 finished with value: 0.4137781121979768 and parameters: {'tcn_channels': 512, 'lstm_hidden': 256, 'num_lstm_layers': 3, 'batch_size': 1024, 'dropout': 0.25353711587963934, 'seq_len': 192, 'lr': 0.0017883919173558532, 'weight_decay': 0.0016666182248623353, 'base_alpha_sell': 1.4955591967908488, 'base_alpha_neutral': 0.3616798285989989, 'base_alpha_buy': 1.472762259609072, 'base_loss_gamma': 2.9156682490358183, 'base_loss_smoothing': 0.30949097835967543, 'asym_gamma_sell': 0.730754849240894, 'asym_gamma_neu': 0.16582777337140964, 'asym_gamma_buy': 0.5407833815113542}. Best is trial 104 with value: 0.4828262682077523.
2026-03-23 22:38:34,482 - INFO - 🔍 RAM-Safe Streaming Scan (Treino): 878 arquivos...
2026-03-23 22:39:29,908 - INFO - ✂️ Double-Chunking (Treino): Expondo fatias de 500,000 amostras aleatórias.
2026-03-23 22:39:29,911 - INFO - 🚀 Pre-loading 500,000 samples into RAM (Lightning Mode)...
2026-03-23 22:42:40,630 - INFO - ✅ RAM-Safe Streaming Dataset: 500,000 sequences indexed and PRE-LOADED.
2026-03-23 22:42:40,632 - INFO - ✅ RAM-Safe Streaming Dataset: 500,000 sequences indexed (Mode: Lightning).
2026-03-23 22:42:40,681 - INFO - 🔍 RAM-Safe Streaming Scan (Val): 274 arquivos...
2026-03-23 22:42:54,712 - INFO - ✂️ Double-Chunking (Val): Expondo fatias de 100,000 amostras aleatórias.
2026-03-23 22:42:54,713 - INFO - 🚀 Pre-loading 100,000 samples into RAM (Lightning Mode)...
2026-03-23 22:43:52,029 - INFO - ✅ RAM-Safe Streaming Dataset: 100,000 sequences indexed and PRE-LOADED.
2026-03-23 22:43:52,030 - INFO - ✅ RAM-Safe Streaming Dataset: 100,000 sequences indexed (Mode: Lightning).
2026-03-23 22:43:52,546 - INFO - Trial 108 START | tcn=512, lstm=256, layers=3, batch=1024, seq=96 | RFE=30 | loss=ASYM (g_s=1.38, g_n=0.21, g_b=1.00) | alpha=[1.65, 0.55, 1.77], smooth=0.28
2026-03-23 22:45:02,785 - INFO - T108 E1/10 | [WARN] ZERO_PENALTY | L: 0.91910340/0.87831008 | F1 M MIN: 0.00000000 D: 0.00000000 | [S/N/B]: [0.0000/0.6566/0.5111] | LR: 0.00177226
2026-03-23 22:46:13,162 - INFO - T108 E2/10 | [OK] | L: 0.89552821/0.87436422 | F1 M MIN: 0.28967002 D: 0.42392212 | [S/N/B]: [0.5582/0.6727/0.2897] | LR: 0.00164324
2026-03-23 22:47:24,611 - INFO - T108 E3/10 | [WARN] ZERO_PENALTY | L: 0.88959677/0.86499432 | F1 M MIN: 0.00000000 D: 0.00000000 | [S/N/B]: [0.0000/0.7431/0.5352] | LR: 0.00144228
2026-03-23 22:48:35,476 - INFO - T108 E4/10 | [OK] | L: 0.88622310/0.86404181 | F1 M MIN: 0.31310509 D: 0.42399725 | [S/N/B]: [0.5349/0.7239/0.3131] | LR: 0.00118906
2026-03-23 22:49:47,206 - INFO - T108 E5/10 | [OK] | L: 0.88349442/0.86034953 | F1 M MIN: 0.43495763 D: 0.44081278 | [S/N/B]: [0.4467/0.7444/0.4350] | LR: 0.00090836
2026-03-23 22:50:58,750 - INFO - T108 E6/10 | [OK] | L: 0.87941424/0.86375448 | F1 M MIN: 0.42188011 D: 0.43770820 | [S/N/B]: [0.4219/0.6850/0.4535] | LR: 0.00062766
2026-03-23 22:52:10,041 - INFO - T108 E7/10 | [OK] | L: 0.87537800/0.85748199 | F1 M MIN: 0.32788020 D: 0.41965754 | [S/N/B]: [0.3279/0.7338/0.5114] | LR: 0.00037444
2026-03-23 22:53:21,122 - INFO - T108 E8/10 | [OK] | L: 0.87152903/0.85720619 | F1 M MIN: 0.44848797 D: 0.45511027 | [S/N/B]: [0.4485/0.7410/0.4617] | LR: 0.00017348
2026-03-23 22:54:33,012 - INFO - T108 E9/10 | [OK] | L: 0.86822267/0.85718953 | F1 M MIN: 0.44841004 D: 0.45640269 | [S/N/B]: [0.4484/0.7466/0.4644] | LR: 0.00004446
2026-03-23 22:55:44,498 - INFO - T108 E10/10 | [OK] | L: 0.86589290/0.85816471 | F1 M MIN: 0.44473225 D: 0.45383743 | [S/N/B]: [0.4447/0.7388/0.4629] | LR: 0.00000000
2026-03-23 22:55:44,852 - INFO - Trial 108 finished with value: 0.44848797140188723 and parameters: {'tcn_channels': 512, 'lstm_hidden': 256, 'num_lstm_layers': 3, 'batch_size': 1024, 'dropout': 0.24349953881173528, 'seq_len': 96, 'lr': 0.0018167217129627228, 'weight_decay': 0.0017036614493362136, 'base_alpha_sell': 1.6496630499110172, 'base_alpha_neutral': 0.5458213783269651, 'base_alpha_buy': 1.7731688016043559, 'base_loss_gamma': 3.113805277256677, 'base_loss_smoothing': 0.2766651410562654, 'asym_gamma_sell': 1.3833953331222215, 'asym_gamma_neu': 0.21060213730285457, 'asym_gamma_buy': 0.999188350766464}. Best is trial 104 with value: 0.4828262682077523.
2026-03-23 22:55:45,528 - INFO - 🔍 RAM-Safe Streaming Scan (Treino): 878 arquivos...
2026-03-23 22:56:38,449 - INFO - ✂️ Double-Chunking (Treino): Expondo fatias de 500,000 amostras aleatórias.
2026-03-23 22:56:38,450 - INFO - 🚀 Pre-loading 500,000 samples into RAM (Lightning Mode)...
2026-03-23 22:59:48,411 - INFO - ✅ RAM-Safe Streaming Dataset: 500,000 sequences indexed and PRE-LOADED.
2026-03-23 22:59:48,417 - INFO - ✅ RAM-Safe Streaming Dataset: 500,000 sequences indexed (Mode: Lightning).
2026-03-23 22:59:48,468 - INFO - 🔍 RAM-Safe Streaming Scan (Val): 274 arquivos...
2026-03-23 23:00:02,354 - INFO - ✂️ Double-Chunking (Val): Expondo fatias de 100,000 amostras aleatórias.
2026-03-23 23:00:02,355 - INFO - 🚀 Pre-loading 100,000 samples into RAM (Lightning Mode)...
2026-03-23 23:01:00,963 - INFO - ✅ RAM-Safe Streaming Dataset: 100,000 sequences indexed and PRE-LOADED.
2026-03-23 23:01:00,964 - INFO - ✅ RAM-Safe Streaming Dataset: 100,000 sequences indexed (Mode: Lightning).
2026-03-23 23:01:01,435 - INFO - Trial 109 START | tcn=512, lstm=256, layers=4, batch=1024, seq=192 | RFE=30 | loss=ASYM (g_s=2.59, g_n=0.44, g_b=0.60) | alpha=[1.17, 0.49, 1.36], smooth=0.33
2026-03-23 23:03:54,168 - INFO - T109 E1/10 | [WARN] ZERO_PENALTY | L: 0.57277572/0.56494894 | F1 M MIN: 0.00000000 D: 0.00000000 | [S/N/B]: [0.0000/0.6594/0.5153] | LR: 0.00131736
2026-03-23 23:06:47,876 - INFO - T109 E2/10 | [WARN] ZERO_PENALTY | L: 0.55633998/0.56009552 | F1 M MIN: 0.00000000 D: 0.00000000 | [S/N/B]: [0.0000/0.6800/0.5207] | LR: 0.00122145
2026-03-23 23:09:42,375 - INFO - T109 E3/10 | [WARN] ZERO_PENALTY | L: 0.55256094/0.55521653 | F1 M MIN: 0.00000000 D: 0.00000000 | [S/N/B]: [0.0000/0.7246/0.5332] | LR: 0.00107208
2026-03-23 23:12:36,504 - INFO - T109 E4/10 | [WARN] ZERO_PENALTY | L: 0.54992876/0.55332772 | F1 M MIN: 0.00000000 D: 0.00000000 | [S/N/B]: [0.0000/0.7329/0.5359] | LR: 0.00088385
2026-03-23 23:12:36,655 - INFO - Trial 109 stopped early due to patience limit (4 epochs without improvement)
2026-03-23 23:12:36,953 - INFO - Trial 109 finished with value: 0.0 and parameters: {'tcn_channels': 512, 'lstm_hidden': 256, 'num_lstm_layers': 4, 'batch_size': 1024, 'dropout': 0.20880430226948668, 'seq_len': 192, 'lr': 0.0013504067364264285, 'weight_decay': 0.0010134822472385781, 'base_alpha_sell': 1.1711427992837633, 'base_alpha_neutral': 0.4915398640122371, 'base_alpha_buy': 1.3574718696592845, 'base_loss_gamma': 3.6481716247137124, 'base_loss_smoothing': 0.3310856787125384, 'asym_gamma_sell': 2.5929868198945805, 'asym_gamma_neu': 0.4362456136569827, 'asym_gamma_buy': 0.5994280176307076}. Best is trial 104 with value: 0.4828262682077523.
2026-03-23 23:12:37,756 - INFO - 🔍 RAM-Safe Streaming Scan (Treino): 878 arquivos...
2026-03-23 23:13:34,350 - INFO - ✂️ Double-Chunking (Treino): Expondo fatias de 500,000 amostras aleatórias.
2026-03-23 23:13:34,357 - INFO - 🚀 Pre-loading 500,000 samples into RAM (Lightning Mode)...
2026-03-23 23:16:46,377 - INFO - ✅ RAM-Safe Streaming Dataset: 500,000 sequences indexed and PRE-LOADED.
2026-03-23 23:16:46,379 - INFO - ✅ RAM-Safe Streaming Dataset: 500,000 sequences indexed (Mode: Lightning).
2026-03-23 23:16:46,424 - INFO - 🔍 RAM-Safe Streaming Scan (Val): 274 arquivos...
2026-03-23 23:17:00,208 - INFO - ✂️ Double-Chunking (Val): Expondo fatias de 100,000 amostras aleatórias.
2026-03-23 23:17:00,209 - INFO - 🚀 Pre-loading 100,000 samples into RAM (Lightning Mode)...
2026-03-23 23:17:57,510 - INFO - ✅ RAM-Safe Streaming Dataset: 100,000 sequences indexed and PRE-LOADED.
2026-03-23 23:17:57,512 - INFO - ✅ RAM-Safe Streaming Dataset: 100,000 sequences indexed (Mode: Lightning).
2026-03-23 23:17:57,952 - INFO - Trial 110 START | tcn=512, lstm=256, layers=4, batch=1024, seq=96 | RFE=30 | loss=ASYM (g_s=2.04, g_n=0.62, g_b=2.10) | alpha=[1.79, 0.54, 1.76], smooth=0.24
2026-03-23 23:19:13,707 - INFO - T110 E1/10 | [OK] | L: 0.76848488/0.70518745 | F1 M MIN: 0.17174932 D: 0.38237905 | [S/N/B]: [0.1717/0.6626/0.5930] | LR: 0.00158877
2026-03-23 23:20:29,721 - INFO - T110 E2/10 | [OK] | L: 0.72323250/0.69865650 | F1 M MIN: 0.03667018 D: 0.27537980 | [S/N/B]: [0.5141/0.6572/0.0367] | LR: 0.00147311
2026-03-23 23:21:46,719 - INFO - T110 E3/10 | [WARN] ZERO_PENALTY | L: 0.71599463/0.69188241 | F1 M MIN: 0.00000000 D: 0.00000000 | [S/N/B]: [0.5352/0.7266/0.0000] | LR: 0.00129295
2026-03-23 23:23:02,967 - INFO - T110 E4/10 | [WARN] ZERO_PENALTY | L: 0.71267377/0.69240244 | F1 M MIN: 0.00000000 D: 0.00000000 | [S/N/B]: [0.5271/0.6983/0.0000] | LR: 0.00106595
2026-03-23 23:24:20,079 - INFO - T110 E5/10 | [OK] | L: 0.70965982/0.69619304 | F1 M MIN: 0.06827800 D: 0.30563885 | [S/N/B]: [0.5430/0.6755/0.0683] | LR: 0.00081431
2026-03-23 23:24:20,135 - INFO - Trial 110 stopped early due to patience limit (4 epochs without improvement)
2026-03-23 23:24:20,328 - INFO - Trial 110 finished with value: 0.17174932402368484 and parameters: {'tcn_channels': 512, 'lstm_hidden': 256, 'num_lstm_layers': 4, 'batch_size': 1024, 'dropout': 0.26055934086815924, 'seq_len': 96, 'lr': 0.0016286250183915251, 'weight_decay': 0.0007884716883201021, 'base_alpha_sell': 1.7942354037166124, 'base_alpha_neutral': 0.539554764904223, 'base_alpha_buy': 1.763610641527097, 'base_loss_gamma': 4.2050130045585465, 'base_loss_smoothing': 0.23927445173321038, 'asym_gamma_sell': 2.0369179522076073, 'asym_gamma_neu': 0.6198589407805533, 'asym_gamma_buy': 2.098320078316307}. Best is trial 104 with value: 0.4828262682077523.
2026-03-23 23:24:21,128 - INFO - 🔍 RAM-Safe Streaming Scan (Treino): 878 arquivos...
2026-03-23 23:25:15,227 - INFO - ✂️ Double-Chunking (Treino): Expondo fatias de 500,000 amostras aleatórias.
2026-03-23 23:25:15,228 - INFO - 🚀 Pre-loading 500,000 samples into RAM (Lightning Mode)...
2026-03-23 23:28:30,054 - INFO - ✅ RAM-Safe Streaming Dataset: 500,000 sequences indexed and PRE-LOADED.
2026-03-23 23:28:30,055 - INFO - ✅ RAM-Safe Streaming Dataset: 500,000 sequences indexed (Mode: Lightning).
2026-03-23 23:28:30,104 - INFO - 🔍 RAM-Safe Streaming Scan (Val): 274 arquivos...
2026-03-23 23:28:44,249 - INFO - ✂️ Double-Chunking (Val): Expondo fatias de 100,000 amostras aleatórias.
2026-03-23 23:28:44,250 - INFO - 🚀 Pre-loading 100,000 samples into RAM (Lightning Mode)...
2026-03-23 23:29:41,419 - INFO - ✅ RAM-Safe Streaming Dataset: 100,000 sequences indexed and PRE-LOADED.
2026-03-23 23:29:41,420 - INFO - ✅ RAM-Safe Streaming Dataset: 100,000 sequences indexed (Mode: Lightning).
2026-03-23 23:29:41,878 - INFO - Trial 111 START | tcn=512, lstm=256, layers=2, batch=1024, seq=192 | RFE=30 | loss=ASYM (g_s=0.65, g_n=0.90, g_b=1.57) | alpha=[1.00, 0.46, 1.52], smooth=0.18
2026-03-23 23:32:12,219 - INFO - T111 E1/10 | [WARN] ZERO_PENALTY | L: 0.53899828/0.48142163 | F1 M MIN: 0.00000000 D: 0.00000000 | [S/N/B]: [0.0000/0.6332/0.5051] | LR: 0.00088576
2026-03-23 23:34:43,692 - INFO - T111 E2/10 | [WARN] ZERO_PENALTY | L: 0.51389940/0.46907802 | F1 M MIN: 0.00000000 D: 0.00000000 | [S/N/B]: [0.0000/0.6692/0.5144] | LR: 0.00082127
2026-03-23 23:37:16,044 - INFO - T111 E3/10 | [OK] | L: 0.50530009/0.46394529 | F1 M MIN: 0.30306887 D: 0.40898621 | [S/N/B]: [0.3031/0.7149/0.5149] | LR: 0.00072084
2026-03-23 23:39:47,754 - INFO - T111 E4/10 | [OK] | L: 0.49840904/0.45842670 | F1 M MIN: 0.21724921 D: 0.37154595 | [S/N/B]: [0.2172/0.6990/0.5258] | LR: 0.00059428
2026-03-23 23:42:20,295 - INFO - T111 E5/10 | [OK] | L: 0.49354862/0.45713731 | F1 M MIN: 0.16334614 D: 0.34770864 | [S/N/B]: [0.1633/0.7079/0.5321] | LR: 0.00045399
2026-03-23 23:44:52,284 - INFO - T111 E6/10 | [OK] | L: 0.48960049/0.45684008 | F1 M MIN: 0.18179138 D: 0.35673799 | [S/N/B]: [0.1818/0.7039/0.5317] | LR: 0.00031370
2026-03-23 23:44:52,466 - INFO - Trial 111 pruned by Optuna at epoch 6
