2026-03-26 01:10:37,689 - INFO - Trial 305 pruned.
2026-03-26 01:10:38,322 - INFO - 🔍 RAM-Safe Streaming Scan (Treino): 878 arquivos...
2026-03-26 01:11:27,356 - INFO - ✂️ Double-Chunking (Treino): Expondo fatias de 500,000 amostras aleatórias.
2026-03-26 01:11:27,357 - INFO - 🚀 Pre-loading 500,000 samples into RAM (Lightning Mode)...
2026-03-26 01:14:32,033 - INFO - ✅ RAM-Safe Streaming Dataset: 500,000 sequences indexed and PRE-LOADED.
2026-03-26 01:14:32,034 - INFO - ✅ RAM-Safe Streaming Dataset: 500,000 sequences indexed (Mode: Lightning).
2026-03-26 01:14:32,084 - INFO - 🔍 RAM-Safe Streaming Scan (Val): 274 arquivos...
2026-03-26 01:14:44,466 - INFO - ✂️ Double-Chunking (Val): Expondo fatias de 100,000 amostras aleatórias.
2026-03-26 01:14:44,466 - INFO - 🚀 Pre-loading 100,000 samples into RAM (Lightning Mode)...
2026-03-26 01:15:40,329 - INFO - ✅ RAM-Safe Streaming Dataset: 100,000 sequences indexed and PRE-LOADED.
2026-03-26 01:15:40,330 - INFO - ✅ RAM-Safe Streaming Dataset: 100,000 sequences indexed (Mode: Lightning).
2026-03-26 01:15:40,688 - INFO - Trial 306 START | tcn=256, lstm=128, layers=2, batch=512, seq=192 | RFE=30 | loss=ASYM (g_s=1.13, g_n=1.49, g_b=2.14) | alpha=[1.22, 0.57, 1.40], smooth=0.35
2026-03-26 01:16:49,750 - INFO - T306 E1/10 | [OK] | L: 0.52336603/0.48248126 | F1 M MIN: 0.24179928 D: 0.35853913 | [S/N/B]: [0.2418/0.6517/0.4753] | LR: 0.00118472
2026-03-26 01:17:59,530 - INFO - T306 E2/10 | [OK] | L: 0.50962196/0.47402578 | F1 M MIN: 0.05957476 D: 0.29331519 | [S/N/B]: [0.0596/0.7266/0.5271] | LR: 0.00109848
2026-03-26 01:19:09,307 - INFO - T306 E3/10 | [OK] | L: 0.50564116/0.46904028 | F1 M MIN: 0.23046540 D: 0.37194644 | [S/N/B]: [0.2305/0.7535/0.5134] | LR: 0.00096414
2026-03-26 01:20:19,246 - INFO - T306 E4/10 | [OK] | L: 0.50248131/0.46840451 | F1 M MIN: 0.43607878 D: 0.45853581 | [S/N/B]: [0.4361/0.7389/0.4810] | LR: 0.00079486
2026-03-26 01:21:29,155 - INFO - T306 E5/10 | [OK] | L: 0.49862410/0.46569779 | F1 M MIN: 0.37537965 D: 0.44697419 | [S/N/B]: [0.3754/0.7426/0.5186] | LR: 0.00060722
2026-03-26 01:22:39,715 - INFO - T306 E6/10 | [OK] | L: 0.49594338/0.46550473 | F1 M MIN: 0.46241520 D: 0.47089237 | [S/N/B]: [0.4794/0.7330/0.4624] | LR: 0.00041958
2026-03-26 01:23:49,429 - INFO - T306 E7/10 | [OK] | L: 0.49383895/0.46324948 | F1 M MIN: 0.43262993 D: 0.47789186 | [S/N/B]: [0.5232/0.7741/0.4326] | LR: 0.00025031
2026-03-26 01:24:59,849 - INFO - T306 E8/10 | [OK] | L: 0.49206594/0.46335057 | F1 M MIN: 0.46422712 D: 0.47462670 | [S/N/B]: [0.4642/0.7486/0.4850] | LR: 0.00011597
2026-03-26 01:26:09,900 - INFO - T306 E9/10 | [OK] | L: 0.49058731/0.46389507 | F1 M MIN: 0.42616678 D: 0.46438969 | [S/N/B]: [0.4262/0.7336/0.5026] | LR: 0.00002972
2026-03-26 01:27:19,796 - INFO - T306 E10/10 | [OK] | L: 0.48962690/0.46406530 | F1 M MIN: 0.47298986 D: 0.47502529 | [S/N/B]: [0.4730/0.7404/0.4771] | LR: 0.00000000
2026-03-26 01:27:20,122 - INFO - Trial 306 finished with value: 0.4729898625190946 and parameters: {'tcn_channels': 256, 'lstm_hidden': 128, 'num_lstm_layers': 2, 'batch_size': 512, 'dropout': 0.3396801304458094, 'seq_len': 192, 'lr': 0.001214444172163205, 'weight_decay': 0.0017448954559343077, 'base_alpha_sell': 1.222959411910244, 'base_alpha_neutral': 0.5697921875513178, 'base_alpha_buy': 1.398918538848302, 'base_loss_gamma': 1.8357469311632841, 'base_loss_smoothing': 0.3493018851003664, 'asym_gamma_sell': 1.1303752837719392, 'asym_gamma_neu': 1.4910319097313853, 'asym_gamma_buy': 2.142998867331348}. Best is trial 299 with value: 0.5035109606130814.
2026-03-26 01:27:20,654 - INFO - 🔍 RAM-Safe Streaming Scan (Treino): 878 arquivos...
2026-03-26 01:28:09,593 - INFO - ✂️ Double-Chunking (Treino): Expondo fatias de 500,000 amostras aleatórias.
2026-03-26 01:28:09,594 - INFO - 🚀 Pre-loading 500,000 samples into RAM (Lightning Mode)...
2026-03-26 01:31:16,506 - INFO - ✅ RAM-Safe Streaming Dataset: 500,000 sequences indexed and PRE-LOADED.
2026-03-26 01:31:16,510 - INFO - ✅ RAM-Safe Streaming Dataset: 500,000 sequences indexed (Mode: Lightning).
2026-03-26 01:31:16,557 - INFO - 🔍 RAM-Safe Streaming Scan (Val): 274 arquivos...
2026-03-26 01:31:28,926 - INFO - ✂️ Double-Chunking (Val): Expondo fatias de 100,000 amostras aleatórias.
2026-03-26 01:31:28,926 - INFO - 🚀 Pre-loading 100,000 samples into RAM (Lightning Mode)...
2026-03-26 01:32:25,073 - INFO - ✅ RAM-Safe Streaming Dataset: 100,000 sequences indexed and PRE-LOADED.
2026-03-26 01:32:25,074 - INFO - ✅ RAM-Safe Streaming Dataset: 100,000 sequences indexed (Mode: Lightning).
2026-03-26 01:32:25,440 - INFO - Trial 307 START | tcn=256, lstm=128, layers=2, batch=512, seq=192 | RFE=30 | loss=ASYM (g_s=1.90, g_n=1.51, g_b=1.32) | alpha=[0.84, 0.64, 1.38], smooth=0.33
2026-03-26 01:33:34,343 - INFO - T307 E1/10 | [WARN] ZERO_PENALTY | L: 0.41465701/0.37816292 | F1 M MIN: 0.00000000 D: 0.00000000 | [S/N/B]: [0.0000/0.7623/0.5436] | LR: 0.00117127
2026-03-26 01:34:44,424 - INFO - T307 E2/10 | [WARN] ZERO_PENALTY | L: 0.39922457/0.37877370 | F1 M MIN: 0.00000000 D: 0.00000000 | [S/N/B]: [0.0000/0.7206/0.5321] | LR: 0.00108600
2026-03-26 01:35:54,396 - INFO - T307 E3/10 | [WARN] ZERO_PENALTY | L: 0.39513615/0.37156065 | F1 M MIN: 0.00000000 D: 0.00000000 | [S/N/B]: [0.0000/0.7696/0.5477] | LR: 0.00095319
2026-03-26 01:37:04,521 - INFO - T307 E4/10 | [OK] | L: 0.39162416/0.36994731 | F1 M MIN: 0.00167151 D: 0.27719094 | [S/N/B]: [0.0017/0.7809/0.5527] | LR: 0.00078584
2026-03-26 01:38:14,502 - INFO - T307 E5/10 | [OK] | L: 0.38842253/0.36872026 | F1 M MIN: 0.03766784 D: 0.29311240 | [S/N/B]: [0.0377/0.7607/0.5486] | LR: 0.00060033
2026-03-26 01:38:14,632 - INFO - Trial 307 pruned by Optuna at epoch 5
2026-03-26 01:38:14,723 - INFO - Trial 307 pruned.
2026-03-26 01:38:15,335 - INFO - 🔍 RAM-Safe Streaming Scan (Treino): 878 arquivos...
2026-03-26 01:39:03,412 - INFO - ✂️ Double-Chunking (Treino): Expondo fatias de 500,000 amostras aleatórias.
2026-03-26 01:39:03,413 - INFO - 🚀 Pre-loading 500,000 samples into RAM (Lightning Mode)...
2026-03-26 01:42:05,185 - INFO - ✅ RAM-Safe Streaming Dataset: 500,000 sequences indexed and PRE-LOADED.
2026-03-26 01:42:05,186 - INFO - ✅ RAM-Safe Streaming Dataset: 500,000 sequences indexed (Mode: Lightning).
2026-03-26 01:42:05,235 - INFO - 🔍 RAM-Safe Streaming Scan (Val): 274 arquivos...
2026-03-26 01:42:17,423 - INFO - ✂️ Double-Chunking (Val): Expondo fatias de 100,000 amostras aleatórias.
2026-03-26 01:42:17,423 - INFO - 🚀 Pre-loading 100,000 samples into RAM (Lightning Mode)...
2026-03-26 01:43:13,867 - INFO - ✅ RAM-Safe Streaming Dataset: 100,000 sequences indexed and PRE-LOADED.
2026-03-26 01:43:13,868 - INFO - ✅ RAM-Safe Streaming Dataset: 100,000 sequences indexed (Mode: Lightning).
2026-03-26 01:43:14,249 - INFO - Trial 308 START | tcn=512, lstm=128, layers=3, batch=1024, seq=144 | RFE=30 | loss=ASYM (g_s=3.62, g_n=0.93, g_b=3.64) | alpha=[1.76, 0.83, 1.65], smooth=0.13
2026-03-26 01:44:52,434 - INFO - T308 E1/10 | [OK] | L: 0.59008477/0.55264360 | F1 M MIN: 0.00255811 D: 0.27626157 | [S/N/B]: [0.5500/0.7650/0.0026] | LR: 0.00028741
2026-03-26 01:46:31,166 - INFO - T308 E2/10 | [OK] | L: 0.52487170/0.52197858 | F1 M MIN: 0.00386988 D: 0.28754077 | [S/N/B]: [0.5712/0.8171/0.0039] | LR: 0.00026648
2026-03-26 01:48:10,707 - INFO - T308 E3/10 | [OK] | L: 0.50930260/0.51917302 | F1 M MIN: 0.10879969 D: 0.33132903 | [S/N/B]: [0.5539/0.8020/0.1088] | LR: 0.00023389
2026-03-26 01:49:49,692 - INFO - T308 E4/10 | [OK] | L: 0.50116375/0.51259714 | F1 M MIN: 0.04011441 D: 0.30567456 | [S/N/B]: [0.5712/0.8204/0.0401] | LR: 0.00019283
2026-03-26 01:51:29,131 - INFO - T308 E5/10 | [OK] | L: 0.49572195/0.50505339 | F1 M MIN: 0.07530309 D: 0.32677431 | [S/N/B]: [0.5782/0.8340/0.0753] | LR: 0.00014731
2026-03-26 01:51:29,239 - INFO - Trial 308 pruned by Optuna at epoch 5
2026-03-26 01:51:29,344 - INFO - Trial 308 pruned.
2026-03-26 01:51:29,981 - INFO - 🔍 RAM-Safe Streaming Scan (Treino): 878 arquivos...
2026-03-26 01:52:18,899 - INFO - ✂️ Double-Chunking (Treino): Expondo fatias de 500,000 amostras aleatórias.
2026-03-26 01:52:18,900 - INFO - 🚀 Pre-loading 500,000 samples into RAM (Lightning Mode)...
2026-03-26 01:55:24,673 - INFO - ✅ RAM-Safe Streaming Dataset: 500,000 sequences indexed and PRE-LOADED.
2026-03-26 01:55:24,675 - INFO - ✅ RAM-Safe Streaming Dataset: 500,000 sequences indexed (Mode: Lightning).
2026-03-26 01:55:24,724 - INFO - 🔍 RAM-Safe Streaming Scan (Val): 274 arquivos...
2026-03-26 01:55:36,779 - INFO - ✂️ Double-Chunking (Val): Expondo fatias de 100,000 amostras aleatórias.
2026-03-26 01:55:36,779 - INFO - 🚀 Pre-loading 100,000 samples into RAM (Lightning Mode)...
2026-03-26 01:56:33,465 - INFO - ✅ RAM-Safe Streaming Dataset: 100,000 sequences indexed and PRE-LOADED.
2026-03-26 01:56:33,466 - INFO - ✅ RAM-Safe Streaming Dataset: 100,000 sequences indexed (Mode: Lightning).
2026-03-26 01:56:33,819 - INFO - Trial 309 START | tcn=256, lstm=256, layers=2, batch=512, seq=256 | RFE=30 | loss=ASYM (g_s=2.93, g_n=0.93, g_b=1.76) | alpha=[1.82, 1.04, 1.54], smooth=0.16
2026-03-26 01:58:16,441 - INFO - T309 E1/10 | [WARN] ZERO_PENALTY | L: 0.76925291/0.74155012 | F1 M MIN: 0.00000000 D: 0.00000000 | [S/N/B]: [0.5701/0.8057/0.0000] | LR: 0.00137215
2026-03-26 02:00:00,490 - INFO - T309 E2/10 | [WARN] ZERO_PENALTY | L: 0.72712244/0.69967234 | F1 M MIN: 0.00000000 D: 0.00000000 | [S/N/B]: [0.5944/0.8546/0.0000] | LR: 0.00127226
2026-03-26 02:01:44,613 - INFO - T309 E3/10 | [OK] | L: 0.71727474/0.69614947 | F1 M MIN: 0.00014763 D: 0.29592285 | [S/N/B]: [0.5917/0.8501/0.0001] | LR: 0.00111667
2026-03-26 02:03:28,908 - INFO - T309 E4/10 | [OK] | L: 0.71106003/0.69329029 | F1 M MIN: 0.01872958 D: 0.30378466 | [S/N/B]: [0.5888/0.8486/0.0187] | LR: 0.00092061
2026-03-26 02:05:13,399 - INFO - T309 E5/10 | [OK] | L: 0.70663190/0.69264786 | F1 M MIN: 0.10068543 D: 0.34288024 | [S/N/B]: [0.5851/0.8524/0.1007] | LR: 0.00070329
2026-03-26 02:05:13,531 - INFO - Trial 309 pruned by Optuna at epoch 5
2026-03-26 02:05:13,636 - INFO - Trial 309 pruned.
2026-03-26 02:05:14,252 - INFO - 🔍 RAM-Safe Streaming Scan (Treino): 878 arquivos...
2026-03-26 02:06:02,079 - INFO - ✂️ Double-Chunking (Treino): Expondo fatias de 500,000 amostras aleatórias.
2026-03-26 02:06:02,080 - INFO - 🚀 Pre-loading 500,000 samples into RAM (Lightning Mode)...
2026-03-26 02:09:06,663 - INFO - ✅ RAM-Safe Streaming Dataset: 500,000 sequences indexed and PRE-LOADED.
2026-03-26 02:09:06,665 - INFO - ✅ RAM-Safe Streaming Dataset: 500,000 sequences indexed (Mode: Lightning).
2026-03-26 02:09:06,709 - INFO - 🔍 RAM-Safe Streaming Scan (Val): 274 arquivos...
2026-03-26 02:09:19,296 - INFO - ✂️ Double-Chunking (Val): Expondo fatias de 100,000 amostras aleatórias.
2026-03-26 02:09:19,296 - INFO - 🚀 Pre-loading 100,000 samples into RAM (Lightning Mode)...
2026-03-26 02:10:15,055 - INFO - ✅ RAM-Safe Streaming Dataset: 100,000 sequences indexed and PRE-LOADED.
2026-03-26 02:10:15,057 - INFO - ✅ RAM-Safe Streaming Dataset: 100,000 sequences indexed (Mode: Lightning).
2026-03-26 02:10:15,444 - INFO - Trial 310 START | tcn=512, lstm=256, layers=2, batch=512, seq=192 | RFE=30 | loss=ASYM (g_s=0.60, g_n=1.17, g_b=1.35) | alpha=[1.18, 0.82, 1.19], smooth=0.30
2026-03-26 02:12:46,186 - INFO - T310 E1/10 | [OK] | L: 0.66858470/0.60515978 | F1 M MIN: 0.17648636 D: 0.38537524 | [S/N/B]: [0.5943/0.8586/0.1765] | LR: 0.00109576
2026-03-26 02:15:18,457 - INFO - T310 E2/10 | [OK] | L: 0.64710017/0.59851740 | F1 M MIN: 0.30406116 D: 0.43348395 | [S/N/B]: [0.5629/0.8666/0.3041] | LR: 0.00101599
2026-03-26 02:17:50,849 - INFO - T310 E3/10 | [OK] | L: 0.64234182/0.59906271 | F1 M MIN: 0.37146221 D: 0.45627390 | [S/N/B]: [0.5411/0.8499/0.3715] | LR: 0.00089174
2026-03-26 02:20:23,527 - INFO - T310 E4/10 | [OK] | L: 0.63611697/0.59133223 | F1 M MIN: 0.47192846 D: 0.48834042 | [S/N/B]: [0.4719/0.8704/0.5048] | LR: 0.00073518
2026-03-26 02:22:55,994 - INFO - T310 E5/10 | [OK] | L: 0.63189664/0.59406671 | F1 M MIN: 0.40519644 D: 0.47832817 | [S/N/B]: [0.5515/0.8507/0.4052] | LR: 0.00056163
2026-03-26 02:25:28,591 - INFO - T310 E6/10 | [OK] | L: 0.62837754/0.58911659 | F1 M MIN: 0.40449920 D: 0.48489047 | [S/N/B]: [0.5653/0.8625/0.4045] | LR: 0.00038807
2026-03-26 02:28:01,154 - INFO - T310 E7/10 | [OK] | L: 0.62521197/0.59062640 | F1 M MIN: 0.44277620 D: 0.49153088 | [S/N/B]: [0.5403/0.8567/0.4428] | LR: 0.00023151
2026-03-26 02:30:33,807 - INFO - T310 E8/10 | [OK] | L: 0.62196668/0.58886035 | F1 M MIN: 0.49004026 D: 0.50034871 | [S/N/B]: [0.5107/0.8595/0.4900] | LR: 0.00010726
2026-03-26 02:33:06,480 - INFO - T310 E9/10 | [OK] | L: 0.61907366/0.58954905 | F1 M MIN: 0.47708487 D: 0.50066717 | [S/N/B]: [0.5242/0.8589/0.4771] | LR: 0.00002749
2026-03-26 02:35:39,058 - INFO - T310 E10/10 | [OK] | L: 0.61692025/0.58807551 | F1 M MIN: 0.46924389 D: 0.50021503 | [S/N/B]: [0.5312/0.8626/0.4692] | LR: 0.00000000
2026-03-26 02:35:39,375 - INFO - Trial 310 finished with value: 0.4900402627675355 and parameters: {'tcn_channels': 512, 'lstm_hidden': 256, 'num_lstm_layers': 2, 'batch_size': 512, 'dropout': 0.26669623755692373, 'seq_len': 192, 'lr': 0.0011232505911588713, 'weight_decay': 0.00701747641288652, 'base_alpha_sell': 1.1756224679224372, 'base_alpha_neutral': 0.8180667101477181, 'base_alpha_buy': 1.1949081297433408, 'base_loss_gamma': 3.3197330706348422, 'base_loss_smoothing': 0.30436771292953346, 'asym_gamma_sell': 0.5950185655697686, 'asym_gamma_neu': 1.1748754303318307, 'asym_gamma_buy': 1.3465525332712804}. Best is trial 299 with value: 0.5035109606130814.
2026-03-26 02:35:39,966 - INFO - 🔍 RAM-Safe Streaming Scan (Treino): 878 arquivos...
2026-03-26 02:36:29,977 - INFO - ✂️ Double-Chunking (Treino): Expondo fatias de 500,000 amostras aleatórias.
2026-03-26 02:36:29,978 - INFO - 🚀 Pre-loading 500,000 samples into RAM (Lightning Mode)...
2026-03-26 02:39:35,689 - INFO - ✅ RAM-Safe Streaming Dataset: 500,000 sequences indexed and PRE-LOADED.
2026-03-26 02:39:35,690 - INFO - ✅ RAM-Safe Streaming Dataset: 500,000 sequences indexed (Mode: Lightning).
2026-03-26 02:39:35,739 - INFO - 🔍 RAM-Safe Streaming Scan (Val): 274 arquivos...
2026-03-26 02:39:48,288 - INFO - ✂️ Double-Chunking (Val): Expondo fatias de 100,000 amostras aleatórias.
2026-03-26 02:39:48,288 - INFO - 🚀 Pre-loading 100,000 samples into RAM (Lightning Mode)...
2026-03-26 02:40:44,104 - INFO - ✅ RAM-Safe Streaming Dataset: 100,000 sequences indexed and PRE-LOADED.
2026-03-26 02:40:44,110 - INFO - ✅ RAM-Safe Streaming Dataset: 100,000 sequences indexed (Mode: Lightning).
2026-03-26 02:40:44,467 - INFO - Trial 311 START | tcn=256, lstm=128, layers=3, batch=512, seq=192 | RFE=30 | loss=ASYM (g_s=0.86, g_n=1.28, g_b=2.39) | alpha=[1.12, 0.36, 1.48], smooth=0.29
2026-03-26 02:41:57,799 - INFO - T311 E1/10 | [WARN] ZERO_PENALTY | L: 0.44744705/0.39949528 | F1 M MIN: 0.00000000 D: 0.00000000 | [S/N/B]: [0.0000/0.2588/0.4474] | LR: 0.00082956
2026-03-26 02:43:12,019 - INFO - T311 E2/10 | [WARN] ZERO_PENALTY | L: 0.43008765/0.38959455 | F1 M MIN: 0.00000000 D: 0.00000000 | [S/N/B]: [0.0000/0.4871/0.4781] | LR: 0.00076917
2026-03-26 02:44:26,396 - INFO - T311 E3/10 | [WARN] ZERO_PENALTY | L: 0.42686598/0.38746998 | F1 M MIN: 0.00000000 D: 0.00000000 | [S/N/B]: [0.0000/0.5590/0.4912] | LR: 0.00067510
2026-03-26 02:45:40,824 - INFO - T311 E4/10 | [WARN] ZERO_PENALTY | L: 0.42456436/0.38849778 | F1 M MIN: 0.00000000 D: 0.00000000 | [S/N/B]: [0.0000/0.5186/0.4838] | LR: 0.00055658
2026-03-26 02:45:40,878 - INFO - Trial 311 stopped early due to patience limit (4 epochs without improvement)
2026-03-26 02:45:41,093 - INFO - Trial 311 finished with value: 0.0 and parameters: {'tcn_channels': 256, 'lstm_hidden': 128, 'num_lstm_layers': 3, 'batch_size': 512, 'dropout': 0.3224392717798992, 'seq_len': 192, 'lr': 0.0008503717551218824, 'weight_decay': 0.005848376531817886, 'base_alpha_sell': 1.1210687308670444, 'base_alpha_neutral': 0.36452140802465227, 'base_alpha_buy': 1.4826486749193117, 'base_loss_gamma': 0.5145484610254452, 'base_loss_smoothing': 0.28929639845686467, 'asym_gamma_sell': 0.8579020775992492, 'asym_gamma_neu': 1.277594966111915, 'asym_gamma_buy': 2.3900063069162822}. Best is trial 299 with value: 0.5035109606130814.
2026-03-26 02:45:41,634 - INFO - 🔍 RAM-Safe Streaming Scan (Treino): 878 arquivos...
2026-03-26 02:46:30,932 - INFO - ✂️ Double-Chunking (Treino): Expondo fatias de 500,000 amostras aleatórias.
2026-03-26 02:46:30,933 - INFO - 🚀 Pre-loading 500,000 samples into RAM (Lightning Mode)...
2026-03-26 02:49:38,443 - INFO - ✅ RAM-Safe Streaming Dataset: 500,000 sequences indexed and PRE-LOADED.
2026-03-26 02:49:38,444 - INFO - ✅ RAM-Safe Streaming Dataset: 500,000 sequences indexed (Mode: Lightning).
2026-03-26 02:49:38,489 - INFO - 🔍 RAM-Safe Streaming Scan (Val): 274 arquivos...
2026-03-26 02:49:50,732 - INFO - ✂️ Double-Chunking (Val): Expondo fatias de 100,000 amostras aleatórias.
2026-03-26 02:49:50,733 - INFO - 🚀 Pre-loading 100,000 samples into RAM (Lightning Mode)...
2026-03-26 02:50:46,365 - INFO - ✅ RAM-Safe Streaming Dataset: 100,000 sequences indexed and PRE-LOADED.
2026-03-26 02:50:46,366 - INFO - ✅ RAM-Safe Streaming Dataset: 100,000 sequences indexed (Mode: Lightning).
2026-03-26 02:50:46,752 - INFO - Trial 312 START | tcn=512, lstm=256, layers=2, batch=512, seq=256 | RFE=30 | loss=ASYM (g_s=1.96, g_n=0.28, g_b=3.87) | alpha=[1.48, 0.70, 1.68], smooth=0.29
2026-03-26 02:53:55,602 - INFO - T312 E1/10 | [OK] | L: 0.65889045/0.70088154 | F1 M MIN: 0.27733589 D: 0.42158254 | [S/N/B]: [0.5658/0.6696/0.2773] | LR: 0.00043481
2026-03-26 02:57:06,303 - INFO - T312 E2/10 | [OK] | L: 0.63234888/0.67027123 | F1 M MIN: 0.39271166 D: 0.46081061 | [S/N/B]: [0.5289/0.7817/0.3927] | LR: 0.00040315
2026-03-26 03:00:17,347 - INFO - T312 E3/10 | [OK] | L: 0.62641135/0.67006438 | F1 M MIN: 0.38547901 D: 0.45767122 | [S/N/B]: [0.5299/0.7715/0.3855] | LR: 0.00035385
2026-03-26 03:03:28,555 - INFO - T312 E4/10 | [OK] | L: 0.61975941/0.66427347 | F1 M MIN: 0.38912310 D: 0.47243052 | [S/N/B]: [0.5557/0.7775/0.3891] | LR: 0.00029172
2026-03-26 03:06:39,706 - INFO - T312 E5/10 | [OK] | L: 0.61458674/0.65811876 | F1 M MIN: 0.46261857 D: 0.48399642 | [S/N/B]: [0.4626/0.8129/0.5054] | LR: 0.00022286
2026-03-26 03:09:50,987 - INFO - T312 E6/10 | [OK] | L: 0.61024806/0.65969251 | F1 M MIN: 0.46394777 D: 0.48646321 | [S/N/B]: [0.5090/0.7792/0.4639] | LR: 0.00015399
2026-03-26 03:13:02,186 - INFO - T312 E7/10 | [OK] | L: 0.60676413/0.65605323 | F1 M MIN: 0.48409331 D: 0.49326669 | [S/N/B]: [0.5024/0.8020/0.4841] | LR: 0.00009186
2026-03-26 03:16:13,582 - INFO - T312 E8/10 | [OK] | L: 0.60353554/0.65823043 | F1 M MIN: 0.48523143 D: 0.49050094 | [S/N/B]: [0.4958/0.7826/0.4852] | LR: 0.00004256
2026-03-26 03:19:24,837 - INFO - T312 E9/10 | [OK] | L: 0.60106205/0.65763739 | F1 M MIN: 0.44930613 D: 0.49272050 | [S/N/B]: [0.5361/0.7953/0.4493] | LR: 0.00001091
2026-03-26 03:22:36,022 - INFO - T312 E10/10 | [OK] | L: 0.59941288/0.65850600 | F1 M MIN: 0.46237830 D: 0.49298094 | [S/N/B]: [0.5236/0.7885/0.4624] | LR: 0.00000000
2026-03-26 03:22:36,351 - INFO - Trial 312 finished with value: 0.4852314342318545 and parameters: {'tcn_channels': 512, 'lstm_hidden': 256, 'num_lstm_layers': 2, 'batch_size': 512, 'dropout': 0.3107543190901351, 'seq_len': 256, 'lr': 0.0004457129445671021, 'weight_decay': 0.0029555239474173705, 'base_alpha_sell': 1.4819451008591382, 'base_alpha_neutral': 0.7048851167591924, 'base_alpha_buy': 1.6803051511917482, 'base_loss_gamma': 2.3348883727584315, 'base_loss_smoothing': 0.28776209238328354, 'asym_gamma_sell': 1.9604344053487641, 'asym_gamma_neu': 0.2785361951538206, 'asym_gamma_buy': 3.8729905134355307}. Best is trial 299 with value: 0.5035109606130814.
2026-03-26 03:22:36,848 - INFO - 🔍 RAM-Safe Streaming Scan (Treino): 878 arquivos...
2026-03-26 03:23:24,985 - INFO - ✂️ Double-Chunking (Treino): Expondo fatias de 500,000 amostras aleatórias.
2026-03-26 03:23:24,986 - INFO - 🚀 Pre-loading 500,000 samples into RAM (Lightning Mode)...
2026-03-26 03:26:30,287 - INFO - ✅ RAM-Safe Streaming Dataset: 500,000 sequences indexed and PRE-LOADED.
2026-03-26 03:26:30,288 - INFO - ✅ RAM-Safe Streaming Dataset: 500,000 sequences indexed (Mode: Lightning).
2026-03-26 03:26:30,339 - INFO - 🔍 RAM-Safe Streaming Scan (Val): 274 arquivos...
2026-03-26 03:26:42,579 - INFO - ✂️ Double-Chunking (Val): Expondo fatias de 100,000 amostras aleatórias.
2026-03-26 03:26:42,580 - INFO - 🚀 Pre-loading 100,000 samples into RAM (Lightning Mode)...
2026-03-26 03:27:39,492 - INFO - ✅ RAM-Safe Streaming Dataset: 100,000 sequences indexed and PRE-LOADED.
2026-03-26 03:27:39,492 - INFO - ✅ RAM-Safe Streaming Dataset: 100,000 sequences indexed (Mode: Lightning).
2026-03-26 03:27:39,836 - INFO - Trial 313 START | tcn=256, lstm=128, layers=2, batch=512, seq=192 | RFE=30 | loss=ASYM (g_s=0.66, g_n=1.91, g_b=3.09) | alpha=[1.34, 0.77, 1.46], smooth=0.29
2026-03-26 03:28:48,624 - INFO - T313 E1/10 | [OK] | L: 0.61080008/0.54685681 | F1 M MIN: 0.17283951 D: 0.38872602 | [S/N/B]: [0.6046/0.7850/0.1728] | LR: 0.00161300
2026-03-26 03:29:58,329 - INFO - T313 E2/10 | [OK] | L: 0.58984868/0.53516100 | F1 M MIN: 0.12459843 D: 0.36890249 | [S/N/B]: [0.6132/0.8135/0.1246] | LR: 0.00149557
2026-03-26 03:31:08,149 - INFO - T313 E3/10 | [OK] | L: 0.58451078/0.53028945 | F1 M MIN: 0.19226411 D: 0.39989313 | [S/N/B]: [0.6075/0.8184/0.1923] | LR: 0.00131267
2026-03-26 03:32:18,147 - INFO - T313 E4/10 | [OK] | L: 0.58196134/0.53011719 | F1 M MIN: 0.14442656 D: 0.37590137 | [S/N/B]: [0.6074/0.8123/0.1444] | LR: 0.00108220
2026-03-26 03:33:28,129 - INFO - T313 E5/10 | [OK] | L: 0.57929032/0.52767906 | F1 M MIN: 0.19813084 D: 0.38937726 | [S/N/B]: [0.5806/0.8234/0.1981] | LR: 0.00082673
2026-03-26 03:33:28,220 - INFO - Trial 313 pruned by Optuna at epoch 5
