2026-03-24 10:28:50,775 - INFO - Trial 164 pruned.
2026-03-24 10:28:51,851 - INFO - 🔍 RAM-Safe Streaming Scan (Treino): 878 arquivos...
2026-03-24 10:29:46,947 - INFO - ✂️ Double-Chunking (Treino): Expondo fatias de 500,000 amostras aleatórias.
2026-03-24 10:29:46,948 - INFO - 🚀 Pre-loading 500,000 samples into RAM (Lightning Mode)...
2026-03-24 10:33:14,001 - INFO - ✅ RAM-Safe Streaming Dataset: 500,000 sequences indexed and PRE-LOADED.
2026-03-24 10:33:14,010 - INFO - ✅ RAM-Safe Streaming Dataset: 500,000 sequences indexed (Mode: Lightning).
2026-03-24 10:33:14,056 - INFO - 🔍 RAM-Safe Streaming Scan (Val): 274 arquivos...
2026-03-24 10:33:28,150 - INFO - ✂️ Double-Chunking (Val): Expondo fatias de 100,000 amostras aleatórias.
2026-03-24 10:33:28,151 - INFO - 🚀 Pre-loading 100,000 samples into RAM (Lightning Mode)...
2026-03-24 10:34:26,966 - INFO - ✅ RAM-Safe Streaming Dataset: 100,000 sequences indexed and PRE-LOADED.
2026-03-24 10:34:26,968 - INFO - ✅ RAM-Safe Streaming Dataset: 100,000 sequences indexed (Mode: Lightning).
2026-03-24 10:34:27,525 - INFO - Trial 165 START | tcn=512, lstm=128, layers=2, batch=1024, seq=144 | RFE=30 | loss=ASYM (g_s=3.08, g_n=0.11, g_b=1.49) | alpha=[1.33, 0.78, 1.22], smooth=0.27
2026-03-24 10:36:02,529 - INFO - T165 E1/10 | [OK] | L: 0.60279083/0.62698399 | F1 M MIN: 0.38736514 D: 0.43827384 | [S/N/B]: [0.4892/0.8403/0.3874] | LR: 0.00116672
2026-03-24 10:37:38,117 - INFO - T165 E2/10 | [OK] | L: 0.57558258/0.62174337 | F1 M MIN: 0.10996708 D: 0.35481362 | [S/N/B]: [0.1100/0.8491/0.5997] | LR: 0.00108178
2026-03-24 10:39:14,432 - INFO - T165 E3/10 | [OK] | L: 0.56984865/0.61318154 | F1 M MIN: 0.08333575 D: 0.33989795 | [S/N/B]: [0.0833/0.8596/0.5965] | LR: 0.00094949
2026-03-24 10:40:50,114 - INFO - T165 E4/10 | [OK] | L: 0.56583414/0.61163017 | F1 M MIN: 0.11590616 D: 0.36009374 | [S/N/B]: [0.1159/0.8590/0.6043] | LR: 0.00078278
2026-03-24 10:42:26,446 - INFO - T165 E5/10 | [OK] | L: 0.56428367/0.60950489 | F1 M MIN: 0.10613846 D: 0.35464699 | [S/N/B]: [0.1061/0.8683/0.6032] | LR: 0.00059799
2026-03-24 10:42:26,512 - INFO - Trial 165 stopped early due to patience limit (4 epochs without improvement)
2026-03-24 10:42:26,778 - INFO - Trial 165 finished with value: 0.38736513713765763 and parameters: {'tcn_channels': 512, 'lstm_hidden': 128, 'num_lstm_layers': 2, 'batch_size': 1024, 'dropout': 0.3700980995280455, 'seq_len': 144, 'lr': 0.0011959870797449291, 'weight_decay': 0.001365463664597194, 'base_alpha_sell': 1.3283421810862825, 'base_alpha_neutral': 0.7847475330044354, 'base_alpha_buy': 1.2237275023750396, 'base_loss_gamma': 4.8458161755502855, 'base_loss_smoothing': 0.2672072220391364, 'asym_gamma_sell': 3.0796976135864202, 'asym_gamma_neu': 0.10730869729278095, 'asym_gamma_buy': 1.4928873281638717}. Best is trial 104 with value: 0.4828262682077523.
2026-03-24 10:42:27,852 - INFO - 🔍 RAM-Safe Streaming Scan (Treino): 878 arquivos...
2026-03-24 10:43:21,575 - INFO - ✂️ Double-Chunking (Treino): Expondo fatias de 500,000 amostras aleatórias.
2026-03-24 10:43:21,576 - INFO - 🚀 Pre-loading 500,000 samples into RAM (Lightning Mode)...
2026-03-24 10:46:37,499 - INFO - ✅ RAM-Safe Streaming Dataset: 500,000 sequences indexed and PRE-LOADED.
2026-03-24 10:46:37,500 - INFO - ✅ RAM-Safe Streaming Dataset: 500,000 sequences indexed (Mode: Lightning).
2026-03-24 10:46:37,547 - INFO - 🔍 RAM-Safe Streaming Scan (Val): 274 arquivos...
2026-03-24 10:46:51,459 - INFO - ✂️ Double-Chunking (Val): Expondo fatias de 100,000 amostras aleatórias.
2026-03-24 10:46:51,459 - INFO - 🚀 Pre-loading 100,000 samples into RAM (Lightning Mode)...
2026-03-24 10:47:50,576 - INFO - ✅ RAM-Safe Streaming Dataset: 100,000 sequences indexed and PRE-LOADED.
2026-03-24 10:47:50,577 - INFO - ✅ RAM-Safe Streaming Dataset: 100,000 sequences indexed (Mode: Lightning).
2026-03-24 10:47:51,038 - INFO - Trial 166 START | tcn=512, lstm=128, layers=2, batch=1024, seq=96 | RFE=30 | loss=ASYM (g_s=1.34, g_n=0.31, g_b=2.66) | alpha=[1.22, 0.48, 1.69], smooth=0.29
2026-03-24 10:48:49,131 - INFO - T166 E1/10 | [WARN] ZERO_PENALTY | L: 0.61850255/0.60736892 | F1 M MIN: 0.00000000 D: 0.00000000 | [S/N/B]: [0.0000/0.5099/0.4825] | LR: 0.00021854
2026-03-24 10:49:47,245 - INFO - T166 E2/10 | [OK] | L: 0.58614988/0.59969877 | F1 M MIN: 0.00022008 D: 0.24596616 | [S/N/B]: [0.0002/0.5543/0.4917] | LR: 0.00020263
2026-03-24 10:50:46,395 - INFO - T166 E3/10 | [OK] | L: 0.57945763/0.59339777 | F1 M MIN: 0.01601674 D: 0.25598610 | [S/N/B]: [0.0160/0.5799/0.4960] | LR: 0.00017785
2026-03-24 10:51:44,878 - INFO - T166 E4/10 | [OK] | L: 0.57481971/0.58889917 | F1 M MIN: 0.08921982 D: 0.29730780 | [S/N/B]: [0.0892/0.6296/0.5054] | LR: 0.00014662
2026-03-24 10:52:44,139 - INFO - T166 E5/10 | [OK] | L: 0.57142479/0.58922857 | F1 M MIN: 0.11708211 D: 0.31133353 | [S/N/B]: [0.1171/0.6257/0.5056] | LR: 0.00011201
2026-03-24 10:53:42,961 - INFO - T166 E6/10 | [OK] | L: 0.56879190/0.58665655 | F1 M MIN: 0.21703000 D: 0.36199042 | [S/N/B]: [0.2170/0.6530/0.5070] | LR: 0.00007740
2026-03-24 10:53:43,193 - INFO - Trial 166 pruned by Optuna at epoch 6
2026-03-24 10:53:43,373 - INFO - Trial 166 pruned.
2026-03-24 10:53:44,377 - INFO - 🔍 RAM-Safe Streaming Scan (Treino): 878 arquivos...
2026-03-24 10:54:37,424 - INFO - ✂️ Double-Chunking (Treino): Expondo fatias de 500,000 amostras aleatórias.
2026-03-24 10:54:37,426 - INFO - 🚀 Pre-loading 500,000 samples into RAM (Lightning Mode)...
2026-03-24 10:57:59,294 - INFO - ✅ RAM-Safe Streaming Dataset: 500,000 sequences indexed and PRE-LOADED.
2026-03-24 10:57:59,302 - INFO - ✅ RAM-Safe Streaming Dataset: 500,000 sequences indexed (Mode: Lightning).
2026-03-24 10:57:59,353 - INFO - 🔍 RAM-Safe Streaming Scan (Val): 274 arquivos...
2026-03-24 10:58:13,107 - INFO - ✂️ Double-Chunking (Val): Expondo fatias de 100,000 amostras aleatórias.
2026-03-24 10:58:13,108 - INFO - 🚀 Pre-loading 100,000 samples into RAM (Lightning Mode)...
2026-03-24 10:59:13,990 - INFO - ✅ RAM-Safe Streaming Dataset: 100,000 sequences indexed and PRE-LOADED.
2026-03-24 10:59:13,991 - INFO - ✅ RAM-Safe Streaming Dataset: 100,000 sequences indexed (Mode: Lightning).
2026-03-24 10:59:14,526 - INFO - Trial 167 START | tcn=512, lstm=128, layers=2, batch=1024, seq=144 | RFE=30 | loss=ASYM (g_s=2.77, g_n=0.37, g_b=2.42) | alpha=[1.24, 0.70, 1.07], smooth=0.18
2026-03-24 11:00:49,827 - INFO - T167 E1/10 | [OK] | L: 0.40816795/0.40932376 | F1 M MIN: 0.00029450 D: 0.29492236 | [S/N/B]: [0.5896/0.8438/0.0003] | LR: 0.00054523
2026-03-24 11:02:25,600 - INFO - T167 E2/10 | [WARN] ZERO_PENALTY | L: 0.37484868/0.39856125 | F1 M MIN: 0.00000000 D: 0.00000000 | [S/N/B]: [0.5971/0.8586/0.0000] | LR: 0.00050554
2026-03-24 11:04:02,202 - INFO - T167 E3/10 | [OK] | L: 0.36871378/0.39674166 | F1 M MIN: 0.00007364 D: 0.29895605 | [S/N/B]: [0.5978/0.8601/0.0001] | LR: 0.00044371
2026-03-24 11:05:38,255 - INFO - T167 E4/10 | [OK] | L: 0.36478367/0.39391119 | F1 M MIN: 0.00029447 D: 0.30076791 | [S/N/B]: [0.6012/0.8665/0.0003] | LR: 0.00036581
2026-03-24 11:07:14,947 - INFO - T167 E5/10 | [OK] | L: 0.36208666/0.39054456 | F1 M MIN: 0.01271617 D: 0.30755344 | [S/N/B]: [0.6024/0.8706/0.0127] | LR: 0.00027945
2026-03-24 11:07:15,165 - INFO - Trial 167 pruned by Optuna at epoch 5
2026-03-24 11:07:15,310 - INFO - Trial 167 pruned.
2026-03-24 11:07:16,233 - INFO - 🔍 RAM-Safe Streaming Scan (Treino): 878 arquivos...
2026-03-24 11:08:10,668 - INFO - ✂️ Double-Chunking (Treino): Expondo fatias de 500,000 amostras aleatórias.
2026-03-24 11:08:10,669 - INFO - 🚀 Pre-loading 500,000 samples into RAM (Lightning Mode)...
2026-03-24 11:11:30,145 - INFO - ✅ RAM-Safe Streaming Dataset: 500,000 sequences indexed and PRE-LOADED.
2026-03-24 11:11:30,146 - INFO - ✅ RAM-Safe Streaming Dataset: 500,000 sequences indexed (Mode: Lightning).
2026-03-24 11:11:30,194 - INFO - 🔍 RAM-Safe Streaming Scan (Val): 274 arquivos...
2026-03-24 11:11:44,256 - INFO - ✂️ Double-Chunking (Val): Expondo fatias de 100,000 amostras aleatórias.
2026-03-24 11:11:44,256 - INFO - 🚀 Pre-loading 100,000 samples into RAM (Lightning Mode)...
2026-03-24 11:12:43,776 - INFO - ✅ RAM-Safe Streaming Dataset: 100,000 sequences indexed and PRE-LOADED.
2026-03-24 11:12:43,777 - INFO - ✅ RAM-Safe Streaming Dataset: 100,000 sequences indexed (Mode: Lightning).
2026-03-24 11:12:44,234 - INFO - Trial 168 START | tcn=512, lstm=128, layers=2, batch=1024, seq=144 | RFE=30 | loss=ASYM (g_s=4.14, g_n=0.46, g_b=1.27) | alpha=[1.36, 0.63, 1.36], smooth=0.29
2026-03-24 11:14:19,333 - INFO - T168 E1/10 | [WARN] ZERO_PENALTY | L: 0.53608897/0.54325773 | F1 M MIN: 0.00000000 D: 0.00000000 | [S/N/B]: [0.0000/0.7814/0.5471] | LR: 0.00074086
2026-03-24 11:15:54,980 - INFO - T168 E2/10 | [WARN] ZERO_PENALTY | L: 0.51155514/0.53600937 | F1 M MIN: 0.00000000 D: 0.00000000 | [S/N/B]: [0.0000/0.8015/0.5555] | LR: 0.00068692
2026-03-24 11:17:31,437 - INFO - T168 E3/10 | [OK] | L: 0.50648512/0.52998968 | F1 M MIN: 0.00093907 D: 0.28091836 | [S/N/B]: [0.0009/0.8138/0.5609] | LR: 0.00060292
2026-03-24 11:19:07,282 - INFO - T168 E4/10 | [OK] | L: 0.50303928/0.52842748 | F1 M MIN: 0.00464335 D: 0.28422597 | [S/N/B]: [0.0046/0.8173/0.5638] | LR: 0.00049706
2026-03-24 11:20:43,856 - INFO - T168 E5/10 | [OK] | L: 0.50064670/0.52726031 | F1 M MIN: 0.03958949 D: 0.30151148 | [S/N/B]: [0.0396/0.8027/0.5634] | LR: 0.00037972
2026-03-24 11:20:44,050 - INFO - Trial 168 pruned by Optuna at epoch 5
2026-03-24 11:20:44,190 - INFO - Trial 168 pruned.
2026-03-24 11:20:45,051 - INFO - 🔍 RAM-Safe Streaming Scan (Treino): 878 arquivos...
2026-03-24 11:21:38,919 - INFO - ✂️ Double-Chunking (Treino): Expondo fatias de 500,000 amostras aleatórias.
2026-03-24 11:21:38,921 - INFO - 🚀 Pre-loading 500,000 samples into RAM (Lightning Mode)...
2026-03-24 11:24:54,757 - INFO - ✅ RAM-Safe Streaming Dataset: 500,000 sequences indexed and PRE-LOADED.
2026-03-24 11:24:54,758 - INFO - ✅ RAM-Safe Streaming Dataset: 500,000 sequences indexed (Mode: Lightning).
2026-03-24 11:24:54,804 - INFO - 🔍 RAM-Safe Streaming Scan (Val): 274 arquivos...
2026-03-24 11:25:08,888 - INFO - ✂️ Double-Chunking (Val): Expondo fatias de 100,000 amostras aleatórias.
2026-03-24 11:25:08,888 - INFO - 🚀 Pre-loading 100,000 samples into RAM (Lightning Mode)...
2026-03-24 11:26:07,741 - INFO - ✅ RAM-Safe Streaming Dataset: 100,000 sequences indexed and PRE-LOADED.
2026-03-24 11:26:07,742 - INFO - ✅ RAM-Safe Streaming Dataset: 100,000 sequences indexed (Mode: Lightning).
2026-03-24 11:26:08,170 - INFO - Trial 169 START | tcn=256, lstm=128, layers=4, batch=2048, seq=96 | RFE=30 | loss=ASYM (g_s=2.63, g_n=0.21, g_b=3.01) | alpha=[1.44, 0.70, 1.32], smooth=0.12
2026-03-24 11:26:44,856 - INFO - T169 E1/10 | [WARN] ZERO_PENALTY | L: 0.51070121/0.49805108 | F1 M MIN: 0.00000000 D: 0.00000000 | [S/N/B]: [0.5771/0.8230/0.0000] | LR: 0.00193652
2026-03-24 11:27:22,205 - INFO - T169 E2/10 | [WARN] ZERO_PENALTY | L: 0.45953971/0.48632468 | F1 M MIN: 0.00000000 D: 0.00000000 | [S/N/B]: [0.5826/0.8326/0.0000] | LR: 0.00179554
2026-03-24 11:27:59,406 - INFO - T169 E3/10 | [WARN] ZERO_PENALTY | L: 0.44891716/0.47823089 | F1 M MIN: 0.00000000 D: 0.00000000 | [S/N/B]: [0.5842/0.8363/0.0000] | LR: 0.00157595
2026-03-24 11:28:36,846 - INFO - T169 E4/10 | [WARN] ZERO_PENALTY | L: 0.44271933/0.46793258 | F1 M MIN: 0.00000000 D: 0.00000000 | [S/N/B]: [0.5914/0.8505/0.0000] | LR: 0.00129926
2026-03-24 11:28:36,971 - INFO - Trial 169 stopped early due to patience limit (4 epochs without improvement)
2026-03-24 11:28:37,287 - INFO - Trial 169 finished with value: 0.0 and parameters: {'tcn_channels': 256, 'lstm_hidden': 128, 'num_lstm_layers': 4, 'batch_size': 2048, 'dropout': 0.34744693272105515, 'seq_len': 96, 'lr': 0.0019850962335792896, 'weight_decay': 0.0003133861742135215, 'base_alpha_sell': 1.440717921891085, 'base_alpha_neutral': 0.7037884423815504, 'base_alpha_buy': 1.3186027150540047, 'base_loss_gamma': 0.6203121635311389, 'base_loss_smoothing': 0.12373192788723583, 'asym_gamma_sell': 2.6340035851057784, 'asym_gamma_neu': 0.21346108149782012, 'asym_gamma_buy': 3.0089601468499105}. Best is trial 104 with value: 0.4828262682077523.
2026-03-24 11:28:38,178 - INFO - 🔍 RAM-Safe Streaming Scan (Treino): 878 arquivos...
2026-03-24 11:29:32,308 - INFO - ✂️ Double-Chunking (Treino): Expondo fatias de 500,000 amostras aleatórias.
2026-03-24 11:29:32,310 - INFO - 🚀 Pre-loading 500,000 samples into RAM (Lightning Mode)...
2026-03-24 11:32:47,749 - INFO - ✅ RAM-Safe Streaming Dataset: 500,000 sequences indexed and PRE-LOADED.
2026-03-24 11:32:47,751 - INFO - ✅ RAM-Safe Streaming Dataset: 500,000 sequences indexed (Mode: Lightning).
2026-03-24 11:32:47,800 - INFO - 🔍 RAM-Safe Streaming Scan (Val): 274 arquivos...
2026-03-24 11:33:01,591 - INFO - ✂️ Double-Chunking (Val): Expondo fatias de 100,000 amostras aleatórias.
2026-03-24 11:33:01,591 - INFO - 🚀 Pre-loading 100,000 samples into RAM (Lightning Mode)...
2026-03-24 11:34:01,301 - INFO - ✅ RAM-Safe Streaming Dataset: 100,000 sequences indexed and PRE-LOADED.
2026-03-24 11:34:01,310 - INFO - ✅ RAM-Safe Streaming Dataset: 100,000 sequences indexed (Mode: Lightning).
2026-03-24 11:34:02,228 - INFO - Trial 170 START | tcn=512, lstm=256, layers=2, batch=512, seq=192 | RFE=30 | loss=ASYM (g_s=1.38, g_n=0.67, g_b=0.55) | alpha=[1.58, 0.41, 1.59], smooth=0.26
2026-03-24 11:36:32,287 - INFO - T170 E1/10 | [OK] | L: 0.76634730/0.69771534 | F1 M MIN: 0.01728802 D: 0.26551991 | [S/N/B]: [0.5138/0.5473/0.0173] | LR: 0.00158913
2026-03-24 11:39:03,836 - INFO - T170 E2/10 | [OK] | L: 0.74859822/0.68871125 | F1 M MIN: 0.14163949 D: 0.32834183 | [S/N/B]: [0.5150/0.6204/0.1416] | LR: 0.00147344
2026-03-24 11:41:35,539 - INFO - T170 E3/10 | [OK] | L: 0.74396013/0.68580360 | F1 M MIN: 0.41372067 D: 0.42614222 | [S/N/B]: [0.4137/0.6026/0.4386] | LR: 0.00129324
2026-03-24 11:44:07,264 - INFO - T170 E4/10 | [OK] | L: 0.73698851/0.67974288 | F1 M MIN: 0.38016589 D: 0.43908446 | [S/N/B]: [0.4980/0.6171/0.3802] | LR: 0.00106619
2026-03-24 11:46:39,160 - INFO - T170 E5/10 | [OK] | L: 0.73160573/0.67627417 | F1 M MIN: 0.33833952 D: 0.43504307 | [S/N/B]: [0.5317/0.6506/0.3383] | LR: 0.00081450
2026-03-24 11:49:10,872 - INFO - T170 E6/10 | [OK] | L: 0.72767816/0.67785893 | F1 M MIN: 0.43216012 D: 0.44871816 | [S/N/B]: [0.4653/0.6144/0.4322] | LR: 0.00056280
2026-03-24 11:51:42,955 - INFO - T170 E7/10 | [OK] | L: 0.72426526/0.67522228 | F1 M MIN: 0.43559607 D: 0.45671072 | [S/N/B]: [0.4778/0.6494/0.4356] | LR: 0.00033575
2026-03-24 11:54:14,579 - INFO - T170 E8/10 | [OK] | L: 0.72090871/0.67371715 | F1 M MIN: 0.41282848 D: 0.45946285 | [S/N/B]: [0.5061/0.6591/0.4128] | LR: 0.00015555
2026-03-24 11:56:46,591 - INFO - T170 E9/10 | [OK] | L: 0.71737952/0.67589616 | F1 M MIN: 0.39411658 D: 0.45497470 | [S/N/B]: [0.5158/0.6553/0.3941] | LR: 0.00003986
2026-03-24 11:59:18,386 - INFO - T170 E10/10 | [OK] | L: 0.71547631/0.67394300 | F1 M MIN: 0.43423520 D: 0.46208783 | [S/N/B]: [0.4899/0.6556/0.4342] | LR: 0.00000000
2026-03-24 11:59:19,086 - INFO - Trial 170 finished with value: 0.43559606620292635 and parameters: {'tcn_channels': 512, 'lstm_hidden': 256, 'num_lstm_layers': 2, 'batch_size': 512, 'dropout': 0.2606631095457933, 'seq_len': 192, 'lr': 0.0016289909168369743, 'weight_decay': 0.0026109099085452705, 'base_alpha_sell': 1.5776197634779616, 'base_alpha_neutral': 0.4081902927319804, 'base_alpha_buy': 1.5899383769819, 'base_loss_gamma': 1.7156117355871001, 'base_loss_smoothing': 0.25945220543514147, 'asym_gamma_sell': 1.3779523034366767, 'asym_gamma_neu': 0.67270855958754, 'asym_gamma_buy': 0.5507539123064352}. Best is trial 104 with value: 0.4828262682077523.
2026-03-24 11:59:19,719 - INFO - 🔍 RAM-Safe Streaming Scan (Treino): 878 arquivos...
2026-03-24 12:00:14,968 - INFO - ✂️ Double-Chunking (Treino): Expondo fatias de 500,000 amostras aleatórias.
2026-03-24 12:00:14,968 - INFO - 🚀 Pre-loading 500,000 samples into RAM (Lightning Mode)...
2026-03-24 12:03:37,407 - INFO - ✅ RAM-Safe Streaming Dataset: 500,000 sequences indexed and PRE-LOADED.
2026-03-24 12:03:37,410 - INFO - ✅ RAM-Safe Streaming Dataset: 500,000 sequences indexed (Mode: Lightning).
2026-03-24 12:03:37,459 - INFO - 🔍 RAM-Safe Streaming Scan (Val): 274 arquivos...
2026-03-24 12:03:51,680 - INFO - ✂️ Double-Chunking (Val): Expondo fatias de 100,000 amostras aleatórias.
2026-03-24 12:03:51,681 - INFO - 🚀 Pre-loading 100,000 samples into RAM (Lightning Mode)...
2026-03-24 12:04:50,487 - INFO - ✅ RAM-Safe Streaming Dataset: 100,000 sequences indexed and PRE-LOADED.
2026-03-24 12:04:50,488 - INFO - ✅ RAM-Safe Streaming Dataset: 100,000 sequences indexed (Mode: Lightning).
2026-03-24 12:04:50,946 - INFO - Trial 171 START | tcn=128, lstm=256, layers=2, batch=512, seq=192 | RFE=30 | loss=ASYM (g_s=1.18, g_n=0.34, g_b=0.59) | alpha=[1.35, 0.38, 1.72], smooth=0.22
2026-03-24 12:05:44,299 - INFO - T171 E1/10 | [WARN] ZERO_PENALTY | L: 0.76378575/0.70152701 | F1 M MIN: 0.00000000 D: 0.00000000 | [S/N/B]: [0.0000/0.5538/0.4886] | LR: 0.00079998
2026-03-24 12:06:38,049 - INFO - T171 E2/10 | [WARN] ZERO_PENALTY | L: 0.74068168/0.69559006 | F1 M MIN: 0.00000000 D: 0.00000000 | [S/N/B]: [0.0000/0.5563/0.4899] | LR: 0.00074174
2026-03-24 12:07:31,633 - INFO - T171 E3/10 | [OK] | L: 0.73292120/0.68772552 | F1 M MIN: 0.20993425 D: 0.35739717 | [S/N/B]: [0.2099/0.5949/0.5049] | LR: 0.00065103
2026-03-24 12:08:25,565 - INFO - T171 E4/10 | [OK] | L: 0.72456772/0.68591594 | F1 M MIN: 0.27665679 D: 0.38752445 | [S/N/B]: [0.2767/0.5823/0.4984] | LR: 0.00053673
2026-03-24 12:09:19,326 - INFO - T171 E5/10 | [OK] | L: 0.71900032/0.68354801 | F1 M MIN: 0.24103475 D: 0.37708928 | [S/N/B]: [0.2410/0.6207/0.5131] | LR: 0.00041002
2026-03-24 12:10:13,041 - INFO - T171 E6/10 | [OK] | L: 0.71537308/0.67789119 | F1 M MIN: 0.33919383 D: 0.42326088 | [S/N/B]: [0.3392/0.6523/0.5073] | LR: 0.00028332
2026-03-24 12:10:13,227 - INFO - Trial 171 pruned by Optuna at epoch 6
2026-03-24 12:10:13,353 - INFO - Trial 171 pruned.
2026-03-24 12:10:14,061 - INFO - 🔍 RAM-Safe Streaming Scan (Treino): 878 arquivos...
2026-03-24 12:11:10,565 - INFO - ✂️ Double-Chunking (Treino): Expondo fatias de 500,000 amostras aleatórias.
2026-03-24 12:11:10,566 - INFO - 🚀 Pre-loading 500,000 samples into RAM (Lightning Mode)...
2026-03-24 12:14:36,953 - INFO - ✅ RAM-Safe Streaming Dataset: 500,000 sequences indexed and PRE-LOADED.
2026-03-24 12:14:37,006 - INFO - ✅ RAM-Safe Streaming Dataset: 500,000 sequences indexed (Mode: Lightning).
2026-03-24 12:14:37,054 - INFO - 🔍 RAM-Safe Streaming Scan (Val): 274 arquivos...
2026-03-24 12:14:50,743 - INFO - ✂️ Double-Chunking (Val): Expondo fatias de 100,000 amostras aleatórias.
2026-03-24 12:14:50,744 - INFO - 🚀 Pre-loading 100,000 samples into RAM (Lightning Mode)...
2026-03-24 12:15:51,383 - INFO - ✅ RAM-Safe Streaming Dataset: 100,000 sequences indexed and PRE-LOADED.
2026-03-24 12:15:51,384 - INFO - ✅ RAM-Safe Streaming Dataset: 100,000 sequences indexed (Mode: Lightning).
2026-03-24 12:15:51,854 - INFO - Trial 172 START | tcn=512, lstm=256, layers=3, batch=1024, seq=192 | RFE=30 | loss=ASYM (g_s=4.27, g_n=0.16, g_b=0.89) | alpha=[1.71, 0.47, 1.63], smooth=0.19
2026-03-24 12:18:32,738 - INFO - T172 E1/10 | [OK] | L: 0.68418852/0.66403040 | F1 M MIN: 0.05582133 D: 0.29414027 | [S/N/B]: [0.0558/0.6414/0.5325] | LR: 0.00034511
2026-03-24 12:21:14,654 - INFO - T172 E2/10 | [OK] | L: 0.64650637/0.65686360 | F1 M MIN: 0.06179235 D: 0.30194129 | [S/N/B]: [0.0618/0.6373/0.5421] | LR: 0.00031999
2026-03-24 12:23:57,542 - INFO - T172 E3/10 | [OK] | L: 0.63805624/0.64909972 | F1 M MIN: 0.03480475 D: 0.28841295 | [S/N/B]: [0.0348/0.6832/0.5420] | LR: 0.00028085
2026-03-24 12:26:39,807 - INFO - T172 E4/10 | [OK] | L: 0.63224416/0.63950128 | F1 M MIN: 0.18052557 D: 0.36644273 | [S/N/B]: [0.1805/0.6914/0.5524] | LR: 0.00023154
2026-03-24 12:29:23,011 - INFO - T172 E5/10 | [OK] | L: 0.62578453/0.63472202 | F1 M MIN: 0.28995390 D: 0.42137163 | [S/N/B]: [0.2900/0.7097/0.5528] | LR: 0.00017688
2026-03-24 12:32:05,881 - INFO - T172 E6/10 | [OK] | L: 0.62095768/0.63170886 | F1 M MIN: 0.28488181 D: 0.41603191 | [S/N/B]: [0.2849/0.7270/0.5472] | LR: 0.00012222
2026-03-24 12:32:05,986 - INFO - Trial 172 pruned by Optuna at epoch 6
