2026-03-25 17:19:40,560 - INFO - Trial 274 finished with value: 0.3485348802617879 and parameters: {'tcn_channels': 512, 'lstm_hidden': 32, 'num_lstm_layers': 3, 'batch_size': 1024, 'dropout': 0.3542160972566889, 'seq_len': 144, 'lr': 0.0004257922671016955, 'weight_decay': 0.00038804190022979446, 'base_alpha_sell': 1.7354037484621974, 'base_alpha_neutral': 0.7671879595368588, 'base_alpha_buy': 1.7556270042376954, 'base_loss_gamma': 4.964551606972049, 'base_loss_smoothing': 0.17770955558006202, 'asym_gamma_sell': 2.764049355182194, 'asym_gamma_neu': 0.6833281936375551, 'asym_gamma_buy': 2.4434462656597296}. Best is trial 193 with value: 0.4857577883085556.
2026-03-25 17:19:41,073 - INFO - 🔍 RAM-Safe Streaming Scan (Treino): 878 arquivos...
2026-03-25 17:20:30,586 - INFO - ✂️ Double-Chunking (Treino): Expondo fatias de 500,000 amostras aleatórias.
2026-03-25 17:20:30,587 - INFO - 🚀 Pre-loading 500,000 samples into RAM (Lightning Mode)...
2026-03-25 17:23:44,141 - INFO - ✅ RAM-Safe Streaming Dataset: 500,000 sequences indexed and PRE-LOADED.
2026-03-25 17:23:44,142 - INFO - ✅ RAM-Safe Streaming Dataset: 500,000 sequences indexed (Mode: Lightning).
2026-03-25 17:23:44,193 - INFO - 🔍 RAM-Safe Streaming Scan (Val): 274 arquivos...
2026-03-25 17:23:56,557 - INFO - ✂️ Double-Chunking (Val): Expondo fatias de 100,000 amostras aleatórias.
2026-03-25 17:23:56,558 - INFO - 🚀 Pre-loading 100,000 samples into RAM (Lightning Mode)...
2026-03-25 17:24:54,499 - INFO - ✅ RAM-Safe Streaming Dataset: 100,000 sequences indexed and PRE-LOADED.
2026-03-25 17:24:54,510 - INFO - ✅ RAM-Safe Streaming Dataset: 100,000 sequences indexed (Mode: Lightning).
2026-03-25 17:24:54,899 - INFO - Trial 275 START | tcn=512, lstm=64, layers=2, batch=1024, seq=96 | RFE=30 | loss=ASYM (g_s=1.59, g_n=0.58, g_b=0.88) | alpha=[1.60, 0.80, 1.44], smooth=0.08
2026-03-25 17:25:50,454 - INFO - T275 E1/10 | [OK] | L: 0.81751651/0.71364969 | F1 M MIN: 0.01848601 D: 0.28754759 | [S/N/B]: [0.5566/0.7897/0.0185] | LR: 0.00027257
2026-03-25 17:26:45,924 - INFO - T275 E2/10 | [OK] | L: 0.74204906/0.69304887 | F1 M MIN: 0.10318833 D: 0.32857439 | [S/N/B]: [0.5540/0.8011/0.1032] | LR: 0.00025273
2026-03-25 17:27:42,277 - INFO - T275 E3/10 | [OK] | L: 0.72261728/0.66635814 | F1 M MIN: 0.02223732 D: 0.30188217 | [S/N/B]: [0.5815/0.8424/0.0222] | LR: 0.00022182
2026-03-25 17:28:38,040 - INFO - T275 E4/10 | [OK] | L: 0.71314954/0.66902952 | F1 M MIN: 0.05733779 D: 0.31404804 | [S/N/B]: [0.5708/0.8261/0.0573] | LR: 0.00018288
2026-03-25 17:29:34,510 - INFO - T275 E5/10 | [OK] | L: 0.70629646/0.66204257 | F1 M MIN: 0.17629344 D: 0.36942103 | [S/N/B]: [0.5625/0.8342/0.1763] | LR: 0.00013971
2026-03-25 17:29:34,645 - INFO - Trial 275 pruned by Optuna at epoch 5
2026-03-25 17:29:34,744 - INFO - Trial 275 pruned.
2026-03-25 17:29:35,341 - INFO - 🔍 RAM-Safe Streaming Scan (Treino): 878 arquivos...
2026-03-25 17:30:25,321 - INFO - ✂️ Double-Chunking (Treino): Expondo fatias de 500,000 amostras aleatórias.
2026-03-25 17:30:25,322 - INFO - 🚀 Pre-loading 500,000 samples into RAM (Lightning Mode)...
2026-03-25 17:33:38,566 - INFO - ✅ RAM-Safe Streaming Dataset: 500,000 sequences indexed and PRE-LOADED.
2026-03-25 17:33:38,568 - INFO - ✅ RAM-Safe Streaming Dataset: 500,000 sequences indexed (Mode: Lightning).
2026-03-25 17:33:38,618 - INFO - 🔍 RAM-Safe Streaming Scan (Val): 274 arquivos...
2026-03-25 17:33:51,139 - INFO - ✂️ Double-Chunking (Val): Expondo fatias de 100,000 amostras aleatórias.
2026-03-25 17:33:51,140 - INFO - 🚀 Pre-loading 100,000 samples into RAM (Lightning Mode)...
2026-03-25 17:34:50,994 - INFO - ✅ RAM-Safe Streaming Dataset: 100,000 sequences indexed and PRE-LOADED.
2026-03-25 17:34:50,998 - INFO - ✅ RAM-Safe Streaming Dataset: 100,000 sequences indexed (Mode: Lightning).
2026-03-25 17:34:51,363 - INFO - Trial 276 START | tcn=512, lstm=128, layers=2, batch=512, seq=96 | RFE=30 | loss=ASYM (g_s=2.27, g_n=1.11, g_b=2.29) | alpha=[1.51, 1.04, 1.71], smooth=0.21
2026-03-25 17:35:50,837 - INFO - T276 E1/10 | [WARN] ZERO_PENALTY | L: 0.76365127/0.72167384 | F1 M MIN: 0.00000000 D: 0.00000000 | [S/N/B]: [0.0000/0.8190/0.5659] | LR: 0.00036265
2026-03-25 17:36:51,140 - INFO - T276 E2/10 | [OK] | L: 0.71816282/0.69217534 | F1 M MIN: 0.00007357 D: 0.29033774 | [S/N/B]: [0.0001/0.8504/0.5806] | LR: 0.00033625
2026-03-25 17:37:51,636 - INFO - T276 E3/10 | [WARN] ZERO_PENALTY | L: 0.70918074/0.69559109 | F1 M MIN: 0.00000000 D: 0.00000000 | [S/N/B]: [0.0000/0.8451/0.5789] | LR: 0.00029513
2026-03-25 17:38:52,292 - INFO - T276 E4/10 | [OK] | L: 0.70410273/0.68075347 | F1 M MIN: 0.05826996 D: 0.32026063 | [S/N/B]: [0.0583/0.8663/0.5823] | LR: 0.00024331
2026-03-25 17:39:52,837 - INFO - T276 E5/10 | [OK] | L: 0.69992621/0.68146002 | F1 M MIN: 0.12936246 D: 0.35273092 | [S/N/B]: [0.1294/0.8652/0.5761] | LR: 0.00018587
2026-03-25 17:39:52,971 - INFO - Trial 276 pruned by Optuna at epoch 5
2026-03-25 17:39:53,066 - INFO - Trial 276 pruned.
2026-03-25 17:39:53,671 - INFO - 🔍 RAM-Safe Streaming Scan (Treino): 878 arquivos...
2026-03-25 17:40:42,443 - INFO - ✂️ Double-Chunking (Treino): Expondo fatias de 500,000 amostras aleatórias.
2026-03-25 17:40:42,444 - INFO - 🚀 Pre-loading 500,000 samples into RAM (Lightning Mode)...
2026-03-25 17:43:56,552 - INFO - ✅ RAM-Safe Streaming Dataset: 500,000 sequences indexed and PRE-LOADED.
2026-03-25 17:43:56,554 - INFO - ✅ RAM-Safe Streaming Dataset: 500,000 sequences indexed (Mode: Lightning).
2026-03-25 17:43:56,602 - INFO - 🔍 RAM-Safe Streaming Scan (Val): 274 arquivos...
2026-03-25 17:44:09,084 - INFO - ✂️ Double-Chunking (Val): Expondo fatias de 100,000 amostras aleatórias.
2026-03-25 17:44:09,085 - INFO - 🚀 Pre-loading 100,000 samples into RAM (Lightning Mode)...
2026-03-25 17:45:07,181 - INFO - ✅ RAM-Safe Streaming Dataset: 100,000 sequences indexed and PRE-LOADED.
2026-03-25 17:45:07,182 - INFO - ✅ RAM-Safe Streaming Dataset: 100,000 sequences indexed (Mode: Lightning).
2026-03-25 17:45:07,524 - INFO - Trial 277 START | tcn=64, lstm=256, layers=2, batch=1024, seq=192 | RFE=30 | loss=ASYM (g_s=0.85, g_n=0.31, g_b=0.82) | alpha=[1.20, 0.56, 1.19], smooth=0.27
2026-03-25 17:45:48,560 - INFO - T277 E1/10 | [OK] | L: 0.68937791/0.66067226 | F1 M MIN: 0.02060254 D: 0.27732115 | [S/N/B]: [0.0206/0.7303/0.5340] | LR: 0.00068998
2026-03-25 17:46:29,389 - INFO - T277 E2/10 | [OK] | L: 0.66262114/0.64671041 | F1 M MIN: 0.19272779 D: 0.37598979 | [S/N/B]: [0.5593/0.7629/0.1927] | LR: 0.00063975
2026-03-25 17:47:11,011 - INFO - T277 E3/10 | [OK] | L: 0.65456932/0.63951451 | F1 M MIN: 0.33580789 D: 0.42387685 | [S/N/B]: [0.3358/0.7892/0.5119] | LR: 0.00056151
2026-03-25 17:47:52,150 - INFO - T277 E4/10 | [OK] | L: 0.65118666/0.63608856 | F1 M MIN: 0.34464955 D: 0.43319932 | [S/N/B]: [0.5217/0.8038/0.3446] | LR: 0.00046293
2026-03-25 17:48:34,014 - INFO - T277 E5/10 | [OK] | L: 0.64814378/0.63130055 | F1 M MIN: 0.27111767 D: 0.41627873 | [S/N/B]: [0.5614/0.8157/0.2711] | LR: 0.00035365
2026-03-25 17:49:15,248 - INFO - T277 E6/10 | [OK] | L: 0.64572608/0.63010835 | F1 M MIN: 0.29323292 D: 0.42912949 | [S/N/B]: [0.5650/0.8159/0.2932] | LR: 0.00024436
2026-03-25 17:49:15,366 - INFO - Trial 277 pruned by Optuna at epoch 6
2026-03-25 17:49:15,466 - INFO - Trial 277 pruned.
2026-03-25 17:49:16,139 - INFO - 🔍 RAM-Safe Streaming Scan (Treino): 878 arquivos...
2026-03-25 17:50:05,296 - INFO - ✂️ Double-Chunking (Treino): Expondo fatias de 500,000 amostras aleatórias.
2026-03-25 17:50:05,297 - INFO - 🚀 Pre-loading 500,000 samples into RAM (Lightning Mode)...
2026-03-25 17:53:17,293 - INFO - ✅ RAM-Safe Streaming Dataset: 500,000 sequences indexed and PRE-LOADED.
2026-03-25 17:53:17,295 - INFO - ✅ RAM-Safe Streaming Dataset: 500,000 sequences indexed (Mode: Lightning).
2026-03-25 17:53:17,345 - INFO - 🔍 RAM-Safe Streaming Scan (Val): 274 arquivos...
2026-03-25 17:53:30,517 - INFO - ✂️ Double-Chunking (Val): Expondo fatias de 100,000 amostras aleatórias.
2026-03-25 17:53:30,518 - INFO - 🚀 Pre-loading 100,000 samples into RAM (Lightning Mode)...
2026-03-25 17:54:28,984 - INFO - ✅ RAM-Safe Streaming Dataset: 100,000 sequences indexed and PRE-LOADED.
2026-03-25 17:54:28,986 - INFO - ✅ RAM-Safe Streaming Dataset: 100,000 sequences indexed (Mode: Lightning).
2026-03-25 17:54:29,348 - INFO - Trial 278 START | tcn=256, lstm=64, layers=2, batch=1024, seq=144 | RFE=30 | loss=ASYM (g_s=3.32, g_n=0.34, g_b=0.79) | alpha=[1.29, 0.65, 1.22], smooth=0.22
2026-03-25 17:55:17,082 - INFO - T278 E1/10 | [OK] | L: 0.58627121/0.62215603 | F1 M MIN: 0.01020650 D: 0.25107724 | [S/N/B]: [0.0102/0.5515/0.4919] | LR: 0.00021058
2026-03-25 17:56:04,613 - INFO - T278 E2/10 | [OK] | L: 0.54569360/0.55628687 | F1 M MIN: 0.00186166 D: 0.27276600 | [S/N/B]: [0.0019/0.7726/0.5437] | LR: 0.00019525
2026-03-25 17:56:53,010 - INFO - T278 E3/10 | [OK] | L: 0.53391332/0.54043501 | F1 M MIN: 0.00151466 D: 0.28261404 | [S/N/B]: [0.0015/0.8242/0.5637] | LR: 0.00017137
2026-03-25 17:57:40,806 - INFO - T278 E4/10 | [WARN] ZERO_PENALTY | L: 0.52760476/0.54176676 | F1 M MIN: 0.00000000 D: 0.00000000 | [S/N/B]: [0.0000/0.8099/0.5580] | LR: 0.00014129
2026-03-25 17:58:29,167 - INFO - T278 E5/10 | [OK] | L: 0.52363427/0.53729242 | F1 M MIN: 0.00007228 D: 0.28119047 | [S/N/B]: [0.0001/0.8201/0.5623] | LR: 0.00010793
2026-03-25 17:58:29,225 - INFO - Trial 278 stopped early due to patience limit (4 epochs without improvement)
2026-03-25 17:58:29,414 - INFO - Trial 278 finished with value: 0.010206495657169894 and parameters: {'tcn_channels': 256, 'lstm_hidden': 64, 'num_lstm_layers': 2, 'batch_size': 1024, 'dropout': 0.3415638852923523, 'seq_len': 144, 'lr': 0.000215866561514853, 'weight_decay': 0.00413643536040938, 'base_alpha_sell': 1.287118345482104, 'base_alpha_neutral': 0.6515496303647126, 'base_alpha_buy': 1.2170635838505972, 'base_loss_gamma': 0.5504715857964688, 'base_loss_smoothing': 0.21510430416571238, 'asym_gamma_sell': 3.316489573688169, 'asym_gamma_neu': 0.3440955917847177, 'asym_gamma_buy': 0.7884564186337879}. Best is trial 193 with value: 0.4857577883085556.
2026-03-25 17:58:29,950 - INFO - 🔍 RAM-Safe Streaming Scan (Treino): 878 arquivos...
2026-03-25 17:59:18,610 - INFO - ✂️ Double-Chunking (Treino): Expondo fatias de 500,000 amostras aleatórias.
2026-03-25 17:59:18,612 - INFO - 🚀 Pre-loading 500,000 samples into RAM (Lightning Mode)...
2026-03-25 18:02:32,207 - INFO - ✅ RAM-Safe Streaming Dataset: 500,000 sequences indexed and PRE-LOADED.
2026-03-25 18:02:32,209 - INFO - ✅ RAM-Safe Streaming Dataset: 500,000 sequences indexed (Mode: Lightning).
2026-03-25 18:02:32,256 - INFO - 🔍 RAM-Safe Streaming Scan (Val): 274 arquivos...
2026-03-25 18:02:44,673 - INFO - ✂️ Double-Chunking (Val): Expondo fatias de 100,000 amostras aleatórias.
2026-03-25 18:02:44,674 - INFO - 🚀 Pre-loading 100,000 samples into RAM (Lightning Mode)...
2026-03-25 18:03:43,064 - INFO - ✅ RAM-Safe Streaming Dataset: 100,000 sequences indexed and PRE-LOADED.
2026-03-25 18:03:43,065 - INFO - ✅ RAM-Safe Streaming Dataset: 100,000 sequences indexed (Mode: Lightning).
2026-03-25 18:03:43,449 - INFO - Trial 279 START | tcn=256, lstm=32, layers=2, batch=2048, seq=96 | RFE=30 | loss=ASYM (g_s=3.01, g_n=0.63, g_b=2.47) | alpha=[1.15, 0.61, 1.68], smooth=0.30
2026-03-25 18:04:11,884 - INFO - T279 E1/10 | [WARN] ZERO_PENALTY | L: 0.53296950/0.51287182 | F1 M MIN: 0.00000000 D: 0.00000000 | [S/N/B]: [0.0000/0.6036/0.5001] | LR: 0.00103833
2026-03-25 18:04:40,542 - INFO - T279 E2/10 | [WARN] ZERO_PENALTY | L: 0.48393240/0.49762271 | F1 M MIN: 0.00000000 D: 0.00000000 | [S/N/B]: [0.0000/0.6919/0.5220] | LR: 0.00096274
2026-03-25 18:05:09,393 - INFO - T279 E3/10 | [WARN] ZERO_PENALTY | L: 0.47392464/0.48965988 | F1 M MIN: 0.00000000 D: 0.00000000 | [S/N/B]: [0.0000/0.7342/0.5340] | LR: 0.00084500
2026-03-25 18:05:38,140 - INFO - T279 E4/10 | [WARN] ZERO_PENALTY | L: 0.46875007/0.48515502 | F1 M MIN: 0.00000000 D: 0.00000000 | [S/N/B]: [0.0000/0.7608/0.5433] | LR: 0.00069664
2026-03-25 18:05:38,194 - INFO - Trial 279 stopped early due to patience limit (4 epochs without improvement)
2026-03-25 18:05:38,366 - INFO - Trial 279 finished with value: 0.0 and parameters: {'tcn_channels': 256, 'lstm_hidden': 32, 'num_lstm_layers': 2, 'batch_size': 2048, 'dropout': 0.23022577671327163, 'seq_len': 96, 'lr': 0.0010643739461197925, 'weight_decay': 0.0013837024940235088, 'base_alpha_sell': 1.1475128766642235, 'base_alpha_neutral': 0.6114380756466857, 'base_alpha_buy': 1.684556473882362, 'base_loss_gamma': 1.1637970052984419, 'base_loss_smoothing': 0.2974238670165656, 'asym_gamma_sell': 3.0053957660335584, 'asym_gamma_neu': 0.6292326410835958, 'asym_gamma_buy': 2.4687911385052637}. Best is trial 193 with value: 0.4857577883085556.
2026-03-25 18:05:38,897 - INFO - 🔍 RAM-Safe Streaming Scan (Treino): 878 arquivos...
2026-03-25 18:06:27,284 - INFO - ✂️ Double-Chunking (Treino): Expondo fatias de 500,000 amostras aleatórias.
2026-03-25 18:06:27,285 - INFO - 🚀 Pre-loading 500,000 samples into RAM (Lightning Mode)...
2026-03-25 18:09:38,046 - INFO - ✅ RAM-Safe Streaming Dataset: 500,000 sequences indexed and PRE-LOADED.
2026-03-25 18:09:38,047 - INFO - ✅ RAM-Safe Streaming Dataset: 500,000 sequences indexed (Mode: Lightning).
2026-03-25 18:09:38,095 - INFO - 🔍 RAM-Safe Streaming Scan (Val): 274 arquivos...
2026-03-25 18:09:51,349 - INFO - ✂️ Double-Chunking (Val): Expondo fatias de 100,000 amostras aleatórias.
2026-03-25 18:09:51,350 - INFO - 🚀 Pre-loading 100,000 samples into RAM (Lightning Mode)...
2026-03-25 18:10:49,379 - INFO - ✅ RAM-Safe Streaming Dataset: 100,000 sequences indexed and PRE-LOADED.
2026-03-25 18:10:49,379 - INFO - ✅ RAM-Safe Streaming Dataset: 100,000 sequences indexed (Mode: Lightning).
2026-03-25 18:10:49,742 - INFO - Trial 280 START | tcn=128, lstm=256, layers=4, batch=1024, seq=96 | RFE=30 | loss=ASYM (g_s=1.12, g_n=0.14, g_b=1.36) | alpha=[1.65, 0.44, 1.76], smooth=0.34
2026-03-25 18:11:28,588 - INFO - T280 E1/10 | [WARN] ZERO_PENALTY | L: 0.89471918/0.85938139 | F1 M MIN: 0.00000000 D: 0.00000000 | [S/N/B]: [0.0000/0.3619/0.4630] | LR: 0.00078610
2026-03-25 18:12:06,915 - INFO - T280 E2/10 | [WARN] ZERO_PENALTY | L: 0.86134636/0.84553048 | F1 M MIN: 0.00000000 D: 0.00000000 | [S/N/B]: [0.0000/0.5813/0.4990] | LR: 0.00072887
2026-03-25 18:12:46,141 - INFO - T280 E3/10 | [WARN] ZERO_PENALTY | L: 0.85614457/0.84851605 | F1 M MIN: 0.00000000 D: 0.00000000 | [S/N/B]: [0.0000/0.4792/0.4807] | LR: 0.00063973
2026-03-25 18:13:24,601 - INFO - T280 E4/10 | [WARN] ZERO_PENALTY | L: 0.85320179/0.84226306 | F1 M MIN: 0.00000000 D: 0.00000000 | [S/N/B]: [0.0000/0.5889/0.5008] | LR: 0.00052741
2026-03-25 18:13:24,669 - INFO - Trial 280 stopped early due to patience limit (4 epochs without improvement)
2026-03-25 18:13:24,841 - INFO - Trial 280 finished with value: 0.0 and parameters: {'tcn_channels': 128, 'lstm_hidden': 256, 'num_lstm_layers': 4, 'batch_size': 1024, 'dropout': 0.26468343439287023, 'seq_len': 96, 'lr': 0.000805818173740711, 'weight_decay': 0.001622212956374534, 'base_alpha_sell': 1.6452166714956986, 'base_alpha_neutral': 0.44158652261285797, 'base_alpha_buy': 1.7591729443902717, 'base_loss_gamma': 2.99845404966257, 'base_loss_smoothing': 0.3406531231693313, 'asym_gamma_sell': 1.1171469333472939, 'asym_gamma_neu': 0.1355563122531355, 'asym_gamma_buy': 1.3622320510420851}. Best is trial 193 with value: 0.4857577883085556.
2026-03-25 18:13:25,399 - INFO - 🔍 RAM-Safe Streaming Scan (Treino): 878 arquivos...
2026-03-25 18:14:15,419 - INFO - ✂️ Double-Chunking (Treino): Expondo fatias de 500,000 amostras aleatórias.
2026-03-25 18:14:15,420 - INFO - 🚀 Pre-loading 500,000 samples into RAM (Lightning Mode)...
2026-03-25 18:17:32,201 - INFO - ✅ RAM-Safe Streaming Dataset: 500,000 sequences indexed and PRE-LOADED.
2026-03-25 18:17:32,210 - INFO - ✅ RAM-Safe Streaming Dataset: 500,000 sequences indexed (Mode: Lightning).
2026-03-25 18:17:32,261 - INFO - 🔍 RAM-Safe Streaming Scan (Val): 274 arquivos...
2026-03-25 18:17:44,779 - INFO - ✂️ Double-Chunking (Val): Expondo fatias de 100,000 amostras aleatórias.
2026-03-25 18:17:44,780 - INFO - 🚀 Pre-loading 100,000 samples into RAM (Lightning Mode)...
2026-03-25 18:18:42,565 - INFO - ✅ RAM-Safe Streaming Dataset: 100,000 sequences indexed and PRE-LOADED.
2026-03-25 18:18:42,566 - INFO - ✅ RAM-Safe Streaming Dataset: 100,000 sequences indexed (Mode: Lightning).
2026-03-25 18:18:42,937 - INFO - Trial 281 START | tcn=512, lstm=256, layers=4, batch=512, seq=192 | RFE=30 | loss=ASYM (g_s=0.87, g_n=0.62, g_b=1.23) | alpha=[1.84, 0.84, 1.63], smooth=0.29
2026-03-25 18:21:34,372 - INFO - T281 E1/10 | [WARN] ZERO_PENALTY | L: 1.05673941/0.98892995 | F1 M MIN: 0.00000000 D: 0.00000000 | [S/N/B]: [0.5525/0.7617/0.0000] | LR: 0.00166444
2026-03-25 18:24:27,672 - INFO - T281 E2/10 | [WARN] ZERO_PENALTY | L: 1.02432097/0.97428508 | F1 M MIN: 0.00000000 D: 0.00000000 | [S/N/B]: [0.5723/0.8115/0.0000] | LR: 0.00154326
2026-03-25 18:27:21,072 - INFO - T281 E3/10 | [WARN] ZERO_PENALTY | L: 1.01771354/0.98036066 | F1 M MIN: 0.00000000 D: 0.00000000 | [S/N/B]: [0.5568/0.7746/0.0000] | LR: 0.00135453
2026-03-25 18:30:14,721 - INFO - T281 E4/10 | [WARN] ZERO_PENALTY | L: 1.01374019/0.96582614 | F1 M MIN: 0.00000000 D: 0.00000000 | [S/N/B]: [0.5788/0.8277/0.0000] | LR: 0.00111671
2026-03-25 18:30:14,785 - INFO - Trial 281 stopped early due to patience limit (4 epochs without improvement)
2026-03-25 18:30:15,011 - INFO - Trial 281 finished with value: 0.0 and parameters: {'tcn_channels': 512, 'lstm_hidden': 256, 'num_lstm_layers': 4, 'batch_size': 512, 'dropout': 0.2537739543189993, 'seq_len': 192, 'lr': 0.0017061886230056449, 'weight_decay': 0.0019067416677102918, 'base_alpha_sell': 1.8352563192462767, 'base_alpha_neutral': 0.8359683517134932, 'base_alpha_buy': 1.6309443044563525, 'base_loss_gamma': 0.8655093474890744, 'base_loss_smoothing': 0.2897237611455011, 'asym_gamma_sell': 0.8686126332130921, 'asym_gamma_neu': 0.6212973752221455, 'asym_gamma_buy': 1.2309092716420171}. Best is trial 193 with value: 0.4857577883085556.
2026-03-25 18:30:15,585 - INFO - 🔍 RAM-Safe Streaming Scan (Treino): 878 arquivos...
2026-03-25 18:31:05,840 - INFO - ✂️ Double-Chunking (Treino): Expondo fatias de 500,000 amostras aleatórias.
2026-03-25 18:31:05,841 - INFO - 🚀 Pre-loading 500,000 samples into RAM (Lightning Mode)...
2026-03-25 18:34:18,656 - INFO - ✅ RAM-Safe Streaming Dataset: 500,000 sequences indexed and PRE-LOADED.
2026-03-25 18:34:18,657 - INFO - ✅ RAM-Safe Streaming Dataset: 500,000 sequences indexed (Mode: Lightning).
2026-03-25 18:34:18,708 - INFO - 🔍 RAM-Safe Streaming Scan (Val): 274 arquivos...
2026-03-25 18:34:31,189 - INFO - ✂️ Double-Chunking (Val): Expondo fatias de 100,000 amostras aleatórias.
2026-03-25 18:34:31,190 - INFO - 🚀 Pre-loading 100,000 samples into RAM (Lightning Mode)...
2026-03-25 18:35:29,481 - INFO - ✅ RAM-Safe Streaming Dataset: 100,000 sequences indexed and PRE-LOADED.
2026-03-25 18:35:29,482 - INFO - ✅ RAM-Safe Streaming Dataset: 100,000 sequences indexed (Mode: Lightning).
2026-03-25 18:35:29,830 - INFO - Trial 282 START | tcn=256, lstm=256, layers=2, batch=1024, seq=96 | RFE=30 | loss=ASYM (g_s=1.03, g_n=0.52, g_b=0.67) | alpha=[1.32, 0.48, 1.55], smooth=0.22
2026-03-25 18:36:08,537 - INFO - T282 E1/10 | [OK] | L: 0.75565573/0.68514191 | F1 M MIN: 0.07678906 D: 0.28786781 | [S/N/B]: [0.0768/0.6349/0.4989] | LR: 0.00034705
2026-03-25 18:36:46,910 - INFO - T282 E2/10 | [OK] | L: 0.72291059/0.67237949 | F1 M MIN: 0.04904773 D: 0.28971579 | [S/N/B]: [0.0490/0.7027/0.5304] | LR: 0.00032178
2026-03-25 18:37:26,281 - INFO - T282 E3/10 | [OK] | L: 0.71354976/0.66919616 | F1 M MIN: 0.29252291 D: 0.40107075 | [S/N/B]: [0.2925/0.6938/0.5096] | LR: 0.00028243
2026-03-25 18:38:05,108 - INFO - T282 E4/10 | [OK] | L: 0.70766539/0.66426216 | F1 M MIN: 0.33783811 D: 0.42045958 | [S/N/B]: [0.3378/0.6992/0.5031] | LR: 0.00023284
2026-03-25 18:38:44,431 - INFO - T282 E5/10 | [OK] | L: 0.70332434/0.66404771 | F1 M MIN: 0.23694085 D: 0.37828539 | [S/N/B]: [0.2369/0.6874/0.5196] | LR: 0.00017788
2026-03-25 18:39:23,707 - INFO - T282 E6/10 | [OK] | L: 0.70004633/0.66000589 | F1 M MIN: 0.36299585 D: 0.43038320 | [S/N/B]: [0.3630/0.7181/0.4978] | LR: 0.00012291
2026-03-25 18:39:23,834 - INFO - Trial 282 pruned by Optuna at epoch 6
