2026-03-24 05:38:25,226 - INFO - Trial 139 finished with value: 0.45968548010928234 and parameters: {'tcn_channels': 512, 'lstm_hidden': 256, 'num_lstm_layers': 2, 'batch_size': 1024, 'dropout': 0.24376146534215584, 'seq_len': 96, 'lr': 0.0007167399713101606, 'weight_decay': 0.00036122786165033213, 'base_alpha_sell': 1.6811567761066435, 'base_alpha_neutral': 0.6251906372330055, 'base_alpha_buy': 1.626078950229602, 'base_loss_gamma': 4.766193205587135, 'base_loss_smoothing': 0.302542538988213, 'asym_gamma_sell': 2.8157596835317142, 'asym_gamma_neu': 0.3967755254376043, 'asym_gamma_buy': 0.5120559506119896}. Best is trial 104 with value: 0.4828262682077523.
2026-03-24 05:38:25,824 - INFO - 🔍 RAM-Safe Streaming Scan (Treino): 878 arquivos...
2026-03-24 05:39:18,920 - INFO - ✂️ Double-Chunking (Treino): Expondo fatias de 500,000 amostras aleatórias.
2026-03-24 05:39:18,922 - INFO - 🚀 Pre-loading 500,000 samples into RAM (Lightning Mode)...
2026-03-24 05:42:26,287 - INFO - ✅ RAM-Safe Streaming Dataset: 500,000 sequences indexed and PRE-LOADED.
2026-03-24 05:42:26,288 - INFO - ✅ RAM-Safe Streaming Dataset: 500,000 sequences indexed (Mode: Lightning).
2026-03-24 05:42:26,327 - INFO - 🔍 RAM-Safe Streaming Scan (Val): 274 arquivos...
2026-03-24 05:42:39,484 - INFO - ✂️ Double-Chunking (Val): Expondo fatias de 100,000 amostras aleatórias.
2026-03-24 05:42:39,484 - INFO - 🚀 Pre-loading 100,000 samples into RAM (Lightning Mode)...
2026-03-24 05:43:35,937 - INFO - ✅ RAM-Safe Streaming Dataset: 100,000 sequences indexed and PRE-LOADED.
2026-03-24 05:43:35,939 - INFO - ✅ RAM-Safe Streaming Dataset: 100,000 sequences indexed (Mode: Lightning).
2026-03-24 05:43:36,484 - INFO - Trial 140 START | tcn=128, lstm=256, layers=2, batch=1024, seq=96 | RFE=30 | loss=ASYM (g_s=2.88, g_n=0.96, g_b=0.74) | alpha=[1.50, 0.56, 1.69], smooth=0.14
2026-03-24 05:44:03,811 - INFO - T140 E1/10 | [OK] | L: 0.70667610/0.62562134 | F1 M MIN: 0.00317919 D: 0.25007855 | [S/N/B]: [0.0032/0.6081/0.4970] | LR: 0.00013456
2026-03-24 05:44:30,711 - INFO - T140 E2/10 | [OK] | L: 0.65603417/0.60655022 | F1 M MIN: 0.00855310 D: 0.25611634 | [S/N/B]: [0.0086/0.6227/0.5037] | LR: 0.00012476
2026-03-24 05:44:58,403 - INFO - T140 E3/10 | [OK] | L: 0.64286274/0.59395033 | F1 M MIN: 0.01607068 D: 0.26644352 | [S/N/B]: [0.0161/0.6686/0.5168] | LR: 0.00010950
2026-03-24 05:45:25,436 - INFO - T140 E4/10 | [OK] | L: 0.63522556/0.58607235 | F1 M MIN: 0.08366335 D: 0.30950147 | [S/N/B]: [0.0837/0.7054/0.5353] | LR: 0.00009028
2026-03-24 05:45:53,199 - INFO - T140 E5/10 | [OK] | L: 0.62965441/0.57993184 | F1 M MIN: 0.11732996 D: 0.32833079 | [S/N/B]: [0.1173/0.7110/0.5393] | LR: 0.00006897
2026-03-24 05:46:20,713 - INFO - T140 E6/10 | [OK] | L: 0.62533481/0.58269911 | F1 M MIN: 0.06078130 D: 0.29807409 | [S/N/B]: [0.0608/0.6883/0.5354] | LR: 0.00004765
2026-03-24 05:46:20,883 - INFO - Trial 140 pruned by Optuna at epoch 6
2026-03-24 05:46:21,034 - INFO - Trial 140 pruned.
2026-03-24 05:46:22,021 - INFO - 🔍 RAM-Safe Streaming Scan (Treino): 878 arquivos...
2026-03-24 05:47:14,803 - INFO - ✂️ Double-Chunking (Treino): Expondo fatias de 500,000 amostras aleatórias.
2026-03-24 05:47:14,809 - INFO - 🚀 Pre-loading 500,000 samples into RAM (Lightning Mode)...
2026-03-24 05:50:25,060 - INFO - ✅ RAM-Safe Streaming Dataset: 500,000 sequences indexed and PRE-LOADED.
2026-03-24 05:50:25,061 - INFO - ✅ RAM-Safe Streaming Dataset: 500,000 sequences indexed (Mode: Lightning).
2026-03-24 05:50:25,111 - INFO - 🔍 RAM-Safe Streaming Scan (Val): 274 arquivos...
2026-03-24 05:50:38,617 - INFO - ✂️ Double-Chunking (Val): Expondo fatias de 100,000 amostras aleatórias.
2026-03-24 05:50:38,617 - INFO - 🚀 Pre-loading 100,000 samples into RAM (Lightning Mode)...
2026-03-24 05:51:36,174 - INFO - ✅ RAM-Safe Streaming Dataset: 100,000 sequences indexed and PRE-LOADED.
2026-03-24 05:51:36,175 - INFO - ✅ RAM-Safe Streaming Dataset: 100,000 sequences indexed (Mode: Lightning).
2026-03-24 05:51:36,820 - INFO - Trial 141 START | tcn=512, lstm=256, layers=2, batch=1024, seq=96 | RFE=30 | loss=ASYM (g_s=4.60, g_n=0.67, g_b=0.65) | alpha=[1.66, 0.62, 1.66], smooth=0.27
2026-03-24 05:52:41,611 - INFO - T141 E1/10 | [OK] | L: 0.72222152/0.69342218 | F1 M MIN: 0.05871185 D: 0.30267546 | [S/N/B]: [0.0587/0.7009/0.5466] | LR: 0.00035580
2026-03-24 05:53:46,567 - INFO - T141 E2/10 | [OK] | L: 0.68887155/0.68576110 | F1 M MIN: 0.04100630 D: 0.29229551 | [S/N/B]: [0.0410/0.7063/0.5436] | LR: 0.00032990
2026-03-24 05:54:52,485 - INFO - T141 E3/10 | [OK] | L: 0.68126598/0.67414220 | F1 M MIN: 0.14392330 D: 0.35130979 | [S/N/B]: [0.1439/0.7507/0.5587] | LR: 0.00028955
2026-03-24 05:55:58,018 - INFO - T141 E4/10 | [OK] | L: 0.67655740/0.67240647 | F1 M MIN: 0.26089344 D: 0.40495704 | [S/N/B]: [0.2609/0.7570/0.5490] | LR: 0.00023871
2026-03-24 05:57:04,191 - INFO - T141 E5/10 | [OK] | L: 0.67291891/0.67187656 | F1 M MIN: 0.19678311 D: 0.37621021 | [S/N/B]: [0.1968/0.7514/0.5556] | LR: 0.00018236
2026-03-24 05:58:10,025 - INFO - T141 E6/10 | [OK] | L: 0.66978164/0.66936419 | F1 M MIN: 0.28321428 D: 0.41510442 | [S/N/B]: [0.2832/0.7649/0.5470] | LR: 0.00012601
2026-03-24 05:58:10,277 - INFO - Trial 141 pruned by Optuna at epoch 6
2026-03-24 05:58:10,481 - INFO - Trial 141 pruned.
2026-03-24 05:58:11,431 - INFO - 🔍 RAM-Safe Streaming Scan (Treino): 878 arquivos...
2026-03-24 05:59:03,664 - INFO - ✂️ Double-Chunking (Treino): Expondo fatias de 500,000 amostras aleatórias.
2026-03-24 05:59:03,665 - INFO - 🚀 Pre-loading 500,000 samples into RAM (Lightning Mode)...
2026-03-24 06:02:15,668 - INFO - ✅ RAM-Safe Streaming Dataset: 500,000 sequences indexed and PRE-LOADED.
2026-03-24 06:02:15,672 - INFO - ✅ RAM-Safe Streaming Dataset: 500,000 sequences indexed (Mode: Lightning).
2026-03-24 06:02:15,718 - INFO - 🔍 RAM-Safe Streaming Scan (Val): 274 arquivos...
2026-03-24 06:02:29,011 - INFO - ✂️ Double-Chunking (Val): Expondo fatias de 100,000 amostras aleatórias.
2026-03-24 06:02:29,011 - INFO - 🚀 Pre-loading 100,000 samples into RAM (Lightning Mode)...
2026-03-24 06:03:26,787 - INFO - ✅ RAM-Safe Streaming Dataset: 100,000 sequences indexed and PRE-LOADED.
2026-03-24 06:03:26,788 - INFO - ✅ RAM-Safe Streaming Dataset: 100,000 sequences indexed (Mode: Lightning).
2026-03-24 06:03:27,197 - INFO - Trial 142 START | tcn=512, lstm=256, layers=2, batch=1024, seq=192 | RFE=30 | loss=ASYM (g_s=1.48, g_n=0.21, g_b=1.08) | alpha=[1.91, 0.45, 1.49], smooth=0.19
2026-03-24 06:05:57,376 - INFO - T142 E1/10 | [OK] | L: 0.84287696/0.79265531 | F1 M MIN: 0.00140144 D: 0.23895816 | [S/N/B]: [0.4765/0.4301/0.0014] | LR: 0.00012737
2026-03-24 06:08:29,661 - INFO - T142 E2/10 | [OK] | L: 0.80063627/0.77570612 | F1 M MIN: 0.01615026 D: 0.25616978 | [S/N/B]: [0.4962/0.5285/0.0162] | LR: 0.00011809
2026-03-24 06:11:01,712 - INFO - T142 E3/10 | [OK] | L: 0.78979509/0.77260279 | F1 M MIN: 0.05484634 D: 0.27579896 | [S/N/B]: [0.4968/0.5276/0.0548] | LR: 0.00010365
2026-03-24 06:13:33,957 - INFO - T142 E4/10 | [OK] | L: 0.78107938/0.77500757 | F1 M MIN: 0.19545326 D: 0.34934986 | [S/N/B]: [0.5032/0.5282/0.1955] | LR: 0.00008545
2026-03-24 06:16:06,837 - INFO - T142 E5/10 | [OK] | L: 0.77457858/0.75925743 | F1 M MIN: 0.21020479 D: 0.36355559 | [S/N/B]: [0.5169/0.6094/0.2102] | LR: 0.00006528
2026-03-24 06:18:39,390 - INFO - T142 E6/10 | [OK] | L: 0.76868221/0.75284011 | F1 M MIN: 0.27009337 D: 0.39522027 | [S/N/B]: [0.5203/0.6328/0.2701] | LR: 0.00004511
2026-03-24 06:18:39,551 - INFO - Trial 142 pruned by Optuna at epoch 6
2026-03-24 06:18:39,682 - INFO - Trial 142 pruned.
2026-03-24 06:18:40,369 - INFO - 🔍 RAM-Safe Streaming Scan (Treino): 878 arquivos...
2026-03-24 06:19:33,810 - INFO - ✂️ Double-Chunking (Treino): Expondo fatias de 500,000 amostras aleatórias.
2026-03-24 06:19:33,812 - INFO - 🚀 Pre-loading 500,000 samples into RAM (Lightning Mode)...
2026-03-24 06:22:44,376 - INFO - ✅ RAM-Safe Streaming Dataset: 500,000 sequences indexed and PRE-LOADED.
2026-03-24 06:22:44,377 - INFO - ✅ RAM-Safe Streaming Dataset: 500,000 sequences indexed (Mode: Lightning).
2026-03-24 06:22:44,423 - INFO - 🔍 RAM-Safe Streaming Scan (Val): 274 arquivos...
2026-03-24 06:22:57,981 - INFO - ✂️ Double-Chunking (Val): Expondo fatias de 100,000 amostras aleatórias.
2026-03-24 06:22:57,981 - INFO - 🚀 Pre-loading 100,000 samples into RAM (Lightning Mode)...
2026-03-24 06:23:55,665 - INFO - ✅ RAM-Safe Streaming Dataset: 100,000 sequences indexed and PRE-LOADED.
2026-03-24 06:23:55,666 - INFO - ✅ RAM-Safe Streaming Dataset: 100,000 sequences indexed (Mode: Lightning).
2026-03-24 06:23:56,174 - INFO - Trial 143 START | tcn=512, lstm=256, layers=2, batch=2048, seq=96 | RFE=30 | loss=ASYM (g_s=2.03, g_n=0.32, g_b=0.79) | alpha=[1.40, 0.57, 1.70], smooth=0.22
2026-03-24 06:25:00,338 - INFO - T143 E1/10 | [OK] | L: 0.79350293/0.77683784 | F1 M MIN: 0.00528469 D: 0.24025269 | [S/N/B]: [0.0053/0.4780/0.4752] | LR: 0.00026253
2026-03-24 06:26:05,613 - INFO - T143 E2/10 | [OK] | L: 0.75272205/0.74778515 | F1 M MIN: 0.00115745 D: 0.25173827 | [S/N/B]: [0.0012/0.6161/0.5023] | LR: 0.00024342
2026-03-24 06:27:10,905 - INFO - T143 E3/10 | [OK] | L: 0.74129631/0.72203059 | F1 M MIN: 0.02882257 D: 0.28460262 | [S/N/B]: [0.0288/0.7501/0.5404] | LR: 0.00021365
2026-03-24 06:28:16,625 - INFO - T143 E4/10 | [OK] | L: 0.73383027/0.71900118 | F1 M MIN: 0.12741236 D: 0.33537074 | [S/N/B]: [0.1274/0.7449/0.5433] | LR: 0.00017614
2026-03-24 06:29:22,471 - INFO - T143 E5/10 | [OK] | L: 0.72790036/0.72075470 | F1 M MIN: 0.28725258 D: 0.40252056 | [S/N/B]: [0.2873/0.7335/0.5178] | LR: 0.00013456
2026-03-24 06:30:28,055 - INFO - T143 E6/10 | [OK] | L: 0.72424999/0.71901154 | F1 M MIN: 0.19353635 D: 0.36365834 | [S/N/B]: [0.1935/0.7311/0.5338] | LR: 0.00009298
2026-03-24 06:30:28,180 - INFO - Trial 143 pruned by Optuna at epoch 6
2026-03-24 06:30:28,321 - INFO - Trial 143 pruned.
2026-03-24 06:30:29,315 - INFO - 🔍 RAM-Safe Streaming Scan (Treino): 878 arquivos...
2026-03-24 06:31:23,628 - INFO - ✂️ Double-Chunking (Treino): Expondo fatias de 500,000 amostras aleatórias.
2026-03-24 06:31:23,630 - INFO - 🚀 Pre-loading 500,000 samples into RAM (Lightning Mode)...
2026-03-24 06:34:33,208 - INFO - ✅ RAM-Safe Streaming Dataset: 500,000 sequences indexed and PRE-LOADED.
2026-03-24 06:34:33,210 - INFO - ✅ RAM-Safe Streaming Dataset: 500,000 sequences indexed (Mode: Lightning).
2026-03-24 06:34:33,258 - INFO - 🔍 RAM-Safe Streaming Scan (Val): 274 arquivos...
2026-03-24 06:34:47,036 - INFO - ✂️ Double-Chunking (Val): Expondo fatias de 100,000 amostras aleatórias.
2026-03-24 06:34:47,036 - INFO - 🚀 Pre-loading 100,000 samples into RAM (Lightning Mode)...
2026-03-24 06:35:43,782 - INFO - ✅ RAM-Safe Streaming Dataset: 100,000 sequences indexed and PRE-LOADED.
2026-03-24 06:35:43,784 - INFO - ✅ RAM-Safe Streaming Dataset: 100,000 sequences indexed (Mode: Lightning).
2026-03-24 06:35:44,351 - INFO - Trial 144 START | tcn=512, lstm=256, layers=2, batch=2048, seq=96 | RFE=30 | loss=ASYM (g_s=1.99, g_n=0.36, g_b=1.28) | alpha=[1.68, 0.44, 1.51], smooth=0.29
2026-03-24 06:36:48,482 - INFO - T144 E1/10 | [OK] | L: 0.71796519/0.68872707 | F1 M MIN: 0.01040321 D: 0.24585469 | [S/N/B]: [0.4813/0.4621/0.0104] | LR: 0.00050853
2026-03-24 06:37:53,690 - INFO - T144 E2/10 | [OK] | L: 0.68653177/0.67502376 | F1 M MIN: 0.30081632 D: 0.39016414 | [S/N/B]: [0.4795/0.5966/0.3008] | LR: 0.00047151
2026-03-24 06:38:59,088 - INFO - T144 E3/10 | [OK] | L: 0.67918853/0.67140554 | F1 M MIN: 0.20740440 D: 0.35660770 | [S/N/B]: [0.5058/0.5908/0.2074] | LR: 0.00041385
2026-03-24 06:40:04,770 - INFO - T144 E4/10 | [OK] | L: 0.67476741/0.67159626 | F1 M MIN: 0.26334488 D: 0.38407661 | [S/N/B]: [0.5048/0.5873/0.2633] | LR: 0.00034119
2026-03-24 06:41:10,503 - INFO - T144 E5/10 | [OK] | L: 0.67132838/0.66536948 | F1 M MIN: 0.29200248 D: 0.39471052 | [S/N/B]: [0.4974/0.6325/0.2920] | LR: 0.00026064
2026-03-24 06:42:16,367 - INFO - T144 E6/10 | [OK] | L: 0.66820978/0.66476299 | F1 M MIN: 0.30636187 D: 0.40652722 | [S/N/B]: [0.5067/0.6328/0.3064] | LR: 0.00018010
2026-03-24 06:42:16,530 - INFO - Trial 144 pruned by Optuna at epoch 6
2026-03-24 06:42:16,678 - INFO - Trial 144 pruned.
2026-03-24 06:42:17,419 - INFO - 🔍 RAM-Safe Streaming Scan (Treino): 878 arquivos...
2026-03-24 06:43:13,357 - INFO - ✂️ Double-Chunking (Treino): Expondo fatias de 500,000 amostras aleatórias.
2026-03-24 06:43:13,358 - INFO - 🚀 Pre-loading 500,000 samples into RAM (Lightning Mode)...
2026-03-24 06:46:26,257 - INFO - ✅ RAM-Safe Streaming Dataset: 500,000 sequences indexed and PRE-LOADED.
2026-03-24 06:46:26,259 - INFO - ✅ RAM-Safe Streaming Dataset: 500,000 sequences indexed (Mode: Lightning).
2026-03-24 06:46:26,302 - INFO - 🔍 RAM-Safe Streaming Scan (Val): 274 arquivos...
2026-03-24 06:46:40,410 - INFO - ✂️ Double-Chunking (Val): Expondo fatias de 100,000 amostras aleatórias.
2026-03-24 06:46:40,410 - INFO - 🚀 Pre-loading 100,000 samples into RAM (Lightning Mode)...
2026-03-24 06:47:38,552 - INFO - ✅ RAM-Safe Streaming Dataset: 100,000 sequences indexed and PRE-LOADED.
2026-03-24 06:47:38,553 - INFO - ✅ RAM-Safe Streaming Dataset: 100,000 sequences indexed (Mode: Lightning).
2026-03-24 06:47:38,950 - INFO - Trial 145 START | tcn=256, lstm=256, layers=2, batch=1024, seq=96 | RFE=30 | loss=ASYM (g_s=2.39, g_n=0.42, g_b=1.44) | alpha=[1.65, 0.66, 1.53], smooth=0.35
2026-03-24 06:48:17,754 - INFO - T145 E1/10 | [OK] | L: 0.77915436/0.78602282 | F1 M MIN: 0.32230197 D: 0.39396745 | [S/N/B]: [0.4656/0.6351/0.3223] | LR: 0.00128269
2026-03-24 06:48:56,220 - INFO - T145 E2/10 | [OK] | L: 0.75675143/0.76538389 | F1 M MIN: 0.03713509 D: 0.29292057 | [S/N/B]: [0.5487/0.7492/0.0371] | LR: 0.00118931
2026-03-24 06:49:35,648 - INFO - T145 E3/10 | [OK] | L: 0.75095659/0.76838094 | F1 M MIN: 0.02698097 D: 0.28354929 | [S/N/B]: [0.5401/0.7117/0.0270] | LR: 0.00104386
2026-03-24 06:50:14,543 - INFO - T145 E4/10 | [OK] | L: 0.74719509/0.76041139 | F1 M MIN: 0.22548665 D: 0.38763364 | [S/N/B]: [0.5498/0.7451/0.2255] | LR: 0.00086059
2026-03-24 06:50:54,220 - INFO - T145 E5/10 | [OK] | L: 0.74368308/0.75956680 | F1 M MIN: 0.35207373 D: 0.43429234 | [S/N/B]: [0.5165/0.7401/0.3521] | LR: 0.00065743
2026-03-24 06:51:33,606 - INFO - T145 E6/10 | [OK] | L: 0.74053429/0.75637617 | F1 M MIN: 0.30732598 D: 0.42396786 | [S/N/B]: [0.5406/0.7614/0.3073] | LR: 0.00045428
2026-03-24 06:51:33,712 - INFO - Trial 145 pruned by Optuna at epoch 6
2026-03-24 06:51:33,824 - INFO - Trial 145 pruned.
2026-03-24 06:51:34,777 - INFO - 🔍 RAM-Safe Streaming Scan (Treino): 878 arquivos...
2026-03-24 06:52:30,049 - INFO - ✂️ Double-Chunking (Treino): Expondo fatias de 500,000 amostras aleatórias.
2026-03-24 06:52:30,050 - INFO - 🚀 Pre-loading 500,000 samples into RAM (Lightning Mode)...
2026-03-24 06:55:42,979 - INFO - ✅ RAM-Safe Streaming Dataset: 500,000 sequences indexed and PRE-LOADED.
2026-03-24 06:55:42,981 - INFO - ✅ RAM-Safe Streaming Dataset: 500,000 sequences indexed (Mode: Lightning).
2026-03-24 06:55:43,028 - INFO - 🔍 RAM-Safe Streaming Scan (Val): 274 arquivos...
2026-03-24 06:55:57,362 - INFO - ✂️ Double-Chunking (Val): Expondo fatias de 100,000 amostras aleatórias.
2026-03-24 06:55:57,362 - INFO - 🚀 Pre-loading 100,000 samples into RAM (Lightning Mode)...
2026-03-24 06:56:54,671 - INFO - ✅ RAM-Safe Streaming Dataset: 100,000 sequences indexed and PRE-LOADED.
2026-03-24 06:56:54,672 - INFO - ✅ RAM-Safe Streaming Dataset: 100,000 sequences indexed (Mode: Lightning).
2026-03-24 06:56:55,222 - INFO - Trial 146 START | tcn=512, lstm=256, layers=3, batch=1024, seq=96 | RFE=30 | loss=ASYM (g_s=1.78, g_n=0.86, g_b=0.85) | alpha=[1.55, 0.65, 1.27], smooth=0.24
2026-03-24 06:58:05,304 - INFO - T146 E1/10 | [WARN] ZERO_PENALTY | L: 0.71600769/0.65768836 | F1 M MIN: 0.00000000 D: 0.00000000 | [S/N/B]: [0.5225/0.6731/0.0000] | LR: 0.00010419
2026-03-24 06:59:15,910 - INFO - T146 E2/10 | [OK] | L: 0.67431248/0.64540519 | F1 M MIN: 0.03069682 D: 0.28250904 | [S/N/B]: [0.5343/0.7063/0.0307] | LR: 0.00009661
2026-03-24 07:00:27,375 - INFO - T146 E3/10 | [OK] | L: 0.66350843/0.64064659 | F1 M MIN: 0.03013631 D: 0.28374292 | [S/N/B]: [0.5373/0.7111/0.0301] | LR: 0.00008479
2026-03-24 07:01:38,304 - INFO - T146 E4/10 | [OK] | L: 0.65646278/0.62279000 | F1 M MIN: 0.17631841 D: 0.36711024 | [S/N/B]: [0.5579/0.7868/0.1763] | LR: 0.00006991
2026-03-24 07:02:50,091 - INFO - T146 E5/10 | [OK] | L: 0.65155032/0.62932937 | F1 M MIN: 0.24250038 D: 0.38956281 | [S/N/B]: [0.5366/0.7386/0.2425] | LR: 0.00005340
2026-03-24 07:04:01,463 - INFO - T146 E6/10 | [OK] | L: 0.64788638/0.61898180 | F1 M MIN: 0.19887205 D: 0.37618823 | [S/N/B]: [0.5535/0.7843/0.1989] | LR: 0.00003690
2026-03-24 07:04:01,565 - INFO - Trial 146 pruned by Optuna at epoch 6
2026-03-24 07:04:01,674 - INFO - Trial 146 pruned.
2026-03-24 07:04:02,355 - INFO - 🔍 RAM-Safe Streaming Scan (Treino): 878 arquivos...
2026-03-24 07:04:58,216 - INFO - ✂️ Double-Chunking (Treino): Expondo fatias de 500,000 amostras aleatórias.
2026-03-24 07:04:58,218 - INFO - 🚀 Pre-loading 500,000 samples into RAM (Lightning Mode)...
2026-03-24 07:08:11,938 - INFO - ✅ RAM-Safe Streaming Dataset: 500,000 sequences indexed and PRE-LOADED.
2026-03-24 07:08:11,940 - INFO - ✅ RAM-Safe Streaming Dataset: 500,000 sequences indexed (Mode: Lightning).
2026-03-24 07:08:11,985 - INFO - 🔍 RAM-Safe Streaming Scan (Val): 274 arquivos...
2026-03-24 07:08:26,135 - INFO - ✂️ Double-Chunking (Val): Expondo fatias de 100,000 amostras aleatórias.
2026-03-24 07:08:26,136 - INFO - 🚀 Pre-loading 100,000 samples into RAM (Lightning Mode)...
2026-03-24 07:09:22,867 - INFO - ✅ RAM-Safe Streaming Dataset: 100,000 sequences indexed and PRE-LOADED.
2026-03-24 07:09:22,868 - INFO - ✅ RAM-Safe Streaming Dataset: 100,000 sequences indexed (Mode: Lightning).
2026-03-24 07:09:23,330 - INFO - Trial 147 START | tcn=512, lstm=256, layers=3, batch=1024, seq=96 | RFE=30 | loss=ASYM (g_s=2.10, g_n=0.52, g_b=0.69) | alpha=[1.54, 0.64, 1.72], smooth=0.32
2026-03-24 07:10:33,264 - INFO - T147 E1/10 | [OK] | L: 0.87483479/0.83831968 | F1 M MIN: 0.00286656 D: 0.25998001 | [S/N/B]: [0.0029/0.6710/0.5171] | LR: 0.00031552
2026-03-24 07:11:43,566 - INFO - T147 E2/10 | [OK] | L: 0.84429502/0.82194544 | F1 M MIN: 0.01289115 D: 0.27550934 | [S/N/B]: [0.0129/0.7348/0.5381] | LR: 0.00029255
2026-03-24 07:12:54,981 - INFO - T147 E3/10 | [OK] | L: 0.83689214/0.81942661 | F1 M MIN: 0.19940258 D: 0.36356773 | [S/N/B]: [0.1994/0.7390/0.5277] | LR: 0.00025677
2026-03-24 07:14:05,765 - INFO - T147 E4/10 | [OK] | L: 0.83233457/0.81676772 | F1 M MIN: 0.17389373 D: 0.35284404 | [S/N/B]: [0.1739/0.7253/0.5318] | LR: 0.00021169
2026-03-24 07:15:17,263 - INFO - T147 E5/10 | [OK] | L: 0.82851446/0.81383701 | F1 M MIN: 0.28559352 D: 0.40539581 | [S/N/B]: [0.2856/0.7505/0.5252] | LR: 0.00016172
2026-03-24 07:16:28,630 - INFO - T147 E6/10 | [OK] | L: 0.82530295/0.81144948 | F1 M MIN: 0.31096268 D: 0.41759694 | [S/N/B]: [0.3110/0.7635/0.5242] | LR: 0.00011174
2026-03-24 07:16:28,860 - INFO - Trial 147 pruned by Optuna at epoch 6
2026-03-24 07:16:29,016 - INFO - Trial 147 pruned.
2026-03-24 07:16:30,046 - INFO - 🔍 RAM-Safe Streaming Scan (Treino): 878 arquivos...
2026-03-24 07:17:24,805 - INFO - ✂️ Double-Chunking (Treino): Expondo fatias de 500,000 amostras aleatórias.
2026-03-24 07:17:24,809 - INFO - 🚀 Pre-loading 500,000 samples into RAM (Lightning Mode)...
2026-03-24 07:20:35,899 - INFO - ✅ RAM-Safe Streaming Dataset: 500,000 sequences indexed and PRE-LOADED.
2026-03-24 07:20:35,909 - INFO - ✅ RAM-Safe Streaming Dataset: 500,000 sequences indexed (Mode: Lightning).
2026-03-24 07:20:35,947 - INFO - 🔍 RAM-Safe Streaming Scan (Val): 274 arquivos...
2026-03-24 07:20:50,039 - INFO - ✂️ Double-Chunking (Val): Expondo fatias de 100,000 amostras aleatórias.
2026-03-24 07:20:50,040 - INFO - 🚀 Pre-loading 100,000 samples into RAM (Lightning Mode)...
2026-03-24 07:21:46,244 - INFO - ✅ RAM-Safe Streaming Dataset: 100,000 sequences indexed and PRE-LOADED.
2026-03-24 07:21:46,245 - INFO - ✅ RAM-Safe Streaming Dataset: 100,000 sequences indexed (Mode: Lightning).
2026-03-24 07:21:46,710 - INFO - Trial 148 START | tcn=512, lstm=256, layers=3, batch=1024, seq=96 | RFE=30 | loss=ASYM (g_s=1.52, g_n=0.76, g_b=0.71) | alpha=[1.36, 0.55, 1.64], smooth=0.10
2026-03-24 07:22:56,188 - INFO - T148 E1/10 | [WARN] ZERO_PENALTY | L: 0.75921794/0.66385294 | F1 M MIN: 0.00000000 D: 0.00000000 | [S/N/B]: [0.0000/0.5853/0.4927] | LR: 0.00006201
2026-03-24 07:24:07,198 - INFO - T148 E2/10 | [OK] | L: 0.69006745/0.63660013 | F1 M MIN: 0.00007214 D: 0.25536988 | [S/N/B]: [0.0001/0.6589/0.5107] | LR: 0.00005750
2026-03-24 07:25:17,822 - INFO - T148 E3/10 | [OK] | L: 0.67618891/0.62996968 | F1 M MIN: 0.01350689 D: 0.26397888 | [S/N/B]: [0.0135/0.6672/0.5145] | LR: 0.00005047
2026-03-24 07:26:29,310 - INFO - T148 E4/10 | [OK] | L: 0.66754190/0.61748436 | F1 M MIN: 0.10866948 D: 0.32374414 | [S/N/B]: [0.1087/0.7217/0.5388] | LR: 0.00004161
2026-03-24 07:27:40,614 - INFO - T148 E5/10 | [OK] | L: 0.66064983/0.61030388 | F1 M MIN: 0.12108133 D: 0.32686068 | [S/N/B]: [0.1211/0.7144/0.5326] | LR: 0.00003178
2026-03-24 07:28:51,834 - INFO - T148 E6/10 | [OK] | L: 0.65544712/0.61208230 | F1 M MIN: 0.28208926 D: 0.39956725 | [S/N/B]: [0.2821/0.7038/0.5170] | LR: 0.00002196
2026-03-24 07:28:51,972 - INFO - Trial 148 pruned by Optuna at epoch 6
