2026-03-25 06:15:10,479 - INFO - Trial 226 pruned.
2026-03-25 06:15:11,090 - INFO - 🔍 RAM-Safe Streaming Scan (Treino): 878 arquivos...
2026-03-25 06:16:00,477 - INFO - ✂️ Double-Chunking (Treino): Expondo fatias de 500,000 amostras aleatórias.
2026-03-25 06:16:00,478 - INFO - 🚀 Pre-loading 500,000 samples into RAM (Lightning Mode)...
2026-03-25 06:19:07,973 - INFO - ✅ RAM-Safe Streaming Dataset: 500,000 sequences indexed and PRE-LOADED.
2026-03-25 06:19:07,974 - INFO - ✅ RAM-Safe Streaming Dataset: 500,000 sequences indexed (Mode: Lightning).
2026-03-25 06:19:08,061 - INFO - 🔍 RAM-Safe Streaming Scan (Val): 274 arquivos...
2026-03-25 06:19:20,139 - INFO - ✂️ Double-Chunking (Val): Expondo fatias de 100,000 amostras aleatórias.
2026-03-25 06:19:20,139 - INFO - 🚀 Pre-loading 100,000 samples into RAM (Lightning Mode)...
2026-03-25 06:20:15,926 - INFO - ✅ RAM-Safe Streaming Dataset: 100,000 sequences indexed and PRE-LOADED.
2026-03-25 06:20:15,928 - INFO - ✅ RAM-Safe Streaming Dataset: 100,000 sequences indexed (Mode: Lightning).
2026-03-25 06:20:16,276 - INFO - Trial 227 START | tcn=256, lstm=256, layers=2, batch=1024, seq=256 | RFE=30 | loss=ASYM (g_s=1.18, g_n=0.20, g_b=0.70) | alpha=[1.37, 0.39, 1.47], smooth=0.26
2026-03-25 06:22:02,689 - INFO - T227 E1/10 | [OK] | L: 0.72618624/0.68586656 | F1 M MIN: 0.00043850 D: 0.24835495 | [S/N/B]: [0.0004/0.5710/0.4963] | LR: 0.00039255
2026-03-25 06:23:49,701 - INFO - T227 E2/10 | [OK] | L: 0.70151831/0.67493780 | F1 M MIN: 0.01332241 D: 0.26284680 | [S/N/B]: [0.0133/0.6402/0.5124] | LR: 0.00036397
2026-03-25 06:25:37,821 - INFO - T227 E3/10 | [OK] | L: 0.69468724/0.67460959 | F1 M MIN: 0.38516335 D: 0.42620313 | [S/N/B]: [0.3852/0.5696/0.4672] | LR: 0.00031946
2026-03-25 06:27:25,442 - INFO - T227 E4/10 | [OK] | L: 0.68867565/0.66870880 | F1 M MIN: 0.29614769 D: 0.40328496 | [S/N/B]: [0.2961/0.6247/0.5104] | LR: 0.00026337
2026-03-25 06:29:13,744 - INFO - T227 E5/10 | [OK] | L: 0.68210018/0.66489988 | F1 M MIN: 0.44130738 D: 0.45744297 | [S/N/B]: [0.4413/0.6282/0.4736] | LR: 0.00020120
2026-03-25 06:31:01,598 - INFO - T227 E6/10 | [OK] | L: 0.67782870/0.66188045 | F1 M MIN: 0.42965113 D: 0.45887429 | [S/N/B]: [0.4297/0.6393/0.4881] | LR: 0.00013902
2026-03-25 06:32:50,085 - INFO - T227 E7/10 | [OK] | L: 0.67430604/0.65895984 | F1 M MIN: 0.45521570 D: 0.46806277 | [S/N/B]: [0.4552/0.6616/0.4809] | LR: 0.00008294
2026-03-25 06:34:37,903 - INFO - T227 E8/10 | [OK] | L: 0.67145299/0.65919490 | F1 M MIN: 0.39824087 D: 0.45392695 | [S/N/B]: [0.3982/0.6623/0.5096] | LR: 0.00003843
2026-03-25 06:36:26,384 - INFO - T227 E9/10 | [OK] | L: 0.66906930/0.66189924 | F1 M MIN: 0.46512357 D: 0.46834969 | [S/N/B]: [0.4651/0.6564/0.4716] | LR: 0.00000985
2026-03-25 06:38:14,289 - INFO - T227 E10/10 | [OK] | L: 0.66767673/0.65927737 | F1 M MIN: 0.44126252 D: 0.46907146 | [S/N/B]: [0.4413/0.6700/0.4969] | LR: 0.00000000
2026-03-25 06:38:14,653 - INFO - Trial 227 finished with value: 0.46512356803685884 and parameters: {'tcn_channels': 256, 'lstm_hidden': 256, 'num_lstm_layers': 2, 'batch_size': 1024, 'dropout': 0.2286561912884824, 'seq_len': 256, 'lr': 0.00040239285731838475, 'weight_decay': 0.0009633161657923617, 'base_alpha_sell': 1.3729089545441053, 'base_alpha_neutral': 0.3866931709254106, 'base_alpha_buy': 1.468745065674793, 'base_loss_gamma': 0.9707922671803273, 'base_loss_smoothing': 0.2554535116554687, 'asym_gamma_sell': 1.1807046843519595, 'asym_gamma_neu': 0.20033044118069085, 'asym_gamma_buy': 0.6967245509632582}. Best is trial 193 with value: 0.4857577883085556.
2026-03-25 06:38:15,158 - INFO - 🔍 RAM-Safe Streaming Scan (Treino): 878 arquivos...
2026-03-25 06:39:03,513 - INFO - ✂️ Double-Chunking (Treino): Expondo fatias de 500,000 amostras aleatórias.
2026-03-25 06:39:03,514 - INFO - 🚀 Pre-loading 500,000 samples into RAM (Lightning Mode)...
2026-03-25 06:42:10,307 - INFO - ✅ RAM-Safe Streaming Dataset: 500,000 sequences indexed and PRE-LOADED.
2026-03-25 06:42:10,308 - INFO - ✅ RAM-Safe Streaming Dataset: 500,000 sequences indexed (Mode: Lightning).
2026-03-25 06:42:10,445 - INFO - 🔍 RAM-Safe Streaming Scan (Val): 274 arquivos...
2026-03-25 06:42:22,685 - INFO - ✂️ Double-Chunking (Val): Expondo fatias de 100,000 amostras aleatórias.
2026-03-25 06:42:22,685 - INFO - 🚀 Pre-loading 100,000 samples into RAM (Lightning Mode)...
2026-03-25 06:43:18,938 - INFO - ✅ RAM-Safe Streaming Dataset: 100,000 sequences indexed and PRE-LOADED.
2026-03-25 06:43:18,939 - INFO - ✅ RAM-Safe Streaming Dataset: 100,000 sequences indexed (Mode: Lightning).
2026-03-25 06:43:19,288 - INFO - Trial 228 START | tcn=256, lstm=256, layers=2, batch=1024, seq=256 | RFE=30 | loss=ASYM (g_s=1.13, g_n=0.36, g_b=0.69) | alpha=[1.65, 0.47, 1.27], smooth=0.28
2026-03-25 06:45:05,745 - INFO - T228 E1/10 | [WARN] ZERO_PENALTY | L: 0.76814609/0.71943762 | F1 M MIN: 0.00000000 D: 0.00000000 | [S/N/B]: [0.5166/0.6316/0.0000] | LR: 0.00099965
2026-03-25 06:46:52,870 - INFO - T228 E2/10 | [OK] | L: 0.74476493/0.71213394 | F1 M MIN: 0.05266810 D: 0.28957254 | [S/N/B]: [0.5265/0.6614/0.0527] | LR: 0.00092687
2026-03-25 06:48:40,889 - INFO - T228 E3/10 | [OK] | L: 0.73959314/0.70766170 | F1 M MIN: 0.05595089 D: 0.29489338 | [S/N/B]: [0.5338/0.6922/0.0560] | LR: 0.00081352
2026-03-25 06:50:28,392 - INFO - T228 E4/10 | [OK] | L: 0.73442022/0.70444034 | F1 M MIN: 0.25764291 D: 0.39857113 | [S/N/B]: [0.5395/0.7097/0.2576] | LR: 0.00067069
2026-03-25 06:52:16,746 - INFO - T228 E5/10 | [OK] | L: 0.72792700/0.70345345 | F1 M MIN: 0.27263184 D: 0.40336257 | [S/N/B]: [0.5341/0.6600/0.2726] | LR: 0.00051236
2026-03-25 06:54:04,597 - INFO - T228 E6/10 | [OK] | L: 0.72248215/0.70032103 | F1 M MIN: 0.24289615 D: 0.39226334 | [S/N/B]: [0.5416/0.6802/0.2429] | LR: 0.00035403
2026-03-25 06:54:04,692 - INFO - Trial 228 pruned by Optuna at epoch 6
2026-03-25 06:54:04,799 - INFO - Trial 228 pruned.
2026-03-25 06:54:05,472 - INFO - 🔍 RAM-Safe Streaming Scan (Treino): 878 arquivos...
2026-03-25 06:54:54,912 - INFO - ✂️ Double-Chunking (Treino): Expondo fatias de 500,000 amostras aleatórias.
2026-03-25 06:54:54,913 - INFO - 🚀 Pre-loading 500,000 samples into RAM (Lightning Mode)...
2026-03-25 06:58:02,236 - INFO - ✅ RAM-Safe Streaming Dataset: 500,000 sequences indexed and PRE-LOADED.
2026-03-25 06:58:02,237 - INFO - ✅ RAM-Safe Streaming Dataset: 500,000 sequences indexed (Mode: Lightning).
2026-03-25 06:58:02,289 - INFO - 🔍 RAM-Safe Streaming Scan (Val): 274 arquivos...
2026-03-25 06:58:14,822 - INFO - ✂️ Double-Chunking (Val): Expondo fatias de 100,000 amostras aleatórias.
2026-03-25 06:58:14,822 - INFO - 🚀 Pre-loading 100,000 samples into RAM (Lightning Mode)...
2026-03-25 06:59:11,031 - INFO - ✅ RAM-Safe Streaming Dataset: 100,000 sequences indexed and PRE-LOADED.
2026-03-25 06:59:11,032 - INFO - ✅ RAM-Safe Streaming Dataset: 100,000 sequences indexed (Mode: Lightning).
2026-03-25 06:59:11,386 - INFO - Trial 229 START | tcn=128, lstm=128, layers=3, batch=512, seq=144 | RFE=30 | loss=ASYM (g_s=2.43, g_n=1.36, g_b=1.34) | alpha=[1.49, 0.98, 1.66], smooth=0.17
2026-03-25 06:59:49,435 - INFO - T229 E1/10 | [WARN] ZERO_PENALTY | L: 0.78939961/0.75480179 | F1 M MIN: 0.00000000 D: 0.00000000 | [S/N/B]: [0.0000/0.6759/0.5171] | LR: 0.00017754
2026-03-25 07:00:27,223 - INFO - T229 E2/10 | [WARN] ZERO_PENALTY | L: 0.72545216/0.67603005 | F1 M MIN: 0.00000000 D: 0.00000000 | [S/N/B]: [0.0000/0.8236/0.5675] | LR: 0.00016461
2026-03-25 07:01:04,879 - INFO - T229 E3/10 | [WARN] ZERO_PENALTY | L: 0.70744535/0.66020437 | F1 M MIN: 0.00000000 D: 0.00000000 | [S/N/B]: [0.0000/0.8400/0.5765] | LR: 0.00014448
2026-03-25 07:01:42,599 - INFO - T229 E4/10 | [WARN] ZERO_PENALTY | L: 0.69733729/0.65185982 | F1 M MIN: 0.00000000 D: 0.00000000 | [S/N/B]: [0.0000/0.8401/0.5760] | LR: 0.00011911
2026-03-25 07:01:42,657 - INFO - Trial 229 stopped early due to patience limit (4 epochs without improvement)
2026-03-25 07:01:42,886 - INFO - Trial 229 finished with value: 0.0 and parameters: {'tcn_channels': 128, 'lstm_hidden': 128, 'num_lstm_layers': 3, 'batch_size': 512, 'dropout': 0.23401001475391336, 'seq_len': 144, 'lr': 0.00018199087590703244, 'weight_decay': 0.0014066562244303101, 'base_alpha_sell': 1.4871539202881745, 'base_alpha_neutral': 0.9818527833996733, 'base_alpha_buy': 1.6626808893520875, 'base_loss_gamma': 4.987008127480686, 'base_loss_smoothing': 0.16778525163517696, 'asym_gamma_sell': 2.429835887783642, 'asym_gamma_neu': 1.3567385655597808, 'asym_gamma_buy': 1.3418425478116338}. Best is trial 193 with value: 0.4857577883085556.
2026-03-25 07:01:43,394 - INFO - 🔍 RAM-Safe Streaming Scan (Treino): 878 arquivos...
2026-03-25 07:02:32,883 - INFO - ✂️ Double-Chunking (Treino): Expondo fatias de 500,000 amostras aleatórias.
2026-03-25 07:02:32,884 - INFO - 🚀 Pre-loading 500,000 samples into RAM (Lightning Mode)...
2026-03-25 07:05:39,356 - INFO - ✅ RAM-Safe Streaming Dataset: 500,000 sequences indexed and PRE-LOADED.
2026-03-25 07:05:39,357 - INFO - ✅ RAM-Safe Streaming Dataset: 500,000 sequences indexed (Mode: Lightning).
2026-03-25 07:05:39,453 - INFO - 🔍 RAM-Safe Streaming Scan (Val): 274 arquivos...
2026-03-25 07:05:51,706 - INFO - ✂️ Double-Chunking (Val): Expondo fatias de 100,000 amostras aleatórias.
2026-03-25 07:05:51,706 - INFO - 🚀 Pre-loading 100,000 samples into RAM (Lightning Mode)...
2026-03-25 07:06:47,431 - INFO - ✅ RAM-Safe Streaming Dataset: 100,000 sequences indexed and PRE-LOADED.
2026-03-25 07:06:47,432 - INFO - ✅ RAM-Safe Streaming Dataset: 100,000 sequences indexed (Mode: Lightning).
2026-03-25 07:06:47,834 - INFO - Trial 230 START | tcn=512, lstm=256, layers=2, batch=1024, seq=144 | RFE=30 | loss=ASYM (g_s=3.00, g_n=0.19, g_b=0.74) | alpha=[1.87, 0.80, 1.59], smooth=0.28
2026-03-25 07:08:34,137 - INFO - T230 E1/10 | [OK] | L: 0.97629896/0.96127161 | F1 M MIN: 0.02345560 D: 0.27795726 | [S/N/B]: [0.5325/0.6998/0.0235] | LR: 0.00015649
2026-03-25 07:10:21,040 - INFO - T230 E2/10 | [OK] | L: 0.93619065/0.94369115 | F1 M MIN: 0.06200171 D: 0.30422415 | [S/N/B]: [0.5464/0.7450/0.0620] | LR: 0.00014510
2026-03-25 07:12:08,815 - INFO - T230 E3/10 | [OK] | L: 0.92280361/0.93557737 | F1 M MIN: 0.25800535 D: 0.39704440 | [S/N/B]: [0.5361/0.7581/0.2580] | LR: 0.00012736
2026-03-25 07:13:56,071 - INFO - T230 E4/10 | [OK] | L: 0.91435153/0.92980623 | F1 M MIN: 0.24189488 D: 0.39878222 | [S/N/B]: [0.5557/0.7666/0.2419] | LR: 0.00010500
2026-03-25 07:15:44,041 - INFO - T230 E5/10 | [OK] | L: 0.90867549/0.92966463 | F1 M MIN: 0.33475887 D: 0.43324027 | [S/N/B]: [0.5317/0.7568/0.3348] | LR: 0.00008021
2026-03-25 07:17:31,333 - INFO - T230 E6/10 | [OK] | L: 0.90374600/0.92861338 | F1 M MIN: 0.35483510 D: 0.43940641 | [S/N/B]: [0.5240/0.7647/0.3548] | LR: 0.00005542
2026-03-25 07:17:31,461 - INFO - Trial 230 pruned by Optuna at epoch 6
2026-03-25 07:17:31,584 - INFO - Trial 230 pruned.
2026-03-25 07:17:32,232 - INFO - 🔍 RAM-Safe Streaming Scan (Treino): 878 arquivos...
2026-03-25 07:18:21,693 - INFO - ✂️ Double-Chunking (Treino): Expondo fatias de 500,000 amostras aleatórias.
2026-03-25 07:18:21,694 - INFO - 🚀 Pre-loading 500,000 samples into RAM (Lightning Mode)...
2026-03-25 07:21:26,192 - INFO - ✅ RAM-Safe Streaming Dataset: 500,000 sequences indexed and PRE-LOADED.
2026-03-25 07:21:26,193 - INFO - ✅ RAM-Safe Streaming Dataset: 500,000 sequences indexed (Mode: Lightning).
2026-03-25 07:21:26,332 - INFO - 🔍 RAM-Safe Streaming Scan (Val): 274 arquivos...
2026-03-25 07:21:39,043 - INFO - ✂️ Double-Chunking (Val): Expondo fatias de 100,000 amostras aleatórias.
2026-03-25 07:21:39,044 - INFO - 🚀 Pre-loading 100,000 samples into RAM (Lightning Mode)...
2026-03-25 07:22:34,709 - INFO - ✅ RAM-Safe Streaming Dataset: 100,000 sequences indexed and PRE-LOADED.
2026-03-25 07:22:34,710 - INFO - ✅ RAM-Safe Streaming Dataset: 100,000 sequences indexed (Mode: Lightning).
2026-03-25 07:22:35,057 - INFO - Trial 231 START | tcn=256, lstm=128, layers=3, batch=512, seq=144 | RFE=30 | loss=ASYM (g_s=1.68, g_n=1.26, g_b=1.07) | alpha=[1.81, 0.90, 1.77], smooth=0.22
2026-03-25 07:23:28,640 - INFO - T231 E1/10 | [OK] | L: 1.01508537/0.91358819 | F1 M MIN: 0.37208348 D: 0.41830402 | [S/N/B]: [0.4645/0.7392/0.3721] | LR: 0.00012281
2026-03-25 07:24:22,798 - INFO - T231 E2/10 | [OK] | L: 0.95802930/0.88713381 | F1 M MIN: 0.09040780 D: 0.32587725 | [S/N/B]: [0.5613/0.7854/0.0904] | LR: 0.00011387
2026-03-25 07:25:17,028 - INFO - T231 E3/10 | [OK] | L: 0.94293339/0.87573596 | F1 M MIN: 0.20762423 D: 0.38141613 | [S/N/B]: [0.5552/0.7978/0.2076] | LR: 0.00009994
2026-03-25 07:26:11,427 - INFO - T231 E4/10 | [OK] | L: 0.93511254/0.86716678 | F1 M MIN: 0.32326056 D: 0.42611519 | [S/N/B]: [0.5290/0.8103/0.3233] | LR: 0.00008240
2026-03-25 07:27:05,802 - INFO - T231 E5/10 | [OK] | L: 0.92937349/0.86403473 | F1 M MIN: 0.23186532 D: 0.39287858 | [S/N/B]: [0.5539/0.8092/0.2319] | LR: 0.00006295
2026-03-25 07:27:05,872 - INFO - Trial 231 stopped early due to patience limit (4 epochs without improvement)
2026-03-25 07:27:06,053 - INFO - Trial 231 finished with value: 0.3720834786891301 and parameters: {'tcn_channels': 256, 'lstm_hidden': 128, 'num_lstm_layers': 3, 'batch_size': 512, 'dropout': 0.22355368039949883, 'seq_len': 144, 'lr': 0.00012589036431403483, 'weight_decay': 0.00013830288817948255, 'base_alpha_sell': 1.8109863618779618, 'base_alpha_neutral': 0.9031376880317652, 'base_alpha_buy': 1.7733294849830927, 'base_loss_gamma': 3.670065961617254, 'base_loss_smoothing': 0.22289188433949012, 'asym_gamma_sell': 1.6793287741816691, 'asym_gamma_neu': 1.255023930108711, 'asym_gamma_buy': 1.0672518426178705}. Best is trial 193 with value: 0.4857577883085556.
2026-03-25 07:27:06,522 - INFO - 🔍 RAM-Safe Streaming Scan (Treino): 878 arquivos...
2026-03-25 07:27:54,743 - INFO - ✂️ Double-Chunking (Treino): Expondo fatias de 500,000 amostras aleatórias.
2026-03-25 07:27:54,745 - INFO - 🚀 Pre-loading 500,000 samples into RAM (Lightning Mode)...
2026-03-25 07:31:02,710 - INFO - ✅ RAM-Safe Streaming Dataset: 500,000 sequences indexed and PRE-LOADED.
2026-03-25 07:31:02,711 - INFO - ✅ RAM-Safe Streaming Dataset: 500,000 sequences indexed (Mode: Lightning).
2026-03-25 07:31:02,824 - INFO - 🔍 RAM-Safe Streaming Scan (Val): 274 arquivos...
2026-03-25 07:31:15,217 - INFO - ✂️ Double-Chunking (Val): Expondo fatias de 100,000 amostras aleatórias.
2026-03-25 07:31:15,217 - INFO - 🚀 Pre-loading 100,000 samples into RAM (Lightning Mode)...
2026-03-25 07:32:13,184 - INFO - ✅ RAM-Safe Streaming Dataset: 100,000 sequences indexed and PRE-LOADED.
2026-03-25 07:32:13,185 - INFO - ✅ RAM-Safe Streaming Dataset: 100,000 sequences indexed (Mode: Lightning).
2026-03-25 07:32:13,586 - INFO - Trial 232 START | tcn=512, lstm=256, layers=2, batch=1024, seq=144 | RFE=30 | loss=ASYM (g_s=3.80, g_n=0.63, g_b=2.42) | alpha=[1.47, 1.03, 1.57], smooth=0.17
2026-03-25 07:33:59,811 - INFO - T232 E1/10 | [OK] | L: 0.63009269/0.60610647 | F1 M MIN: 0.00831882 D: 0.29341261 | [S/N/B]: [0.0083/0.8555/0.5785] | LR: 0.00044195
2026-03-25 07:35:46,504 - INFO - T232 E2/10 | [OK] | L: 0.57361759/0.59826185 | F1 M MIN: 0.00330389 D: 0.29109712 | [S/N/B]: [0.0033/0.8565/0.5789] | LR: 0.00040977
2026-03-25 07:37:34,088 - INFO - T232 E3/10 | [OK] | L: 0.56172988/0.58157776 | F1 M MIN: 0.02299491 D: 0.30481214 | [S/N/B]: [0.0230/0.8718/0.5866] | LR: 0.00035966
2026-03-25 07:39:21,247 - INFO - T232 E4/10 | [OK] | L: 0.55448856/0.58368567 | F1 M MIN: 0.15793452 D: 0.36774021 | [S/N/B]: [0.1579/0.8660/0.5775] | LR: 0.00029652
2026-03-25 07:41:09,083 - INFO - T232 E5/10 | [OK] | L: 0.54932124/0.57823359 | F1 M MIN: 0.10083280 D: 0.34065582 | [S/N/B]: [0.1008/0.8657/0.5805] | LR: 0.00022652
2026-03-25 07:41:09,189 - INFO - Trial 232 pruned by Optuna at epoch 5
2026-03-25 07:41:09,285 - INFO - Trial 232 pruned.
2026-03-25 07:41:09,884 - INFO - 🔍 RAM-Safe Streaming Scan (Treino): 878 arquivos...
2026-03-25 07:41:59,489 - INFO - ✂️ Double-Chunking (Treino): Expondo fatias de 500,000 amostras aleatórias.
2026-03-25 07:41:59,490 - INFO - 🚀 Pre-loading 500,000 samples into RAM (Lightning Mode)...
2026-03-25 07:45:06,432 - INFO - ✅ RAM-Safe Streaming Dataset: 500,000 sequences indexed and PRE-LOADED.
2026-03-25 07:45:06,433 - INFO - ✅ RAM-Safe Streaming Dataset: 500,000 sequences indexed (Mode: Lightning).
2026-03-25 07:45:06,478 - INFO - 🔍 RAM-Safe Streaming Scan (Val): 274 arquivos...
2026-03-25 07:45:18,764 - INFO - ✂️ Double-Chunking (Val): Expondo fatias de 100,000 amostras aleatórias.
2026-03-25 07:45:18,764 - INFO - 🚀 Pre-loading 100,000 samples into RAM (Lightning Mode)...
2026-03-25 07:46:14,353 - INFO - ✅ RAM-Safe Streaming Dataset: 100,000 sequences indexed and PRE-LOADED.
2026-03-25 07:46:14,354 - INFO - ✅ RAM-Safe Streaming Dataset: 100,000 sequences indexed (Mode: Lightning).
2026-03-25 07:46:14,732 - INFO - Trial 233 START | tcn=256, lstm=256, layers=2, batch=2048, seq=96 | RFE=30 | loss=ASYM (g_s=0.86, g_n=0.44, g_b=1.77) | alpha=[1.31, 0.52, 1.37], smooth=0.27
2026-03-25 07:46:52,262 - INFO - T233 E1/10 | [OK] | L: 0.65362919/0.62272660 | F1 M MIN: 0.33892133 D: 0.42237321 | [S/N/B]: [0.5058/0.7008/0.3389] | LR: 0.00109055
2026-03-25 07:47:30,188 - INFO - T233 E2/10 | [OK] | L: 0.62589820/0.60993076 | F1 M MIN: 0.27012402 D: 0.39835127 | [S/N/B]: [0.5266/0.7589/0.2701] | LR: 0.00101115
2026-03-25 07:48:08,401 - INFO - T233 E3/10 | [OK] | L: 0.61898133/0.60263292 | F1 M MIN: 0.39823387 D: 0.45403072 | [S/N/B]: [0.5098/0.7821/0.3982] | LR: 0.00088749
2026-03-25 07:48:46,597 - INFO - T233 E4/10 | [OK] | L: 0.61463443/0.60318915 | F1 M MIN: 0.35814795 D: 0.44609168 | [S/N/B]: [0.5340/0.7725/0.3581] | LR: 0.00073168
2026-03-25 07:49:25,108 - INFO - T233 E5/10 | [OK] | L: 0.61096715/0.59913907 | F1 M MIN: 0.44882128 D: 0.46334252 | [S/N/B]: [0.4488/0.7894/0.4779] | LR: 0.00055895
2026-03-25 07:50:03,326 - INFO - T233 E6/10 | [OK] | L: 0.60830874/0.60019788 | F1 M MIN: 0.43975095 D: 0.46130974 | [S/N/B]: [0.4829/0.7610/0.4398] | LR: 0.00038623
2026-03-25 07:50:41,561 - INFO - T233 E7/10 | [OK] | L: 0.60553787/0.59772802 | F1 M MIN: 0.43436651 D: 0.46646977 | [S/N/B]: [0.4986/0.7742/0.4344] | LR: 0.00023041
2026-03-25 07:51:19,980 - INFO - T233 E8/10 | [OK] | L: 0.60297959/0.59894367 | F1 M MIN: 0.40271782 D: 0.46067228 | [S/N/B]: [0.5186/0.7782/0.4027] | LR: 0.00010675
2026-03-25 07:51:58,320 - INFO - T233 E9/10 | [OK] | L: 0.60096520/0.59929863 | F1 M MIN: 0.43179824 D: 0.46373207 | [S/N/B]: [0.4957/0.7702/0.4318] | LR: 0.00002736
2026-03-25 07:51:58,362 - INFO - Trial 233 stopped early due to patience limit (4 epochs without improvement)
