2026-03-24 02:43:05,522 - INFO - Trial 125 finished with value: 0.0 and parameters: {'tcn_channels': 256, 'lstm_hidden': 64, 'num_lstm_layers': 2, 'batch_size': 1024, 'dropout': 0.26480253497807626, 'seq_len': 192, 'lr': 0.001013340066888117, 'weight_decay': 0.00865048754944113, 'base_alpha_sell': 1.3076564994742754, 'base_alpha_neutral': 0.5420168855265594, 'base_alpha_buy': 1.7038567729401062, 'base_loss_gamma': 1.3088690462731567, 'base_loss_smoothing': 0.1966080848099584, 'asym_gamma_sell': 1.977349429310934, 'asym_gamma_neu': 0.10670979436222441, 'asym_gamma_buy': 1.349401747072867}. Best is trial 104 with value: 0.4828262682077523.
2026-03-24 02:43:06,088 - INFO - 🔍 RAM-Safe Streaming Scan (Treino): 878 arquivos...
2026-03-24 02:44:00,028 - INFO - ✂️ Double-Chunking (Treino): Expondo fatias de 500,000 amostras aleatórias.
2026-03-24 02:44:00,035 - INFO - 🚀 Pre-loading 500,000 samples into RAM (Lightning Mode)...
2026-03-24 02:47:11,657 - INFO - ✅ RAM-Safe Streaming Dataset: 500,000 sequences indexed and PRE-LOADED.
2026-03-24 02:47:11,659 - INFO - ✅ RAM-Safe Streaming Dataset: 500,000 sequences indexed (Mode: Lightning).
2026-03-24 02:47:11,706 - INFO - 🔍 RAM-Safe Streaming Scan (Val): 274 arquivos...
2026-03-24 02:47:26,221 - INFO - ✂️ Double-Chunking (Val): Expondo fatias de 100,000 amostras aleatórias.
2026-03-24 02:47:26,222 - INFO - 🚀 Pre-loading 100,000 samples into RAM (Lightning Mode)...
2026-03-24 02:48:24,433 - INFO - ✅ RAM-Safe Streaming Dataset: 100,000 sequences indexed and PRE-LOADED.
2026-03-24 02:48:24,435 - INFO - ✅ RAM-Safe Streaming Dataset: 100,000 sequences indexed (Mode: Lightning).
2026-03-24 02:48:25,075 - INFO - Trial 126 START | tcn=512, lstm=256, layers=2, batch=1024, seq=96 | RFE=30 | loss=ASYM (g_s=2.54, g_n=0.30, g_b=0.97) | alpha=[1.59, 0.59, 1.44], smooth=0.28
2026-03-24 02:49:29,862 - INFO - T126 E1/10 | [OK] | L: 0.72824052/0.71705968 | F1 M MIN: 0.14211057 D: 0.32721554 | [S/N/B]: [0.5123/0.6872/0.1421] | LR: 0.00059593
2026-03-24 02:50:34,762 - INFO - T126 E2/10 | [OK] | L: 0.70137470/0.70465666 | F1 M MIN: 0.42290932 D: 0.42755321 | [S/N/B]: [0.4322/0.7326/0.4229] | LR: 0.00055255
2026-03-24 02:51:40,754 - INFO - T126 E3/10 | [OK] | L: 0.69335862/0.69702515 | F1 M MIN: 0.23119899 D: 0.38214055 | [S/N/B]: [0.5331/0.7437/0.2312] | LR: 0.00048497
2026-03-24 02:52:46,047 - INFO - T126 E4/10 | [OK] | L: 0.68881766/0.69453029 | F1 M MIN: 0.35621195 D: 0.43397068 | [S/N/B]: [0.5117/0.7429/0.3562] | LR: 0.00039983
2026-03-24 02:53:52,237 - INFO - T126 E5/10 | [OK] | L: 0.68504869/0.69085400 | F1 M MIN: 0.26400918 D: 0.40300337 | [S/N/B]: [0.5420/0.7742/0.2640] | LR: 0.00030544
2026-03-24 02:54:58,141 - INFO - T126 E6/10 | [OK] | L: 0.68147595/0.69108213 | F1 M MIN: 0.45445616 D: 0.46025422 | [S/N/B]: [0.4545/0.7685/0.4661] | LR: 0.00021105
2026-03-24 02:56:04,068 - INFO - T126 E7/10 | [OK] | L: 0.67863446/0.68940120 | F1 M MIN: 0.43666974 D: 0.46499268 | [S/N/B]: [0.4933/0.7821/0.4367] | LR: 0.00012591
2026-03-24 02:57:09,585 - INFO - T126 E8/10 | [OK] | L: 0.67604556/0.69126014 | F1 M MIN: 0.34632694 D: 0.43777133 | [S/N/B]: [0.5292/0.7628/0.3463] | LR: 0.00005833
2026-03-24 02:58:15,757 - INFO - T126 E9/10 | [OK] | L: 0.67358696/0.68879658 | F1 M MIN: 0.41748466 D: 0.46093014 | [S/N/B]: [0.5044/0.7848/0.4175] | LR: 0.00001495
2026-03-24 02:59:21,502 - INFO - T126 E10/10 | [OK] | L: 0.67207999/0.68937242 | F1 M MIN: 0.42231652 D: 0.46122332 | [S/N/B]: [0.5001/0.7841/0.4223] | LR: 0.00000000
2026-03-24 02:59:21,593 - INFO - Trial 126 stopped early due to patience limit (4 epochs without improvement)
2026-03-24 02:59:21,859 - INFO - Trial 126 finished with value: 0.45445616294984303 and parameters: {'tcn_channels': 512, 'lstm_hidden': 256, 'num_lstm_layers': 2, 'batch_size': 1024, 'dropout': 0.2739734790109925, 'seq_len': 96, 'lr': 0.0006108802262244887, 'weight_decay': 0.0016460978998365432, 'base_alpha_sell': 1.5880971144676488, 'base_alpha_neutral': 0.5893237838516805, 'base_alpha_buy': 1.438541603017569, 'base_loss_gamma': 3.938852084165883, 'base_loss_smoothing': 0.2780960610495142, 'asym_gamma_sell': 2.5360715774801728, 'asym_gamma_neu': 0.3034841008166744, 'asym_gamma_buy': 0.9667676249417679}. Best is trial 104 with value: 0.4828262682077523.
2026-03-24 02:59:22,603 - INFO - 🔍 RAM-Safe Streaming Scan (Treino): 878 arquivos...
2026-03-24 03:00:16,472 - INFO - ✂️ Double-Chunking (Treino): Expondo fatias de 500,000 amostras aleatórias.
2026-03-24 03:00:16,473 - INFO - 🚀 Pre-loading 500,000 samples into RAM (Lightning Mode)...
2026-03-24 03:03:27,890 - INFO - ✅ RAM-Safe Streaming Dataset: 500,000 sequences indexed and PRE-LOADED.
2026-03-24 03:03:27,891 - INFO - ✅ RAM-Safe Streaming Dataset: 500,000 sequences indexed (Mode: Lightning).
2026-03-24 03:03:27,931 - INFO - 🔍 RAM-Safe Streaming Scan (Val): 274 arquivos...
2026-03-24 03:03:41,737 - INFO - ✂️ Double-Chunking (Val): Expondo fatias de 100,000 amostras aleatórias.
2026-03-24 03:03:41,737 - INFO - 🚀 Pre-loading 100,000 samples into RAM (Lightning Mode)...
2026-03-24 03:04:40,271 - INFO - ✅ RAM-Safe Streaming Dataset: 100,000 sequences indexed and PRE-LOADED.
2026-03-24 03:04:40,272 - INFO - ✅ RAM-Safe Streaming Dataset: 100,000 sequences indexed (Mode: Lightning).
2026-03-24 03:04:40,691 - INFO - Trial 127 START | tcn=512, lstm=256, layers=2, batch=512, seq=144 | RFE=30 | loss=ASYM (g_s=1.59, g_n=0.31, g_b=0.98) | alpha=[1.93, 0.48, 1.35], smooth=0.25
2026-03-24 03:06:26,782 - INFO - T127 E1/10 | [OK] | L: 0.78441568/0.74129590 | F1 M MIN: 0.00007426 D: 0.25659266 | [S/N/B]: [0.5131/0.6220/0.0001] | LR: 0.00045509
2026-03-24 03:08:14,592 - INFO - T127 E2/10 | [OK] | L: 0.75829240/0.73906789 | F1 M MIN: 0.00118642 D: 0.25179114 | [S/N/B]: [0.5024/0.5685/0.0012] | LR: 0.00042196
2026-03-24 03:10:02,434 - INFO - T127 E3/10 | [OK] | L: 0.75124730/0.73050758 | F1 M MIN: 0.09264467 D: 0.30254402 | [S/N/B]: [0.5124/0.6121/0.0926] | LR: 0.00037036
2026-03-24 03:11:50,455 - INFO - T127 E4/10 | [OK] | L: 0.74587064/0.72656063 | F1 M MIN: 0.08172737 D: 0.30232536 | [S/N/B]: [0.5229/0.6436/0.0817] | LR: 0.00030534
2026-03-24 03:13:38,445 - INFO - T127 E5/10 | [OK] | L: 0.74118750/0.72387073 | F1 M MIN: 0.08638454 D: 0.30741745 | [S/N/B]: [0.5285/0.6620/0.0864] | LR: 0.00023326
2026-03-24 03:15:26,393 - INFO - T127 E6/10 | [OK] | L: 0.73718592/0.72549361 | F1 M MIN: 0.15664845 D: 0.34225542 | [S/N/B]: [0.5279/0.6476/0.1566] | LR: 0.00016118
2026-03-24 03:15:26,622 - INFO - Trial 127 pruned by Optuna at epoch 6
2026-03-24 03:15:26,753 - INFO - Trial 127 pruned.
2026-03-24 03:15:28,073 - INFO - 🔍 RAM-Safe Streaming Scan (Treino): 878 arquivos...
2026-03-24 03:16:21,179 - INFO - ✂️ Double-Chunking (Treino): Expondo fatias de 500,000 amostras aleatórias.
2026-03-24 03:16:21,180 - INFO - 🚀 Pre-loading 500,000 samples into RAM (Lightning Mode)...
2026-03-24 03:19:30,742 - INFO - ✅ RAM-Safe Streaming Dataset: 500,000 sequences indexed and PRE-LOADED.
2026-03-24 03:19:30,743 - INFO - ✅ RAM-Safe Streaming Dataset: 500,000 sequences indexed (Mode: Lightning).
2026-03-24 03:19:30,789 - INFO - 🔍 RAM-Safe Streaming Scan (Val): 274 arquivos...
2026-03-24 03:19:44,093 - INFO - ✂️ Double-Chunking (Val): Expondo fatias de 100,000 amostras aleatórias.
2026-03-24 03:19:44,093 - INFO - 🚀 Pre-loading 100,000 samples into RAM (Lightning Mode)...
2026-03-24 03:20:41,623 - INFO - ✅ RAM-Safe Streaming Dataset: 100,000 sequences indexed and PRE-LOADED.
2026-03-24 03:20:41,624 - INFO - ✅ RAM-Safe Streaming Dataset: 100,000 sequences indexed (Mode: Lightning).
2026-03-24 03:20:42,062 - INFO - Trial 128 START | tcn=256, lstm=128, layers=2, batch=1024, seq=96 | RFE=30 | loss=ASYM (g_s=1.47, g_n=0.54, g_b=0.52) | alpha=[1.23, 0.97, 1.47], smooth=0.19
2026-03-24 03:21:14,811 - INFO - T128 E1/10 | [WARN] ZERO_PENALTY | L: 0.83282668/0.76732597 | F1 M MIN: 0.00000000 D: 0.00000000 | [S/N/B]: [0.0000/0.8496/0.5835] | LR: 0.00172993
2026-03-24 03:21:47,025 - INFO - T128 E2/10 | [WARN] ZERO_PENALTY | L: 0.79018027/0.75224765 | F1 M MIN: 0.00000000 D: 0.00000000 | [S/N/B]: [0.0000/0.8660/0.5928] | LR: 0.00160399
2026-03-24 03:22:20,130 - INFO - T128 E3/10 | [WARN] ZERO_PENALTY | L: 0.78242584/0.75258180 | F1 M MIN: 0.00000000 D: 0.00000000 | [S/N/B]: [0.0000/0.8668/0.5935] | LR: 0.00140783
2026-03-24 03:22:52,598 - INFO - T128 E4/10 | [WARN] ZERO_PENALTY | L: 0.77740014/0.74956131 | F1 M MIN: 0.00000000 D: 0.00000000 | [S/N/B]: [0.0000/0.8653/0.5921] | LR: 0.00116066
2026-03-24 03:22:52,675 - INFO - Trial 128 stopped early due to patience limit (4 epochs without improvement)
2026-03-24 03:22:52,878 - INFO - Trial 128 finished with value: 0.0 and parameters: {'tcn_channels': 256, 'lstm_hidden': 128, 'num_lstm_layers': 2, 'batch_size': 1024, 'dropout': 0.3164763395254018, 'seq_len': 96, 'lr': 0.0017733243028833054, 'weight_decay': 0.000811228916333031, 'base_alpha_sell': 1.2318581774396586, 'base_alpha_neutral': 0.9742264524499706, 'base_alpha_buy': 1.4698116060081998, 'base_loss_gamma': 4.885068431247683, 'base_loss_smoothing': 0.1946605386816106, 'asym_gamma_sell': 1.4677839441303258, 'asym_gamma_neu': 0.5411700570657481, 'asym_gamma_buy': 0.5207728173370783}. Best is trial 104 with value: 0.4828262682077523.
2026-03-24 03:22:53,556 - INFO - 🔍 RAM-Safe Streaming Scan (Treino): 878 arquivos...
2026-03-24 03:23:47,755 - INFO - ✂️ Double-Chunking (Treino): Expondo fatias de 500,000 amostras aleatórias.
2026-03-24 03:23:47,757 - INFO - 🚀 Pre-loading 500,000 samples into RAM (Lightning Mode)...
2026-03-24 03:26:59,827 - INFO - ✅ RAM-Safe Streaming Dataset: 500,000 sequences indexed and PRE-LOADED.
2026-03-24 03:26:59,829 - INFO - ✅ RAM-Safe Streaming Dataset: 500,000 sequences indexed (Mode: Lightning).
2026-03-24 03:26:59,880 - INFO - 🔍 RAM-Safe Streaming Scan (Val): 274 arquivos...
2026-03-24 03:27:13,939 - INFO - ✂️ Double-Chunking (Val): Expondo fatias de 100,000 amostras aleatórias.
2026-03-24 03:27:13,939 - INFO - 🚀 Pre-loading 100,000 samples into RAM (Lightning Mode)...
2026-03-24 03:28:12,038 - INFO - ✅ RAM-Safe Streaming Dataset: 100,000 sequences indexed and PRE-LOADED.
2026-03-24 03:28:12,039 - INFO - ✅ RAM-Safe Streaming Dataset: 100,000 sequences indexed (Mode: Lightning).
2026-03-24 03:28:12,627 - INFO - Trial 129 START | tcn=512, lstm=32, layers=3, batch=1024, seq=96 | RFE=30 | loss=ASYM (g_s=1.57, g_n=0.17, g_b=0.51) | alpha=[1.78, 0.72, 1.63], smooth=0.26
2026-03-24 03:29:07,911 - INFO - T129 E1/10 | [WARN] ZERO_PENALTY | L: 1.07651483/1.01169859 | F1 M MIN: 0.00000000 D: 0.00000000 | [S/N/B]: [0.5259/0.6846/0.0000] | LR: 0.00130125
2026-03-24 03:30:03,107 - INFO - T129 E2/10 | [WARN] ZERO_PENALTY | L: 1.01934898/0.98839669 | F1 M MIN: 0.00000000 D: 0.00000000 | [S/N/B]: [0.5512/0.7658/0.0000] | LR: 0.00120652
2026-03-24 03:30:59,215 - INFO - T129 E3/10 | [WARN] ZERO_PENALTY | L: 1.00960676/0.98303973 | F1 M MIN: 0.00000000 D: 0.00000000 | [S/N/B]: [0.5442/0.7445/0.0000] | LR: 0.00105897
2026-03-24 03:31:54,646 - INFO - T129 E4/10 | [WARN] ZERO_PENALTY | L: 1.00478870/0.97479522 | F1 M MIN: 0.00000000 D: 0.00000000 | [S/N/B]: [0.5576/0.7814/0.0000] | LR: 0.00087304
2026-03-24 03:31:54,744 - INFO - Trial 129 stopped early due to patience limit (4 epochs without improvement)
2026-03-24 03:31:54,978 - INFO - Trial 129 finished with value: 0.0 and parameters: {'tcn_channels': 512, 'lstm_hidden': 32, 'num_lstm_layers': 3, 'batch_size': 1024, 'dropout': 0.31739078274332355, 'seq_len': 96, 'lr': 0.0013338901815096197, 'weight_decay': 0.0019670842974895434, 'base_alpha_sell': 1.7842055887859787, 'base_alpha_neutral': 0.7225209761855328, 'base_alpha_buy': 1.6251593256939239, 'base_loss_gamma': 1.3573313708881762, 'base_loss_smoothing': 0.26188047936782427, 'asym_gamma_sell': 1.5726804885799945, 'asym_gamma_neu': 0.17384034800549883, 'asym_gamma_buy': 0.5143270342820865}. Best is trial 104 with value: 0.4828262682077523.
2026-03-24 03:31:55,737 - INFO - 🔍 RAM-Safe Streaming Scan (Treino): 878 arquivos...
2026-03-24 03:32:48,759 - INFO - ✂️ Double-Chunking (Treino): Expondo fatias de 500,000 amostras aleatórias.
2026-03-24 03:32:48,760 - INFO - 🚀 Pre-loading 500,000 samples into RAM (Lightning Mode)...
2026-03-24 03:35:59,434 - INFO - ✅ RAM-Safe Streaming Dataset: 500,000 sequences indexed and PRE-LOADED.
2026-03-24 03:35:59,435 - INFO - ✅ RAM-Safe Streaming Dataset: 500,000 sequences indexed (Mode: Lightning).
2026-03-24 03:35:59,484 - INFO - 🔍 RAM-Safe Streaming Scan (Val): 274 arquivos...
2026-03-24 03:36:13,090 - INFO - ✂️ Double-Chunking (Val): Expondo fatias de 100,000 amostras aleatórias.
2026-03-24 03:36:13,091 - INFO - 🚀 Pre-loading 100,000 samples into RAM (Lightning Mode)...
2026-03-24 03:37:09,321 - INFO - ✅ RAM-Safe Streaming Dataset: 100,000 sequences indexed and PRE-LOADED.
2026-03-24 03:37:09,322 - INFO - ✅ RAM-Safe Streaming Dataset: 100,000 sequences indexed (Mode: Lightning).
2026-03-24 03:37:09,757 - INFO - Trial 130 START | tcn=512, lstm=256, layers=3, batch=1024, seq=96 | RFE=30 | loss=ASYM (g_s=3.53, g_n=0.23, g_b=1.11) | alpha=[1.66, 0.54, 1.38], smooth=0.18
2026-03-24 03:38:19,739 - INFO - T130 E1/10 | [OK] | L: 0.62389417/0.61425451 | F1 M MIN: 0.37677736 D: 0.40858085 | [S/N/B]: [0.4404/0.6767/0.3768] | LR: 0.00031564
2026-03-24 03:39:30,045 - INFO - T130 E2/10 | [OK] | L: 0.58547401/0.59274199 | F1 M MIN: 0.18614783 D: 0.35477331 | [S/N/B]: [0.5234/0.7416/0.1861] | LR: 0.00029266
2026-03-24 03:40:41,243 - INFO - T130 E3/10 | [OK] | L: 0.57651377/0.59024062 | F1 M MIN: 0.20290956 D: 0.36326382 | [S/N/B]: [0.5236/0.7437/0.2029] | LR: 0.00025687
2026-03-24 03:41:51,984 - INFO - T130 E4/10 | [OK] | L: 0.57109884/0.58239976 | F1 M MIN: 0.17909141 D: 0.36346330 | [S/N/B]: [0.5478/0.7720/0.1791] | LR: 0.00021177
2026-03-24 03:43:03,486 - INFO - T130 E5/10 | [OK] | L: 0.56694537/0.58393905 | F1 M MIN: 0.40607072 D: 0.44888859 | [S/N/B]: [0.4917/0.7473/0.4061] | LR: 0.00016178
2026-03-24 03:44:14,952 - INFO - T130 E6/10 | [OK] | L: 0.56334999/0.57827777 | F1 M MIN: 0.38878771 D: 0.45495228 | [S/N/B]: [0.3888/0.7807/0.5211] | LR: 0.00011179
2026-03-24 03:45:26,197 - INFO - T130 E7/10 | [OK] | L: 0.56015541/0.57804240 | F1 M MIN: 0.37208689 D: 0.44247072 | [S/N/B]: [0.5129/0.7744/0.3721] | LR: 0.00006669
2026-03-24 03:46:37,126 - INFO - T130 E8/10 | [OK] | L: 0.55714809/0.58107414 | F1 M MIN: 0.38445091 D: 0.44414805 | [S/N/B]: [0.5038/0.7605/0.3845] | LR: 0.00003090
2026-03-24 03:47:48,709 - INFO - T130 E9/10 | [OK] | L: 0.55462617/0.57761110 | F1 M MIN: 0.45397285 D: 0.46058762 | [S/N/B]: [0.4672/0.7742/0.4540] | LR: 0.00000792
2026-03-24 03:49:00,092 - INFO - T130 E10/10 | [OK] | L: 0.55305731/0.57794023 | F1 M MIN: 0.43094113 D: 0.45731440 | [S/N/B]: [0.4837/0.7740/0.4309] | LR: 0.00000000
2026-03-24 03:49:00,476 - INFO - Trial 130 finished with value: 0.45397285067873305 and parameters: {'tcn_channels': 512, 'lstm_hidden': 256, 'num_lstm_layers': 3, 'batch_size': 1024, 'dropout': 0.2408095022727699, 'seq_len': 96, 'lr': 0.0003235551984355522, 'weight_decay': 0.003781164056466411, 'base_alpha_sell': 1.6630805759001464, 'base_alpha_neutral': 0.5383078593128606, 'base_alpha_buy': 1.3757087400014556, 'base_loss_gamma': 2.8222368668213003, 'base_loss_smoothing': 0.18031100809256184, 'asym_gamma_sell': 3.526717367748722, 'asym_gamma_neu': 0.23102350441400527, 'asym_gamma_buy': 1.1062115896753228}. Best is trial 104 with value: 0.4828262682077523.
2026-03-24 03:49:01,319 - INFO - 🔍 RAM-Safe Streaming Scan (Treino): 878 arquivos...
2026-03-24 03:49:54,258 - INFO - ✂️ Double-Chunking (Treino): Expondo fatias de 500,000 amostras aleatórias.
2026-03-24 03:49:54,259 - INFO - 🚀 Pre-loading 500,000 samples into RAM (Lightning Mode)...
2026-03-24 03:53:08,253 - INFO - ✅ RAM-Safe Streaming Dataset: 500,000 sequences indexed and PRE-LOADED.
2026-03-24 03:53:08,254 - INFO - ✅ RAM-Safe Streaming Dataset: 500,000 sequences indexed (Mode: Lightning).
2026-03-24 03:53:08,305 - INFO - 🔍 RAM-Safe Streaming Scan (Val): 274 arquivos...
2026-03-24 03:53:22,161 - INFO - ✂️ Double-Chunking (Val): Expondo fatias de 100,000 amostras aleatórias.
2026-03-24 03:53:22,161 - INFO - 🚀 Pre-loading 100,000 samples into RAM (Lightning Mode)...
2026-03-24 03:54:20,115 - INFO - ✅ RAM-Safe Streaming Dataset: 100,000 sequences indexed and PRE-LOADED.
2026-03-24 03:54:20,117 - INFO - ✅ RAM-Safe Streaming Dataset: 100,000 sequences indexed (Mode: Lightning).
2026-03-24 03:54:20,700 - INFO - Trial 131 START | tcn=512, lstm=256, layers=2, batch=1024, seq=96 | RFE=30 | loss=ASYM (g_s=1.97, g_n=0.33, g_b=0.63) | alpha=[1.57, 0.64, 1.74], smooth=0.27
2026-03-24 03:55:25,692 - INFO - T131 E1/10 | [OK] | L: 0.91829569/0.88197091 | F1 M MIN: 0.04532026 D: 0.28318233 | [S/N/B]: [0.0453/0.6318/0.5210] | LR: 0.00023639
2026-03-24 03:56:30,868 - INFO - T131 E2/10 | [OK] | L: 0.88119667/0.86024992 | F1 M MIN: 0.43270179 D: 0.43737061 | [S/N/B]: [0.4327/0.7299/0.4420] | LR: 0.00021918
2026-03-24 03:57:37,063 - INFO - T131 E3/10 | [OK] | L: 0.87124616/0.85750697 | F1 M MIN: 0.18641143 D: 0.35886517 | [S/N/B]: [0.1864/0.7196/0.5313] | LR: 0.00019238
2026-03-24 03:58:42,557 - INFO - T131 E4/10 | [OK] | L: 0.86570060/0.85183789 | F1 M MIN: 0.37987280 D: 0.43610677 | [S/N/B]: [0.3799/0.7324/0.4923] | LR: 0.00015860
2026-03-24 03:59:48,884 - INFO - T131 E5/10 | [OK] | L: 0.86106552/0.85408764 | F1 M MIN: 0.29631940 D: 0.41016236 | [S/N/B]: [0.2963/0.7222/0.5240] | LR: 0.00012116
2026-03-24 04:00:54,941 - INFO - T131 E6/10 | [OK] | L: 0.85755569/0.84595727 | F1 M MIN: 0.34216407 D: 0.43413476 | [S/N/B]: [0.3422/0.7650/0.5261] | LR: 0.00008372
2026-03-24 04:00:54,994 - INFO - Trial 131 stopped early due to patience limit (4 epochs without improvement)
2026-03-24 04:00:55,182 - INFO - Trial 131 finished with value: 0.4327017942843765 and parameters: {'tcn_channels': 512, 'lstm_hidden': 256, 'num_lstm_layers': 2, 'batch_size': 1024, 'dropout': 0.26492889112603474, 'seq_len': 96, 'lr': 0.00024231880302727764, 'weight_decay': 0.0013073961730139974, 'base_alpha_sell': 1.5704839171166092, 'base_alpha_neutral': 0.6411434328043114, 'base_alpha_buy': 1.7405947101062371, 'base_loss_gamma': 4.221483340477462, 'base_loss_smoothing': 0.27017808318191966, 'asym_gamma_sell': 1.9689800447437744, 'asym_gamma_neu': 0.32975481017953995, 'asym_gamma_buy': 0.6338825494845497}. Best is trial 104 with value: 0.4828262682077523.
2026-03-24 04:00:55,762 - INFO - 🔍 RAM-Safe Streaming Scan (Treino): 878 arquivos...
2026-03-24 04:01:48,246 - INFO - ✂️ Double-Chunking (Treino): Expondo fatias de 500,000 amostras aleatórias.
2026-03-24 04:01:48,248 - INFO - 🚀 Pre-loading 500,000 samples into RAM (Lightning Mode)...
2026-03-24 04:04:57,629 - INFO - ✅ RAM-Safe Streaming Dataset: 500,000 sequences indexed and PRE-LOADED.
2026-03-24 04:04:57,630 - INFO - ✅ RAM-Safe Streaming Dataset: 500,000 sequences indexed (Mode: Lightning).
2026-03-24 04:04:57,679 - INFO - 🔍 RAM-Safe Streaming Scan (Val): 274 arquivos...
2026-03-24 04:05:11,048 - INFO - ✂️ Double-Chunking (Val): Expondo fatias de 100,000 amostras aleatórias.
2026-03-24 04:05:11,048 - INFO - 🚀 Pre-loading 100,000 samples into RAM (Lightning Mode)...
2026-03-24 04:06:09,129 - INFO - ✅ RAM-Safe Streaming Dataset: 100,000 sequences indexed and PRE-LOADED.
2026-03-24 04:06:09,131 - INFO - ✅ RAM-Safe Streaming Dataset: 100,000 sequences indexed (Mode: Lightning).
2026-03-24 04:06:09,525 - INFO - Trial 132 START | tcn=64, lstm=256, layers=3, batch=1024, seq=96 | RFE=30 | loss=ASYM (g_s=2.56, g_n=0.23, g_b=0.90) | alpha=[1.88, 0.77, 1.36], smooth=0.28
2026-03-24 04:06:39,342 - INFO - T132 E1/10 | [WARN] ZERO_PENALTY | L: 0.89490888/0.88323880 | F1 M MIN: 0.00000000 D: 0.00000000 | [S/N/B]: [0.5163/0.6477/0.0000] | LR: 0.00041475
2026-03-24 04:07:08,614 - INFO - T132 E2/10 | [WARN] ZERO_PENALTY | L: 0.85236755/0.85816466 | F1 M MIN: 0.00000000 D: 0.00000000 | [S/N/B]: [0.5413/0.7344/0.0000] | LR: 0.00038456
2026-03-24 04:07:38,994 - INFO - T132 E3/10 | [WARN] ZERO_PENALTY | L: 0.84168728/0.84683500 | F1 M MIN: 0.00000000 D: 0.00000000 | [S/N/B]: [0.5536/0.7708/0.0000] | LR: 0.00033753
2026-03-24 04:08:08,608 - INFO - T132 E4/10 | [WARN] ZERO_PENALTY | L: 0.83559830/0.84238161 | F1 M MIN: 0.00000000 D: 0.00000000 | [S/N/B]: [0.5543/0.7712/0.0000] | LR: 0.00027827
2026-03-24 04:08:08,670 - INFO - Trial 132 stopped early due to patience limit (4 epochs without improvement)
