2026-03-23 18:27:55,028 - INFO - Trial 90 finished with value: 0.0 and parameters: {'tcn_channels': 64, 'lstm_hidden': 128, 'num_lstm_layers': 5, 'batch_size': 2048, 'dropout': 0.37019075388592404, 'seq_len': 96, 'lr': 0.0016081721497431278, 'weight_decay': 0.0024801513247857303, 'base_alpha_sell': 1.086181531150073, 'base_alpha_neutral': 0.8907128271471351, 'base_alpha_buy': 1.6573979248933026, 'base_loss_gamma': 1.7061551636048546, 'base_loss_smoothing': 0.16952474477430796, 'asym_gamma_sell': 1.69014442669664, 'asym_gamma_neu': 0.1145744856364423, 'asym_gamma_buy': 1.3010971297646898}. Best is trial 23 with value: 0.4421075032364468.
2026-03-23 18:27:55,714 - INFO - 🔍 RAM-Safe Streaming Scan (Treino): 878 arquivos...
2026-03-23 18:28:49,446 - INFO - ✂️ Double-Chunking (Treino): Expondo fatias de 500,000 amostras aleatórias.
2026-03-23 18:28:49,447 - INFO - 🚀 Pre-loading 500,000 samples into RAM (Lightning Mode)...
2026-03-23 18:32:02,250 - INFO - ✅ RAM-Safe Streaming Dataset: 500,000 sequences indexed and PRE-LOADED.
2026-03-23 18:32:02,252 - INFO - ✅ RAM-Safe Streaming Dataset: 500,000 sequences indexed (Mode: Lightning).
2026-03-23 18:32:02,299 - INFO - 🔍 RAM-Safe Streaming Scan (Val): 274 arquivos...
2026-03-23 18:32:16,638 - INFO - ✂️ Double-Chunking (Val): Expondo fatias de 100,000 amostras aleatórias.
2026-03-23 18:32:16,638 - INFO - 🚀 Pre-loading 100,000 samples into RAM (Lightning Mode)...
2026-03-23 18:33:14,153 - INFO - ✅ RAM-Safe Streaming Dataset: 100,000 sequences indexed and PRE-LOADED.
2026-03-23 18:33:14,155 - INFO - ✅ RAM-Safe Streaming Dataset: 100,000 sequences indexed (Mode: Lightning).
2026-03-23 18:33:14,653 - INFO - Trial 91 START | tcn=512, lstm=32, layers=5, batch=2048, seq=96 | RFE=30 | loss=ASYM (g_s=2.31, g_n=0.20, g_b=2.64) | alpha=[1.21, 0.89, 1.15], smooth=0.18
2026-03-23 18:34:10,542 - INFO - T91 E1/10 | [WARN] ZERO_PENALTY | L: 0.55575094/0.53296757 | F1 M MIN: 0.00000000 D: 0.00000000 | [S/N/B]: [0.5877/0.8372/0.0000] | LR: 0.00102212
2026-03-23 18:35:07,299 - INFO - T91 E2/10 | [WARN] ZERO_PENALTY | L: 0.48718732/0.51738342 | F1 M MIN: 0.00000000 D: 0.00000000 | [S/N/B]: [0.6002/0.8593/0.0000] | LR: 0.00094771
2026-03-23 18:36:04,296 - INFO - T91 E3/10 | [WARN] ZERO_PENALTY | L: 0.47342271/0.50602529 | F1 M MIN: 0.00000000 D: 0.00000000 | [S/N/B]: [0.6034/0.8643/0.0000] | LR: 0.00083181
2026-03-23 18:37:01,092 - INFO - T91 E4/10 | [WARN] ZERO_PENALTY | L: 0.46608248/0.49083184 | F1 M MIN: 0.00000000 D: 0.00000000 | [S/N/B]: [0.6140/0.8798/0.0000] | LR: 0.00068577
2026-03-23 18:37:01,237 - INFO - Trial 91 stopped early due to patience limit (4 epochs without improvement)
2026-03-23 18:37:01,547 - INFO - Trial 91 finished with value: 0.0 and parameters: {'tcn_channels': 512, 'lstm_hidden': 32, 'num_lstm_layers': 5, 'batch_size': 2048, 'dropout': 0.3186869969761295, 'seq_len': 96, 'lr': 0.0010477650606924855, 'weight_decay': 0.0003773307578300219, 'base_alpha_sell': 1.2129072200590594, 'base_alpha_neutral': 0.892742937992973, 'base_alpha_buy': 1.1486968062368956, 'base_loss_gamma': 0.723907142073574, 'base_loss_smoothing': 0.1757733068261681, 'asym_gamma_sell': 2.306993002036946, 'asym_gamma_neu': 0.20176858894275776, 'asym_gamma_buy': 2.6430628809972925}. Best is trial 23 with value: 0.4421075032364468.
2026-03-23 18:37:02,580 - INFO - 🔍 RAM-Safe Streaming Scan (Treino): 878 arquivos...
2026-03-23 18:37:58,476 - INFO - ✂️ Double-Chunking (Treino): Expondo fatias de 500,000 amostras aleatórias.
2026-03-23 18:37:58,478 - INFO - 🚀 Pre-loading 500,000 samples into RAM (Lightning Mode)...
2026-03-23 18:41:16,316 - INFO - ✅ RAM-Safe Streaming Dataset: 500,000 sequences indexed and PRE-LOADED.
2026-03-23 18:41:16,318 - INFO - ✅ RAM-Safe Streaming Dataset: 500,000 sequences indexed (Mode: Lightning).
2026-03-23 18:41:16,368 - INFO - 🔍 RAM-Safe Streaming Scan (Val): 274 arquivos...
2026-03-23 18:41:30,623 - INFO - ✂️ Double-Chunking (Val): Expondo fatias de 100,000 amostras aleatórias.
2026-03-23 18:41:30,624 - INFO - 🚀 Pre-loading 100,000 samples into RAM (Lightning Mode)...
2026-03-23 18:42:29,630 - INFO - ✅ RAM-Safe Streaming Dataset: 100,000 sequences indexed and PRE-LOADED.
2026-03-23 18:42:29,631 - INFO - ✅ RAM-Safe Streaming Dataset: 100,000 sequences indexed (Mode: Lightning).
2026-03-23 18:42:30,142 - INFO - Trial 92 START | tcn=64, lstm=256, layers=4, batch=1024, seq=256 | RFE=30 | loss=ASYM (g_s=1.16, g_n=0.40, g_b=1.13) | alpha=[1.38, 0.48, 1.66], smooth=0.16
2026-03-23 18:43:53,130 - INFO - T92 E1/10 | [WARN] ZERO_PENALTY | L: 0.74780964/0.68102636 | F1 M MIN: 0.00000000 D: 0.00000000 | [S/N/B]: [0.0000/0.6470/0.5053] | LR: 0.00063625
2026-03-23 18:45:17,750 - INFO - T92 E2/10 | [WARN] ZERO_PENALTY | L: 0.70711801/0.66246479 | F1 M MIN: 0.00000000 D: 0.00000000 | [S/N/B]: [0.0000/0.6944/0.5175] | LR: 0.00058993
2026-03-23 18:46:41,934 - INFO - T92 E3/10 | [WARN] ZERO_PENALTY | L: 0.69901701/0.65760906 | F1 M MIN: 0.00000000 D: 0.00000000 | [S/N/B]: [0.0000/0.7035/0.5206] | LR: 0.00051778
2026-03-23 18:48:06,433 - INFO - T92 E4/10 | [OK] | L: 0.69295610/0.65793493 | F1 M MIN: 0.00179051 D: 0.26165595 | [S/N/B]: [0.0018/0.7038/0.5215] | LR: 0.00042688
2026-03-23 18:49:30,783 - INFO - T92 E5/10 | [OK] | L: 0.68709069/0.64625205 | F1 M MIN: 0.26740036 D: 0.39627559 | [S/N/B]: [0.2674/0.7269/0.5252] | LR: 0.00032610
2026-03-23 18:50:56,041 - INFO - T92 E6/10 | [OK] | L: 0.67974564/0.64451995 | F1 M MIN: 0.40488358 D: 0.45365038 | [S/N/B]: [0.4049/0.7133/0.5024] | LR: 0.00022533
2026-03-23 18:52:20,950 - INFO - T92 E7/10 | [OK] | L: 0.67387421/0.64356761 | F1 M MIN: 0.46164373 D: 0.46539232 | [S/N/B]: [0.4616/0.7287/0.4691] | LR: 0.00013443
2026-03-23 18:52:21,063 - INFO - [BEST MACRO]  Trial 92 | Global F1 M MIN record: 0.46164373 (prev: 0.44210750) -> saved best_tcn_lstm.pt
2026-03-23 18:52:21,171 - INFO - [BEST DIR]    Trial 92 | Global F1 Dir record: 0.46539232 (prev: 0.45667707) -> saved best_tcn_lstm_dir.pt
2026-03-23 18:53:45,762 - INFO - T92 E8/10 | [OK] | L: 0.67004700/0.63882986 | F1 M MIN: 0.41539717 D: 0.46117607 | [S/N/B]: [0.4154/0.7159/0.5070] | LR: 0.00006228
2026-03-23 18:55:11,089 - INFO - T92 E9/10 | [OK] | L: 0.66718402/0.63621336 | F1 M MIN: 0.38666587 D: 0.45277148 | [S/N/B]: [0.3867/0.7167/0.5189] | LR: 0.00001596
2026-03-23 18:56:35,851 - INFO - T92 E10/10 | [OK] | L: 0.66565933/0.63712154 | F1 M MIN: 0.38823880 D: 0.45241741 | [S/N/B]: [0.3882/0.7129/0.5166] | LR: 0.00000000
2026-03-23 18:56:36,347 - INFO - Trial 92 finished with value: 0.4616437266290079 and parameters: {'tcn_channels': 64, 'lstm_hidden': 256, 'num_lstm_layers': 4, 'batch_size': 1024, 'dropout': 0.25110390102844754, 'seq_len': 256, 'lr': 0.00065220981677894, 'weight_decay': 0.0030894935581128108, 'base_alpha_sell': 1.3847957249837963, 'base_alpha_neutral': 0.4833529762237159, 'base_alpha_buy': 1.6579389734491752, 'base_loss_gamma': 2.4049181101591124, 'base_loss_smoothing': 0.16230711302616727, 'asym_gamma_sell': 1.1573879338902233, 'asym_gamma_neu': 0.40236107571151486, 'asym_gamma_buy': 1.1253479062280425}. Best is trial 92 with value: 0.4616437266290079.
2026-03-23 18:56:37,171 - INFO - 🔍 RAM-Safe Streaming Scan (Treino): 878 arquivos...
2026-03-23 18:57:32,369 - INFO - ✂️ Double-Chunking (Treino): Expondo fatias de 500,000 amostras aleatórias.
2026-03-23 18:57:32,371 - INFO - 🚀 Pre-loading 500,000 samples into RAM (Lightning Mode)...
2026-03-23 19:00:49,153 - INFO - ✅ RAM-Safe Streaming Dataset: 500,000 sequences indexed and PRE-LOADED.
2026-03-23 19:00:49,155 - INFO - ✅ RAM-Safe Streaming Dataset: 500,000 sequences indexed (Mode: Lightning).
2026-03-23 19:00:49,200 - INFO - 🔍 RAM-Safe Streaming Scan (Val): 274 arquivos...
2026-03-23 19:01:02,982 - INFO - ✂️ Double-Chunking (Val): Expondo fatias de 100,000 amostras aleatórias.
2026-03-23 19:01:02,983 - INFO - 🚀 Pre-loading 100,000 samples into RAM (Lightning Mode)...
2026-03-23 19:02:00,581 - INFO - ✅ RAM-Safe Streaming Dataset: 100,000 sequences indexed and PRE-LOADED.
2026-03-23 19:02:00,583 - INFO - ✅ RAM-Safe Streaming Dataset: 100,000 sequences indexed (Mode: Lightning).
2026-03-23 19:02:01,255 - INFO - Trial 93 START | tcn=128, lstm=256, layers=5, batch=1024, seq=256 | RFE=30 | loss=ASYM (g_s=1.82, g_n=0.31, g_b=0.71) | alpha=[1.21, 0.38, 1.66], smooth=0.18
2026-03-23 19:03:57,119 - INFO - T93 E1/10 | [WARN] ZERO_PENALTY | L: 0.62909621/0.57548587 | F1 M MIN: 0.00000000 D: 0.00000000 | [S/N/B]: [0.0000/0.6114/0.5010] | LR: 0.00079563
2026-03-23 19:05:53,870 - INFO - T93 E2/10 | [WARN] ZERO_PENALTY | L: 0.59948448/0.56911988 | F1 M MIN: 0.00000000 D: 0.00000000 | [S/N/B]: [0.0000/0.6688/0.5146] | LR: 0.00073770
2026-03-23 19:07:51,583 - INFO - T93 E3/10 | [WARN] ZERO_PENALTY | L: 0.59305432/0.56876921 | F1 M MIN: 0.00000000 D: 0.00000000 | [S/N/B]: [0.0000/0.6174/0.5040] | LR: 0.00064749
2026-03-23 19:09:48,782 - INFO - T93 E4/10 | [WARN] ZERO_PENALTY | L: 0.58863488/0.55930581 | F1 M MIN: 0.00000000 D: 0.00000000 | [S/N/B]: [0.0000/0.6880/0.5205] | LR: 0.00053381
2026-03-23 19:09:48,873 - INFO - Trial 93 stopped early due to patience limit (4 epochs without improvement)
2026-03-23 19:09:49,154 - INFO - Trial 93 finished with value: 0.0 and parameters: {'tcn_channels': 128, 'lstm_hidden': 256, 'num_lstm_layers': 5, 'batch_size': 1024, 'dropout': 0.21102367279230816, 'seq_len': 256, 'lr': 0.0008155852881386923, 'weight_decay': 0.005360279696144092, 'base_alpha_sell': 1.2110239725832403, 'base_alpha_neutral': 0.3776227467130393, 'base_alpha_buy': 1.6551821671468163, 'base_loss_gamma': 1.60493869125674, 'base_loss_smoothing': 0.1782392855562181, 'asym_gamma_sell': 1.8246555347344655, 'asym_gamma_neu': 0.3135545150855632, 'asym_gamma_buy': 0.7101174925550495}. Best is trial 92 with value: 0.4616437266290079.
2026-03-23 19:09:49,874 - INFO - 🔍 RAM-Safe Streaming Scan (Treino): 878 arquivos...
2026-03-23 19:10:45,544 - INFO - ✂️ Double-Chunking (Treino): Expondo fatias de 500,000 amostras aleatórias.
2026-03-23 19:10:45,545 - INFO - 🚀 Pre-loading 500,000 samples into RAM (Lightning Mode)...
2026-03-23 19:14:00,648 - INFO - ✅ RAM-Safe Streaming Dataset: 500,000 sequences indexed and PRE-LOADED.
2026-03-23 19:14:00,650 - INFO - ✅ RAM-Safe Streaming Dataset: 500,000 sequences indexed (Mode: Lightning).
2026-03-23 19:14:00,698 - INFO - 🔍 RAM-Safe Streaming Scan (Val): 274 arquivos...
2026-03-23 19:14:14,740 - INFO - ✂️ Double-Chunking (Val): Expondo fatias de 100,000 amostras aleatórias.
2026-03-23 19:14:14,740 - INFO - 🚀 Pre-loading 100,000 samples into RAM (Lightning Mode)...
2026-03-23 19:15:12,999 - INFO - ✅ RAM-Safe Streaming Dataset: 100,000 sequences indexed and PRE-LOADED.
2026-03-23 19:15:13,000 - INFO - ✅ RAM-Safe Streaming Dataset: 100,000 sequences indexed (Mode: Lightning).
2026-03-23 19:15:13,415 - INFO - Trial 94 START | tcn=64, lstm=256, layers=3, batch=1024, seq=256 | RFE=30 | loss=ASYM (g_s=0.94, g_n=0.88, g_b=1.65) | alpha=[1.14, 0.42, 1.67], smooth=0.13
2026-03-23 19:16:19,908 - INFO - T94 E1/10 | [WARN] ZERO_PENALTY | L: 0.57514266/0.51240815 | F1 M MIN: 0.00000000 D: 0.00000000 | [S/N/B]: [0.0000/0.3921/0.4642] | LR: 0.00045985
2026-03-23 19:17:26,410 - INFO - T94 E2/10 | [WARN] ZERO_PENALTY | L: 0.53851639/0.48593930 | F1 M MIN: 0.00000000 D: 0.00000000 | [S/N/B]: [0.0000/0.6059/0.5002] | LR: 0.00042637
2026-03-23 19:18:33,873 - INFO - T94 E3/10 | [WARN] ZERO_PENALTY | L: 0.52857771/0.47686241 | F1 M MIN: 0.00000000 D: 0.00000000 | [S/N/B]: [0.0000/0.6369/0.5073] | LR: 0.00037423
2026-03-23 19:19:41,024 - INFO - T94 E4/10 | [OK] | L: 0.52209668/0.47056262 | F1 M MIN: 0.03023192 D: 0.27280576 | [S/N/B]: [0.0302/0.6565/0.5154] | LR: 0.00030852
2026-03-23 19:20:49,194 - INFO - T94 E5/10 | [OK] | L: 0.51702396/0.47017898 | F1 M MIN: 0.12505050 D: 0.31480009 | [S/N/B]: [0.1251/0.6086/0.5045] | LR: 0.00023569
2026-03-23 19:21:56,689 - INFO - T94 E6/10 | [OK] | L: 0.51182752/0.46686404 | F1 M MIN: 0.28517936 D: 0.39687459 | [S/N/B]: [0.2852/0.6420/0.5086] | LR: 0.00016286
2026-03-23 19:23:03,995 - INFO - T94 E7/10 | [OK] | L: 0.50767996/0.46294092 | F1 M MIN: 0.26124293 D: 0.38795924 | [S/N/B]: [0.2612/0.6393/0.5147] | LR: 0.00009716
2026-03-23 19:24:12,075 - INFO - T94 E8/10 | [OK] | L: 0.50469404/0.46255924 | F1 M MIN: 0.22724110 D: 0.37083083 | [S/N/B]: [0.2272/0.6257/0.5144] | LR: 0.00004501
2026-03-23 19:25:19,396 - INFO - T94 E9/10 | [OK] | L: 0.50280556/0.46196428 | F1 M MIN: 0.26940651 D: 0.39158120 | [S/N/B]: [0.2694/0.6436/0.5138] | LR: 0.00001154
2026-03-23 19:25:19,499 - INFO - Trial 94 pruned by Optuna at epoch 9
2026-03-23 19:25:19,618 - INFO - Trial 94 pruned.
2026-03-23 19:25:20,334 - INFO - 🔍 RAM-Safe Streaming Scan (Treino): 878 arquivos...
2026-03-23 19:26:13,490 - INFO - ✂️ Double-Chunking (Treino): Expondo fatias de 500,000 amostras aleatórias.
2026-03-23 19:26:13,491 - INFO - 🚀 Pre-loading 500,000 samples into RAM (Lightning Mode)...
2026-03-23 19:29:28,590 - INFO - ✅ RAM-Safe Streaming Dataset: 500,000 sequences indexed and PRE-LOADED.
2026-03-23 19:29:28,592 - INFO - ✅ RAM-Safe Streaming Dataset: 500,000 sequences indexed (Mode: Lightning).
2026-03-23 19:29:28,645 - INFO - 🔍 RAM-Safe Streaming Scan (Val): 274 arquivos...
2026-03-23 19:29:42,324 - INFO - ✂️ Double-Chunking (Val): Expondo fatias de 100,000 amostras aleatórias.
2026-03-23 19:29:42,324 - INFO - 🚀 Pre-loading 100,000 samples into RAM (Lightning Mode)...
2026-03-23 19:30:40,081 - INFO - ✅ RAM-Safe Streaming Dataset: 100,000 sequences indexed and PRE-LOADED.
2026-03-23 19:30:40,082 - INFO - ✅ RAM-Safe Streaming Dataset: 100,000 sequences indexed (Mode: Lightning).
2026-03-23 19:30:40,649 - INFO - Trial 95 START | tcn=64, lstm=128, layers=4, batch=512, seq=256 | RFE=30 | loss=ASYM (g_s=2.25, g_n=0.17, g_b=0.69) | alpha=[1.12, 0.55, 1.63], smooth=0.10
2026-03-23 19:31:30,903 - INFO - T95 E1/10 | [WARN] ZERO_PENALTY | L: 0.62908450/0.58492446 | F1 M MIN: 0.00000000 D: 0.00000000 | [S/N/B]: [0.0000/0.7057/0.5250] | LR: 0.00107714
2026-03-23 19:32:22,108 - INFO - T95 E2/10 | [WARN] ZERO_PENALTY | L: 0.58554759/0.57022919 | F1 M MIN: 0.00000000 D: 0.00000000 | [S/N/B]: [0.0000/0.7458/0.5370] | LR: 0.00099872
2026-03-23 19:33:13,336 - INFO - T95 E3/10 | [WARN] ZERO_PENALTY | L: 0.57403356/0.55926984 | F1 M MIN: 0.00000000 D: 0.00000000 | [S/N/B]: [0.0000/0.7676/0.5449] | LR: 0.00087658
2026-03-23 19:34:04,912 - INFO - T95 E4/10 | [WARN] ZERO_PENALTY | L: 0.56780412/0.55698194 | F1 M MIN: 0.00000000 D: 0.00000000 | [S/N/B]: [0.0000/0.7632/0.5434] | LR: 0.00072268
2026-03-23 19:34:05,027 - INFO - Trial 95 stopped early due to patience limit (4 epochs without improvement)
2026-03-23 19:34:05,362 - INFO - Trial 95 finished with value: 0.0 and parameters: {'tcn_channels': 64, 'lstm_hidden': 128, 'num_lstm_layers': 4, 'batch_size': 512, 'dropout': 0.27444762565802694, 'seq_len': 256, 'lr': 0.0011041598602021332, 'weight_decay': 0.0015470723394380732, 'base_alpha_sell': 1.115593938646796, 'base_alpha_neutral': 0.548678135764143, 'base_alpha_buy': 1.6339594821773484, 'base_loss_gamma': 2.6325083318006444, 'base_loss_smoothing': 0.0984957979379204, 'asym_gamma_sell': 2.249663690316437, 'asym_gamma_neu': 0.17369147807853044, 'asym_gamma_buy': 0.6942556911017436}. Best is trial 92 with value: 0.4616437266290079.
2026-03-23 19:34:06,178 - INFO - 🔍 RAM-Safe Streaming Scan (Treino): 878 arquivos...
2026-03-23 19:35:01,105 - INFO - ✂️ Double-Chunking (Treino): Expondo fatias de 500,000 amostras aleatórias.
2026-03-23 19:35:01,110 - INFO - 🚀 Pre-loading 500,000 samples into RAM (Lightning Mode)...
2026-03-23 19:38:17,661 - INFO - ✅ RAM-Safe Streaming Dataset: 500,000 sequences indexed and PRE-LOADED.
2026-03-23 19:38:17,662 - INFO - ✅ RAM-Safe Streaming Dataset: 500,000 sequences indexed (Mode: Lightning).
2026-03-23 19:38:17,712 - INFO - 🔍 RAM-Safe Streaming Scan (Val): 274 arquivos...
2026-03-23 19:38:31,879 - INFO - ✂️ Double-Chunking (Val): Expondo fatias de 100,000 amostras aleatórias.
2026-03-23 19:38:31,879 - INFO - 🚀 Pre-loading 100,000 samples into RAM (Lightning Mode)...
2026-03-23 19:39:30,579 - INFO - ✅ RAM-Safe Streaming Dataset: 100,000 sequences indexed and PRE-LOADED.
2026-03-23 19:39:30,579 - INFO - ✅ RAM-Safe Streaming Dataset: 100,000 sequences indexed (Mode: Lightning).
2026-03-23 19:39:31,025 - INFO - Trial 96 START | tcn=64, lstm=64, layers=3, batch=1024, seq=256 | RFE=30 | loss=ASYM (g_s=0.51, g_n=0.59, g_b=2.40) | alpha=[1.71, 0.50, 1.36], smooth=0.11
2026-03-23 19:40:02,839 - INFO - T96 E1/10 | [WARN] ZERO_PENALTY | L: 0.72031980/0.64482920 | F1 M MIN: 0.00000000 D: 0.00000000 | [S/N/B]: [0.4901/0.5264/0.0000] | LR: 0.00065775
2026-03-23 19:40:34,162 - INFO - T96 E2/10 | [WARN] ZERO_PENALTY | L: 0.65937250/0.59975326 | F1 M MIN: 0.00000000 D: 0.00000000 | [S/N/B]: [0.5313/0.7007/0.0000] | LR: 0.00060987
2026-03-23 19:41:06,186 - INFO - T96 E3/10 | [WARN] ZERO_PENALTY | L: 0.64670595/0.59079990 | F1 M MIN: 0.00000000 D: 0.00000000 | [S/N/B]: [0.5336/0.7058/0.0000] | LR: 0.00053528
2026-03-23 19:41:37,775 - INFO - T96 E4/10 | [WARN] ZERO_PENALTY | L: 0.64006272/0.58857800 | F1 M MIN: 0.00000000 D: 0.00000000 | [S/N/B]: [0.5394/0.7253/0.0000] | LR: 0.00044130
2026-03-23 19:41:37,918 - INFO - Trial 96 stopped early due to patience limit (4 epochs without improvement)
2026-03-23 19:41:38,254 - INFO - Trial 96 finished with value: 0.0 and parameters: {'tcn_channels': 64, 'lstm_hidden': 64, 'num_lstm_layers': 3, 'batch_size': 1024, 'dropout': 0.24218852944399702, 'seq_len': 256, 'lr': 0.0006742508903826269, 'weight_decay': 0.005261871577279331, 'base_alpha_sell': 1.7054463683888959, 'base_alpha_neutral': 0.4952313386039157, 'base_alpha_buy': 1.357194068125347, 'base_loss_gamma': 1.3957171852724752, 'base_loss_smoothing': 0.1144889050768709, 'asym_gamma_sell': 0.5145603808213212, 'asym_gamma_neu': 0.5852149469008975, 'asym_gamma_buy': 2.4005011635547664}. Best is trial 92 with value: 0.4616437266290079.
2026-03-23 19:41:39,014 - INFO - 🔍 RAM-Safe Streaming Scan (Treino): 878 arquivos...
2026-03-23 19:42:32,578 - INFO - ✂️ Double-Chunking (Treino): Expondo fatias de 500,000 amostras aleatórias.
2026-03-23 19:42:32,579 - INFO - 🚀 Pre-loading 500,000 samples into RAM (Lightning Mode)...
2026-03-23 19:45:46,314 - INFO - ✅ RAM-Safe Streaming Dataset: 500,000 sequences indexed and PRE-LOADED.
2026-03-23 19:45:46,315 - INFO - ✅ RAM-Safe Streaming Dataset: 500,000 sequences indexed (Mode: Lightning).
2026-03-23 19:45:46,365 - INFO - 🔍 RAM-Safe Streaming Scan (Val): 274 arquivos...
2026-03-23 19:46:00,245 - INFO - ✂️ Double-Chunking (Val): Expondo fatias de 100,000 amostras aleatórias.
2026-03-23 19:46:00,246 - INFO - 🚀 Pre-loading 100,000 samples into RAM (Lightning Mode)...
2026-03-23 19:46:59,823 - INFO - ✅ RAM-Safe Streaming Dataset: 100,000 sequences indexed and PRE-LOADED.
2026-03-23 19:46:59,824 - INFO - ✅ RAM-Safe Streaming Dataset: 100,000 sequences indexed (Mode: Lightning).
2026-03-23 19:47:00,335 - INFO - Trial 97 START | tcn=64, lstm=256, layers=4, batch=512, seq=256 | RFE=30 | loss=ASYM (g_s=2.59, g_n=0.23, g_b=1.35) | alpha=[1.39, 0.64, 1.72], smooth=0.26
2026-03-23 19:48:28,784 - INFO - T97 E1/10 | [WARN] ZERO_PENALTY | L: 0.73537101/0.72400033 | F1 M MIN: 0.00000000 D: 0.00000000 | [S/N/B]: [0.0000/0.7354/0.5333] | LR: 0.00087058
2026-03-23 19:49:58,879 - INFO - T97 E2/10 | [WARN] ZERO_PENALTY | L: 0.70248708/0.71404391 | F1 M MIN: 0.00000000 D: 0.00000000 | [S/N/B]: [0.0000/0.7400/0.5360] | LR: 0.00080720
2026-03-23 19:51:28,519 - INFO - T97 E3/10 | [WARN] ZERO_PENALTY | L: 0.69487541/0.70704035 | F1 M MIN: 0.00000000 D: 0.00000000 | [S/N/B]: [0.0000/0.7634/0.5446] | LR: 0.00070848
2026-03-23 19:52:58,220 - INFO - T97 E4/10 | [WARN] ZERO_PENALTY | L: 0.69082552/0.70644390 | F1 M MIN: 0.00000000 D: 0.00000000 | [S/N/B]: [0.0000/0.7514/0.5404] | LR: 0.00058410
2026-03-23 19:52:58,317 - INFO - Trial 97 stopped early due to patience limit (4 epochs without improvement)
