2026-03-25 13:31:14,929 - INFO - Trial 257 pruned.
2026-03-25 13:31:15,641 - INFO - 🔍 RAM-Safe Streaming Scan (Treino): 878 arquivos...
2026-03-25 13:32:08,700 - INFO - ✂️ Double-Chunking (Treino): Expondo fatias de 500,000 amostras aleatórias.
2026-03-25 13:32:08,710 - INFO - 🚀 Pre-loading 500,000 samples into RAM (Lightning Mode)...
2026-03-25 13:35:28,649 - INFO - ✅ RAM-Safe Streaming Dataset: 500,000 sequences indexed and PRE-LOADED.
2026-03-25 13:35:28,650 - INFO - ✅ RAM-Safe Streaming Dataset: 500,000 sequences indexed (Mode: Lightning).
2026-03-25 13:35:28,700 - INFO - 🔍 RAM-Safe Streaming Scan (Val): 274 arquivos...
2026-03-25 13:35:41,716 - INFO - ✂️ Double-Chunking (Val): Expondo fatias de 100,000 amostras aleatórias.
2026-03-25 13:35:41,716 - INFO - 🚀 Pre-loading 100,000 samples into RAM (Lightning Mode)...
2026-03-25 13:36:39,330 - INFO - ✅ RAM-Safe Streaming Dataset: 100,000 sequences indexed and PRE-LOADED.
2026-03-25 13:36:39,330 - INFO - ✅ RAM-Safe Streaming Dataset: 100,000 sequences indexed (Mode: Lightning).
2026-03-25 13:36:39,748 - INFO - Trial 258 START | tcn=256, lstm=128, layers=2, batch=1024, seq=144 | RFE=30 | loss=ASYM (g_s=3.33, g_n=0.74, g_b=1.20) | alpha=[1.17, 0.68, 1.40], smooth=0.22
2026-03-25 13:37:30,216 - INFO - T258 E1/10 | [WARN] ZERO_PENALTY | L: 0.52793568/0.49839613 | F1 M MIN: 0.00000000 D: 0.00000000 | [S/N/B]: [0.0000/0.7518/0.5279] | LR: 0.00014467
2026-03-25 13:38:20,582 - INFO - T258 E2/10 | [WARN] ZERO_PENALTY | L: 0.48828171/0.48986964 | F1 M MIN: 0.00000000 D: 0.00000000 | [S/N/B]: [0.0000/0.7629/0.5350] | LR: 0.00013414
2026-03-25 13:39:11,790 - INFO - T258 E3/10 | [WARN] ZERO_PENALTY | L: 0.47774339/0.47868988 | F1 M MIN: 0.00000000 D: 0.00000000 | [S/N/B]: [0.0000/0.7896/0.5450] | LR: 0.00011773
2026-03-25 13:40:02,412 - INFO - T258 E4/10 | [WARN] ZERO_PENALTY | L: 0.47170251/0.47247966 | F1 M MIN: 0.00000000 D: 0.00000000 | [S/N/B]: [0.0000/0.8061/0.5527] | LR: 0.00009706
2026-03-25 13:40:02,467 - INFO - Trial 258 stopped early due to patience limit (4 epochs without improvement)
2026-03-25 13:40:02,688 - INFO - Trial 258 finished with value: 0.0 and parameters: {'tcn_channels': 256, 'lstm_hidden': 128, 'num_lstm_layers': 2, 'batch_size': 1024, 'dropout': 0.2235330966684483, 'seq_len': 144, 'lr': 0.00014830008669203116, 'weight_decay': 0.0002775392629987382, 'base_alpha_sell': 1.1712254161727131, 'base_alpha_neutral': 0.6787911519250145, 'base_alpha_buy': 1.395653835314027, 'base_loss_gamma': 1.6398009123102408, 'base_loss_smoothing': 0.21808199884555157, 'asym_gamma_sell': 3.333301755496572, 'asym_gamma_neu': 0.7430319089875235, 'asym_gamma_buy': 1.1983013577222814}. Best is trial 193 with value: 0.4857577883085556.
2026-03-25 13:40:03,271 - INFO - 🔍 RAM-Safe Streaming Scan (Treino): 878 arquivos...
2026-03-25 13:40:55,351 - INFO - ✂️ Double-Chunking (Treino): Expondo fatias de 500,000 amostras aleatórias.
2026-03-25 13:40:55,352 - INFO - 🚀 Pre-loading 500,000 samples into RAM (Lightning Mode)...
2026-03-25 13:44:09,548 - INFO - ✅ RAM-Safe Streaming Dataset: 500,000 sequences indexed and PRE-LOADED.
2026-03-25 13:44:09,549 - INFO - ✅ RAM-Safe Streaming Dataset: 500,000 sequences indexed (Mode: Lightning).
2026-03-25 13:44:09,600 - INFO - 🔍 RAM-Safe Streaming Scan (Val): 274 arquivos...
2026-03-25 13:44:22,904 - INFO - ✂️ Double-Chunking (Val): Expondo fatias de 100,000 amostras aleatórias.
2026-03-25 13:44:22,905 - INFO - 🚀 Pre-loading 100,000 samples into RAM (Lightning Mode)...
2026-03-25 13:45:21,915 - INFO - ✅ RAM-Safe Streaming Dataset: 100,000 sequences indexed and PRE-LOADED.
2026-03-25 13:45:21,916 - INFO - ✅ RAM-Safe Streaming Dataset: 100,000 sequences indexed (Mode: Lightning).
2026-03-25 13:45:22,443 - INFO - Trial 259 START | tcn=512, lstm=128, layers=3, batch=512, seq=144 | RFE=30 | loss=ASYM (g_s=1.11, g_n=1.83, g_b=1.18) | alpha=[1.43, 0.55, 1.59], smooth=0.17
2026-03-25 13:47:01,625 - INFO - T259 E1/10 | [WARN] ZERO_PENALTY | L: 0.69179544/0.58562369 | F1 M MIN: 0.00000000 D: 0.00000000 | [S/N/B]: [0.0000/0.5101/0.4808] | LR: 0.00006605
2026-03-25 13:48:42,434 - INFO - T259 E2/10 | [OK] | L: 0.64614008/0.56976686 | F1 M MIN: 0.10673830 D: 0.29585229 | [S/N/B]: [0.1067/0.5927/0.4850] | LR: 0.00006124
2026-03-25 13:50:23,203 - INFO - T259 E3/10 | [OK] | L: 0.63598845/0.56392158 | F1 M MIN: 0.35683551 D: 0.40115037 | [S/N/B]: [0.3568/0.5912/0.4455] | LR: 0.00005375
2026-03-25 13:52:04,069 - INFO - T259 E4/10 | [OK] | L: 0.62910626/0.55023067 | F1 M MIN: 0.30458708 D: 0.40266569 | [S/N/B]: [0.3046/0.6656/0.5007] | LR: 0.00004431
2026-03-25 13:53:45,031 - INFO - T259 E5/10 | [OK] | L: 0.62392194/0.54996835 | F1 M MIN: 0.38290422 D: 0.42451873 | [S/N/B]: [0.3829/0.6369/0.4661] | LR: 0.00003385
2026-03-25 13:55:26,101 - INFO - T259 E6/10 | [OK] | L: 0.61969458/0.54651220 | F1 M MIN: 0.36415084 D: 0.42520820 | [S/N/B]: [0.3642/0.6610/0.4863] | LR: 0.00002339
2026-03-25 13:55:26,257 - INFO - Trial 259 pruned by Optuna at epoch 6
2026-03-25 13:55:26,367 - INFO - Trial 259 pruned.
2026-03-25 13:55:27,045 - INFO - 🔍 RAM-Safe Streaming Scan (Treino): 878 arquivos...
2026-03-25 13:56:18,609 - INFO - ✂️ Double-Chunking (Treino): Expondo fatias de 500,000 amostras aleatórias.
2026-03-25 13:56:18,610 - INFO - 🚀 Pre-loading 500,000 samples into RAM (Lightning Mode)...
2026-03-25 13:59:34,191 - INFO - ✅ RAM-Safe Streaming Dataset: 500,000 sequences indexed and PRE-LOADED.
2026-03-25 13:59:34,193 - INFO - ✅ RAM-Safe Streaming Dataset: 500,000 sequences indexed (Mode: Lightning).
2026-03-25 13:59:34,240 - INFO - 🔍 RAM-Safe Streaming Scan (Val): 274 arquivos...
2026-03-25 13:59:47,886 - INFO - ✂️ Double-Chunking (Val): Expondo fatias de 100,000 amostras aleatórias.
2026-03-25 13:59:47,886 - INFO - 🚀 Pre-loading 100,000 samples into RAM (Lightning Mode)...
2026-03-25 14:00:46,569 - INFO - ✅ RAM-Safe Streaming Dataset: 100,000 sequences indexed and PRE-LOADED.
2026-03-25 14:00:46,570 - INFO - ✅ RAM-Safe Streaming Dataset: 100,000 sequences indexed (Mode: Lightning).
2026-03-25 14:00:46,981 - INFO - Trial 260 START | tcn=256, lstm=256, layers=2, batch=2048, seq=96 | RFE=30 | loss=ASYM (g_s=1.39, g_n=0.62, g_b=1.17) | alpha=[1.01, 0.69, 1.21], smooth=0.14
2026-03-25 14:01:24,646 - INFO - T260 E1/10 | [WARN] ZERO_PENALTY | L: 0.53506429/0.48957191 | F1 M MIN: 0.00000000 D: 0.00000000 | [S/N/B]: [0.0000/0.7920/0.5500] | LR: 0.00034351
2026-03-25 14:02:02,621 - INFO - T260 E2/10 | [OK] | L: 0.48866484/0.47643120 | F1 M MIN: 0.00007251 D: 0.27881560 | [S/N/B]: [0.0001/0.8072/0.5576] | LR: 0.00031850
2026-03-25 14:02:40,910 - INFO - T260 E3/10 | [OK] | L: 0.47568761/0.46461282 | F1 M MIN: 0.00014515 D: 0.28267880 | [S/N/B]: [0.0001/0.8247/0.5652] | LR: 0.00027955
2026-03-25 14:03:19,128 - INFO - T260 E4/10 | [OK] | L: 0.46811475/0.45311742 | F1 M MIN: 0.00503000 D: 0.29135847 | [S/N/B]: [0.0050/0.8499/0.5777] | LR: 0.00023047
2026-03-25 14:03:57,672 - INFO - T260 E5/10 | [OK] | L: 0.46426627/0.44943059 | F1 M MIN: 0.05465144 D: 0.31681951 | [S/N/B]: [0.0547/0.8552/0.5790] | LR: 0.00017606
2026-03-25 14:03:57,843 - INFO - Trial 260 pruned by Optuna at epoch 5
2026-03-25 14:03:57,951 - INFO - Trial 260 pruned.
2026-03-25 14:03:58,604 - INFO - 🔍 RAM-Safe Streaming Scan (Treino): 878 arquivos...
2026-03-25 14:04:50,155 - INFO - ✂️ Double-Chunking (Treino): Expondo fatias de 500,000 amostras aleatórias.
2026-03-25 14:04:50,156 - INFO - 🚀 Pre-loading 500,000 samples into RAM (Lightning Mode)...
2026-03-25 14:08:06,258 - INFO - ✅ RAM-Safe Streaming Dataset: 500,000 sequences indexed and PRE-LOADED.
2026-03-25 14:08:06,259 - INFO - ✅ RAM-Safe Streaming Dataset: 500,000 sequences indexed (Mode: Lightning).
2026-03-25 14:08:06,305 - INFO - 🔍 RAM-Safe Streaming Scan (Val): 274 arquivos...
2026-03-25 14:08:19,924 - INFO - ✂️ Double-Chunking (Val): Expondo fatias de 100,000 amostras aleatórias.
2026-03-25 14:08:19,924 - INFO - 🚀 Pre-loading 100,000 samples into RAM (Lightning Mode)...
2026-03-25 14:09:20,926 - INFO - ✅ RAM-Safe Streaming Dataset: 100,000 sequences indexed and PRE-LOADED.
2026-03-25 14:09:20,927 - INFO - ✅ RAM-Safe Streaming Dataset: 100,000 sequences indexed (Mode: Lightning).
2026-03-25 14:09:21,581 - INFO - Trial 261 START | tcn=512, lstm=32, layers=2, batch=1024, seq=192 | RFE=30 | loss=ASYM (g_s=4.15, g_n=0.48, g_b=1.70) | alpha=[1.58, 0.98, 1.22], smooth=0.21
2026-03-25 14:11:30,324 - INFO - T261 E1/10 | [WARN] ZERO_PENALTY | L: 0.64706632/0.64771433 | F1 M MIN: 0.00000000 D: 0.00000000 | [S/N/B]: [0.5592/0.7863/0.0000] | LR: 0.00034803
2026-03-25 14:13:39,634 - INFO - T261 E2/10 | [WARN] ZERO_PENALTY | L: 0.58685134/0.60703226 | F1 M MIN: 0.00000000 D: 0.00000000 | [S/N/B]: [0.5843/0.8397/0.0000] | LR: 0.00032269
2026-03-25 14:15:49,585 - INFO - T261 E3/10 | [WARN] ZERO_PENALTY | L: 0.57261710/0.59807704 | F1 M MIN: 0.00000000 D: 0.00000000 | [S/N/B]: [0.5902/0.8522/0.0000] | LR: 0.00028323
2026-03-25 14:17:58,888 - INFO - T261 E4/10 | [WARN] ZERO_PENALTY | L: 0.56454065/0.59294094 | F1 M MIN: 0.00000000 D: 0.00000000 | [S/N/B]: [0.5922/0.8552/0.0000] | LR: 0.00023350
2026-03-25 14:17:58,990 - INFO - Trial 261 stopped early due to patience limit (4 epochs without improvement)
2026-03-25 14:17:59,221 - INFO - Trial 261 finished with value: 0.0 and parameters: {'tcn_channels': 512, 'lstm_hidden': 32, 'num_lstm_layers': 2, 'batch_size': 1024, 'dropout': 0.21813253113034362, 'seq_len': 192, 'lr': 0.0003567573031527117, 'weight_decay': 0.001099816474714274, 'base_alpha_sell': 1.5767174567743845, 'base_alpha_neutral': 0.9822733631896712, 'base_alpha_buy': 1.219842036842687, 'base_loss_gamma': 4.7518908638816715, 'base_loss_smoothing': 0.21253691437158, 'asym_gamma_sell': 4.146514974467202, 'asym_gamma_neu': 0.48116960068313624, 'asym_gamma_buy': 1.6965551183682461}. Best is trial 193 with value: 0.4857577883085556.
2026-03-25 14:17:59,749 - INFO - 🔍 RAM-Safe Streaming Scan (Treino): 878 arquivos...
2026-03-25 14:18:48,475 - INFO - ✂️ Double-Chunking (Treino): Expondo fatias de 500,000 amostras aleatórias.
2026-03-25 14:18:48,480 - INFO - 🚀 Pre-loading 500,000 samples into RAM (Lightning Mode)...
2026-03-25 14:22:00,251 - INFO - ✅ RAM-Safe Streaming Dataset: 500,000 sequences indexed and PRE-LOADED.
2026-03-25 14:22:00,253 - INFO - ✅ RAM-Safe Streaming Dataset: 500,000 sequences indexed (Mode: Lightning).
2026-03-25 14:22:00,297 - INFO - 🔍 RAM-Safe Streaming Scan (Val): 274 arquivos...
2026-03-25 14:22:13,115 - INFO - ✂️ Double-Chunking (Val): Expondo fatias de 100,000 amostras aleatórias.
2026-03-25 14:22:13,116 - INFO - 🚀 Pre-loading 100,000 samples into RAM (Lightning Mode)...
2026-03-25 14:23:12,055 - INFO - ✅ RAM-Safe Streaming Dataset: 100,000 sequences indexed and PRE-LOADED.
2026-03-25 14:23:12,057 - INFO - ✅ RAM-Safe Streaming Dataset: 100,000 sequences indexed (Mode: Lightning).
2026-03-25 14:23:12,415 - INFO - Trial 262 START | tcn=256, lstm=256, layers=2, batch=512, seq=144 | RFE=30 | loss=ASYM (g_s=1.84, g_n=0.60, g_b=1.53) | alpha=[1.43, 0.57, 1.41], smooth=0.25
2026-03-25 14:24:12,828 - INFO - T262 E1/10 | [OK] | L: 0.63349024/0.60190252 | F1 M MIN: 0.27232367 D: 0.39661662 | [S/N/B]: [0.5209/0.7307/0.2723] | LR: 0.00020953
2026-03-25 14:25:13,808 - INFO - T262 E2/10 | [OK] | L: 0.60434970/0.59241791 | F1 M MIN: 0.39451511 D: 0.43690526 | [S/N/B]: [0.4793/0.7443/0.3945] | LR: 0.00019428
2026-03-25 14:26:15,048 - INFO - T262 E3/10 | [OK] | L: 0.59546195/0.59243355 | F1 M MIN: 0.41682501 D: 0.44361853 | [S/N/B]: [0.4168/0.7104/0.4704] | LR: 0.00017052
2026-03-25 14:27:16,543 - INFO - T262 E4/10 | [OK] | L: 0.58897088/0.58027089 | F1 M MIN: 0.41075867 D: 0.45798288 | [S/N/B]: [0.5052/0.7754/0.4108] | LR: 0.00014058
2026-03-25 14:28:17,846 - INFO - T262 E5/10 | [OK] | L: 0.58477523/0.58081083 | F1 M MIN: 0.43538156 D: 0.46174235 | [S/N/B]: [0.4881/0.7594/0.4354] | LR: 0.00010739
2026-03-25 14:29:19,425 - INFO - T262 E6/10 | [OK] | L: 0.58197520/0.58176006 | F1 M MIN: 0.37911592 D: 0.45126896 | [S/N/B]: [0.5234/0.7532/0.3791] | LR: 0.00007421
2026-03-25 14:30:20,805 - INFO - T262 E7/10 | [OK] | L: 0.57931253/0.57874589 | F1 M MIN: 0.41294009 D: 0.45962734 | [S/N/B]: [0.5063/0.7704/0.4129] | LR: 0.00004427
2026-03-25 14:31:22,323 - INFO - T262 E8/10 | [OK] | L: 0.57715269/0.57816897 | F1 M MIN: 0.41452412 D: 0.46023747 | [S/N/B]: [0.5060/0.7705/0.4145] | LR: 0.00002051
2026-03-25 14:32:23,640 - INFO - T262 E9/10 | [OK] | L: 0.57528755/0.57863839 | F1 M MIN: 0.39727944 D: 0.45785271 | [S/N/B]: [0.5184/0.7754/0.3973] | LR: 0.00000526
2026-03-25 14:32:23,678 - INFO - Trial 262 stopped early due to patience limit (4 epochs without improvement)
2026-03-25 14:32:23,851 - INFO - Trial 262 finished with value: 0.43538156068246914 and parameters: {'tcn_channels': 256, 'lstm_hidden': 256, 'num_lstm_layers': 2, 'batch_size': 512, 'dropout': 0.2957505415620309, 'seq_len': 144, 'lr': 0.0002147858705684931, 'weight_decay': 0.004841530602674081, 'base_alpha_sell': 1.4348883247254502, 'base_alpha_neutral': 0.5744363042702625, 'base_alpha_buy': 1.4148450785649382, 'base_loss_gamma': 0.7106494108573449, 'base_loss_smoothing': 0.2541042022944721, 'asym_gamma_sell': 1.8402998480908268, 'asym_gamma_neu': 0.6014446997996081, 'asym_gamma_buy': 1.531817978964688}. Best is trial 193 with value: 0.4857577883085556.
2026-03-25 14:32:24,396 - INFO - 🔍 RAM-Safe Streaming Scan (Treino): 878 arquivos...
2026-03-25 14:33:14,745 - INFO - ✂️ Double-Chunking (Treino): Expondo fatias de 500,000 amostras aleatórias.
2026-03-25 14:33:14,756 - INFO - 🚀 Pre-loading 500,000 samples into RAM (Lightning Mode)...
2026-03-25 14:36:35,410 - INFO - ✅ RAM-Safe Streaming Dataset: 500,000 sequences indexed and PRE-LOADED.
2026-03-25 14:36:35,412 - INFO - ✅ RAM-Safe Streaming Dataset: 500,000 sequences indexed (Mode: Lightning).
2026-03-25 14:36:35,464 - INFO - 🔍 RAM-Safe Streaming Scan (Val): 274 arquivos...
2026-03-25 14:36:48,104 - INFO - ✂️ Double-Chunking (Val): Expondo fatias de 100,000 amostras aleatórias.
2026-03-25 14:36:48,104 - INFO - 🚀 Pre-loading 100,000 samples into RAM (Lightning Mode)...
2026-03-25 14:37:46,525 - INFO - ✅ RAM-Safe Streaming Dataset: 100,000 sequences indexed and PRE-LOADED.
2026-03-25 14:37:46,526 - INFO - ✅ RAM-Safe Streaming Dataset: 100,000 sequences indexed (Mode: Lightning).
2026-03-25 14:37:46,927 - INFO - Trial 263 START | tcn=512, lstm=256, layers=3, batch=2048, seq=192 | RFE=30 | loss=ASYM (g_s=0.98, g_n=0.70, g_b=2.98) | alpha=[1.19, 0.51, 1.36], smooth=0.21
2026-03-25 14:40:25,873 - INFO - T263 E1/10 | [OK] | L: 0.48727110/0.45362022 | F1 M MIN: 0.12475571 D: 0.35784829 | [S/N/B]: [0.5909/0.7384/0.1248] | LR: 0.00105457
2026-03-25 14:43:06,303 - INFO - T263 E2/10 | [OK] | L: 0.45756723/0.44919484 | F1 M MIN: 0.09613365 D: 0.34458968 | [S/N/B]: [0.5930/0.7304/0.0961] | LR: 0.00097779
2026-03-25 14:45:46,862 - INFO - T263 E3/10 | [OK] | L: 0.45047577/0.43610506 | F1 M MIN: 0.25248932 D: 0.41402960 | [S/N/B]: [0.5756/0.8017/0.2525] | LR: 0.00085821
2026-03-25 14:48:27,693 - INFO - T263 E4/10 | [OK] | L: 0.44654611/0.43349225 | F1 M MIN: 0.27330628 D: 0.41709696 | [S/N/B]: [0.5609/0.8027/0.2733] | LR: 0.00070754
2026-03-25 14:51:09,026 - INFO - T263 E5/10 | [OK] | L: 0.44198257/0.43194105 | F1 M MIN: 0.34569661 D: 0.45767228 | [S/N/B]: [0.5696/0.7787/0.3457] | LR: 0.00054051
2026-03-25 14:53:50,284 - INFO - T263 E6/10 | [OK] | L: 0.43735042/0.43474991 | F1 M MIN: 0.31380342 D: 0.44009307 | [S/N/B]: [0.5664/0.7481/0.3138] | LR: 0.00037348
2026-03-25 14:53:50,382 - INFO - Trial 263 pruned by Optuna at epoch 6
2026-03-25 14:53:50,524 - INFO - Trial 263 pruned.
2026-03-25 14:53:51,536 - INFO - 🔍 RAM-Safe Streaming Scan (Treino): 878 arquivos...
2026-03-25 14:54:42,013 - INFO - ✂️ Double-Chunking (Treino): Expondo fatias de 500,000 amostras aleatórias.
2026-03-25 14:54:42,014 - INFO - 🚀 Pre-loading 500,000 samples into RAM (Lightning Mode)...
2026-03-25 14:57:57,412 - INFO - ✅ RAM-Safe Streaming Dataset: 500,000 sequences indexed and PRE-LOADED.
2026-03-25 14:57:57,414 - INFO - ✅ RAM-Safe Streaming Dataset: 500,000 sequences indexed (Mode: Lightning).
2026-03-25 14:57:57,466 - INFO - 🔍 RAM-Safe Streaming Scan (Val): 274 arquivos...
2026-03-25 14:58:10,264 - INFO - ✂️ Double-Chunking (Val): Expondo fatias de 100,000 amostras aleatórias.
2026-03-25 14:58:10,265 - INFO - 🚀 Pre-loading 100,000 samples into RAM (Lightning Mode)...
2026-03-25 14:59:09,693 - INFO - ✅ RAM-Safe Streaming Dataset: 100,000 sequences indexed and PRE-LOADED.
2026-03-25 14:59:09,695 - INFO - ✅ RAM-Safe Streaming Dataset: 100,000 sequences indexed (Mode: Lightning).
2026-03-25 14:59:10,081 - INFO - Trial 264 START | tcn=512, lstm=32, layers=2, batch=512, seq=144 | RFE=30 | loss=ASYM (g_s=0.64, g_n=1.16, g_b=1.07) | alpha=[1.76, 0.89, 1.69], smooth=0.04
2026-03-25 15:00:40,624 - INFO - T264 E1/10 | [OK] | L: 1.04011037/0.86567878 | F1 M MIN: 0.00832694 D: 0.27697229 | [S/N/B]: [0.5456/0.7529/0.0083] | LR: 0.00011717
2026-03-25 15:02:12,194 - INFO - T264 E2/10 | [OK] | L: 0.92572598/0.81257656 | F1 M MIN: 0.02187668 D: 0.29146639 | [S/N/B]: [0.5611/0.7895/0.0219] | LR: 0.00010864
2026-03-25 15:03:43,692 - INFO - T264 E3/10 | [OK] | L: 0.89872574/0.78824513 | F1 M MIN: 0.01282702 D: 0.29289428 | [S/N/B]: [0.5730/0.8158/0.0128] | LR: 0.00009536
2026-03-25 15:05:15,204 - INFO - T264 E4/10 | [OK] | L: 0.88421123/0.77912783 | F1 M MIN: 0.05307176 D: 0.31236950 | [S/N/B]: [0.5717/0.8209/0.0531] | LR: 0.00007861
2026-03-25 15:06:46,805 - INFO - T264 E5/10 | [OK] | L: 0.87566716/0.77557711 | F1 M MIN: 0.01887669 D: 0.29776080 | [S/N/B]: [0.5766/0.8220/0.0189] | LR: 0.00006006
2026-03-25 15:06:46,891 - INFO - Trial 264 pruned by Optuna at epoch 5
2026-03-25 15:06:46,981 - INFO - Trial 264 pruned.
2026-03-25 15:06:47,581 - INFO - 🔍 RAM-Safe Streaming Scan (Treino): 878 arquivos...
2026-03-25 15:07:38,468 - INFO - ✂️ Double-Chunking (Treino): Expondo fatias de 500,000 amostras aleatórias.
2026-03-25 15:07:38,469 - INFO - 🚀 Pre-loading 500,000 samples into RAM (Lightning Mode)...
2026-03-25 15:11:05,543 - INFO - ✅ RAM-Safe Streaming Dataset: 500,000 sequences indexed and PRE-LOADED.
2026-03-25 15:11:05,544 - INFO - ✅ RAM-Safe Streaming Dataset: 500,000 sequences indexed (Mode: Lightning).
2026-03-25 15:11:05,596 - INFO - 🔍 RAM-Safe Streaming Scan (Val): 274 arquivos...
2026-03-25 15:11:18,633 - INFO - ✂️ Double-Chunking (Val): Expondo fatias de 100,000 amostras aleatórias.
2026-03-25 15:11:18,634 - INFO - 🚀 Pre-loading 100,000 samples into RAM (Lightning Mode)...
2026-03-25 15:12:19,729 - INFO - ✅ RAM-Safe Streaming Dataset: 100,000 sequences indexed and PRE-LOADED.
2026-03-25 15:12:19,731 - INFO - ✅ RAM-Safe Streaming Dataset: 100,000 sequences indexed (Mode: Lightning).
2026-03-25 15:12:20,151 - INFO - Trial 265 START | tcn=512, lstm=128, layers=2, batch=512, seq=192 | RFE=30 | loss=ASYM (g_s=1.79, g_n=1.69, g_b=1.27) | alpha=[1.58, 0.96, 1.47], smooth=0.26
2026-03-25 15:14:35,898 - INFO - T265 E1/10 | [OK] | L: 0.81280772/0.72480877 | F1 M MIN: 0.03919633 D: 0.29785588 | [S/N/B]: [0.5565/0.7823/0.0392] | LR: 0.00008102
2026-03-25 15:16:53,021 - INFO - T265 E2/10 | [OK] | L: 0.76553722/0.71031725 | F1 M MIN: 0.11910385 D: 0.33821867 | [S/N/B]: [0.5573/0.7964/0.1191] | LR: 0.00007512
2026-03-25 15:19:10,269 - INFO - T265 E3/10 | [OK] | L: 0.75178728/0.69730335 | F1 M MIN: 0.14049482 D: 0.35222526 | [S/N/B]: [0.5640/0.8163/0.1405] | LR: 0.00006593
2026-03-25 15:21:27,562 - INFO - T265 E4/10 | [OK] | L: 0.74426546/0.69218266 | F1 M MIN: 0.34577621 D: 0.44064707 | [S/N/B]: [0.5355/0.8199/0.3458] | LR: 0.00005436
2026-03-25 15:23:44,753 - INFO - T265 E5/10 | [OK] | L: 0.73864322/0.68716787 | F1 M MIN: 0.39864147 D: 0.46535310 | [S/N/B]: [0.5321/0.8262/0.3986] | LR: 0.00004153
2026-03-25 15:26:02,049 - INFO - T265 E6/10 | [OK] | L: 0.73353718/0.68315130 | F1 M MIN: 0.43564052 D: 0.47448535 | [S/N/B]: [0.5133/0.8263/0.4356] | LR: 0.00002869
2026-03-25 15:28:19,311 - INFO - T265 E7/10 | [OK] | L: 0.72921093/0.68233149 | F1 M MIN: 0.35212845 D: 0.45178236 | [S/N/B]: [0.5514/0.8255/0.3521] | LR: 0.00001712
2026-03-25 15:30:36,595 - INFO - T265 E8/10 | [OK] | L: 0.72585559/0.67895704 | F1 M MIN: 0.38063359 D: 0.46357731 | [S/N/B]: [0.5465/0.8312/0.3806] | LR: 0.00000793
2026-03-25 15:32:53,882 - INFO - T265 E9/10 | [OK] | L: 0.72331068/0.67791731 | F1 M MIN: 0.42251141 D: 0.47636118 | [S/N/B]: [0.5302/0.8339/0.4225] | LR: 0.00000203
2026-03-25 15:35:11,165 - INFO - T265 E10/10 | [OK] | L: 0.72203700/0.67968822 | F1 M MIN: 0.41459046 D: 0.47403329 | [S/N/B]: [0.5335/0.8284/0.4146] | LR: 0.00000000
2026-03-25 15:35:11,224 - INFO - Trial 265 stopped early due to patience limit (4 epochs without improvement)
