2026-03-26 13:18:08,525 - INFO - Trial 347 finished with value: 0.0 and parameters: {'tcn_channels': 512, 'lstm_hidden': 256, 'num_lstm_layers': 2, 'batch_size': 512, 'dropout': 0.30613468595427124, 'seq_len': 96, 'lr': 0.001102773673283595, 'weight_decay': 0.00047640464377715305, 'base_alpha_sell': 1.1760150179678732, 'base_alpha_neutral': 0.8217705949392768, 'base_alpha_buy': 0.9076107799856181, 'base_loss_gamma': 2.7105322892411476, 'base_loss_smoothing': 0.23006198845268622, 'asym_gamma_sell': 1.0869916780924185, 'asym_gamma_neu': 0.1473795851291137, 'asym_gamma_buy': 3.260681679920143}. Best is trial 299 with value: 0.5035109606130814.
2026-03-26 13:18:09,151 - INFO - 🔍 RAM-Safe Streaming Scan (Treino): 878 arquivos...
2026-03-26 13:18:59,091 - INFO - ✂️ Double-Chunking (Treino): Expondo fatias de 500,000 amostras aleatórias.
2026-03-26 13:18:59,092 - INFO - 🚀 Pre-loading 500,000 samples into RAM (Lightning Mode)...
2026-03-26 13:22:12,816 - INFO - ✅ RAM-Safe Streaming Dataset: 500,000 sequences indexed and PRE-LOADED.
2026-03-26 13:22:12,817 - INFO - ✅ RAM-Safe Streaming Dataset: 500,000 sequences indexed (Mode: Lightning).
2026-03-26 13:22:12,862 - INFO - 🔍 RAM-Safe Streaming Scan (Val): 274 arquivos...
2026-03-26 13:22:25,542 - INFO - ✂️ Double-Chunking (Val): Expondo fatias de 100,000 amostras aleatórias.
2026-03-26 13:22:25,543 - INFO - 🚀 Pre-loading 100,000 samples into RAM (Lightning Mode)...
2026-03-26 13:23:52,960 - INFO - ✅ RAM-Safe Streaming Dataset: 100,000 sequences indexed and PRE-LOADED.
2026-03-26 13:23:52,961 - INFO - ✅ RAM-Safe Streaming Dataset: 100,000 sequences indexed (Mode: Lightning).
2026-03-26 13:23:53,344 - INFO - Trial 348 START | tcn=512, lstm=128, layers=2, batch=2048, seq=192 | RFE=30 | loss=ASYM (g_s=0.65, g_n=1.09, g_b=2.78) | alpha=[0.80, 0.83, 1.24], smooth=0.34
2026-03-26 13:26:07,855 - INFO - T348 E1/10 | [WARN] ZERO_PENALTY | L: 0.48201254/0.45131720 | F1 M MIN: 0.00000000 D: 0.00000000 | [S/N/B]: [0.0000/0.8509/0.5816] | LR: 0.00129591
2026-03-26 13:28:23,680 - INFO - T348 E2/10 | [WARN] ZERO_PENALTY | L: 0.46022531/0.44755288 | F1 M MIN: 0.00000000 D: 0.00000000 | [S/N/B]: [0.0000/0.8540/0.5829] | LR: 0.00120156
2026-03-26 13:30:39,515 - INFO - T348 E3/10 | [WARN] ZERO_PENALTY | L: 0.45434070/0.44275709 | F1 M MIN: 0.00000000 D: 0.00000000 | [S/N/B]: [0.0000/0.8616/0.5872] | LR: 0.00105462
2026-03-26 13:32:55,254 - INFO - T348 E4/10 | [WARN] ZERO_PENALTY | L: 0.45195574/0.44043535 | F1 M MIN: 0.00000000 D: 0.00000000 | [S/N/B]: [0.0000/0.8663/0.5895] | LR: 0.00086946
2026-03-26 13:32:55,332 - INFO - Trial 348 stopped early due to patience limit (4 epochs without improvement)
2026-03-26 13:32:55,571 - INFO - Trial 348 finished with value: 0.0 and parameters: {'tcn_channels': 512, 'lstm_hidden': 128, 'num_lstm_layers': 2, 'batch_size': 2048, 'dropout': 0.35122948475621285, 'seq_len': 192, 'lr': 0.001328414072660097, 'weight_decay': 0.003923998781460172, 'base_alpha_sell': 0.7953606954040239, 'base_alpha_neutral': 0.8273194219976795, 'base_alpha_buy': 1.2404678658252728, 'base_loss_gamma': 3.538642108132523, 'base_loss_smoothing': 0.3421140743194901, 'asym_gamma_sell': 0.6514873023334303, 'asym_gamma_neu': 1.0944674089015574, 'asym_gamma_buy': 2.7820488226833415}. Best is trial 299 with value: 0.5035109606130814.
2026-03-26 13:32:56,134 - INFO - 🔍 RAM-Safe Streaming Scan (Treino): 878 arquivos...
2026-03-26 13:33:45,660 - INFO - ✂️ Double-Chunking (Treino): Expondo fatias de 500,000 amostras aleatórias.
2026-03-26 13:33:45,661 - INFO - 🚀 Pre-loading 500,000 samples into RAM (Lightning Mode)...
2026-03-26 13:37:05,045 - INFO - ✅ RAM-Safe Streaming Dataset: 500,000 sequences indexed and PRE-LOADED.
2026-03-26 13:37:05,047 - INFO - ✅ RAM-Safe Streaming Dataset: 500,000 sequences indexed (Mode: Lightning).
2026-03-26 13:37:05,091 - INFO - 🔍 RAM-Safe Streaming Scan (Val): 274 arquivos...
2026-03-26 13:37:18,367 - INFO - ✂️ Double-Chunking (Val): Expondo fatias de 100,000 amostras aleatórias.
2026-03-26 13:37:18,367 - INFO - 🚀 Pre-loading 100,000 samples into RAM (Lightning Mode)...
2026-03-26 13:38:20,103 - INFO - ✅ RAM-Safe Streaming Dataset: 100,000 sequences indexed and PRE-LOADED.
2026-03-26 13:38:20,109 - INFO - ✅ RAM-Safe Streaming Dataset: 100,000 sequences indexed (Mode: Lightning).
2026-03-26 13:38:20,513 - INFO - Trial 349 START | tcn=512, lstm=256, layers=3, batch=512, seq=256 | RFE=30 | loss=ASYM (g_s=2.17, g_n=0.30, g_b=4.28) | alpha=[1.49, 0.87, 1.28], smooth=0.30
2026-03-26 13:41:41,656 - INFO - T349 E1/10 | [WARN] ZERO_PENALTY | L: 0.57282209/0.61031192 | F1 M MIN: 0.00000000 D: 0.00000000 | [S/N/B]: [0.5763/0.8317/0.0000] | LR: 0.00071418
2026-03-26 13:45:04,415 - INFO - T349 E2/10 | [WARN] ZERO_PENALTY | L: 0.54792120/0.60118273 | F1 M MIN: 0.00000000 D: 0.00000000 | [S/N/B]: [0.5842/0.8483/0.0000] | LR: 0.00066219
2026-03-26 13:48:27,055 - INFO - T349 E3/10 | [WARN] ZERO_PENALTY | L: 0.54321291/0.60071191 | F1 M MIN: 0.00000000 D: 0.00000000 | [S/N/B]: [0.5830/0.8455/0.0000] | LR: 0.00058121
2026-03-26 13:51:50,077 - INFO - T349 E4/10 | [OK] | L: 0.54036093/0.59786692 | F1 M MIN: 0.00094490 D: 0.29396441 | [S/N/B]: [0.5870/0.8507/0.0009] | LR: 0.00047916
2026-03-26 13:55:13,132 - INFO - T349 E5/10 | [OK] | L: 0.53795147/0.59681996 | F1 M MIN: 0.00050881 D: 0.29188623 | [S/N/B]: [0.5833/0.8445/0.0005] | LR: 0.00036605
2026-03-26 13:55:13,225 - INFO - Trial 349 pruned by Optuna at epoch 5
2026-03-26 13:55:13,328 - INFO - Trial 349 pruned.
2026-03-26 13:55:13,979 - INFO - 🔍 RAM-Safe Streaming Scan (Treino): 878 arquivos...
2026-03-26 13:56:03,102 - INFO - ✂️ Double-Chunking (Treino): Expondo fatias de 500,000 amostras aleatórias.
2026-03-26 13:56:03,109 - INFO - 🚀 Pre-loading 500,000 samples into RAM (Lightning Mode)...
2026-03-26 13:59:19,588 - INFO - ✅ RAM-Safe Streaming Dataset: 500,000 sequences indexed and PRE-LOADED.
2026-03-26 13:59:19,590 - INFO - ✅ RAM-Safe Streaming Dataset: 500,000 sequences indexed (Mode: Lightning).
2026-03-26 13:59:19,637 - INFO - 🔍 RAM-Safe Streaming Scan (Val): 274 arquivos...
2026-03-26 13:59:32,329 - INFO - ✂️ Double-Chunking (Val): Expondo fatias de 100,000 amostras aleatórias.
2026-03-26 13:59:32,330 - INFO - 🚀 Pre-loading 100,000 samples into RAM (Lightning Mode)...
2026-03-26 14:00:33,434 - INFO - ✅ RAM-Safe Streaming Dataset: 100,000 sequences indexed and PRE-LOADED.
2026-03-26 14:00:33,436 - INFO - ✅ RAM-Safe Streaming Dataset: 100,000 sequences indexed (Mode: Lightning).
2026-03-26 14:00:33,832 - INFO - Trial 350 START | tcn=512, lstm=256, layers=2, batch=2048, seq=256 | RFE=30 | loss=ASYM (g_s=1.90, g_n=0.40, g_b=3.33) | alpha=[1.18, 0.73, 1.48], smooth=0.32
2026-03-26 14:03:41,283 - INFO - T350 E1/10 | [OK] | L: 0.55793063/0.58156547 | F1 M MIN: 0.03372940 D: 0.28537991 | [S/N/B]: [0.0337/0.7702/0.5370] | LR: 0.00100697
2026-03-26 14:06:50,548 - INFO - T350 E2/10 | [OK] | L: 0.53055136/0.57407656 | F1 M MIN: 0.02765980 D: 0.28569111 | [S/N/B]: [0.0277/0.7815/0.5437] | LR: 0.00093366
2026-03-26 14:10:00,272 - INFO - T350 E3/10 | [OK] | L: 0.52427806/0.56278195 | F1 M MIN: 0.36476541 D: 0.43037563 | [S/N/B]: [0.3648/0.8355/0.4960] | LR: 0.00081948
2026-03-26 14:13:10,213 - INFO - T350 E4/10 | [OK] | L: 0.51913637/0.55764993 | F1 M MIN: 0.41003808 D: 0.46928882 | [S/N/B]: [0.4100/0.8381/0.5285] | LR: 0.00067560
2026-03-26 14:16:20,812 - INFO - T350 E5/10 | [OK] | L: 0.51443027/0.55548761 | F1 M MIN: 0.44478347 D: 0.48506073 | [S/N/B]: [0.4448/0.8390/0.5253] | LR: 0.00051611
2026-03-26 14:19:31,148 - INFO - T350 E6/10 | [OK] | L: 0.51130447/0.55395299 | F1 M MIN: 0.47010037 D: 0.49363042 | [S/N/B]: [0.4701/0.8352/0.5172] | LR: 0.00035663
2026-03-26 14:22:41,394 - INFO - T350 E7/10 | [OK] | L: 0.50876054/0.55589801 | F1 M MIN: 0.39342856 D: 0.46766068 | [S/N/B]: [0.3934/0.8188/0.5419] | LR: 0.00021275
2026-03-26 14:25:51,935 - INFO - T350 E8/10 | [OK] | L: 0.50659703/0.55360145 | F1 M MIN: 0.46424520 D: 0.49512689 | [S/N/B]: [0.4642/0.8368/0.5260] | LR: 0.00009857
2026-03-26 14:29:02,647 - INFO - T350 E9/10 | [OK] | L: 0.50477943/0.55268851 | F1 M MIN: 0.47860582 D: 0.50135034 | [S/N/B]: [0.4786/0.8432/0.5241] | LR: 0.00002526
2026-03-26 14:32:13,566 - INFO - T350 E10/10 | [OK] | L: 0.50349236/0.55265288 | F1 M MIN: 0.45419223 D: 0.49379832 | [S/N/B]: [0.4542/0.8374/0.5334] | LR: 0.00000000
2026-03-26 14:32:13,926 - INFO - Trial 350 finished with value: 0.4786058155208935 and parameters: {'tcn_channels': 512, 'lstm_hidden': 256, 'num_lstm_layers': 2, 'batch_size': 2048, 'dropout': 0.38416809509093064, 'seq_len': 256, 'lr': 0.001032226651617835, 'weight_decay': 0.0012491008777649347, 'base_alpha_sell': 1.1792535676948661, 'base_alpha_neutral': 0.7320912593691351, 'base_alpha_buy': 1.4796324303054464, 'base_loss_gamma': 0.8589629418686292, 'base_loss_smoothing': 0.32325138245052265, 'asym_gamma_sell': 1.8972445774083067, 'asym_gamma_neu': 0.3972946105788835, 'asym_gamma_buy': 3.3344169038440494}. Best is trial 299 with value: 0.5035109606130814.
2026-03-26 14:32:14,447 - INFO - 🔍 RAM-Safe Streaming Scan (Treino): 878 arquivos...
2026-03-26 14:33:05,364 - INFO - ✂️ Double-Chunking (Treino): Expondo fatias de 500,000 amostras aleatórias.
2026-03-26 14:33:05,365 - INFO - 🚀 Pre-loading 500,000 samples into RAM (Lightning Mode)...
2026-03-26 14:36:18,652 - INFO - ✅ RAM-Safe Streaming Dataset: 500,000 sequences indexed and PRE-LOADED.
2026-03-26 14:36:18,653 - INFO - ✅ RAM-Safe Streaming Dataset: 500,000 sequences indexed (Mode: Lightning).
2026-03-26 14:36:18,699 - INFO - 🔍 RAM-Safe Streaming Scan (Val): 274 arquivos...
2026-03-26 14:36:32,658 - INFO - ✂️ Double-Chunking (Val): Expondo fatias de 100,000 amostras aleatórias.
2026-03-26 14:36:32,659 - INFO - 🚀 Pre-loading 100,000 samples into RAM (Lightning Mode)...
2026-03-26 14:37:33,680 - INFO - ✅ RAM-Safe Streaming Dataset: 100,000 sequences indexed and PRE-LOADED.
2026-03-26 14:37:33,681 - INFO - ✅ RAM-Safe Streaming Dataset: 100,000 sequences indexed (Mode: Lightning).
2026-03-26 14:37:34,098 - INFO - Trial 351 START | tcn=512, lstm=256, layers=2, batch=512, seq=96 | RFE=30 | loss=ASYM (g_s=1.57, g_n=0.61, g_b=3.20) | alpha=[0.86, 0.76, 1.43], smooth=0.29
2026-03-26 14:38:40,204 - INFO - T351 E1/10 | [WARN] ZERO_PENALTY | L: 0.43689602/0.44121103 | F1 M MIN: 0.00000000 D: 0.00000000 | [S/N/B]: [0.0000/0.8555/0.5815] | LR: 0.00166903
2026-03-26 14:39:47,199 - INFO - T351 E2/10 | [WARN] ZERO_PENALTY | L: 0.41823434/0.44641897 | F1 M MIN: 0.00000000 D: 0.00000000 | [S/N/B]: [0.0000/0.8164/0.5627] | LR: 0.00154752
2026-03-26 14:40:54,319 - INFO - T351 E3/10 | [WARN] ZERO_PENALTY | L: 0.41369262/0.43726214 | F1 M MIN: 0.00000000 D: 0.00000000 | [S/N/B]: [0.0000/0.8526/0.5790] | LR: 0.00135827
2026-03-26 14:42:01,704 - INFO - T351 E4/10 | [WARN] ZERO_PENALTY | L: 0.41151696/0.43680935 | F1 M MIN: 0.00000000 D: 0.00000000 | [S/N/B]: [0.0000/0.8467/0.5767] | LR: 0.00111979
2026-03-26 14:42:01,765 - INFO - Trial 351 stopped early due to patience limit (4 epochs without improvement)
2026-03-26 14:42:01,959 - INFO - Trial 351 finished with value: 0.0 and parameters: {'tcn_channels': 512, 'lstm_hidden': 256, 'num_lstm_layers': 2, 'batch_size': 512, 'dropout': 0.2335237477096307, 'seq_len': 96, 'lr': 0.0017108936946721271, 'weight_decay': 0.0006007590236256544, 'base_alpha_sell': 0.8599873537142568, 'base_alpha_neutral': 0.7550633720602624, 'base_alpha_buy': 1.4303441070189897, 'base_loss_gamma': 2.661977997761353, 'base_loss_smoothing': 0.2949172831833833, 'asym_gamma_sell': 1.568318610961069, 'asym_gamma_neu': 0.6101936845863271, 'asym_gamma_buy': 3.2020565703934767}. Best is trial 299 with value: 0.5035109606130814.
2026-03-26 14:42:02,614 - INFO - 🔍 RAM-Safe Streaming Scan (Treino): 878 arquivos...
2026-03-26 14:42:52,608 - INFO - ✂️ Double-Chunking (Treino): Expondo fatias de 500,000 amostras aleatórias.
2026-03-26 14:42:52,610 - INFO - 🚀 Pre-loading 500,000 samples into RAM (Lightning Mode)...
2026-03-26 14:46:12,299 - INFO - ✅ RAM-Safe Streaming Dataset: 500,000 sequences indexed and PRE-LOADED.
2026-03-26 14:46:12,301 - INFO - ✅ RAM-Safe Streaming Dataset: 500,000 sequences indexed (Mode: Lightning).
2026-03-26 14:46:12,346 - INFO - 🔍 RAM-Safe Streaming Scan (Val): 274 arquivos...
2026-03-26 14:46:25,202 - INFO - ✂️ Double-Chunking (Val): Expondo fatias de 100,000 amostras aleatórias.
2026-03-26 14:46:25,202 - INFO - 🚀 Pre-loading 100,000 samples into RAM (Lightning Mode)...
2026-03-26 14:47:25,711 - INFO - ✅ RAM-Safe Streaming Dataset: 100,000 sequences indexed and PRE-LOADED.
2026-03-26 14:47:25,712 - INFO - ✅ RAM-Safe Streaming Dataset: 100,000 sequences indexed (Mode: Lightning).
2026-03-26 14:47:26,120 - INFO - Trial 352 START | tcn=512, lstm=256, layers=2, batch=2048, seq=256 | RFE=30 | loss=ASYM (g_s=2.07, g_n=0.51, g_b=1.39) | alpha=[1.56, 0.62, 1.63], smooth=0.33
2026-03-26 14:50:33,384 - INFO - T352 E1/10 | [WARN] ZERO_PENALTY | L: 0.78010261/0.75937255 | F1 M MIN: 0.00000000 D: 0.00000000 | [S/N/B]: [0.0000/0.6542/0.5106] | LR: 0.00179035
2026-03-26 14:53:42,414 - INFO - T352 E2/10 | [OK] | L: 0.75386891/0.74652717 | F1 M MIN: 0.07279260 D: 0.31346367 | [S/N/B]: [0.0728/0.7514/0.5541] | LR: 0.00166001
2026-03-26 14:56:51,936 - INFO - T352 E3/10 | [OK] | L: 0.74768236/0.75168358 | F1 M MIN: 0.39423199 D: 0.44271011 | [S/N/B]: [0.4912/0.6864/0.3942] | LR: 0.00145700
2026-03-26 15:00:01,575 - INFO - T352 E4/10 | [OK] | L: 0.74270376/0.73832263 | F1 M MIN: 0.35401745 D: 0.44024221 | [S/N/B]: [0.3540/0.7549/0.5265] | LR: 0.00120120
2026-03-26 15:03:11,697 - INFO - T352 E5/10 | [OK] | L: 0.73613742/0.73362127 | F1 M MIN: 0.34147267 D: 0.43679677 | [S/N/B]: [0.3415/0.7301/0.5321] | LR: 0.00091763
2026-03-26 15:06:21,599 - INFO - T352 E6/10 | [OK] | L: 0.73110521/0.73170751 | F1 M MIN: 0.39375470 D: 0.46196047 | [S/N/B]: [0.3938/0.7503/0.5302] | LR: 0.00063407
2026-03-26 15:06:21,748 - INFO - Trial 352 pruned by Optuna at epoch 6
2026-03-26 15:06:21,880 - INFO - Trial 352 pruned.
2026-03-26 15:06:22,583 - INFO - 🔍 RAM-Safe Streaming Scan (Treino): 878 arquivos...
2026-03-26 15:07:12,612 - INFO - ✂️ Double-Chunking (Treino): Expondo fatias de 500,000 amostras aleatórias.
2026-03-26 15:07:12,613 - INFO - 🚀 Pre-loading 500,000 samples into RAM (Lightning Mode)...
2026-03-26 15:10:27,374 - INFO - ✅ RAM-Safe Streaming Dataset: 500,000 sequences indexed and PRE-LOADED.
2026-03-26 15:10:27,375 - INFO - ✅ RAM-Safe Streaming Dataset: 500,000 sequences indexed (Mode: Lightning).
2026-03-26 15:10:27,421 - INFO - 🔍 RAM-Safe Streaming Scan (Val): 274 arquivos...
2026-03-26 15:10:40,465 - INFO - ✂️ Double-Chunking (Val): Expondo fatias de 100,000 amostras aleatórias.
2026-03-26 15:10:40,465 - INFO - 🚀 Pre-loading 100,000 samples into RAM (Lightning Mode)...
2026-03-26 15:11:41,598 - INFO - ✅ RAM-Safe Streaming Dataset: 100,000 sequences indexed and PRE-LOADED.
2026-03-26 15:11:41,599 - INFO - ✅ RAM-Safe Streaming Dataset: 100,000 sequences indexed (Mode: Lightning).
2026-03-26 15:11:41,974 - INFO - Trial 353 START | tcn=128, lstm=256, layers=2, batch=1024, seq=144 | RFE=30 | loss=ASYM (g_s=3.65, g_n=1.05, g_b=1.15) | alpha=[1.23, 0.94, 1.53], smooth=0.21
2026-03-26 15:12:22,583 - INFO - T353 E1/10 | [WARN] ZERO_PENALTY | L: 0.62531983/0.59905441 | F1 M MIN: 0.00000000 D: 0.00000000 | [S/N/B]: [0.0000/0.7760/0.5435] | LR: 0.00026881
2026-03-26 15:13:02,814 - INFO - T353 E2/10 | [WARN] ZERO_PENALTY | L: 0.57796227/0.56409619 | F1 M MIN: 0.00000000 D: 0.00000000 | [S/N/B]: [0.0000/0.8369/0.5689] | LR: 0.00024924
2026-03-26 15:13:43,822 - INFO - T353 E3/10 | [WARN] ZERO_PENALTY | L: 0.56545218/0.55590587 | F1 M MIN: 0.00000000 D: 0.00000000 | [S/N/B]: [0.0000/0.8418/0.5720] | LR: 0.00021876
2026-03-26 15:14:24,330 - INFO - T353 E4/10 | [WARN] ZERO_PENALTY | L: 0.55818161/0.55178960 | F1 M MIN: 0.00000000 D: 0.00000000 | [S/N/B]: [0.0000/0.8464/0.5749] | LR: 0.00018035
2026-03-26 15:14:24,412 - INFO - Trial 353 stopped early due to patience limit (4 epochs without improvement)
2026-03-26 15:14:24,615 - INFO - Trial 353 finished with value: 0.0 and parameters: {'tcn_channels': 128, 'lstm_hidden': 256, 'num_lstm_layers': 2, 'batch_size': 1024, 'dropout': 0.2245923395085552, 'seq_len': 144, 'lr': 0.0002755572393593498, 'weight_decay': 0.0009018173198721759, 'base_alpha_sell': 1.2304808983547013, 'base_alpha_neutral': 0.9421376249497407, 'base_alpha_buy': 1.5279162885101802, 'base_loss_gamma': 4.816327594905996, 'base_loss_smoothing': 0.21372856994048212, 'asym_gamma_sell': 3.6543161082339473, 'asym_gamma_neu': 1.0534794297746426, 'asym_gamma_buy': 1.1477147679168156}. Best is trial 299 with value: 0.5035109606130814.
2026-03-26 15:14:25,189 - INFO - 🔍 RAM-Safe Streaming Scan (Treino): 878 arquivos...
2026-03-26 15:15:15,496 - INFO - ✂️ Double-Chunking (Treino): Expondo fatias de 500,000 amostras aleatórias.
2026-03-26 15:15:15,498 - INFO - 🚀 Pre-loading 500,000 samples into RAM (Lightning Mode)...
2026-03-26 15:18:32,300 - INFO - ✅ RAM-Safe Streaming Dataset: 500,000 sequences indexed and PRE-LOADED.
2026-03-26 15:18:32,309 - INFO - ✅ RAM-Safe Streaming Dataset: 500,000 sequences indexed (Mode: Lightning).
2026-03-26 15:18:32,355 - INFO - 🔍 RAM-Safe Streaming Scan (Val): 274 arquivos...
2026-03-26 15:18:44,938 - INFO - ✂️ Double-Chunking (Val): Expondo fatias de 100,000 amostras aleatórias.
2026-03-26 15:18:44,939 - INFO - 🚀 Pre-loading 100,000 samples into RAM (Lightning Mode)...
2026-03-26 15:19:42,024 - INFO - ✅ RAM-Safe Streaming Dataset: 100,000 sequences indexed and PRE-LOADED.
2026-03-26 15:19:42,025 - INFO - ✅ RAM-Safe Streaming Dataset: 100,000 sequences indexed (Mode: Lightning).
2026-03-26 15:19:42,425 - INFO - Trial 354 START | tcn=512, lstm=64, layers=2, batch=2048, seq=256 | RFE=30 | loss=ASYM (g_s=3.24, g_n=0.25, g_b=4.10) | alpha=[1.36, 0.76, 1.48], smooth=0.24
2026-03-26 15:22:24,249 - INFO - T354 E1/10 | [OK] | L: 0.52799888/0.55805572 | F1 M MIN: 0.28669242 D: 0.41797642 | [S/N/B]: [0.5493/0.7677/0.2867] | LR: 0.00033056
2026-03-26 15:25:07,646 - INFO - T354 E2/10 | [OK] | L: 0.47982319/0.53797137 | F1 M MIN: 0.34119471 D: 0.41366668 | [S/N/B]: [0.3412/0.8057/0.4861] | LR: 0.00030649
2026-03-26 15:27:51,266 - INFO - T354 E3/10 | [OK] | L: 0.46871715/0.52705673 | F1 M MIN: 0.27803843 D: 0.42453407 | [S/N/B]: [0.5710/0.8282/0.2780] | LR: 0.00026901
2026-03-26 15:30:34,636 - INFO - T354 E4/10 | [OK] | L: 0.46218095/0.52062137 | F1 M MIN: 0.24264768 D: 0.41698611 | [S/N/B]: [0.5913/0.8342/0.2426] | LR: 0.00022178
2026-03-26 15:33:18,264 - INFO - T354 E5/10 | [OK] | L: 0.45748043/0.51927828 | F1 M MIN: 0.18749147 D: 0.39759659 | [S/N/B]: [0.6077/0.8334/0.1875] | LR: 0.00016942
2026-03-26 15:36:01,511 - INFO - T354 E6/10 | [OK] | L: 0.45404318/0.52141980 | F1 M MIN: 0.24699878 D: 0.42134509 | [S/N/B]: [0.5957/0.8306/0.2470] | LR: 0.00011707
2026-03-26 15:36:01,561 - INFO - Trial 354 stopped early due to patience limit (4 epochs without improvement)
2026-03-26 15:36:01,822 - INFO - Trial 354 finished with value: 0.3411947060927626 and parameters: {'tcn_channels': 512, 'lstm_hidden': 64, 'num_lstm_layers': 2, 'batch_size': 2048, 'dropout': 0.2304628117555205, 'seq_len': 256, 'lr': 0.0003388479240330709, 'weight_decay': 0.005820774722099379, 'base_alpha_sell': 1.360156023132145, 'base_alpha_neutral': 0.7602810543951815, 'base_alpha_buy': 1.475030770410841, 'base_loss_gamma': 1.8649993065730257, 'base_loss_smoothing': 0.23553151107764203, 'asym_gamma_sell': 3.2420643134875182, 'asym_gamma_neu': 0.24601348806525075, 'asym_gamma_buy': 4.097762486353041}. Best is trial 299 with value: 0.5035109606130814.
2026-03-26 15:36:02,418 - INFO - 🔍 RAM-Safe Streaming Scan (Treino): 878 arquivos...
2026-03-26 15:36:53,446 - INFO - ✂️ Double-Chunking (Treino): Expondo fatias de 500,000 amostras aleatórias.
2026-03-26 15:36:53,446 - INFO - 🚀 Pre-loading 500,000 samples into RAM (Lightning Mode)...
2026-03-26 15:40:09,665 - INFO - ✅ RAM-Safe Streaming Dataset: 500,000 sequences indexed and PRE-LOADED.
2026-03-26 15:40:09,666 - INFO - ✅ RAM-Safe Streaming Dataset: 500,000 sequences indexed (Mode: Lightning).
2026-03-26 15:40:09,711 - INFO - 🔍 RAM-Safe Streaming Scan (Val): 274 arquivos...
2026-03-26 15:40:22,689 - INFO - ✂️ Double-Chunking (Val): Expondo fatias de 100,000 amostras aleatórias.
2026-03-26 15:40:22,689 - INFO - 🚀 Pre-loading 100,000 samples into RAM (Lightning Mode)...
2026-03-26 15:41:19,688 - INFO - ✅ RAM-Safe Streaming Dataset: 100,000 sequences indexed and PRE-LOADED.
2026-03-26 15:41:19,689 - INFO - ✅ RAM-Safe Streaming Dataset: 100,000 sequences indexed (Mode: Lightning).
2026-03-26 15:41:20,161 - INFO - Trial 355 START | tcn=512, lstm=256, layers=2, batch=512, seq=256 | RFE=30 | loss=ASYM (g_s=3.95, g_n=0.73, g_b=3.65) | alpha=[1.24, 0.60, 1.59], smooth=0.30
2026-03-26 15:44:28,531 - INFO - T355 E1/10 | [WARN] ZERO_PENALTY | L: 0.40015021/0.42504249 | F1 M MIN: 0.00000000 D: 0.00000000 | [S/N/B]: [0.0000/0.6667/0.5126] | LR: 0.00006409
2026-03-26 15:47:39,065 - INFO - T355 E2/10 | [OK] | L: 0.37577881/0.41875988 | F1 M MIN: 0.00064973 D: 0.25885649 | [S/N/B]: [0.0006/0.6733/0.5171] | LR: 0.00005943
2026-03-26 15:50:49,801 - INFO - T355 E3/10 | [OK] | L: 0.36808448/0.41281650 | F1 M MIN: 0.08502454 D: 0.30492776 | [S/N/B]: [0.0850/0.6930/0.5248] | LR: 0.00005216
2026-03-26 15:54:00,602 - INFO - T355 E4/10 | [OK] | L: 0.36221220/0.41021717 | F1 M MIN: 0.10450774 D: 0.31701629 | [S/N/B]: [0.1045/0.6967/0.5295] | LR: 0.00004300
2026-03-26 15:57:11,435 - INFO - T355 E5/10 | [OK] | L: 0.35853172/0.40791347 | F1 M MIN: 0.13857934 D: 0.33612772 | [S/N/B]: [0.1386/0.7075/0.5337] | LR: 0.00003285
2026-03-26 15:57:11,579 - INFO - Trial 355 pruned by Optuna at epoch 5
