2026-03-23 19:52:58,612 - INFO - Trial 97 finished with value: 0.0 and parameters: {'tcn_channels': 64, 'lstm_hidden': 256, 'num_lstm_layers': 4, 'batch_size': 512, 'dropout': 0.32115448626363907, 'seq_len': 256, 'lr': 0.0008924184068019434, 'weight_decay': 0.005582865518620081, 'base_alpha_sell': 1.3901268354979954, 'base_alpha_neutral': 0.6374467913979076, 'base_alpha_buy': 1.7237846293403902, 'base_loss_gamma': 2.538204249974092, 'base_loss_smoothing': 0.25579656849135, 'asym_gamma_sell': 2.5940187699142347, 'asym_gamma_neu': 0.22735499004962825, 'asym_gamma_buy': 1.3482711478822287}. Best is trial 92 with value: 0.4616437266290079.
2026-03-23 19:52:59,383 - INFO - 🔍 RAM-Safe Streaming Scan (Treino): 878 arquivos...
2026-03-23 19:53:52,936 - INFO - ✂️ Double-Chunking (Treino): Expondo fatias de 500,000 amostras aleatórias.
2026-03-23 19:53:52,937 - INFO - 🚀 Pre-loading 500,000 samples into RAM (Lightning Mode)...
2026-03-23 19:57:07,544 - INFO - ✅ RAM-Safe Streaming Dataset: 500,000 sequences indexed and PRE-LOADED.
2026-03-23 19:57:07,545 - INFO - ✅ RAM-Safe Streaming Dataset: 500,000 sequences indexed (Mode: Lightning).
2026-03-23 19:57:07,591 - INFO - 🔍 RAM-Safe Streaming Scan (Val): 274 arquivos...
2026-03-23 19:57:21,401 - INFO - ✂️ Double-Chunking (Val): Expondo fatias de 100,000 amostras aleatórias.
2026-03-23 19:57:21,402 - INFO - 🚀 Pre-loading 100,000 samples into RAM (Lightning Mode)...
2026-03-23 19:58:20,852 - INFO - ✅ RAM-Safe Streaming Dataset: 100,000 sequences indexed and PRE-LOADED.
2026-03-23 19:58:20,853 - INFO - ✅ RAM-Safe Streaming Dataset: 100,000 sequences indexed (Mode: Lightning).
2026-03-23 19:58:21,383 - INFO - Trial 98 START | tcn=64, lstm=256, layers=5, batch=1024, seq=256 | RFE=30 | loss=ASYM (g_s=1.33, g_n=0.95, g_b=0.65) | alpha=[1.78, 0.39, 1.66], smooth=0.27
2026-03-23 20:00:01,565 - INFO - T98 E1/10 | [WARN] ZERO_PENALTY | L: 0.85052748/0.74597704 | F1 M MIN: 0.00000000 D: 0.00000000 | [S/N/B]: [0.4582/0.2893/0.0000] | LR: 0.00050083
2026-03-23 20:01:42,723 - INFO - T98 E2/10 | [WARN] ZERO_PENALTY | L: 0.80023863/0.71909777 | F1 M MIN: 0.00000000 D: 0.00000000 | [S/N/B]: [0.4819/0.4651/0.0000] | LR: 0.00046437
2026-03-23 20:03:24,587 - INFO - T98 E3/10 | [WARN] ZERO_PENALTY | L: 0.79211571/0.71217469 | F1 M MIN: 0.00000000 D: 0.00000000 | [S/N/B]: [0.4960/0.5427/0.0000] | LR: 0.00040758
2026-03-23 20:05:06,010 - INFO - T98 E4/10 | [WARN] ZERO_PENALTY | L: 0.78822005/0.71162990 | F1 M MIN: 0.00000000 D: 0.00000000 | [S/N/B]: [0.4937/0.5296/0.0000] | LR: 0.00033602
2026-03-23 20:05:06,092 - INFO - Trial 98 stopped early due to patience limit (4 epochs without improvement)
2026-03-23 20:05:06,421 - INFO - Trial 98 finished with value: 0.0 and parameters: {'tcn_channels': 64, 'lstm_hidden': 256, 'num_lstm_layers': 5, 'batch_size': 1024, 'dropout': 0.28046572771348843, 'seq_len': 256, 'lr': 0.0005133894286988438, 'weight_decay': 0.0029872093888321494, 'base_alpha_sell': 1.7759739053626926, 'base_alpha_neutral': 0.3935406448951597, 'base_alpha_buy': 1.6573018390608236, 'base_loss_gamma': 2.868276292551387, 'base_loss_smoothing': 0.2668377640737952, 'asym_gamma_sell': 1.3316671776376448, 'asym_gamma_neu': 0.9485490330420216, 'asym_gamma_buy': 0.6502974274238276}. Best is trial 92 with value: 0.4616437266290079.
2026-03-23 20:05:07,297 - INFO - 🔍 RAM-Safe Streaming Scan (Treino): 878 arquivos...
2026-03-23 20:06:01,207 - INFO - ✂️ Double-Chunking (Treino): Expondo fatias de 500,000 amostras aleatórias.
2026-03-23 20:06:01,209 - INFO - 🚀 Pre-loading 500,000 samples into RAM (Lightning Mode)...
2026-03-23 20:09:19,856 - INFO - ✅ RAM-Safe Streaming Dataset: 500,000 sequences indexed and PRE-LOADED.
2026-03-23 20:09:19,858 - INFO - ✅ RAM-Safe Streaming Dataset: 500,000 sequences indexed (Mode: Lightning).
2026-03-23 20:09:19,903 - INFO - 🔍 RAM-Safe Streaming Scan (Val): 274 arquivos...
2026-03-23 20:09:33,790 - INFO - ✂️ Double-Chunking (Val): Expondo fatias de 100,000 amostras aleatórias.
2026-03-23 20:09:33,790 - INFO - 🚀 Pre-loading 100,000 samples into RAM (Lightning Mode)...
2026-03-23 20:10:33,421 - INFO - ✅ RAM-Safe Streaming Dataset: 100,000 sequences indexed and PRE-LOADED.
2026-03-23 20:10:33,425 - INFO - ✅ RAM-Safe Streaming Dataset: 100,000 sequences indexed (Mode: Lightning).
2026-03-23 20:10:33,982 - INFO - Trial 99 START | tcn=128, lstm=128, layers=4, batch=2048, seq=256 | RFE=30 | loss=ASYM (g_s=0.78, g_n=0.22, g_b=0.51) | alpha=[0.99, 0.36, 1.34], smooth=0.19
2026-03-23 20:11:37,944 - INFO - T99 E1/10 | [WARN] ZERO_PENALTY | L: 0.64385506/0.59107204 | F1 M MIN: 0.00000000 D: 0.00000000 | [S/N/B]: [0.0000/0.4590/0.4717] | LR: 0.00048725
2026-03-23 20:12:43,006 - INFO - T99 E2/10 | [WARN] ZERO_PENALTY | L: 0.59879469/0.56054570 | F1 M MIN: 0.00000000 D: 0.00000000 | [S/N/B]: [0.0000/0.6600/0.5099] | LR: 0.00045177
2026-03-23 20:13:48,294 - INFO - T99 E3/10 | [WARN] ZERO_PENALTY | L: 0.58995887/0.55680762 | F1 M MIN: 0.00000000 D: 0.00000000 | [S/N/B]: [0.0000/0.6306/0.5047] | LR: 0.00039652
2026-03-23 20:14:53,565 - INFO - T99 E4/10 | [WARN] ZERO_PENALTY | L: 0.58553217/0.55292119 | F1 M MIN: 0.00000000 D: 0.00000000 | [S/N/B]: [0.0000/0.6718/0.5148] | LR: 0.00032691
2026-03-23 20:14:53,682 - INFO - Trial 99 stopped early due to patience limit (4 epochs without improvement)
2026-03-23 20:14:53,994 - INFO - Trial 99 finished with value: 0.0 and parameters: {'tcn_channels': 128, 'lstm_hidden': 128, 'num_lstm_layers': 4, 'batch_size': 2048, 'dropout': 0.33938177824529236, 'seq_len': 256, 'lr': 0.0004994681327159284, 'weight_decay': 0.002522291933579093, 'base_alpha_sell': 0.9949004100476431, 'base_alpha_neutral': 0.36070192443151083, 'base_alpha_buy': 1.3426833302611676, 'base_loss_gamma': 1.5412546470380437, 'base_loss_smoothing': 0.18933002440172897, 'asym_gamma_sell': 0.776032993969923, 'asym_gamma_neu': 0.2171873159744361, 'asym_gamma_buy': 0.5079294811411097}. Best is trial 92 with value: 0.4616437266290079.
2026-03-23 20:14:54,799 - INFO - 🔍 RAM-Safe Streaming Scan (Treino): 878 arquivos...
2026-03-23 20:15:49,605 - INFO - ✂️ Double-Chunking (Treino): Expondo fatias de 500,000 amostras aleatórias.
2026-03-23 20:15:49,609 - INFO - 🚀 Pre-loading 500,000 samples into RAM (Lightning Mode)...
2026-03-23 20:19:05,620 - INFO - ✅ RAM-Safe Streaming Dataset: 500,000 sequences indexed and PRE-LOADED.
2026-03-23 20:19:05,622 - INFO - ✅ RAM-Safe Streaming Dataset: 500,000 sequences indexed (Mode: Lightning).
2026-03-23 20:19:05,668 - INFO - 🔍 RAM-Safe Streaming Scan (Val): 274 arquivos...
2026-03-23 20:19:19,556 - INFO - ✂️ Double-Chunking (Val): Expondo fatias de 100,000 amostras aleatórias.
2026-03-23 20:19:19,556 - INFO - 🚀 Pre-loading 100,000 samples into RAM (Lightning Mode)...
2026-03-23 20:20:17,423 - INFO - ✅ RAM-Safe Streaming Dataset: 100,000 sequences indexed and PRE-LOADED.
2026-03-23 20:20:17,424 - INFO - ✅ RAM-Safe Streaming Dataset: 100,000 sequences indexed (Mode: Lightning).
2026-03-23 20:20:17,796 - INFO - Trial 100 START | tcn=64, lstm=32, layers=3, batch=2048, seq=256 | RFE=30 | loss=ASYM (g_s=2.30, g_n=0.95, g_b=1.55) | alpha=[1.59, 0.79, 1.73], smooth=0.08
2026-03-23 20:20:46,549 - INFO - T100 E1/10 | [OK] | L: 0.87150348/0.78517133 | F1 M MIN: 0.06911941 D: 0.29026805 | [S/N/B]: [0.0691/0.5870/0.5114] | LR: 0.00035246
2026-03-23 20:21:15,778 - INFO - T100 E2/10 | [WARN] ZERO_PENALTY | L: 0.74461695/0.68501867 | F1 M MIN: 0.00000000 D: 0.00000000 | [S/N/B]: [0.0000/0.7268/0.5280] | LR: 0.00032680
2026-03-23 20:21:45,115 - INFO - T100 E3/10 | [WARN] ZERO_PENALTY | L: 0.71557488/0.65685160 | F1 M MIN: 0.00000000 D: 0.00000000 | [S/N/B]: [0.0000/0.7719/0.5440] | LR: 0.00028684
2026-03-23 20:22:14,311 - INFO - T100 E4/10 | [WARN] ZERO_PENALTY | L: 0.70352381/0.64740929 | F1 M MIN: 0.00000000 D: 0.00000000 | [S/N/B]: [0.0000/0.7762/0.5468] | LR: 0.00023648
2026-03-23 20:22:43,525 - INFO - T100 E5/10 | [WARN] ZERO_PENALTY | L: 0.69602238/0.64196326 | F1 M MIN: 0.00000000 D: 0.00000000 | [S/N/B]: [0.0000/0.7754/0.5463] | LR: 0.00018065
2026-03-23 20:22:43,578 - INFO - Trial 100 stopped early due to patience limit (4 epochs without improvement)
2026-03-23 20:22:43,842 - INFO - Trial 100 finished with value: 0.0691194078589311 and parameters: {'tcn_channels': 64, 'lstm_hidden': 32, 'num_lstm_layers': 3, 'batch_size': 2048, 'dropout': 0.3170160689194316, 'seq_len': 256, 'lr': 0.0003613059452968054, 'weight_decay': 0.002712207274459484, 'base_alpha_sell': 1.5908385884094787, 'base_alpha_neutral': 0.7881196813560175, 'base_alpha_buy': 1.7314082099166725, 'base_loss_gamma': 2.0151746288507684, 'base_loss_smoothing': 0.07986241644803835, 'asym_gamma_sell': 2.3014812918836465, 'asym_gamma_neu': 0.9476899768298203, 'asym_gamma_buy': 1.5474300883293701}. Best is trial 92 with value: 0.4616437266290079.
2026-03-23 20:22:44,829 - INFO - 🔍 RAM-Safe Streaming Scan (Treino): 878 arquivos...
2026-03-23 20:23:40,848 - INFO - ✂️ Double-Chunking (Treino): Expondo fatias de 500,000 amostras aleatórias.
2026-03-23 20:23:40,849 - INFO - 🚀 Pre-loading 500,000 samples into RAM (Lightning Mode)...
2026-03-23 20:26:55,680 - INFO - ✅ RAM-Safe Streaming Dataset: 500,000 sequences indexed and PRE-LOADED.
2026-03-23 20:26:55,682 - INFO - ✅ RAM-Safe Streaming Dataset: 500,000 sequences indexed (Mode: Lightning).
2026-03-23 20:26:55,728 - INFO - 🔍 RAM-Safe Streaming Scan (Val): 274 arquivos...
2026-03-23 20:27:10,041 - INFO - ✂️ Double-Chunking (Val): Expondo fatias de 100,000 amostras aleatórias.
2026-03-23 20:27:10,041 - INFO - 🚀 Pre-loading 100,000 samples into RAM (Lightning Mode)...
2026-03-23 20:28:07,800 - INFO - ✅ RAM-Safe Streaming Dataset: 100,000 sequences indexed and PRE-LOADED.
2026-03-23 20:28:07,810 - INFO - ✅ RAM-Safe Streaming Dataset: 100,000 sequences indexed (Mode: Lightning).
2026-03-23 20:28:08,345 - INFO - Trial 101 START | tcn=64, lstm=32, layers=5, batch=2048, seq=192 | RFE=30 | loss=ASYM (g_s=1.44, g_n=0.14, g_b=0.51) | alpha=[1.49, 0.87, 1.56], smooth=0.11
2026-03-23 20:28:34,376 - INFO - T101 E1/10 | [OK] | L: 1.13729767/1.07225433 | F1 M MIN: 0.01009388 D: 0.25125673 | [S/N/B]: [0.0101/0.6435/0.4924] | LR: 0.00016851
2026-03-23 20:29:00,708 - INFO - T101 E2/10 | [OK] | L: 1.01569422/0.99064221 | F1 M MIN: 0.01814216 D: 0.26540553 | [S/N/B]: [0.0181/0.6925/0.5127] | LR: 0.00015624
2026-03-23 20:29:27,170 - INFO - T101 E3/10 | [OK] | L: 0.97407469/0.96516106 | F1 M MIN: 0.00498771 D: 0.26178370 | [S/N/B]: [0.0050/0.7040/0.5186] | LR: 0.00013713
2026-03-23 20:29:53,532 - INFO - T101 E4/10 | [OK] | L: 0.94825294/0.91634115 | F1 M MIN: 0.00021725 D: 0.26913244 | [S/N/B]: [0.0002/0.7668/0.5380] | LR: 0.00011306
2026-03-23 20:30:19,914 - INFO - T101 E5/10 | [OK] | L: 0.93459267/0.90208698 | F1 M MIN: 0.00014494 D: 0.27229279 | [S/N/B]: [0.0001/0.7846/0.5444] | LR: 0.00008637
2026-03-23 20:30:20,145 - INFO - Trial 101 pruned by Optuna at epoch 5
2026-03-23 20:30:20,322 - INFO - Trial 101 pruned.
2026-03-23 20:30:21,378 - INFO - 🔍 RAM-Safe Streaming Scan (Treino): 878 arquivos...
2026-03-23 20:31:19,384 - INFO - ✂️ Double-Chunking (Treino): Expondo fatias de 500,000 amostras aleatórias.
2026-03-23 20:31:19,385 - INFO - 🚀 Pre-loading 500,000 samples into RAM (Lightning Mode)...
2026-03-23 20:34:35,772 - INFO - ✅ RAM-Safe Streaming Dataset: 500,000 sequences indexed and PRE-LOADED.
2026-03-23 20:34:35,774 - INFO - ✅ RAM-Safe Streaming Dataset: 500,000 sequences indexed (Mode: Lightning).
2026-03-23 20:34:35,820 - INFO - 🔍 RAM-Safe Streaming Scan (Val): 274 arquivos...
2026-03-23 20:34:50,365 - INFO - ✂️ Double-Chunking (Val): Expondo fatias de 100,000 amostras aleatórias.
2026-03-23 20:34:50,365 - INFO - 🚀 Pre-loading 100,000 samples into RAM (Lightning Mode)...
2026-03-23 20:35:48,077 - INFO - ✅ RAM-Safe Streaming Dataset: 100,000 sequences indexed and PRE-LOADED.
2026-03-23 20:35:48,078 - INFO - ✅ RAM-Safe Streaming Dataset: 100,000 sequences indexed (Mode: Lightning).
2026-03-23 20:35:48,628 - INFO - Trial 102 START | tcn=64, lstm=256, layers=5, batch=1024, seq=192 | RFE=30 | loss=ASYM (g_s=2.27, g_n=0.41, g_b=1.13) | alpha=[1.31, 0.59, 1.74], smooth=0.19
2026-03-23 20:37:06,856 - INFO - T102 E1/10 | [WARN] ZERO_PENALTY | L: 0.73955795/0.71111097 | F1 M MIN: 0.00000000 D: 0.00000000 | [S/N/B]: [0.0000/0.5052/0.4775] | LR: 0.00021325
2026-03-23 20:38:25,299 - INFO - T102 E2/10 | [WARN] ZERO_PENALTY | L: 0.68858522/0.68522912 | F1 M MIN: 0.00000000 D: 0.00000000 | [S/N/B]: [0.0000/0.6229/0.5010] | LR: 0.00019772
2026-03-23 20:39:44,652 - INFO - T102 E3/10 | [WARN] ZERO_PENALTY | L: 0.67390819/0.67099983 | F1 M MIN: 0.00000000 D: 0.00000000 | [S/N/B]: [0.0000/0.6464/0.5073] | LR: 0.00017354
2026-03-23 20:41:03,357 - INFO - T102 E4/10 | [WARN] ZERO_PENALTY | L: 0.66514374/0.65790331 | F1 M MIN: 0.00000000 D: 0.00000000 | [S/N/B]: [0.0000/0.6825/0.5174] | LR: 0.00014307
2026-03-23 20:41:03,449 - INFO - Trial 102 stopped early due to patience limit (4 epochs without improvement)
2026-03-23 20:41:03,743 - INFO - Trial 102 finished with value: 0.0 and parameters: {'tcn_channels': 64, 'lstm_hidden': 256, 'num_lstm_layers': 5, 'batch_size': 1024, 'dropout': 0.3562097699905486, 'seq_len': 192, 'lr': 0.0002185958176107608, 'weight_decay': 0.0027187409151302904, 'base_alpha_sell': 1.3123762372564036, 'base_alpha_neutral': 0.5921406245496736, 'base_alpha_buy': 1.7388391418457534, 'base_loss_gamma': 2.9190583167889868, 'base_loss_smoothing': 0.1910909744228855, 'asym_gamma_sell': 2.2691569834785428, 'asym_gamma_neu': 0.40530968638061293, 'asym_gamma_buy': 1.1258330789160411}. Best is trial 92 with value: 0.4616437266290079.
2026-03-23 20:41:04,644 - INFO - 🔍 RAM-Safe Streaming Scan (Treino): 878 arquivos...
2026-03-23 20:42:00,706 - INFO - ✂️ Double-Chunking (Treino): Expondo fatias de 500,000 amostras aleatórias.
2026-03-23 20:42:00,721 - INFO - 🚀 Pre-loading 500,000 samples into RAM (Lightning Mode)...
2026-03-23 20:45:16,746 - INFO - ✅ RAM-Safe Streaming Dataset: 500,000 sequences indexed and PRE-LOADED.
2026-03-23 20:45:16,747 - INFO - ✅ RAM-Safe Streaming Dataset: 500,000 sequences indexed (Mode: Lightning).
2026-03-23 20:45:16,796 - INFO - 🔍 RAM-Safe Streaming Scan (Val): 274 arquivos...
2026-03-23 20:45:30,577 - INFO - ✂️ Double-Chunking (Val): Expondo fatias de 100,000 amostras aleatórias.
2026-03-23 20:45:30,577 - INFO - 🚀 Pre-loading 100,000 samples into RAM (Lightning Mode)...
2026-03-23 20:46:29,926 - INFO - ✅ RAM-Safe Streaming Dataset: 100,000 sequences indexed and PRE-LOADED.
2026-03-23 20:46:29,927 - INFO - ✅ RAM-Safe Streaming Dataset: 100,000 sequences indexed (Mode: Lightning).
2026-03-23 20:46:30,459 - INFO - Trial 103 START | tcn=64, lstm=256, layers=3, batch=2048, seq=256 | RFE=30 | loss=ASYM (g_s=1.44, g_n=0.26, g_b=0.81) | alpha=[1.66, 0.85, 1.57], smooth=0.02
2026-03-23 20:47:35,377 - INFO - T103 E1/10 | [WARN] ZERO_PENALTY | L: 0.94316209/0.82433488 | F1 M MIN: 0.00000000 D: 0.00000000 | [S/N/B]: [0.5469/0.7584/0.0000] | LR: 0.00061718
2026-03-23 20:48:41,225 - INFO - T103 E2/10 | [OK] | L: 0.82914611/0.75990830 | F1 M MIN: 0.26348278 D: 0.39051563 | [S/N/B]: [0.5175/0.8170/0.2635] | LR: 0.00057225
2026-03-23 20:49:47,059 - INFO - T103 E3/10 | [WARN] ZERO_PENALTY | L: 0.79994760/0.74627016 | F1 M MIN: 0.00000000 D: 0.00000000 | [S/N/B]: [0.5783/0.8305/0.0000] | LR: 0.00050226
2026-03-23 20:50:52,875 - INFO - T103 E4/10 | [OK] | L: 0.78444050/0.74238895 | F1 M MIN: 0.01609411 D: 0.29642223 | [S/N/B]: [0.5768/0.8295/0.0161] | LR: 0.00041408
2026-03-23 20:51:58,691 - INFO - T103 E5/10 | [OK] | L: 0.77420069/0.71366169 | F1 M MIN: 0.14673930 D: 0.35998610 | [S/N/B]: [0.5732/0.8567/0.1467] | LR: 0.00031633
2026-03-23 20:53:04,842 - INFO - T103 E6/10 | [OK] | L: 0.76897649/0.71915423 | F1 M MIN: 0.21123452 D: 0.38324022 | [S/N/B]: [0.5552/0.8420/0.2112] | LR: 0.00021858
2026-03-23 20:53:04,943 - INFO - Trial 103 stopped early due to patience limit (4 epochs without improvement)
2026-03-23 20:53:05,284 - INFO - Trial 103 finished with value: 0.2634827810266407 and parameters: {'tcn_channels': 64, 'lstm_hidden': 256, 'num_lstm_layers': 3, 'batch_size': 2048, 'dropout': 0.33286840213531876, 'seq_len': 256, 'lr': 0.0006326603099068022, 'weight_decay': 0.0024211467913698085, 'base_alpha_sell': 1.6587446440006914, 'base_alpha_neutral': 0.8475410462188331, 'base_alpha_buy': 1.568973676161526, 'base_loss_gamma': 1.4593447520168696, 'base_loss_smoothing': 0.015181461650220558, 'asym_gamma_sell': 1.4388439283407375, 'asym_gamma_neu': 0.2588666370765721, 'asym_gamma_buy': 0.806909514515518}. Best is trial 92 with value: 0.4616437266290079.
2026-03-23 20:53:06,150 - INFO - 🔍 RAM-Safe Streaming Scan (Treino): 878 arquivos...
2026-03-23 20:54:01,572 - INFO - ✂️ Double-Chunking (Treino): Expondo fatias de 500,000 amostras aleatórias.
2026-03-23 20:54:01,573 - INFO - 🚀 Pre-loading 500,000 samples into RAM (Lightning Mode)...
2026-03-23 20:57:19,541 - INFO - ✅ RAM-Safe Streaming Dataset: 500,000 sequences indexed and PRE-LOADED.
2026-03-23 20:57:19,543 - INFO - ✅ RAM-Safe Streaming Dataset: 500,000 sequences indexed (Mode: Lightning).
2026-03-23 20:57:19,592 - INFO - 🔍 RAM-Safe Streaming Scan (Val): 274 arquivos...
2026-03-23 20:57:34,175 - INFO - ✂️ Double-Chunking (Val): Expondo fatias de 100,000 amostras aleatórias.
2026-03-23 20:57:34,175 - INFO - 🚀 Pre-loading 100,000 samples into RAM (Lightning Mode)...
2026-03-23 20:58:32,968 - INFO - ✅ RAM-Safe Streaming Dataset: 100,000 sequences indexed and PRE-LOADED.
2026-03-23 20:58:32,969 - INFO - ✅ RAM-Safe Streaming Dataset: 100,000 sequences indexed (Mode: Lightning).
2026-03-23 20:58:33,636 - INFO - Trial 104 START | tcn=512, lstm=256, layers=3, batch=1024, seq=192 | RFE=30 | loss=ASYM (g_s=0.71, g_n=0.23, g_b=0.94) | alpha=[1.30, 0.51, 1.38], smooth=0.21
2026-03-23 21:01:14,206 - INFO - T104 E1/10 | [OK] | L: 0.73934163/0.69075885 | F1 M MIN: 0.00043909 D: 0.26922546 | [S/N/B]: [0.0004/0.7496/0.5380] | LR: 0.00137735
2026-03-23 21:03:55,767 - INFO - T104 E2/10 | [OK] | L: 0.71252048/0.68592248 | F1 M MIN: 0.05867330 D: 0.29704924 | [S/N/B]: [0.0587/0.7454/0.5354] | LR: 0.00127708
2026-03-23 21:06:38,307 - INFO - T104 E3/10 | [OK] | L: 0.70517306/0.67942633 | F1 M MIN: 0.34719007 D: 0.43472136 | [S/N/B]: [0.5223/0.7757/0.3472] | LR: 0.00112090
2026-03-23 21:09:20,384 - INFO - T104 E4/10 | [OK] | L: 0.69808943/0.67614132 | F1 M MIN: 0.41535971 D: 0.46230132 | [S/N/B]: [0.5092/0.7595/0.4154] | LR: 0.00092410
2026-03-23 21:12:03,098 - INFO - T104 E5/10 | [OK] | L: 0.69184652/0.66470986 | F1 M MIN: 0.44307051 D: 0.47410707 | [S/N/B]: [0.4431/0.7904/0.5051] | LR: 0.00070595
2026-03-23 21:12:03,339 - INFO - [BEST DIR]    Trial 104 | Global F1 Dir record: 0.47410707 (prev: 0.46539232) -> saved best_tcn_lstm_dir.pt
2026-03-23 21:14:46,245 - INFO - T104 E6/10 | [OK] | L: 0.68739498/0.66762321 | F1 M MIN: 0.37715739 D: 0.45191124 | [S/N/B]: [0.3772/0.7740/0.5267] | LR: 0.00048780
2026-03-23 21:17:28,497 - INFO - T104 E7/10 | [OK] | L: 0.68311974/0.66511720 | F1 M MIN: 0.46233182 D: 0.48161283 | [S/N/B]: [0.4623/0.7907/0.5009] | LR: 0.00029100
2026-03-23 21:17:28,573 - INFO - [BEST MACRO]  Trial 104 | Global F1 M MIN record: 0.46233182 (prev: 0.46164373) -> saved best_tcn_lstm.pt
2026-03-23 21:17:28,801 - INFO - [BEST DIR]    Trial 104 | Global F1 Dir record: 0.48161283 (prev: 0.47410707) -> saved best_tcn_lstm_dir.pt
2026-03-23 21:20:11,912 - INFO - T104 E8/10 | [OK] | L: 0.67969809/0.66262999 | F1 M MIN: 0.46549657 D: 0.48820202 | [S/N/B]: [0.5109/0.7938/0.4655] | LR: 0.00013482
2026-03-23 21:20:12,159 - INFO - [BEST MACRO]  Trial 104 | Global F1 M MIN record: 0.46549657 (prev: 0.46233182) -> saved best_tcn_lstm.pt
2026-03-23 21:20:12,389 - INFO - [BEST DIR]    Trial 104 | Global F1 Dir record: 0.48820202 (prev: 0.48161283) -> saved best_tcn_lstm_dir.pt
2026-03-23 21:22:54,862 - INFO - T104 E9/10 | [OK] | L: 0.67617949/0.66487622 | F1 M MIN: 0.48282627 D: 0.48386469 | [S/N/B]: [0.4849/0.7859/0.4828] | LR: 0.00003455
2026-03-23 21:22:54,933 - INFO - [BEST MACRO]  Trial 104 | Global F1 M MIN record: 0.48282627 (prev: 0.46549657) -> saved best_tcn_lstm.pt
2026-03-23 21:25:38,162 - INFO - T104 E10/10 | [OK] | L: 0.67367959/0.66541011 | F1 M MIN: 0.48113454 D: 0.48613757 | [S/N/B]: [0.4811/0.7856/0.4911] | LR: 0.00000000
