2026-03-26 22:59:32,554 - INFO - Trial 379 finished with value: 0.0 and parameters: {'tcn_channels': 512, 'lstm_hidden': 64, 'num_lstm_layers': 3, 'batch_size': 512, 'dropout': 0.2858600550918982, 'seq_len': 144, 'lr': 0.001097413634874683, 'weight_decay': 0.002147543711399813, 'base_alpha_sell': 1.6072624523595438, 'base_alpha_neutral': 0.9614682720997729, 'base_alpha_buy': 1.330435836782845, 'base_loss_gamma': 2.4431308100750697, 'base_loss_smoothing': 0.27647195594535584, 'asym_gamma_sell': 2.034019162226745, 'asym_gamma_neu': 0.7454024964481092, 'asym_gamma_buy': 3.6387963498213876}. Best is trial 299 with value: 0.5035109606130814.
2026-03-26 22:59:33,003 - INFO - 🔍 RAM-Safe Streaming Scan (Treino): 878 arquivos...
2026-03-26 23:00:21,443 - INFO - ✂️ Double-Chunking (Treino): Expondo fatias de 500,000 amostras aleatórias.
2026-03-26 23:00:21,444 - INFO - 🚀 Pre-loading 500,000 samples into RAM (Lightning Mode)...
2026-03-26 23:03:15,198 - INFO - ✅ RAM-Safe Streaming Dataset: 500,000 sequences indexed and PRE-LOADED.
2026-03-26 23:03:15,199 - INFO - ✅ RAM-Safe Streaming Dataset: 500,000 sequences indexed (Mode: Lightning).
2026-03-26 23:03:15,244 - INFO - 🔍 RAM-Safe Streaming Scan (Val): 274 arquivos...
2026-03-26 23:03:27,422 - INFO - ✂️ Double-Chunking (Val): Expondo fatias de 100,000 amostras aleatórias.
2026-03-26 23:03:27,422 - INFO - 🚀 Pre-loading 100,000 samples into RAM (Lightning Mode)...
2026-03-26 23:04:19,896 - INFO - ✅ RAM-Safe Streaming Dataset: 100,000 sequences indexed and PRE-LOADED.
2026-03-26 23:04:19,897 - INFO - ✅ RAM-Safe Streaming Dataset: 100,000 sequences indexed (Mode: Lightning).
2026-03-26 23:04:20,239 - INFO - Trial 380 START | tcn=64, lstm=128, layers=2, batch=512, seq=192 | RFE=30 | loss=ASYM (g_s=1.74, g_n=1.62, g_b=1.80) | alpha=[1.06, 0.49, 1.69], smooth=0.29
2026-03-26 23:04:57,908 - INFO - T380 E1/10 | [WARN] ZERO_PENALTY | L: 0.45959109/0.40903177 | F1 M MIN: 0.00000000 D: 0.00000000 | [S/N/B]: [0.0000/0.5492/0.4932] | LR: 0.00099393
2026-03-26 23:05:35,969 - INFO - T380 E2/10 | [WARN] ZERO_PENALTY | L: 0.44072741/0.40605601 | F1 M MIN: 0.00000000 D: 0.00000000 | [S/N/B]: [0.0000/0.5705/0.4973] | LR: 0.00092157
2026-03-26 23:06:13,915 - INFO - T380 E3/10 | [WARN] ZERO_PENALTY | L: 0.43627520/0.40128188 | F1 M MIN: 0.00000000 D: 0.00000000 | [S/N/B]: [0.0000/0.5746/0.4987] | LR: 0.00080887
2026-03-26 23:06:51,705 - INFO - T380 E4/10 | [WARN] ZERO_PENALTY | L: 0.43384806/0.39880225 | F1 M MIN: 0.00000000 D: 0.00000000 | [S/N/B]: [0.0000/0.6268/0.5098] | LR: 0.00066686
2026-03-26 23:06:51,772 - INFO - Trial 380 stopped early due to patience limit (4 epochs without improvement)
2026-03-26 23:06:51,994 - INFO - Trial 380 finished with value: 0.0 and parameters: {'tcn_channels': 64, 'lstm_hidden': 128, 'num_lstm_layers': 2, 'batch_size': 512, 'dropout': 0.3023973429229813, 'seq_len': 192, 'lr': 0.0010188663284721618, 'weight_decay': 0.00043841839903881007, 'base_alpha_sell': 1.0553118168909603, 'base_alpha_neutral': 0.49274581379397225, 'base_alpha_buy': 1.6865986544320513, 'base_loss_gamma': 1.7572256176092234, 'base_loss_smoothing': 0.2882744820119638, 'asym_gamma_sell': 1.740963630484315, 'asym_gamma_neu': 1.6225914884303037, 'asym_gamma_buy': 1.7952394207166895}. Best is trial 299 with value: 0.5035109606130814.
2026-03-26 23:06:52,522 - INFO - 🔍 RAM-Safe Streaming Scan (Treino): 878 arquivos...
2026-03-26 23:07:40,484 - INFO - ✂️ Double-Chunking (Treino): Expondo fatias de 500,000 amostras aleatórias.
2026-03-26 23:07:40,485 - INFO - 🚀 Pre-loading 500,000 samples into RAM (Lightning Mode)...
2026-03-26 23:10:34,119 - INFO - ✅ RAM-Safe Streaming Dataset: 500,000 sequences indexed and PRE-LOADED.
2026-03-26 23:10:34,120 - INFO - ✅ RAM-Safe Streaming Dataset: 500,000 sequences indexed (Mode: Lightning).
2026-03-26 23:10:34,165 - INFO - 🔍 RAM-Safe Streaming Scan (Val): 274 arquivos...
2026-03-26 23:10:46,117 - INFO - ✂️ Double-Chunking (Val): Expondo fatias de 100,000 amostras aleatórias.
2026-03-26 23:10:46,117 - INFO - 🚀 Pre-loading 100,000 samples into RAM (Lightning Mode)...
2026-03-26 23:11:40,707 - INFO - ✅ RAM-Safe Streaming Dataset: 100,000 sequences indexed and PRE-LOADED.
2026-03-26 23:11:40,710 - INFO - ✅ RAM-Safe Streaming Dataset: 100,000 sequences indexed (Mode: Lightning).
2026-03-26 23:11:41,049 - INFO - Trial 381 START | tcn=256, lstm=256, layers=2, batch=512, seq=256 | RFE=30 | loss=ASYM (g_s=3.66, g_n=0.89, g_b=1.21) | alpha=[1.00, 0.99, 1.48], smooth=0.25
2026-03-26 23:13:23,759 - INFO - T381 E1/10 | [WARN] ZERO_PENALTY | L: 0.52572713/0.51097864 | F1 M MIN: 0.00000000 D: 0.00000000 | [S/N/B]: [0.0000/0.8590/0.5863] | LR: 0.00132923
2026-03-26 23:15:07,889 - INFO - T381 E2/10 | [WARN] ZERO_PENALTY | L: 0.49658612/0.50739444 | F1 M MIN: 0.00000000 D: 0.00000000 | [S/N/B]: [0.0000/0.8591/0.5853] | LR: 0.00123246
2026-03-26 23:16:52,114 - INFO - T381 E3/10 | [WARN] ZERO_PENALTY | L: 0.48901571/0.49741589 | F1 M MIN: 0.00000000 D: 0.00000000 | [S/N/B]: [0.0000/0.8731/0.5943] | LR: 0.00108174
2026-03-26 23:18:36,610 - INFO - T381 E4/10 | [WARN] ZERO_PENALTY | L: 0.48531372/0.49264490 | F1 M MIN: 0.00000000 D: 0.00000000 | [S/N/B]: [0.0000/0.8751/0.5955] | LR: 0.00089182
2026-03-26 23:18:36,665 - INFO - Trial 381 stopped early due to patience limit (4 epochs without improvement)
2026-03-26 23:18:36,915 - INFO - Trial 381 finished with value: 0.0 and parameters: {'tcn_channels': 256, 'lstm_hidden': 256, 'num_lstm_layers': 2, 'batch_size': 512, 'dropout': 0.22193926061543465, 'seq_len': 256, 'lr': 0.0013625766046019983, 'weight_decay': 0.01367723473752434, 'base_alpha_sell': 0.9952956431634497, 'base_alpha_neutral': 0.9876002068753761, 'base_alpha_buy': 1.4802919218014916, 'base_loss_gamma': 3.46156742900553, 'base_loss_smoothing': 0.24537293863594092, 'asym_gamma_sell': 3.6585914793614025, 'asym_gamma_neu': 0.8888470697273027, 'asym_gamma_buy': 1.2103429128822247}. Best is trial 299 with value: 0.5035109606130814.
2026-03-26 23:18:37,434 - INFO - 🔍 RAM-Safe Streaming Scan (Treino): 878 arquivos...
2026-03-26 23:19:26,303 - INFO - ✂️ Double-Chunking (Treino): Expondo fatias de 500,000 amostras aleatórias.
2026-03-26 23:19:26,309 - INFO - 🚀 Pre-loading 500,000 samples into RAM (Lightning Mode)...
2026-03-26 23:22:23,168 - INFO - ✅ RAM-Safe Streaming Dataset: 500,000 sequences indexed and PRE-LOADED.
2026-03-26 23:22:23,169 - INFO - ✅ RAM-Safe Streaming Dataset: 500,000 sequences indexed (Mode: Lightning).
2026-03-26 23:22:23,215 - INFO - 🔍 RAM-Safe Streaming Scan (Val): 274 arquivos...
2026-03-26 23:22:35,731 - INFO - ✂️ Double-Chunking (Val): Expondo fatias de 100,000 amostras aleatórias.
2026-03-26 23:22:35,731 - INFO - 🚀 Pre-loading 100,000 samples into RAM (Lightning Mode)...
2026-03-26 23:23:28,871 - INFO - ✅ RAM-Safe Streaming Dataset: 100,000 sequences indexed and PRE-LOADED.
2026-03-26 23:23:28,873 - INFO - ✅ RAM-Safe Streaming Dataset: 100,000 sequences indexed (Mode: Lightning).
2026-03-26 23:23:29,224 - INFO - Trial 382 START | tcn=64, lstm=32, layers=2, batch=512, seq=192 | RFE=30 | loss=ASYM (g_s=0.90, g_n=1.47, g_b=2.08) | alpha=[1.02, 0.69, 1.28], smooth=0.27
2026-03-26 23:24:07,111 - INFO - T382 E1/10 | [WARN] ZERO_PENALTY | L: 0.49733448/0.43907565 | F1 M MIN: 0.00000000 D: 0.00000000 | [S/N/B]: [0.0000/0.8058/0.5589] | LR: 0.00100802
2026-03-26 23:24:45,099 - INFO - T382 E2/10 | [WARN] ZERO_PENALTY | L: 0.47257568/0.43635566 | F1 M MIN: 0.00000000 D: 0.00000000 | [S/N/B]: [0.0000/0.7879/0.5523] | LR: 0.00093464
2026-03-26 23:25:22,598 - INFO - T382 E3/10 | [WARN] ZERO_PENALTY | L: 0.46797261/0.42796825 | F1 M MIN: 0.00000000 D: 0.00000000 | [S/N/B]: [0.0000/0.8181/0.5653] | LR: 0.00082034
2026-03-26 23:26:00,205 - INFO - T382 E4/10 | [WARN] ZERO_PENALTY | L: 0.46481144/0.42510657 | F1 M MIN: 0.00000000 D: 0.00000000 | [S/N/B]: [0.0000/0.8279/0.5696] | LR: 0.00067631
2026-03-26 23:26:00,250 - INFO - Trial 382 stopped early due to patience limit (4 epochs without improvement)
2026-03-26 23:26:00,443 - INFO - Trial 382 finished with value: 0.0 and parameters: {'tcn_channels': 64, 'lstm_hidden': 32, 'num_lstm_layers': 2, 'batch_size': 512, 'dropout': 0.3563907997416758, 'seq_len': 192, 'lr': 0.0010333107793862417, 'weight_decay': 0.0018965257561248366, 'base_alpha_sell': 1.0179216699393376, 'base_alpha_neutral': 0.6902450923310782, 'base_alpha_buy': 1.2789100531784774, 'base_loss_gamma': 3.6882968452766214, 'base_loss_smoothing': 0.26800425246023935, 'asym_gamma_sell': 0.8959562974818533, 'asym_gamma_neu': 1.4704509681262952, 'asym_gamma_buy': 2.078248472680131}. Best is trial 299 with value: 0.5035109606130814.
2026-03-26 23:26:00,967 - INFO - 🔍 RAM-Safe Streaming Scan (Treino): 878 arquivos...
2026-03-26 23:26:49,052 - INFO - ✂️ Double-Chunking (Treino): Expondo fatias de 500,000 amostras aleatórias.
2026-03-26 23:26:49,053 - INFO - 🚀 Pre-loading 500,000 samples into RAM (Lightning Mode)...
2026-03-26 23:29:50,564 - INFO - ✅ RAM-Safe Streaming Dataset: 500,000 sequences indexed and PRE-LOADED.
2026-03-26 23:29:50,566 - INFO - ✅ RAM-Safe Streaming Dataset: 500,000 sequences indexed (Mode: Lightning).
2026-03-26 23:29:50,611 - INFO - 🔍 RAM-Safe Streaming Scan (Val): 274 arquivos...
2026-03-26 23:30:02,995 - INFO - ✂️ Double-Chunking (Val): Expondo fatias de 100,000 amostras aleatórias.
2026-03-26 23:30:02,995 - INFO - 🚀 Pre-loading 100,000 samples into RAM (Lightning Mode)...
2026-03-26 23:30:57,308 - INFO - ✅ RAM-Safe Streaming Dataset: 100,000 sequences indexed and PRE-LOADED.
2026-03-26 23:30:57,310 - INFO - ✅ RAM-Safe Streaming Dataset: 100,000 sequences indexed (Mode: Lightning).
2026-03-26 23:30:57,654 - INFO - Trial 383 START | tcn=128, lstm=32, layers=3, batch=512, seq=256 | RFE=30 | loss=ASYM (g_s=3.06, g_n=0.30, g_b=3.10) | alpha=[1.61, 0.78, 1.59], smooth=0.24
2026-03-26 23:31:41,150 - INFO - T383 E1/10 | [OK] | L: 0.68866539/0.68951828 | F1 M MIN: 0.14354023 D: 0.36011730 | [S/N/B]: [0.5767/0.7313/0.1435] | LR: 0.00037367
2026-03-26 23:32:25,022 - INFO - T383 E2/10 | [OK] | L: 0.63422024/0.66434621 | F1 M MIN: 0.03411207 D: 0.30775224 | [S/N/B]: [0.5814/0.8058/0.0341] | LR: 0.00034647
2026-03-26 23:33:08,896 - INFO - T383 E3/10 | [WARN] ZERO_PENALTY | L: 0.62158863/0.65746990 | F1 M MIN: 0.00000000 D: 0.00000000 | [S/N/B]: [0.5673/0.7987/0.0000] | LR: 0.00030410
2026-03-26 23:33:53,023 - INFO - T383 E4/10 | [WARN] ZERO_PENALTY | L: 0.61527983/0.65745842 | F1 M MIN: 0.00000000 D: 0.00000000 | [S/N/B]: [0.5691/0.8043/0.0000] | LR: 0.00025070
2026-03-26 23:34:37,022 - INFO - T383 E5/10 | [WARN] ZERO_PENALTY | L: 0.61159371/0.65284137 | F1 M MIN: 0.00000000 D: 0.00000000 | [S/N/B]: [0.5718/0.8098/0.0000] | LR: 0.00019152
2026-03-26 23:34:37,064 - INFO - Trial 383 stopped early due to patience limit (4 epochs without improvement)
2026-03-26 23:34:37,289 - INFO - Trial 383 finished with value: 0.14354023407258984 and parameters: {'tcn_channels': 128, 'lstm_hidden': 32, 'num_lstm_layers': 3, 'batch_size': 512, 'dropout': 0.20848791784340992, 'seq_len': 256, 'lr': 0.0003830430186563575, 'weight_decay': 0.009932270477751191, 'base_alpha_sell': 1.6133098150878844, 'base_alpha_neutral': 0.7794937621974624, 'base_alpha_buy': 1.5866269963953996, 'base_loss_gamma': 2.2361005724392253, 'base_loss_smoothing': 0.23608599704110383, 'asym_gamma_sell': 3.0635300160899557, 'asym_gamma_neu': 0.3042275313742266, 'asym_gamma_buy': 3.1000095728236956}. Best is trial 299 with value: 0.5035109606130814.
2026-03-26 23:34:37,831 - INFO - 🔍 RAM-Safe Streaming Scan (Treino): 878 arquivos...
2026-03-26 23:35:27,156 - INFO - ✂️ Double-Chunking (Treino): Expondo fatias de 500,000 amostras aleatórias.
2026-03-26 23:35:27,157 - INFO - 🚀 Pre-loading 500,000 samples into RAM (Lightning Mode)...
2026-03-26 23:38:30,386 - INFO - ✅ RAM-Safe Streaming Dataset: 500,000 sequences indexed and PRE-LOADED.
2026-03-26 23:38:30,388 - INFO - ✅ RAM-Safe Streaming Dataset: 500,000 sequences indexed (Mode: Lightning).
2026-03-26 23:38:30,435 - INFO - 🔍 RAM-Safe Streaming Scan (Val): 274 arquivos...
2026-03-26 23:38:43,146 - INFO - ✂️ Double-Chunking (Val): Expondo fatias de 100,000 amostras aleatórias.
2026-03-26 23:38:43,147 - INFO - 🚀 Pre-loading 100,000 samples into RAM (Lightning Mode)...
2026-03-26 23:39:36,592 - INFO - ✅ RAM-Safe Streaming Dataset: 100,000 sequences indexed and PRE-LOADED.
2026-03-26 23:39:36,593 - INFO - ✅ RAM-Safe Streaming Dataset: 100,000 sequences indexed (Mode: Lightning).
2026-03-26 23:39:36,923 - INFO - Trial 384 START | tcn=256, lstm=256, layers=2, batch=512, seq=256 | RFE=30 | loss=ASYM (g_s=1.76, g_n=1.49, g_b=3.56) | alpha=[1.14, 1.03, 1.39], smooth=0.31
2026-03-26 23:41:19,508 - INFO - T384 E1/10 | [OK] | L: 0.51000854/0.49623158 | F1 M MIN: 0.03383141 D: 0.30628528 | [S/N/B]: [0.0338/0.8553/0.5787] | LR: 0.00069483
2026-03-26 23:43:03,401 - INFO - T384 E2/10 | [OK] | L: 0.48490237/0.47498986 | F1 M MIN: 0.00094480 D: 0.29884327 | [S/N/B]: [0.0009/0.8803/0.5967] | LR: 0.00064424
2026-03-26 23:44:47,438 - INFO - T384 E3/10 | [OK] | L: 0.47984643/0.47591609 | F1 M MIN: 0.00614162 D: 0.30116272 | [S/N/B]: [0.0061/0.8807/0.5962] | LR: 0.00056546
2026-03-26 23:46:31,732 - INFO - T384 E4/10 | [OK] | L: 0.47700191/0.46966280 | F1 M MIN: 0.43332371 D: 0.46897871 | [S/N/B]: [0.5046/0.8891/0.4333] | LR: 0.00046618
2026-03-26 23:48:16,200 - INFO - T384 E5/10 | [OK] | L: 0.47368361/0.46876120 | F1 M MIN: 0.47948221 D: 0.48767969 | [S/N/B]: [0.4959/0.8868/0.4795] | LR: 0.00035613
2026-03-26 23:50:00,798 - INFO - T384 E6/10 | [OK] | L: 0.46909259/0.47075511 | F1 M MIN: 0.47125723 D: 0.50457870 | [S/N/B]: [0.5379/0.8748/0.4713] | LR: 0.00024608
2026-03-26 23:51:45,387 - INFO - T384 E7/10 | [OK] | L: 0.46470724/0.46690919 | F1 M MIN: 0.33856911 D: 0.45813579 | [S/N/B]: [0.3386/0.8813/0.5777] | LR: 0.00014680
2026-03-26 23:53:30,198 - INFO - T384 E8/10 | [OK] | L: 0.46137007/0.46737244 | F1 M MIN: 0.50503720 D: 0.50621863 | [S/N/B]: [0.5074/0.8789/0.5050] | LR: 0.00006801
2026-03-26 23:53:30,326 - INFO - [BEST MACRO]  Trial 384 | Global F1 M MIN record: 0.50503720 (prev: 0.50351096) -> saved best_tcn_lstm.pt
2026-03-26 23:55:14,937 - INFO - T384 E9/10 | [OK] | L: 0.45923425/0.46547317 | F1 M MIN: 0.49950249 D: 0.51063285 | [S/N/B]: [0.4995/0.8796/0.5218] | LR: 0.00001743
2026-03-26 23:55:15,072 - INFO - [BEST DIR]    Trial 384 | Global F1 Dir record: 0.51063285 (prev: 0.50802013) -> saved best_tcn_lstm_dir.pt
2026-03-26 23:56:59,642 - INFO - T384 E10/10 | [OK] | L: 0.45777378/0.46448209 | F1 M MIN: 0.49417028 D: 0.51064810 | [S/N/B]: [0.4942/0.8812/0.5271] | LR: 0.00000000
2026-03-26 23:56:59,677 - INFO - [BEST DIR]    Trial 384 | Global F1 Dir record: 0.51064810 (prev: 0.51063285) -> saved best_tcn_lstm_dir.pt
2026-03-26 23:57:00,116 - INFO - Trial 384 finished with value: 0.5050372005268592 and parameters: {'tcn_channels': 256, 'lstm_hidden': 256, 'num_lstm_layers': 2, 'batch_size': 512, 'dropout': 0.27346176420851814, 'seq_len': 256, 'lr': 0.0007122591836333119, 'weight_decay': 0.01039999212878067, 'base_alpha_sell': 1.1438283014711244, 'base_alpha_neutral': 1.0257114084524597, 'base_alpha_buy': 1.3925995444484711, 'base_loss_gamma': 3.5056088498369977, 'base_loss_smoothing': 0.3076922158198972, 'asym_gamma_sell': 1.7557034503270845, 'asym_gamma_neu': 1.4897728032678372, 'asym_gamma_buy': 3.55890196969621}. Best is trial 384 with value: 0.5050372005268592.
2026-03-26 23:57:00,874 - INFO - 🔍 RAM-Safe Streaming Scan (Treino): 878 arquivos...
2026-03-26 23:57:49,415 - INFO - ✂️ Double-Chunking (Treino): Expondo fatias de 500,000 amostras aleatórias.
2026-03-26 23:57:49,416 - INFO - 🚀 Pre-loading 500,000 samples into RAM (Lightning Mode)...
2026-03-27 00:00:50,443 - INFO - ✅ RAM-Safe Streaming Dataset: 500,000 sequences indexed and PRE-LOADED.
2026-03-27 00:00:50,445 - INFO - ✅ RAM-Safe Streaming Dataset: 500,000 sequences indexed (Mode: Lightning).
2026-03-27 00:00:50,490 - INFO - 🔍 RAM-Safe Streaming Scan (Val): 274 arquivos...
2026-03-27 00:01:03,228 - INFO - ✂️ Double-Chunking (Val): Expondo fatias de 100,000 amostras aleatórias.
2026-03-27 00:01:03,228 - INFO - 🚀 Pre-loading 100,000 samples into RAM (Lightning Mode)...
2026-03-27 00:01:55,872 - INFO - ✅ RAM-Safe Streaming Dataset: 100,000 sequences indexed and PRE-LOADED.
2026-03-27 00:01:55,873 - INFO - ✅ RAM-Safe Streaming Dataset: 100,000 sequences indexed (Mode: Lightning).
2026-03-27 00:01:56,249 - INFO - Trial 385 START | tcn=512, lstm=256, layers=2, batch=512, seq=144 | RFE=30 | loss=ASYM (g_s=0.60, g_n=1.25, g_b=0.57) | alpha=[1.14, 0.63, 1.14], smooth=0.32
2026-03-27 00:03:42,401 - INFO - T385 E1/10 | [OK] | L: 0.65665545/0.57580646 | F1 M MIN: 0.30608796 D: 0.42465071 | [S/N/B]: [0.5432/0.8311/0.3061] | LR: 0.00177573
2026-03-27 00:05:29,841 - INFO - T385 E2/10 | [OK] | L: 0.64002962/0.57658973 | F1 M MIN: 0.37460907 D: 0.42874105 | [S/N/B]: [0.3746/0.8177/0.4829] | LR: 0.00164645
2026-03-27 00:07:17,342 - INFO - T385 E3/10 | [OK] | L: 0.63629179/0.57598903 | F1 M MIN: 0.27577794 D: 0.41366490 | [S/N/B]: [0.5516/0.7982/0.2758] | LR: 0.00144510
2026-03-27 00:09:04,996 - INFO - T385 E4/10 | [OK] | L: 0.63349398/0.57221305 | F1 M MIN: 0.45817579 D: 0.46785502 | [S/N/B]: [0.4582/0.8006/0.4775] | LR: 0.00119139
2026-03-27 00:10:52,610 - INFO - T385 E5/10 | [OK] | L: 0.62992774/0.56719351 | F1 M MIN: 0.37797735 D: 0.46570983 | [S/N/B]: [0.5534/0.8279/0.3780] | LR: 0.00091014
2026-03-27 00:12:40,415 - INFO - T385 E6/10 | [OK] | L: 0.62694852/0.56696038 | F1 M MIN: 0.34203108 D: 0.45265079 | [S/N/B]: [0.5633/0.8255/0.3420] | LR: 0.00062889
2026-03-27 00:14:28,161 - INFO - T385 E7/10 | [OK] | L: 0.62444136/0.56393027 | F1 M MIN: 0.45547889 D: 0.48480586 | [S/N/B]: [0.5141/0.8323/0.4555] | LR: 0.00037517
2026-03-27 00:16:16,013 - INFO - T385 E8/10 | [OK] | L: 0.62206785/0.56593853 | F1 M MIN: 0.46020743 D: 0.48199977 | [S/N/B]: [0.5038/0.8207/0.4602] | LR: 0.00017382
2026-03-27 00:18:03,811 - INFO - T385 E9/10 | [OK] | L: 0.61989686/0.56449122 | F1 M MIN: 0.44083920 D: 0.48336597 | [S/N/B]: [0.5259/0.8245/0.4408] | LR: 0.00004455
2026-03-27 00:19:51,528 - INFO - T385 E10/10 | [OK] | L: 0.61843601/0.56578038 | F1 M MIN: 0.46934935 D: 0.48100670 | [S/N/B]: [0.4927/0.8166/0.4693] | LR: 0.00000000
2026-03-27 00:19:51,759 - INFO - Trial 385 finished with value: 0.4693493534966423 and parameters: {'tcn_channels': 512, 'lstm_hidden': 256, 'num_lstm_layers': 2, 'batch_size': 512, 'dropout': 0.31087948598424703, 'seq_len': 144, 'lr': 0.0018202747405040866, 'weight_decay': 0.0026193419200870125, 'base_alpha_sell': 1.141734961332989, 'base_alpha_neutral': 0.6334519541620903, 'base_alpha_buy': 1.1408910741107032, 'base_loss_gamma': 2.918587178364466, 'base_loss_smoothing': 0.32142820735288913, 'asym_gamma_sell': 0.6000970585010362, 'asym_gamma_neu': 1.252171201662999, 'asym_gamma_buy': 0.5722043140380384}. Best is trial 384 with value: 0.5050372005268592.
2026-03-27 00:19:52,187 - INFO - 🔍 RAM-Safe Streaming Scan (Treino): 878 arquivos...
2026-03-27 00:20:39,726 - INFO - ✂️ Double-Chunking (Treino): Expondo fatias de 500,000 amostras aleatórias.
2026-03-27 00:20:39,727 - INFO - 🚀 Pre-loading 500,000 samples into RAM (Lightning Mode)...
2026-03-27 00:23:35,417 - INFO - ✅ RAM-Safe Streaming Dataset: 500,000 sequences indexed and PRE-LOADED.
2026-03-27 00:23:35,419 - INFO - ✅ RAM-Safe Streaming Dataset: 500,000 sequences indexed (Mode: Lightning).
2026-03-27 00:23:35,465 - INFO - 🔍 RAM-Safe Streaming Scan (Val): 274 arquivos...
2026-03-27 00:23:47,977 - INFO - ✂️ Double-Chunking (Val): Expondo fatias de 100,000 amostras aleatórias.
2026-03-27 00:23:47,977 - INFO - 🚀 Pre-loading 100,000 samples into RAM (Lightning Mode)...
2026-03-27 00:24:40,751 - INFO - ✅ RAM-Safe Streaming Dataset: 100,000 sequences indexed and PRE-LOADED.
2026-03-27 00:24:40,752 - INFO - ✅ RAM-Safe Streaming Dataset: 100,000 sequences indexed (Mode: Lightning).
2026-03-27 00:24:41,179 - INFO - Trial 386 START | tcn=512, lstm=256, layers=2, batch=512, seq=144 | RFE=30 | loss=ASYM (g_s=1.02, g_n=1.18, g_b=1.12) | alpha=[1.34, 0.52, 0.92], smooth=0.29
2026-03-27 00:26:27,650 - INFO - T386 E1/10 | [WARN] ZERO_PENALTY | L: 0.49022121/0.43986434 | F1 M MIN: 0.00000000 D: 0.00000000 | [S/N/B]: [0.5312/0.6973/0.0000] | LR: 0.00092745
2026-03-27 00:28:15,618 - INFO - T386 E2/10 | [WARN] ZERO_PENALTY | L: 0.47362185/0.43537679 | F1 M MIN: 0.00000000 D: 0.00000000 | [S/N/B]: [0.5457/0.7459/0.0000] | LR: 0.00085993
2026-03-27 00:30:03,542 - INFO - T386 E3/10 | [OK] | L: 0.46961760/0.43233714 | F1 M MIN: 0.00878928 D: 0.27532505 | [S/N/B]: [0.5419/0.7306/0.0088] | LR: 0.00075476
2026-03-27 00:31:51,741 - INFO - T386 E4/10 | [OK] | L: 0.46531615/0.43047769 | F1 M MIN: 0.09618038 D: 0.32038659 | [S/N/B]: [0.5446/0.7365/0.0962] | LR: 0.00062225
2026-03-27 00:33:39,809 - INFO - T386 E5/10 | [OK] | L: 0.46215636/0.42871663 | F1 M MIN: 0.14522100 D: 0.34841200 | [S/N/B]: [0.5516/0.7506/0.1452] | LR: 0.00047536
2026-03-27 00:33:39,927 - INFO - Trial 386 pruned by Optuna at epoch 5
