2026-03-27 02:27:17,245 - INFO - Trial 394 finished with value: 0.0 and parameters: {'tcn_channels': 256, 'lstm_hidden': 256, 'num_lstm_layers': 3, 'batch_size': 512, 'dropout': 0.21737098368712723, 'seq_len': 96, 'lr': 0.001978384082971158, 'weight_decay': 0.01406123305969418, 'base_alpha_sell': 1.6809992761137793, 'base_alpha_neutral': 1.0365617104473237, 'base_alpha_buy': 1.3713286263795013, 'base_loss_gamma': 2.572787012373201, 'base_loss_smoothing': 0.3206397288743421, 'asym_gamma_sell': 3.103125484773278, 'asym_gamma_neu': 1.2144889535246808, 'asym_gamma_buy': 4.2171404387123035}. Best is trial 384 with value: 0.5050372005268592.
2026-03-27 02:27:17,786 - INFO - 🔍 RAM-Safe Streaming Scan (Treino): 878 arquivos...
2026-03-27 02:28:05,504 - INFO - ✂️ Double-Chunking (Treino): Expondo fatias de 500,000 amostras aleatórias.
2026-03-27 02:28:05,510 - INFO - 🚀 Pre-loading 500,000 samples into RAM (Lightning Mode)...
2026-03-27 02:31:06,471 - INFO - ✅ RAM-Safe Streaming Dataset: 500,000 sequences indexed and PRE-LOADED.
2026-03-27 02:31:06,473 - INFO - ✅ RAM-Safe Streaming Dataset: 500,000 sequences indexed (Mode: Lightning).
2026-03-27 02:31:06,518 - INFO - 🔍 RAM-Safe Streaming Scan (Val): 274 arquivos...
2026-03-27 02:31:18,578 - INFO - ✂️ Double-Chunking (Val): Expondo fatias de 100,000 amostras aleatórias.
2026-03-27 02:31:18,578 - INFO - 🚀 Pre-loading 100,000 samples into RAM (Lightning Mode)...
2026-03-27 02:32:14,159 - INFO - ✅ RAM-Safe Streaming Dataset: 100,000 sequences indexed and PRE-LOADED.
2026-03-27 02:32:14,160 - INFO - ✅ RAM-Safe Streaming Dataset: 100,000 sequences indexed (Mode: Lightning).
2026-03-27 02:32:14,486 - INFO - Trial 395 START | tcn=256, lstm=256, layers=2, batch=1024, seq=256 | RFE=30 | loss=ASYM (g_s=2.78, g_n=1.44, g_b=3.18) | alpha=[1.41, 1.03, 1.33], smooth=0.28
2026-03-27 02:34:00,591 - INFO - T395 E1/10 | [WARN] ZERO_PENALTY | L: 0.51921121/0.50308610 | F1 M MIN: 0.00000000 D: 0.00000000 | [S/N/B]: [0.5989/0.8631/0.0000] | LR: 0.00141262
2026-03-27 02:35:47,470 - INFO - T395 E2/10 | [OK] | L: 0.49094843/0.49291033 | F1 M MIN: 0.00088554 D: 0.30297038 | [S/N/B]: [0.6051/0.8737/0.0009] | LR: 0.00130978
2026-03-27 02:37:35,097 - INFO - T395 E3/10 | [OK] | L: 0.48470869/0.48828369 | F1 M MIN: 0.01854736 D: 0.31405770 | [S/N/B]: [0.6096/0.8798/0.0185] | LR: 0.00114960
2026-03-27 02:39:22,451 - INFO - T395 E4/10 | [OK] | L: 0.48037581/0.48587684 | F1 M MIN: 0.13138878 D: 0.36943318 | [S/N/B]: [0.6075/0.8724/0.1314] | LR: 0.00094776
2026-03-27 02:41:10,429 - INFO - T395 E5/10 | [OK] | L: 0.47391656/0.47913040 | F1 M MIN: 0.35809364 D: 0.47226444 | [S/N/B]: [0.5864/0.8774/0.3581] | LR: 0.00072403
2026-03-27 02:42:58,345 - INFO - T395 E6/10 | [OK] | L: 0.46905732/0.47724090 | F1 M MIN: 0.42449933 D: 0.49855356 | [S/N/B]: [0.5726/0.8791/0.4245] | LR: 0.00050029
2026-03-27 02:44:46,224 - INFO - T395 E7/10 | [OK] | L: 0.46533942/0.47608638 | F1 M MIN: 0.43497933 D: 0.50482526 | [S/N/B]: [0.5747/0.8767/0.4350] | LR: 0.00029845
2026-03-27 02:46:33,884 - INFO - T395 E8/10 | [OK] | L: 0.46192158/0.47595462 | F1 M MIN: 0.33275527 D: 0.46517804 | [S/N/B]: [0.5976/0.8748/0.3328] | LR: 0.00013828
2026-03-27 02:48:21,683 - INFO - T395 E9/10 | [OK] | L: 0.45909644/0.47702095 | F1 M MIN: 0.41739474 D: 0.49967867 | [S/N/B]: [0.5820/0.8719/0.4174] | LR: 0.00003544
2026-03-27 02:48:21,864 - INFO - Trial 395 pruned by Optuna at epoch 9
2026-03-27 02:48:21,969 - INFO - Trial 395 pruned.
2026-03-27 02:48:22,580 - INFO - 🔍 RAM-Safe Streaming Scan (Treino): 878 arquivos...
2026-03-27 02:49:10,573 - INFO - ✂️ Double-Chunking (Treino): Expondo fatias de 500,000 amostras aleatórias.
2026-03-27 02:49:10,574 - INFO - 🚀 Pre-loading 500,000 samples into RAM (Lightning Mode)...
2026-03-27 02:52:09,956 - INFO - ✅ RAM-Safe Streaming Dataset: 500,000 sequences indexed and PRE-LOADED.
2026-03-27 02:52:09,958 - INFO - ✅ RAM-Safe Streaming Dataset: 500,000 sequences indexed (Mode: Lightning).
2026-03-27 02:52:10,004 - INFO - 🔍 RAM-Safe Streaming Scan (Val): 274 arquivos...
2026-03-27 02:52:21,979 - INFO - ✂️ Double-Chunking (Val): Expondo fatias de 100,000 amostras aleatórias.
2026-03-27 02:52:21,980 - INFO - 🚀 Pre-loading 100,000 samples into RAM (Lightning Mode)...
2026-03-27 02:53:15,383 - INFO - ✅ RAM-Safe Streaming Dataset: 100,000 sequences indexed and PRE-LOADED.
2026-03-27 02:53:15,390 - INFO - ✅ RAM-Safe Streaming Dataset: 100,000 sequences indexed (Mode: Lightning).
2026-03-27 02:53:15,772 - INFO - Trial 396 START | tcn=256, lstm=256, layers=2, batch=512, seq=144 | RFE=30 | loss=ASYM (g_s=0.90, g_n=1.35, g_b=1.49) | alpha=[1.09, 0.71, 1.14], smooth=0.31
2026-03-27 02:54:16,098 - INFO - T396 E1/10 | [OK] | L: 0.53248647/0.48219837 | F1 M MIN: 0.10444508 D: 0.35065273 | [S/N/B]: [0.5969/0.8372/0.1044] | LR: 0.00062726
2026-03-27 02:55:17,254 - INFO - T396 E2/10 | [OK] | L: 0.51475745/0.47365640 | F1 M MIN: 0.23153180 D: 0.40536671 | [S/N/B]: [0.5792/0.8493/0.2315] | LR: 0.00058160
2026-03-27 02:56:18,512 - INFO - T396 E3/10 | [OK] | L: 0.51104105/0.47508144 | F1 M MIN: 0.28549323 D: 0.42190552 | [S/N/B]: [0.5583/0.8374/0.2855] | LR: 0.00051047
2026-03-27 02:57:20,031 - INFO - T396 E4/10 | [OK] | L: 0.50799121/0.47248874 | F1 M MIN: 0.39955162 D: 0.46733418 | [S/N/B]: [0.5351/0.8392/0.3996] | LR: 0.00042085
2026-03-27 02:58:21,547 - INFO - T396 E5/10 | [OK] | L: 0.50530821/0.46858996 | F1 M MIN: 0.41311796 D: 0.47181412 | [S/N/B]: [0.5305/0.8501/0.4131] | LR: 0.00032150
2026-03-27 02:59:23,108 - INFO - T396 E6/10 | [OK] | L: 0.50279441/0.46592741 | F1 M MIN: 0.43562795 D: 0.48375184 | [S/N/B]: [0.5319/0.8580/0.4356] | LR: 0.00022215
2026-03-27 03:00:24,531 - INFO - T396 E7/10 | [OK] | L: 0.50044991/0.46863789 | F1 M MIN: 0.44658089 D: 0.48405989 | [S/N/B]: [0.5215/0.8354/0.4466] | LR: 0.00013253
2026-03-27 03:01:26,108 - INFO - T396 E8/10 | [OK] | L: 0.49847587/0.46835112 | F1 M MIN: 0.44848841 D: 0.48606356 | [S/N/B]: [0.5236/0.8327/0.4485] | LR: 0.00006140
2026-03-27 03:02:27,509 - INFO - T396 E9/10 | [OK] | L: 0.49703200/0.46586085 | F1 M MIN: 0.47060088 D: 0.48953773 | [S/N/B]: [0.5085/0.8480/0.4706] | LR: 0.00001574
2026-03-27 03:03:29,303 - INFO - T396 E10/10 | [OK] | L: 0.49610514/0.46662712 | F1 M MIN: 0.46084905 D: 0.48993969 | [S/N/B]: [0.5190/0.8440/0.4608] | LR: 0.00000000
2026-03-27 03:03:29,645 - INFO - Trial 396 finished with value: 0.4706008775857437 and parameters: {'tcn_channels': 256, 'lstm_hidden': 256, 'num_lstm_layers': 2, 'batch_size': 512, 'dropout': 0.4285919520736414, 'seq_len': 144, 'lr': 0.0006429974176846437, 'weight_decay': 0.006180912402225321, 'base_alpha_sell': 1.0912184974476744, 'base_alpha_neutral': 0.7096657024558508, 'base_alpha_buy': 1.1380907405949359, 'base_loss_gamma': 3.752946519749755, 'base_loss_smoothing': 0.31077731013202753, 'asym_gamma_sell': 0.902040923171915, 'asym_gamma_neu': 1.350837334632891, 'asym_gamma_buy': 1.4939883554525681}. Best is trial 384 with value: 0.5050372005268592.
2026-03-27 03:03:30,183 - INFO - 🔍 RAM-Safe Streaming Scan (Treino): 878 arquivos...
2026-03-27 03:04:19,165 - INFO - ✂️ Double-Chunking (Treino): Expondo fatias de 500,000 amostras aleatórias.
2026-03-27 03:04:19,166 - INFO - 🚀 Pre-loading 500,000 samples into RAM (Lightning Mode)...
2026-03-27 03:07:13,971 - INFO - ✅ RAM-Safe Streaming Dataset: 500,000 sequences indexed and PRE-LOADED.
2026-03-27 03:07:13,972 - INFO - ✅ RAM-Safe Streaming Dataset: 500,000 sequences indexed (Mode: Lightning).
2026-03-27 03:07:14,019 - INFO - 🔍 RAM-Safe Streaming Scan (Val): 274 arquivos...
2026-03-27 03:07:26,331 - INFO - ✂️ Double-Chunking (Val): Expondo fatias de 100,000 amostras aleatórias.
2026-03-27 03:07:26,331 - INFO - 🚀 Pre-loading 100,000 samples into RAM (Lightning Mode)...
2026-03-27 03:08:17,375 - INFO - ✅ RAM-Safe Streaming Dataset: 100,000 sequences indexed and PRE-LOADED.
2026-03-27 03:08:17,377 - INFO - ✅ RAM-Safe Streaming Dataset: 100,000 sequences indexed (Mode: Lightning).
2026-03-27 03:08:17,773 - INFO - Trial 397 START | tcn=512, lstm=256, layers=2, batch=512, seq=192 | RFE=30 | loss=ASYM (g_s=0.86, g_n=1.36, g_b=0.99) | alpha=[1.34, 0.93, 1.29], smooth=0.25
2026-03-27 03:10:47,452 - INFO - T397 E1/10 | [OK] | L: 0.75287309/0.66885073 | F1 M MIN: 0.00094988 D: 0.29473408 | [S/N/B]: [0.5885/0.8546/0.0009] | LR: 0.00156595
2026-03-27 03:13:18,668 - INFO - T397 E2/10 | [OK] | L: 0.72766724/0.66527542 | F1 M MIN: 0.00175067 D: 0.29749383 | [S/N/B]: [0.5932/0.8630/0.0018] | LR: 0.00145195
2026-03-27 03:15:50,010 - INFO - T397 E3/10 | [OK] | L: 0.72196311/0.65704645 | F1 M MIN: 0.19692795 D: 0.38827220 | [S/N/B]: [0.5796/0.8772/0.1969] | LR: 0.00127439
2026-03-27 03:18:21,609 - INFO - T397 E4/10 | [OK] | L: 0.71803543/0.65551134 | F1 M MIN: 0.23076291 D: 0.40778073 | [S/N/B]: [0.5848/0.8773/0.2308] | LR: 0.00105064
2026-03-27 03:20:53,054 - INFO - T397 E5/10 | [OK] | L: 0.71484435/0.65306811 | F1 M MIN: 0.32620549 D: 0.44702937 | [S/N/B]: [0.5679/0.8743/0.3262] | LR: 0.00080262
2026-03-27 03:20:53,224 - INFO - Trial 397 pruned by Optuna at epoch 5
2026-03-27 03:20:53,357 - INFO - Trial 397 pruned.
2026-03-27 03:20:54,055 - INFO - 🔍 RAM-Safe Streaming Scan (Treino): 878 arquivos...
2026-03-27 03:21:43,859 - INFO - ✂️ Double-Chunking (Treino): Expondo fatias de 500,000 amostras aleatórias.
2026-03-27 03:21:43,861 - INFO - 🚀 Pre-loading 500,000 samples into RAM (Lightning Mode)...
2026-03-27 03:24:45,419 - INFO - ✅ RAM-Safe Streaming Dataset: 500,000 sequences indexed and PRE-LOADED.
2026-03-27 03:24:45,420 - INFO - ✅ RAM-Safe Streaming Dataset: 500,000 sequences indexed (Mode: Lightning).
2026-03-27 03:24:45,455 - INFO - 🔍 RAM-Safe Streaming Scan (Val): 274 arquivos...
2026-03-27 03:24:57,802 - INFO - ✂️ Double-Chunking (Val): Expondo fatias de 100,000 amostras aleatórias.
2026-03-27 03:24:57,803 - INFO - 🚀 Pre-loading 100,000 samples into RAM (Lightning Mode)...
2026-03-27 03:25:49,662 - INFO - ✅ RAM-Safe Streaming Dataset: 100,000 sequences indexed and PRE-LOADED.
2026-03-27 03:25:49,663 - INFO - ✅ RAM-Safe Streaming Dataset: 100,000 sequences indexed (Mode: Lightning).
2026-03-27 03:25:50,051 - INFO - Trial 398 START | tcn=64, lstm=256, layers=2, batch=2048, seq=256 | RFE=30 | loss=ASYM (g_s=2.88, g_n=0.58, g_b=3.46) | alpha=[1.11, 0.70, 1.49], smooth=0.32
2026-03-27 03:26:38,978 - INFO - T398 E1/10 | [WARN] ZERO_PENALTY | L: 0.45486768/0.47733118 | F1 M MIN: 0.00000000 D: 0.00000000 | [S/N/B]: [0.0000/0.7550/0.5373] | LR: 0.00081868
2026-03-27 03:27:28,447 - INFO - T398 E2/10 | [WARN] ZERO_PENALTY | L: 0.42719113/0.47400062 | F1 M MIN: 0.00000000 D: 0.00000000 | [S/N/B]: [0.0000/0.7375/0.5344] | LR: 0.00075908
2026-03-27 03:28:18,230 - INFO - T398 E3/10 | [WARN] ZERO_PENALTY | L: 0.41920692/0.46064721 | F1 M MIN: 0.00000000 D: 0.00000000 | [S/N/B]: [0.0000/0.7799/0.5491] | LR: 0.00066625
2026-03-27 03:29:08,079 - INFO - T398 E4/10 | [WARN] ZERO_PENALTY | L: 0.41444232/0.45764007 | F1 M MIN: 0.00000000 D: 0.00000000 | [S/N/B]: [0.0000/0.7962/0.5558] | LR: 0.00054928
2026-03-27 03:29:08,151 - INFO - Trial 398 stopped early due to patience limit (4 epochs without improvement)
2026-03-27 03:29:08,385 - INFO - Trial 398 finished with value: 0.0 and parameters: {'tcn_channels': 64, 'lstm_hidden': 256, 'num_lstm_layers': 2, 'batch_size': 2048, 'dropout': 0.39233345069001163, 'seq_len': 256, 'lr': 0.0008392198895029572, 'weight_decay': 0.0004560878184926193, 'base_alpha_sell': 1.112358500638194, 'base_alpha_neutral': 0.6976017762867, 'base_alpha_buy': 1.48888925151943, 'base_loss_gamma': 0.7547345671432375, 'base_loss_smoothing': 0.31740257640741937, 'asym_gamma_sell': 2.8794799654821346, 'asym_gamma_neu': 0.5768027673096314, 'asym_gamma_buy': 3.462146033602484}. Best is trial 384 with value: 0.5050372005268592.
2026-03-27 03:29:08,936 - INFO - 🔍 RAM-Safe Streaming Scan (Treino): 878 arquivos...
2026-03-27 03:29:57,431 - INFO - ✂️ Double-Chunking (Treino): Expondo fatias de 500,000 amostras aleatórias.
2026-03-27 03:29:57,432 - INFO - 🚀 Pre-loading 500,000 samples into RAM (Lightning Mode)...
2026-03-27 03:32:57,103 - INFO - ✅ RAM-Safe Streaming Dataset: 500,000 sequences indexed and PRE-LOADED.
2026-03-27 03:32:57,111 - INFO - ✅ RAM-Safe Streaming Dataset: 500,000 sequences indexed (Mode: Lightning).
2026-03-27 03:32:57,157 - INFO - 🔍 RAM-Safe Streaming Scan (Val): 274 arquivos...
2026-03-27 03:33:09,230 - INFO - ✂️ Double-Chunking (Val): Expondo fatias de 100,000 amostras aleatórias.
2026-03-27 03:33:09,230 - INFO - 🚀 Pre-loading 100,000 samples into RAM (Lightning Mode)...
2026-03-27 03:34:01,513 - INFO - ✅ RAM-Safe Streaming Dataset: 100,000 sequences indexed and PRE-LOADED.
2026-03-27 03:34:01,514 - INFO - ✅ RAM-Safe Streaming Dataset: 100,000 sequences indexed (Mode: Lightning).
2026-03-27 03:34:01,915 - INFO - Trial 399 START | tcn=256, lstm=256, layers=2, batch=512, seq=144 | RFE=30 | loss=ASYM (g_s=0.68, g_n=0.65, g_b=0.97) | alpha=[0.82, 0.80, 1.01], smooth=0.30
2026-03-27 03:35:02,045 - INFO - T399 E1/10 | [WARN] ZERO_PENALTY | L: 0.54935734/0.51175448 | F1 M MIN: 0.00000000 D: 0.00000000 | [S/N/B]: [0.0000/0.8783/0.5963] | LR: 0.00118066
2026-03-27 03:36:02,963 - INFO - T399 E2/10 | [WARN] ZERO_PENALTY | L: 0.53217422/0.50897068 | F1 M MIN: 0.00000000 D: 0.00000000 | [S/N/B]: [0.0000/0.8831/0.5987] | LR: 0.00109471
2026-03-27 03:37:04,109 - INFO - T399 E3/10 | [WARN] ZERO_PENALTY | L: 0.52827925/0.50820380 | F1 M MIN: 0.00000000 D: 0.00000000 | [S/N/B]: [0.0000/0.8849/0.5991] | LR: 0.00096083
2026-03-27 03:38:05,650 - INFO - T399 E4/10 | [OK] | L: 0.52569651/0.50816202 | F1 M MIN: 0.14639711 D: 0.36499878 | [S/N/B]: [0.1464/0.8812/0.5836] | LR: 0.00079214
2026-03-27 03:39:06,998 - INFO - T399 E5/10 | [OK] | L: 0.52283505/0.50551833 | F1 M MIN: 0.29723847 D: 0.43516290 | [S/N/B]: [0.2972/0.8846/0.5731] | LR: 0.00060514
2026-03-27 03:39:07,150 - INFO - Trial 399 pruned by Optuna at epoch 5
2026-03-27 03:39:07,263 - INFO - Trial 399 pruned.
2026-03-27 03:39:07,893 - INFO - 🔍 RAM-Safe Streaming Scan (Treino): 878 arquivos...
2026-03-27 03:39:58,101 - INFO - ✂️ Double-Chunking (Treino): Expondo fatias de 500,000 amostras aleatórias.
2026-03-27 03:39:58,111 - INFO - 🚀 Pre-loading 500,000 samples into RAM (Lightning Mode)...
2026-03-27 03:42:53,509 - INFO - ✅ RAM-Safe Streaming Dataset: 500,000 sequences indexed and PRE-LOADED.
2026-03-27 03:42:53,511 - INFO - ✅ RAM-Safe Streaming Dataset: 500,000 sequences indexed (Mode: Lightning).
2026-03-27 03:42:53,556 - INFO - 🔍 RAM-Safe Streaming Scan (Val): 274 arquivos...
2026-03-27 03:43:05,608 - INFO - ✂️ Double-Chunking (Val): Expondo fatias de 100,000 amostras aleatórias.
2026-03-27 03:43:05,609 - INFO - 🚀 Pre-loading 100,000 samples into RAM (Lightning Mode)...
2026-03-27 03:43:57,838 - INFO - ✅ RAM-Safe Streaming Dataset: 100,000 sequences indexed and PRE-LOADED.
2026-03-27 03:43:57,839 - INFO - ✅ RAM-Safe Streaming Dataset: 100,000 sequences indexed (Mode: Lightning).
2026-03-27 03:43:58,252 - INFO - Trial 400 START | tcn=256, lstm=256, layers=2, batch=512, seq=144 | RFE=30 | loss=ASYM (g_s=1.18, g_n=1.15, g_b=1.99) | alpha=[1.27, 0.71, 1.04], smooth=0.31
2026-03-27 03:44:58,729 - INFO - T400 E1/10 | [WARN] ZERO_PENALTY | L: 0.50916822/0.47026855 | F1 M MIN: 0.00000000 D: 0.00000000 | [S/N/B]: [0.5821/0.8331/0.0000] | LR: 0.00051316
2026-03-27 03:46:00,213 - INFO - T400 E2/10 | [OK] | L: 0.48788128/0.46506796 | F1 M MIN: 0.00754302 D: 0.29415216 | [S/N/B]: [0.5808/0.8309/0.0075] | LR: 0.00047580
2026-03-27 03:47:01,815 - INFO - T400 E3/10 | [OK] | L: 0.48259292/0.46524763 | F1 M MIN: 0.01647290 D: 0.29727173 | [S/N/B]: [0.5781/0.8247/0.0165] | LR: 0.00041761
2026-03-27 03:48:03,648 - INFO - T400 E4/10 | [OK] | L: 0.47885840/0.45901369 | F1 M MIN: 0.01246946 D: 0.29929846 | [S/N/B]: [0.5861/0.8393/0.0125] | LR: 0.00034429
2026-03-27 03:49:05,330 - INFO - T400 E5/10 | [OK] | L: 0.47577295/0.45745321 | F1 M MIN: 0.26200211 D: 0.42246269 | [S/N/B]: [0.5829/0.8546/0.2620] | LR: 0.00026302
2026-03-27 03:49:05,459 - INFO - Trial 400 pruned by Optuna at epoch 5
2026-03-27 03:49:05,554 - INFO - Trial 400 pruned.
2026-03-27 03:49:06,186 - INFO - 🔍 RAM-Safe Streaming Scan (Treino): 878 arquivos...
2026-03-27 03:49:55,605 - INFO - ✂️ Double-Chunking (Treino): Expondo fatias de 500,000 amostras aleatórias.
2026-03-27 03:49:55,610 - INFO - 🚀 Pre-loading 500,000 samples into RAM (Lightning Mode)...
2026-03-27 03:52:45,711 - INFO - ✅ RAM-Safe Streaming Dataset: 500,000 sequences indexed and PRE-LOADED.
2026-03-27 03:52:45,713 - INFO - ✅ RAM-Safe Streaming Dataset: 500,000 sequences indexed (Mode: Lightning).
2026-03-27 03:52:45,759 - INFO - 🔍 RAM-Safe Streaming Scan (Val): 274 arquivos...
2026-03-27 03:52:58,284 - INFO - ✂️ Double-Chunking (Val): Expondo fatias de 100,000 amostras aleatórias.
2026-03-27 03:52:58,284 - INFO - 🚀 Pre-loading 100,000 samples into RAM (Lightning Mode)...
2026-03-27 03:53:50,149 - INFO - ✅ RAM-Safe Streaming Dataset: 100,000 sequences indexed and PRE-LOADED.
2026-03-27 03:53:50,150 - INFO - ✅ RAM-Safe Streaming Dataset: 100,000 sequences indexed (Mode: Lightning).
2026-03-27 03:53:50,473 - INFO - Trial 401 START | tcn=256, lstm=256, layers=2, batch=512, seq=96 | RFE=30 | loss=ASYM (g_s=2.31, g_n=1.89, g_b=2.87) | alpha=[1.11, 1.05, 1.05], smooth=0.33
2026-03-27 03:54:33,720 - INFO - T401 E1/10 | [WARN] ZERO_PENALTY | L: 0.38196493/0.36289496 | F1 M MIN: 0.00000000 D: 0.00000000 | [S/N/B]: [0.6041/0.8747/0.0000] | LR: 0.00097852
2026-03-27 03:55:16,126 - INFO - T401 E2/10 | [WARN] ZERO_PENALTY | L: 0.36385912/0.35450672 | F1 M MIN: 0.00000000 D: 0.00000000 | [S/N/B]: [0.6121/0.8873/0.0000] | LR: 0.00090728
2026-03-27 03:55:59,924 - INFO - T401 E3/10 | [OK] | L: 0.35998039/0.35401183 | F1 M MIN: 0.01044235 D: 0.31135987 | [S/N/B]: [0.6123/0.8890/0.0104] | LR: 0.00079632
2026-03-27 03:56:44,007 - INFO - T401 E4/10 | [OK] | L: 0.35762859/0.35215557 | F1 M MIN: 0.00684209 D: 0.30966296 | [S/N/B]: [0.6125/0.8889/0.0068] | LR: 0.00065651
2026-03-27 03:57:25,617 - INFO - T401 E5/10 | [OK] | L: 0.35572973/0.34999389 | F1 M MIN: 0.03221906 D: 0.32341156 | [S/N/B]: [0.6146/0.8936/0.0322] | LR: 0.00050153
2026-03-27 03:57:25,733 - INFO - Trial 401 pruned by Optuna at epoch 5
2026-03-27 03:57:25,812 - INFO - Trial 401 pruned.
2026-03-27 03:57:26,352 - INFO - 🔍 RAM-Safe Streaming Scan (Treino): 878 arquivos...
2026-03-27 03:58:14,567 - INFO - ✂️ Double-Chunking (Treino): Expondo fatias de 500,000 amostras aleatórias.
2026-03-27 03:58:14,568 - INFO - 🚀 Pre-loading 500,000 samples into RAM (Lightning Mode)...
2026-03-27 04:01:07,994 - INFO - ✅ RAM-Safe Streaming Dataset: 500,000 sequences indexed and PRE-LOADED.
2026-03-27 04:01:07,995 - INFO - ✅ RAM-Safe Streaming Dataset: 500,000 sequences indexed (Mode: Lightning).
2026-03-27 04:01:08,041 - INFO - 🔍 RAM-Safe Streaming Scan (Val): 274 arquivos...
2026-03-27 04:01:20,347 - INFO - ✂️ Double-Chunking (Val): Expondo fatias de 100,000 amostras aleatórias.
2026-03-27 04:01:20,348 - INFO - 🚀 Pre-loading 100,000 samples into RAM (Lightning Mode)...
2026-03-27 04:02:10,753 - INFO - ✅ RAM-Safe Streaming Dataset: 100,000 sequences indexed and PRE-LOADED.
2026-03-27 04:02:10,754 - INFO - ✅ RAM-Safe Streaming Dataset: 100,000 sequences indexed (Mode: Lightning).
2026-03-27 04:02:11,172 - INFO - Trial 402 START | tcn=256, lstm=256, layers=2, batch=512, seq=192 | RFE=30 | loss=ASYM (g_s=1.32, g_n=0.11, g_b=3.50) | alpha=[1.19, 1.03, 1.57], smooth=0.23
2026-03-27 04:03:34,606 - INFO - T402 E1/10 | [WARN] ZERO_PENALTY | L: 0.71095491/0.73515593 | F1 M MIN: 0.00000000 D: 0.00000000 | [S/N/B]: [0.0000/0.8395/0.5703] | LR: 0.00161781
2026-03-27 04:04:59,102 - INFO - T402 E2/10 | [OK] | L: 0.67715845/0.71648332 | F1 M MIN: 0.00021771 D: 0.29192692 | [S/N/B]: [0.0002/0.8641/0.5836] | LR: 0.00150003
2026-03-27 04:06:23,605 - INFO - T402 E3/10 | [OK] | L: 0.66990558/0.71507035 | F1 M MIN: 0.00870598 D: 0.29551530 | [S/N/B]: [0.0087/0.8635/0.5823] | LR: 0.00131659
2026-03-27 04:07:48,400 - INFO - T402 E4/10 | [OK] | L: 0.66491706/0.70869421 | F1 M MIN: 0.46120227 D: 0.46652176 | [S/N/B]: [0.4612/0.8680/0.4718] | LR: 0.00108543
2026-03-27 04:09:13,096 - INFO - T402 E5/10 | [OK] | L: 0.65894791/0.70373465 | F1 M MIN: 0.40122853 D: 0.46725476 | [S/N/B]: [0.4012/0.8696/0.5333] | LR: 0.00082920
2026-03-27 04:10:37,995 - INFO - T402 E6/10 | [OK] | L: 0.65298497/0.69381176 | F1 M MIN: 0.44159140 D: 0.48544897 | [S/N/B]: [0.4416/0.8797/0.5293] | LR: 0.00057296
2026-03-27 04:12:02,804 - INFO - T402 E7/10 | [OK] | L: 0.64863658/0.69711079 | F1 M MIN: 0.32837355 D: 0.44721142 | [S/N/B]: [0.3284/0.8695/0.5660] | LR: 0.00034181
2026-03-27 04:13:27,590 - INFO - T402 E8/10 | [OK] | L: 0.64458255/0.69156258 | F1 M MIN: 0.38892802 D: 0.47347176 | [S/N/B]: [0.3889/0.8765/0.5580] | LR: 0.00015836
2026-03-27 04:13:27,642 - INFO - Trial 402 stopped early due to patience limit (4 epochs without improvement)
