2026-03-23 13:07:10,142 - INFO - Trial 59 finished with value: 0.0003639804906457014 and parameters: {'tcn_channels': 64, 'lstm_hidden': 128, 'num_lstm_layers': 5, 'batch_size': 2048, 'dropout': 0.23303375103781618, 'seq_len': 256, 'lr': 0.0002887126255583629, 'weight_decay': 0.00013075733122305138, 'base_alpha_sell': 1.5887352007140363, 'base_alpha_neutral': 0.5909648276167578, 'base_alpha_buy': 1.6962003817963511, 'base_loss_gamma': 1.596192708398821, 'base_loss_smoothing': 0.010977573085024513, 'asym_gamma_sell': 2.2055898073816445, 'asym_gamma_neu': 0.17488724864261196, 'asym_gamma_buy': 0.9949840366894889}. Best is trial 23 with value: 0.4421075032364468.
2026-03-23 13:07:10,945 - INFO - 🔍 RAM-Safe Streaming Scan (Treino): 878 arquivos...
2026-03-23 13:08:08,043 - INFO - ✂️ Double-Chunking (Treino): Expondo fatias de 500,000 amostras aleatórias.
2026-03-23 13:08:08,066 - INFO - 🚀 Pre-loading 500,000 samples into RAM (Lightning Mode)...
2026-03-23 13:11:51,731 - INFO - ✅ RAM-Safe Streaming Dataset: 500,000 sequences indexed and PRE-LOADED.
2026-03-23 13:11:51,734 - INFO - ✅ RAM-Safe Streaming Dataset: 500,000 sequences indexed (Mode: Lightning).
2026-03-23 13:11:51,780 - INFO - 🔍 RAM-Safe Streaming Scan (Val): 274 arquivos...
2026-03-23 13:12:07,636 - INFO - ✂️ Double-Chunking (Val): Expondo fatias de 100,000 amostras aleatórias.
2026-03-23 13:12:07,636 - INFO - 🚀 Pre-loading 100,000 samples into RAM (Lightning Mode)...
2026-03-23 13:13:12,378 - INFO - ✅ RAM-Safe Streaming Dataset: 100,000 sequences indexed and PRE-LOADED.
2026-03-23 13:13:12,380 - INFO - ✅ RAM-Safe Streaming Dataset: 100,000 sequences indexed (Mode: Lightning).
2026-03-23 13:13:13,276 - INFO - Trial 60 START | tcn=512, lstm=128, layers=5, batch=1024, seq=96 | RFE=30 | loss=ASYM (g_s=1.37, g_n=0.12, g_b=2.95) | alpha=[1.75, 0.58, 1.38], smooth=0.07
2026-03-23 13:14:18,742 - INFO - T60 E1/10 | [WARN] ZERO_PENALTY | L: 0.68274610/0.60797813 | F1 M MIN: 0.00000000 D: 0.00000000 | [S/N/B]: [0.5410/0.7432/0.0000] | LR: 0.00067615
2026-03-23 13:15:24,362 - INFO - T60 E2/10 | [WARN] ZERO_PENALTY | L: 0.59871902/0.59331732 | F1 M MIN: 0.00000000 D: 0.00000000 | [S/N/B]: [0.5446/0.7509/0.0000] | LR: 0.00062692
2026-03-23 13:16:30,969 - INFO - T60 E3/10 | [WARN] ZERO_PENALTY | L: 0.58438423/0.56718580 | F1 M MIN: 0.00000000 D: 0.00000000 | [S/N/B]: [0.5729/0.8227/0.0000] | LR: 0.00055025
2026-03-23 13:17:36,955 - INFO - T60 E4/10 | [WARN] ZERO_PENALTY | L: 0.57610703/0.57348354 | F1 M MIN: 0.00000000 D: 0.00000000 | [S/N/B]: [0.5536/0.7750/0.0000] | LR: 0.00045364
2026-03-23 13:17:37,025 - INFO - Trial 60 stopped early due to patience limit (4 epochs without improvement)
2026-03-23 13:17:37,239 - INFO - Trial 60 finished with value: 0.0 and parameters: {'tcn_channels': 512, 'lstm_hidden': 128, 'num_lstm_layers': 5, 'batch_size': 1024, 'dropout': 0.2959819224249032, 'seq_len': 96, 'lr': 0.0006931070388646018, 'weight_decay': 0.0003211694646648645, 'base_alpha_sell': 1.7531107555776984, 'base_alpha_neutral': 0.5836079164052165, 'base_alpha_buy': 1.3842723766126634, 'base_loss_gamma': 1.6158641705197279, 'base_loss_smoothing': 0.0741461105073185, 'asym_gamma_sell': 1.3743419408418462, 'asym_gamma_neu': 0.12242612026915174, 'asym_gamma_buy': 2.951705523480776}. Best is trial 23 with value: 0.4421075032364468.
2026-03-23 13:17:38,126 - INFO - 🔍 RAM-Safe Streaming Scan (Treino): 878 arquivos...
2026-03-23 13:18:35,909 - INFO - ✂️ Double-Chunking (Treino): Expondo fatias de 500,000 amostras aleatórias.
2026-03-23 13:18:35,910 - INFO - 🚀 Pre-loading 500,000 samples into RAM (Lightning Mode)...
2026-03-23 13:21:55,112 - INFO - ✅ RAM-Safe Streaming Dataset: 500,000 sequences indexed and PRE-LOADED.
2026-03-23 13:21:55,114 - INFO - ✅ RAM-Safe Streaming Dataset: 500,000 sequences indexed (Mode: Lightning).
2026-03-23 13:21:55,159 - INFO - 🔍 RAM-Safe Streaming Scan (Val): 274 arquivos...
2026-03-23 13:22:09,333 - INFO - ✂️ Double-Chunking (Val): Expondo fatias de 100,000 amostras aleatórias.
2026-03-23 13:22:09,333 - INFO - 🚀 Pre-loading 100,000 samples into RAM (Lightning Mode)...
2026-03-23 13:23:10,547 - INFO - ✅ RAM-Safe Streaming Dataset: 100,000 sequences indexed and PRE-LOADED.
2026-03-23 13:23:10,553 - INFO - ✅ RAM-Safe Streaming Dataset: 100,000 sequences indexed (Mode: Lightning).
2026-03-23 13:23:11,122 - INFO - Trial 61 START | tcn=64, lstm=128, layers=5, batch=2048, seq=96 | RFE=30 | loss=ASYM (g_s=1.03, g_n=0.31, g_b=2.23) | alpha=[1.54, 0.96, 1.36], smooth=0.01
2026-03-23 13:23:35,125 - INFO - T61 E1/10 | [WARN] ZERO_PENALTY | L: 0.75950684/0.65521341 | F1 M MIN: 0.00000000 D: 0.00000000 | [S/N/B]: [0.5749/0.8177/0.0000] | LR: 0.00110656
2026-03-23 13:23:59,308 - INFO - T61 E2/10 | [WARN] ZERO_PENALTY | L: 0.64555817/0.61445629 | F1 M MIN: 0.00000000 D: 0.00000000 | [S/N/B]: [0.5889/0.8448/0.0000] | LR: 0.00102600
2026-03-23 13:24:23,424 - INFO - T61 E3/10 | [WARN] ZERO_PENALTY | L: 0.61838036/0.59410795 | F1 M MIN: 0.00000000 D: 0.00000000 | [S/N/B]: [0.5931/0.8536/0.0000] | LR: 0.00090053
2026-03-23 13:24:47,797 - INFO - T61 E4/10 | [WARN] ZERO_PENALTY | L: 0.60588340/0.58389938 | F1 M MIN: 0.00000000 D: 0.00000000 | [S/N/B]: [0.5936/0.8550/0.0000] | LR: 0.00074242
2026-03-23 13:24:47,926 - INFO - Trial 61 stopped early due to patience limit (4 epochs without improvement)
2026-03-23 13:24:48,225 - INFO - Trial 61 finished with value: 0.0 and parameters: {'tcn_channels': 64, 'lstm_hidden': 128, 'num_lstm_layers': 5, 'batch_size': 2048, 'dropout': 0.3352998790563489, 'seq_len': 96, 'lr': 0.0011343229104037328, 'weight_decay': 0.0009752251018643207, 'base_alpha_sell': 1.5429242481951428, 'base_alpha_neutral': 0.958274644454504, 'base_alpha_buy': 1.3605448876448039, 'base_loss_gamma': 1.1329109968862934, 'base_loss_smoothing': 0.006135090600245363, 'asym_gamma_sell': 1.0258231142062753, 'asym_gamma_neu': 0.30930913247218905, 'asym_gamma_buy': 2.232029955829249}. Best is trial 23 with value: 0.4421075032364468.
2026-03-23 13:24:49,085 - INFO - 🔍 RAM-Safe Streaming Scan (Treino): 878 arquivos...
2026-03-23 13:25:43,822 - INFO - ✂️ Double-Chunking (Treino): Expondo fatias de 500,000 amostras aleatórias.
2026-03-23 13:25:43,823 - INFO - 🚀 Pre-loading 500,000 samples into RAM (Lightning Mode)...
2026-03-23 13:29:06,242 - INFO - ✅ RAM-Safe Streaming Dataset: 500,000 sequences indexed and PRE-LOADED.
2026-03-23 13:29:06,243 - INFO - ✅ RAM-Safe Streaming Dataset: 500,000 sequences indexed (Mode: Lightning).
2026-03-23 13:29:06,291 - INFO - 🔍 RAM-Safe Streaming Scan (Val): 274 arquivos...
2026-03-23 13:29:20,274 - INFO - ✂️ Double-Chunking (Val): Expondo fatias de 100,000 amostras aleatórias.
2026-03-23 13:29:20,274 - INFO - 🚀 Pre-loading 100,000 samples into RAM (Lightning Mode)...
2026-03-23 13:30:21,959 - INFO - ✅ RAM-Safe Streaming Dataset: 100,000 sequences indexed and PRE-LOADED.
2026-03-23 13:30:21,960 - INFO - ✅ RAM-Safe Streaming Dataset: 100,000 sequences indexed (Mode: Lightning).
2026-03-23 13:30:22,419 - INFO - Trial 62 START | tcn=64, lstm=256, layers=5, batch=2048, seq=256 | RFE=30 | loss=ASYM (g_s=1.99, g_n=0.62, g_b=0.96) | alpha=[1.56, 0.61, 1.55], smooth=0.05
2026-03-23 13:31:59,805 - INFO - T62 E1/10 | [OK] | L: 0.73667315/0.62278508 | F1 M MIN: 0.21344700 D: 0.38979161 | [S/N/B]: [0.2134/0.7730/0.5661] | LR: 0.00068578
2026-03-23 13:33:38,207 - INFO - T62 E2/10 | [OK] | L: 0.66101398/0.61371293 | F1 M MIN: 0.13681132 D: 0.36054978 | [S/N/B]: [0.1368/0.7465/0.5843] | LR: 0.00063586
2026-03-23 13:35:16,694 - INFO - T62 E3/10 | [OK] | L: 0.64429100/0.59719591 | F1 M MIN: 0.09669696 D: 0.33831931 | [S/N/B]: [0.0967/0.7607/0.5799] | LR: 0.00055810
2026-03-23 13:36:55,512 - INFO - T62 E4/10 | [OK] | L: 0.63486510/0.58947616 | F1 M MIN: 0.09151807 D: 0.32014821 | [S/N/B]: [0.5488/0.7727/0.0915] | LR: 0.00046011
2026-03-23 13:38:34,344 - INFO - T62 E5/10 | [OK] | L: 0.62894306/0.57402962 | F1 M MIN: 0.14813821 D: 0.37317673 | [S/N/B]: [0.1481/0.8046/0.5982] | LR: 0.00035149
2026-03-23 13:38:34,412 - INFO - Trial 62 stopped early due to patience limit (4 epochs without improvement)
2026-03-23 13:38:34,713 - INFO - Trial 62 finished with value: 0.21344700333510944 and parameters: {'tcn_channels': 64, 'lstm_hidden': 256, 'num_lstm_layers': 5, 'batch_size': 2048, 'dropout': 0.32058018789089826, 'seq_len': 256, 'lr': 0.0007029871178094982, 'weight_decay': 0.0023425271961137295, 'base_alpha_sell': 1.5621005462478834, 'base_alpha_neutral': 0.6068284180576112, 'base_alpha_buy': 1.5473657391647455, 'base_loss_gamma': 0.5403946111548434, 'base_loss_smoothing': 0.050620335532739175, 'asym_gamma_sell': 1.9924600314811785, 'asym_gamma_neu': 0.615067316323727, 'asym_gamma_buy': 0.961467475571945}. Best is trial 23 with value: 0.4421075032364468.
2026-03-23 13:38:35,762 - INFO - 🔍 RAM-Safe Streaming Scan (Treino): 878 arquivos...
2026-03-23 13:39:30,070 - INFO - ✂️ Double-Chunking (Treino): Expondo fatias de 500,000 amostras aleatórias.
2026-03-23 13:39:30,071 - INFO - 🚀 Pre-loading 500,000 samples into RAM (Lightning Mode)...
2026-03-23 13:42:43,316 - INFO - ✅ RAM-Safe Streaming Dataset: 500,000 sequences indexed and PRE-LOADED.
2026-03-23 13:42:43,318 - INFO - ✅ RAM-Safe Streaming Dataset: 500,000 sequences indexed (Mode: Lightning).
2026-03-23 13:42:43,364 - INFO - 🔍 RAM-Safe Streaming Scan (Val): 274 arquivos...
2026-03-23 13:42:56,555 - INFO - ✂️ Double-Chunking (Val): Expondo fatias de 100,000 amostras aleatórias.
2026-03-23 13:42:56,555 - INFO - 🚀 Pre-loading 100,000 samples into RAM (Lightning Mode)...
2026-03-23 13:43:53,945 - INFO - ✅ RAM-Safe Streaming Dataset: 100,000 sequences indexed and PRE-LOADED.
2026-03-23 13:43:53,947 - INFO - ✅ RAM-Safe Streaming Dataset: 100,000 sequences indexed (Mode: Lightning).
2026-03-23 13:43:54,467 - INFO - Trial 63 START | tcn=256, lstm=128, layers=5, batch=2048, seq=96 | RFE=30 | loss=ASYM (g_s=3.24, g_n=0.62, g_b=0.89) | alpha=[1.15, 0.94, 1.57], smooth=0.09
2026-03-23 13:44:33,364 - INFO - T63 E1/10 | [WARN] ZERO_PENALTY | L: 0.70360516/0.63475996 | F1 M MIN: 0.00000000 D: 0.00000000 | [S/N/B]: [0.0000/0.7655/0.5363] | LR: 0.00020404
2026-03-23 13:45:12,838 - INFO - T63 E2/10 | [WARN] ZERO_PENALTY | L: 0.60517752/0.58152896 | F1 M MIN: 0.00000000 D: 0.00000000 | [S/N/B]: [0.0000/0.8166/0.5588] | LR: 0.00018919
2026-03-23 13:45:52,146 - INFO - T63 E3/10 | [WARN] ZERO_PENALTY | L: 0.58202488/0.56973772 | F1 M MIN: 0.00000000 D: 0.00000000 | [S/N/B]: [0.0000/0.8265/0.5639] | LR: 0.00016605
2026-03-23 13:46:31,722 - INFO - T63 E4/10 | [WARN] ZERO_PENALTY | L: 0.57092625/0.57498867 | F1 M MIN: 0.00000000 D: 0.00000000 | [S/N/B]: [0.0000/0.8164/0.5605] | LR: 0.00013690
2026-03-23 13:46:31,950 - INFO - Trial 63 stopped early due to patience limit (4 epochs without improvement)
2026-03-23 13:46:32,268 - INFO - Trial 63 finished with value: 0.0 and parameters: {'tcn_channels': 256, 'lstm_hidden': 128, 'num_lstm_layers': 5, 'batch_size': 2048, 'dropout': 0.4773682809721805, 'seq_len': 96, 'lr': 0.000209161899547287, 'weight_decay': 0.0002725770360937812, 'base_alpha_sell': 1.1539413916965093, 'base_alpha_neutral': 0.9428025538027228, 'base_alpha_buy': 1.565137733367155, 'base_loss_gamma': 1.5390315927844647, 'base_loss_smoothing': 0.08773125509543349, 'asym_gamma_sell': 3.236127072341498, 'asym_gamma_neu': 0.6237266224965046, 'asym_gamma_buy': 0.8906437480082}. Best is trial 23 with value: 0.4421075032364468.
2026-03-23 13:46:33,361 - INFO - 🔍 RAM-Safe Streaming Scan (Treino): 878 arquivos...
2026-03-23 13:47:32,791 - INFO - ✂️ Double-Chunking (Treino): Expondo fatias de 500,000 amostras aleatórias.
2026-03-23 13:47:32,793 - INFO - 🚀 Pre-loading 500,000 samples into RAM (Lightning Mode)...
2026-03-23 13:50:47,673 - INFO - ✅ RAM-Safe Streaming Dataset: 500,000 sequences indexed and PRE-LOADED.
2026-03-23 13:50:47,674 - INFO - ✅ RAM-Safe Streaming Dataset: 500,000 sequences indexed (Mode: Lightning).
2026-03-23 13:50:47,719 - INFO - 🔍 RAM-Safe Streaming Scan (Val): 274 arquivos...
2026-03-23 13:51:02,402 - INFO - ✂️ Double-Chunking (Val): Expondo fatias de 100,000 amostras aleatórias.
2026-03-23 13:51:02,403 - INFO - 🚀 Pre-loading 100,000 samples into RAM (Lightning Mode)...
2026-03-23 13:51:59,943 - INFO - ✅ RAM-Safe Streaming Dataset: 100,000 sequences indexed and PRE-LOADED.
2026-03-23 13:51:59,944 - INFO - ✅ RAM-Safe Streaming Dataset: 100,000 sequences indexed (Mode: Lightning).
2026-03-23 13:52:00,495 - INFO - Trial 64 START | tcn=256, lstm=128, layers=5, batch=2048, seq=144 | RFE=30 | loss=ASYM (g_s=1.27, g_n=0.61, g_b=0.96) | alpha=[1.10, 1.04, 1.41], smooth=0.23
2026-03-23 13:53:01,608 - INFO - T64 E1/10 | [WARN] ZERO_PENALTY | L: 0.82106107/0.75318790 | F1 M MIN: 0.00000000 D: 0.00000000 | [S/N/B]: [0.0000/0.8219/0.5615] | LR: 0.00036789
2026-03-23 13:54:03,408 - INFO - T64 E2/10 | [WARN] ZERO_PENALTY | L: 0.75170931/0.72275542 | F1 M MIN: 0.00000000 D: 0.00000000 | [S/N/B]: [0.0000/0.8505/0.5777] | LR: 0.00034111
2026-03-23 13:55:05,375 - INFO - T64 E3/10 | [WARN] ZERO_PENALTY | L: 0.73533342/0.70429166 | F1 M MIN: 0.00000000 D: 0.00000000 | [S/N/B]: [0.0000/0.8695/0.5883] | LR: 0.00029939
2026-03-23 13:56:07,604 - INFO - T64 E4/10 | [WARN] ZERO_PENALTY | L: 0.72824946/0.69578703 | F1 M MIN: 0.00000000 D: 0.00000000 | [S/N/B]: [0.0000/0.8765/0.5928] | LR: 0.00024683
2026-03-23 13:56:07,715 - INFO - Trial 64 stopped early due to patience limit (4 epochs without improvement)
2026-03-23 13:56:08,058 - INFO - Trial 64 finished with value: 0.0 and parameters: {'tcn_channels': 256, 'lstm_hidden': 128, 'num_lstm_layers': 5, 'batch_size': 2048, 'dropout': 0.42288539115062085, 'seq_len': 144, 'lr': 0.0003771211511204041, 'weight_decay': 0.00012000797850711249, 'base_alpha_sell': 1.0998065860170025, 'base_alpha_neutral': 1.0384830207559061, 'base_alpha_buy': 1.4104019301855775, 'base_loss_gamma': 1.429516893426527, 'base_loss_smoothing': 0.2263005885538594, 'asym_gamma_sell': 1.2674033330975538, 'asym_gamma_neu': 0.6090032427323344, 'asym_gamma_buy': 0.9555226743819574}. Best is trial 23 with value: 0.4421075032364468.
2026-03-23 13:56:09,151 - INFO - 🔍 RAM-Safe Streaming Scan (Treino): 878 arquivos...
2026-03-23 13:57:02,440 - INFO - ✂️ Double-Chunking (Treino): Expondo fatias de 500,000 amostras aleatórias.
2026-03-23 13:57:02,441 - INFO - 🚀 Pre-loading 500,000 samples into RAM (Lightning Mode)...
2026-03-23 14:00:13,681 - INFO - ✅ RAM-Safe Streaming Dataset: 500,000 sequences indexed and PRE-LOADED.
2026-03-23 14:00:13,683 - INFO - ✅ RAM-Safe Streaming Dataset: 500,000 sequences indexed (Mode: Lightning).
2026-03-23 14:00:13,729 - INFO - 🔍 RAM-Safe Streaming Scan (Val): 274 arquivos...
2026-03-23 14:00:27,762 - INFO - ✂️ Double-Chunking (Val): Expondo fatias de 100,000 amostras aleatórias.
2026-03-23 14:00:27,763 - INFO - 🚀 Pre-loading 100,000 samples into RAM (Lightning Mode)...
2026-03-23 14:01:26,065 - INFO - ✅ RAM-Safe Streaming Dataset: 100,000 sequences indexed and PRE-LOADED.
2026-03-23 14:01:26,067 - INFO - ✅ RAM-Safe Streaming Dataset: 100,000 sequences indexed (Mode: Lightning).
2026-03-23 14:01:26,488 - INFO - Trial 65 START | tcn=64, lstm=256, layers=5, batch=2048, seq=96 | RFE=30 | loss=ASYM (g_s=1.88, g_n=0.60, g_b=1.69) | alpha=[1.64, 0.66, 1.75], smooth=0.05
2026-03-23 14:02:06,980 - INFO - T65 E1/10 | [OK] | L: 0.79954998/0.69629382 | F1 M MIN: 0.00014400 D: 0.25601235 | [S/N/B]: [0.0001/0.6652/0.5119] | LR: 0.00073524
2026-03-23 14:02:47,921 - INFO - T65 E2/10 | [WARN] ZERO_PENALTY | L: 0.70271156/0.66070018 | F1 M MIN: 0.00000000 D: 0.00000000 | [S/N/B]: [0.0000/0.7265/0.5299] | LR: 0.00068172
2026-03-23 14:03:28,779 - INFO - T65 E3/10 | [WARN] ZERO_PENALTY | L: 0.68248519/0.63795476 | F1 M MIN: 0.00000000 D: 0.00000000 | [S/N/B]: [0.0000/0.7630/0.5425] | LR: 0.00059835
2026-03-23 14:04:09,934 - INFO - T65 E4/10 | [WARN] ZERO_PENALTY | L: 0.67195577/0.63468228 | F1 M MIN: 0.00000000 D: 0.00000000 | [S/N/B]: [0.0000/0.7515/0.5397] | LR: 0.00049329
2026-03-23 14:04:51,164 - INFO - T65 E5/10 | [WARN] ZERO_PENALTY | L: 0.66521376/0.62085124 | F1 M MIN: 0.00000000 D: 0.00000000 | [S/N/B]: [0.0000/0.7872/0.5514] | LR: 0.00037684
2026-03-23 14:04:51,227 - INFO - Trial 65 stopped early due to patience limit (4 epochs without improvement)
2026-03-23 14:04:51,425 - INFO - Trial 65 finished with value: 0.00014400403211289916 and parameters: {'tcn_channels': 64, 'lstm_hidden': 256, 'num_lstm_layers': 5, 'batch_size': 2048, 'dropout': 0.31001514910979455, 'seq_len': 96, 'lr': 0.000753687241457308, 'weight_decay': 0.000284238633994073, 'base_alpha_sell': 1.6439254968101513, 'base_alpha_neutral': 0.658671298823856, 'base_alpha_buy': 1.7549763471372886, 'base_loss_gamma': 2.6402184833394595, 'base_loss_smoothing': 0.04953234613015897, 'asym_gamma_sell': 1.8812938859251975, 'asym_gamma_neu': 0.5967458643341333, 'asym_gamma_buy': 1.6913591031215203}. Best is trial 23 with value: 0.4421075032364468.
2026-03-23 14:04:52,044 - INFO - 🔍 RAM-Safe Streaming Scan (Treino): 878 arquivos...
2026-03-23 14:05:45,950 - INFO - ✂️ Double-Chunking (Treino): Expondo fatias de 500,000 amostras aleatórias.
2026-03-23 14:05:45,951 - INFO - 🚀 Pre-loading 500,000 samples into RAM (Lightning Mode)...
2026-03-23 14:08:55,071 - INFO - ✅ RAM-Safe Streaming Dataset: 500,000 sequences indexed and PRE-LOADED.
2026-03-23 14:08:55,073 - INFO - ✅ RAM-Safe Streaming Dataset: 500,000 sequences indexed (Mode: Lightning).
2026-03-23 14:08:55,104 - INFO - 🔍 RAM-Safe Streaming Scan (Val): 274 arquivos...
2026-03-23 14:09:08,504 - INFO - ✂️ Double-Chunking (Val): Expondo fatias de 100,000 amostras aleatórias.
2026-03-23 14:09:08,505 - INFO - 🚀 Pre-loading 100,000 samples into RAM (Lightning Mode)...
2026-03-23 14:10:04,969 - INFO - ✅ RAM-Safe Streaming Dataset: 100,000 sequences indexed and PRE-LOADED.
2026-03-23 14:10:04,970 - INFO - ✅ RAM-Safe Streaming Dataset: 100,000 sequences indexed (Mode: Lightning).
2026-03-23 14:10:05,491 - INFO - Trial 66 START | tcn=512, lstm=64, layers=4, batch=2048, seq=96 | RFE=30 | loss=ASYM (g_s=2.10, g_n=0.12, g_b=2.18) | alpha=[1.69, 0.58, 1.69], smooth=0.03
2026-03-23 14:11:02,613 - INFO - T66 E1/10 | [OK] | L: 0.80989313/0.72814618 | F1 M MIN: 0.17979597 D: 0.35877791 | [S/N/B]: [0.5378/0.5666/0.1798] | LR: 0.00032059
2026-03-23 14:12:00,231 - INFO - T66 E2/10 | [OK] | L: 0.67006688/0.63983109 | F1 M MIN: 0.15077462 D: 0.35889986 | [S/N/B]: [0.5670/0.7281/0.1508] | LR: 0.00029725
2026-03-23 14:12:57,756 - INFO - T66 E3/10 | [OK] | L: 0.64323469/0.62597828 | F1 M MIN: 0.10065401 D: 0.33334064 | [S/N/B]: [0.5660/0.7406/0.1007] | LR: 0.00026090
2026-03-23 14:13:55,465 - INFO - T66 E4/10 | [OK] | L: 0.63032706/0.62081246 | F1 M MIN: 0.13548884 D: 0.35286069 | [S/N/B]: [0.5702/0.7556/0.1355] | LR: 0.00021509
2026-03-23 14:14:53,234 - INFO - T66 E5/10 | [OK] | L: 0.62202250/0.60311640 | F1 M MIN: 0.12134213 D: 0.34812342 | [S/N/B]: [0.5749/0.7800/0.1213] | LR: 0.00016432
2026-03-23 14:14:53,321 - INFO - Trial 66 stopped early due to patience limit (4 epochs without improvement)
2026-03-23 14:14:53,571 - INFO - Trial 66 finished with value: 0.17979596532944697 and parameters: {'tcn_channels': 512, 'lstm_hidden': 64, 'num_lstm_layers': 4, 'batch_size': 2048, 'dropout': 0.251679617216182, 'seq_len': 96, 'lr': 0.0003286358474051836, 'weight_decay': 0.0010393596546962058, 'base_alpha_sell': 1.690821009839834, 'base_alpha_neutral': 0.5847841344867422, 'base_alpha_buy': 1.6935946897073872, 'base_loss_gamma': 1.917957839942665, 'base_loss_smoothing': 0.02611228055994703, 'asym_gamma_sell': 2.0990928936537565, 'asym_gamma_neu': 0.12178624194578937, 'asym_gamma_buy': 2.1771737354373184}. Best is trial 23 with value: 0.4421075032364468.
2026-03-23 14:14:54,342 - INFO - 🔍 RAM-Safe Streaming Scan (Treino): 878 arquivos...
2026-03-23 14:15:47,894 - INFO - ✂️ Double-Chunking (Treino): Expondo fatias de 500,000 amostras aleatórias.
2026-03-23 14:15:47,896 - INFO - 🚀 Pre-loading 500,000 samples into RAM (Lightning Mode)...
2026-03-23 14:19:00,630 - INFO - ✅ RAM-Safe Streaming Dataset: 500,000 sequences indexed and PRE-LOADED.
2026-03-23 14:19:00,632 - INFO - ✅ RAM-Safe Streaming Dataset: 500,000 sequences indexed (Mode: Lightning).
2026-03-23 14:19:00,678 - INFO - 🔍 RAM-Safe Streaming Scan (Val): 274 arquivos...
2026-03-23 14:19:15,385 - INFO - ✂️ Double-Chunking (Val): Expondo fatias de 100,000 amostras aleatórias.
2026-03-23 14:19:15,386 - INFO - 🚀 Pre-loading 100,000 samples into RAM (Lightning Mode)...
2026-03-23 14:20:13,951 - INFO - ✅ RAM-Safe Streaming Dataset: 100,000 sequences indexed and PRE-LOADED.
2026-03-23 14:20:13,952 - INFO - ✅ RAM-Safe Streaming Dataset: 100,000 sequences indexed (Mode: Lightning).
2026-03-23 14:20:14,585 - INFO - Trial 67 START | tcn=64, lstm=128, layers=5, batch=512, seq=96 | RFE=30 | loss=ASYM (g_s=1.86, g_n=0.14, g_b=1.53) | alpha=[1.60, 0.40, 1.46], smooth=0.04
2026-03-23 14:20:52,235 - INFO - T67 E1/10 | [WARN] ZERO_PENALTY | L: 0.63474450/0.57048716 | F1 M MIN: 0.00000000 D: 0.00000000 | [S/N/B]: [0.4997/0.5718/0.0000] | LR: 0.00037543
2026-03-23 14:21:30,190 - INFO - T67 E2/10 | [WARN] ZERO_PENALTY | L: 0.57137431/0.53259603 | F1 M MIN: 0.00000000 D: 0.00000000 | [S/N/B]: [0.5358/0.7200/0.0000] | LR: 0.00034810
2026-03-23 14:22:07,792 - INFO - T67 E3/10 | [WARN] ZERO_PENALTY | L: 0.55916860/0.52558536 | F1 M MIN: 0.00000000 D: 0.00000000 | [S/N/B]: [0.5379/0.7252/0.0000] | LR: 0.00030553
2026-03-23 14:22:45,802 - INFO - T67 E4/10 | [WARN] ZERO_PENALTY | L: 0.55268231/0.53322666 | F1 M MIN: 0.00000000 D: 0.00000000 | [S/N/B]: [0.5218/0.6648/0.0000] | LR: 0.00025189
2026-03-23 14:22:45,928 - INFO - Trial 67 stopped early due to patience limit (4 epochs without improvement)
