2026-03-23 08:11:14,197 - INFO - Trial 29 finished with value: 0.0 and parameters: {'tcn_channels': 64, 'lstm_hidden': 256, 'num_lstm_layers': 5, 'batch_size': 1024, 'dropout': 0.3747878248370466, 'seq_len': 144, 'lr': 0.0014732128995791763, 'weight_decay': 0.013202837580381203, 'base_alpha_sell': 1.2609304128521006, 'base_alpha_neutral': 1.0788892653055344, 'base_alpha_buy': 0.9377789488668156, 'base_loss_gamma': 0.8063030028550009, 'base_loss_smoothing': 0.1968624375942458, 'asym_gamma_sell': 0.9860146679687196, 'asym_gamma_neu': 0.38899376305032973, 'asym_gamma_buy': 0.7900884846125634}. Best is trial 23 with value: 0.4421075032364468.
2026-03-23 08:11:14,813 - INFO - 🔍 RAM-Safe Streaming Scan (Treino): 878 arquivos...
2026-03-23 08:12:06,855 - INFO - ✂️ Double-Chunking (Treino): Expondo fatias de 500,000 amostras aleatórias.
2026-03-23 08:12:06,856 - INFO - 🚀 Pre-loading 500,000 samples into RAM (Lightning Mode)...
2026-03-23 08:15:15,324 - INFO - ✅ RAM-Safe Streaming Dataset: 500,000 sequences indexed and PRE-LOADED.
2026-03-23 08:15:15,326 - INFO - ✅ RAM-Safe Streaming Dataset: 500,000 sequences indexed (Mode: Lightning).
2026-03-23 08:15:15,372 - INFO - 🔍 RAM-Safe Streaming Scan (Val): 274 arquivos...
2026-03-23 08:15:28,808 - INFO - ✂️ Double-Chunking (Val): Expondo fatias de 100,000 amostras aleatórias.
2026-03-23 08:15:28,809 - INFO - 🚀 Pre-loading 100,000 samples into RAM (Lightning Mode)...
2026-03-23 08:16:34,885 - INFO - ✅ RAM-Safe Streaming Dataset: 100,000 sequences indexed and PRE-LOADED.
2026-03-23 08:16:34,887 - INFO - ✅ RAM-Safe Streaming Dataset: 100,000 sequences indexed (Mode: Lightning).
2026-03-23 08:16:35,296 - INFO - Trial 30 START | tcn=256, lstm=128, layers=5, batch=2048, seq=256 | RFE=30 | loss=ASYM (g_s=1.74, g_n=0.63, g_b=1.47) | alpha=[1.52, 0.79, 1.49], smooth=0.26
2026-03-23 08:18:21,103 - INFO - T30 E1/10 | [WARN] ZERO_PENALTY | L: 0.85503948/0.82921172 | F1 M MIN: 0.00000000 D: 0.00000000 | [S/N/B]: [0.5083/0.6177/0.0000] | LR: 0.00014732
2026-03-23 08:20:08,676 - INFO - T30 E2/10 | [OK] | L: 0.78929986/0.77083289 | F1 M MIN: 0.00280412 D: 0.27316059 | [S/N/B]: [0.5435/0.7403/0.0028] | LR: 0.00013659
2026-03-23 08:21:56,281 - INFO - T30 E3/10 | [WARN] ZERO_PENALTY | L: 0.77106675/0.76022125 | F1 M MIN: 0.00000000 D: 0.00000000 | [S/N/B]: [0.5510/0.7584/0.0000] | LR: 0.00011989
2026-03-23 08:23:43,878 - INFO - T30 E4/10 | [OK] | L: 0.76306476/0.75987535 | F1 M MIN: 0.02393665 D: 0.28616670 | [S/N/B]: [0.5484/0.7539/0.0239] | LR: 0.00009884
2026-03-23 08:25:31,608 - INFO - T30 E5/10 | [OK] | L: 0.75752368/0.75182246 | F1 M MIN: 0.01312926 D: 0.28408737 | [S/N/B]: [0.5550/0.7701/0.0131] | LR: 0.00007551
2026-03-23 08:25:31,720 - INFO - Trial 30 pruned by Optuna at epoch 5
2026-03-23 08:25:31,870 - INFO - Trial 30 pruned.
2026-03-23 08:25:32,736 - INFO - 🔍 RAM-Safe Streaming Scan (Treino): 878 arquivos...
2026-03-23 08:26:24,875 - INFO - ✂️ Double-Chunking (Treino): Expondo fatias de 500,000 amostras aleatórias.
2026-03-23 08:26:24,878 - INFO - 🚀 Pre-loading 500,000 samples into RAM (Lightning Mode)...
2026-03-23 08:29:31,174 - INFO - ✅ RAM-Safe Streaming Dataset: 500,000 sequences indexed and PRE-LOADED.
2026-03-23 08:29:31,176 - INFO - ✅ RAM-Safe Streaming Dataset: 500,000 sequences indexed (Mode: Lightning).
2026-03-23 08:29:31,221 - INFO - 🔍 RAM-Safe Streaming Scan (Val): 274 arquivos...
2026-03-23 08:29:44,555 - INFO - ✂️ Double-Chunking (Val): Expondo fatias de 100,000 amostras aleatórias.
2026-03-23 08:29:44,555 - INFO - 🚀 Pre-loading 100,000 samples into RAM (Lightning Mode)...
2026-03-23 08:30:42,153 - INFO - ✅ RAM-Safe Streaming Dataset: 100,000 sequences indexed and PRE-LOADED.
2026-03-23 08:30:42,154 - INFO - ✅ RAM-Safe Streaming Dataset: 100,000 sequences indexed (Mode: Lightning).
2026-03-23 08:30:42,621 - INFO - Trial 31 START | tcn=64, lstm=128, layers=5, batch=2048, seq=96 | RFE=30 | loss=ASYM (g_s=1.24, g_n=0.32, g_b=1.18) | alpha=[1.50, 0.69, 1.62], smooth=0.17
2026-03-23 08:31:06,534 - INFO - T31 E1/10 | [OK] | L: 0.95460553/0.88373251 | F1 M MIN: 0.22843093 D: 0.38887342 | [S/N/B]: [0.5493/0.5685/0.2284] | LR: 0.00050835
2026-03-23 08:31:30,790 - INFO - T31 E2/10 | [WARN] ZERO_PENALTY | L: 0.84428300/0.80603445 | F1 M MIN: 0.00000000 D: 0.00000000 | [S/N/B]: [0.0000/0.7414/0.5305] | LR: 0.00047134
2026-03-23 08:31:55,052 - INFO - T31 E3/10 | [WARN] ZERO_PENALTY | L: 0.82216886/0.78449703 | F1 M MIN: 0.00000000 D: 0.00000000 | [S/N/B]: [0.0000/0.7850/0.5462] | LR: 0.00041370
2026-03-23 08:32:19,553 - INFO - T31 E4/10 | [WARN] ZERO_PENALTY | L: 0.81229720/0.79297335 | F1 M MIN: 0.00000000 D: 0.00000000 | [S/N/B]: [0.0000/0.7372/0.5306] | LR: 0.00034107
2026-03-23 08:32:43,965 - INFO - T31 E5/10 | [WARN] ZERO_PENALTY | L: 0.80619656/0.78604600 | F1 M MIN: 0.00000000 D: 0.00000000 | [S/N/B]: [0.0000/0.7473/0.5341] | LR: 0.00026055
2026-03-23 08:32:44,797 - INFO - Trial 31 stopped early due to patience limit (4 epochs without improvement)
2026-03-23 08:32:45,067 - INFO - Trial 31 finished with value: 0.22843092728611028 and parameters: {'tcn_channels': 64, 'lstm_hidden': 128, 'num_lstm_layers': 5, 'batch_size': 2048, 'dropout': 0.27907956399812667, 'seq_len': 96, 'lr': 0.0005211037226872161, 'weight_decay': 0.000468542854886391, 'base_alpha_sell': 1.504189512076709, 'base_alpha_neutral': 0.6897217515422605, 'base_alpha_buy': 1.6207144579754542, 'base_loss_gamma': 2.3719503376127635, 'base_loss_smoothing': 0.16795220864737156, 'asym_gamma_sell': 1.2445067315502987, 'asym_gamma_neu': 0.31774218203033133, 'asym_gamma_buy': 1.1849632992199335}. Best is trial 23 with value: 0.4421075032364468.
2026-03-23 08:32:45,898 - INFO - 🔍 RAM-Safe Streaming Scan (Treino): 878 arquivos...
2026-03-23 08:33:39,348 - INFO - ✂️ Double-Chunking (Treino): Expondo fatias de 500,000 amostras aleatórias.
2026-03-23 08:33:39,349 - INFO - 🚀 Pre-loading 500,000 samples into RAM (Lightning Mode)...
2026-03-23 08:36:51,876 - INFO - ✅ RAM-Safe Streaming Dataset: 500,000 sequences indexed and PRE-LOADED.
2026-03-23 08:36:51,877 - INFO - ✅ RAM-Safe Streaming Dataset: 500,000 sequences indexed (Mode: Lightning).
2026-03-23 08:36:51,924 - INFO - 🔍 RAM-Safe Streaming Scan (Val): 274 arquivos...
2026-03-23 08:37:05,322 - INFO - ✂️ Double-Chunking (Val): Expondo fatias de 100,000 amostras aleatórias.
2026-03-23 08:37:05,322 - INFO - 🚀 Pre-loading 100,000 samples into RAM (Lightning Mode)...
2026-03-23 08:38:08,529 - INFO - ✅ RAM-Safe Streaming Dataset: 100,000 sequences indexed and PRE-LOADED.
2026-03-23 08:38:08,530 - INFO - ✅ RAM-Safe Streaming Dataset: 100,000 sequences indexed (Mode: Lightning).
2026-03-23 08:38:09,064 - INFO - Trial 32 START | tcn=64, lstm=256, layers=5, batch=2048, seq=96 | RFE=30 | loss=ASYM (g_s=1.25, g_n=0.46, g_b=0.97) | alpha=[1.47, 0.74, 1.65], smooth=0.27
2026-03-23 08:38:49,432 - INFO - T32 E1/10 | [WARN] ZERO_PENALTY | L: 0.94486609/0.88477618 | F1 M MIN: 0.00000000 D: 0.00000000 | [S/N/B]: [0.0000/0.7241/0.5221] | LR: 0.00052656
2026-03-23 08:39:30,203 - INFO - T32 E2/10 | [WARN] ZERO_PENALTY | L: 0.89168412/0.86224850 | F1 M MIN: 0.00000000 D: 0.00000000 | [S/N/B]: [0.0000/0.7649/0.5382] | LR: 0.00048823
2026-03-23 08:40:11,076 - INFO - T32 E3/10 | [WARN] ZERO_PENALTY | L: 0.87988702/0.86580049 | F1 M MIN: 0.00000000 D: 0.00000000 | [S/N/B]: [0.0000/0.7202/0.5251] | LR: 0.00042852
2026-03-23 08:40:52,164 - INFO - T32 E4/10 | [WARN] ZERO_PENALTY | L: 0.87302511/0.85115994 | F1 M MIN: 0.00000000 D: 0.00000000 | [S/N/B]: [0.0000/0.7565/0.5372] | LR: 0.00035329
2026-03-23 08:40:52,254 - INFO - Trial 32 stopped early due to patience limit (4 epochs without improvement)
2026-03-23 08:40:52,547 - INFO - Trial 32 finished with value: 0.0 and parameters: {'tcn_channels': 64, 'lstm_hidden': 256, 'num_lstm_layers': 5, 'batch_size': 2048, 'dropout': 0.20501791603084393, 'seq_len': 96, 'lr': 0.0005397741037309041, 'weight_decay': 0.00031471457875253793, 'base_alpha_sell': 1.4680625012868664, 'base_alpha_neutral': 0.7423490296703088, 'base_alpha_buy': 1.6463569968593197, 'base_loss_gamma': 2.3978064642679295, 'base_loss_smoothing': 0.2695663414671495, 'asym_gamma_sell': 1.2520844370467303, 'asym_gamma_neu': 0.4561098597365766, 'asym_gamma_buy': 0.9745618257302989}. Best is trial 23 with value: 0.4421075032364468.
2026-03-23 08:40:53,181 - INFO - 🔍 RAM-Safe Streaming Scan (Treino): 878 arquivos...
2026-03-23 08:41:44,260 - INFO - ✂️ Double-Chunking (Treino): Expondo fatias de 500,000 amostras aleatórias.
2026-03-23 08:41:44,262 - INFO - 🚀 Pre-loading 500,000 samples into RAM (Lightning Mode)...
2026-03-23 08:45:12,942 - INFO - ✅ RAM-Safe Streaming Dataset: 500,000 sequences indexed and PRE-LOADED.
2026-03-23 08:45:12,944 - INFO - ✅ RAM-Safe Streaming Dataset: 500,000 sequences indexed (Mode: Lightning).
2026-03-23 08:45:12,989 - INFO - 🔍 RAM-Safe Streaming Scan (Val): 274 arquivos...
2026-03-23 08:45:26,270 - INFO - ✂️ Double-Chunking (Val): Expondo fatias de 100,000 amostras aleatórias.
2026-03-23 08:45:26,270 - INFO - 🚀 Pre-loading 100,000 samples into RAM (Lightning Mode)...
2026-03-23 08:46:22,184 - INFO - ✅ RAM-Safe Streaming Dataset: 100,000 sequences indexed and PRE-LOADED.
2026-03-23 08:46:22,185 - INFO - ✅ RAM-Safe Streaming Dataset: 100,000 sequences indexed (Mode: Lightning).
2026-03-23 08:46:22,599 - INFO - Trial 33 START | tcn=64, lstm=128, layers=4, batch=2048, seq=96 | RFE=30 | loss=ASYM (g_s=1.75, g_n=0.22, g_b=1.16) | alpha=[1.39, 0.99, 1.69], smooth=0.10
2026-03-23 08:46:44,475 - INFO - T33 E1/10 | [WARN] ZERO_PENALTY | L: 0.90493126/0.81483751 | F1 M MIN: 0.00000000 D: 0.00000000 | [S/N/B]: [0.0000/0.8199/0.5584] | LR: 0.00146485
2026-03-23 08:47:06,578 - INFO - T33 E2/10 | [WARN] ZERO_PENALTY | L: 0.81930629/0.77897861 | F1 M MIN: 0.00000000 D: 0.00000000 | [S/N/B]: [0.0000/0.8544/0.5767] | LR: 0.00135820
2026-03-23 08:47:28,614 - INFO - T33 E3/10 | [WARN] ZERO_PENALTY | L: 0.79578137/0.76681506 | F1 M MIN: 0.00000000 D: 0.00000000 | [S/N/B]: [0.0000/0.8611/0.5805] | LR: 0.00119210
2026-03-23 08:47:50,755 - INFO - T33 E4/10 | [WARN] ZERO_PENALTY | L: 0.78531974/0.76335395 | F1 M MIN: 0.00000000 D: 0.00000000 | [S/N/B]: [0.0000/0.8542/0.5767] | LR: 0.00098281
2026-03-23 08:47:50,835 - INFO - Trial 33 stopped early due to patience limit (4 epochs without improvement)
2026-03-23 08:47:51,333 - INFO - Trial 33 finished with value: 0.0 and parameters: {'tcn_channels': 64, 'lstm_hidden': 128, 'num_lstm_layers': 4, 'batch_size': 2048, 'dropout': 0.4360941783038225, 'seq_len': 96, 'lr': 0.0015015941016200166, 'weight_decay': 0.00010818276549107152, 'base_alpha_sell': 1.3938604175066414, 'base_alpha_neutral': 0.9868863334617312, 'base_alpha_buy': 1.690378458012654, 'base_loss_gamma': 2.783070502324242, 'base_loss_smoothing': 0.10286394686927891, 'asym_gamma_sell': 1.748954386385377, 'asym_gamma_neu': 0.21848141906142157, 'asym_gamma_buy': 1.1562052380454935}. Best is trial 23 with value: 0.4421075032364468.
2026-03-23 08:47:51,884 - INFO - 🔍 RAM-Safe Streaming Scan (Treino): 878 arquivos...
2026-03-23 08:48:44,091 - INFO - ✂️ Double-Chunking (Treino): Expondo fatias de 500,000 amostras aleatórias.
2026-03-23 08:48:44,092 - INFO - 🚀 Pre-loading 500,000 samples into RAM (Lightning Mode)...
2026-03-23 08:52:13,425 - INFO - ✅ RAM-Safe Streaming Dataset: 500,000 sequences indexed and PRE-LOADED.
2026-03-23 08:52:13,426 - INFO - ✅ RAM-Safe Streaming Dataset: 500,000 sequences indexed (Mode: Lightning).
2026-03-23 08:52:13,475 - INFO - 🔍 RAM-Safe Streaming Scan (Val): 274 arquivos...
2026-03-23 08:52:26,477 - INFO - ✂️ Double-Chunking (Val): Expondo fatias de 100,000 amostras aleatórias.
2026-03-23 08:52:26,478 - INFO - 🚀 Pre-loading 100,000 samples into RAM (Lightning Mode)...
2026-03-23 08:53:22,697 - INFO - ✅ RAM-Safe Streaming Dataset: 100,000 sequences indexed and PRE-LOADED.
2026-03-23 08:53:22,699 - INFO - ✅ RAM-Safe Streaming Dataset: 100,000 sequences indexed (Mode: Lightning).
2026-03-23 08:53:23,250 - INFO - Trial 34 START | tcn=64, lstm=128, layers=5, batch=2048, seq=96 | RFE=30 | loss=ASYM (g_s=1.38, g_n=0.26, g_b=2.90) | alpha=[1.67, 0.71, 1.36], smooth=0.19
2026-03-23 08:53:47,311 - INFO - T34 E1/10 | [WARN] ZERO_PENALTY | L: 0.73911644/0.71012131 | F1 M MIN: 0.00000000 D: 0.00000000 | [S/N/B]: [0.5222/0.6833/0.0000] | LR: 0.00057058
2026-03-23 08:54:11,495 - INFO - T34 E2/10 | [WARN] ZERO_PENALTY | L: 0.67537842/0.68056250 | F1 M MIN: 0.00000000 D: 0.00000000 | [S/N/B]: [0.5495/0.7680/0.0000] | LR: 0.00052904
2026-03-23 08:54:35,553 - INFO - T34 E3/10 | [WARN] ZERO_PENALTY | L: 0.66254603/0.67738699 | F1 M MIN: 0.00000000 D: 0.00000000 | [S/N/B]: [0.5523/0.7740/0.0000] | LR: 0.00046434
2026-03-23 08:54:59,953 - INFO - T34 E4/10 | [WARN] ZERO_PENALTY | L: 0.65525962/0.66518349 | F1 M MIN: 0.00000000 D: 0.00000000 | [S/N/B]: [0.5581/0.7887/0.0000] | LR: 0.00038282
2026-03-23 08:55:00,036 - INFO - Trial 34 stopped early due to patience limit (4 epochs without improvement)
2026-03-23 08:55:00,477 - INFO - Trial 34 finished with value: 0.0 and parameters: {'tcn_channels': 64, 'lstm_hidden': 128, 'num_lstm_layers': 5, 'batch_size': 2048, 'dropout': 0.30037255187224243, 'seq_len': 96, 'lr': 0.0005848913112037644, 'weight_decay': 0.002089856302899628, 'base_alpha_sell': 1.674710192964348, 'base_alpha_neutral': 0.705342323919826, 'base_alpha_buy': 1.3609889003057936, 'base_loss_gamma': 2.279778166490674, 'base_loss_smoothing': 0.18949767387340274, 'asym_gamma_sell': 1.3845221867224757, 'asym_gamma_neu': 0.2604806281102264, 'asym_gamma_buy': 2.9028921150797293}. Best is trial 23 with value: 0.4421075032364468.
2026-03-23 08:55:01,280 - INFO - 🔍 RAM-Safe Streaming Scan (Treino): 878 arquivos...
2026-03-23 08:55:54,622 - INFO - ✂️ Double-Chunking (Treino): Expondo fatias de 500,000 amostras aleatórias.
2026-03-23 08:55:54,623 - INFO - 🚀 Pre-loading 500,000 samples into RAM (Lightning Mode)...
2026-03-23 08:59:09,907 - INFO - ✅ RAM-Safe Streaming Dataset: 500,000 sequences indexed and PRE-LOADED.
2026-03-23 08:59:09,910 - INFO - ✅ RAM-Safe Streaming Dataset: 500,000 sequences indexed (Mode: Lightning).
2026-03-23 08:59:09,955 - INFO - 🔍 RAM-Safe Streaming Scan (Val): 274 arquivos...
2026-03-23 08:59:23,477 - INFO - ✂️ Double-Chunking (Val): Expondo fatias de 100,000 amostras aleatórias.
2026-03-23 08:59:23,478 - INFO - 🚀 Pre-loading 100,000 samples into RAM (Lightning Mode)...
2026-03-23 09:00:20,565 - INFO - ✅ RAM-Safe Streaming Dataset: 100,000 sequences indexed and PRE-LOADED.
2026-03-23 09:00:20,566 - INFO - ✅ RAM-Safe Streaming Dataset: 100,000 sequences indexed (Mode: Lightning).
2026-03-23 09:00:21,219 - INFO - Trial 35 START | tcn=256, lstm=128, layers=4, batch=2048, seq=96 | RFE=30 | loss=ASYM (g_s=2.37, g_n=0.32, g_b=0.54) | alpha=[1.81, 0.89, 1.40], smooth=0.27
2026-03-23 09:00:57,869 - INFO - T35 E1/10 | [WARN] ZERO_PENALTY | L: 0.99220263/0.94060648 | F1 M MIN: 0.00000000 D: 0.00000000 | [S/N/B]: [0.5443/0.7531/0.0000] | LR: 0.00074040
2026-03-23 09:01:34,859 - INFO - T35 E2/10 | [WARN] ZERO_PENALTY | L: 0.93391273/0.91759506 | F1 M MIN: 0.00000000 D: 0.00000000 | [S/N/B]: [0.5650/0.8045/0.0000] | LR: 0.00068650
2026-03-23 09:02:11,824 - INFO - T35 E3/10 | [WARN] ZERO_PENALTY | L: 0.92226775/0.90810911 | F1 M MIN: 0.00000000 D: 0.00000000 | [S/N/B]: [0.5731/0.8224/0.0000] | LR: 0.00060255
2026-03-23 09:02:49,283 - INFO - T35 E4/10 | [WARN] ZERO_PENALTY | L: 0.91683370/0.90708026 | F1 M MIN: 0.00000000 D: 0.00000000 | [S/N/B]: [0.5667/0.8082/0.0000] | LR: 0.00049676
2026-03-23 09:02:49,379 - INFO - Trial 35 stopped early due to patience limit (4 epochs without improvement)
2026-03-23 09:02:49,639 - INFO - Trial 35 finished with value: 0.0 and parameters: {'tcn_channels': 256, 'lstm_hidden': 128, 'num_lstm_layers': 4, 'batch_size': 2048, 'dropout': 0.482792461620672, 'seq_len': 96, 'lr': 0.000758977165109601, 'weight_decay': 0.00022485850221166367, 'base_alpha_sell': 1.8087164653612529, 'base_alpha_neutral': 0.8866509879727451, 'base_alpha_buy': 1.398613601759001, 'base_loss_gamma': 0.854904197994205, 'base_loss_smoothing': 0.27083016175088204, 'asym_gamma_sell': 2.368901997622258, 'asym_gamma_neu': 0.31599179378730546, 'asym_gamma_buy': 0.5419104850596542}. Best is trial 23 with value: 0.4421075032364468.
2026-03-23 09:02:50,352 - INFO - 🔍 RAM-Safe Streaming Scan (Treino): 878 arquivos...
2026-03-23 09:03:42,832 - INFO - ✂️ Double-Chunking (Treino): Expondo fatias de 500,000 amostras aleatórias.
2026-03-23 09:03:42,834 - INFO - 🚀 Pre-loading 500,000 samples into RAM (Lightning Mode)...
2026-03-23 09:07:23,999 - INFO - ✅ RAM-Safe Streaming Dataset: 500,000 sequences indexed and PRE-LOADED.
2026-03-23 09:07:24,010 - INFO - ✅ RAM-Safe Streaming Dataset: 500,000 sequences indexed (Mode: Lightning).
2026-03-23 09:07:24,051 - INFO - 🔍 RAM-Safe Streaming Scan (Val): 274 arquivos...
2026-03-23 09:07:37,341 - INFO - ✂️ Double-Chunking (Val): Expondo fatias de 100,000 amostras aleatórias.
2026-03-23 09:07:37,341 - INFO - 🚀 Pre-loading 100,000 samples into RAM (Lightning Mode)...
2026-03-23 09:08:34,408 - INFO - ✅ RAM-Safe Streaming Dataset: 100,000 sequences indexed and PRE-LOADED.
2026-03-23 09:08:34,409 - INFO - ✅ RAM-Safe Streaming Dataset: 100,000 sequences indexed (Mode: Lightning).
2026-03-23 09:08:34,831 - INFO - Trial 36 START | tcn=64, lstm=128, layers=4, batch=1024, seq=144 | RFE=30 | loss=ASYM (g_s=1.12, g_n=0.61, g_b=0.65) | alpha=[1.45, 1.03, 1.61], smooth=0.17
2026-03-23 09:09:05,842 - INFO - T36 E1/10 | [WARN] ZERO_PENALTY | L: 1.01151950/0.91046648 | F1 M MIN: 0.00000000 D: 0.00000000 | [S/N/B]: [0.0000/0.8240/0.5604] | LR: 0.00060830
2026-03-23 09:09:36,311 - INFO - T36 E2/10 | [WARN] ZERO_PENALTY | L: 0.94146719/0.87989932 | F1 M MIN: 0.00000000 D: 0.00000000 | [S/N/B]: [0.0000/0.8467/0.5724] | LR: 0.00056402
2026-03-23 09:10:07,612 - INFO - T36 E3/10 | [WARN] ZERO_PENALTY | L: 0.92478237/0.86422764 | F1 M MIN: 0.00000000 D: 0.00000000 | [S/N/B]: [0.0000/0.8599/0.5802] | LR: 0.00049504
2026-03-23 09:10:38,425 - INFO - T36 E4/10 | [WARN] ZERO_PENALTY | L: 0.91651112/0.85936577 | F1 M MIN: 0.00000000 D: 0.00000000 | [S/N/B]: [0.0000/0.8627/0.5816] | LR: 0.00040813
2026-03-23 09:10:38,481 - INFO - Trial 36 stopped early due to patience limit (4 epochs without improvement)
2026-03-23 09:10:38,841 - INFO - Trial 36 finished with value: 0.0 and parameters: {'tcn_channels': 64, 'lstm_hidden': 128, 'num_lstm_layers': 4, 'batch_size': 1024, 'dropout': 0.28128165717210846, 'seq_len': 144, 'lr': 0.0006235604213810168, 'weight_decay': 0.0020931322598470694, 'base_alpha_sell': 1.4501386915587542, 'base_alpha_neutral': 1.0318467573759682, 'base_alpha_buy': 1.6100944130523978, 'base_loss_gamma': 0.9754239653610355, 'base_loss_smoothing': 0.16682336599906217, 'asym_gamma_sell': 1.1152304656448488, 'asym_gamma_neu': 0.6054689815189772, 'asym_gamma_buy': 0.6480201315437324}. Best is trial 23 with value: 0.4421075032364468.
2026-03-23 09:10:39,618 - INFO - 🔍 RAM-Safe Streaming Scan (Treino): 878 arquivos...
2026-03-23 09:11:31,630 - INFO - ✂️ Double-Chunking (Treino): Expondo fatias de 500,000 amostras aleatórias.
2026-03-23 09:11:31,631 - INFO - 🚀 Pre-loading 500,000 samples into RAM (Lightning Mode)...
2026-03-23 09:14:54,405 - INFO - ✅ RAM-Safe Streaming Dataset: 500,000 sequences indexed and PRE-LOADED.
2026-03-23 09:14:54,409 - INFO - ✅ RAM-Safe Streaming Dataset: 500,000 sequences indexed (Mode: Lightning).
2026-03-23 09:14:54,454 - INFO - 🔍 RAM-Safe Streaming Scan (Val): 274 arquivos...
2026-03-23 09:15:07,460 - INFO - ✂️ Double-Chunking (Val): Expondo fatias de 100,000 amostras aleatórias.
2026-03-23 09:15:07,460 - INFO - 🚀 Pre-loading 100,000 samples into RAM (Lightning Mode)...
2026-03-23 09:16:04,029 - INFO - ✅ RAM-Safe Streaming Dataset: 100,000 sequences indexed and PRE-LOADED.
2026-03-23 09:16:04,030 - INFO - ✅ RAM-Safe Streaming Dataset: 100,000 sequences indexed (Mode: Lightning).
2026-03-23 09:16:04,518 - INFO - Trial 37 START | tcn=128, lstm=128, layers=5, batch=512, seq=96 | RFE=30 | loss=ASYM (g_s=1.54, g_n=0.40, g_b=1.24) | alpha=[1.77, 0.52, 1.55], smooth=0.17
2026-03-23 09:16:41,998 - INFO - T37 E1/10 | [WARN] ZERO_PENALTY | L: 0.80554231/0.73568768 | F1 M MIN: 0.00000000 D: 0.00000000 | [S/N/B]: [0.5104/0.6133/0.0000] | LR: 0.00097942
2026-03-23 09:17:19,637 - INFO - T37 E2/10 | [WARN] ZERO_PENALTY | L: 0.75775567/0.71819902 | F1 M MIN: 0.00000000 D: 0.00000000 | [S/N/B]: [0.5275/0.6816/0.0000] | LR: 0.00090812
2026-03-23 09:17:57,237 - INFO - T37 E3/10 | [WARN] ZERO_PENALTY | L: 0.74946799/0.70689217 | F1 M MIN: 0.00000000 D: 0.00000000 | [S/N/B]: [0.5414/0.7298/0.0000] | LR: 0.00079706
2026-03-23 09:18:35,008 - INFO - T37 E4/10 | [WARN] ZERO_PENALTY | L: 0.74492676/0.70141764 | F1 M MIN: 0.00000000 D: 0.00000000 | [S/N/B]: [0.5561/0.7725/0.0000] | LR: 0.00065712
2026-03-23 09:18:35,075 - INFO - Trial 37 stopped early due to patience limit (4 epochs without improvement)
