2026-03-25 03:01:43,788 - INFO - Trial 216 pruned.
2026-03-25 03:01:44,357 - INFO - 🔍 RAM-Safe Streaming Scan (Treino): 878 arquivos...
2026-03-25 03:02:32,414 - INFO - ✂️ Double-Chunking (Treino): Expondo fatias de 500,000 amostras aleatórias.
2026-03-25 03:02:32,416 - INFO - 🚀 Pre-loading 500,000 samples into RAM (Lightning Mode)...
2026-03-25 03:05:35,300 - INFO - ✅ RAM-Safe Streaming Dataset: 500,000 sequences indexed and PRE-LOADED.
2026-03-25 03:05:35,309 - INFO - ✅ RAM-Safe Streaming Dataset: 500,000 sequences indexed (Mode: Lightning).
2026-03-25 03:05:35,357 - INFO - 🔍 RAM-Safe Streaming Scan (Val): 274 arquivos...
2026-03-25 03:05:47,445 - INFO - ✂️ Double-Chunking (Val): Expondo fatias de 100,000 amostras aleatórias.
2026-03-25 03:05:47,445 - INFO - 🚀 Pre-loading 100,000 samples into RAM (Lightning Mode)...
2026-03-25 03:06:42,403 - INFO - ✅ RAM-Safe Streaming Dataset: 100,000 sequences indexed and PRE-LOADED.
2026-03-25 03:06:42,409 - INFO - ✅ RAM-Safe Streaming Dataset: 100,000 sequences indexed (Mode: Lightning).
2026-03-25 03:06:42,753 - INFO - Trial 217 START | tcn=64, lstm=64, layers=2, batch=512, seq=144 | RFE=30 | loss=ASYM (g_s=0.82, g_n=1.12, g_b=1.43) | alpha=[1.06, 1.04, 1.27], smooth=0.21
2026-03-25 03:07:19,836 - INFO - T217 E1/10 | [WARN] ZERO_PENALTY | L: 0.66824957/0.58979512 | F1 M MIN: 0.00000000 D: 0.00000000 | [S/N/B]: [0.0000/0.8665/0.5867] | LR: 0.00107906
2026-03-25 03:07:56,697 - INFO - T217 E2/10 | [WARN] ZERO_PENALTY | L: 0.62806831/0.57753511 | F1 M MIN: 0.00000000 D: 0.00000000 | [S/N/B]: [0.0000/0.8773/0.5933] | LR: 0.00100050
2026-03-25 03:08:33,518 - INFO - T217 E3/10 | [WARN] ZERO_PENALTY | L: 0.61888130/0.57307753 | F1 M MIN: 0.00000000 D: 0.00000000 | [S/N/B]: [0.0000/0.8856/0.5988] | LR: 0.00087815
2026-03-25 03:09:10,498 - INFO - T217 E4/10 | [WARN] ZERO_PENALTY | L: 0.61450268/0.56631220 | F1 M MIN: 0.00000000 D: 0.00000000 | [S/N/B]: [0.0000/0.8884/0.6002] | LR: 0.00072397
2026-03-25 03:09:10,559 - INFO - Trial 217 stopped early due to patience limit (4 epochs without improvement)
2026-03-25 03:09:10,743 - INFO - Trial 217 finished with value: 0.0 and parameters: {'tcn_channels': 64, 'lstm_hidden': 64, 'num_lstm_layers': 2, 'batch_size': 512, 'dropout': 0.23808235688052348, 'seq_len': 144, 'lr': 0.0011061284536674602, 'weight_decay': 0.014569765595729452, 'base_alpha_sell': 1.0581722888981173, 'base_alpha_neutral': 1.0390526898832866, 'base_alpha_buy': 1.267749143834401, 'base_loss_gamma': 2.4631967615795958, 'base_loss_smoothing': 0.21071539454718463, 'asym_gamma_sell': 0.8170335998449818, 'asym_gamma_neu': 1.122247671230617, 'asym_gamma_buy': 1.4266805887546128}. Best is trial 193 with value: 0.4857577883085556.
2026-03-25 03:09:11,256 - INFO - 🔍 RAM-Safe Streaming Scan (Treino): 878 arquivos...
2026-03-25 03:09:59,515 - INFO - ✂️ Double-Chunking (Treino): Expondo fatias de 500,000 amostras aleatórias.
2026-03-25 03:09:59,516 - INFO - 🚀 Pre-loading 500,000 samples into RAM (Lightning Mode)...
2026-03-25 03:13:03,817 - INFO - ✅ RAM-Safe Streaming Dataset: 500,000 sequences indexed and PRE-LOADED.
2026-03-25 03:13:03,818 - INFO - ✅ RAM-Safe Streaming Dataset: 500,000 sequences indexed (Mode: Lightning).
2026-03-25 03:13:03,870 - INFO - 🔍 RAM-Safe Streaming Scan (Val): 274 arquivos...
2026-03-25 03:13:15,887 - INFO - ✂️ Double-Chunking (Val): Expondo fatias de 100,000 amostras aleatórias.
2026-03-25 03:13:15,887 - INFO - 🚀 Pre-loading 100,000 samples into RAM (Lightning Mode)...
2026-03-25 03:14:10,645 - INFO - ✅ RAM-Safe Streaming Dataset: 100,000 sequences indexed and PRE-LOADED.
2026-03-25 03:14:10,646 - INFO - ✅ RAM-Safe Streaming Dataset: 100,000 sequences indexed (Mode: Lightning).
2026-03-25 03:14:10,998 - INFO - Trial 218 START | tcn=512, lstm=256, layers=2, batch=1024, seq=144 | RFE=30 | loss=ASYM (g_s=3.65, g_n=0.47, g_b=1.58) | alpha=[1.68, 0.93, 1.65], smooth=0.20
2026-03-25 03:15:57,770 - INFO - T218 E1/10 | [OK] | L: 0.79569445/0.78466384 | F1 M MIN: 0.36949059 D: 0.42520057 | [S/N/B]: [0.4809/0.7803/0.3695] | LR: 0.00032445
2026-03-25 03:17:45,014 - INFO - T218 E2/10 | [OK] | L: 0.74332196/0.75950001 | F1 M MIN: 0.24295552 D: 0.40325109 | [S/N/B]: [0.2430/0.8067/0.5635] | LR: 0.00030083
2026-03-25 03:19:33,049 - INFO - T218 E3/10 | [OK] | L: 0.72960135/0.74166542 | F1 M MIN: 0.24704135 D: 0.40629024 | [S/N/B]: [0.2470/0.8377/0.5655] | LR: 0.00026404
2026-03-25 03:21:21,599 - INFO - T218 E4/10 | [OK] | L: 0.72163583/0.73873879 | F1 M MIN: 0.46041540 D: 0.46834870 | [S/N/B]: [0.4604/0.8325/0.4763] | LR: 0.00021768
2026-03-25 03:23:10,031 - INFO - T218 E5/10 | [OK] | L: 0.71501591/0.73986012 | F1 M MIN: 0.43163432 D: 0.46655539 | [S/N/B]: [0.4316/0.8281/0.5015] | LR: 0.00016630
2026-03-25 03:24:57,950 - INFO - T218 E6/10 | [OK] | L: 0.70903188/0.72770169 | F1 M MIN: 0.36001794 D: 0.45506540 | [S/N/B]: [0.3600/0.8501/0.5501] | LR: 0.00011491
2026-03-25 03:26:45,908 - INFO - T218 E7/10 | [OK] | L: 0.70355970/0.72837884 | F1 M MIN: 0.44671489 D: 0.48001741 | [S/N/B]: [0.4467/0.8442/0.5133] | LR: 0.00006855
2026-03-25 03:28:33,671 - INFO - T218 E8/10 | [OK] | L: 0.69875604/0.73002989 | F1 M MIN: 0.45602513 D: 0.48143193 | [S/N/B]: [0.4560/0.8395/0.5068] | LR: 0.00003176
2026-03-25 03:28:33,754 - INFO - Trial 218 stopped early due to patience limit (4 epochs without improvement)
2026-03-25 03:28:33,947 - INFO - Trial 218 finished with value: 0.46041539932215175 and parameters: {'tcn_channels': 512, 'lstm_hidden': 256, 'num_lstm_layers': 2, 'batch_size': 1024, 'dropout': 0.2098471277289427, 'seq_len': 144, 'lr': 0.0003325921271766479, 'weight_decay': 0.00041803956891446826, 'base_alpha_sell': 1.683052239185705, 'base_alpha_neutral': 0.9255867242776833, 'base_alpha_buy': 1.650742412975438, 'base_loss_gamma': 4.624668876816515, 'base_loss_smoothing': 0.20039443612733415, 'asym_gamma_sell': 3.6462270313698264, 'asym_gamma_neu': 0.4661872987880966, 'asym_gamma_buy': 1.580016217461274}. Best is trial 193 with value: 0.4857577883085556.
2026-03-25 03:28:34,429 - INFO - 🔍 RAM-Safe Streaming Scan (Treino): 878 arquivos...
2026-03-25 03:29:22,293 - INFO - ✂️ Double-Chunking (Treino): Expondo fatias de 500,000 amostras aleatórias.
2026-03-25 03:29:22,295 - INFO - 🚀 Pre-loading 500,000 samples into RAM (Lightning Mode)...
2026-03-25 03:32:28,132 - INFO - ✅ RAM-Safe Streaming Dataset: 500,000 sequences indexed and PRE-LOADED.
2026-03-25 03:32:28,134 - INFO - ✅ RAM-Safe Streaming Dataset: 500,000 sequences indexed (Mode: Lightning).
2026-03-25 03:32:28,182 - INFO - 🔍 RAM-Safe Streaming Scan (Val): 274 arquivos...
2026-03-25 03:32:40,474 - INFO - ✂️ Double-Chunking (Val): Expondo fatias de 100,000 amostras aleatórias.
2026-03-25 03:32:40,474 - INFO - 🚀 Pre-loading 100,000 samples into RAM (Lightning Mode)...
2026-03-25 03:33:36,641 - INFO - ✅ RAM-Safe Streaming Dataset: 100,000 sequences indexed and PRE-LOADED.
2026-03-25 03:33:36,642 - INFO - ✅ RAM-Safe Streaming Dataset: 100,000 sequences indexed (Mode: Lightning).
2026-03-25 03:33:37,023 - INFO - Trial 219 START | tcn=512, lstm=256, layers=3, batch=1024, seq=144 | RFE=30 | loss=ASYM (g_s=2.80, g_n=0.93, g_b=3.09) | alpha=[1.61, 0.91, 1.75], smooth=0.12
2026-03-25 03:35:31,519 - INFO - T219 E1/10 | [OK] | L: 0.65727696/0.60351973 | F1 M MIN: 0.26147662 D: 0.42157417 | [S/N/B]: [0.5817/0.8027/0.2615] | LR: 0.00040499
2026-03-25 03:37:26,451 - INFO - T219 E2/10 | [OK] | L: 0.59183384/0.57567884 | F1 M MIN: 0.00332274 D: 0.28602607 | [S/N/B]: [0.0033/0.8275/0.5687] | LR: 0.00037550
2026-03-25 03:39:22,229 - INFO - T219 E3/10 | [OK] | L: 0.57686285/0.56887938 | F1 M MIN: 0.09753720 D: 0.33007610 | [S/N/B]: [0.0975/0.8318/0.5626] | LR: 0.00032958
2026-03-25 03:41:17,615 - INFO - T219 E4/10 | [OK] | L: 0.56864450/0.56324736 | F1 M MIN: 0.32690230 D: 0.43250919 | [S/N/B]: [0.3269/0.8392/0.5381] | LR: 0.00027172
2026-03-25 03:43:13,892 - INFO - T219 E5/10 | [OK] | L: 0.56079534/0.55482216 | F1 M MIN: 0.40965001 D: 0.46856075 | [S/N/B]: [0.5275/0.8482/0.4097] | LR: 0.00020757
2026-03-25 03:45:09,785 - INFO - T219 E6/10 | [OK] | L: 0.55425535/0.55655963 | F1 M MIN: 0.39245378 D: 0.45764238 | [S/N/B]: [0.3925/0.8329/0.5228] | LR: 0.00014343
2026-03-25 03:47:05,598 - INFO - T219 E7/10 | [OK] | L: 0.54829852/0.54997166 | F1 M MIN: 0.44102346 D: 0.47406012 | [S/N/B]: [0.4410/0.8443/0.5071] | LR: 0.00008557
2026-03-25 03:49:01,343 - INFO - T219 E8/10 | [OK] | L: 0.54296095/0.55015330 | F1 M MIN: 0.44689375 D: 0.48004419 | [S/N/B]: [0.5132/0.8448/0.4469] | LR: 0.00003964
2026-03-25 03:50:57,797 - INFO - T219 E9/10 | [OK] | L: 0.53917854/0.55049083 | F1 M MIN: 0.44480998 D: 0.47601756 | [S/N/B]: [0.4448/0.8413/0.5072] | LR: 0.00001016
2026-03-25 03:52:53,742 - INFO - T219 E10/10 | [OK] | L: 0.53621971/0.54879348 | F1 M MIN: 0.44933553 D: 0.47770058 | [S/N/B]: [0.4493/0.8446/0.5061] | LR: 0.00000000
2026-03-25 03:52:54,031 - INFO - Trial 219 finished with value: 0.449335532427155 and parameters: {'tcn_channels': 512, 'lstm_hidden': 256, 'num_lstm_layers': 3, 'batch_size': 1024, 'dropout': 0.2574875567697455, 'seq_len': 144, 'lr': 0.0004151479904579963, 'weight_decay': 0.0003904168430131573, 'base_alpha_sell': 1.6116677506950492, 'base_alpha_neutral': 0.9144014328843616, 'base_alpha_buy': 1.7503334387653415, 'base_loss_gamma': 3.9800549934966463, 'base_loss_smoothing': 0.11583230640486303, 'asym_gamma_sell': 2.7979697187911285, 'asym_gamma_neu': 0.9314832876153467, 'asym_gamma_buy': 3.094973796606908}. Best is trial 193 with value: 0.4857577883085556.
2026-03-25 03:52:54,130 - INFO - ============================================================
2026-03-25 03:52:54,130 - INFO - --- OTIMIZACAO FINALIZADA ---
2026-03-25 03:52:54,130 - INFO - Motivo da Parada: TIMEOUT ALCANCADO (As 172800s expiraram)
2026-03-25 03:52:54,131 - INFO - Tempo de Execucao da Sessao: 48.19 Horas
2026-03-25 03:52:54,131 - INFO - Trials Executados nesta Sessao: 220
2026-03-25 03:52:54,131 - INFO - ============================================================
2026-03-25 03:52:54,144 - INFO - [MACRO] Best trial: 193 | MAX-MIN F1: 0.48575779
2026-03-25 03:52:54,150 - INFO - [MACRO] Best params: {'tcn_channels': 512, 'lstm_hidden': 256, 'num_lstm_layers': 2, 'batch_size': 512, 'dropout': '0.26024525', 'seq_len': 192, 'lr': '0.00193929', 'weight_decay': '0.00611803', 'base_alpha_sell': '1.20202544', 'base_alpha_neutral': '0.70463790', 'base_alpha_buy': '1.21778265', 'base_loss_gamma': '2.09746456', 'base_loss_smoothing': '0.34012422', 'asym_gamma_sell': '0.98381004', 'asym_gamma_neu': '1.11487079', 'asym_gamma_buy': '0.50303102', 'num_features': 30, 'base_alpha_list': [1.2020254389174767, 0.704637902232361, 1.2177826513068832]}
2026-03-25 03:52:54,163 - INFO - [BEST MACRO] Best params saved: src/cloud/base_model/otimizacao/best_params.json
2026-03-25 03:52:54,231 - INFO - [BEST DIR]   Best trial: 193 | F1 Dir: 0.49496945
2026-03-25 03:52:54,242 - INFO - [BEST DIR]   Best params saved: src/cloud/base_model/otimizacao/best_dir_params.json
2026-03-25 03:52:54,242 - INFO - ============================================================
2026-03-25 03:52:54,242 - INFO - [OK] Optuna Foundation Training completed. Orchestration is now handled by run_manager.py
2026-03-25 03:52:54,242 - INFO - ============================================================
2026-03-25 03:52:58,172 - INFO - [OK] FASE CONCLUIDA: Foundation Optuna (400 Trials | 10 Epochs | EARLY STOP: 4)
2026-03-25 03:52:58,172 - INFO - [CLEAN] Initiating deep memory sweep (gc.collect and torch.cuda.empty_cache)...
2026-03-25 03:53:14,282 - INFO -   -> CUDA VRAM cache cleared.
2026-03-25 03:53:14,283 - WARNING - [STOP] PARADA PROGRAMADA: 'run_specialized_after' esta FALSE no master_config.yaml. Pulando treinamento do Especialista.
2026-03-25 03:53:14,283 - WARNING - [STOP] PARADA PROGRAMADA: 'run_auditor_after' esta FALSE no master_config.yaml.
2026-03-25 03:53:14,283 - INFO -    -> Pulando Fase Auditor. As predicoes OOF do Especialista foram geradas, mas o Juiz nao sera treinado.
2026-03-25 03:53:14,283 - INFO - ============================================================
2026-03-25 03:53:14,284 - INFO - [HEALTH] INICIANDO AVALIACAO DE SAUDE (QA) OOF
2026-03-25 03:53:14,284 - INFO - ============================================================
2026-03-25 03:53:14,284 - INFO - [START] INICIANDO FASE: Health QA Generation (Target Balance & NaNs)
2026-03-25 03:53:14,284 - INFO - ============================================================
2026-03-25 03:53:22,683 - INFO - ✅ QA Log gerado: logs/QA/base_labelling_health_QA.log
2026-03-25 03:53:23,232 - INFO - ✅ QA Log gerado: logs/QA/specialized_labelling_health_QA.log
2026-03-25 03:53:23,318 - INFO - ✅ QA Log gerado: logs/QA/auditor_final_health_QA.log
2026-03-25 03:53:23,574 - INFO - [OK] FASE CONCLUIDA: Health QA Generation (Target Balance & NaNs)
2026-03-25 03:53:23,575 - INFO - ============================================================
2026-03-25 03:53:23,575 - INFO - [TRANSFER] INICIANDO TRANSFERENCIA INTEGRAL (QA LOGS E MODELOS)
2026-03-25 03:53:32,033 - INFO - [OK] PIPELINE 100% EXECUTADO E SINCRONIZADO NO GOOGLE DRIVE.
