2026-03-24 04:08:08,842 - INFO - Trial 132 finished with value: 0.0 and parameters: {'tcn_channels': 64, 'lstm_hidden': 256, 'num_lstm_layers': 3, 'batch_size': 1024, 'dropout': 0.27266272498810706, 'seq_len': 96, 'lr': 0.0004251555900825, 'weight_decay': 0.002417667758313018, 'base_alpha_sell': 1.876372449104336, 'base_alpha_neutral': 0.7654123758769897, 'base_alpha_buy': 1.3571321784552788, 'base_loss_gamma': 3.3226060361199568, 'base_loss_smoothing': 0.2753453197506458, 'asym_gamma_sell': 2.558907600757786, 'asym_gamma_neu': 0.23061857037114217, 'asym_gamma_buy': 0.8954746315478458}. Best is trial 104 with value: 0.4828262682077523.
2026-03-24 04:08:09,400 - INFO - 🔍 RAM-Safe Streaming Scan (Treino): 878 arquivos...
2026-03-24 04:09:02,435 - INFO - ✂️ Double-Chunking (Treino): Expondo fatias de 500,000 amostras aleatórias.
2026-03-24 04:09:02,437 - INFO - 🚀 Pre-loading 500,000 samples into RAM (Lightning Mode)...
2026-03-24 04:12:09,555 - INFO - ✅ RAM-Safe Streaming Dataset: 500,000 sequences indexed and PRE-LOADED.
2026-03-24 04:12:09,556 - INFO - ✅ RAM-Safe Streaming Dataset: 500,000 sequences indexed (Mode: Lightning).
2026-03-24 04:12:09,603 - INFO - 🔍 RAM-Safe Streaming Scan (Val): 274 arquivos...
2026-03-24 04:12:22,724 - INFO - ✂️ Double-Chunking (Val): Expondo fatias de 100,000 amostras aleatórias.
2026-03-24 04:12:22,724 - INFO - 🚀 Pre-loading 100,000 samples into RAM (Lightning Mode)...
2026-03-24 04:13:19,910 - INFO - ✅ RAM-Safe Streaming Dataset: 100,000 sequences indexed and PRE-LOADED.
2026-03-24 04:13:19,911 - INFO - ✅ RAM-Safe Streaming Dataset: 100,000 sequences indexed (Mode: Lightning).
2026-03-24 04:13:20,339 - INFO - Trial 133 START | tcn=512, lstm=64, layers=2, batch=1024, seq=96 | RFE=30 | loss=ASYM (g_s=3.18, g_n=0.19, g_b=1.59) | alpha=[1.94, 0.45, 1.12], smooth=0.23
2026-03-24 04:14:15,934 - INFO - T133 E1/10 | [WARN] ZERO_PENALTY | L: 0.56937977/0.56378449 | F1 M MIN: 0.00000000 D: 0.00000000 | [S/N/B]: [0.4871/0.5135/0.0000] | LR: 0.00031151
2026-03-24 04:15:11,410 - INFO - T133 E2/10 | [WARN] ZERO_PENALTY | L: 0.52950980/0.55055661 | F1 M MIN: 0.00000000 D: 0.00000000 | [S/N/B]: [0.4953/0.5541/0.0000] | LR: 0.00028883
2026-03-24 04:16:07,838 - INFO - T133 E3/10 | [WARN] ZERO_PENALTY | L: 0.52089283/0.54582221 | F1 M MIN: 0.00000000 D: 0.00000000 | [S/N/B]: [0.4968/0.5598/0.0000] | LR: 0.00025351
2026-03-24 04:17:03,698 - INFO - T133 E4/10 | [WARN] ZERO_PENALTY | L: 0.51678582/0.53996533 | F1 M MIN: 0.00000000 D: 0.00000000 | [S/N/B]: [0.5101/0.6241/0.0000] | LR: 0.00020900
2026-03-24 04:17:03,764 - INFO - Trial 133 stopped early due to patience limit (4 epochs without improvement)
2026-03-24 04:17:03,950 - INFO - Trial 133 finished with value: 0.0 and parameters: {'tcn_channels': 512, 'lstm_hidden': 64, 'num_lstm_layers': 2, 'batch_size': 1024, 'dropout': 0.25159046787251, 'seq_len': 96, 'lr': 0.00031932196775416035, 'weight_decay': 0.0031316190051813215, 'base_alpha_sell': 1.9381238215795076, 'base_alpha_neutral': 0.4468838477953074, 'base_alpha_buy': 1.1180720283178551, 'base_loss_gamma': 3.6146954576194807, 'base_loss_smoothing': 0.2310934592668542, 'asym_gamma_sell': 3.1768742833625088, 'asym_gamma_neu': 0.19302877049510642, 'asym_gamma_buy': 1.593210422953978}. Best is trial 104 with value: 0.4828262682077523.
2026-03-24 04:17:04,628 - INFO - 🔍 RAM-Safe Streaming Scan (Treino): 878 arquivos...
2026-03-24 04:17:57,188 - INFO - ✂️ Double-Chunking (Treino): Expondo fatias de 500,000 amostras aleatórias.
2026-03-24 04:17:57,189 - INFO - 🚀 Pre-loading 500,000 samples into RAM (Lightning Mode)...
2026-03-24 04:21:05,703 - INFO - ✅ RAM-Safe Streaming Dataset: 500,000 sequences indexed and PRE-LOADED.
2026-03-24 04:21:05,709 - INFO - ✅ RAM-Safe Streaming Dataset: 500,000 sequences indexed (Mode: Lightning).
2026-03-24 04:21:05,758 - INFO - 🔍 RAM-Safe Streaming Scan (Val): 274 arquivos...
2026-03-24 04:21:19,247 - INFO - ✂️ Double-Chunking (Val): Expondo fatias de 100,000 amostras aleatórias.
2026-03-24 04:21:19,247 - INFO - 🚀 Pre-loading 100,000 samples into RAM (Lightning Mode)...
2026-03-24 04:22:15,379 - INFO - ✅ RAM-Safe Streaming Dataset: 100,000 sequences indexed and PRE-LOADED.
2026-03-24 04:22:15,380 - INFO - ✅ RAM-Safe Streaming Dataset: 100,000 sequences indexed (Mode: Lightning).
2026-03-24 04:22:15,951 - INFO - Trial 134 START | tcn=256, lstm=256, layers=3, batch=1024, seq=96 | RFE=30 | loss=ASYM (g_s=0.84, g_n=0.24, g_b=1.28) | alpha=[1.40, 0.43, 1.62], smooth=0.25
2026-03-24 04:22:59,941 - INFO - T134 E1/10 | [WARN] ZERO_PENALTY | L: 0.77866733/0.73597467 | F1 M MIN: 0.00000000 D: 0.00000000 | [S/N/B]: [0.0000/0.4365/0.4735] | LR: 0.00031364
2026-03-24 04:23:43,844 - INFO - T134 E2/10 | [OK] | L: 0.74519545/0.72082479 | F1 M MIN: 0.00130058 D: 0.24850338 | [S/N/B]: [0.0013/0.5673/0.4957] | LR: 0.00029080
2026-03-24 04:24:28,716 - INFO - T134 E3/10 | [OK] | L: 0.73778318/0.71742402 | F1 M MIN: 0.16576173 D: 0.32904058 | [S/N/B]: [0.1658/0.5917/0.4923] | LR: 0.00025524
2026-03-24 04:25:13,044 - INFO - T134 E4/10 | [OK] | L: 0.73202476/0.70764857 | F1 M MIN: 0.29613042 D: 0.39894374 | [S/N/B]: [0.2961/0.6716/0.5018] | LR: 0.00021043
2026-03-24 04:25:58,147 - INFO - T134 E5/10 | [OK] | L: 0.72839047/0.70719461 | F1 M MIN: 0.33374745 D: 0.40944344 | [S/N/B]: [0.3337/0.6684/0.4851] | LR: 0.00016075
2026-03-24 04:26:43,106 - INFO - T134 E6/10 | [OK] | L: 0.72494590/0.70720758 | F1 M MIN: 0.39222868 D: 0.42715640 | [S/N/B]: [0.3922/0.6584/0.4621] | LR: 0.00011108
2026-03-24 04:27:27,853 - INFO - T134 E7/10 | [OK] | L: 0.72224558/0.70237034 | F1 M MIN: 0.39463270 D: 0.43715035 | [S/N/B]: [0.3946/0.6928/0.4797] | LR: 0.00006626
2026-03-24 04:28:12,401 - INFO - T134 E8/10 | [OK] | L: 0.72022330/0.70237524 | F1 M MIN: 0.39940611 D: 0.43723332 | [S/N/B]: [0.3994/0.6887/0.4751] | LR: 0.00003070
2026-03-24 04:28:57,518 - INFO - T134 E9/10 | [OK] | L: 0.71846407/0.70130863 | F1 M MIN: 0.40919333 D: 0.44069709 | [S/N/B]: [0.4092/0.6983/0.4722] | LR: 0.00000787
2026-03-24 04:28:57,735 - INFO - Trial 134 pruned by Optuna at epoch 9
2026-03-24 04:28:57,877 - INFO - Trial 134 pruned.
2026-03-24 04:28:58,751 - INFO - 🔍 RAM-Safe Streaming Scan (Treino): 878 arquivos...
2026-03-24 04:29:51,087 - INFO - ✂️ Double-Chunking (Treino): Expondo fatias de 500,000 amostras aleatórias.
2026-03-24 04:29:51,089 - INFO - 🚀 Pre-loading 500,000 samples into RAM (Lightning Mode)...
2026-03-24 04:33:02,002 - INFO - ✅ RAM-Safe Streaming Dataset: 500,000 sequences indexed and PRE-LOADED.
2026-03-24 04:33:02,010 - INFO - ✅ RAM-Safe Streaming Dataset: 500,000 sequences indexed (Mode: Lightning).
2026-03-24 04:33:02,059 - INFO - 🔍 RAM-Safe Streaming Scan (Val): 274 arquivos...
2026-03-24 04:33:15,622 - INFO - ✂️ Double-Chunking (Val): Expondo fatias de 100,000 amostras aleatórias.
2026-03-24 04:33:15,623 - INFO - 🚀 Pre-loading 100,000 samples into RAM (Lightning Mode)...
2026-03-24 04:34:14,120 - INFO - ✅ RAM-Safe Streaming Dataset: 100,000 sequences indexed and PRE-LOADED.
2026-03-24 04:34:14,121 - INFO - ✅ RAM-Safe Streaming Dataset: 100,000 sequences indexed (Mode: Lightning).
2026-03-24 04:34:14,528 - INFO - Trial 135 START | tcn=128, lstm=256, layers=3, batch=2048, seq=192 | RFE=30 | loss=ASYM (g_s=1.44, g_n=0.13, g_b=0.89) | alpha=[1.68, 0.38, 1.26], smooth=0.31
2026-03-24 04:35:20,029 - INFO - T135 E1/10 | [WARN] ZERO_PENALTY | L: 0.72019224/0.68918352 | F1 M MIN: 0.00000000 D: 0.00000000 | [S/N/B]: [0.4884/0.5100/0.0000] | LR: 0.00125682
2026-03-24 04:36:26,347 - INFO - T135 E2/10 | [WARN] ZERO_PENALTY | L: 0.69416748/0.68465963 | F1 M MIN: 0.00000000 D: 0.00000000 | [S/N/B]: [0.4893/0.5094/0.0000] | LR: 0.00116532
2026-03-24 04:37:32,743 - INFO - T135 E3/10 | [OK] | L: 0.68996100/0.68167816 | F1 M MIN: 0.00007398 D: 0.24968746 | [S/N/B]: [0.4993/0.5629/0.0001] | LR: 0.00102281
2026-03-24 04:38:39,418 - INFO - T135 E4/10 | [WARN] ZERO_PENALTY | L: 0.68593013/0.68000640 | F1 M MIN: 0.00000000 D: 0.00000000 | [S/N/B]: [0.5078/0.6041/0.0000] | LR: 0.00084323
2026-03-24 04:39:46,112 - INFO - T135 E5/10 | [OK] | L: 0.68293845/0.67910160 | F1 M MIN: 0.03006713 D: 0.26737852 | [S/N/B]: [0.5047/0.5851/0.0301] | LR: 0.00064417
2026-03-24 04:39:46,256 - INFO - Trial 135 pruned by Optuna at epoch 5
2026-03-24 04:39:46,385 - INFO - Trial 135 pruned.
2026-03-24 04:39:47,156 - INFO - 🔍 RAM-Safe Streaming Scan (Treino): 878 arquivos...
2026-03-24 04:40:39,719 - INFO - ✂️ Double-Chunking (Treino): Expondo fatias de 500,000 amostras aleatórias.
2026-03-24 04:40:39,725 - INFO - 🚀 Pre-loading 500,000 samples into RAM (Lightning Mode)...
2026-03-24 04:43:46,015 - INFO - ✅ RAM-Safe Streaming Dataset: 500,000 sequences indexed and PRE-LOADED.
2026-03-24 04:43:46,017 - INFO - ✅ RAM-Safe Streaming Dataset: 500,000 sequences indexed (Mode: Lightning).
2026-03-24 04:43:46,063 - INFO - 🔍 RAM-Safe Streaming Scan (Val): 274 arquivos...
2026-03-24 04:43:59,612 - INFO - ✂️ Double-Chunking (Val): Expondo fatias de 100,000 amostras aleatórias.
2026-03-24 04:43:59,613 - INFO - 🚀 Pre-loading 100,000 samples into RAM (Lightning Mode)...
2026-03-24 04:44:55,148 - INFO - ✅ RAM-Safe Streaming Dataset: 100,000 sequences indexed and PRE-LOADED.
2026-03-24 04:44:55,150 - INFO - ✅ RAM-Safe Streaming Dataset: 100,000 sequences indexed (Mode: Lightning).
2026-03-24 04:44:55,560 - INFO - Trial 136 START | tcn=512, lstm=256, layers=3, batch=1024, seq=96 | RFE=30 | loss=ASYM (g_s=2.75, g_n=0.50, g_b=1.78) | alpha=[1.71, 0.41, 1.52], smooth=0.17
2026-03-24 04:46:05,601 - INFO - T136 E1/10 | [OK] | L: 0.57600856/0.53853958 | F1 M MIN: 0.02720660 D: 0.26454525 | [S/N/B]: [0.5019/0.5566/0.0272] | LR: 0.00030824
2026-03-24 04:47:15,853 - INFO - T136 E2/10 | [OK] | L: 0.53923197/0.52235978 | F1 M MIN: 0.24546176 D: 0.37153081 | [S/N/B]: [0.4976/0.6052/0.2455] | LR: 0.00028580
2026-03-24 04:48:27,141 - INFO - T136 E3/10 | [OK] | L: 0.53006327/0.52087972 | F1 M MIN: 0.28724801 D: 0.39147945 | [S/N/B]: [0.4957/0.5959/0.2872] | LR: 0.00025085
2026-03-24 04:49:37,966 - INFO - T136 E4/10 | [OK] | L: 0.52362653/0.51313527 | F1 M MIN: 0.20224551 D: 0.36696327 | [S/N/B]: [0.5317/0.6373/0.2022] | LR: 0.00020681
2026-03-24 04:50:49,571 - INFO - T136 E5/10 | [OK] | L: 0.51943989/0.50981292 | F1 M MIN: 0.34658447 D: 0.42766473 | [S/N/B]: [0.5087/0.6653/0.3466] | LR: 0.00015799
2026-03-24 04:52:00,803 - INFO - T136 E6/10 | [OK] | L: 0.51550744/0.50889864 | F1 M MIN: 0.24332538 D: 0.38547272 | [S/N/B]: [0.5276/0.6615/0.2433] | LR: 0.00010917
2026-03-24 04:53:11,707 - INFO - T136 E7/10 | [OK] | L: 0.51201808/0.50616867 | F1 M MIN: 0.35161238 D: 0.43041842 | [S/N/B]: [0.5092/0.6735/0.3516] | LR: 0.00006512
2026-03-24 04:53:11,869 - INFO - Trial 136 pruned by Optuna at epoch 7
2026-03-24 04:53:11,988 - INFO - Trial 136 pruned.
2026-03-24 04:53:12,652 - INFO - 🔍 RAM-Safe Streaming Scan (Treino): 878 arquivos...
2026-03-24 04:54:06,141 - INFO - ✂️ Double-Chunking (Treino): Expondo fatias de 500,000 amostras aleatórias.
2026-03-24 04:54:06,143 - INFO - 🚀 Pre-loading 500,000 samples into RAM (Lightning Mode)...
2026-03-24 04:57:13,663 - INFO - ✅ RAM-Safe Streaming Dataset: 500,000 sequences indexed and PRE-LOADED.
2026-03-24 04:57:13,665 - INFO - ✅ RAM-Safe Streaming Dataset: 500,000 sequences indexed (Mode: Lightning).
2026-03-24 04:57:13,714 - INFO - 🔍 RAM-Safe Streaming Scan (Val): 274 arquivos...
2026-03-24 04:57:27,009 - INFO - ✂️ Double-Chunking (Val): Expondo fatias de 100,000 amostras aleatórias.
2026-03-24 04:57:27,009 - INFO - 🚀 Pre-loading 100,000 samples into RAM (Lightning Mode)...
2026-03-24 04:58:24,100 - INFO - ✅ RAM-Safe Streaming Dataset: 100,000 sequences indexed and PRE-LOADED.
2026-03-24 04:58:24,109 - INFO - ✅ RAM-Safe Streaming Dataset: 100,000 sequences indexed (Mode: Lightning).
2026-03-24 04:58:24,545 - INFO - Trial 137 START | tcn=512, lstm=256, layers=4, batch=1024, seq=96 | RFE=30 | loss=ASYM (g_s=4.63, g_n=0.26, g_b=1.11) | alpha=[1.77, 0.64, 1.16], smooth=0.18
2026-03-24 04:59:40,341 - INFO - T137 E1/10 | [WARN] ZERO_PENALTY | L: 0.58703320/0.58732404 | F1 M MIN: 0.00000000 D: 0.00000000 | [S/N/B]: [0.5293/0.6976/0.0000] | LR: 0.00021694
2026-03-24 05:00:56,620 - INFO - T137 E2/10 | [OK] | L: 0.54234985/0.56006319 | F1 M MIN: 0.00014737 D: 0.27659830 | [S/N/B]: [0.5530/0.7689/0.0001] | LR: 0.00020115
2026-03-24 05:02:13,838 - INFO - T137 E3/10 | [OK] | L: 0.52980405/0.54642581 | F1 M MIN: 0.00389205 D: 0.28620349 | [S/N/B]: [0.5685/0.8093/0.0039] | LR: 0.00017655
2026-03-24 05:03:30,458 - INFO - T137 E4/10 | [OK] | L: 0.52374688/0.55287453 | F1 M MIN: 0.02609413 D: 0.28894954 | [S/N/B]: [0.5518/0.7652/0.0261] | LR: 0.00014555
2026-03-24 05:04:47,929 - INFO - T137 E5/10 | [OK] | L: 0.51919087/0.54241829 | F1 M MIN: 0.20523068 D: 0.37743631 | [S/N/B]: [0.5496/0.8012/0.2052] | LR: 0.00011119
2026-03-24 05:06:04,919 - INFO - T137 E6/10 | [OK] | L: 0.51559642/0.54486870 | F1 M MIN: 0.12805310 D: 0.34263967 | [S/N/B]: [0.5572/0.7882/0.1281] | LR: 0.00007683
2026-03-24 05:06:05,018 - INFO - Trial 137 pruned by Optuna at epoch 6
2026-03-24 05:06:05,134 - INFO - Trial 137 pruned.
2026-03-24 05:06:05,815 - INFO - 🔍 RAM-Safe Streaming Scan (Treino): 878 arquivos...
2026-03-24 05:06:57,694 - INFO - ✂️ Double-Chunking (Treino): Expondo fatias de 500,000 amostras aleatórias.
2026-03-24 05:06:57,695 - INFO - 🚀 Pre-loading 500,000 samples into RAM (Lightning Mode)...
2026-03-24 05:10:04,930 - INFO - ✅ RAM-Safe Streaming Dataset: 500,000 sequences indexed and PRE-LOADED.
2026-03-24 05:10:04,934 - INFO - ✅ RAM-Safe Streaming Dataset: 500,000 sequences indexed (Mode: Lightning).
2026-03-24 05:10:04,981 - INFO - 🔍 RAM-Safe Streaming Scan (Val): 274 arquivos...
2026-03-24 05:10:18,653 - INFO - ✂️ Double-Chunking (Val): Expondo fatias de 100,000 amostras aleatórias.
2026-03-24 05:10:18,654 - INFO - 🚀 Pre-loading 100,000 samples into RAM (Lightning Mode)...
2026-03-24 05:11:15,089 - INFO - ✅ RAM-Safe Streaming Dataset: 100,000 sequences indexed and PRE-LOADED.
2026-03-24 05:11:15,094 - INFO - ✅ RAM-Safe Streaming Dataset: 100,000 sequences indexed (Mode: Lightning).
2026-03-24 05:11:15,686 - INFO - Trial 138 START | tcn=512, lstm=256, layers=2, batch=1024, seq=96 | RFE=30 | loss=ASYM (g_s=2.24, g_n=0.49, g_b=0.54) | alpha=[1.54, 0.59, 1.53], smooth=0.17
2026-03-24 05:12:20,448 - INFO - T138 E1/10 | [OK] | L: 0.77953005/0.72441791 | F1 M MIN: 0.35839353 D: 0.40790294 | [S/N/B]: [0.4574/0.6486/0.3584] | LR: 0.00010825
2026-03-24 05:13:25,452 - INFO - T138 E2/10 | [OK] | L: 0.73330798/0.70129122 | F1 M MIN: 0.40851751 D: 0.43191594 | [S/N/B]: [0.4553/0.7137/0.4085] | LR: 0.00010037
2026-03-24 05:14:31,410 - INFO - T138 E3/10 | [OK] | L: 0.72077138/0.69064311 | F1 M MIN: 0.39628493 D: 0.44110732 | [S/N/B]: [0.3963/0.7376/0.4859] | LR: 0.00008809
2026-03-24 05:15:36,778 - INFO - T138 E4/10 | [OK] | L: 0.71233981/0.70043112 | F1 M MIN: 0.32384102 D: 0.41811025 | [S/N/B]: [0.3238/0.6958/0.5124] | LR: 0.00007263
2026-03-24 05:16:43,016 - INFO - T138 E5/10 | [OK] | L: 0.70671018/0.67754687 | F1 M MIN: 0.43853137 D: 0.45616756 | [S/N/B]: [0.4738/0.7688/0.4385] | LR: 0.00005548
2026-03-24 05:17:48,991 - INFO - T138 E6/10 | [OK] | L: 0.70174428/0.68043615 | F1 M MIN: 0.38745431 D: 0.44503989 | [S/N/B]: [0.5026/0.7519/0.3875] | LR: 0.00003834
2026-03-24 05:18:54,501 - INFO - T138 E7/10 | [OK] | L: 0.69710395/0.67736961 | F1 M MIN: 0.42401584 D: 0.45511037 | [S/N/B]: [0.4862/0.7646/0.4240] | LR: 0.00002287
2026-03-24 05:20:00,821 - INFO - T138 E8/10 | [OK] | L: 0.69357551/0.67410436 | F1 M MIN: 0.43923041 D: 0.46070322 | [S/N/B]: [0.4392/0.7771/0.4822] | LR: 0.00001060
2026-03-24 05:21:06,646 - INFO - T138 E9/10 | [OK] | L: 0.69100861/0.67623793 | F1 M MIN: 0.44108632 D: 0.45840942 | [S/N/B]: [0.4411/0.7641/0.4757] | LR: 0.00000272
2026-03-24 05:22:12,182 - INFO - T138 E10/10 | [OK] | L: 0.68934721/0.67528645 | F1 M MIN: 0.45838783 D: 0.46028361 | [S/N/B]: [0.4584/0.7690/0.4622] | LR: 0.00000000
2026-03-24 05:22:12,491 - INFO - Trial 138 finished with value: 0.4583878273629143 and parameters: {'tcn_channels': 512, 'lstm_hidden': 256, 'num_lstm_layers': 2, 'batch_size': 1024, 'dropout': 0.22056596866803826, 'seq_len': 96, 'lr': 0.00011096415519329981, 'weight_decay': 0.0008643339925282873, 'base_alpha_sell': 1.5365931426947097, 'base_alpha_neutral': 0.593138592724611, 'base_alpha_buy': 1.5319719221619519, 'base_loss_gamma': 4.707664225055814, 'base_loss_smoothing': 0.1701261589898575, 'asym_gamma_sell': 2.243317008838812, 'asym_gamma_neu': 0.49228738794225935, 'asym_gamma_buy': 0.5400720251199045}. Best is trial 104 with value: 0.4828262682077523.
2026-03-24 05:22:13,122 - INFO - 🔍 RAM-Safe Streaming Scan (Treino): 878 arquivos...
2026-03-24 05:23:06,213 - INFO - ✂️ Double-Chunking (Treino): Expondo fatias de 500,000 amostras aleatórias.
2026-03-24 05:23:06,213 - INFO - 🚀 Pre-loading 500,000 samples into RAM (Lightning Mode)...
2026-03-24 05:26:17,784 - INFO - ✅ RAM-Safe Streaming Dataset: 500,000 sequences indexed and PRE-LOADED.
2026-03-24 05:26:17,785 - INFO - ✅ RAM-Safe Streaming Dataset: 500,000 sequences indexed (Mode: Lightning).
2026-03-24 05:26:17,831 - INFO - 🔍 RAM-Safe Streaming Scan (Val): 274 arquivos...
2026-03-24 05:26:31,304 - INFO - ✂️ Double-Chunking (Val): Expondo fatias de 100,000 amostras aleatórias.
2026-03-24 05:26:31,304 - INFO - 🚀 Pre-loading 100,000 samples into RAM (Lightning Mode)...
2026-03-24 05:27:28,440 - INFO - ✅ RAM-Safe Streaming Dataset: 100,000 sequences indexed and PRE-LOADED.
2026-03-24 05:27:28,441 - INFO - ✅ RAM-Safe Streaming Dataset: 100,000 sequences indexed (Mode: Lightning).
2026-03-24 05:27:28,870 - INFO - Trial 139 START | tcn=512, lstm=256, layers=2, batch=1024, seq=96 | RFE=30 | loss=ASYM (g_s=2.82, g_n=0.40, g_b=0.51) | alpha=[1.68, 0.63, 1.63], smooth=0.30
2026-03-24 05:28:33,602 - INFO - T139 E1/10 | [OK] | L: 0.85911548/0.83255401 | F1 M MIN: 0.33927885 D: 0.40699493 | [S/N/B]: [0.4747/0.6763/0.3393] | LR: 0.00069920
2026-03-24 05:29:38,538 - INFO - T139 E2/10 | [OK] | L: 0.83117686/0.81851229 | F1 M MIN: 0.16548208 D: 0.34714470 | [S/N/B]: [0.5288/0.7536/0.1655] | LR: 0.00064830
2026-03-24 05:30:44,431 - INFO - T139 E3/10 | [OK] | L: 0.82355513/0.81306841 | F1 M MIN: 0.34705148 D: 0.42890085 | [S/N/B]: [0.5108/0.7605/0.3471] | LR: 0.00056901
2026-03-24 05:31:49,908 - INFO - T139 E4/10 | [OK] | L: 0.81857025/0.81224859 | F1 M MIN: 0.44367543 D: 0.45318346 | [S/N/B]: [0.4437/0.7518/0.4627] | LR: 0.00046911
2026-03-24 05:32:56,149 - INFO - T139 E5/10 | [OK] | L: 0.81475159/0.81071292 | F1 M MIN: 0.41332486 D: 0.45162383 | [S/N/B]: [0.4133/0.7591/0.4899] | LR: 0.00035837
2026-03-24 05:34:01,944 - INFO - T139 E6/10 | [OK] | L: 0.81146603/0.81006448 | F1 M MIN: 0.45704506 D: 0.46224918 | [S/N/B]: [0.4570/0.7558/0.4675] | LR: 0.00024763
2026-03-24 05:35:07,472 - INFO - T139 E7/10 | [OK] | L: 0.80804236/0.81051922 | F1 M MIN: 0.43869995 D: 0.45984569 | [S/N/B]: [0.4810/0.7559/0.4387] | LR: 0.00014773
2026-03-24 05:36:13,570 - INFO - T139 E8/10 | [OK] | L: 0.80493357/0.81081015 | F1 M MIN: 0.45276496 D: 0.46045925 | [S/N/B]: [0.4682/0.7598/0.4528] | LR: 0.00006844
2026-03-24 05:37:19,362 - INFO - T139 E9/10 | [OK] | L: 0.80203331/0.81101737 | F1 M MIN: 0.44004109 D: 0.45893521 | [S/N/B]: [0.4778/0.7559/0.4400] | LR: 0.00001754
2026-03-24 05:38:24,892 - INFO - T139 E10/10 | [OK] | L: 0.80010235/0.81038897 | F1 M MIN: 0.45968548 D: 0.46089952 | [S/N/B]: [0.4621/0.7638/0.4597] | LR: 0.00000000
