2026-03-25 20:41:31,984 - INFO - Trial 290 pruned.
2026-03-25 20:41:32,648 - INFO - 🔍 RAM-Safe Streaming Scan (Treino): 878 arquivos...
2026-03-25 20:42:22,157 - INFO - ✂️ Double-Chunking (Treino): Expondo fatias de 500,000 amostras aleatórias.
2026-03-25 20:42:22,158 - INFO - 🚀 Pre-loading 500,000 samples into RAM (Lightning Mode)...
2026-03-25 20:45:39,465 - INFO - ✅ RAM-Safe Streaming Dataset: 500,000 sequences indexed and PRE-LOADED.
2026-03-25 20:45:39,466 - INFO - ✅ RAM-Safe Streaming Dataset: 500,000 sequences indexed (Mode: Lightning).
2026-03-25 20:45:39,514 - INFO - 🔍 RAM-Safe Streaming Scan (Val): 274 arquivos...
2026-03-25 20:45:51,960 - INFO - ✂️ Double-Chunking (Val): Expondo fatias de 100,000 amostras aleatórias.
2026-03-25 20:45:51,960 - INFO - 🚀 Pre-loading 100,000 samples into RAM (Lightning Mode)...
2026-03-25 20:46:51,588 - INFO - ✅ RAM-Safe Streaming Dataset: 100,000 sequences indexed and PRE-LOADED.
2026-03-25 20:46:51,589 - INFO - ✅ RAM-Safe Streaming Dataset: 100,000 sequences indexed (Mode: Lightning).
2026-03-25 20:46:51,974 - INFO - Trial 291 START | tcn=128, lstm=256, layers=2, batch=1024, seq=256 | RFE=30 | loss=ASYM (g_s=4.55, g_n=0.21, g_b=1.40) | alpha=[1.72, 0.87, 1.67], smooth=0.19
2026-03-25 20:47:58,556 - INFO - T291 E1/10 | [OK] | L: 0.81284886/0.80661574 | F1 M MIN: 0.17466303 D: 0.36681546 | [S/N/B]: [0.1747/0.7532/0.5590] | LR: 0.00028793
2026-03-25 20:49:05,202 - INFO - T291 E2/10 | [OK] | L: 0.75760184/0.79106447 | F1 M MIN: 0.05657415 D: 0.30556048 | [S/N/B]: [0.0566/0.7655/0.5545] | LR: 0.00026697
2026-03-25 20:50:12,708 - INFO - T291 E3/10 | [OK] | L: 0.74275519/0.76499169 | F1 M MIN: 0.09015588 D: 0.33371159 | [S/N/B]: [0.0902/0.8209/0.5773] | LR: 0.00023432
2026-03-25 20:51:19,726 - INFO - T291 E4/10 | [OK] | L: 0.73413568/0.75812312 | F1 M MIN: 0.11557537 D: 0.34520490 | [S/N/B]: [0.1156/0.8267/0.5748] | LR: 0.00019318
2026-03-25 20:52:27,399 - INFO - T291 E5/10 | [OK] | L: 0.72785347/0.75364140 | F1 M MIN: 0.23852843 D: 0.39999632 | [S/N/B]: [0.2385/0.8279/0.5615] | LR: 0.00014758
2026-03-25 20:52:27,545 - INFO - Trial 291 pruned by Optuna at epoch 5
2026-03-25 20:52:27,658 - INFO - Trial 291 pruned.
2026-03-25 20:52:28,353 - INFO - 🔍 RAM-Safe Streaming Scan (Treino): 878 arquivos...
2026-03-25 20:53:18,119 - INFO - ✂️ Double-Chunking (Treino): Expondo fatias de 500,000 amostras aleatórias.
2026-03-25 20:53:18,120 - INFO - 🚀 Pre-loading 500,000 samples into RAM (Lightning Mode)...
2026-03-25 20:56:38,743 - INFO - ✅ RAM-Safe Streaming Dataset: 500,000 sequences indexed and PRE-LOADED.
2026-03-25 20:56:38,744 - INFO - ✅ RAM-Safe Streaming Dataset: 500,000 sequences indexed (Mode: Lightning).
2026-03-25 20:56:38,790 - INFO - 🔍 RAM-Safe Streaming Scan (Val): 274 arquivos...
2026-03-25 20:56:51,890 - INFO - ✂️ Double-Chunking (Val): Expondo fatias de 100,000 amostras aleatórias.
2026-03-25 20:56:51,890 - INFO - 🚀 Pre-loading 100,000 samples into RAM (Lightning Mode)...
2026-03-25 20:57:51,323 - INFO - ✅ RAM-Safe Streaming Dataset: 100,000 sequences indexed and PRE-LOADED.
2026-03-25 20:57:51,324 - INFO - ✅ RAM-Safe Streaming Dataset: 100,000 sequences indexed (Mode: Lightning).
2026-03-25 20:57:51,765 - INFO - Trial 292 START | tcn=512, lstm=32, layers=3, batch=1024, seq=192 | RFE=30 | loss=ASYM (g_s=1.04, g_n=0.21, g_b=1.35) | alpha=[1.19, 0.60, 1.06], smooth=0.31
2026-03-25 21:00:01,573 - INFO - T292 E1/10 | [WARN] ZERO_PENALTY | L: 0.61735590/0.60799361 | F1 M MIN: 0.00000000 D: 0.00000000 | [S/N/B]: [0.5483/0.7627/0.0000] | LR: 0.00098279
2026-03-25 21:02:12,099 - INFO - T292 E2/10 | [WARN] ZERO_PENALTY | L: 0.58748965/0.59494531 | F1 M MIN: 0.00000000 D: 0.00000000 | [S/N/B]: [0.5626/0.8003/0.0000] | LR: 0.00091124
2026-03-25 21:04:23,337 - INFO - T292 E3/10 | [WARN] ZERO_PENALTY | L: 0.58198329/0.58851776 | F1 M MIN: 0.00000000 D: 0.00000000 | [S/N/B]: [0.5736/0.8249/0.0000] | LR: 0.00079980
2026-03-25 21:06:33,908 - INFO - T292 E4/10 | [WARN] ZERO_PENALTY | L: 0.57847205/0.58933426 | F1 M MIN: 0.00000000 D: 0.00000000 | [S/N/B]: [0.5661/0.8087/0.0000] | LR: 0.00065938
2026-03-25 21:06:33,964 - INFO - Trial 292 stopped early due to patience limit (4 epochs without improvement)
2026-03-25 21:06:34,196 - INFO - Trial 292 finished with value: 0.0 and parameters: {'tcn_channels': 512, 'lstm_hidden': 32, 'num_lstm_layers': 3, 'batch_size': 1024, 'dropout': 0.22071691618161185, 'seq_len': 192, 'lr': 0.0010074388816847285, 'weight_decay': 0.004860012620584467, 'base_alpha_sell': 1.188267339797978, 'base_alpha_neutral': 0.6013110123286326, 'base_alpha_buy': 1.056075461626103, 'base_loss_gamma': 2.227443359373221, 'base_loss_smoothing': 0.30701085929764615, 'asym_gamma_sell': 1.0406052308593021, 'asym_gamma_neu': 0.21009507870939248, 'asym_gamma_buy': 1.3481776722314933}. Best is trial 193 with value: 0.4857577883085556.
2026-03-25 21:06:34,850 - INFO - 🔍 RAM-Safe Streaming Scan (Treino): 878 arquivos...
2026-03-25 21:07:24,589 - INFO - ✂️ Double-Chunking (Treino): Expondo fatias de 500,000 amostras aleatórias.
2026-03-25 21:07:24,590 - INFO - 🚀 Pre-loading 500,000 samples into RAM (Lightning Mode)...
2026-03-25 21:10:42,835 - INFO - ✅ RAM-Safe Streaming Dataset: 500,000 sequences indexed and PRE-LOADED.
2026-03-25 21:10:42,836 - INFO - ✅ RAM-Safe Streaming Dataset: 500,000 sequences indexed (Mode: Lightning).
2026-03-25 21:10:42,881 - INFO - 🔍 RAM-Safe Streaming Scan (Val): 274 arquivos...
2026-03-25 21:10:55,552 - INFO - ✂️ Double-Chunking (Val): Expondo fatias de 100,000 amostras aleatórias.
2026-03-25 21:10:55,553 - INFO - 🚀 Pre-loading 100,000 samples into RAM (Lightning Mode)...
2026-03-25 21:11:54,351 - INFO - ✅ RAM-Safe Streaming Dataset: 100,000 sequences indexed and PRE-LOADED.
2026-03-25 21:11:54,352 - INFO - ✅ RAM-Safe Streaming Dataset: 100,000 sequences indexed (Mode: Lightning).
2026-03-25 21:11:54,717 - INFO - Trial 293 START | tcn=128, lstm=256, layers=2, batch=1024, seq=144 | RFE=30 | loss=ASYM (g_s=1.93, g_n=0.37, g_b=1.02) | alpha=[1.27, 0.64, 1.71], smooth=0.34
2026-03-25 21:12:35,093 - INFO - T293 E1/10 | [WARN] ZERO_PENALTY | L: 0.77768683/0.77227772 | F1 M MIN: 0.00000000 D: 0.00000000 | [S/N/B]: [0.0000/0.5777/0.4952] | LR: 0.00068990
2026-03-25 21:13:15,105 - INFO - T293 E2/10 | [OK] | L: 0.75233390/0.75350490 | F1 M MIN: 0.00007245 D: 0.26316541 | [S/N/B]: [0.0001/0.7082/0.5263] | LR: 0.00063967
2026-03-25 21:13:55,986 - INFO - T293 E3/10 | [OK] | L: 0.74527198/0.74885278 | F1 M MIN: 0.00014488 D: 0.26336620 | [S/N/B]: [0.0001/0.7077/0.5266] | LR: 0.00056144
2026-03-25 21:14:36,396 - INFO - T293 E4/10 | [OK] | L: 0.74039167/0.74416475 | F1 M MIN: 0.09302928 D: 0.31642251 | [S/N/B]: [0.0930/0.7555/0.5398] | LR: 0.00046287
2026-03-25 21:15:17,293 - INFO - T293 E5/10 | [OK] | L: 0.73706557/0.74216800 | F1 M MIN: 0.10400682 D: 0.32409938 | [S/N/B]: [0.1040/0.7519/0.5442] | LR: 0.00035360
2026-03-25 21:15:17,434 - INFO - Trial 293 pruned by Optuna at epoch 5
2026-03-25 21:15:17,536 - INFO - Trial 293 pruned.
2026-03-25 21:15:18,150 - INFO - 🔍 RAM-Safe Streaming Scan (Treino): 878 arquivos...
2026-03-25 21:16:07,687 - INFO - ✂️ Double-Chunking (Treino): Expondo fatias de 500,000 amostras aleatórias.
2026-03-25 21:16:07,688 - INFO - 🚀 Pre-loading 500,000 samples into RAM (Lightning Mode)...
2026-03-25 21:19:20,943 - INFO - ✅ RAM-Safe Streaming Dataset: 500,000 sequences indexed and PRE-LOADED.
2026-03-25 21:19:20,944 - INFO - ✅ RAM-Safe Streaming Dataset: 500,000 sequences indexed (Mode: Lightning).
2026-03-25 21:19:20,995 - INFO - 🔍 RAM-Safe Streaming Scan (Val): 274 arquivos...
2026-03-25 21:19:34,016 - INFO - ✂️ Double-Chunking (Val): Expondo fatias de 100,000 amostras aleatórias.
2026-03-25 21:19:34,017 - INFO - 🚀 Pre-loading 100,000 samples into RAM (Lightning Mode)...
2026-03-25 21:20:32,473 - INFO - ✅ RAM-Safe Streaming Dataset: 100,000 sequences indexed and PRE-LOADED.
2026-03-25 21:20:32,474 - INFO - ✅ RAM-Safe Streaming Dataset: 100,000 sequences indexed (Mode: Lightning).
2026-03-25 21:20:32,848 - INFO - Trial 294 START | tcn=256, lstm=256, layers=2, batch=1024, seq=144 | RFE=30 | loss=ASYM (g_s=1.19, g_n=0.40, g_b=1.53) | alpha=[1.10, 0.62, 1.43], smooth=0.29
2026-03-25 21:21:34,001 - INFO - T294 E1/10 | [WARN] ZERO_PENALTY | L: 0.64130127/0.62148016 | F1 M MIN: 0.00000000 D: 0.00000000 | [S/N/B]: [0.0000/0.7483/0.5344] | LR: 0.00035110
2026-03-25 21:22:35,094 - INFO - T294 E2/10 | [WARN] ZERO_PENALTY | L: 0.61322335/0.60814100 | F1 M MIN: 0.00000000 D: 0.00000000 | [S/N/B]: [0.0000/0.7957/0.5528] | LR: 0.00032554
2026-03-25 21:23:37,195 - INFO - T294 E3/10 | [OK] | L: 0.60461580/0.60870232 | F1 M MIN: 0.02027767 D: 0.28023297 | [S/N/B]: [0.0203/0.7585/0.5402] | LR: 0.00028573
2026-03-25 21:24:38,772 - INFO - T294 E4/10 | [OK] | L: 0.59940102/0.60236063 | F1 M MIN: 0.12284463 D: 0.33887222 | [S/N/B]: [0.1228/0.7950/0.5549] | LR: 0.00023556
2026-03-25 21:25:40,906 - INFO - T294 E5/10 | [OK] | L: 0.59544756/0.59945148 | F1 M MIN: 0.24940484 D: 0.39828801 | [S/N/B]: [0.2494/0.8033/0.5472] | LR: 0.00017995
2026-03-25 21:25:41,056 - INFO - Trial 294 pruned by Optuna at epoch 5
2026-03-25 21:25:41,164 - INFO - Trial 294 pruned.
2026-03-25 21:25:41,777 - INFO - 🔍 RAM-Safe Streaming Scan (Treino): 878 arquivos...
2026-03-25 21:26:31,952 - INFO - ✂️ Double-Chunking (Treino): Expondo fatias de 500,000 amostras aleatórias.
2026-03-25 21:26:31,954 - INFO - 🚀 Pre-loading 500,000 samples into RAM (Lightning Mode)...
2026-03-25 21:29:50,744 - INFO - ✅ RAM-Safe Streaming Dataset: 500,000 sequences indexed and PRE-LOADED.
2026-03-25 21:29:50,745 - INFO - ✅ RAM-Safe Streaming Dataset: 500,000 sequences indexed (Mode: Lightning).
2026-03-25 21:29:50,796 - INFO - 🔍 RAM-Safe Streaming Scan (Val): 274 arquivos...
2026-03-25 21:30:03,379 - INFO - ✂️ Double-Chunking (Val): Expondo fatias de 100,000 amostras aleatórias.
2026-03-25 21:30:03,379 - INFO - 🚀 Pre-loading 100,000 samples into RAM (Lightning Mode)...
2026-03-25 21:31:02,319 - INFO - ✅ RAM-Safe Streaming Dataset: 100,000 sequences indexed and PRE-LOADED.
2026-03-25 21:31:02,320 - INFO - ✅ RAM-Safe Streaming Dataset: 100,000 sequences indexed (Mode: Lightning).
2026-03-25 21:31:02,724 - INFO - Trial 295 START | tcn=512, lstm=256, layers=2, batch=512, seq=144 | RFE=30 | loss=ASYM (g_s=1.54, g_n=1.07, g_b=1.28) | alpha=[1.10, 0.88, 1.58], smooth=0.30
2026-03-25 21:32:48,909 - INFO - T295 E1/10 | [WARN] ZERO_PENALTY | L: 0.69270285/0.65121944 | F1 M MIN: 0.00000000 D: 0.00000000 | [S/N/B]: [0.0000/0.8177/0.5617] | LR: 0.00084242
2026-03-25 21:34:36,737 - INFO - T295 E2/10 | [WARN] ZERO_PENALTY | L: 0.66852166/0.64222651 | F1 M MIN: 0.00000000 D: 0.00000000 | [S/N/B]: [0.0000/0.8237/0.5649] | LR: 0.00078109
2026-03-25 21:36:24,606 - INFO - T295 E3/10 | [OK] | L: 0.66326900/0.63535996 | F1 M MIN: 0.00014592 D: 0.28862827 | [S/N/B]: [0.0001/0.8493/0.5771] | LR: 0.00068556
2026-03-25 21:38:12,836 - INFO - T295 E4/10 | [OK] | L: 0.65855584/0.63404043 | F1 M MIN: 0.10178066 D: 0.33836390 | [S/N/B]: [0.1018/0.8474/0.5749] | LR: 0.00056520
2026-03-25 21:40:00,837 - INFO - T295 E5/10 | [OK] | L: 0.65401975/0.62902667 | F1 M MIN: 0.13014143 D: 0.35337002 | [S/N/B]: [0.1301/0.8469/0.5766] | LR: 0.00043177
2026-03-25 21:40:00,957 - INFO - Trial 295 pruned by Optuna at epoch 5
2026-03-25 21:40:01,054 - INFO - Trial 295 pruned.
2026-03-25 21:40:01,727 - INFO - 🔍 RAM-Safe Streaming Scan (Treino): 878 arquivos...
2026-03-25 21:40:50,611 - INFO - ✂️ Double-Chunking (Treino): Expondo fatias de 500,000 amostras aleatórias.
2026-03-25 21:40:50,612 - INFO - 🚀 Pre-loading 500,000 samples into RAM (Lightning Mode)...
2026-03-25 21:44:03,342 - INFO - ✅ RAM-Safe Streaming Dataset: 500,000 sequences indexed and PRE-LOADED.
2026-03-25 21:44:03,343 - INFO - ✅ RAM-Safe Streaming Dataset: 500,000 sequences indexed (Mode: Lightning).
2026-03-25 21:44:03,390 - INFO - 🔍 RAM-Safe Streaming Scan (Val): 274 arquivos...
2026-03-25 21:44:16,188 - INFO - ✂️ Double-Chunking (Val): Expondo fatias de 100,000 amostras aleatórias.
2026-03-25 21:44:16,188 - INFO - 🚀 Pre-loading 100,000 samples into RAM (Lightning Mode)...
2026-03-25 21:45:14,853 - INFO - ✅ RAM-Safe Streaming Dataset: 100,000 sequences indexed and PRE-LOADED.
2026-03-25 21:45:14,854 - INFO - ✅ RAM-Safe Streaming Dataset: 100,000 sequences indexed (Mode: Lightning).
2026-03-25 21:45:15,224 - INFO - Trial 296 START | tcn=512, lstm=256, layers=2, batch=1024, seq=96 | RFE=30 | loss=ASYM (g_s=3.24, g_n=0.90, g_b=0.87) | alpha=[1.72, 0.83, 1.29], smooth=0.23
2026-03-25 21:46:19,859 - INFO - T296 E1/10 | [WARN] ZERO_PENALTY | L: 0.69491140/0.64944998 | F1 M MIN: 0.00000000 D: 0.00000000 | [S/N/B]: [0.5689/0.8123/0.0000] | LR: 0.00126253
2026-03-25 21:47:24,597 - INFO - T296 E2/10 | [WARN] ZERO_PENALTY | L: 0.66123392/0.65003522 | F1 M MIN: 0.00000000 D: 0.00000000 | [S/N/B]: [0.5607/0.7893/0.0000] | LR: 0.00117062
2026-03-25 21:48:30,341 - INFO - T296 E3/10 | [OK] | L: 0.65378409/0.62847389 | F1 M MIN: 0.07905946 D: 0.32787271 | [S/N/B]: [0.5767/0.8493/0.0791] | LR: 0.00102746
2026-03-25 21:49:35,567 - INFO - T296 E4/10 | [OK] | L: 0.64927125/0.63443504 | F1 M MIN: 0.02212421 D: 0.29803329 | [S/N/B]: [0.5739/0.8274/0.0221] | LR: 0.00084707
2026-03-25 21:50:41,292 - INFO - T296 E5/10 | [OK] | L: 0.64558846/0.63070524 | F1 M MIN: 0.03805512 D: 0.30461888 | [S/N/B]: [0.5712/0.8222/0.0381] | LR: 0.00064710
2026-03-25 21:50:41,389 - INFO - Trial 296 pruned by Optuna at epoch 5
2026-03-25 21:50:41,487 - INFO - Trial 296 pruned.
2026-03-25 21:50:42,123 - INFO - 🔍 RAM-Safe Streaming Scan (Treino): 878 arquivos...
2026-03-25 21:51:33,165 - INFO - ✂️ Double-Chunking (Treino): Expondo fatias de 500,000 amostras aleatórias.
2026-03-25 21:51:33,166 - INFO - 🚀 Pre-loading 500,000 samples into RAM (Lightning Mode)...
2026-03-25 21:54:48,158 - INFO - ✅ RAM-Safe Streaming Dataset: 500,000 sequences indexed and PRE-LOADED.
2026-03-25 21:54:48,159 - INFO - ✅ RAM-Safe Streaming Dataset: 500,000 sequences indexed (Mode: Lightning).
2026-03-25 21:54:48,211 - INFO - 🔍 RAM-Safe Streaming Scan (Val): 274 arquivos...
2026-03-25 21:55:01,156 - INFO - ✂️ Double-Chunking (Val): Expondo fatias de 100,000 amostras aleatórias.
2026-03-25 21:55:01,157 - INFO - 🚀 Pre-loading 100,000 samples into RAM (Lightning Mode)...
2026-03-25 21:55:59,311 - INFO - ✅ RAM-Safe Streaming Dataset: 100,000 sequences indexed and PRE-LOADED.
2026-03-25 21:55:59,313 - INFO - ✅ RAM-Safe Streaming Dataset: 100,000 sequences indexed (Mode: Lightning).
2026-03-25 21:55:59,725 - INFO - Trial 297 START | tcn=256, lstm=32, layers=3, batch=1024, seq=144 | RFE=30 | loss=ASYM (g_s=1.53, g_n=0.27, g_b=0.53) | alpha=[1.68, 0.50, 1.23], smooth=0.19
2026-03-25 21:56:47,319 - INFO - T297 E1/10 | [WARN] ZERO_PENALTY | L: 0.79555439/0.71905183 | F1 M MIN: 0.00000000 D: 0.00000000 | [S/N/B]: [0.4959/0.5626/0.0000] | LR: 0.00041554
2026-03-25 21:57:34,817 - INFO - T297 E2/10 | [WARN] ZERO_PENALTY | L: 0.73341056/0.69059681 | F1 M MIN: 0.00000000 D: 0.00000000 | [S/N/B]: [0.5279/0.6986/0.0000] | LR: 0.00038529
2026-03-25 21:58:23,114 - INFO - T297 E3/10 | [WARN] ZERO_PENALTY | L: 0.72190582/0.68816878 | F1 M MIN: 0.00000000 D: 0.00000000 | [S/N/B]: [0.5245/0.6839/0.0000] | LR: 0.00033817
2026-03-25 21:59:10,896 - INFO - T297 E4/10 | [WARN] ZERO_PENALTY | L: 0.71591366/0.68331747 | F1 M MIN: 0.00000000 D: 0.00000000 | [S/N/B]: [0.5315/0.7080/0.0000] | LR: 0.00027879
2026-03-25 21:59:10,958 - INFO - Trial 297 stopped early due to patience limit (4 epochs without improvement)
2026-03-25 21:59:11,162 - INFO - Trial 297 finished with value: 0.0 and parameters: {'tcn_channels': 256, 'lstm_hidden': 32, 'num_lstm_layers': 3, 'batch_size': 1024, 'dropout': 0.27939806820764124, 'seq_len': 144, 'lr': 0.00042596063343152064, 'weight_decay': 0.0022166401129261066, 'base_alpha_sell': 1.6807619394718603, 'base_alpha_neutral': 0.4964542134373643, 'base_alpha_buy': 1.2298026536309146, 'base_loss_gamma': 1.6813664628624, 'base_loss_smoothing': 0.187436209599406, 'asym_gamma_sell': 1.5335647952981049, 'asym_gamma_neu': 0.2677052991124396, 'asym_gamma_buy': 0.5324303290260353}. Best is trial 193 with value: 0.4857577883085556.
2026-03-25 21:59:11,713 - INFO - 🔍 RAM-Safe Streaming Scan (Treino): 878 arquivos...
2026-03-25 22:00:02,862 - INFO - ✂️ Double-Chunking (Treino): Expondo fatias de 500,000 amostras aleatórias.
2026-03-25 22:00:02,863 - INFO - 🚀 Pre-loading 500,000 samples into RAM (Lightning Mode)...
2026-03-25 22:03:22,997 - INFO - ✅ RAM-Safe Streaming Dataset: 500,000 sequences indexed and PRE-LOADED.
2026-03-25 22:03:22,999 - INFO - ✅ RAM-Safe Streaming Dataset: 500,000 sequences indexed (Mode: Lightning).
2026-03-25 22:03:23,050 - INFO - 🔍 RAM-Safe Streaming Scan (Val): 274 arquivos...
2026-03-25 22:03:35,661 - INFO - ✂️ Double-Chunking (Val): Expondo fatias de 100,000 amostras aleatórias.
2026-03-25 22:03:35,662 - INFO - 🚀 Pre-loading 100,000 samples into RAM (Lightning Mode)...
2026-03-25 22:04:35,161 - INFO - ✅ RAM-Safe Streaming Dataset: 100,000 sequences indexed and PRE-LOADED.
2026-03-25 22:04:35,162 - INFO - ✅ RAM-Safe Streaming Dataset: 100,000 sequences indexed (Mode: Lightning).
2026-03-25 22:04:35,647 - INFO - Trial 298 START | tcn=512, lstm=256, layers=2, batch=512, seq=256 | RFE=30 | loss=ASYM (g_s=2.73, g_n=0.39, g_b=3.25) | alpha=[1.36, 0.77, 1.51], smooth=0.32
2026-03-25 22:07:44,423 - INFO - T298 E1/10 | [WARN] ZERO_PENALTY | L: 0.57315341/0.60970249 | F1 M MIN: 0.00000000 D: 0.00000000 | [S/N/B]: [0.0000/0.7952/0.5550] | LR: 0.00077333
2026-03-25 22:10:55,011 - INFO - T298 E2/10 | [OK] | L: 0.55232750/0.60259119 | F1 M MIN: 0.00597897 D: 0.28357119 | [S/N/B]: [0.0060/0.8122/0.5612] | LR: 0.00071703
2026-03-25 22:14:05,667 - INFO - T298 E3/10 | [OK] | L: 0.54678659/0.59919560 | F1 M MIN: 0.38023550 D: 0.45689542 | [S/N/B]: [0.5336/0.8163/0.3802] | LR: 0.00062934
2026-03-25 22:17:16,850 - INFO - T298 E4/10 | [OK] | L: 0.54271641/0.59129585 | F1 M MIN: 0.40149003 D: 0.46605576 | [S/N/B]: [0.4015/0.8244/0.5306] | LR: 0.00051885
2026-03-25 22:20:28,085 - INFO - T298 E5/10 | [OK] | L: 0.53636460/0.59138636 | F1 M MIN: 0.48902349 D: 0.49071808 | [S/N/B]: [0.4890/0.8135/0.4924] | LR: 0.00039636
2026-03-25 22:20:28,295 - INFO - [BEST MACRO]  Trial 298 | Global F1 M MIN record: 0.48902349 (prev: 0.48575779) -> saved best_tcn_lstm.pt
2026-03-25 22:23:39,671 - INFO - T298 E6/10 | [OK] | L: 0.53246096/0.58864824 | F1 M MIN: 0.48406703 D: 0.49745520 | [S/N/B]: [0.5108/0.8270/0.4841] | LR: 0.00027388
2026-03-25 22:23:39,723 - INFO - [BEST DIR]    Trial 298 | Global F1 Dir record: 0.49745520 (prev: 0.49496945) -> saved best_tcn_lstm_dir.pt
2026-03-25 22:26:51,010 - INFO - T298 E7/10 | [OK] | L: 0.52914528/0.58746732 | F1 M MIN: 0.48923564 D: 0.50094581 | [S/N/B]: [0.5127/0.8279/0.4892] | LR: 0.00016339
2026-03-25 22:26:51,210 - INFO - [BEST MACRO]  Trial 298 | Global F1 M MIN record: 0.48923564 (prev: 0.48902349) -> saved best_tcn_lstm.pt
2026-03-25 22:26:51,275 - INFO - [BEST DIR]    Trial 298 | Global F1 Dir record: 0.50094581 (prev: 0.49745520) -> saved best_tcn_lstm_dir.pt
2026-03-25 22:30:02,671 - INFO - T298 E8/10 | [OK] | L: 0.52613493/0.58647540 | F1 M MIN: 0.45413522 D: 0.49315491 | [S/N/B]: [0.4541/0.8253/0.5322] | LR: 0.00007570
2026-03-25 22:33:14,100 - INFO - T298 E9/10 | [OK] | L: 0.52335794/0.58729449 | F1 M MIN: 0.48822903 D: 0.49928990 | [S/N/B]: [0.4882/0.8227/0.5104] | LR: 0.00001940
2026-03-25 22:36:25,341 - INFO - T298 E10/10 | [OK] | L: 0.52163148/0.58587645 | F1 M MIN: 0.48148771 D: 0.50090774 | [S/N/B]: [0.4815/0.8325/0.5203] | LR: 0.00000000
