2026-03-25 07:51:58,528 - INFO - Trial 233 finished with value: 0.4488212792456187 and parameters: {'tcn_channels': 256, 'lstm_hidden': 256, 'num_lstm_layers': 2, 'batch_size': 2048, 'dropout': 0.22283968183040864, 'seq_len': 96, 'lr': 0.0011179020190581585, 'weight_decay': 0.0021221063465341646, 'base_alpha_sell': 1.3064045686464514, 'base_alpha_neutral': 0.5247098381642022, 'base_alpha_buy': 1.3711951327525933, 'base_loss_gamma': 0.526107926059483, 'base_loss_smoothing': 0.2701224976691529, 'asym_gamma_sell': 0.8597654150457043, 'asym_gamma_neu': 0.4371886996142781, 'asym_gamma_buy': 1.7669476514094957}. Best is trial 193 with value: 0.4857577883085556.
2026-03-25 07:51:59,019 - INFO - 🔍 RAM-Safe Streaming Scan (Treino): 878 arquivos...
2026-03-25 07:52:47,889 - INFO - ✂️ Double-Chunking (Treino): Expondo fatias de 500,000 amostras aleatórias.
2026-03-25 07:52:47,890 - INFO - 🚀 Pre-loading 500,000 samples into RAM (Lightning Mode)...
2026-03-25 07:55:55,562 - INFO - ✅ RAM-Safe Streaming Dataset: 500,000 sequences indexed and PRE-LOADED.
2026-03-25 07:55:55,563 - INFO - ✅ RAM-Safe Streaming Dataset: 500,000 sequences indexed (Mode: Lightning).
2026-03-25 07:55:55,614 - INFO - 🔍 RAM-Safe Streaming Scan (Val): 274 arquivos...
2026-03-25 07:56:07,966 - INFO - ✂️ Double-Chunking (Val): Expondo fatias de 100,000 amostras aleatórias.
2026-03-25 07:56:07,967 - INFO - 🚀 Pre-loading 100,000 samples into RAM (Lightning Mode)...
2026-03-25 07:57:05,374 - INFO - ✅ RAM-Safe Streaming Dataset: 100,000 sequences indexed and PRE-LOADED.
2026-03-25 07:57:05,375 - INFO - ✅ RAM-Safe Streaming Dataset: 100,000 sequences indexed (Mode: Lightning).
2026-03-25 07:57:05,768 - INFO - Trial 234 START | tcn=512, lstm=128, layers=2, batch=512, seq=144 | RFE=30 | loss=ASYM (g_s=1.70, g_n=1.35, g_b=0.98) | alpha=[1.71, 0.84, 1.73], smooth=0.16
2026-03-25 07:58:41,874 - INFO - T234 E1/10 | [OK] | L: 0.88920953/0.77658450 | F1 M MIN: 0.17614087 D: 0.36533447 | [S/N/B]: [0.5545/0.7775/0.1761] | LR: 0.00033610
2026-03-25 08:00:19,297 - INFO - T234 E2/10 | [OK] | L: 0.83988040/0.75385310 | F1 M MIN: 0.40085158 D: 0.44453562 | [S/N/B]: [0.4882/0.8018/0.4009] | LR: 0.00031163
2026-03-25 08:01:56,870 - INFO - T234 E3/10 | [OK] | L: 0.82689498/0.74910413 | F1 M MIN: 0.32513624 D: 0.43294050 | [S/N/B]: [0.5407/0.8096/0.3251] | LR: 0.00027352
2026-03-25 08:03:34,503 - INFO - T234 E4/10 | [OK] | L: 0.81800292/0.74140299 | F1 M MIN: 0.41903752 D: 0.45851398 | [S/N/B]: [0.4190/0.8176/0.4980] | LR: 0.00022550
2026-03-25 08:05:11,993 - INFO - T234 E5/10 | [OK] | L: 0.81129274/0.73814789 | F1 M MIN: 0.39452470 D: 0.45957243 | [S/N/B]: [0.5246/0.8086/0.3945] | LR: 0.00017226
2026-03-25 08:06:49,704 - INFO - T234 E6/10 | [OK] | L: 0.80576967/0.73125246 | F1 M MIN: 0.43333895 D: 0.47237020 | [S/N/B]: [0.5114/0.8114/0.4333] | LR: 0.00011903
2026-03-25 08:08:27,327 - INFO - T234 E7/10 | [OK] | L: 0.79983500/0.72797979 | F1 M MIN: 0.40926593 D: 0.46934013 | [S/N/B]: [0.5294/0.8250/0.4093] | LR: 0.00007101
2026-03-25 08:10:04,901 - INFO - T234 E8/10 | [OK] | L: 0.79545370/0.73030000 | F1 M MIN: 0.44006616 D: 0.47540271 | [S/N/B]: [0.5107/0.8110/0.4401] | LR: 0.00003290
2026-03-25 08:11:42,627 - INFO - T234 E9/10 | [OK] | L: 0.79179956/0.72657737 | F1 M MIN: 0.46863411 D: 0.47974908 | [S/N/B]: [0.4909/0.8204/0.4686] | LR: 0.00000843
2026-03-25 08:13:20,095 - INFO - T234 E10/10 | [OK] | L: 0.78987990/0.72659172 | F1 M MIN: 0.46143234 D: 0.47976652 | [S/N/B]: [0.4981/0.8206/0.4614] | LR: 0.00000000
2026-03-25 08:13:20,462 - INFO - Trial 234 finished with value: 0.4686341135277783 and parameters: {'tcn_channels': 512, 'lstm_hidden': 128, 'num_lstm_layers': 2, 'batch_size': 512, 'dropout': 0.31007532056545867, 'seq_len': 144, 'lr': 0.0003445274111316425, 'weight_decay': 0.0002527988325840903, 'base_alpha_sell': 1.713255742840463, 'base_alpha_neutral': 0.8362377750509838, 'base_alpha_buy': 1.7297771209016661, 'base_loss_gamma': 4.669445738420624, 'base_loss_smoothing': 0.15950599224139247, 'asym_gamma_sell': 1.696223174118142, 'asym_gamma_neu': 1.347635377113193, 'asym_gamma_buy': 0.9750730457744542}. Best is trial 193 with value: 0.4857577883085556.
2026-03-25 08:13:20,996 - INFO - 🔍 RAM-Safe Streaming Scan (Treino): 878 arquivos...
2026-03-25 08:14:10,194 - INFO - ✂️ Double-Chunking (Treino): Expondo fatias de 500,000 amostras aleatórias.
2026-03-25 08:14:10,195 - INFO - 🚀 Pre-loading 500,000 samples into RAM (Lightning Mode)...
2026-03-25 08:17:16,110 - INFO - ✅ RAM-Safe Streaming Dataset: 500,000 sequences indexed and PRE-LOADED.
2026-03-25 08:17:16,111 - INFO - ✅ RAM-Safe Streaming Dataset: 500,000 sequences indexed (Mode: Lightning).
2026-03-25 08:17:16,161 - INFO - 🔍 RAM-Safe Streaming Scan (Val): 274 arquivos...
2026-03-25 08:17:28,656 - INFO - ✂️ Double-Chunking (Val): Expondo fatias de 100,000 amostras aleatórias.
2026-03-25 08:17:28,656 - INFO - 🚀 Pre-loading 100,000 samples into RAM (Lightning Mode)...
2026-03-25 08:18:24,623 - INFO - ✅ RAM-Safe Streaming Dataset: 100,000 sequences indexed and PRE-LOADED.
2026-03-25 08:18:24,624 - INFO - ✅ RAM-Safe Streaming Dataset: 100,000 sequences indexed (Mode: Lightning).
2026-03-25 08:18:25,021 - INFO - Trial 235 START | tcn=512, lstm=256, layers=4, batch=1024, seq=144 | RFE=30 | loss=ASYM (g_s=0.88, g_n=0.36, g_b=0.65) | alpha=[1.38, 0.62, 1.03], smooth=0.23
2026-03-25 08:20:28,162 - INFO - T235 E1/10 | [WARN] ZERO_PENALTY | L: 0.69468664/0.66336293 | F1 M MIN: 0.00000000 D: 0.00000000 | [S/N/B]: [0.5500/0.7670/0.0000] | LR: 0.00164727
2026-03-25 08:22:32,098 - INFO - T235 E2/10 | [WARN] ZERO_PENALTY | L: 0.66655284/0.64056869 | F1 M MIN: 0.00000000 D: 0.00000000 | [S/N/B]: [0.5648/0.8010/0.0000] | LR: 0.00152735
2026-03-25 08:24:36,760 - INFO - T235 E3/10 | [WARN] ZERO_PENALTY | L: 0.66027230/0.63575293 | F1 M MIN: 0.00000000 D: 0.00000000 | [S/N/B]: [0.5661/0.8046/0.0000] | LR: 0.00134056
2026-03-25 08:26:40,864 - INFO - T235 E4/10 | [WARN] ZERO_PENALTY | L: 0.65614969/0.63261815 | F1 M MIN: 0.00000000 D: 0.00000000 | [S/N/B]: [0.5701/0.8133/0.0000] | LR: 0.00110520
2026-03-25 08:26:40,937 - INFO - Trial 235 stopped early due to patience limit (4 epochs without improvement)
2026-03-25 08:26:41,135 - INFO - Trial 235 finished with value: 0.0 and parameters: {'tcn_channels': 512, 'lstm_hidden': 256, 'num_lstm_layers': 4, 'batch_size': 1024, 'dropout': 0.32787769748461576, 'seq_len': 144, 'lr': 0.001688594823259921, 'weight_decay': 0.0021825752840571415, 'base_alpha_sell': 1.3764477263255297, 'base_alpha_neutral': 0.6202388367040967, 'base_alpha_buy': 1.0329746561983426, 'base_loss_gamma': 1.1691950995759695, 'base_loss_smoothing': 0.22516394909174614, 'asym_gamma_sell': 0.8784832914405669, 'asym_gamma_neu': 0.36022592881427873, 'asym_gamma_buy': 0.6506642102333018}. Best is trial 193 with value: 0.4857577883085556.
2026-03-25 08:26:41,674 - INFO - 🔍 RAM-Safe Streaming Scan (Treino): 878 arquivos...
2026-03-25 08:27:31,269 - INFO - ✂️ Double-Chunking (Treino): Expondo fatias de 500,000 amostras aleatórias.
2026-03-25 08:27:31,270 - INFO - 🚀 Pre-loading 500,000 samples into RAM (Lightning Mode)...
2026-03-25 08:30:42,743 - INFO - ✅ RAM-Safe Streaming Dataset: 500,000 sequences indexed and PRE-LOADED.
2026-03-25 08:30:42,744 - INFO - ✅ RAM-Safe Streaming Dataset: 500,000 sequences indexed (Mode: Lightning).
2026-03-25 08:30:42,794 - INFO - 🔍 RAM-Safe Streaming Scan (Val): 274 arquivos...
2026-03-25 08:30:55,495 - INFO - ✂️ Double-Chunking (Val): Expondo fatias de 100,000 amostras aleatórias.
2026-03-25 08:30:55,496 - INFO - 🚀 Pre-loading 100,000 samples into RAM (Lightning Mode)...
2026-03-25 08:31:53,320 - INFO - ✅ RAM-Safe Streaming Dataset: 100,000 sequences indexed and PRE-LOADED.
2026-03-25 08:31:53,321 - INFO - ✅ RAM-Safe Streaming Dataset: 100,000 sequences indexed (Mode: Lightning).
2026-03-25 08:31:53,724 - INFO - Trial 236 START | tcn=256, lstm=256, layers=3, batch=1024, seq=256 | RFE=30 | loss=ASYM (g_s=0.81, g_n=0.54, g_b=0.73) | alpha=[1.57, 0.58, 1.25], smooth=0.31
2026-03-25 08:33:54,936 - INFO - T236 E1/10 | [WARN] ZERO_PENALTY | L: 0.81783395/0.76792839 | F1 M MIN: 0.00000000 D: 0.00000000 | [S/N/B]: [0.5207/0.6495/0.0000] | LR: 0.00055145
2026-03-25 08:35:56,895 - INFO - T236 E2/10 | [OK] | L: 0.79237909/0.75129386 | F1 M MIN: 0.05037678 D: 0.29970952 | [S/N/B]: [0.5490/0.7420/0.0504] | LR: 0.00051130
2026-03-25 08:37:59,867 - INFO - T236 E3/10 | [OK] | L: 0.78655292/0.75323366 | F1 M MIN: 0.06684547 D: 0.30296578 | [S/N/B]: [0.5391/0.7035/0.0668] | LR: 0.00044877
2026-03-25 08:40:02,241 - INFO - T236 E4/10 | [OK] | L: 0.78106347/0.74762599 | F1 M MIN: 0.11010972 D: 0.32879247 | [S/N/B]: [0.5475/0.7257/0.1101] | LR: 0.00036998
2026-03-25 08:42:05,597 - INFO - T236 E5/10 | [OK] | L: 0.77434232/0.74032182 | F1 M MIN: 0.24700707 D: 0.40117195 | [S/N/B]: [0.5553/0.7385/0.2470] | LR: 0.00028264
2026-03-25 08:42:05,739 - INFO - Trial 236 pruned by Optuna at epoch 5
2026-03-25 08:42:05,850 - INFO - Trial 236 pruned.
2026-03-25 08:42:06,475 - INFO - 🔍 RAM-Safe Streaming Scan (Treino): 878 arquivos...
2026-03-25 08:42:56,017 - INFO - ✂️ Double-Chunking (Treino): Expondo fatias de 500,000 amostras aleatórias.
2026-03-25 08:42:56,018 - INFO - 🚀 Pre-loading 500,000 samples into RAM (Lightning Mode)...
2026-03-25 08:46:00,102 - INFO - ✅ RAM-Safe Streaming Dataset: 500,000 sequences indexed and PRE-LOADED.
2026-03-25 08:46:00,109 - INFO - ✅ RAM-Safe Streaming Dataset: 500,000 sequences indexed (Mode: Lightning).
2026-03-25 08:46:00,161 - INFO - 🔍 RAM-Safe Streaming Scan (Val): 274 arquivos...
2026-03-25 08:46:12,325 - INFO - ✂️ Double-Chunking (Val): Expondo fatias de 100,000 amostras aleatórias.
2026-03-25 08:46:12,326 - INFO - 🚀 Pre-loading 100,000 samples into RAM (Lightning Mode)...
2026-03-25 08:47:08,078 - INFO - ✅ RAM-Safe Streaming Dataset: 100,000 sequences indexed and PRE-LOADED.
2026-03-25 08:47:08,080 - INFO - ✅ RAM-Safe Streaming Dataset: 100,000 sequences indexed (Mode: Lightning).
2026-03-25 08:47:08,447 - INFO - Trial 237 START | tcn=512, lstm=64, layers=3, batch=512, seq=144 | RFE=30 | loss=ASYM (g_s=1.83, g_n=1.46, g_b=1.45) | alpha=[1.46, 0.95, 1.64], smooth=0.23
2026-03-25 08:48:41,593 - INFO - T237 E1/10 | [WARN] ZERO_PENALTY | L: 0.79248328/0.70488000 | F1 M MIN: 0.00000000 D: 0.00000000 | [S/N/B]: [0.0000/0.8128/0.5583] | LR: 0.00033841
2026-03-25 08:50:15,646 - INFO - T237 E2/10 | [WARN] ZERO_PENALTY | L: 0.74366553/0.69677016 | F1 M MIN: 0.00000000 D: 0.00000000 | [S/N/B]: [0.0000/0.8185/0.5618] | LR: 0.00031377
2026-03-25 08:51:49,926 - INFO - T237 E3/10 | [WARN] ZERO_PENALTY | L: 0.73490801/0.68280998 | F1 M MIN: 0.00000000 D: 0.00000000 | [S/N/B]: [0.0000/0.8388/0.5709] | LR: 0.00027540
2026-03-25 08:53:24,291 - INFO - T237 E4/10 | [WARN] ZERO_PENALTY | L: 0.72959302/0.67775075 | F1 M MIN: 0.00000000 D: 0.00000000 | [S/N/B]: [0.0000/0.8432/0.5732] | LR: 0.00022705
2026-03-25 08:53:24,361 - INFO - Trial 237 stopped early due to patience limit (4 epochs without improvement)
2026-03-25 08:53:24,557 - INFO - Trial 237 finished with value: 0.0 and parameters: {'tcn_channels': 512, 'lstm_hidden': 64, 'num_lstm_layers': 3, 'batch_size': 512, 'dropout': 0.35341193085433, 'seq_len': 144, 'lr': 0.0003468984615432097, 'weight_decay': 0.00044394290727973855, 'base_alpha_sell': 1.4641855439275262, 'base_alpha_neutral': 0.9453506612746281, 'base_alpha_buy': 1.643102359643761, 'base_loss_gamma': 4.998233409530875, 'base_loss_smoothing': 0.22891682500745472, 'asym_gamma_sell': 1.8325739892744553, 'asym_gamma_neu': 1.4562518746710085, 'asym_gamma_buy': 1.4503202103833135}. Best is trial 193 with value: 0.4857577883085556.
2026-03-25 08:53:25,116 - INFO - 🔍 RAM-Safe Streaming Scan (Treino): 878 arquivos...
2026-03-25 08:54:15,549 - INFO - ✂️ Double-Chunking (Treino): Expondo fatias de 500,000 amostras aleatórias.
2026-03-25 08:54:15,550 - INFO - 🚀 Pre-loading 500,000 samples into RAM (Lightning Mode)...
2026-03-25 08:57:20,947 - INFO - ✅ RAM-Safe Streaming Dataset: 500,000 sequences indexed and PRE-LOADED.
2026-03-25 08:57:20,948 - INFO - ✅ RAM-Safe Streaming Dataset: 500,000 sequences indexed (Mode: Lightning).
2026-03-25 08:57:20,993 - INFO - 🔍 RAM-Safe Streaming Scan (Val): 274 arquivos...
2026-03-25 08:57:33,887 - INFO - ✂️ Double-Chunking (Val): Expondo fatias de 100,000 amostras aleatórias.
2026-03-25 08:57:33,888 - INFO - 🚀 Pre-loading 100,000 samples into RAM (Lightning Mode)...
2026-03-25 08:58:30,876 - INFO - ✅ RAM-Safe Streaming Dataset: 100,000 sequences indexed and PRE-LOADED.
2026-03-25 08:58:30,877 - INFO - ✅ RAM-Safe Streaming Dataset: 100,000 sequences indexed (Mode: Lightning).
2026-03-25 08:58:31,283 - INFO - Trial 238 START | tcn=256, lstm=256, layers=2, batch=2048, seq=96 | RFE=30 | loss=ASYM (g_s=0.76, g_n=1.26, g_b=3.33) | alpha=[1.33, 0.52, 1.30], smooth=0.30
2026-03-25 08:59:08,796 - INFO - T238 E1/10 | [OK] | L: 0.49801870/0.45226867 | F1 M MIN: 0.00316118 D: 0.26490382 | [S/N/B]: [0.5266/0.6908/0.0032] | LR: 0.00071817
2026-03-25 08:59:46,813 - INFO - T238 E2/10 | [OK] | L: 0.47359532/0.44339290 | F1 M MIN: 0.01419451 D: 0.27858915 | [S/N/B]: [0.5430/0.7351/0.0142] | LR: 0.00066588
2026-03-25 09:00:25,053 - INFO - T238 E3/10 | [OK] | L: 0.46796722/0.43992762 | F1 M MIN: 0.05784285 D: 0.30346748 | [S/N/B]: [0.5491/0.7348/0.0578] | LR: 0.00058445
2026-03-25 09:01:03,286 - INFO - T238 E4/10 | [OK] | L: 0.46466895/0.43808565 | F1 M MIN: 0.07562157 D: 0.31479311 | [S/N/B]: [0.5540/0.7477/0.0756] | LR: 0.00048184
2026-03-25 09:01:41,906 - INFO - T238 E5/10 | [OK] | L: 0.46230476/0.43666996 | F1 M MIN: 0.10300970 D: 0.32888076 | [S/N/B]: [0.5548/0.7514/0.1030] | LR: 0.00036809
2026-03-25 09:01:42,087 - INFO - Trial 238 pruned by Optuna at epoch 5
2026-03-25 09:01:42,231 - INFO - Trial 238 pruned.
2026-03-25 09:01:43,175 - INFO - 🔍 RAM-Safe Streaming Scan (Treino): 878 arquivos...
2026-03-25 09:02:34,062 - INFO - ✂️ Double-Chunking (Treino): Expondo fatias de 500,000 amostras aleatórias.
2026-03-25 09:02:34,065 - INFO - 🚀 Pre-loading 500,000 samples into RAM (Lightning Mode)...
2026-03-25 09:05:42,146 - INFO - ✅ RAM-Safe Streaming Dataset: 500,000 sequences indexed and PRE-LOADED.
2026-03-25 09:05:42,148 - INFO - ✅ RAM-Safe Streaming Dataset: 500,000 sequences indexed (Mode: Lightning).
2026-03-25 09:05:42,200 - INFO - 🔍 RAM-Safe Streaming Scan (Val): 274 arquivos...
2026-03-25 09:05:54,933 - INFO - ✂️ Double-Chunking (Val): Expondo fatias de 100,000 amostras aleatórias.
2026-03-25 09:05:54,933 - INFO - 🚀 Pre-loading 100,000 samples into RAM (Lightning Mode)...
2026-03-25 09:06:53,482 - INFO - ✅ RAM-Safe Streaming Dataset: 100,000 sequences indexed and PRE-LOADED.
2026-03-25 09:06:53,483 - INFO - ✅ RAM-Safe Streaming Dataset: 100,000 sequences indexed (Mode: Lightning).
2026-03-25 09:06:53,882 - INFO - Trial 239 START | tcn=512, lstm=128, layers=2, batch=512, seq=144 | RFE=30 | loss=ASYM (g_s=1.78, g_n=1.10, g_b=0.73) | alpha=[1.41, 0.78, 1.56], smooth=0.12
2026-03-25 09:08:30,079 - INFO - T239 E1/10 | [OK] | L: 0.73131942/0.63798020 | F1 M MIN: 0.02299014 D: 0.28646697 | [S/N/B]: [0.0230/0.8019/0.5499] | LR: 0.00043557
2026-03-25 09:10:07,299 - INFO - T239 E2/10 | [OK] | L: 0.68551767/0.61490720 | F1 M MIN: 0.00007244 D: 0.28500803 | [S/N/B]: [0.0001/0.8392/0.5699] | LR: 0.00040386
2026-03-25 09:11:44,624 - INFO - T239 E3/10 | [OK] | L: 0.67565898/0.60809825 | F1 M MIN: 0.01334176 D: 0.29461216 | [S/N/B]: [0.0133/0.8470/0.5759] | LR: 0.00035447
2026-03-25 09:13:22,234 - INFO - T239 E4/10 | [OK] | L: 0.67098764/0.60949100 | F1 M MIN: 0.30438742 D: 0.42069617 | [S/N/B]: [0.3044/0.8376/0.5370] | LR: 0.00029224
2026-03-25 09:14:59,814 - INFO - T239 E5/10 | [OK] | L: 0.66558461/0.60395707 | F1 M MIN: 0.18911049 D: 0.37816739 | [S/N/B]: [0.1891/0.8345/0.5672] | LR: 0.00022325
2026-03-25 09:16:37,528 - INFO - T239 E6/10 | [OK] | L: 0.66007239/0.60240391 | F1 M MIN: 0.34251891 D: 0.44395956 | [S/N/B]: [0.3425/0.8332/0.5454] | LR: 0.00015426
2026-03-25 09:16:37,655 - INFO - Trial 239 pruned by Optuna at epoch 6
2026-03-25 09:16:37,763 - INFO - Trial 239 pruned.
2026-03-25 09:16:38,387 - INFO - 🔍 RAM-Safe Streaming Scan (Treino): 878 arquivos...
2026-03-25 09:17:28,235 - INFO - ✂️ Double-Chunking (Treino): Expondo fatias de 500,000 amostras aleatórias.
2026-03-25 09:17:28,237 - INFO - 🚀 Pre-loading 500,000 samples into RAM (Lightning Mode)...
2026-03-25 09:20:37,468 - INFO - ✅ RAM-Safe Streaming Dataset: 500,000 sequences indexed and PRE-LOADED.
2026-03-25 09:20:37,471 - INFO - ✅ RAM-Safe Streaming Dataset: 500,000 sequences indexed (Mode: Lightning).
2026-03-25 09:20:37,521 - INFO - 🔍 RAM-Safe Streaming Scan (Val): 274 arquivos...
2026-03-25 09:20:50,243 - INFO - ✂️ Double-Chunking (Val): Expondo fatias de 100,000 amostras aleatórias.
2026-03-25 09:20:50,243 - INFO - 🚀 Pre-loading 100,000 samples into RAM (Lightning Mode)...
2026-03-25 09:21:47,856 - INFO - ✅ RAM-Safe Streaming Dataset: 100,000 sequences indexed and PRE-LOADED.
2026-03-25 09:21:47,857 - INFO - ✅ RAM-Safe Streaming Dataset: 100,000 sequences indexed (Mode: Lightning).
2026-03-25 09:21:48,492 - INFO - Trial 240 START | tcn=256, lstm=256, layers=3, batch=1024, seq=256 | RFE=30 | loss=ASYM (g_s=1.04, g_n=0.24, g_b=0.55) | alpha=[1.34, 0.37, 1.64], smooth=0.26
2026-03-25 09:23:49,559 - INFO - T240 E1/10 | [WARN] ZERO_PENALTY | L: 0.78134817/0.71946221 | F1 M MIN: 0.00000000 D: 0.00000000 | [S/N/B]: [0.0000/0.6055/0.4981] | LR: 0.00076373
2026-03-25 09:25:51,608 - INFO - T240 E2/10 | [WARN] ZERO_PENALTY | L: 0.75496771/0.71502353 | F1 M MIN: 0.00000000 D: 0.00000000 | [S/N/B]: [0.0000/0.5810/0.4941] | LR: 0.00070813
2026-03-25 09:27:54,275 - INFO - T240 E3/10 | [WARN] ZERO_PENALTY | L: 0.75029357/0.71168086 | F1 M MIN: 0.00000000 D: 0.00000000 | [S/N/B]: [0.0000/0.6165/0.5012] | LR: 0.00062153
2026-03-25 09:29:56,610 - INFO - T240 E4/10 | [WARN] ZERO_PENALTY | L: 0.74765456/0.71094902 | F1 M MIN: 0.00000000 D: 0.00000000 | [S/N/B]: [0.0000/0.6233/0.5035] | LR: 0.00051241
2026-03-25 09:29:56,678 - INFO - Trial 240 stopped early due to patience limit (4 epochs without improvement)
2026-03-25 09:29:56,934 - INFO - Trial 240 finished with value: 0.0 and parameters: {'tcn_channels': 256, 'lstm_hidden': 256, 'num_lstm_layers': 3, 'batch_size': 1024, 'dropout': 0.228156177717494, 'seq_len': 256, 'lr': 0.0007828906830338492, 'weight_decay': 0.001730329574340762, 'base_alpha_sell': 1.3448607781641677, 'base_alpha_neutral': 0.3715281026791704, 'base_alpha_buy': 1.6404386932721216, 'base_loss_gamma': 2.2434327994748844, 'base_loss_smoothing': 0.26046466286517506, 'asym_gamma_sell': 1.042231497613703, 'asym_gamma_neu': 0.24200369480209935, 'asym_gamma_buy': 0.5490626686336848}. Best is trial 193 with value: 0.4857577883085556.
2026-03-25 09:29:57,526 - INFO - 🔍 RAM-Safe Streaming Scan (Treino): 878 arquivos...
2026-03-25 09:30:47,669 - INFO - ✂️ Double-Chunking (Treino): Expondo fatias de 500,000 amostras aleatórias.
2026-03-25 09:30:47,670 - INFO - 🚀 Pre-loading 500,000 samples into RAM (Lightning Mode)...
2026-03-25 09:33:55,445 - INFO - ✅ RAM-Safe Streaming Dataset: 500,000 sequences indexed and PRE-LOADED.
2026-03-25 09:33:55,447 - INFO - ✅ RAM-Safe Streaming Dataset: 500,000 sequences indexed (Mode: Lightning).
2026-03-25 09:33:55,496 - INFO - 🔍 RAM-Safe Streaming Scan (Val): 274 arquivos...
2026-03-25 09:34:08,496 - INFO - ✂️ Double-Chunking (Val): Expondo fatias de 100,000 amostras aleatórias.
2026-03-25 09:34:08,497 - INFO - 🚀 Pre-loading 100,000 samples into RAM (Lightning Mode)...
2026-03-25 09:35:04,318 - INFO - ✅ RAM-Safe Streaming Dataset: 100,000 sequences indexed and PRE-LOADED.
2026-03-25 09:35:04,319 - INFO - ✅ RAM-Safe Streaming Dataset: 100,000 sequences indexed (Mode: Lightning).
2026-03-25 09:35:04,743 - INFO - Trial 241 START | tcn=256, lstm=256, layers=2, batch=1024, seq=144 | RFE=30 | loss=ASYM (g_s=1.32, g_n=0.19, g_b=1.28) | alpha=[1.37, 0.49, 1.49], smooth=0.24
2026-03-25 09:36:05,828 - INFO - T241 E1/10 | [OK] | L: 0.70750682/0.68380838 | F1 M MIN: 0.20129128 D: 0.33812752 | [S/N/B]: [0.2013/0.6203/0.4750] | LR: 0.00028703
2026-03-25 09:37:06,994 - INFO - T241 E2/10 | [OK] | L: 0.67620920/0.66877888 | F1 M MIN: 0.28829126 D: 0.39801795 | [S/N/B]: [0.2883/0.6982/0.5077] | LR: 0.00026613
2026-03-25 09:38:09,124 - INFO - T241 E3/10 | [OK] | L: 0.66740026/0.66635797 | F1 M MIN: 0.35956403 D: 0.43015457 | [S/N/B]: [0.5007/0.6851/0.3596] | LR: 0.00023358
2026-03-25 09:39:10,754 - INFO - T241 E4/10 | [OK] | L: 0.66177472/0.66160750 | F1 M MIN: 0.29068591 D: 0.40176512 | [S/N/B]: [0.2907/0.7054/0.5128] | LR: 0.00019257
2026-03-25 09:40:13,096 - INFO - T241 E5/10 | [OK] | L: 0.65672027/0.65351997 | F1 M MIN: 0.41352891 D: 0.44939438 | [S/N/B]: [0.4135/0.7384/0.4853] | LR: 0.00014711
2026-03-25 09:41:14,822 - INFO - T241 E6/10 | [OK] | L: 0.65335746/0.65446199 | F1 M MIN: 0.43304406 D: 0.45408483 | [S/N/B]: [0.4330/0.7429/0.4751] | LR: 0.00010165
2026-03-25 09:42:17,122 - INFO - T241 E7/10 | [OK] | L: 0.65028396/0.65777024 | F1 M MIN: 0.43989599 D: 0.45463765 | [S/N/B]: [0.4399/0.7172/0.4694] | LR: 0.00006064
2026-03-25 09:43:18,797 - INFO - T241 E8/10 | [OK] | L: 0.64782464/0.65416776 | F1 M MIN: 0.43840886 D: 0.45703736 | [S/N/B]: [0.4384/0.7298/0.4757] | LR: 0.00002810
2026-03-25 09:44:21,162 - INFO - T241 E9/10 | [OK] | L: 0.64583379/0.65536262 | F1 M MIN: 0.45468424 D: 0.46316389 | [S/N/B]: [0.4716/0.7360/0.4547] | LR: 0.00000720
2026-03-25 09:45:22,865 - INFO - T241 E10/10 | [OK] | L: 0.64444524/0.65497404 | F1 M MIN: 0.45919247 D: 0.46183875 | [S/N/B]: [0.4592/0.7338/0.4645] | LR: 0.00000000
