2026-03-27 11:45:02,190 - INFO - 
📝 LOGGING INITIALIZED (UTF-8-SIG): logs/run_manager/run_manager_20260327_114502.log
2026-03-27 11:45:02,190 - INFO - ============================================================
2026-03-27 11:45:02,190 - INFO - [START] INICIANDO NOVA SESSAO DO PIPELINE: 2026-03-27 11:45:02
2026-03-27 11:45:02,191 - INFO - ============================================================
2026-03-27 11:45:02,263 - INFO - ============================================================
2026-03-27 11:45:02,264 - INFO - [START] INICIANDO FASE: Foundation Optuna (400 Trials | 10 Epochs)
2026-03-27 11:45:02,264 - INFO - ============================================================
2026-03-27 11:45:37,345 - INFO - 📁 DYNAMIC DATA PATHS: Train=data/L2/labelled/train | Val=data/L2/labelled/val
2026-03-27 11:45:37,347 - INFO - 📐 Fitting Global Scaler (Smart Sampler: 100k rows)...
2026-03-27 11:45:40,558 - INFO - 📊 Global Scaler initialized on 4,329,177 representative rows.
2026-03-27 11:45:40,574 - INFO - 💾 Scaler saved properly to: /workspace/QuantGod_Cloud_TCNLSTM/RESULTADOS_PT_065_SL_033_lookahead_15min_DT_5000000_TT_5000_IT_1000_VT_144_CUSUM_22/2026_03_21/MODELOS/BASE_MODEL/scaler_foundation.pkl
2026-03-27 11:45:40,811 - INFO - FocalLoss alpha: DYNAMIC RANGE active anchor points: [S:1.31, N:0.72, B:1.18]
2026-03-27 11:45:40,812 - INFO - Loss: FocalLossWithSmoothing | fallback_gamma=OPTUNA_DINAMICO | fallback_smoothing=OPTUNA_DINAMICO | SniperLoss=ENABLED
2026-03-27 11:45:40,823 - INFO - /workspace/QuantGod_Cloud_TCNLSTM/venv_gpu/lib/python3.11/site-packages/optuna/_experimental.py:33: ExperimentalWarning: Argument ``multivariate`` is an experimental feature. The interface can change in the future.
2026-03-27 11:45:40,824 - INFO -   optuna_warn(
2026-03-27 11:45:40,824 - INFO - Sampler: TPE (startup=100, multivariate=True)
2026-03-27 11:45:40,824 - INFO - Pruner: Median (startup=1, warmup=0)
2026-03-27 11:45:44,913 - INFO - Using an existing study with name 'QUANTGOD_RECON_V009' instead of creating a new one.
2026-03-27 11:45:45,549 - INFO - Resuming study. Macro Record found: 0.5050
2026-03-27 11:45:45,550 - INFO - Resuming study. Dir Record found: 0.5106
2026-03-27 11:45:45,550 - INFO - Starting 400 trials | Metric: MAX(MIN(Sell, Neu, Buy)) | Timeout: 172800s
2026-03-27 11:45:45,623 - INFO - Target of 400 trials already reached (400 in DB). Skipping optimization.
2026-03-27 11:45:45,694 - INFO - ============================================================
2026-03-27 11:45:45,695 - INFO - --- OTIMIZACAO FINALIZADA ---
2026-03-27 11:45:45,695 - INFO - Motivo da Parada: PARADA MANUAL OU ERRO INTERNO
2026-03-27 11:45:45,695 - INFO - Tempo de Execucao da Sessao: 0.00 Horas
2026-03-27 11:45:45,695 - INFO - Trials Executados nesta Sessao: 0
2026-03-27 11:45:45,695 - INFO - ============================================================
2026-03-27 11:45:45,719 - INFO - [MACRO] Best trial: 384 | MAX-MIN F1: 0.50503720
2026-03-27 11:45:45,727 - INFO - [MACRO] Best params: {'tcn_channels': 256, 'lstm_hidden': 256, 'num_lstm_layers': 2, 'batch_size': 512, 'dropout': '0.27346176', 'seq_len': 256, 'lr': '0.00071226', 'weight_decay': '0.01039999', 'base_alpha_sell': '1.14382830', 'base_alpha_neutral': '1.02571141', 'base_alpha_buy': '1.39259954', 'base_loss_gamma': '3.50560885', 'base_loss_smoothing': '0.30769222', 'asym_gamma_sell': '1.75570345', 'asym_gamma_neu': '1.48977280', 'asym_gamma_buy': '3.55890197', 'num_features': 30, 'base_alpha_list': [1.1438283014711244, 1.0257114084524597, 1.3925995444484711]}
2026-03-27 11:45:45,743 - INFO - [BEST MACRO] Best params saved: src/cloud/base_model/otimizacao/best_params.json
2026-03-27 11:45:45,840 - INFO - [BEST DIR]   Best trial: 384 | F1 Dir: 0.51064810
2026-03-27 11:45:45,853 - INFO - [BEST DIR]   Best params saved: src/cloud/base_model/otimizacao/best_dir_params.json
2026-03-27 11:45:45,853 - INFO - ============================================================
2026-03-27 11:45:45,853 - INFO - [OK] Optuna Foundation Training completed. Orchestration is now handled by run_manager.py
2026-03-27 11:45:45,854 - INFO - ============================================================
2026-03-27 11:45:47,934 - INFO - [OK] FASE CONCLUIDA: Foundation Optuna (400 Trials | 10 Epochs)
2026-03-27 11:45:47,935 - INFO - [CLEAN] Initiating deep memory sweep (gc.collect and torch.cuda.empty_cache)...
2026-03-27 11:46:00,597 - INFO -   -> CUDA VRAM cache cleared.
2026-03-27 11:46:00,597 - INFO - [KFOLD] Executando 5-Fold Purged K-Fold Specialist
2026-03-27 11:46:00,597 - INFO - ============================================================
2026-03-27 11:46:00,597 - INFO - [START] INICIANDO FASE: K-Fold Specialist OOF (5 Folds + Purge 16min)
2026-03-27 11:46:00,597 - INFO - ============================================================
2026-03-27 11:46:22,716 - INFO - 🖥️  Device: cuda
2026-03-27 11:46:22,717 - INFO - 🔄 Purge Dinamico Sniper ativado: 15min (horizon) + 1min (seguranca) = 16min
2026-03-27 11:46:22,720 - INFO - 📐 K-Fold Setup: 5 folds, purge=16min (4 bars), resample=5min
2026-03-27 11:46:22,726 - INFO - Loaded Foundation Arch (best_dir_params.json): seq_len=256, tcn=256, lstm=256×2
2026-03-27 11:46:22,731 - INFO - 📂 Foundation Val: 274 files in data/L2/labelled/val
2026-03-27 11:46:22,733 - INFO - 🔍 RAM-Safe Streaming Scan (Val): 274 arquivos...
2026-03-27 11:46:36,063 - INFO - ✂️ Double-Chunking (Val): Expondo fatias de 100,000 amostras aleatórias.
2026-03-27 11:46:36,063 - INFO - 🚀 Pre-loading 100,000 samples into RAM (Lightning Mode)...
2026-03-27 11:47:23,418 - INFO - ✅ RAM-Safe Streaming Dataset: 100,000 sequences indexed and PRE-LOADED.
2026-03-27 11:47:23,419 - INFO - ✅ RAM-Safe Streaming Dataset: 100,000 sequences indexed (Mode: Lightning).
2026-03-27 11:47:23,499 - INFO - 📐 Pre-scanning labels for class balance stats...
2026-03-27 11:47:23,864 - INFO - 📊 Foundation Val: 100,000 rows (Mapped) | Labels: 89,487,733
2026-03-27 11:47:23,918 - INFO - 📊 Class Distribution: Neutral=45.4%, Directional=54.6%
2026-03-27 11:47:23,918 - INFO - 🧬 Alphas Genetic Inheritance: [1.1438283014711244, 1.0257114084524597, 1.3925995444484711]
2026-03-27 11:47:23,919 - INFO - ============================================================
2026-03-27 11:47:23,919 - INFO - [KFOLD] FOLD 1/5 | Train: 79,984 rows | Test: 20,000 rows
2026-03-27 11:47:23,921 - INFO - [Fold 0] Right Purge Gap OK: 4 bars (20 min)
2026-03-27 11:47:30,577 - INFO - 🔄 Warm-Starting from Foundation Checkpoint: /workspace/QuantGod_Cloud_TCNLSTM/RESULTADOS_PT_065_SL_033_lookahead_15min_DT_5000000_TT_5000_IT_1000_VT_144_CUSUM_22/2026_03_21/MODELOS/BASE_MODEL/best_tcn_lstm_dir.pt
2026-03-27 11:47:30,663 - INFO - 🔥 [Fold 0] WARM-START SUCCESS: Base weights initialized.
2026-03-27 11:47:31,090 - INFO - [LOSS] Specialist Loss: alpha=[1.1438283014711244, 1.0257114084524597, 1.3925995444484711], gamma=3.51, smoothing=0.31 (Inherited: YES)
2026-03-27 11:48:09,968 - INFO - [Fold 0] E1/30 | Sniper: 0.4408 | F1_Dir: 0.3904 | F1_Macro: 0.5582
2026-03-27 11:49:36,833 - INFO - [Fold 0] E6/30 | Sniper: 0.4709 | F1_Dir: 0.4240 | F1_Macro: 0.5802
2026-03-27 11:49:54,251 - INFO - [Fold 0] Early stop at epoch 7.
2026-03-27 11:49:54,356 - INFO - [Fold 0] Model saved: model_fold_0.pt
2026-03-27 11:49:56,250 - INFO - [Fold 0] OOF Sniper: 0.4889 | Dir: 0.4437 | Macro: 0.5942
2026-03-27 11:49:56,392 - INFO - [Fold 0] Saved: fold_0.parquet (20,000 rows)
2026-03-27 11:49:56,591 - INFO - ============================================================
2026-03-27 11:49:56,592 - INFO - [KFOLD] FOLD 2/5 | Train: 79,984 rows | Test: 20,000 rows
2026-03-27 11:49:56,592 - INFO - [Fold 1] Left Purge Gap OK: 4 bars (20 min)
2026-03-27 11:49:56,592 - INFO - [Fold 1] Right Purge Gap OK: 4 bars (20 min)
2026-03-27 11:50:03,313 - INFO - 🔄 Warm-Starting from Foundation Checkpoint: /workspace/QuantGod_Cloud_TCNLSTM/RESULTADOS_PT_065_SL_033_lookahead_15min_DT_5000000_TT_5000_IT_1000_VT_144_CUSUM_22/2026_03_21/MODELOS/BASE_MODEL/best_tcn_lstm_dir.pt
2026-03-27 11:50:03,387 - INFO - 🔥 [Fold 1] WARM-START SUCCESS: Base weights initialized.
2026-03-27 11:50:03,394 - INFO - [LOSS] Specialist Loss: alpha=[1.1438283014711244, 1.0257114084524597, 1.3925995444484711], gamma=3.51, smoothing=0.31 (Inherited: YES)
2026-03-27 11:50:20,871 - INFO - [Fold 1] E1/30 | Sniper: 0.5065 | F1_Dir: 0.4629 | F1_Macro: 0.6081
2026-03-27 11:51:30,958 - INFO - [Fold 1] Early stop at epoch 5.
2026-03-27 11:51:30,999 - INFO - [Fold 1] Model saved: model_fold_1.pt
2026-03-27 11:51:32,881 - INFO - [Fold 1] OOF Sniper: 0.5065 | Dir: 0.4629 | Macro: 0.6081
2026-03-27 11:51:32,913 - INFO - [Fold 1] Saved: fold_1.parquet (20,000 rows)
2026-03-27 11:51:33,115 - INFO - ============================================================
2026-03-27 11:51:33,116 - INFO - [KFOLD] FOLD 3/5 | Train: 79,984 rows | Test: 20,000 rows
2026-03-27 11:51:33,116 - INFO - [Fold 2] Left Purge Gap OK: 4 bars (20 min)
2026-03-27 11:51:33,117 - INFO - [Fold 2] Right Purge Gap OK: 4 bars (20 min)
2026-03-27 11:51:39,728 - INFO - 🔄 Warm-Starting from Foundation Checkpoint: /workspace/QuantGod_Cloud_TCNLSTM/RESULTADOS_PT_065_SL_033_lookahead_15min_DT_5000000_TT_5000_IT_1000_VT_144_CUSUM_22/2026_03_21/MODELOS/BASE_MODEL/best_tcn_lstm_dir.pt
2026-03-27 11:51:39,749 - INFO - 🔥 [Fold 2] WARM-START SUCCESS: Base weights initialized.
2026-03-27 11:51:39,755 - INFO - [LOSS] Specialist Loss: alpha=[1.1438283014711244, 1.0257114084524597, 1.3925995444484711], gamma=3.51, smoothing=0.31 (Inherited: YES)
2026-03-27 11:51:57,268 - INFO - [Fold 2] E1/30 | Sniper: 0.4629 | F1_Dir: 0.4148 | F1_Macro: 0.5751
2026-03-27 11:53:25,070 - INFO - [Fold 2] E6/30 | Sniper: 0.4473 | F1_Dir: 0.3981 | F1_Macro: 0.5622
2026-03-27 11:53:42,657 - INFO - [Fold 2] Early stop at epoch 7.
2026-03-27 11:53:42,709 - INFO - [Fold 2] Model saved: model_fold_2.pt
2026-03-27 11:53:44,573 - INFO - [Fold 2] OOF Sniper: 0.5470 | Dir: 0.5081 | Macro: 0.6378
2026-03-27 11:53:44,596 - INFO - [Fold 2] Saved: fold_2.parquet (20,000 rows)
2026-03-27 11:53:44,767 - INFO - ============================================================
2026-03-27 11:53:44,768 - INFO - [KFOLD] FOLD 4/5 | Train: 79,984 rows | Test: 20,000 rows
2026-03-27 11:53:44,768 - INFO - [Fold 3] Left Purge Gap OK: 4 bars (20 min)
2026-03-27 11:53:44,768 - INFO - [Fold 3] Right Purge Gap OK: 4 bars (20 min)
2026-03-27 11:53:51,336 - INFO - 🔄 Warm-Starting from Foundation Checkpoint: /workspace/QuantGod_Cloud_TCNLSTM/RESULTADOS_PT_065_SL_033_lookahead_15min_DT_5000000_TT_5000_IT_1000_VT_144_CUSUM_22/2026_03_21/MODELOS/BASE_MODEL/best_tcn_lstm_dir.pt
2026-03-27 11:53:51,411 - INFO - 🔥 [Fold 3] WARM-START SUCCESS: Base weights initialized.
2026-03-27 11:53:51,419 - INFO - [LOSS] Specialist Loss: alpha=[1.1438283014711244, 1.0257114084524597, 1.3925995444484711], gamma=3.51, smoothing=0.31 (Inherited: YES)
2026-03-27 11:54:08,912 - INFO - [Fold 3] E1/30 | Sniper: 0.4446 | F1_Dir: 0.3945 | F1_Macro: 0.5613
2026-03-27 11:55:36,585 - INFO - [Fold 3] E6/30 | Sniper: 0.5216 | F1_Dir: 0.4805 | F1_Macro: 0.6174
2026-03-27 11:57:04,489 - INFO - [Fold 3] E11/30 | Sniper: 0.5330 | F1_Dir: 0.4945 | F1_Macro: 0.6229
2026-03-27 11:58:32,314 - INFO - [Fold 3] E16/30 | Sniper: 0.5389 | F1_Dir: 0.5024 | F1_Macro: 0.6240
2026-03-27 11:58:32,315 - INFO - [Fold 3] Early stop at epoch 16.
2026-03-27 11:58:32,363 - INFO - [Fold 3] Model saved: model_fold_3.pt
2026-03-27 11:58:34,276 - INFO - [Fold 3] OOF Sniper: 0.5518 | Dir: 0.5154 | Macro: 0.6367
2026-03-27 11:58:34,315 - INFO - [Fold 3] Saved: fold_3.parquet (20,000 rows)
2026-03-27 11:58:34,517 - INFO - ============================================================
2026-03-27 11:58:34,517 - INFO - [KFOLD] FOLD 5/5 | Train: 79,984 rows | Test: 20,000 rows
2026-03-27 11:58:34,518 - INFO - [Fold 4] Left Purge Gap OK: 4 bars (20 min)
2026-03-27 11:58:41,125 - INFO - 🔄 Warm-Starting from Foundation Checkpoint: /workspace/QuantGod_Cloud_TCNLSTM/RESULTADOS_PT_065_SL_033_lookahead_15min_DT_5000000_TT_5000_IT_1000_VT_144_CUSUM_22/2026_03_21/MODELOS/BASE_MODEL/best_tcn_lstm_dir.pt
2026-03-27 11:58:41,213 - INFO - 🔥 [Fold 4] WARM-START SUCCESS: Base weights initialized.
2026-03-27 11:58:41,222 - INFO - [LOSS] Specialist Loss: alpha=[1.1438283014711244, 1.0257114084524597, 1.3925995444484711], gamma=3.51, smoothing=0.31 (Inherited: YES)
2026-03-27 11:58:58,730 - INFO - [Fold 4] E1/30 | Sniper: 0.4764 | F1_Dir: 0.4299 | F1_Macro: 0.5851
2026-03-27 12:00:26,634 - INFO - [Fold 4] E6/30 | Sniper: 0.4890 | F1_Dir: 0.4450 | F1_Macro: 0.5915
2026-03-27 12:01:01,746 - INFO - [Fold 4] Early stop at epoch 8.
2026-03-27 12:01:01,855 - INFO - [Fold 4] Model saved: model_fold_4.pt
2026-03-27 12:01:03,753 - INFO - [Fold 4] OOF Sniper: 0.5354 | Dir: 0.4955 | Macro: 0.6285
2026-03-27 12:01:03,782 - INFO - [Fold 4] Saved: fold_4.parquet (20,000 rows)
2026-03-27 12:01:03,977 - INFO - Assembling full_oof.parquet (chronological order)...
2026-03-27 12:01:04,110 - INFO - full_oof.parquet: 100,000 rows | Coverage: 100.0% of Foundation Val
2026-03-27 12:01:04,110 - INFO - Expected: ~99,980 (after purge removal)
2026-03-27 12:01:04,112 - INFO - No duplicate rows in full_oof.parquet
2026-03-27 12:01:04,113 - INFO - Running Automated Specialist Security QA (pytest)...
2026-03-27 12:02:10,625 - INFO - [OK] Specialist QA Report saved to /workspace/QuantGod_Cloud_TCNLSTM/RESULTADOS_PT_065_SL_033_lookahead_15min_DT_5000000_TT_5000_IT_1000_VT_144_CUSUM_22/2026_03_21/MODELOS/SPECIALIST/kfold_security_QA.log
2026-03-27 12:02:10,626 - INFO - [END] K-Fold Specialist finished. Auditor fusion ready.
2026-03-27 12:02:10,794 - INFO - 📤 [AUDIT UPLOAD] Stage=KFOLD_SPECIALIST → drive:PROJETOS/RESULTADOS_PT_065_SL_033_lookahead_15min_DT_5000000_TT_5000_IT_1000_VT_144_CUSUM_22/2026_03_21/AUDITORIA/KFOLD_SPECIALIST
2026-03-27 12:03:05,305 - INFO -   ✅ Uploaded logs/kfold_specialist → drive:PROJETOS/RESULTADOS_PT_065_SL_033_lookahead_15min_DT_5000000_TT_5000_IT_1000_VT_144_CUSUM_22/2026_03_21/AUDITORIA/KFOLD_SPECIALIST/kfold_specialist
2026-03-27 12:03:05,309 - INFO - 📤 [AUDIT UPLOAD] KFOLD_SPECIALIST complete.
2026-03-27 12:03:07,042 - INFO - [OK] FASE CONCLUIDA: K-Fold Specialist OOF (5 Folds + Purge 16min)
2026-03-27 12:03:07,042 - INFO - [CLEAN] Initiating deep memory sweep (gc.collect and torch.cuda.empty_cache)...
2026-03-27 12:03:07,096 - INFO -   -> CUDA VRAM cache cleared.
2026-03-27 12:03:07,112 - INFO - [DIAG] Auditor Requirements OK. Usando Base Model: best_tcn_lstm_dir.pt
2026-03-27 12:03:07,112 - INFO - ============================================================
2026-03-27 12:03:07,112 - INFO - [START] INICIANDO FASE: Auditor Preprocessing (Context generation)
2026-03-27 12:03:07,113 - INFO - ============================================================
2026-03-27 12:03:13,028 - INFO - 📂 [Audit Fix] Context features extraídas de Foundation Val: data/L2/labelled/val
2026-03-27 12:03:13,033 - INFO - Carregando 274 arquivos para processamento CONTÍNUO (PURE POLARS)...
2026-03-27 12:03:13,085 - INFO - auditor_preprocessing: resample_freq=5min (5 min/bar)
2026-03-27 12:03:13,086 - INFO - Processando e calculando indicadores Alpha Sensors arquivo por arquivo (Zero RAM Spike)...
2026-03-27 12:03:13,268 - INFO - /workspace/QuantGod_Cloud_TCNLSTM/src/cloud/auditor_model/auditor_preprocessing.py:99: PerformanceWarning: Determining the column names of a LazyFrame requires resolving its schema, which is a potentially expensive operation. Use `LazyFrame.collect_schema().names()` to get the column names without this warning.
2026-03-27 12:03:13,268 - INFO -   if "log_volume" in lf.columns:
2026-03-27 12:03:13,312 - INFO - /workspace/QuantGod_Cloud_TCNLSTM/src/cloud/auditor_model/auditor_preprocessing.py:158: PerformanceWarning: Determining the column names of a LazyFrame requires resolving its schema, which is a potentially expensive operation. Use `LazyFrame.collect_schema().names()` to get the column names without this warning.
2026-03-27 12:03:13,313 - INFO -   if "book_skew_bid" not in lf.columns:
2026-03-27 12:03:13,314 - INFO - /workspace/QuantGod_Cloud_TCNLSTM/src/cloud/auditor_model/auditor_preprocessing.py:160: PerformanceWarning: Determining the column names of a LazyFrame requires resolving its schema, which is a potentially expensive operation. Use `LazyFrame.collect_schema().names()` to get the column names without this warning.
2026-03-27 12:03:13,314 - INFO -   if "book_skew_ask" not in lf.columns:
2026-03-27 12:04:54,811 - INFO - ✅ Processamento Chunked-Polars finalizado com sucesso para 274/274 arquivos.
2026-03-27 12:04:54,813 - INFO - ✅ Auditor Preprocessing (Context Engineering) Finalizado OOF.
2026-03-27 12:04:55,152 - INFO - [OK] FASE CONCLUIDA: Auditor Preprocessing (Context generation)
2026-03-27 12:04:55,152 - INFO - ============================================================
2026-03-27 12:04:55,152 - INFO - [START] INICIANDO FASE: Auditor Labelling (Fused Logits + Sinais OOF)
2026-03-27 12:04:55,152 - INFO - ============================================================
2026-03-27 12:05:17,994 - INFO - 🔁 K-Fold Mode detected (kfold.enabled=true) → loading full_oof.parquet
2026-03-27 12:05:17,998 - INFO - 🔗 K-Fold Mode: loading OOF predictions from /workspace/QuantGod_Cloud_TCNLSTM/RESULTADOS_PT_065_SL_033_lookahead_15min_DT_5000000_TT_5000_IT_1000_VT_144_CUSUM_22/2026_03_21/MODELOS/SPECIALIST/full_oof.parquet
2026-03-27 12:05:18,323 - INFO -   ↳ OOF rows: 100,000 (covering 5 folds)
2026-03-27 12:05:18,367 - INFO - 🔑 [Audit Fix] DEVICE para inferência Foundation: cuda
2026-03-27 12:05:18,377 - INFO - Loaded Foundation Arch (best_dir_params.json): seq_len=256, tcn=256, lstm=256×2
2026-03-27 12:05:18,377 - INFO - 🔍 [Audit Diagnostic] foundation_val_dir: /workspace/QuantGod_Cloud_TCNLSTM/data/L2/labelled/val
2026-03-27 12:05:18,380 - INFO - 🔍 [Audit Diagnostic] Directory exists? True
2026-03-27 12:05:18,386 - INFO - 🔍 [Audit Diagnostic] Found 274 parquet files in data/L2/labelled/val
2026-03-27 12:05:18,387 - INFO - 🔍 [Audit] Loading only necessary validation segments for Foundation inference...
2026-03-27 12:05:22,256 - INFO - ✅ Selective Foundation Val & Context LazyFrames loaded: 407,630 dense rows (Optimization: RAM SAVE)
2026-03-27 12:05:22,819 - INFO - 🔑 [Audit Fix] Scaler carregado de: /workspace/QuantGod_Cloud_TCNLSTM/RESULTADOS_PT_065_SL_033_lookahead_15min_DT_5000000_TT_5000_IT_1000_VT_144_CUSUM_22/2026_03_21/MODELOS/BASE_MODEL/scaler_foundation.pkl
2026-03-27 12:05:30,903 - INFO - SequenceDataset (island-aware): 407375/407375 sequências válidas (Lookback protection ativo).
2026-03-27 12:05:31,469 - INFO - [OK] [Audit Fix] Usando Base Model: best_tcn_lstm_dir.pt
2026-03-27 12:05:31,569 - INFO - [MODEL] Generating Foundation Model probabilities over Foundation Val...
2026-03-27 12:05:56,072 - INFO - 🔗 RAM-Safe joining OOF predictions × Foundation probs × Context features (Lazy)...
2026-03-27 12:05:56,310 - INFO - ✅ Fused rows after LAZY join: 99,745
2026-03-27 12:05:56,624 - INFO - 📊 Fused Dataset: 99,745 rows | Meta-Target Accuracy: 69.30%
2026-03-27 12:05:56,739 - INFO - 📦 Treino Fused salvo: data/auditor/dataset_fused/train/fused_auditor.parquet (79,796 rows)
2026-03-27 12:05:56,740 - INFO - 📦 Val   Fused salvo: data/auditor/dataset_fused/val/fused_auditor.parquet (19,949 rows)
2026-03-27 12:05:58,888 - INFO - [OK] FASE CONCLUIDA: Auditor Labelling (Fused Logits + Sinais OOF)
2026-03-27 12:05:58,888 - INFO - [CLEAN] Initiating deep memory sweep (gc.collect and torch.cuda.empty_cache)...
2026-03-27 12:05:58,936 - INFO -   -> CUDA VRAM cache cleared.
2026-03-27 12:05:58,937 - INFO - ============================================================
2026-03-27 12:05:58,937 - INFO - [START] INICIANDO FASE: Auditor XGBoost (Dynamic Thresholding)
2026-03-27 12:05:58,937 - INFO - ============================================================
2026-03-27 12:06:15,323 - INFO - Carregando dados fundidos de data/auditor/dataset_fused...
2026-03-27 12:06:33,973 - INFO - 🏆 Iniciando Otimização Optuna do Auditor (100 trials)...
2026-03-27 12:06:33,973 - INFO - [I 2026-03-27 12:06:33,973] A new study created in memory with name: no-name-ff36ba0b-653a-45e4-b6ff-59007bc2c32e
2026-03-27 12:06:35,784 - INFO - /workspace/QuantGod_Cloud_TCNLSTM/venv_gpu/lib/python3.11/site-packages/xgboost/core.py:751: UserWarning: [12:06:35] WARNING: /__w/xgboost/xgboost/src/common/error_msg.cc:62: Falling back to prediction using DMatrix due to mismatched devices. This might lead to higher memory usage and slower performance. XGBoost is running on: cuda:0, while the input data is on: cpu.
2026-03-27 12:06:35,784 - INFO - Potential solutions:
2026-03-27 12:06:35,784 - INFO - - Use a data structure that matches the device ordinal in the booster.
2026-03-27 12:06:35,784 - INFO - - Set the device for booster before call to inplace_predict.
2026-03-27 12:06:35,785 - INFO - This warning will only be shown once.
2026-03-27 12:06:35,785 - INFO -   return func(**kwargs)
2026-03-27 12:06:35,820 - INFO - [I 2026-03-27 12:06:35,820] Trial 0 finished with value: 0.7414942321315192 and parameters: {'max_depth': 6, 'learning_rate': 0.08436570486729851, 'n_estimators': 531, 'subsample': 0.6632251691766001, 'colsample_bytree': 0.8273399685796995, 'reg_alpha': 0.010509832962045218, 'reg_lambda': 3.1859734650509606}. Best is trial 0 with value: 0.7414942321315192.
2026-03-27 12:06:37,250 - INFO - [I 2026-03-27 12:06:37,250] Trial 1 finished with value: 0.7471607933539965 and parameters: {'max_depth': 6, 'learning_rate': 0.02896315766870514, 'n_estimators': 707, 'subsample': 0.9964335108967278, 'colsample_bytree': 0.6163481125345797, 'reg_alpha': 0.2706474460469288, 'reg_lambda': 2.0326134437762944}. Best is trial 1 with value: 0.7471607933539965.
