2026-03-27 04:30:18,024 - INFO - 
📝 LOGGING INITIALIZED (UTF-8-SIG): logs/run_manager/run_manager_20260327_043018.log
2026-03-27 04:30:18,025 - INFO - ============================================================
2026-03-27 04:30:18,025 - INFO - [START] INICIANDO NOVA SESSAO DO PIPELINE: 2026-03-27 04:30:18
2026-03-27 04:30:18,025 - INFO - ============================================================
2026-03-27 04:30:18,096 - INFO - ============================================================
2026-03-27 04:30:18,096 - INFO - [START] INICIANDO FASE: Foundation Optuna (400 Trials | 10 Epochs | EARLY STOP: 4)
2026-03-27 04:30:18,097 - INFO - ============================================================
2026-03-27 04:30:42,570 - INFO - 📁 DYNAMIC DATA PATHS: Train=data/L2/labelled/train | Val=data/L2/labelled/val
2026-03-27 04:30:42,571 - INFO - 📐 Fitting Global Scaler (Smart Sampler: 100k rows)...
2026-03-27 04:30:45,480 - INFO - 📊 Global Scaler initialized on 4,329,177 representative rows.
2026-03-27 04:30:45,494 - INFO - 💾 Scaler saved properly to: /workspace/QuantGod_Cloud_TCNLSTM/RESULTADOS_PT_065_SL_033_lookahead_15min_DT_5000000_TT_5000_IT_1000_VT_144_CUSUM_22/2026_03_21/MODELOS/BASE_MODEL/scaler_foundation.pkl
2026-03-27 04:30:45,907 - INFO - FocalLoss alpha: DYNAMIC RANGE active anchor points: [S:1.31, N:0.72, B:1.18]
2026-03-27 04:30:45,907 - INFO - Loss: FocalLossWithSmoothing | fallback_gamma=OPTUNA_DINAMICO | fallback_smoothing=OPTUNA_DINAMICO | SniperLoss=ENABLED
2026-03-27 04:30:45,920 - INFO - /workspace/QuantGod_Cloud_TCNLSTM/venv_gpu/lib/python3.11/site-packages/optuna/_experimental.py:33: ExperimentalWarning: Argument ``multivariate`` is an experimental feature. The interface can change in the future.
2026-03-27 04:30:45,921 - INFO -   optuna_warn(
2026-03-27 04:30:45,921 - INFO - Sampler: TPE (startup=100, multivariate=True)
2026-03-27 04:30:45,921 - INFO - Pruner: Median (startup=1, warmup=0)
2026-03-27 04:30:50,114 - INFO - Using an existing study with name 'QUANTGOD_RECON_V009' instead of creating a new one.
2026-03-27 04:30:50,737 - INFO - Resuming study. Macro Record found: 0.5050
2026-03-27 04:30:50,738 - INFO - Resuming study. Dir Record found: 0.5106
2026-03-27 04:30:50,739 - INFO - Starting 400 trials | Metric: MAX(MIN(Sell, Neu, Buy)) | Timeout: 172800s
2026-03-27 04:30:51,530 - INFO - 🔍 RAM-Safe Streaming Scan (Treino): 878 arquivos...
2026-03-27 04:31:39,488 - INFO - ✂️ Double-Chunking (Treino): Expondo fatias de 500,000 amostras aleatórias.
2026-03-27 04:31:39,490 - INFO - 🚀 Pre-loading 500,000 samples into RAM (Lightning Mode)...
2026-03-27 04:34:36,809 - INFO - ✅ RAM-Safe Streaming Dataset: 500,000 sequences indexed and PRE-LOADED.
2026-03-27 04:34:36,810 - INFO - ✅ RAM-Safe Streaming Dataset: 500,000 sequences indexed (Mode: Lightning).
2026-03-27 04:34:36,857 - INFO - 🔍 RAM-Safe Streaming Scan (Val): 274 arquivos...
2026-03-27 04:34:48,711 - INFO - ✂️ Double-Chunking (Val): Expondo fatias de 100,000 amostras aleatórias.
2026-03-27 04:34:48,711 - INFO - 🚀 Pre-loading 100,000 samples into RAM (Lightning Mode)...
2026-03-27 04:35:39,457 - INFO - ✅ RAM-Safe Streaming Dataset: 100,000 sequences indexed and PRE-LOADED.
2026-03-27 04:35:39,458 - INFO - ✅ RAM-Safe Streaming Dataset: 100,000 sequences indexed (Mode: Lightning).
2026-03-27 04:35:40,301 - INFO - Trial 404 START | tcn=512, lstm=256, layers=3, batch=1024, seq=192 | RFE=30 | loss=ASYM (g_s=2.23, g_n=0.20, g_b=0.83) | alpha=[1.25, 0.54, 1.24], smooth=0.28
2026-03-27 04:38:41,753 - INFO - T404 E1/10 | [OK] | L: 0.59527474/0.59402352 | F1 M MIN: 0.00029324 D: 0.27429601 | [S/N/B]: [0.0003/0.7747/0.5483] | LR: 0.00119557
2026-03-27 04:41:23,123 - INFO - T404 E2/10 | [WARN] ZERO_PENALTY | L: 0.57447897/0.58284208 | F1 M MIN: 0.00000000 D: 0.00000000 | [S/N/B]: [0.0000/0.8275/0.5685] | LR: 0.00110853
2026-03-27 04:44:03,983 - INFO - T404 E3/10 | [OK] | L: 0.56902077/0.57988923 | F1 M MIN: 0.00432323 D: 0.28557377 | [S/N/B]: [0.0043/0.8179/0.5668] | LR: 0.00097296
2026-03-27 04:46:45,953 - INFO - T404 E4/10 | [OK] | L: 0.56633234/0.58201062 | F1 M MIN: 0.03516663 D: 0.29763042 | [S/N/B]: [0.0352/0.7993/0.5601] | LR: 0.00080214
2026-03-27 04:49:27,193 - INFO - T404 E5/10 | [OK] | L: 0.56427335/0.58223341 | F1 M MIN: 0.42775242 D: 0.44598095 | [S/N/B]: [0.4278/0.7948/0.4642] | LR: 0.00061278
2026-03-27 04:52:09,366 - INFO - T404 E6/10 | [OK] | L: 0.56092933/0.57588475 | F1 M MIN: 0.24105306 D: 0.40348428 | [S/N/B]: [0.2411/0.8167/0.5659] | LR: 0.00042342
2026-03-27 04:54:51,572 - INFO - T404 E7/10 | [OK] | L: 0.55714884/0.57447716 | F1 M MIN: 0.31951214 D: 0.43586594 | [S/N/B]: [0.3195/0.8096/0.5522] | LR: 0.00025260
2026-03-27 04:57:33,382 - INFO - T404 E8/10 | [OK] | L: 0.55404481/0.57404529 | F1 M MIN: 0.31678554 D: 0.43482943 | [S/N/B]: [0.3168/0.8086/0.5529] | LR: 0.00011703
2026-03-27 04:57:33,479 - INFO - Trial 404 pruned by Optuna at epoch 8
2026-03-27 04:57:33,582 - INFO - Trial 404 pruned.
2026-03-27 04:57:34,191 - INFO - 🔍 RAM-Safe Streaming Scan (Treino): 878 arquivos...
2026-03-27 04:58:22,670 - INFO - ✂️ Double-Chunking (Treino): Expondo fatias de 500,000 amostras aleatórias.
2026-03-27 04:58:22,671 - INFO - 🚀 Pre-loading 500,000 samples into RAM (Lightning Mode)...
2026-03-27 05:01:15,250 - INFO - ✅ RAM-Safe Streaming Dataset: 500,000 sequences indexed and PRE-LOADED.
2026-03-27 05:01:15,251 - INFO - ✅ RAM-Safe Streaming Dataset: 500,000 sequences indexed (Mode: Lightning).
2026-03-27 05:01:15,352 - INFO - 🔍 RAM-Safe Streaming Scan (Val): 274 arquivos...
2026-03-27 05:01:27,789 - INFO - ✂️ Double-Chunking (Val): Expondo fatias de 100,000 amostras aleatórias.
2026-03-27 05:01:27,789 - INFO - 🚀 Pre-loading 100,000 samples into RAM (Lightning Mode)...
2026-03-27 05:02:19,281 - INFO - ✅ RAM-Safe Streaming Dataset: 100,000 sequences indexed and PRE-LOADED.
2026-03-27 05:02:19,282 - INFO - ✅ RAM-Safe Streaming Dataset: 100,000 sequences indexed (Mode: Lightning).
2026-03-27 05:02:19,646 - INFO - Trial 405 START | tcn=128, lstm=256, layers=2, batch=512, seq=256 | RFE=30 | loss=ASYM (g_s=1.65, g_n=1.48, g_b=1.86) | alpha=[0.99, 0.78, 1.24], smooth=0.30
2026-03-27 05:03:25,176 - INFO - T405 E1/10 | [WARN] ZERO_PENALTY | L: 0.44941025/0.41404879 | F1 M MIN: 0.00000000 D: 0.00000000 | [S/N/B]: [0.0000/0.8252/0.5640] | LR: 0.00079406
2026-03-27 05:04:31,677 - INFO - T405 E2/10 | [WARN] ZERO_PENALTY | L: 0.42842927/0.40838732 | F1 M MIN: 0.00000000 D: 0.00000000 | [S/N/B]: [0.0000/0.8299/0.5665] | LR: 0.00073625
2026-03-27 05:05:38,304 - INFO - T405 E3/10 | [OK] | L: 0.42226894/0.40394237 | F1 M MIN: 0.18962747 D: 0.37536456 | [S/N/B]: [0.1896/0.8506/0.5611] | LR: 0.00064621
2026-03-27 05:06:45,328 - INFO - T405 E4/10 | [OK] | L: 0.41731572/0.39741273 | F1 M MIN: 0.35743294 D: 0.45518747 | [S/N/B]: [0.3574/0.8519/0.5529] | LR: 0.00053276
2026-03-27 05:07:52,300 - INFO - T405 E5/10 | [OK] | L: 0.41330243/0.39402968 | F1 M MIN: 0.23302162 D: 0.40710515 | [S/N/B]: [0.2330/0.8571/0.5812] | LR: 0.00040699
2026-03-27 05:08:59,304 - INFO - T405 E6/10 | [OK] | L: 0.41008433/0.39219432 | F1 M MIN: 0.33317258 D: 0.45337691 | [S/N/B]: [0.3332/0.8627/0.5736] | LR: 0.00028122
2026-03-27 05:08:59,383 - INFO - Trial 405 pruned by Optuna at epoch 6
2026-03-27 05:08:59,474 - INFO - Trial 405 pruned.
2026-03-27 05:09:00,251 - INFO - 🔍 RAM-Safe Streaming Scan (Treino): 878 arquivos...
2026-03-27 05:09:48,226 - INFO - ✂️ Double-Chunking (Treino): Expondo fatias de 500,000 amostras aleatórias.
2026-03-27 05:09:48,227 - INFO - 🚀 Pre-loading 500,000 samples into RAM (Lightning Mode)...
2026-03-27 05:12:34,596 - INFO - ✅ RAM-Safe Streaming Dataset: 500,000 sequences indexed and PRE-LOADED.
2026-03-27 05:12:34,597 - INFO - ✅ RAM-Safe Streaming Dataset: 500,000 sequences indexed (Mode: Lightning).
2026-03-27 05:12:34,645 - INFO - 🔍 RAM-Safe Streaming Scan (Val): 274 arquivos...
2026-03-27 05:12:46,677 - INFO - ✂️ Double-Chunking (Val): Expondo fatias de 100,000 amostras aleatórias.
2026-03-27 05:12:46,677 - INFO - 🚀 Pre-loading 100,000 samples into RAM (Lightning Mode)...
2026-03-27 05:13:36,765 - INFO - ✅ RAM-Safe Streaming Dataset: 100,000 sequences indexed and PRE-LOADED.
2026-03-27 05:13:36,766 - INFO - ✅ RAM-Safe Streaming Dataset: 100,000 sequences indexed (Mode: Lightning).
2026-03-27 05:13:37,116 - INFO - Trial 406 START | tcn=512, lstm=256, layers=2, batch=1024, seq=96 | RFE=30 | loss=ASYM (g_s=0.66, g_n=0.40, g_b=3.42) | alpha=[1.17, 0.59, 1.37], smooth=0.28
2026-03-27 05:14:41,446 - INFO - T406 E1/10 | [OK] | L: 0.56808875/0.56448302 | F1 M MIN: 0.13597258 D: 0.36624331 | [S/N/B]: [0.5965/0.7569/0.1360] | LR: 0.00148093
2026-03-27 05:15:46,475 - INFO - T406 E2/10 | [OK] | L: 0.54602385/0.55192732 | F1 M MIN: 0.11433614 D: 0.35933125 | [S/N/B]: [0.6043/0.7929/0.1143] | LR: 0.00137311
2026-03-27 05:16:51,661 - INFO - T406 E3/10 | [OK] | L: 0.54068033/0.54511905 | F1 M MIN: 0.10281368 D: 0.35398727 | [S/N/B]: [0.6052/0.8314/0.1028] | LR: 0.00120519
2026-03-27 05:17:57,024 - INFO - T406 E4/10 | [OK] | L: 0.53817979/0.54526003 | F1 M MIN: 0.14331047 D: 0.37580000 | [S/N/B]: [0.6083/0.8138/0.1433] | LR: 0.00099359
2026-03-27 05:19:02,540 - INFO - T406 E5/10 | [OK] | L: 0.53606043/0.54558736 | F1 M MIN: 0.09239592 D: 0.33960476 | [S/N/B]: [0.5868/0.8180/0.0924] | LR: 0.00075904
2026-03-27 05:19:02,625 - INFO - Trial 406 pruned by Optuna at epoch 5
2026-03-27 05:19:02,715 - INFO - Trial 406 pruned.
2026-03-27 05:19:03,322 - INFO - 🔍 RAM-Safe Streaming Scan (Treino): 878 arquivos...
2026-03-27 05:19:50,947 - INFO - ✂️ Double-Chunking (Treino): Expondo fatias de 500,000 amostras aleatórias.
2026-03-27 05:19:50,948 - INFO - 🚀 Pre-loading 500,000 samples into RAM (Lightning Mode)...
2026-03-27 05:22:42,447 - INFO - ✅ RAM-Safe Streaming Dataset: 500,000 sequences indexed and PRE-LOADED.
2026-03-27 05:22:42,448 - INFO - ✅ RAM-Safe Streaming Dataset: 500,000 sequences indexed (Mode: Lightning).
2026-03-27 05:22:42,536 - INFO - 🔍 RAM-Safe Streaming Scan (Val): 274 arquivos...
2026-03-27 05:22:54,403 - INFO - ✂️ Double-Chunking (Val): Expondo fatias de 100,000 amostras aleatórias.
2026-03-27 05:22:54,404 - INFO - 🚀 Pre-loading 100,000 samples into RAM (Lightning Mode)...
2026-03-27 05:23:47,380 - INFO - ✅ RAM-Safe Streaming Dataset: 100,000 sequences indexed and PRE-LOADED.
2026-03-27 05:23:47,381 - INFO - ✅ RAM-Safe Streaming Dataset: 100,000 sequences indexed (Mode: Lightning).
2026-03-27 05:23:47,735 - INFO - Trial 407 START | tcn=256, lstm=128, layers=2, batch=512, seq=256 | RFE=30 | loss=ASYM (g_s=0.68, g_n=0.99, g_b=1.96) | alpha=[1.32, 1.00, 1.27], smooth=0.22
2026-03-27 05:25:11,997 - INFO - T407 E1/10 | [OK] | L: 0.71957587/0.64837254 | F1 M MIN: 0.00409686 D: 0.30272580 | [S/N/B]: [0.6014/0.8673/0.0041] | LR: 0.00061087
2026-03-27 05:26:37,327 - INFO - T407 E2/10 | [OK] | L: 0.68475535/0.63953391 | F1 M MIN: 0.00805165 D: 0.30749265 | [S/N/B]: [0.6069/0.8767/0.0081] | LR: 0.00056640
2026-03-27 05:28:02,522 - INFO - T407 E3/10 | [OK] | L: 0.67676276/0.63907796 | F1 M MIN: 0.02008639 D: 0.31149580 | [S/N/B]: [0.6029/0.8727/0.0201] | LR: 0.00049713
2026-03-27 05:29:27,906 - INFO - T407 E4/10 | [OK] | L: 0.67273910/0.62866868 | F1 M MIN: 0.07363760 D: 0.34118720 | [S/N/B]: [0.6087/0.8857/0.0736] | LR: 0.00040985
2026-03-27 05:30:53,021 - INFO - T407 E5/10 | [OK] | L: 0.66874592/0.62900944 | F1 M MIN: 0.22525558 D: 0.41028415 | [S/N/B]: [0.5953/0.8832/0.2253] | LR: 0.00031310
2026-03-27 05:30:53,118 - INFO - Trial 407 pruned by Optuna at epoch 5
2026-03-27 05:30:53,212 - INFO - Trial 407 pruned.
2026-03-27 05:30:53,853 - INFO - 🔍 RAM-Safe Streaming Scan (Treino): 878 arquivos...
2026-03-27 05:31:43,244 - INFO - ✂️ Double-Chunking (Treino): Expondo fatias de 500,000 amostras aleatórias.
2026-03-27 05:31:43,245 - INFO - 🚀 Pre-loading 500,000 samples into RAM (Lightning Mode)...
2026-03-27 05:34:31,546 - INFO - ✅ RAM-Safe Streaming Dataset: 500,000 sequences indexed and PRE-LOADED.
2026-03-27 05:34:31,547 - INFO - ✅ RAM-Safe Streaming Dataset: 500,000 sequences indexed (Mode: Lightning).
2026-03-27 05:34:31,596 - INFO - 🔍 RAM-Safe Streaming Scan (Val): 274 arquivos...
2026-03-27 05:34:43,489 - INFO - ✂️ Double-Chunking (Val): Expondo fatias de 100,000 amostras aleatórias.
2026-03-27 05:34:43,489 - INFO - 🚀 Pre-loading 100,000 samples into RAM (Lightning Mode)...
2026-03-27 05:35:34,346 - INFO - ✅ RAM-Safe Streaming Dataset: 100,000 sequences indexed and PRE-LOADED.
2026-03-27 05:35:34,347 - INFO - ✅ RAM-Safe Streaming Dataset: 100,000 sequences indexed (Mode: Lightning).
2026-03-27 05:35:34,690 - INFO - Trial 408 START | tcn=256, lstm=256, layers=3, batch=512, seq=144 | RFE=30 | loss=ASYM (g_s=0.87, g_n=1.34, g_b=2.35) | alpha=[1.06, 0.76, 1.30], smooth=0.29
2026-03-27 05:36:43,023 - INFO - T408 E1/10 | [WARN] ZERO_PENALTY | L: 0.51935392/0.48416211 | F1 M MIN: 0.00000000 D: 0.00000000 | [S/N/B]: [0.0000/0.8161/0.5623] | LR: 0.00181742
2026-03-27 05:37:52,098 - INFO - T408 E2/10 | [WARN] ZERO_PENALTY | L: 0.50102483/0.46528657 | F1 M MIN: 0.00000000 D: 0.00000000 | [S/N/B]: [0.0000/0.8688/0.5887] | LR: 0.00168511
2026-03-27 05:39:01,502 - INFO - T408 E3/10 | [WARN] ZERO_PENALTY | L: 0.49651615/0.46708674 | F1 M MIN: 0.00000000 D: 0.00000000 | [S/N/B]: [0.0000/0.8456/0.5757] | LR: 0.00147903
2026-03-27 05:40:11,005 - INFO - T408 E4/10 | [OK] | L: 0.49403835/0.46652807 | F1 M MIN: 0.00007281 D: 0.28840425 | [S/N/B]: [0.0001/0.8468/0.5767] | LR: 0.00121936
2026-03-27 05:41:20,596 - INFO - T408 E5/10 | [WARN] ZERO_PENALTY | L: 0.49203743/0.46374814 | F1 M MIN: 0.00000000 D: 0.00000000 | [S/N/B]: [0.0000/0.8460/0.5759] | LR: 0.00093150
2026-03-27 05:41:20,679 - INFO - Trial 408 pruned by Optuna at epoch 5
2026-03-27 05:41:20,772 - INFO - Trial 408 pruned.
2026-03-27 05:41:21,400 - INFO - 🔍 RAM-Safe Streaming Scan (Treino): 878 arquivos...
2026-03-27 05:42:08,708 - INFO - ✂️ Double-Chunking (Treino): Expondo fatias de 500,000 amostras aleatórias.
2026-03-27 05:42:08,710 - INFO - 🚀 Pre-loading 500,000 samples into RAM (Lightning Mode)...
2026-03-27 05:44:56,944 - INFO - ✅ RAM-Safe Streaming Dataset: 500,000 sequences indexed and PRE-LOADED.
2026-03-27 05:44:56,945 - INFO - ✅ RAM-Safe Streaming Dataset: 500,000 sequences indexed (Mode: Lightning).
2026-03-27 05:44:57,027 - INFO - 🔍 RAM-Safe Streaming Scan (Val): 274 arquivos...
2026-03-27 05:45:08,870 - INFO - ✂️ Double-Chunking (Val): Expondo fatias de 100,000 amostras aleatórias.
2026-03-27 05:45:08,870 - INFO - 🚀 Pre-loading 100,000 samples into RAM (Lightning Mode)...
2026-03-27 05:45:58,339 - INFO - ✅ RAM-Safe Streaming Dataset: 100,000 sequences indexed and PRE-LOADED.
2026-03-27 05:45:58,340 - INFO - ✅ RAM-Safe Streaming Dataset: 100,000 sequences indexed (Mode: Lightning).
2026-03-27 05:45:58,687 - INFO - Trial 409 START | tcn=256, lstm=256, layers=2, batch=512, seq=144 | RFE=30 | loss=ASYM (g_s=1.25, g_n=1.07, g_b=2.28) | alpha=[1.20, 0.77, 1.59], smooth=0.29
2026-03-27 05:46:58,718 - INFO - T409 E1/10 | [WARN] ZERO_PENALTY | L: 0.63560712/0.59832573 | F1 M MIN: 0.00000000 D: 0.00000000 | [S/N/B]: [0.0000/0.7509/0.5395] | LR: 0.00089275
2026-03-27 05:47:59,587 - INFO - T409 E2/10 | [WARN] ZERO_PENALTY | L: 0.61021571/0.58648180 | F1 M MIN: 0.00000000 D: 0.00000000 | [S/N/B]: [0.0000/0.8127/0.5629] | LR: 0.00082776
2026-03-27 05:49:00,702 - INFO - T409 E3/10 | [OK] | L: 0.60405834/0.58472647 | F1 M MIN: 0.19073457 D: 0.36991893 | [S/N/B]: [0.1907/0.7968/0.5491] | LR: 0.00072653
2026-03-27 05:50:02,108 - INFO - T409 E4/10 | [OK] | L: 0.59891574/0.57964686 | F1 M MIN: 0.35053464 D: 0.44443577 | [S/N/B]: [0.3505/0.8330/0.5383] | LR: 0.00059897
2026-03-27 05:51:03,321 - INFO - T409 E5/10 | [OK] | L: 0.59500345/0.57814881 | F1 M MIN: 0.31368984 D: 0.42940032 | [S/N/B]: [0.3137/0.8217/0.5451] | LR: 0.00045757
2026-03-27 05:52:04,643 - INFO - T409 E6/10 | [OK] | L: 0.59175674/0.57451919 | F1 M MIN: 0.30494089 D: 0.43140406 | [S/N/B]: [0.3049/0.8336/0.5579] | LR: 0.00031617
2026-03-27 05:52:04,700 - INFO - Trial 409 pruned by Optuna at epoch 6
2026-03-27 05:52:04,773 - INFO - Trial 409 pruned.
2026-03-27 05:52:05,387 - INFO - 🔍 RAM-Safe Streaming Scan (Treino): 878 arquivos...
2026-03-27 05:52:52,572 - INFO - ✂️ Double-Chunking (Treino): Expondo fatias de 500,000 amostras aleatórias.
2026-03-27 05:52:52,573 - INFO - 🚀 Pre-loading 500,000 samples into RAM (Lightning Mode)...
2026-03-27 05:55:47,956 - INFO - ✅ RAM-Safe Streaming Dataset: 500,000 sequences indexed and PRE-LOADED.
2026-03-27 05:55:47,958 - INFO - ✅ RAM-Safe Streaming Dataset: 500,000 sequences indexed (Mode: Lightning).
2026-03-27 05:55:48,014 - INFO - 🔍 RAM-Safe Streaming Scan (Val): 274 arquivos...
2026-03-27 05:55:59,829 - INFO - ✂️ Double-Chunking (Val): Expondo fatias de 100,000 amostras aleatórias.
2026-03-27 05:55:59,829 - INFO - 🚀 Pre-loading 100,000 samples into RAM (Lightning Mode)...
2026-03-27 05:56:50,512 - INFO - ✅ RAM-Safe Streaming Dataset: 100,000 sequences indexed and PRE-LOADED.
2026-03-27 05:56:50,513 - INFO - ✅ RAM-Safe Streaming Dataset: 100,000 sequences indexed (Mode: Lightning).
2026-03-27 05:56:50,911 - INFO - Trial 410 START | tcn=512, lstm=256, layers=2, batch=1024, seq=256 | RFE=30 | loss=ASYM (g_s=0.56, g_n=0.53, g_b=2.62) | alpha=[1.39, 0.98, 1.60], smooth=0.26
2026-03-27 06:00:00,195 - INFO - T410 E1/10 | [OK] | L: 0.87842657/0.84029494 | F1 M MIN: 0.19459215 D: 0.39795770 | [S/N/B]: [0.6013/0.8319/0.1946] | LR: 0.00094934
2026-03-27 06:03:10,909 - INFO - T410 E2/10 | [OK] | L: 0.84168891/0.81952083 | F1 M MIN: 0.14014349 D: 0.35530440 | [S/N/B]: [0.1401/0.8617/0.5705] | LR: 0.00088022
2026-03-27 06:06:21,606 - INFO - T410 E3/10 | [OK] | L: 0.83351592/0.81997533 | F1 M MIN: 0.28295989 D: 0.41475574 | [S/N/B]: [0.2830/0.8516/0.5466] | LR: 0.00077258
2026-03-27 06:09:32,624 - INFO - T410 E4/10 | [OK] | L: 0.82641570/0.81189978 | F1 M MIN: 0.46938990 D: 0.48697314 | [S/N/B]: [0.5046/0.8599/0.4694] | LR: 0.00063694
2026-03-27 06:12:44,093 - INFO - T410 E5/10 | [OK] | L: 0.81856739/0.80375059 | F1 M MIN: 0.46836733 D: 0.49696273 | [S/N/B]: [0.4684/0.8649/0.5256] | LR: 0.00048658
2026-03-27 06:15:55,261 - INFO - T410 E6/10 | [OK] | L: 0.81199306/0.80588036 | F1 M MIN: 0.49881592 D: 0.50550044 | [S/N/B]: [0.4988/0.8560/0.5122] | LR: 0.00033622
2026-03-27 06:19:07,098 - INFO - T410 E7/10 | [OK] | L: 0.80660969/0.80337058 | F1 M MIN: 0.42101169 D: 0.48891690 | [S/N/B]: [0.4210/0.8576/0.5568] | LR: 0.00020057
2026-03-27 06:22:18,883 - INFO - T410 E8/10 | [OK] | L: 0.80124767/0.80537271 | F1 M MIN: 0.50523081 D: 0.50610275 | [S/N/B]: [0.5052/0.8545/0.5070] | LR: 0.00009293
2026-03-27 06:22:18,937 - INFO - [BEST MACRO]  Trial 410 | Global F1 M MIN record: 0.50523081 (prev: 0.50503720) -> saved best_tcn_lstm.pt
2026-03-27 06:25:30,503 - INFO - T410 E9/10 | [OK] | L: 0.79662287/0.80498889 | F1 M MIN: 0.47986044 D: 0.50285515 | [S/N/B]: [0.4799/0.8542/0.5258] | LR: 0.00002381
2026-03-27 06:28:42,469 - INFO - T410 E10/10 | [OK] | L: 0.79365288/0.80461645 | F1 M MIN: 0.49509592 D: 0.50592537 | [S/N/B]: [0.4951/0.8551/0.5168] | LR: 0.00000000
2026-03-27 06:28:42,871 - INFO - Trial 410 finished with value: 0.5052308142512254 and parameters: {'tcn_channels': 512, 'lstm_hidden': 256, 'num_lstm_layers': 2, 'batch_size': 1024, 'dropout': 0.22682851937901982, 'seq_len': 256, 'lr': 0.0009731502066098561, 'weight_decay': 0.002369587373431665, 'base_alpha_sell': 1.38934227389553, 'base_alpha_neutral': 0.9833702220947678, 'base_alpha_buy': 1.5957216185859473, 'base_loss_gamma': 3.7917991082260927, 'base_loss_smoothing': 0.263981876825091, 'asym_gamma_sell': 0.5588841916298334, 'asym_gamma_neu': 0.5334396826460185, 'asym_gamma_buy': 2.6218006256277238}. Best is trial 410 with value: 0.5052308142512254.
2026-03-27 06:28:43,378 - INFO - 🔍 RAM-Safe Streaming Scan (Treino): 878 arquivos...
2026-03-27 06:29:32,184 - INFO - ✂️ Double-Chunking (Treino): Expondo fatias de 500,000 amostras aleatórias.
2026-03-27 06:29:32,185 - INFO - 🚀 Pre-loading 500,000 samples into RAM (Lightning Mode)...
2026-03-27 06:32:28,114 - INFO - ✅ RAM-Safe Streaming Dataset: 500,000 sequences indexed and PRE-LOADED.
2026-03-27 06:32:28,116 - INFO - ✅ RAM-Safe Streaming Dataset: 500,000 sequences indexed (Mode: Lightning).
2026-03-27 06:32:28,157 - INFO - 🔍 RAM-Safe Streaming Scan (Val): 274 arquivos...
2026-03-27 06:32:40,835 - INFO - ✂️ Double-Chunking (Val): Expondo fatias de 100,000 amostras aleatórias.
2026-03-27 06:32:40,836 - INFO - 🚀 Pre-loading 100,000 samples into RAM (Lightning Mode)...
2026-03-27 06:33:34,722 - INFO - ✅ RAM-Safe Streaming Dataset: 100,000 sequences indexed and PRE-LOADED.
2026-03-27 06:33:34,722 - INFO - ✅ RAM-Safe Streaming Dataset: 100,000 sequences indexed (Mode: Lightning).
2026-03-27 06:33:35,074 - INFO - Trial 411 START | tcn=512, lstm=256, layers=2, batch=1024, seq=256 | RFE=30 | loss=ASYM (g_s=1.66, g_n=0.13, g_b=3.70) | alpha=[0.86, 0.96, 1.43], smooth=0.22
2026-03-27 06:36:44,539 - INFO - T411 E1/10 | [WARN] ZERO_PENALTY | L: 0.49214461/0.53010158 | F1 M MIN: 0.00000000 D: 0.00000000 | [S/N/B]: [0.0000/0.8468/0.5772] | LR: 0.00093306
2026-03-27 06:39:55,593 - INFO - T411 E2/10 | [WARN] ZERO_PENALTY | L: 0.46083083/0.51046451 | F1 M MIN: 0.00000000 D: 0.00000000 | [S/N/B]: [0.0000/0.8780/0.5950] | LR: 0.00086514
2026-03-27 06:43:06,280 - INFO - T411 E3/10 | [WARN] ZERO_PENALTY | L: 0.45467245/0.50910873 | F1 M MIN: 0.00000000 D: 0.00000000 | [S/N/B]: [0.0000/0.8768/0.5943] | LR: 0.00075934
2026-03-27 06:46:17,162 - INFO - T411 E4/10 | [WARN] ZERO_PENALTY | L: 0.45089788/0.50131215 | F1 M MIN: 0.00000000 D: 0.00000000 | [S/N/B]: [0.0000/0.8851/0.6003] | LR: 0.00062602
2026-03-27 06:46:17,231 - INFO - Trial 411 stopped early due to patience limit (4 epochs without improvement)
