2026-03-26 20:51:10,285 - INFO - Trial 370 pruned.
2026-03-26 20:51:11,034 - INFO - 🔍 RAM-Safe Streaming Scan (Treino): 878 arquivos...
2026-03-26 20:52:02,223 - INFO - ✂️ Double-Chunking (Treino): Expondo fatias de 500,000 amostras aleatórias.
2026-03-26 20:52:02,224 - INFO - 🚀 Pre-loading 500,000 samples into RAM (Lightning Mode)...
2026-03-26 20:55:23,891 - INFO - ✅ RAM-Safe Streaming Dataset: 500,000 sequences indexed and PRE-LOADED.
2026-03-26 20:55:23,893 - INFO - ✅ RAM-Safe Streaming Dataset: 500,000 sequences indexed (Mode: Lightning).
2026-03-26 20:55:23,938 - INFO - 🔍 RAM-Safe Streaming Scan (Val): 274 arquivos...
2026-03-26 20:55:36,632 - INFO - ✂️ Double-Chunking (Val): Expondo fatias de 100,000 amostras aleatórias.
2026-03-26 20:55:36,632 - INFO - 🚀 Pre-loading 100,000 samples into RAM (Lightning Mode)...
2026-03-26 20:56:35,624 - INFO - ✅ RAM-Safe Streaming Dataset: 100,000 sequences indexed and PRE-LOADED.
2026-03-26 20:56:35,626 - INFO - ✅ RAM-Safe Streaming Dataset: 100,000 sequences indexed (Mode: Lightning).
2026-03-26 20:56:35,994 - INFO - Trial 371 START | tcn=512, lstm=32, layers=3, batch=512, seq=256 | RFE=30 | loss=ASYM (g_s=1.09, g_n=0.62, g_b=3.00) | alpha=[1.78, 0.95, 1.76], smooth=0.30
2026-03-26 20:59:17,298 - INFO - T371 E1/10 | [OK] | L: 0.99715699/0.96260395 | F1 M MIN: 0.00022108 D: 0.27789611 | [S/N/B]: [0.5556/0.7770/0.0002] | LR: 0.00113588
2026-03-26 21:02:00,234 - INFO - T371 E2/10 | [OK] | L: 0.95938523/0.94864380 | F1 M MIN: 0.07202342 D: 0.33168169 | [S/N/B]: [0.5913/0.8002/0.0720] | LR: 0.00105319
2026-03-26 21:04:43,209 - INFO - T371 E3/10 | [OK] | L: 0.95096693/0.94498143 | F1 M MIN: 0.07558562 D: 0.33555199 | [S/N/B]: [0.5955/0.8061/0.0756] | LR: 0.00092439
2026-03-26 21:07:26,414 - INFO - T371 E4/10 | [OK] | L: 0.94723868/0.93598157 | F1 M MIN: 0.06801728 D: 0.33332065 | [S/N/B]: [0.5986/0.8263/0.0680] | LR: 0.00076209
2026-03-26 21:10:09,540 - INFO - T371 E5/10 | [OK] | L: 0.94358150/0.93531073 | F1 M MIN: 0.01762175 D: 0.29945015 | [S/N/B]: [0.5813/0.8213/0.0176] | LR: 0.00058219
2026-03-26 21:10:09,655 - INFO - Trial 371 pruned by Optuna at epoch 5
2026-03-26 21:10:09,781 - INFO - Trial 371 pruned.
2026-03-26 21:10:10,554 - INFO - 🔍 RAM-Safe Streaming Scan (Treino): 878 arquivos...
2026-03-26 21:11:01,218 - INFO - ✂️ Double-Chunking (Treino): Expondo fatias de 500,000 amostras aleatórias.
2026-03-26 21:11:01,219 - INFO - 🚀 Pre-loading 500,000 samples into RAM (Lightning Mode)...
2026-03-26 21:14:15,044 - INFO - ✅ RAM-Safe Streaming Dataset: 500,000 sequences indexed and PRE-LOADED.
2026-03-26 21:14:15,045 - INFO - ✅ RAM-Safe Streaming Dataset: 500,000 sequences indexed (Mode: Lightning).
2026-03-26 21:14:15,081 - INFO - 🔍 RAM-Safe Streaming Scan (Val): 274 arquivos...
2026-03-26 21:14:27,614 - INFO - ✂️ Double-Chunking (Val): Expondo fatias de 100,000 amostras aleatórias.
2026-03-26 21:14:27,615 - INFO - 🚀 Pre-loading 100,000 samples into RAM (Lightning Mode)...
2026-03-26 21:15:26,086 - INFO - ✅ RAM-Safe Streaming Dataset: 100,000 sequences indexed and PRE-LOADED.
2026-03-26 21:15:26,087 - INFO - ✅ RAM-Safe Streaming Dataset: 100,000 sequences indexed (Mode: Lightning).
2026-03-26 21:15:26,489 - INFO - Trial 372 START | tcn=512, lstm=64, layers=3, batch=1024, seq=192 | RFE=30 | loss=ASYM (g_s=1.08, g_n=0.16, g_b=1.43) | alpha=[1.17, 0.72, 1.40], smooth=0.16
2026-03-26 21:17:37,835 - INFO - T372 E1/10 | [WARN] ZERO_PENALTY | L: 0.69305276/0.64911082 | F1 M MIN: 0.00000000 D: 0.00000000 | [S/N/B]: [0.0000/0.8465/0.5776] | LR: 0.00191633
2026-03-26 21:19:49,794 - INFO - T372 E2/10 | [WARN] ZERO_PENALTY | L: 0.65410206/0.65396808 | F1 M MIN: 0.00000000 D: 0.00000000 | [S/N/B]: [0.0000/0.8091/0.5597] | LR: 0.00177682
2026-03-26 21:22:02,232 - INFO - T372 E3/10 | [WARN] ZERO_PENALTY | L: 0.64820467/0.63979102 | F1 M MIN: 0.00000000 D: 0.00000000 | [S/N/B]: [0.0000/0.8354/0.5718] | LR: 0.00155953
2026-03-26 21:24:14,633 - INFO - T372 E4/10 | [WARN] ZERO_PENALTY | L: 0.64455451/0.63700161 | F1 M MIN: 0.00000000 D: 0.00000000 | [S/N/B]: [0.0000/0.8420/0.5753] | LR: 0.00128572
2026-03-26 21:24:14,700 - INFO - Trial 372 stopped early due to patience limit (4 epochs without improvement)
2026-03-26 21:24:14,930 - INFO - Trial 372 finished with value: 0.0 and parameters: {'tcn_channels': 512, 'lstm_hidden': 64, 'num_lstm_layers': 3, 'batch_size': 1024, 'dropout': 0.2785858788033566, 'seq_len': 192, 'lr': 0.001964406332650298, 'weight_decay': 0.003556154746042714, 'base_alpha_sell': 1.165412264353693, 'base_alpha_neutral': 0.7222564784855898, 'base_alpha_buy': 1.3988723246503318, 'base_loss_gamma': 2.288699847937801, 'base_loss_smoothing': 0.16373509122874727, 'asym_gamma_sell': 1.0778186667647431, 'asym_gamma_neu': 0.15574704430222652, 'asym_gamma_buy': 1.4265493184576479}. Best is trial 299 with value: 0.5035109606130814.
2026-03-26 21:24:15,495 - INFO - 🔍 RAM-Safe Streaming Scan (Treino): 878 arquivos...
2026-03-26 21:25:06,163 - INFO - ✂️ Double-Chunking (Treino): Expondo fatias de 500,000 amostras aleatórias.
2026-03-26 21:25:06,164 - INFO - 🚀 Pre-loading 500,000 samples into RAM (Lightning Mode)...
2026-03-26 21:28:26,018 - INFO - ✅ RAM-Safe Streaming Dataset: 500,000 sequences indexed and PRE-LOADED.
2026-03-26 21:28:26,019 - INFO - ✅ RAM-Safe Streaming Dataset: 500,000 sequences indexed (Mode: Lightning).
2026-03-26 21:28:26,066 - INFO - 🔍 RAM-Safe Streaming Scan (Val): 274 arquivos...
2026-03-26 21:28:39,224 - INFO - ✂️ Double-Chunking (Val): Expondo fatias de 100,000 amostras aleatórias.
2026-03-26 21:28:39,224 - INFO - 🚀 Pre-loading 100,000 samples into RAM (Lightning Mode)...
2026-03-26 21:29:42,199 - INFO - ✅ RAM-Safe Streaming Dataset: 100,000 sequences indexed and PRE-LOADED.
2026-03-26 21:29:42,200 - INFO - ✅ RAM-Safe Streaming Dataset: 100,000 sequences indexed (Mode: Lightning).
2026-03-26 21:29:42,588 - INFO - Trial 373 START | tcn=512, lstm=128, layers=2, batch=512, seq=192 | RFE=30 | loss=ASYM (g_s=0.96, g_n=0.34, g_b=3.43) | alpha=[0.93, 0.70, 1.52], smooth=0.32
2026-03-26 21:31:58,018 - INFO - T373 E1/10 | [WARN] ZERO_PENALTY | L: 0.54818321/0.56171712 | F1 M MIN: 0.00000000 D: 0.00000000 | [S/N/B]: [0.0000/0.7856/0.5505] | LR: 0.00123302
2026-03-26 21:34:14,888 - INFO - T373 E2/10 | [WARN] ZERO_PENALTY | L: 0.52951113/0.56050233 | F1 M MIN: 0.00000000 D: 0.00000000 | [S/N/B]: [0.0000/0.7862/0.5510] | LR: 0.00114326
2026-03-26 21:36:31,870 - INFO - T373 E3/10 | [WARN] ZERO_PENALTY | L: 0.52516562/0.55575784 | F1 M MIN: 0.00000000 D: 0.00000000 | [S/N/B]: [0.0000/0.7993/0.5561] | LR: 0.00100344
2026-03-26 21:38:48,830 - INFO - T373 E4/10 | [WARN] ZERO_PENALTY | L: 0.52252965/0.55429526 | F1 M MIN: 0.00000000 D: 0.00000000 | [S/N/B]: [0.0000/0.7976/0.5556] | LR: 0.00082727
2026-03-26 21:38:48,890 - INFO - Trial 373 stopped early due to patience limit (4 epochs without improvement)
2026-03-26 21:38:49,129 - INFO - Trial 373 finished with value: 0.0 and parameters: {'tcn_channels': 512, 'lstm_hidden': 128, 'num_lstm_layers': 2, 'batch_size': 512, 'dropout': 0.4558680610590285, 'seq_len': 192, 'lr': 0.0012639546108803505, 'weight_decay': 0.001492588144254974, 'base_alpha_sell': 0.9259381496768404, 'base_alpha_neutral': 0.6984376512197662, 'base_alpha_buy': 1.5246719393143526, 'base_loss_gamma': 2.3475850815464576, 'base_loss_smoothing': 0.321864842690859, 'asym_gamma_sell': 0.9571456452411297, 'asym_gamma_neu': 0.3388632892778406, 'asym_gamma_buy': 3.433580612976857}. Best is trial 299 with value: 0.5035109606130814.
2026-03-26 21:38:49,687 - INFO - 🔍 RAM-Safe Streaming Scan (Treino): 878 arquivos...
2026-03-26 21:39:39,325 - INFO - ✂️ Double-Chunking (Treino): Expondo fatias de 500,000 amostras aleatórias.
2026-03-26 21:39:39,326 - INFO - 🚀 Pre-loading 500,000 samples into RAM (Lightning Mode)...
2026-03-26 21:42:50,465 - INFO - ✅ RAM-Safe Streaming Dataset: 500,000 sequences indexed and PRE-LOADED.
2026-03-26 21:42:50,467 - INFO - ✅ RAM-Safe Streaming Dataset: 500,000 sequences indexed (Mode: Lightning).
2026-03-26 21:42:50,512 - INFO - 🔍 RAM-Safe Streaming Scan (Val): 274 arquivos...
2026-03-26 21:43:03,198 - INFO - ✂️ Double-Chunking (Val): Expondo fatias de 100,000 amostras aleatórias.
2026-03-26 21:43:03,198 - INFO - 🚀 Pre-loading 100,000 samples into RAM (Lightning Mode)...
2026-03-26 21:44:00,575 - INFO - ✅ RAM-Safe Streaming Dataset: 100,000 sequences indexed and PRE-LOADED.
2026-03-26 21:44:00,577 - INFO - ✅ RAM-Safe Streaming Dataset: 100,000 sequences indexed (Mode: Lightning).
2026-03-26 21:44:00,910 - INFO - Trial 374 START | tcn=512, lstm=256, layers=2, batch=2048, seq=256 | RFE=30 | loss=ASYM (g_s=2.44, g_n=0.14, g_b=2.66) | alpha=[1.00, 0.87, 1.66], smooth=0.30
2026-03-26 21:47:08,559 - INFO - T374 E1/10 | [WARN] ZERO_PENALTY | L: 0.61023849/0.65018141 | F1 M MIN: 0.00000000 D: 0.00000000 | [S/N/B]: [0.0000/0.7892/0.5516] | LR: 0.00065434
2026-03-26 21:50:18,031 - INFO - T374 E2/10 | [WARN] ZERO_PENALTY | L: 0.57661480/0.63586463 | F1 M MIN: 0.00000000 D: 0.00000000 | [S/N/B]: [0.0000/0.8102/0.5612] | LR: 0.00060671
2026-03-26 21:53:27,875 - INFO - T374 E3/10 | [WARN] ZERO_PENALTY | L: 0.57043384/0.63365149 | F1 M MIN: 0.00000000 D: 0.00000000 | [S/N/B]: [0.0000/0.8084/0.5612] | LR: 0.00053251
2026-03-26 21:56:37,909 - INFO - T374 E4/10 | [OK] | L: 0.56432795/0.62629006 | F1 M MIN: 0.05038013 D: 0.31032689 | [S/N/B]: [0.0504/0.8254/0.5703] | LR: 0.00043902
2026-03-26 21:59:48,493 - INFO - T374 E5/10 | [OK] | L: 0.55878906/0.62437098 | F1 M MIN: 0.09683164 D: 0.33598863 | [S/N/B]: [0.0968/0.8342/0.5751] | LR: 0.00033538
2026-03-26 21:59:48,645 - INFO - Trial 374 pruned by Optuna at epoch 5
2026-03-26 21:59:48,773 - INFO - Trial 374 pruned.
2026-03-26 21:59:49,437 - INFO - 🔍 RAM-Safe Streaming Scan (Treino): 878 arquivos...
2026-03-26 22:00:38,571 - INFO - ✂️ Double-Chunking (Treino): Expondo fatias de 500,000 amostras aleatórias.
2026-03-26 22:00:38,573 - INFO - 🚀 Pre-loading 500,000 samples into RAM (Lightning Mode)...
2026-03-26 22:03:41,184 - INFO - ✅ RAM-Safe Streaming Dataset: 500,000 sequences indexed and PRE-LOADED.
2026-03-26 22:03:41,185 - INFO - ✅ RAM-Safe Streaming Dataset: 500,000 sequences indexed (Mode: Lightning).
2026-03-26 22:03:41,230 - INFO - 🔍 RAM-Safe Streaming Scan (Val): 274 arquivos...
2026-03-26 22:03:53,627 - INFO - ✂️ Double-Chunking (Val): Expondo fatias de 100,000 amostras aleatórias.
2026-03-26 22:03:53,628 - INFO - 🚀 Pre-loading 100,000 samples into RAM (Lightning Mode)...
2026-03-26 22:04:49,489 - INFO - ✅ RAM-Safe Streaming Dataset: 100,000 sequences indexed and PRE-LOADED.
2026-03-26 22:04:49,490 - INFO - ✅ RAM-Safe Streaming Dataset: 100,000 sequences indexed (Mode: Lightning).
2026-03-26 22:04:49,877 - INFO - Trial 375 START | tcn=64, lstm=256, layers=5, batch=1024, seq=256 | RFE=30 | loss=ASYM (g_s=1.02, g_n=0.13, g_b=0.51) | alpha=[1.41, 0.45, 1.57], smooth=0.19
2026-03-26 22:06:29,756 - INFO - T375 E1/10 | [OK] | L: 0.84585409/0.76720055 | F1 M MIN: 0.37410996 D: 0.42504812 | [S/N/B]: [0.4760/0.6826/0.3741] | LR: 0.00139470
2026-03-26 22:08:10,091 - INFO - T375 E2/10 | [WARN] ZERO_PENALTY | L: 0.79750017/0.75328936 | F1 M MIN: 0.00000000 D: 0.00000000 | [S/N/B]: [0.0000/0.7005/0.5224] | LR: 0.00129317
2026-03-26 22:09:51,205 - INFO - T375 E3/10 | [WARN] ZERO_PENALTY | L: 0.78980694/0.74525693 | F1 M MIN: 0.00000000 D: 0.00000000 | [S/N/B]: [0.0000/0.7338/0.5323] | LR: 0.00113502
2026-03-26 22:11:32,354 - INFO - T375 E4/10 | [WARN] ZERO_PENALTY | L: 0.78490474/0.74316027 | F1 M MIN: 0.00000000 D: 0.00000000 | [S/N/B]: [0.0000/0.7461/0.5366] | LR: 0.00093574
2026-03-26 22:13:13,177 - INFO - T375 E5/10 | [WARN] ZERO_PENALTY | L: 0.78211933/0.74124792 | F1 M MIN: 0.00000000 D: 0.00000000 | [S/N/B]: [0.0000/0.7302/0.5315] | LR: 0.00071484
2026-03-26 22:13:13,234 - INFO - Trial 375 stopped early due to patience limit (4 epochs without improvement)
2026-03-26 22:13:13,499 - INFO - Trial 375 finished with value: 0.37410996446414285 and parameters: {'tcn_channels': 64, 'lstm_hidden': 256, 'num_lstm_layers': 5, 'batch_size': 1024, 'dropout': 0.31273237581767055, 'seq_len': 256, 'lr': 0.0014296889966677632, 'weight_decay': 0.0013128872196368575, 'base_alpha_sell': 1.4064505495218105, 'base_alpha_neutral': 0.4525702577380097, 'base_alpha_buy': 1.56572373929769, 'base_loss_gamma': 4.092269601922146, 'base_loss_smoothing': 0.1908236818781816, 'asym_gamma_sell': 1.0193293729498745, 'asym_gamma_neu': 0.13306213562981478, 'asym_gamma_buy': 0.5050219311961216}. Best is trial 299 with value: 0.5035109606130814.
2026-03-26 22:13:14,074 - INFO - 🔍 RAM-Safe Streaming Scan (Treino): 878 arquivos...
2026-03-26 22:14:03,061 - INFO - ✂️ Double-Chunking (Treino): Expondo fatias de 500,000 amostras aleatórias.
2026-03-26 22:14:03,062 - INFO - 🚀 Pre-loading 500,000 samples into RAM (Lightning Mode)...
2026-03-26 22:17:04,576 - INFO - ✅ RAM-Safe Streaming Dataset: 500,000 sequences indexed and PRE-LOADED.
2026-03-26 22:17:04,577 - INFO - ✅ RAM-Safe Streaming Dataset: 500,000 sequences indexed (Mode: Lightning).
2026-03-26 22:17:04,623 - INFO - 🔍 RAM-Safe Streaming Scan (Val): 274 arquivos...
2026-03-26 22:17:17,296 - INFO - ✂️ Double-Chunking (Val): Expondo fatias de 100,000 amostras aleatórias.
2026-03-26 22:17:17,296 - INFO - 🚀 Pre-loading 100,000 samples into RAM (Lightning Mode)...
2026-03-26 22:18:08,317 - INFO - ✅ RAM-Safe Streaming Dataset: 100,000 sequences indexed and PRE-LOADED.
2026-03-26 22:18:08,319 - INFO - ✅ RAM-Safe Streaming Dataset: 100,000 sequences indexed (Mode: Lightning).
2026-03-26 22:18:08,662 - INFO - Trial 376 START | tcn=64, lstm=256, layers=2, batch=512, seq=256 | RFE=30 | loss=ASYM (g_s=1.92, g_n=0.46, g_b=2.94) | alpha=[1.54, 0.78, 1.33], smooth=0.34
2026-03-26 22:19:08,919 - INFO - T376 E1/10 | [WARN] ZERO_PENALTY | L: 0.65010345/0.66787980 | F1 M MIN: 0.00000000 D: 0.00000000 | [S/N/B]: [0.5565/0.7868/0.0000] | LR: 0.00145745
2026-03-26 22:20:10,601 - INFO - T376 E2/10 | [WARN] ZERO_PENALTY | L: 0.62763862/0.65997109 | F1 M MIN: 0.00000000 D: 0.00000000 | [S/N/B]: [0.5659/0.8080/0.0000] | LR: 0.00135135
2026-03-26 22:21:12,083 - INFO - T376 E3/10 | [OK] | L: 0.62264033/0.65577074 | F1 M MIN: 0.00190253 D: 0.28536530 | [S/N/B]: [0.5688/0.8145/0.0019] | LR: 0.00118609
2026-03-26 22:22:12,839 - INFO - T376 E4/10 | [OK] | L: 0.61896605/0.65620081 | F1 M MIN: 0.11897745 D: 0.34320111 | [S/N/B]: [0.5674/0.8035/0.1190] | LR: 0.00097784
2026-03-26 22:23:15,037 - INFO - T376 E5/10 | [OK] | L: 0.61343054/0.64889677 | F1 M MIN: 0.26074098 D: 0.41691286 | [S/N/B]: [0.5731/0.8114/0.2607] | LR: 0.00074701
2026-03-26 22:23:15,161 - INFO - Trial 376 pruned by Optuna at epoch 5
2026-03-26 22:23:15,331 - INFO - Trial 376 pruned.
2026-03-26 22:23:16,019 - INFO - 🔍 RAM-Safe Streaming Scan (Treino): 878 arquivos...
2026-03-26 22:24:05,719 - INFO - ✂️ Double-Chunking (Treino): Expondo fatias de 500,000 amostras aleatórias.
2026-03-26 22:24:05,721 - INFO - 🚀 Pre-loading 500,000 samples into RAM (Lightning Mode)...
2026-03-26 22:26:57,806 - INFO - ✅ RAM-Safe Streaming Dataset: 500,000 sequences indexed and PRE-LOADED.
2026-03-26 22:26:57,810 - INFO - ✅ RAM-Safe Streaming Dataset: 500,000 sequences indexed (Mode: Lightning).
2026-03-26 22:26:57,860 - INFO - 🔍 RAM-Safe Streaming Scan (Val): 274 arquivos...
2026-03-26 22:27:10,130 - INFO - ✂️ Double-Chunking (Val): Expondo fatias de 100,000 amostras aleatórias.
2026-03-26 22:27:10,131 - INFO - 🚀 Pre-loading 100,000 samples into RAM (Lightning Mode)...
2026-03-26 22:28:00,796 - INFO - ✅ RAM-Safe Streaming Dataset: 100,000 sequences indexed and PRE-LOADED.
2026-03-26 22:28:00,797 - INFO - ✅ RAM-Safe Streaming Dataset: 100,000 sequences indexed (Mode: Lightning).
2026-03-26 22:28:01,129 - INFO - Trial 377 START | tcn=512, lstm=32, layers=2, batch=512, seq=96 | RFE=30 | loss=ASYM (g_s=0.55, g_n=0.43, g_b=3.04) | alpha=[0.72, 0.63, 1.26], smooth=0.32
2026-03-26 22:28:57,537 - INFO - T377 E1/10 | [WARN] ZERO_PENALTY | L: 0.45697689/0.45004361 | F1 M MIN: 0.00000000 D: 0.00000000 | [S/N/B]: [0.0000/0.8128/0.5627] | LR: 0.00095520
2026-03-26 22:29:54,542 - INFO - T377 E2/10 | [WARN] ZERO_PENALTY | L: 0.43576059/0.44233803 | F1 M MIN: 0.00000000 D: 0.00000000 | [S/N/B]: [0.0000/0.8390/0.5741] | LR: 0.00088566
2026-03-26 22:30:51,535 - INFO - T377 E3/10 | [WARN] ZERO_PENALTY | L: 0.43176924/0.43982105 | F1 M MIN: 0.00000000 D: 0.00000000 | [S/N/B]: [0.0000/0.8451/0.5773] | LR: 0.00077735
2026-03-26 22:31:48,823 - INFO - T377 E4/10 | [WARN] ZERO_PENALTY | L: 0.42923385/0.43947880 | F1 M MIN: 0.00000000 D: 0.00000000 | [S/N/B]: [0.0000/0.8354/0.5734] | LR: 0.00064087
2026-03-26 22:31:48,867 - INFO - Trial 377 stopped early due to patience limit (4 epochs without improvement)
2026-03-26 22:31:49,036 - INFO - Trial 377 finished with value: 0.0 and parameters: {'tcn_channels': 512, 'lstm_hidden': 32, 'num_lstm_layers': 2, 'batch_size': 512, 'dropout': 0.30304637114596816, 'seq_len': 96, 'lr': 0.0009791620846903574, 'weight_decay': 0.0002635258022629408, 'base_alpha_sell': 0.7206861764778892, 'base_alpha_neutral': 0.627566024733583, 'base_alpha_buy': 1.2577240432008596, 'base_loss_gamma': 3.4676374572918482, 'base_loss_smoothing': 0.31885210260487173, 'asym_gamma_sell': 0.545185896497437, 'asym_gamma_neu': 0.4325233998914021, 'asym_gamma_buy': 3.0447798436136004}. Best is trial 299 with value: 0.5035109606130814.
2026-03-26 22:31:49,545 - INFO - 🔍 RAM-Safe Streaming Scan (Treino): 878 arquivos...
2026-03-26 22:32:37,634 - INFO - ✂️ Double-Chunking (Treino): Expondo fatias de 500,000 amostras aleatórias.
2026-03-26 22:32:37,635 - INFO - 🚀 Pre-loading 500,000 samples into RAM (Lightning Mode)...
2026-03-26 22:35:33,176 - INFO - ✅ RAM-Safe Streaming Dataset: 500,000 sequences indexed and PRE-LOADED.
2026-03-26 22:35:33,177 - INFO - ✅ RAM-Safe Streaming Dataset: 500,000 sequences indexed (Mode: Lightning).
2026-03-26 22:35:33,225 - INFO - 🔍 RAM-Safe Streaming Scan (Val): 274 arquivos...
2026-03-26 22:35:45,264 - INFO - ✂️ Double-Chunking (Val): Expondo fatias de 100,000 amostras aleatórias.
2026-03-26 22:35:45,264 - INFO - 🚀 Pre-loading 100,000 samples into RAM (Lightning Mode)...
2026-03-26 22:36:40,345 - INFO - ✅ RAM-Safe Streaming Dataset: 100,000 sequences indexed and PRE-LOADED.
2026-03-26 22:36:40,347 - INFO - ✅ RAM-Safe Streaming Dataset: 100,000 sequences indexed (Mode: Lightning).
2026-03-26 22:36:40,738 - INFO - Trial 378 START | tcn=512, lstm=128, layers=3, batch=512, seq=192 | RFE=30 | loss=ASYM (g_s=0.65, g_n=1.57, g_b=3.35) | alpha=[0.89, 0.68, 1.10], smooth=0.30
2026-03-26 22:39:00,605 - INFO - T378 E1/10 | [OK] | L: 0.37130294/0.34066085 | F1 M MIN: 0.03918704 D: 0.31429451 | [S/N/B]: [0.5894/0.8309/0.0392] | LR: 0.00110280
2026-03-26 22:41:22,050 - INFO - T378 E2/10 | [OK] | L: 0.35600537/0.32897823 | F1 M MIN: 0.05108823 D: 0.32990857 | [S/N/B]: [0.6087/0.8640/0.0511] | LR: 0.00102251
2026-03-26 22:43:43,401 - INFO - T378 E3/10 | [OK] | L: 0.35243596/0.32930319 | F1 M MIN: 0.05786378 D: 0.33362949 | [S/N/B]: [0.6094/0.8589/0.0579] | LR: 0.00089747
2026-03-26 22:46:04,995 - INFO - T378 E4/10 | [OK] | L: 0.35041628/0.32686491 | F1 M MIN: 0.04329714 D: 0.32509744 | [S/N/B]: [0.6069/0.8611/0.0433] | LR: 0.00073990
2026-03-26 22:48:26,397 - INFO - T378 E5/10 | [OK] | L: 0.34870828/0.32759880 | F1 M MIN: 0.04133671 D: 0.32355730 | [S/N/B]: [0.6058/0.8573/0.0413] | LR: 0.00056523
2026-03-26 22:48:26,482 - INFO - Trial 378 pruned by Optuna at epoch 5
2026-03-26 22:48:26,583 - INFO - Trial 378 pruned.
2026-03-26 22:48:27,192 - INFO - 🔍 RAM-Safe Streaming Scan (Treino): 878 arquivos...
2026-03-26 22:49:15,224 - INFO - ✂️ Double-Chunking (Treino): Expondo fatias de 500,000 amostras aleatórias.
2026-03-26 22:49:15,225 - INFO - 🚀 Pre-loading 500,000 samples into RAM (Lightning Mode)...
2026-03-26 22:52:11,042 - INFO - ✅ RAM-Safe Streaming Dataset: 500,000 sequences indexed and PRE-LOADED.
2026-03-26 22:52:11,044 - INFO - ✅ RAM-Safe Streaming Dataset: 500,000 sequences indexed (Mode: Lightning).
2026-03-26 22:52:11,090 - INFO - 🔍 RAM-Safe Streaming Scan (Val): 274 arquivos...
2026-03-26 22:52:23,776 - INFO - ✂️ Double-Chunking (Val): Expondo fatias de 100,000 amostras aleatórias.
2026-03-26 22:52:23,777 - INFO - 🚀 Pre-loading 100,000 samples into RAM (Lightning Mode)...
2026-03-26 22:53:15,128 - INFO - ✅ RAM-Safe Streaming Dataset: 100,000 sequences indexed and PRE-LOADED.
2026-03-26 22:53:15,129 - INFO - ✅ RAM-Safe Streaming Dataset: 100,000 sequences indexed (Mode: Lightning).
2026-03-26 22:53:15,484 - INFO - Trial 379 START | tcn=512, lstm=64, layers=3, batch=512, seq=144 | RFE=30 | loss=ASYM (g_s=2.03, g_n=0.75, g_b=3.64) | alpha=[1.61, 0.96, 1.33], smooth=0.28
2026-03-26 22:54:48,831 - INFO - T379 E1/10 | [WARN] ZERO_PENALTY | L: 0.64662241/0.63437226 | F1 M MIN: 0.00000000 D: 0.00000000 | [S/N/B]: [0.5891/0.8456/0.0000] | LR: 0.00107056
2026-03-26 22:56:23,239 - INFO - T379 E2/10 | [WARN] ZERO_PENALTY | L: 0.61095136/0.62987332 | F1 M MIN: 0.00000000 D: 0.00000000 | [S/N/B]: [0.5896/0.8456/0.0000] | LR: 0.00099262
2026-03-26 22:57:57,618 - INFO - T379 E3/10 | [WARN] ZERO_PENALTY | L: 0.60352359/0.62074328 | F1 M MIN: 0.00000000 D: 0.00000000 | [S/N/B]: [0.5903/0.8480/0.0000] | LR: 0.00087123
2026-03-26 22:59:32,301 - INFO - T379 E4/10 | [WARN] ZERO_PENALTY | L: 0.59910519/0.61954249 | F1 M MIN: 0.00000000 D: 0.00000000 | [S/N/B]: [0.5923/0.8531/0.0000] | LR: 0.00071827
2026-03-26 22:59:32,363 - INFO - Trial 379 stopped early due to patience limit (4 epochs without improvement)
