2026-03-26 18:17:56,600 - INFO - Trial 363 pruned.
2026-03-26 18:17:57,376 - INFO - 🔍 RAM-Safe Streaming Scan (Treino): 878 arquivos...
2026-03-26 18:18:50,389 - INFO - ✂️ Double-Chunking (Treino): Expondo fatias de 500,000 amostras aleatórias.
2026-03-26 18:18:50,391 - INFO - 🚀 Pre-loading 500,000 samples into RAM (Lightning Mode)...
2026-03-26 18:22:26,921 - INFO - ✅ RAM-Safe Streaming Dataset: 500,000 sequences indexed and PRE-LOADED.
2026-03-26 18:22:26,923 - INFO - ✅ RAM-Safe Streaming Dataset: 500,000 sequences indexed (Mode: Lightning).
2026-03-26 18:22:26,968 - INFO - 🔍 RAM-Safe Streaming Scan (Val): 274 arquivos...
2026-03-26 18:22:40,272 - INFO - ✂️ Double-Chunking (Val): Expondo fatias de 100,000 amostras aleatórias.
2026-03-26 18:22:40,272 - INFO - 🚀 Pre-loading 100,000 samples into RAM (Lightning Mode)...
2026-03-26 18:23:42,603 - INFO - ✅ RAM-Safe Streaming Dataset: 100,000 sequences indexed and PRE-LOADED.
2026-03-26 18:23:42,611 - INFO - ✅ RAM-Safe Streaming Dataset: 100,000 sequences indexed (Mode: Lightning).
2026-03-26 18:23:43,019 - INFO - Trial 364 START | tcn=512, lstm=256, layers=2, batch=512, seq=256 | RFE=30 | loss=ASYM (g_s=1.26, g_n=0.58, g_b=3.52) | alpha=[1.57, 0.98, 1.64], smooth=0.27
2026-03-26 18:26:51,008 - INFO - T364 E1/10 | [OK] | L: 0.81600446/0.79776322 | F1 M MIN: 0.27944977 D: 0.40364007 | [S/N/B]: [0.2794/0.8396/0.5278] | LR: 0.00087940
2026-03-26 18:30:01,009 - INFO - T364 E2/10 | [OK] | L: 0.78333188/0.79079342 | F1 M MIN: 0.28165126 D: 0.43130984 | [S/N/B]: [0.5810/0.8360/0.2817] | LR: 0.00081538
2026-03-26 18:33:11,325 - INFO - T364 E3/10 | [OK] | L: 0.77503287/0.78126546 | F1 M MIN: 0.43808166 D: 0.48358427 | [S/N/B]: [0.5291/0.8416/0.4381] | LR: 0.00071566
2026-03-26 18:36:21,724 - INFO - T364 E4/10 | [OK] | L: 0.76564821/0.78279717 | F1 M MIN: 0.40455052 D: 0.48187270 | [S/N/B]: [0.5592/0.8212/0.4046] | LR: 0.00059001
2026-03-26 18:39:32,102 - INFO - T364 E5/10 | [OK] | L: 0.75877382/0.77151357 | F1 M MIN: 0.47910289 D: 0.50219715 | [S/N/B]: [0.5253/0.8500/0.4791] | LR: 0.00045073
2026-03-26 18:42:42,597 - INFO - T364 E6/10 | [OK] | L: 0.75336781/0.76876439 | F1 M MIN: 0.48229791 D: 0.50507589 | [S/N/B]: [0.5279/0.8491/0.4823] | LR: 0.00031145
2026-03-26 18:45:53,119 - INFO - T364 E7/10 | [OK] | L: 0.74812702/0.76790130 | F1 M MIN: 0.49772303 D: 0.50375277 | [S/N/B]: [0.4977/0.8518/0.5098] | LR: 0.00018580
2026-03-26 18:49:03,661 - INFO - T364 E8/10 | [OK] | L: 0.74333323/0.77211157 | F1 M MIN: 0.42629367 D: 0.49598457 | [S/N/B]: [0.5657/0.8459/0.4263] | LR: 0.00008608
2026-03-26 18:52:14,191 - INFO - T364 E9/10 | [OK] | L: 0.73903756/0.76914492 | F1 M MIN: 0.45715390 D: 0.50579524 | [S/N/B]: [0.5544/0.8474/0.4572] | LR: 0.00002206
2026-03-26 18:55:24,783 - INFO - T364 E10/10 | [OK] | L: 0.73615956/0.76861445 | F1 M MIN: 0.47090798 D: 0.50734849 | [S/N/B]: [0.5438/0.8478/0.4709] | LR: 0.00000000
2026-03-26 18:55:25,157 - INFO - Trial 364 finished with value: 0.4977230309817096 and parameters: {'tcn_channels': 512, 'lstm_hidden': 256, 'num_lstm_layers': 2, 'batch_size': 512, 'dropout': 0.2356138763696367, 'seq_len': 256, 'lr': 0.0009014595761338147, 'weight_decay': 0.0025282651365224713, 'base_alpha_sell': 1.5667413519239006, 'base_alpha_neutral': 0.9770907707512717, 'base_alpha_buy': 1.643454063137267, 'base_loss_gamma': 3.384318241949102, 'base_loss_smoothing': 0.2713750044949259, 'asym_gamma_sell': 1.2605637628671256, 'asym_gamma_neu': 0.5787249672550105, 'asym_gamma_buy': 3.5226769391533725}. Best is trial 299 with value: 0.5035109606130814.
2026-03-26 18:55:25,695 - INFO - 🔍 RAM-Safe Streaming Scan (Treino): 878 arquivos...
2026-03-26 18:56:14,925 - INFO - ✂️ Double-Chunking (Treino): Expondo fatias de 500,000 amostras aleatórias.
2026-03-26 18:56:14,927 - INFO - 🚀 Pre-loading 500,000 samples into RAM (Lightning Mode)...
2026-03-26 18:59:37,115 - INFO - ✅ RAM-Safe Streaming Dataset: 500,000 sequences indexed and PRE-LOADED.
2026-03-26 18:59:37,116 - INFO - ✅ RAM-Safe Streaming Dataset: 500,000 sequences indexed (Mode: Lightning).
2026-03-26 18:59:37,161 - INFO - 🔍 RAM-Safe Streaming Scan (Val): 274 arquivos...
2026-03-26 18:59:49,463 - INFO - ✂️ Double-Chunking (Val): Expondo fatias de 100,000 amostras aleatórias.
2026-03-26 18:59:49,463 - INFO - 🚀 Pre-loading 100,000 samples into RAM (Lightning Mode)...
2026-03-26 19:00:49,501 - INFO - ✅ RAM-Safe Streaming Dataset: 100,000 sequences indexed and PRE-LOADED.
2026-03-26 19:00:49,510 - INFO - ✅ RAM-Safe Streaming Dataset: 100,000 sequences indexed (Mode: Lightning).
2026-03-26 19:00:49,890 - INFO - Trial 365 START | tcn=256, lstm=256, layers=2, batch=512, seq=256 | RFE=30 | loss=ASYM (g_s=2.13, g_n=0.88, g_b=2.99) | alpha=[1.30, 0.97, 1.43], smooth=0.25
2026-03-26 19:02:32,311 - INFO - T365 E1/10 | [OK] | L: 0.57733767/0.56782900 | F1 M MIN: 0.10462287 D: 0.33600387 | [S/N/B]: [0.1046/0.8542/0.5674] | LR: 0.00062271
2026-03-26 19:04:16,138 - INFO - T365 E2/10 | [OK] | L: 0.54649860/0.55916404 | F1 M MIN: 0.31876568 D: 0.41871021 | [S/N/B]: [0.3188/0.8571/0.5187] | LR: 0.00057738
2026-03-26 19:06:00,107 - INFO - T365 E3/10 | [OK] | L: 0.53990504/0.55300631 | F1 M MIN: 0.11813222 D: 0.34557018 | [S/N/B]: [0.1181/0.8657/0.5730] | LR: 0.00050677
2026-03-26 19:07:44,162 - INFO - T365 E4/10 | [OK] | L: 0.53642322/0.54535766 | F1 M MIN: 0.22615832 D: 0.41203649 | [S/N/B]: [0.5979/0.8810/0.2262] | LR: 0.00041780
2026-03-26 19:09:28,353 - INFO - T365 E5/10 | [OK] | L: 0.53308851/0.54375813 | F1 M MIN: 0.34935868 D: 0.45515923 | [S/N/B]: [0.5610/0.8784/0.3494] | LR: 0.00031917
2026-03-26 19:11:12,742 - INFO - T365 E6/10 | [OK] | L: 0.52922971/0.54670869 | F1 M MIN: 0.43051495 D: 0.47406112 | [S/N/B]: [0.5176/0.8691/0.4305] | LR: 0.00022054
2026-03-26 19:12:57,205 - INFO - T365 E7/10 | [OK] | L: 0.52463495/0.53851267 | F1 M MIN: 0.39935376 D: 0.48021319 | [S/N/B]: [0.5611/0.8762/0.3994] | LR: 0.00013157
2026-03-26 19:14:41,723 - INFO - T365 E8/10 | [OK] | L: 0.52011066/0.53708952 | F1 M MIN: 0.50192676 D: 0.50225033 | [S/N/B]: [0.5019/0.8730/0.5026] | LR: 0.00006096
2026-03-26 19:16:26,131 - INFO - T365 E9/10 | [OK] | L: 0.51670569/0.53854895 | F1 M MIN: 0.49168603 D: 0.50305188 | [S/N/B]: [0.5144/0.8697/0.4917] | LR: 0.00001562
2026-03-26 19:18:10,440 - INFO - T365 E10/10 | [OK] | L: 0.51478630/0.53801984 | F1 M MIN: 0.48395226 D: 0.50374001 | [S/N/B]: [0.5235/0.8704/0.4840] | LR: 0.00000000
2026-03-26 19:18:10,810 - INFO - Trial 365 finished with value: 0.501926764339036 and parameters: {'tcn_channels': 256, 'lstm_hidden': 256, 'num_lstm_layers': 2, 'batch_size': 512, 'dropout': 0.22781463186584042, 'seq_len': 256, 'lr': 0.0006383349355662004, 'weight_decay': 0.008354616845477275, 'base_alpha_sell': 1.3038641495773002, 'base_alpha_neutral': 0.9669365002521233, 'base_alpha_buy': 1.4316260346431962, 'base_loss_gamma': 3.2502017321446344, 'base_loss_smoothing': 0.24841802838471216, 'asym_gamma_sell': 2.1260424019431152, 'asym_gamma_neu': 0.88055715638243, 'asym_gamma_buy': 2.987569592736089}. Best is trial 299 with value: 0.5035109606130814.
2026-03-26 19:18:11,334 - INFO - 🔍 RAM-Safe Streaming Scan (Treino): 878 arquivos...
2026-03-26 19:19:00,553 - INFO - ✂️ Double-Chunking (Treino): Expondo fatias de 500,000 amostras aleatórias.
2026-03-26 19:19:00,554 - INFO - 🚀 Pre-loading 500,000 samples into RAM (Lightning Mode)...
2026-03-26 19:22:29,455 - INFO - ✅ RAM-Safe Streaming Dataset: 500,000 sequences indexed and PRE-LOADED.
2026-03-26 19:22:29,457 - INFO - ✅ RAM-Safe Streaming Dataset: 500,000 sequences indexed (Mode: Lightning).
2026-03-26 19:22:29,503 - INFO - 🔍 RAM-Safe Streaming Scan (Val): 274 arquivos...
2026-03-26 19:22:42,017 - INFO - ✂️ Double-Chunking (Val): Expondo fatias de 100,000 amostras aleatórias.
2026-03-26 19:22:42,017 - INFO - 🚀 Pre-loading 100,000 samples into RAM (Lightning Mode)...
2026-03-26 19:23:43,747 - INFO - ✅ RAM-Safe Streaming Dataset: 100,000 sequences indexed and PRE-LOADED.
2026-03-26 19:23:43,748 - INFO - ✅ RAM-Safe Streaming Dataset: 100,000 sequences indexed (Mode: Lightning).
2026-03-26 19:23:44,138 - INFO - Trial 366 START | tcn=256, lstm=256, layers=4, batch=512, seq=256 | RFE=30 | loss=ASYM (g_s=1.73, g_n=0.45, g_b=1.89) | alpha=[1.21, 1.01, 1.65], smooth=0.25
2026-03-26 19:25:55,585 - INFO - T366 E1/10 | [WARN] ZERO_PENALTY | L: 0.77324749/0.75274288 | F1 M MIN: 0.00000000 D: 0.00000000 | [S/N/B]: [0.0000/0.8276/0.5657] | LR: 0.00048838
2026-03-26 19:28:08,649 - INFO - T366 E2/10 | [WARN] ZERO_PENALTY | L: 0.73448503/0.74141741 | F1 M MIN: 0.00000000 D: 0.00000000 | [S/N/B]: [0.0000/0.8457/0.5752] | LR: 0.00045282
2026-03-26 19:30:21,686 - INFO - T366 E3/10 | [WARN] ZERO_PENALTY | L: 0.72647518/0.73739213 | F1 M MIN: 0.00000000 D: 0.00000000 | [S/N/B]: [0.0000/0.8497/0.5770] | LR: 0.00039744
2026-03-26 19:32:34,942 - INFO - T366 E4/10 | [WARN] ZERO_PENALTY | L: 0.72162635/0.72611619 | F1 M MIN: 0.00000000 D: 0.00000000 | [S/N/B]: [0.0000/0.8724/0.5895] | LR: 0.00032766
2026-03-26 19:32:35,012 - INFO - Trial 366 stopped early due to patience limit (4 epochs without improvement)
2026-03-26 19:32:35,271 - INFO - Trial 366 finished with value: 0.0 and parameters: {'tcn_channels': 256, 'lstm_hidden': 256, 'num_lstm_layers': 4, 'batch_size': 512, 'dropout': 0.23694708257555488, 'seq_len': 256, 'lr': 0.0005006266779922576, 'weight_decay': 0.0066770314140478845, 'base_alpha_sell': 1.2095865641743921, 'base_alpha_neutral': 1.0140129136587883, 'base_alpha_buy': 1.6524121370309226, 'base_loss_gamma': 4.532572149593424, 'base_loss_smoothing': 0.24933084982421475, 'asym_gamma_sell': 1.7286874405270034, 'asym_gamma_neu': 0.4530662313167829, 'asym_gamma_buy': 1.894229653137317}. Best is trial 299 with value: 0.5035109606130814.
2026-03-26 19:32:35,853 - INFO - 🔍 RAM-Safe Streaming Scan (Treino): 878 arquivos...
2026-03-26 19:33:25,308 - INFO - ✂️ Double-Chunking (Treino): Expondo fatias de 500,000 amostras aleatórias.
2026-03-26 19:33:25,310 - INFO - 🚀 Pre-loading 500,000 samples into RAM (Lightning Mode)...
2026-03-26 19:36:51,482 - INFO - ✅ RAM-Safe Streaming Dataset: 500,000 sequences indexed and PRE-LOADED.
2026-03-26 19:36:51,483 - INFO - ✅ RAM-Safe Streaming Dataset: 500,000 sequences indexed (Mode: Lightning).
2026-03-26 19:36:51,529 - INFO - 🔍 RAM-Safe Streaming Scan (Val): 274 arquivos...
2026-03-26 19:37:04,125 - INFO - ✂️ Double-Chunking (Val): Expondo fatias de 100,000 amostras aleatórias.
2026-03-26 19:37:04,125 - INFO - 🚀 Pre-loading 100,000 samples into RAM (Lightning Mode)...
2026-03-26 19:38:04,701 - INFO - ✅ RAM-Safe Streaming Dataset: 100,000 sequences indexed and PRE-LOADED.
2026-03-26 19:38:04,710 - INFO - ✅ RAM-Safe Streaming Dataset: 100,000 sequences indexed (Mode: Lightning).
2026-03-26 19:38:05,085 - INFO - Trial 367 START | tcn=512, lstm=256, layers=2, batch=512, seq=256 | RFE=30 | loss=ASYM (g_s=2.04, g_n=0.81, g_b=3.96) | alpha=[1.64, 1.01, 1.68], smooth=0.30
2026-03-26 19:41:13,247 - INFO - T367 E1/10 | [OK] | L: 0.76480119/0.76022969 | F1 M MIN: 0.06443371 D: 0.32940988 | [S/N/B]: [0.5944/0.8408/0.0644] | LR: 0.00074429
2026-03-26 19:44:23,473 - INFO - T367 E2/10 | [OK] | L: 0.73320499/0.75321607 | F1 M MIN: 0.37271941 D: 0.44762736 | [S/N/B]: [0.5225/0.8307/0.3727] | LR: 0.00069010
2026-03-26 19:47:33,932 - INFO - T367 E3/10 | [OK] | L: 0.72591815/0.74618741 | F1 M MIN: 0.38580821 D: 0.46751535 | [S/N/B]: [0.5492/0.8340/0.3858] | LR: 0.00060571
2026-03-26 19:50:44,593 - INFO - T367 E4/10 | [OK] | L: 0.71637997/0.74287195 | F1 M MIN: 0.26973701 D: 0.42590187 | [S/N/B]: [0.5821/0.8313/0.2697] | LR: 0.00049936
2026-03-26 19:53:55,084 - INFO - T367 E5/10 | [OK] | L: 0.70952666/0.73982833 | F1 M MIN: 0.45322238 D: 0.49545351 | [S/N/B]: [0.5377/0.8285/0.4532] | LR: 0.00038148
2026-03-26 19:57:05,868 - INFO - T367 E6/10 | [OK] | L: 0.70422592/0.73333466 | F1 M MIN: 0.37793177 D: 0.47876985 | [S/N/B]: [0.5796/0.8452/0.3779] | LR: 0.00026359
2026-03-26 20:00:16,782 - INFO - T367 E7/10 | [OK] | L: 0.69940553/0.73391161 | F1 M MIN: 0.37225243 D: 0.47566071 | [S/N/B]: [0.5791/0.8433/0.3723] | LR: 0.00015725
2026-03-26 20:03:27,639 - INFO - T367 E8/10 | [OK] | L: 0.69456385/0.73345588 | F1 M MIN: 0.41311106 D: 0.49260971 | [S/N/B]: [0.5721/0.8384/0.4131] | LR: 0.00007286
2026-03-26 20:06:38,489 - INFO - T367 E9/10 | [OK] | L: 0.69015847/0.73239144 | F1 M MIN: 0.45118798 D: 0.50333623 | [S/N/B]: [0.5555/0.8396/0.4512] | LR: 0.00001867
2026-03-26 20:06:38,578 - INFO - Trial 367 stopped early due to patience limit (4 epochs without improvement)
2026-03-26 20:06:38,830 - INFO - Trial 367 finished with value: 0.45322237700711193 and parameters: {'tcn_channels': 512, 'lstm_hidden': 256, 'num_lstm_layers': 2, 'batch_size': 512, 'dropout': 0.21870808375407588, 'seq_len': 256, 'lr': 0.0007629564107719988, 'weight_decay': 0.0029557766096738056, 'base_alpha_sell': 1.6404323771161151, 'base_alpha_neutral': 1.0082873144866622, 'base_alpha_buy': 1.6841767579557594, 'base_loss_gamma': 3.519218267258997, 'base_loss_smoothing': 0.29735799629529264, 'asym_gamma_sell': 2.0413282919096782, 'asym_gamma_neu': 0.8123309662114995, 'asym_gamma_buy': 3.9606664281765247}. Best is trial 299 with value: 0.5035109606130814.
2026-03-26 20:06:39,332 - INFO - 🔍 RAM-Safe Streaming Scan (Treino): 878 arquivos...
2026-03-26 20:07:28,952 - INFO - ✂️ Double-Chunking (Treino): Expondo fatias de 500,000 amostras aleatórias.
2026-03-26 20:07:28,953 - INFO - 🚀 Pre-loading 500,000 samples into RAM (Lightning Mode)...
2026-03-26 20:10:46,134 - INFO - ✅ RAM-Safe Streaming Dataset: 500,000 sequences indexed and PRE-LOADED.
2026-03-26 20:10:46,135 - INFO - ✅ RAM-Safe Streaming Dataset: 500,000 sequences indexed (Mode: Lightning).
2026-03-26 20:10:46,181 - INFO - 🔍 RAM-Safe Streaming Scan (Val): 274 arquivos...
2026-03-26 20:10:59,049 - INFO - ✂️ Double-Chunking (Val): Expondo fatias de 100,000 amostras aleatórias.
2026-03-26 20:10:59,049 - INFO - 🚀 Pre-loading 100,000 samples into RAM (Lightning Mode)...
2026-03-26 20:12:02,092 - INFO - ✅ RAM-Safe Streaming Dataset: 100,000 sequences indexed and PRE-LOADED.
2026-03-26 20:12:02,093 - INFO - ✅ RAM-Safe Streaming Dataset: 100,000 sequences indexed (Mode: Lightning).
2026-03-26 20:12:02,467 - INFO - Trial 368 START | tcn=512, lstm=32, layers=3, batch=512, seq=96 | RFE=30 | loss=ASYM (g_s=1.46, g_n=0.10, g_b=3.63) | alpha=[1.39, 0.66, 1.76], smooth=0.29
2026-03-26 20:12:59,794 - INFO - T368 E1/10 | [WARN] ZERO_PENALTY | L: 0.75763626/0.76400021 | F1 M MIN: 0.00000000 D: 0.00000000 | [S/N/B]: [0.0000/0.5810/0.4950] | LR: 0.00020267
2026-03-26 20:13:57,831 - INFO - T368 E2/10 | [WARN] ZERO_PENALTY | L: 0.70950278/0.74533143 | F1 M MIN: 0.00000000 D: 0.00000000 | [S/N/B]: [0.0000/0.6575/0.5133] | LR: 0.00018792
2026-03-26 20:14:55,931 - INFO - T368 E3/10 | [WARN] ZERO_PENALTY | L: 0.69828530/0.73361613 | F1 M MIN: 0.00000000 D: 0.00000000 | [S/N/B]: [0.0000/0.7117/0.5277] | LR: 0.00016493
2026-03-26 20:15:54,230 - INFO - T368 E4/10 | [WARN] ZERO_PENALTY | L: 0.69272921/0.72992697 | F1 M MIN: 0.00000000 D: 0.00000000 | [S/N/B]: [0.0000/0.7262/0.5325] | LR: 0.00013598
2026-03-26 20:15:54,297 - INFO - Trial 368 stopped early due to patience limit (4 epochs without improvement)
2026-03-26 20:15:54,479 - INFO - Trial 368 finished with value: 0.0 and parameters: {'tcn_channels': 512, 'lstm_hidden': 32, 'num_lstm_layers': 3, 'batch_size': 512, 'dropout': 0.3594130605939689, 'seq_len': 96, 'lr': 0.00020775475875374312, 'weight_decay': 0.004911764022804668, 'base_alpha_sell': 1.3886864320196872, 'base_alpha_neutral': 0.6574652625123236, 'base_alpha_buy': 1.7585931514044508, 'base_loss_gamma': 1.4840552808426437, 'base_loss_smoothing': 0.2949179994678325, 'asym_gamma_sell': 1.4565394238916745, 'asym_gamma_neu': 0.1017013609119407, 'asym_gamma_buy': 3.6285232449407934}. Best is trial 299 with value: 0.5035109606130814.
2026-03-26 20:15:55,061 - INFO - 🔍 RAM-Safe Streaming Scan (Treino): 878 arquivos...
2026-03-26 20:16:45,173 - INFO - ✂️ Double-Chunking (Treino): Expondo fatias de 500,000 amostras aleatórias.
2026-03-26 20:16:45,175 - INFO - 🚀 Pre-loading 500,000 samples into RAM (Lightning Mode)...
2026-03-26 20:20:02,255 - INFO - ✅ RAM-Safe Streaming Dataset: 500,000 sequences indexed and PRE-LOADED.
2026-03-26 20:20:02,257 - INFO - ✅ RAM-Safe Streaming Dataset: 500,000 sequences indexed (Mode: Lightning).
2026-03-26 20:20:02,304 - INFO - 🔍 RAM-Safe Streaming Scan (Val): 274 arquivos...
2026-03-26 20:20:15,057 - INFO - ✂️ Double-Chunking (Val): Expondo fatias de 100,000 amostras aleatórias.
2026-03-26 20:20:15,057 - INFO - 🚀 Pre-loading 100,000 samples into RAM (Lightning Mode)...
2026-03-26 20:21:16,896 - INFO - ✅ RAM-Safe Streaming Dataset: 100,000 sequences indexed and PRE-LOADED.
2026-03-26 20:21:16,897 - INFO - ✅ RAM-Safe Streaming Dataset: 100,000 sequences indexed (Mode: Lightning).
2026-03-26 20:21:17,257 - INFO - Trial 369 START | tcn=256, lstm=256, layers=2, batch=512, seq=256 | RFE=30 | loss=ASYM (g_s=2.24, g_n=1.08, g_b=3.33) | alpha=[1.61, 1.00, 1.23], smooth=0.21
2026-03-26 20:23:00,030 - INFO - T369 E1/10 | [WARN] ZERO_PENALTY | L: 0.58380186/0.56124904 | F1 M MIN: 0.00000000 D: 0.00000000 | [S/N/B]: [0.5677/0.8047/0.0000] | LR: 0.00013492
2026-03-26 20:24:44,230 - INFO - T369 E2/10 | [WARN] ZERO_PENALTY | L: 0.53735180/0.53311266 | F1 M MIN: 0.00000000 D: 0.00000000 | [S/N/B]: [0.5850/0.8413/0.0000] | LR: 0.00012510
2026-03-26 20:26:28,514 - INFO - T369 E3/10 | [OK] | L: 0.52265452/0.53300893 | F1 M MIN: 0.00014846 D: 0.29091597 | [S/N/B]: [0.5817/0.8358/0.0001] | LR: 0.00010980
2026-03-26 20:28:13,145 - INFO - T369 E4/10 | [OK] | L: 0.51498888/0.52937131 | F1 M MIN: 0.01107607 D: 0.29607935 | [S/N/B]: [0.5811/0.8321/0.0111] | LR: 0.00009052
2026-03-26 20:29:57,701 - INFO - T369 E5/10 | [OK] | L: 0.50788625/0.51555041 | F1 M MIN: 0.03644320 D: 0.31466275 | [S/N/B]: [0.5929/0.8507/0.0364] | LR: 0.00006915
2026-03-26 20:29:57,846 - INFO - Trial 369 pruned by Optuna at epoch 5
2026-03-26 20:29:57,953 - INFO - Trial 369 pruned.
2026-03-26 20:29:58,870 - INFO - 🔍 RAM-Safe Streaming Scan (Treino): 878 arquivos...
2026-03-26 20:30:49,377 - INFO - ✂️ Double-Chunking (Treino): Expondo fatias de 500,000 amostras aleatórias.
2026-03-26 20:30:49,379 - INFO - 🚀 Pre-loading 500,000 samples into RAM (Lightning Mode)...
2026-03-26 20:34:10,570 - INFO - ✅ RAM-Safe Streaming Dataset: 500,000 sequences indexed and PRE-LOADED.
2026-03-26 20:34:10,572 - INFO - ✅ RAM-Safe Streaming Dataset: 500,000 sequences indexed (Mode: Lightning).
2026-03-26 20:34:10,618 - INFO - 🔍 RAM-Safe Streaming Scan (Val): 274 arquivos...
2026-03-26 20:34:23,618 - INFO - ✂️ Double-Chunking (Val): Expondo fatias de 100,000 amostras aleatórias.
2026-03-26 20:34:23,618 - INFO - 🚀 Pre-loading 100,000 samples into RAM (Lightning Mode)...
2026-03-26 20:35:22,904 - INFO - ✅ RAM-Safe Streaming Dataset: 100,000 sequences indexed and PRE-LOADED.
2026-03-26 20:35:22,912 - INFO - ✅ RAM-Safe Streaming Dataset: 100,000 sequences indexed (Mode: Lightning).
2026-03-26 20:35:23,352 - INFO - Trial 370 START | tcn=512, lstm=256, layers=2, batch=2048, seq=256 | RFE=30 | loss=ASYM (g_s=2.14, g_n=0.19, g_b=4.78) | alpha=[1.56, 0.59, 1.33], smooth=0.31
2026-03-26 20:38:30,766 - INFO - T370 E1/10 | [WARN] ZERO_PENALTY | L: 0.51622815/0.55116472 | F1 M MIN: 0.00000000 D: 0.00000000 | [S/N/B]: [0.5399/0.7227/0.0000] | LR: 0.00083690
2026-03-26 20:41:39,862 - INFO - T370 E2/10 | [OK] | L: 0.48819450/0.54490228 | F1 M MIN: 0.00007387 D: 0.27397217 | [S/N/B]: [0.5479/0.7466/0.0001] | LR: 0.00077598
2026-03-26 20:44:49,496 - INFO - T370 E3/10 | [OK] | L: 0.48190488/0.53887195 | F1 M MIN: 0.00352022 D: 0.27895255 | [S/N/B]: [0.5544/0.7620/0.0035] | LR: 0.00068108
2026-03-26 20:47:59,472 - INFO - T370 E4/10 | [OK] | L: 0.47660942/0.53392827 | F1 M MIN: 0.09642170 D: 0.33069919 | [S/N/B]: [0.5650/0.7718/0.0964] | LR: 0.00056150
2026-03-26 20:51:09,975 - INFO - T370 E5/10 | [OK] | L: 0.47224740/0.53274332 | F1 M MIN: 0.09950480 D: 0.33195473 | [S/N/B]: [0.5644/0.7657/0.0995] | LR: 0.00042895
2026-03-26 20:51:10,130 - INFO - Trial 370 pruned by Optuna at epoch 5
