2026-03-24 17:24:15,237 - INFO - Trial 186 finished with value: 0.4158825253150132 and parameters: {'tcn_channels': 512, 'lstm_hidden': 256, 'num_lstm_layers': 2, 'batch_size': 512, 'dropout': 0.21657989357766133, 'seq_len': 256, 'lr': 0.001544206853350372, 'weight_decay': 0.0020834608741376196, 'base_alpha_sell': 1.5020712702074184, 'base_alpha_neutral': 0.3677526528681383, 'base_alpha_buy': 1.692062711796749, 'base_loss_gamma': 1.977466056860751, 'base_loss_smoothing': 0.20627409991857099, 'asym_gamma_sell': 2.1025680478647977, 'asym_gamma_neu': 1.132660267330872, 'asym_gamma_buy': 1.005448788227381}. Best is trial 104 with value: 0.4828262682077523.
2026-03-24 17:24:15,855 - INFO - 🔍 RAM-Safe Streaming Scan (Treino): 878 arquivos...
2026-03-24 17:25:06,509 - INFO - ✂️ Double-Chunking (Treino): Expondo fatias de 500,000 amostras aleatórias.
2026-03-24 17:25:06,512 - INFO - 🚀 Pre-loading 500,000 samples into RAM (Lightning Mode)...
2026-03-24 17:28:25,321 - INFO - ✅ RAM-Safe Streaming Dataset: 500,000 sequences indexed and PRE-LOADED.
2026-03-24 17:28:25,322 - INFO - ✅ RAM-Safe Streaming Dataset: 500,000 sequences indexed (Mode: Lightning).
2026-03-24 17:28:25,369 - INFO - 🔍 RAM-Safe Streaming Scan (Val): 274 arquivos...
2026-03-24 17:28:37,807 - INFO - ✂️ Double-Chunking (Val): Expondo fatias de 100,000 amostras aleatórias.
2026-03-24 17:28:37,807 - INFO - 🚀 Pre-loading 100,000 samples into RAM (Lightning Mode)...
2026-03-24 17:29:37,666 - INFO - ✅ RAM-Safe Streaming Dataset: 100,000 sequences indexed and PRE-LOADED.
2026-03-24 17:29:37,668 - INFO - ✅ RAM-Safe Streaming Dataset: 100,000 sequences indexed (Mode: Lightning).
2026-03-24 17:29:38,078 - INFO - Trial 187 START | tcn=512, lstm=256, layers=2, batch=512, seq=256 | RFE=30 | loss=ASYM (g_s=2.82, g_n=1.11, g_b=0.75) | alpha=[1.32, 0.38, 1.41], smooth=0.21
2026-03-24 17:32:46,852 - INFO - T187 E1/10 | [OK] | L: 0.46621415/0.41342362 | F1 M MIN: 0.00029007 D: 0.25400380 | [S/N/B]: [0.0003/0.6337/0.5077] | LR: 0.00060836
2026-03-24 17:35:57,973 - INFO - T187 E2/10 | [OK] | L: 0.44696501/0.41001266 | F1 M MIN: 0.32950218 D: 0.42331168 | [S/N/B]: [0.3295/0.6109/0.5171] | LR: 0.00056407
2026-03-24 17:39:09,002 - INFO - T187 E3/10 | [OK] | L: 0.43755735/0.40567388 | F1 M MIN: 0.32810359 D: 0.42045254 | [S/N/B]: [0.3281/0.5769/0.5128] | LR: 0.00049509
2026-03-24 17:42:20,217 - INFO - T187 E4/10 | [OK] | L: 0.43282719/0.40117560 | F1 M MIN: 0.25108327 D: 0.38887570 | [S/N/B]: [0.2511/0.6052/0.5267] | LR: 0.00040817
2026-03-24 17:45:31,530 - INFO - T187 E5/10 | [OK] | L: 0.42891133/0.39851524 | F1 M MIN: 0.33477739 D: 0.42867732 | [S/N/B]: [0.3348/0.6273/0.5226] | LR: 0.00031181
2026-03-24 17:48:42,715 - INFO - T187 E6/10 | [OK] | L: 0.42566704/0.39944048 | F1 M MIN: 0.29373347 D: 0.41311010 | [S/N/B]: [0.2937/0.6502/0.5325] | LR: 0.00021546
2026-03-24 17:48:42,840 - INFO - Trial 187 pruned by Optuna at epoch 6
2026-03-24 17:48:42,952 - INFO - Trial 187 pruned.
2026-03-24 17:48:43,631 - INFO - 🔍 RAM-Safe Streaming Scan (Treino): 878 arquivos...
2026-03-24 17:49:34,632 - INFO - ✂️ Double-Chunking (Treino): Expondo fatias de 500,000 amostras aleatórias.
2026-03-24 17:49:34,633 - INFO - 🚀 Pre-loading 500,000 samples into RAM (Lightning Mode)...
2026-03-24 17:52:52,090 - INFO - ✅ RAM-Safe Streaming Dataset: 500,000 sequences indexed and PRE-LOADED.
2026-03-24 17:52:52,092 - INFO - ✅ RAM-Safe Streaming Dataset: 500,000 sequences indexed (Mode: Lightning).
2026-03-24 17:52:52,143 - INFO - 🔍 RAM-Safe Streaming Scan (Val): 274 arquivos...
2026-03-24 17:53:04,914 - INFO - ✂️ Double-Chunking (Val): Expondo fatias de 100,000 amostras aleatórias.
2026-03-24 17:53:04,914 - INFO - 🚀 Pre-loading 100,000 samples into RAM (Lightning Mode)...
2026-03-24 17:54:03,691 - INFO - ✅ RAM-Safe Streaming Dataset: 100,000 sequences indexed and PRE-LOADED.
2026-03-24 17:54:03,692 - INFO - ✅ RAM-Safe Streaming Dataset: 100,000 sequences indexed (Mode: Lightning).
2026-03-24 17:54:04,076 - INFO - Trial 188 START | tcn=512, lstm=256, layers=3, batch=512, seq=192 | RFE=30 | loss=ASYM (g_s=1.29, g_n=0.48, g_b=0.71) | alpha=[1.62, 0.64, 1.63], smooth=0.30
2026-03-24 17:56:43,907 - INFO - T188 E1/10 | [OK] | L: 0.92678676/0.86829999 | F1 M MIN: 0.00022204 D: 0.28029839 | [S/N/B]: [0.5604/0.7822/0.0002] | LR: 0.00163268
2026-03-24 17:59:25,363 - INFO - T188 E2/10 | [OK] | L: 0.90353939/0.86967817 | F1 M MIN: 0.10257726 D: 0.32933325 | [S/N/B]: [0.5561/0.7275/0.1026] | LR: 0.00151382
2026-03-24 18:02:06,951 - INFO - T188 E3/10 | [OK] | L: 0.89853485/0.86184978 | F1 M MIN: 0.16088850 D: 0.36121853 | [S/N/B]: [0.5615/0.7706/0.1609] | LR: 0.00132869
2026-03-24 18:04:48,617 - INFO - T188 E4/10 | [OK] | L: 0.89505767/0.85966640 | F1 M MIN: 0.43217256 D: 0.44874698 | [S/N/B]: [0.4322/0.7807/0.4653] | LR: 0.00109541
2026-03-24 18:07:30,693 - INFO - T188 E5/10 | [OK] | L: 0.88972185/0.85652247 | F1 M MIN: 0.43128071 D: 0.46808588 | [S/N/B]: [0.5049/0.7514/0.4313] | LR: 0.00083682
2026-03-24 18:10:12,554 - INFO - T188 E6/10 | [OK] | L: 0.88289903/0.85230517 | F1 M MIN: 0.44542400 D: 0.47604258 | [S/N/B]: [0.5067/0.7647/0.4454] | LR: 0.00057823
2026-03-24 18:12:54,438 - INFO - T188 E7/10 | [OK] | L: 0.87799531/0.85301764 | F1 M MIN: 0.44598343 D: 0.47498134 | [S/N/B]: [0.5040/0.7480/0.4460] | LR: 0.00034495
2026-03-24 18:15:36,136 - INFO - T188 E8/10 | [OK] | L: 0.87431281/0.84979626 | F1 M MIN: 0.46340424 D: 0.48089045 | [S/N/B]: [0.4984/0.7552/0.4634] | LR: 0.00015982
2026-03-24 18:18:18,236 - INFO - T188 E9/10 | [OK] | L: 0.87086630/0.85005289 | F1 M MIN: 0.41762960 D: 0.47337069 | [S/N/B]: [0.5291/0.7567/0.4176] | LR: 0.00004096
2026-03-24 18:21:00,163 - INFO - T188 E10/10 | [OK] | L: 0.86869278/0.84943615 | F1 M MIN: 0.44097426 D: 0.48168425 | [S/N/B]: [0.5224/0.7612/0.4410] | LR: 0.00000000
2026-03-24 18:21:00,499 - INFO - Trial 188 finished with value: 0.46340424137139863 and parameters: {'tcn_channels': 512, 'lstm_hidden': 256, 'num_lstm_layers': 3, 'batch_size': 512, 'dropout': 0.27199534471154896, 'seq_len': 192, 'lr': 0.0016736397326300452, 'weight_decay': 0.0012846502431216966, 'base_alpha_sell': 1.6194602465245052, 'base_alpha_neutral': 0.6366397516872285, 'base_alpha_buy': 1.6280633409535188, 'base_loss_gamma': 1.4798117402776394, 'base_loss_smoothing': 0.3026638067931008, 'asym_gamma_sell': 1.288219008668951, 'asym_gamma_neu': 0.48421935728988674, 'asym_gamma_buy': 0.7058742383955396}. Best is trial 104 with value: 0.4828262682077523.
2026-03-24 18:21:01,020 - INFO - 🔍 RAM-Safe Streaming Scan (Treino): 878 arquivos...
2026-03-24 18:21:51,467 - INFO - ✂️ Double-Chunking (Treino): Expondo fatias de 500,000 amostras aleatórias.
2026-03-24 18:21:51,467 - INFO - 🚀 Pre-loading 500,000 samples into RAM (Lightning Mode)...
2026-03-24 18:25:08,384 - INFO - ✅ RAM-Safe Streaming Dataset: 500,000 sequences indexed and PRE-LOADED.
2026-03-24 18:25:08,386 - INFO - ✅ RAM-Safe Streaming Dataset: 500,000 sequences indexed (Mode: Lightning).
2026-03-24 18:25:08,435 - INFO - 🔍 RAM-Safe Streaming Scan (Val): 274 arquivos...
2026-03-24 18:25:20,906 - INFO - ✂️ Double-Chunking (Val): Expondo fatias de 100,000 amostras aleatórias.
2026-03-24 18:25:20,907 - INFO - 🚀 Pre-loading 100,000 samples into RAM (Lightning Mode)...
2026-03-24 18:26:21,203 - INFO - ✅ RAM-Safe Streaming Dataset: 100,000 sequences indexed and PRE-LOADED.
2026-03-24 18:26:21,211 - INFO - ✅ RAM-Safe Streaming Dataset: 100,000 sequences indexed (Mode: Lightning).
2026-03-24 18:26:21,649 - INFO - Trial 189 START | tcn=512, lstm=256, layers=3, batch=512, seq=192 | RFE=30 | loss=ASYM (g_s=2.08, g_n=0.35, g_b=1.35) | alpha=[1.46, 0.78, 1.71], smooth=0.23
2026-03-24 18:29:02,088 - INFO - T189 E1/10 | [WARN] ZERO_PENALTY | L: 0.81570544/0.78716757 | F1 M MIN: 0.00000000 D: 0.00000000 | [S/N/B]: [0.0000/0.7993/0.5553] | LR: 0.00140046
2026-03-24 18:31:44,233 - INFO - T189 E2/10 | [WARN] ZERO_PENALTY | L: 0.78339531/0.78688723 | F1 M MIN: 0.00000000 D: 0.00000000 | [S/N/B]: [0.0000/0.7790/0.5488] | LR: 0.00129850
2026-03-24 18:34:26,507 - INFO - T189 E3/10 | [WARN] ZERO_PENALTY | L: 0.77553320/0.77039866 | F1 M MIN: 0.00000000 D: 0.00000000 | [S/N/B]: [0.0000/0.8218/0.5650] | LR: 0.00113970
2026-03-24 18:37:08,928 - INFO - T189 E4/10 | [WARN] ZERO_PENALTY | L: 0.77070193/0.76773884 | F1 M MIN: 0.00000000 D: 0.00000000 | [S/N/B]: [0.0000/0.8204/0.5651] | LR: 0.00093960
2026-03-24 18:37:08,997 - INFO - Trial 189 stopped early due to patience limit (4 epochs without improvement)
2026-03-24 18:37:09,229 - INFO - Trial 189 finished with value: 0.0 and parameters: {'tcn_channels': 512, 'lstm_hidden': 256, 'num_lstm_layers': 3, 'batch_size': 512, 'dropout': 0.2829854899044389, 'seq_len': 192, 'lr': 0.0014355864502566026, 'weight_decay': 0.0028170585155367412, 'base_alpha_sell': 1.46063151718629, 'base_alpha_neutral': 0.7819521045185447, 'base_alpha_buy': 1.7137745477551574, 'base_loss_gamma': 2.1775658480958655, 'base_loss_smoothing': 0.22662443569001128, 'asym_gamma_sell': 2.079601359268946, 'asym_gamma_neu': 0.34582515162441185, 'asym_gamma_buy': 1.348509621459547}. Best is trial 104 with value: 0.4828262682077523.
2026-03-24 18:37:09,865 - INFO - 🔍 RAM-Safe Streaming Scan (Treino): 878 arquivos...
2026-03-24 18:38:01,085 - INFO - ✂️ Double-Chunking (Treino): Expondo fatias de 500,000 amostras aleatórias.
2026-03-24 18:38:01,086 - INFO - 🚀 Pre-loading 500,000 samples into RAM (Lightning Mode)...
2026-03-24 18:41:20,293 - INFO - ✅ RAM-Safe Streaming Dataset: 500,000 sequences indexed and PRE-LOADED.
2026-03-24 18:41:20,295 - INFO - ✅ RAM-Safe Streaming Dataset: 500,000 sequences indexed (Mode: Lightning).
2026-03-24 18:41:20,346 - INFO - 🔍 RAM-Safe Streaming Scan (Val): 274 arquivos...
2026-03-24 18:41:33,120 - INFO - ✂️ Double-Chunking (Val): Expondo fatias de 100,000 amostras aleatórias.
2026-03-24 18:41:33,121 - INFO - 🚀 Pre-loading 100,000 samples into RAM (Lightning Mode)...
2026-03-24 18:42:32,342 - INFO - ✅ RAM-Safe Streaming Dataset: 100,000 sequences indexed and PRE-LOADED.
2026-03-24 18:42:32,343 - INFO - ✅ RAM-Safe Streaming Dataset: 100,000 sequences indexed (Mode: Lightning).
2026-03-24 18:42:32,737 - INFO - Trial 190 START | tcn=512, lstm=256, layers=2, batch=512, seq=192 | RFE=30 | loss=ASYM (g_s=0.68, g_n=0.83, g_b=0.74) | alpha=[1.95, 0.49, 1.42], smooth=0.27
2026-03-24 18:45:03,128 - INFO - T190 E1/10 | [OK] | L: 0.89310039/0.80934608 | F1 M MIN: 0.00161054 D: 0.24464980 | [S/N/B]: [0.4877/0.4984/0.0016] | LR: 0.00091289
2026-03-24 18:47:35,137 - INFO - T190 E2/10 | [OK] | L: 0.87011325/0.78940175 | F1 M MIN: 0.21226130 D: 0.36312705 | [S/N/B]: [0.5140/0.6542/0.2123] | LR: 0.00084643
2026-03-24 18:50:07,491 - INFO - T190 E3/10 | [OK] | L: 0.85948705/0.78632081 | F1 M MIN: 0.25368925 D: 0.38568452 | [S/N/B]: [0.5177/0.6176/0.2537] | LR: 0.00074292
2026-03-24 18:52:39,763 - INFO - T190 E4/10 | [OK] | L: 0.85264984/0.78527605 | F1 M MIN: 0.26730371 D: 0.39288914 | [S/N/B]: [0.5185/0.6350/0.2673] | LR: 0.00061248
2026-03-24 18:55:12,052 - INFO - T190 E5/10 | [OK] | L: 0.84811456/0.78307533 | F1 M MIN: 0.15606000 D: 0.33970136 | [S/N/B]: [0.5233/0.6365/0.1561] | LR: 0.00046790
2026-03-24 18:57:44,107 - INFO - T190 E6/10 | [OK] | L: 0.84364812/0.77817360 | F1 M MIN: 0.28090647 D: 0.40901271 | [S/N/B]: [0.5371/0.6969/0.2809] | LR: 0.00032331
2026-03-24 18:57:44,245 - INFO - Trial 190 pruned by Optuna at epoch 6
2026-03-24 18:57:44,351 - INFO - Trial 190 pruned.
2026-03-24 18:57:44,990 - INFO - 🔍 RAM-Safe Streaming Scan (Treino): 878 arquivos...
2026-03-24 18:58:35,069 - INFO - ✂️ Double-Chunking (Treino): Expondo fatias de 500,000 amostras aleatórias.
2026-03-24 18:58:35,070 - INFO - 🚀 Pre-loading 500,000 samples into RAM (Lightning Mode)...
2026-03-24 19:01:52,974 - INFO - ✅ RAM-Safe Streaming Dataset: 500,000 sequences indexed and PRE-LOADED.
2026-03-24 19:01:52,975 - INFO - ✅ RAM-Safe Streaming Dataset: 500,000 sequences indexed (Mode: Lightning).
2026-03-24 19:01:53,011 - INFO - 🔍 RAM-Safe Streaming Scan (Val): 274 arquivos...
2026-03-24 19:02:06,124 - INFO - ✂️ Double-Chunking (Val): Expondo fatias de 100,000 amostras aleatórias.
2026-03-24 19:02:06,125 - INFO - 🚀 Pre-loading 100,000 samples into RAM (Lightning Mode)...
2026-03-24 19:03:04,115 - INFO - ✅ RAM-Safe Streaming Dataset: 100,000 sequences indexed and PRE-LOADED.
2026-03-24 19:03:04,117 - INFO - ✅ RAM-Safe Streaming Dataset: 100,000 sequences indexed (Mode: Lightning).
2026-03-24 19:03:04,551 - INFO - Trial 191 START | tcn=512, lstm=256, layers=3, batch=512, seq=192 | RFE=30 | loss=ASYM (g_s=1.97, g_n=0.10, g_b=1.58) | alpha=[1.70, 0.49, 1.49], smooth=0.35
2026-03-24 19:05:44,348 - INFO - T191 E1/10 | [WARN] ZERO_PENALTY | L: 0.74535115/0.75315300 | F1 M MIN: 0.00000000 D: 0.00000000 | [S/N/B]: [0.5104/0.6070/0.0000] | LR: 0.00139977
2026-03-24 19:08:26,196 - INFO - T191 E2/10 | [WARN] ZERO_PENALTY | L: 0.72709733/0.75128665 | F1 M MIN: 0.00000000 D: 0.00000000 | [S/N/B]: [0.5113/0.6100/0.0000] | LR: 0.00129787
2026-03-24 19:11:07,842 - INFO - T191 E3/10 | [OK] | L: 0.72428445/0.74919028 | F1 M MIN: 0.03139157 D: 0.27227933 | [S/N/B]: [0.5132/0.6289/0.0314] | LR: 0.00113915
2026-03-24 19:13:49,771 - INFO - T191 E4/10 | [OK] | L: 0.72193678/0.74729583 | F1 M MIN: 0.10536411 D: 0.31140737 | [S/N/B]: [0.5175/0.6487/0.1054] | LR: 0.00093914
2026-03-24 19:16:31,959 - INFO - T191 E5/10 | [OK] | L: 0.71813725/0.74117266 | F1 M MIN: 0.20835546 D: 0.36817773 | [S/N/B]: [0.5280/0.6603/0.2084] | LR: 0.00071744
2026-03-24 19:19:14,161 - INFO - T191 E6/10 | [OK] | L: 0.71357931/0.74331909 | F1 M MIN: 0.38068884 D: 0.44487029 | [S/N/B]: [0.5091/0.6564/0.3807] | LR: 0.00049574
2026-03-24 19:21:56,447 - INFO - T191 E7/10 | [OK] | L: 0.71019378/0.73910898 | F1 M MIN: 0.37953681 D: 0.44249135 | [S/N/B]: [0.5054/0.6618/0.3795] | LR: 0.00029574
2026-03-24 19:24:38,612 - INFO - T191 E8/10 | [OK] | L: 0.70723165/0.73859080 | F1 M MIN: 0.33015348 D: 0.42672250 | [S/N/B]: [0.5233/0.6609/0.3302] | LR: 0.00013702
2026-03-24 19:24:38,702 - INFO - Trial 191 pruned by Optuna at epoch 8
2026-03-24 19:24:38,801 - INFO - Trial 191 pruned.
2026-03-24 19:24:39,461 - INFO - 🔍 RAM-Safe Streaming Scan (Treino): 878 arquivos...
2026-03-24 19:25:28,147 - INFO - ✂️ Double-Chunking (Treino): Expondo fatias de 500,000 amostras aleatórias.
2026-03-24 19:25:28,148 - INFO - 🚀 Pre-loading 500,000 samples into RAM (Lightning Mode)...
2026-03-24 19:28:45,483 - INFO - ✅ RAM-Safe Streaming Dataset: 500,000 sequences indexed and PRE-LOADED.
2026-03-24 19:28:45,489 - INFO - ✅ RAM-Safe Streaming Dataset: 500,000 sequences indexed (Mode: Lightning).
2026-03-24 19:28:45,536 - INFO - 🔍 RAM-Safe Streaming Scan (Val): 274 arquivos...
2026-03-24 19:28:58,270 - INFO - ✂️ Double-Chunking (Val): Expondo fatias de 100,000 amostras aleatórias.
2026-03-24 19:28:58,270 - INFO - 🚀 Pre-loading 100,000 samples into RAM (Lightning Mode)...
2026-03-24 19:29:57,010 - INFO - ✅ RAM-Safe Streaming Dataset: 100,000 sequences indexed and PRE-LOADED.
2026-03-24 19:29:57,012 - INFO - ✅ RAM-Safe Streaming Dataset: 100,000 sequences indexed (Mode: Lightning).
2026-03-24 19:29:57,415 - INFO - Trial 192 START | tcn=512, lstm=256, layers=2, batch=512, seq=192 | RFE=30 | loss=ASYM (g_s=0.92, g_n=1.58, g_b=1.19) | alpha=[1.10, 0.56, 1.64], smooth=0.22
2026-03-24 19:32:27,924 - INFO - T192 E1/10 | [WARN] ZERO_PENALTY | L: 0.60063178/0.52169126 | F1 M MIN: 0.00000000 D: 0.00000000 | [S/N/B]: [0.0000/0.6687/0.5131] | LR: 0.00069209
2026-03-24 19:35:00,119 - INFO - T192 E2/10 | [OK] | L: 0.57837589/0.51714339 | F1 M MIN: 0.00021661 D: 0.25407656 | [S/N/B]: [0.0002/0.6407/0.5079] | LR: 0.00064170
2026-03-24 19:37:32,378 - INFO - T192 E3/10 | [OK] | L: 0.57108475/0.50715936 | F1 M MIN: 0.15617037 D: 0.33851612 | [S/N/B]: [0.1562/0.6793/0.5209] | LR: 0.00056323
2026-03-24 19:40:04,744 - INFO - T192 E4/10 | [OK] | L: 0.56481514/0.50565030 | F1 M MIN: 0.23886122 D: 0.38500307 | [S/N/B]: [0.2389/0.7271/0.5311] | LR: 0.00046434
2026-03-24 19:42:37,258 - INFO - T192 E5/10 | [OK] | L: 0.56084727/0.50143293 | F1 M MIN: 0.17264095 D: 0.35329548 | [S/N/B]: [0.1726/0.7225/0.5340] | LR: 0.00035472
2026-03-24 19:45:09,537 - INFO - T192 E6/10 | [OK] | L: 0.55718370/0.50118763 | F1 M MIN: 0.21136332 D: 0.37172388 | [S/N/B]: [0.2114/0.7163/0.5321] | LR: 0.00024511
2026-03-24 19:45:09,629 - INFO - Trial 192 pruned by Optuna at epoch 6
2026-03-24 19:45:09,729 - INFO - Trial 192 pruned.
2026-03-24 19:45:10,324 - INFO - 🔍 RAM-Safe Streaming Scan (Treino): 878 arquivos...
2026-03-24 19:46:00,095 - INFO - ✂️ Double-Chunking (Treino): Expondo fatias de 500,000 amostras aleatórias.
2026-03-24 19:46:00,096 - INFO - 🚀 Pre-loading 500,000 samples into RAM (Lightning Mode)...
2026-03-24 19:49:17,645 - INFO - ✅ RAM-Safe Streaming Dataset: 500,000 sequences indexed and PRE-LOADED.
2026-03-24 19:49:17,646 - INFO - ✅ RAM-Safe Streaming Dataset: 500,000 sequences indexed (Mode: Lightning).
2026-03-24 19:49:17,697 - INFO - 🔍 RAM-Safe Streaming Scan (Val): 274 arquivos...
2026-03-24 19:49:30,185 - INFO - ✂️ Double-Chunking (Val): Expondo fatias de 100,000 amostras aleatórias.
2026-03-24 19:49:30,185 - INFO - 🚀 Pre-loading 100,000 samples into RAM (Lightning Mode)...
2026-03-24 19:50:28,934 - INFO - ✅ RAM-Safe Streaming Dataset: 100,000 sequences indexed and PRE-LOADED.
2026-03-24 19:50:28,935 - INFO - ✅ RAM-Safe Streaming Dataset: 100,000 sequences indexed (Mode: Lightning).
2026-03-24 19:50:29,482 - INFO - Trial 193 START | tcn=512, lstm=256, layers=2, batch=512, seq=192 | RFE=30 | loss=ASYM (g_s=0.98, g_n=1.11, g_b=0.50) | alpha=[1.20, 0.70, 1.22], smooth=0.34
2026-03-24 19:52:59,687 - INFO - T193 E1/10 | [OK] | L: 0.70625530/0.64235320 | F1 M MIN: 0.01922461 D: 0.29017669 | [S/N/B]: [0.0192/0.8169/0.5611] | LR: 0.00189183
2026-03-24 19:55:31,554 - INFO - T193 E2/10 | [OK] | L: 0.68835950/0.63104693 | F1 M MIN: 0.25663055 D: 0.42070082 | [S/N/B]: [0.5848/0.8501/0.2566] | LR: 0.00175411
2026-03-24 19:58:03,283 - INFO - T193 E3/10 | [OK] | L: 0.68434572/0.63456880 | F1 M MIN: 0.08203390 D: 0.33605470 | [S/N/B]: [0.0820/0.8293/0.5901] | LR: 0.00153959
2026-03-24 20:00:35,018 - INFO - T193 E4/10 | [OK] | L: 0.68211585/0.63127312 | F1 M MIN: 0.16028418 D: 0.36133704 | [S/N/B]: [0.1603/0.8371/0.5624] | LR: 0.00126928
2026-03-24 20:03:06,798 - INFO - T193 E5/10 | [OK] | L: 0.68013957/0.63196561 | F1 M MIN: 0.35703446 D: 0.44153024 | [S/N/B]: [0.5260/0.8286/0.3570] | LR: 0.00096965
2026-03-24 20:05:38,627 - INFO - T193 E6/10 | [OK] | L: 0.67658368/0.62561365 | F1 M MIN: 0.46662974 D: 0.48107542 | [S/N/B]: [0.4666/0.8315/0.4955] | LR: 0.00067001
2026-03-24 20:08:10,510 - INFO - T193 E7/10 | [OK] | L: 0.67241738/0.62463373 | F1 M MIN: 0.47792792 D: 0.48770788 | [S/N/B]: [0.4779/0.8299/0.4975] | LR: 0.00039970
2026-03-24 20:10:42,365 - INFO - T193 E8/10 | [OK] | L: 0.66904452/0.62318480 | F1 M MIN: 0.46359787 D: 0.49142857 | [S/N/B]: [0.5193/0.8333/0.4636] | LR: 0.00018519
2026-03-24 20:10:42,564 - INFO - [BEST DIR]    Trial 193 | Global F1 Dir record: 0.49142857 (prev: 0.48820202) -> saved best_tcn_lstm_dir.pt
2026-03-24 20:13:14,662 - INFO - T193 E9/10 | [OK] | L: 0.66652040/0.62343535 | F1 M MIN: 0.46353864 D: 0.49058058 | [S/N/B]: [0.5176/0.8303/0.4635] | LR: 0.00004746
2026-03-24 20:15:46,555 - INFO - T193 E10/10 | [OK] | L: 0.66483740/0.62271393 | F1 M MIN: 0.48575779 D: 0.49496945 | [S/N/B]: [0.5042/0.8317/0.4858] | LR: 0.00000000
2026-03-24 20:15:46,787 - INFO - [BEST MACRO]  Trial 193 | Global F1 M MIN record: 0.48575779 (prev: 0.48282627) -> saved best_tcn_lstm.pt
2026-03-24 20:15:46,978 - INFO - [BEST DIR]    Trial 193 | Global F1 Dir record: 0.49496945 (prev: 0.49142857) -> saved best_tcn_lstm_dir.pt
