2026-03-23 16:02:45,386 - INFO - Trial 75 finished with value: 0.0 and parameters: {'tcn_channels': 64, 'lstm_hidden': 128, 'num_lstm_layers': 4, 'batch_size': 2048, 'dropout': 0.325537901013469, 'seq_len': 192, 'lr': 0.0006361321849709277, 'weight_decay': 0.005176893482200737, 'base_alpha_sell': 1.3465988840479692, 'base_alpha_neutral': 0.5681802010726253, 'base_alpha_buy': 1.480165738796908, 'base_loss_gamma': 1.7254950399270599, 'base_loss_smoothing': 0.16834726504864425, 'asym_gamma_sell': 0.7226594612426654, 'asym_gamma_neu': 0.8892138348397801, 'asym_gamma_buy': 0.7842382562495045}. Best is trial 23 with value: 0.4421075032364468.
2026-03-23 16:02:46,181 - INFO - 🔍 RAM-Safe Streaming Scan (Treino): 878 arquivos...
2026-03-23 16:03:42,764 - INFO - ✂️ Double-Chunking (Treino): Expondo fatias de 500,000 amostras aleatórias.
2026-03-23 16:03:42,766 - INFO - 🚀 Pre-loading 500,000 samples into RAM (Lightning Mode)...
2026-03-23 16:06:58,960 - INFO - ✅ RAM-Safe Streaming Dataset: 500,000 sequences indexed and PRE-LOADED.
2026-03-23 16:06:58,962 - INFO - ✅ RAM-Safe Streaming Dataset: 500,000 sequences indexed (Mode: Lightning).
2026-03-23 16:06:59,008 - INFO - 🔍 RAM-Safe Streaming Scan (Val): 274 arquivos...
2026-03-23 16:07:13,430 - INFO - ✂️ Double-Chunking (Val): Expondo fatias de 100,000 amostras aleatórias.
2026-03-23 16:07:13,431 - INFO - 🚀 Pre-loading 100,000 samples into RAM (Lightning Mode)...
2026-03-23 16:08:10,992 - INFO - ✅ RAM-Safe Streaming Dataset: 100,000 sequences indexed and PRE-LOADED.
2026-03-23 16:08:10,993 - INFO - ✅ RAM-Safe Streaming Dataset: 100,000 sequences indexed (Mode: Lightning).
2026-03-23 16:08:11,556 - INFO - Trial 76 START | tcn=64, lstm=128, layers=4, batch=2048, seq=256 | RFE=30 | loss=ASYM (g_s=0.75, g_n=0.74, g_b=3.06) | alpha=[1.02, 0.61, 1.72], smooth=0.07
2026-03-23 16:08:57,592 - INFO - T76 E1/10 | [WARN] ZERO_PENALTY | L: 0.59890485/0.50469110 | F1 M MIN: 0.00000000 D: 0.00000000 | [S/N/B]: [0.0000/0.6269/0.5015] | LR: 0.00056670
2026-03-23 16:09:44,065 - INFO - T76 E2/10 | [WARN] ZERO_PENALTY | L: 0.50573843/0.46937657 | F1 M MIN: 0.00000000 D: 0.00000000 | [S/N/B]: [0.0000/0.7359/0.5307] | LR: 0.00052545
2026-03-23 16:10:30,588 - INFO - T76 E3/10 | [WARN] ZERO_PENALTY | L: 0.48923127/0.46139942 | F1 M MIN: 0.00000000 D: 0.00000000 | [S/N/B]: [0.0000/0.7266/0.5298] | LR: 0.00046119
2026-03-23 16:11:17,398 - INFO - T76 E4/10 | [WARN] ZERO_PENALTY | L: 0.48009009/0.44933896 | F1 M MIN: 0.00000000 D: 0.00000000 | [S/N/B]: [0.0000/0.7531/0.5381] | LR: 0.00038022
2026-03-23 16:11:17,480 - INFO - Trial 76 stopped early due to patience limit (4 epochs without improvement)
2026-03-23 16:11:17,769 - INFO - Trial 76 finished with value: 0.0 and parameters: {'tcn_channels': 64, 'lstm_hidden': 128, 'num_lstm_layers': 4, 'batch_size': 2048, 'dropout': 0.3001663324828394, 'seq_len': 256, 'lr': 0.0005809204871357192, 'weight_decay': 0.002570389824646006, 'base_alpha_sell': 1.019050520604113, 'base_alpha_neutral': 0.6123772884988717, 'base_alpha_buy': 1.719553540230803, 'base_loss_gamma': 0.6312212498249712, 'base_loss_smoothing': 0.0665164107877829, 'asym_gamma_sell': 0.7527446449688712, 'asym_gamma_neu': 0.7402239051940348, 'asym_gamma_buy': 3.0553525148196927}. Best is trial 23 with value: 0.4421075032364468.
2026-03-23 16:11:18,513 - INFO - 🔍 RAM-Safe Streaming Scan (Treino): 878 arquivos...
2026-03-23 16:12:14,080 - INFO - ✂️ Double-Chunking (Treino): Expondo fatias de 500,000 amostras aleatórias.
2026-03-23 16:12:14,081 - INFO - 🚀 Pre-loading 500,000 samples into RAM (Lightning Mode)...
2026-03-23 16:15:28,495 - INFO - ✅ RAM-Safe Streaming Dataset: 500,000 sequences indexed and PRE-LOADED.
2026-03-23 16:15:28,497 - INFO - ✅ RAM-Safe Streaming Dataset: 500,000 sequences indexed (Mode: Lightning).
2026-03-23 16:15:28,543 - INFO - 🔍 RAM-Safe Streaming Scan (Val): 274 arquivos...
2026-03-23 16:15:42,512 - INFO - ✂️ Double-Chunking (Val): Expondo fatias de 100,000 amostras aleatórias.
2026-03-23 16:15:42,513 - INFO - 🚀 Pre-loading 100,000 samples into RAM (Lightning Mode)...
2026-03-23 16:16:40,148 - INFO - ✅ RAM-Safe Streaming Dataset: 100,000 sequences indexed and PRE-LOADED.
2026-03-23 16:16:40,149 - INFO - ✅ RAM-Safe Streaming Dataset: 100,000 sequences indexed (Mode: Lightning).
2026-03-23 16:16:40,653 - INFO - Trial 77 START | tcn=512, lstm=128, layers=5, batch=2048, seq=144 | RFE=30 | loss=ASYM (g_s=1.12, g_n=0.96, g_b=0.54) | alpha=[1.49, 0.96, 1.67], smooth=0.18
2026-03-23 16:18:26,338 - INFO - T77 E1/10 | [WARN] ZERO_PENALTY | L: 1.00063795/0.87461052 | F1 M MIN: 0.00000000 D: 0.00000000 | [S/N/B]: [0.0000/0.8220/0.5649] | LR: 0.00081974
2026-03-23 16:20:13,577 - INFO - T77 E2/10 | [WARN] ZERO_PENALTY | L: 0.93452971/0.86434223 | F1 M MIN: 0.00000000 D: 0.00000000 | [S/N/B]: [0.0000/0.8293/0.5686] | LR: 0.00076006
2026-03-23 16:22:00,802 - INFO - T77 E3/10 | [WARN] ZERO_PENALTY | L: 0.91961979/0.84987018 | F1 M MIN: 0.00000000 D: 0.00000000 | [S/N/B]: [0.0000/0.8405/0.5736] | LR: 0.00066711
2026-03-23 16:23:47,958 - INFO - T77 E4/10 | [WARN] ZERO_PENALTY | L: 0.91136510/0.83462315 | F1 M MIN: 0.00000000 D: 0.00000000 | [S/N/B]: [0.0000/0.8549/0.5812] | LR: 0.00054999
2026-03-23 16:23:48,071 - INFO - Trial 77 stopped early due to patience limit (4 epochs without improvement)
2026-03-23 16:23:48,383 - INFO - Trial 77 finished with value: 0.0 and parameters: {'tcn_channels': 512, 'lstm_hidden': 128, 'num_lstm_layers': 5, 'batch_size': 2048, 'dropout': 0.353650964020378, 'seq_len': 144, 'lr': 0.000840304875062926, 'weight_decay': 0.0002836093496164139, 'base_alpha_sell': 1.4906870052385428, 'base_alpha_neutral': 0.9616723958127289, 'base_alpha_buy': 1.6694244973757106, 'base_loss_gamma': 2.6007193322124453, 'base_loss_smoothing': 0.1766068589925102, 'asym_gamma_sell': 1.1159764141739392, 'asym_gamma_neu': 0.9632649007509632, 'asym_gamma_buy': 0.5445266723077401}. Best is trial 23 with value: 0.4421075032364468.
2026-03-23 16:23:49,247 - INFO - 🔍 RAM-Safe Streaming Scan (Treino): 878 arquivos...
2026-03-23 16:24:43,077 - INFO - ✂️ Double-Chunking (Treino): Expondo fatias de 500,000 amostras aleatórias.
2026-03-23 16:24:43,078 - INFO - 🚀 Pre-loading 500,000 samples into RAM (Lightning Mode)...
2026-03-23 16:27:53,607 - INFO - ✅ RAM-Safe Streaming Dataset: 500,000 sequences indexed and PRE-LOADED.
2026-03-23 16:27:53,612 - INFO - ✅ RAM-Safe Streaming Dataset: 500,000 sequences indexed (Mode: Lightning).
2026-03-23 16:27:53,664 - INFO - 🔍 RAM-Safe Streaming Scan (Val): 274 arquivos...
2026-03-23 16:28:07,703 - INFO - ✂️ Double-Chunking (Val): Expondo fatias de 100,000 amostras aleatórias.
2026-03-23 16:28:07,704 - INFO - 🚀 Pre-loading 100,000 samples into RAM (Lightning Mode)...
2026-03-23 16:29:07,248 - INFO - ✅ RAM-Safe Streaming Dataset: 100,000 sequences indexed and PRE-LOADED.
2026-03-23 16:29:07,249 - INFO - ✅ RAM-Safe Streaming Dataset: 100,000 sequences indexed (Mode: Lightning).
2026-03-23 16:29:08,032 - INFO - Trial 78 START | tcn=64, lstm=128, layers=5, batch=2048, seq=96 | RFE=30 | loss=ASYM (g_s=2.43, g_n=0.63, g_b=1.09) | alpha=[1.92, 0.69, 1.69], smooth=0.21
2026-03-23 16:29:31,920 - INFO - T78 E1/10 | [WARN] ZERO_PENALTY | L: 0.98278455/0.92005708 | F1 M MIN: 0.00000000 D: 0.00000000 | [S/N/B]: [0.4787/0.4473/0.0000] | LR: 0.00026301
2026-03-23 16:29:56,224 - INFO - T78 E2/10 | [WARN] ZERO_PENALTY | L: 0.90266036/0.88189859 | F1 M MIN: 0.00000000 D: 0.00000000 | [S/N/B]: [0.4940/0.5271/0.0000] | LR: 0.00024386
2026-03-23 16:30:20,582 - INFO - T78 E3/10 | [WARN] ZERO_PENALTY | L: 0.88413392/0.85687856 | F1 M MIN: 0.00000000 D: 0.00000000 | [S/N/B]: [0.5175/0.6375/0.0000] | LR: 0.00021404
2026-03-23 16:30:44,895 - INFO - T78 E4/10 | [WARN] ZERO_PENALTY | L: 0.87453862/0.84176540 | F1 M MIN: 0.00000000 D: 0.00000000 | [S/N/B]: [0.5290/0.6839/0.0000] | LR: 0.00017646
2026-03-23 16:30:44,975 - INFO - Trial 78 stopped early due to patience limit (4 epochs without improvement)
2026-03-23 16:30:45,196 - INFO - Trial 78 finished with value: 0.0 and parameters: {'tcn_channels': 64, 'lstm_hidden': 128, 'num_lstm_layers': 5, 'batch_size': 2048, 'dropout': 0.39217868184746496, 'seq_len': 96, 'lr': 0.0002696102208051539, 'weight_decay': 0.0007278183204189259, 'base_alpha_sell': 1.915533940543945, 'base_alpha_neutral': 0.6926776790529543, 'base_alpha_buy': 1.6937915623786837, 'base_loss_gamma': 2.1866273057370993, 'base_loss_smoothing': 0.2073863879845239, 'asym_gamma_sell': 2.431269694156893, 'asym_gamma_neu': 0.6278027822329914, 'asym_gamma_buy': 1.0882210035163182}. Best is trial 23 with value: 0.4421075032364468.
2026-03-23 16:30:45,890 - INFO - 🔍 RAM-Safe Streaming Scan (Treino): 878 arquivos...
2026-03-23 16:31:40,777 - INFO - ✂️ Double-Chunking (Treino): Expondo fatias de 500,000 amostras aleatórias.
2026-03-23 16:31:40,778 - INFO - 🚀 Pre-loading 500,000 samples into RAM (Lightning Mode)...
2026-03-23 16:34:54,845 - INFO - ✅ RAM-Safe Streaming Dataset: 500,000 sequences indexed and PRE-LOADED.
2026-03-23 16:34:54,847 - INFO - ✅ RAM-Safe Streaming Dataset: 500,000 sequences indexed (Mode: Lightning).
2026-03-23 16:34:54,896 - INFO - 🔍 RAM-Safe Streaming Scan (Val): 274 arquivos...
2026-03-23 16:35:08,737 - INFO - ✂️ Double-Chunking (Val): Expondo fatias de 100,000 amostras aleatórias.
2026-03-23 16:35:08,737 - INFO - 🚀 Pre-loading 100,000 samples into RAM (Lightning Mode)...
2026-03-23 16:36:06,301 - INFO - ✅ RAM-Safe Streaming Dataset: 100,000 sequences indexed and PRE-LOADED.
2026-03-23 16:36:06,310 - INFO - ✅ RAM-Safe Streaming Dataset: 100,000 sequences indexed (Mode: Lightning).
2026-03-23 16:36:06,955 - INFO - Trial 79 START | tcn=512, lstm=256, layers=5, batch=512, seq=144 | RFE=30 | loss=ASYM (g_s=1.01, g_n=0.30, g_b=1.01) | alpha=[1.36, 1.06, 1.72], smooth=0.26
2026-03-23 16:38:19,255 - INFO - T79 E1/10 | [WARN] ZERO_PENALTY | L: 1.04260370/0.99030298 | F1 M MIN: 0.00000000 D: 0.00000000 | [S/N/B]: [0.0000/0.8392/0.5719] | LR: 0.00042217
2026-03-23 16:40:33,407 - INFO - T79 E2/10 | [WARN] ZERO_PENALTY | L: 1.00185813/0.97825035 | F1 M MIN: 0.00000000 D: 0.00000000 | [S/N/B]: [0.0000/0.8392/0.5713] | LR: 0.00039143
2026-03-23 16:42:47,579 - INFO - T79 E3/10 | [WARN] ZERO_PENALTY | L: 0.99173789/0.97655924 | F1 M MIN: 0.00000000 D: 0.00000000 | [S/N/B]: [0.0000/0.8485/0.5746] | LR: 0.00034356
2026-03-23 16:45:01,959 - INFO - T79 E4/10 | [WARN] ZERO_PENALTY | L: 0.98581924/0.96480519 | F1 M MIN: 0.00000000 D: 0.00000000 | [S/N/B]: [0.0000/0.8614/0.5822] | LR: 0.00028324
2026-03-23 16:45:02,049 - INFO - Trial 79 stopped early due to patience limit (4 epochs without improvement)
2026-03-23 16:45:02,277 - INFO - Trial 79 finished with value: 0.0 and parameters: {'tcn_channels': 512, 'lstm_hidden': 256, 'num_lstm_layers': 5, 'batch_size': 512, 'dropout': 0.46952834643883407, 'seq_len': 144, 'lr': 0.0004327555465949362, 'weight_decay': 0.0004217357237918032, 'base_alpha_sell': 1.3645949482059505, 'base_alpha_neutral': 1.05948635998608, 'base_alpha_buy': 1.7159790501881458, 'base_loss_gamma': 1.0910761163684248, 'base_loss_smoothing': 0.2571127846289068, 'asym_gamma_sell': 1.0149186737131444, 'asym_gamma_neu': 0.29967785550941745, 'asym_gamma_buy': 1.0083359987880165}. Best is trial 23 with value: 0.4421075032364468.
2026-03-23 16:45:02,961 - INFO - 🔍 RAM-Safe Streaming Scan (Treino): 878 arquivos...
2026-03-23 16:45:59,473 - INFO - ✂️ Double-Chunking (Treino): Expondo fatias de 500,000 amostras aleatórias.
2026-03-23 16:45:59,474 - INFO - 🚀 Pre-loading 500,000 samples into RAM (Lightning Mode)...
2026-03-23 16:49:15,331 - INFO - ✅ RAM-Safe Streaming Dataset: 500,000 sequences indexed and PRE-LOADED.
2026-03-23 16:49:15,332 - INFO - ✅ RAM-Safe Streaming Dataset: 500,000 sequences indexed (Mode: Lightning).
2026-03-23 16:49:15,382 - INFO - 🔍 RAM-Safe Streaming Scan (Val): 274 arquivos...
2026-03-23 16:49:29,407 - INFO - ✂️ Double-Chunking (Val): Expondo fatias de 100,000 amostras aleatórias.
2026-03-23 16:49:29,407 - INFO - 🚀 Pre-loading 100,000 samples into RAM (Lightning Mode)...
2026-03-23 16:50:27,566 - INFO - ✅ RAM-Safe Streaming Dataset: 100,000 sequences indexed and PRE-LOADED.
2026-03-23 16:50:27,567 - INFO - ✅ RAM-Safe Streaming Dataset: 100,000 sequences indexed (Mode: Lightning).
2026-03-23 16:50:28,083 - INFO - Trial 80 START | tcn=64, lstm=128, layers=4, batch=2048, seq=144 | RFE=30 | loss=ASYM (g_s=1.24, g_n=0.36, g_b=0.57) | alpha=[1.80, 0.38, 1.45], smooth=0.05
2026-03-23 16:50:56,502 - INFO - T80 E1/10 | [WARN] ZERO_PENALTY | L: 0.87131278/0.71415621 | F1 M MIN: 0.00000000 D: 0.00000000 | [S/N/B]: [0.4782/0.4772/0.0000] | LR: 0.00121415
2026-03-23 16:51:25,203 - INFO - T80 E2/10 | [WARN] ZERO_PENALTY | L: 0.75644021/0.66699295 | F1 M MIN: 0.00000000 D: 0.00000000 | [S/N/B]: [0.4969/0.5687/0.0000] | LR: 0.00112576
2026-03-23 16:51:53,920 - INFO - T80 E3/10 | [WARN] ZERO_PENALTY | L: 0.73603752/0.64868810 | F1 M MIN: 0.00000000 D: 0.00000000 | [S/N/B]: [0.5233/0.6814/0.0000] | LR: 0.00098809
2026-03-23 16:52:22,803 - INFO - T80 E4/10 | [WARN] ZERO_PENALTY | L: 0.72753682/0.65019328 | F1 M MIN: 0.00000000 D: 0.00000000 | [S/N/B]: [0.5113/0.6321/0.0000] | LR: 0.00081461
2026-03-23 16:52:22,902 - INFO - Trial 80 stopped early due to patience limit (4 epochs without improvement)
2026-03-23 16:52:23,167 - INFO - Trial 80 finished with value: 0.0 and parameters: {'tcn_channels': 64, 'lstm_hidden': 128, 'num_lstm_layers': 4, 'batch_size': 2048, 'dropout': 0.33853269015353343, 'seq_len': 144, 'lr': 0.0012446126140202003, 'weight_decay': 0.0051568232173907925, 'base_alpha_sell': 1.7957557760292717, 'base_alpha_neutral': 0.37595810614099906, 'base_alpha_buy': 1.4453613420569331, 'base_loss_gamma': 2.9957554274806872, 'base_loss_smoothing': 0.05066902156234977, 'asym_gamma_sell': 1.2406151649128812, 'asym_gamma_neu': 0.35839012166514184, 'asym_gamma_buy': 0.5669807168967089}. Best is trial 23 with value: 0.4421075032364468.
2026-03-23 16:52:24,137 - INFO - 🔍 RAM-Safe Streaming Scan (Treino): 878 arquivos...
2026-03-23 16:53:18,527 - INFO - ✂️ Double-Chunking (Treino): Expondo fatias de 500,000 amostras aleatórias.
2026-03-23 16:53:18,528 - INFO - 🚀 Pre-loading 500,000 samples into RAM (Lightning Mode)...
2026-03-23 16:56:36,077 - INFO - ✅ RAM-Safe Streaming Dataset: 500,000 sequences indexed and PRE-LOADED.
2026-03-23 16:56:36,079 - INFO - ✅ RAM-Safe Streaming Dataset: 500,000 sequences indexed (Mode: Lightning).
2026-03-23 16:56:36,125 - INFO - 🔍 RAM-Safe Streaming Scan (Val): 274 arquivos...
2026-03-23 16:56:50,442 - INFO - ✂️ Double-Chunking (Val): Expondo fatias de 100,000 amostras aleatórias.
2026-03-23 16:56:50,443 - INFO - 🚀 Pre-loading 100,000 samples into RAM (Lightning Mode)...
2026-03-23 16:57:49,251 - INFO - ✅ RAM-Safe Streaming Dataset: 100,000 sequences indexed and PRE-LOADED.
2026-03-23 16:57:49,252 - INFO - ✅ RAM-Safe Streaming Dataset: 100,000 sequences indexed (Mode: Lightning).
2026-03-23 16:57:49,727 - INFO - Trial 81 START | tcn=64, lstm=256, layers=4, batch=2048, seq=256 | RFE=30 | loss=ASYM (g_s=1.94, g_n=0.42, g_b=1.09) | alpha=[1.58, 0.76, 1.68], smooth=0.04
2026-03-23 16:59:11,920 - INFO - T81 E1/10 | [OK] | L: 0.86348262/0.75881465 | F1 M MIN: 0.31141718 D: 0.41056944 | [S/N/B]: [0.5097/0.7654/0.3114] | LR: 0.00051293
2026-03-23 17:00:34,267 - INFO - T81 E2/10 | [OK] | L: 0.76860522/0.72232659 | F1 M MIN: 0.04329870 D: 0.30083801 | [S/N/B]: [0.0433/0.7910/0.5584] | LR: 0.00047559
2026-03-23 17:01:57,572 - INFO - T81 E3/10 | [OK] | L: 0.74518347/0.71229827 | F1 M MIN: 0.00520277 D: 0.27782438 | [S/N/B]: [0.0052/0.7830/0.5504] | LR: 0.00041743
2026-03-23 17:03:20,092 - INFO - T81 E4/10 | [OK] | L: 0.73118167/0.69296332 | F1 M MIN: 0.01121626 D: 0.28479998 | [S/N/B]: [0.0112/0.8003/0.5584] | LR: 0.00034414
2026-03-23 17:04:43,249 - INFO - T81 E5/10 | [OK] | L: 0.72237151/0.68550083 | F1 M MIN: 0.01465998 D: 0.28864857 | [S/N/B]: [0.0147/0.8113/0.5626] | LR: 0.00026290
2026-03-23 17:04:43,310 - INFO - Trial 81 stopped early due to patience limit (4 epochs without improvement)
2026-03-23 17:04:43,615 - INFO - Trial 81 finished with value: 0.3114171829985398 and parameters: {'tcn_channels': 64, 'lstm_hidden': 256, 'num_lstm_layers': 4, 'batch_size': 2048, 'dropout': 0.3744985849376862, 'seq_len': 256, 'lr': 0.0005257975861804452, 'weight_decay': 0.00292084889764478, 'base_alpha_sell': 1.5840488924426812, 'base_alpha_neutral': 0.7631819584692492, 'base_alpha_buy': 1.6822658526686212, 'base_loss_gamma': 0.519117710872661, 'base_loss_smoothing': 0.04345026441179368, 'asym_gamma_sell': 1.94086842304119, 'asym_gamma_neu': 0.42446965169198836, 'asym_gamma_buy': 1.0851257607307403}. Best is trial 23 with value: 0.4421075032364468.
2026-03-23 17:04:44,378 - INFO - 🔍 RAM-Safe Streaming Scan (Treino): 878 arquivos...
2026-03-23 17:05:39,051 - INFO - ✂️ Double-Chunking (Treino): Expondo fatias de 500,000 amostras aleatórias.
2026-03-23 17:05:39,052 - INFO - 🚀 Pre-loading 500,000 samples into RAM (Lightning Mode)...
2026-03-23 17:08:51,910 - INFO - ✅ RAM-Safe Streaming Dataset: 500,000 sequences indexed and PRE-LOADED.
2026-03-23 17:08:51,912 - INFO - ✅ RAM-Safe Streaming Dataset: 500,000 sequences indexed (Mode: Lightning).
2026-03-23 17:08:51,959 - INFO - 🔍 RAM-Safe Streaming Scan (Val): 274 arquivos...
2026-03-23 17:09:05,577 - INFO - ✂️ Double-Chunking (Val): Expondo fatias de 100,000 amostras aleatórias.
2026-03-23 17:09:05,577 - INFO - 🚀 Pre-loading 100,000 samples into RAM (Lightning Mode)...
2026-03-23 17:10:03,216 - INFO - ✅ RAM-Safe Streaming Dataset: 100,000 sequences indexed and PRE-LOADED.
2026-03-23 17:10:03,217 - INFO - ✅ RAM-Safe Streaming Dataset: 100,000 sequences indexed (Mode: Lightning).
2026-03-23 17:10:03,614 - INFO - Trial 82 START | tcn=256, lstm=128, layers=5, batch=2048, seq=96 | RFE=30 | loss=ASYM (g_s=1.71, g_n=0.29, g_b=1.43) | alpha=[1.49, 0.83, 1.49], smooth=0.15
2026-03-23 17:10:42,428 - INFO - T82 E1/10 | [OK] | L: 0.79129419/0.76669305 | F1 M MIN: 0.09322104 D: 0.33748766 | [S/N/B]: [0.5818/0.7805/0.0932] | LR: 0.00179409
2026-03-23 17:11:21,775 - INFO - T82 E2/10 | [OK] | L: 0.73021189/0.70656856 | F1 M MIN: 0.09430843 D: 0.34186744 | [S/N/B]: [0.5894/0.8535/0.0943] | LR: 0.00166348
2026-03-23 17:12:01,376 - INFO - T82 E3/10 | [OK] | L: 0.71757838/0.70090575 | F1 M MIN: 0.19544756 D: 0.39934599 | [S/N/B]: [0.6032/0.8544/0.1954] | LR: 0.00146005
2026-03-23 17:12:41,109 - INFO - T82 E4/10 | [OK] | L: 0.71175647/0.70505585 | F1 M MIN: 0.06438112 D: 0.33232598 | [S/N/B]: [0.6003/0.8446/0.0644] | LR: 0.00120370
2026-03-23 17:13:20,721 - INFO - T82 E5/10 | [OK] | L: 0.70745823/0.69990861 | F1 M MIN: 0.04849791 D: 0.31207166 | [S/N/B]: [0.0485/0.8478/0.5756] | LR: 0.00091955
2026-03-23 17:14:00,452 - INFO - T82 E6/10 | [OK] | L: 0.70342738/0.68767828 | F1 M MIN: 0.43719086 D: 0.45292578 | [S/N/B]: [0.4372/0.8699/0.4687] | LR: 0.00063539
2026-03-23 17:14:00,488 - INFO - [BEST DIR]    Trial 82 | Global F1 Dir record: 0.45292578 (prev: 0.44460936) -> saved best_tcn_lstm_dir.pt
2026-03-23 17:14:40,348 - INFO - T82 E7/10 | [OK] | L: 0.70027383/0.68618167 | F1 M MIN: 0.37948970 D: 0.44926962 | [S/N/B]: [0.5190/0.8694/0.3795] | LR: 0.00037905
2026-03-23 17:15:20,099 - INFO - T82 E8/10 | [OK] | L: 0.69797148/0.68876156 | F1 M MIN: 0.13810907 D: 0.37427756 | [S/N/B]: [0.6104/0.8612/0.1381] | LR: 0.00017562
2026-03-23 17:15:59,891 - INFO - T82 E9/10 | [OK] | L: 0.69593654/0.68368476 | F1 M MIN: 0.43282291 D: 0.45667707 | [S/N/B]: [0.4805/0.8700/0.4328] | LR: 0.00004501
2026-03-23 17:15:59,926 - INFO - [BEST DIR]    Trial 82 | Global F1 Dir record: 0.45667707 (prev: 0.45292578) -> saved best_tcn_lstm_dir.pt
2026-03-23 17:16:39,562 - INFO - T82 E10/10 | [OK] | L: 0.69468558/0.68731632 | F1 M MIN: 0.40998125 D: 0.45436453 | [S/N/B]: [0.4987/0.8621/0.4100] | LR: 0.00000000
2026-03-23 17:16:39,617 - INFO - Trial 82 stopped early due to patience limit (4 epochs without improvement)
