2026-03-24 07:28:52,092 - INFO - Trial 148 pruned.
2026-03-24 07:28:52,864 - INFO - 🔍 RAM-Safe Streaming Scan (Treino): 878 arquivos...
2026-03-24 07:29:46,508 - INFO - ✂️ Double-Chunking (Treino): Expondo fatias de 500,000 amostras aleatórias.
2026-03-24 07:29:46,509 - INFO - 🚀 Pre-loading 500,000 samples into RAM (Lightning Mode)...
2026-03-24 07:32:56,521 - INFO - ✅ RAM-Safe Streaming Dataset: 500,000 sequences indexed and PRE-LOADED.
2026-03-24 07:32:56,522 - INFO - ✅ RAM-Safe Streaming Dataset: 500,000 sequences indexed (Mode: Lightning).
2026-03-24 07:32:56,573 - INFO - 🔍 RAM-Safe Streaming Scan (Val): 274 arquivos...
2026-03-24 07:33:10,607 - INFO - ✂️ Double-Chunking (Val): Expondo fatias de 100,000 amostras aleatórias.
2026-03-24 07:33:10,607 - INFO - 🚀 Pre-loading 100,000 samples into RAM (Lightning Mode)...
2026-03-24 07:34:07,597 - INFO - ✅ RAM-Safe Streaming Dataset: 100,000 sequences indexed and PRE-LOADED.
2026-03-24 07:34:07,598 - INFO - ✅ RAM-Safe Streaming Dataset: 100,000 sequences indexed (Mode: Lightning).
2026-03-24 07:34:08,166 - INFO - Trial 149 START | tcn=64, lstm=256, layers=4, batch=1024, seq=96 | RFE=30 | loss=ASYM (g_s=0.62, g_n=0.18, g_b=0.97) | alpha=[1.49, 0.37, 1.65], smooth=0.18
2026-03-24 07:34:44,347 - INFO - T149 E1/10 | [OK] | L: 0.84742481/0.75107761 | F1 M MIN: 0.28372099 D: 0.41648697 | [S/N/B]: [0.5493/0.5918/0.2837] | LR: 0.00105959
2026-03-24 07:35:20,268 - INFO - T149 E2/10 | [WARN] ZERO_PENALTY | L: 0.79213192/0.73323540 | F1 M MIN: 0.00000000 D: 0.00000000 | [S/N/B]: [0.0000/0.6341/0.5048] | LR: 0.00098245
2026-03-24 07:35:56,897 - INFO - T149 E3/10 | [WARN] ZERO_PENALTY | L: 0.78298085/0.73357540 | F1 M MIN: 0.00000000 D: 0.00000000 | [S/N/B]: [0.0000/0.6074/0.4995] | LR: 0.00086231
2026-03-24 07:36:32,302 - INFO - T149 E4/10 | [WARN] ZERO_PENALTY | L: 0.77920133/0.72905921 | F1 M MIN: 0.00000000 D: 0.00000000 | [S/N/B]: [0.0000/0.6402/0.5068] | LR: 0.00071091
2026-03-24 07:37:09,426 - INFO - T149 E5/10 | [WARN] ZERO_PENALTY | L: 0.77657236/0.72436520 | F1 M MIN: 0.00000000 D: 0.00000000 | [S/N/B]: [0.0000/0.6681/0.5137] | LR: 0.00054309
2026-03-24 07:37:09,490 - INFO - Trial 149 stopped early due to patience limit (4 epochs without improvement)
2026-03-24 07:37:09,772 - INFO - Trial 149 finished with value: 0.2837209939829219 and parameters: {'tcn_channels': 64, 'lstm_hidden': 256, 'num_lstm_layers': 4, 'batch_size': 1024, 'dropout': 0.30172510561930954, 'seq_len': 96, 'lr': 0.0010861750596657734, 'weight_decay': 0.0015477272710029862, 'base_alpha_sell': 1.4913696497815632, 'base_alpha_neutral': 0.36945742857095254, 'base_alpha_buy': 1.6490103210297877, 'base_loss_gamma': 1.2612838539951585, 'base_loss_smoothing': 0.1793964907647403, 'asym_gamma_sell': 0.6233434767422843, 'asym_gamma_neu': 0.18247004983232115, 'asym_gamma_buy': 0.9657859857684203}. Best is trial 104 with value: 0.4828262682077523.
2026-03-24 07:37:10,632 - INFO - 🔍 RAM-Safe Streaming Scan (Treino): 878 arquivos...
2026-03-24 07:38:04,594 - INFO - ✂️ Double-Chunking (Treino): Expondo fatias de 500,000 amostras aleatórias.
2026-03-24 07:38:04,595 - INFO - 🚀 Pre-loading 500,000 samples into RAM (Lightning Mode)...
2026-03-24 07:41:12,355 - INFO - ✅ RAM-Safe Streaming Dataset: 500,000 sequences indexed and PRE-LOADED.
2026-03-24 07:41:12,357 - INFO - ✅ RAM-Safe Streaming Dataset: 500,000 sequences indexed (Mode: Lightning).
2026-03-24 07:41:12,406 - INFO - 🔍 RAM-Safe Streaming Scan (Val): 274 arquivos...
2026-03-24 07:41:26,179 - INFO - ✂️ Double-Chunking (Val): Expondo fatias de 100,000 amostras aleatórias.
2026-03-24 07:41:26,180 - INFO - 🚀 Pre-loading 100,000 samples into RAM (Lightning Mode)...
2026-03-24 07:42:22,220 - INFO - ✅ RAM-Safe Streaming Dataset: 100,000 sequences indexed and PRE-LOADED.
2026-03-24 07:42:22,221 - INFO - ✅ RAM-Safe Streaming Dataset: 100,000 sequences indexed (Mode: Lightning).
2026-03-24 07:42:22,897 - INFO - Trial 150 START | tcn=128, lstm=64, layers=4, batch=2048, seq=96 | RFE=30 | loss=ASYM (g_s=2.22, g_n=0.67, g_b=2.05) | alpha=[1.20, 0.97, 1.37], smooth=0.11
2026-03-24 07:42:43,299 - INFO - T150 E1/10 | [WARN] ZERO_PENALTY | L: 0.57071680/0.52235132 | F1 M MIN: 0.00000000 D: 0.00000000 | [S/N/B]: [0.0000/0.8440/0.5705] | LR: 0.00139520
2026-03-24 07:43:03,985 - INFO - T150 E2/10 | [WARN] ZERO_PENALTY | L: 0.50349077/0.49589572 | F1 M MIN: 0.00000000 D: 0.00000000 | [S/N/B]: [0.0000/0.8662/0.5827] | LR: 0.00129362
2026-03-24 07:43:24,553 - INFO - T150 E3/10 | [WARN] ZERO_PENALTY | L: 0.49114976/0.48102879 | F1 M MIN: 0.00000000 D: 0.00000000 | [S/N/B]: [0.0000/0.8748/0.5881] | LR: 0.00113542
2026-03-24 07:43:45,268 - INFO - T150 E4/10 | [WARN] ZERO_PENALTY | L: 0.48457543/0.48091213 | F1 M MIN: 0.00000000 D: 0.00000000 | [S/N/B]: [0.0000/0.8727/0.5860] | LR: 0.00093607
2026-03-24 07:43:45,334 - INFO - Trial 150 stopped early due to patience limit (4 epochs without improvement)
2026-03-24 07:43:45,539 - INFO - Trial 150 finished with value: 0.0 and parameters: {'tcn_channels': 128, 'lstm_hidden': 64, 'num_lstm_layers': 4, 'batch_size': 2048, 'dropout': 0.28258686213528506, 'seq_len': 96, 'lr': 0.0014301948663319724, 'weight_decay': 0.00014118271304628936, 'base_alpha_sell': 1.1959631063429133, 'base_alpha_neutral': 0.9725050134862462, 'base_alpha_buy': 1.3716383106468137, 'base_loss_gamma': 0.8159325004627617, 'base_loss_smoothing': 0.11425077688718391, 'asym_gamma_sell': 2.2236115955576627, 'asym_gamma_neu': 0.6747255867091131, 'asym_gamma_buy': 2.047680944387123}. Best is trial 104 with value: 0.4828262682077523.
2026-03-24 07:43:46,099 - INFO - 🔍 RAM-Safe Streaming Scan (Treino): 878 arquivos...
2026-03-24 07:44:40,277 - INFO - ✂️ Double-Chunking (Treino): Expondo fatias de 500,000 amostras aleatórias.
2026-03-24 07:44:40,278 - INFO - 🚀 Pre-loading 500,000 samples into RAM (Lightning Mode)...
2026-03-24 07:48:01,557 - INFO - ✅ RAM-Safe Streaming Dataset: 500,000 sequences indexed and PRE-LOADED.
2026-03-24 07:48:01,558 - INFO - ✅ RAM-Safe Streaming Dataset: 500,000 sequences indexed (Mode: Lightning).
2026-03-24 07:48:01,606 - INFO - 🔍 RAM-Safe Streaming Scan (Val): 274 arquivos...
2026-03-24 07:48:16,117 - INFO - ✂️ Double-Chunking (Val): Expondo fatias de 100,000 amostras aleatórias.
2026-03-24 07:48:16,118 - INFO - 🚀 Pre-loading 100,000 samples into RAM (Lightning Mode)...
2026-03-24 07:49:24,196 - INFO - ✅ RAM-Safe Streaming Dataset: 100,000 sequences indexed and PRE-LOADED.
2026-03-24 07:49:24,199 - INFO - ✅ RAM-Safe Streaming Dataset: 100,000 sequences indexed (Mode: Lightning).
2026-03-24 07:49:24,781 - INFO - Trial 151 START | tcn=64, lstm=256, layers=3, batch=1024, seq=256 | RFE=30 | loss=ASYM (g_s=2.92, g_n=0.14, g_b=0.59) | alpha=[1.40, 0.47, 1.60], smooth=0.10
2026-03-24 07:50:31,254 - INFO - T151 E1/10 | [WARN] ZERO_PENALTY | L: 0.66986540/0.61319637 | F1 M MIN: 0.00000000 D: 0.00000000 | [S/N/B]: [0.0000/0.7142/0.5239] | LR: 0.00095501
2026-03-24 07:51:37,681 - INFO - T151 E2/10 | [WARN] ZERO_PENALTY | L: 0.61945562/0.59963453 | F1 M MIN: 0.00000000 D: 0.00000000 | [S/N/B]: [0.0000/0.7462/0.5354] | LR: 0.00088549
2026-03-24 07:52:45,223 - INFO - T151 E3/10 | [WARN] ZERO_PENALTY | L: 0.60947306/0.59216212 | F1 M MIN: 0.00000000 D: 0.00000000 | [S/N/B]: [0.0000/0.7478/0.5361] | LR: 0.00077720
2026-03-24 07:53:52,054 - INFO - T151 E4/10 | [WARN] ZERO_PENALTY | L: 0.60393733/0.58616613 | F1 M MIN: 0.00000000 D: 0.00000000 | [S/N/B]: [0.0000/0.7531/0.5384] | LR: 0.00064074
2026-03-24 07:53:52,131 - INFO - Trial 151 stopped early due to patience limit (4 epochs without improvement)
2026-03-24 07:53:52,548 - INFO - Trial 151 finished with value: 0.0 and parameters: {'tcn_channels': 64, 'lstm_hidden': 256, 'num_lstm_layers': 3, 'batch_size': 1024, 'dropout': 0.2009957349582983, 'seq_len': 256, 'lr': 0.000978968273876099, 'weight_decay': 0.0009026577989012077, 'base_alpha_sell': 1.4001766709979566, 'base_alpha_neutral': 0.4746839730768367, 'base_alpha_buy': 1.5953909355610063, 'base_loss_gamma': 1.4265845431818582, 'base_loss_smoothing': 0.10248730901933661, 'asym_gamma_sell': 2.9162168933162107, 'asym_gamma_neu': 0.1367850276967103, 'asym_gamma_buy': 0.5928716718902917}. Best is trial 104 with value: 0.4828262682077523.
2026-03-24 07:53:53,193 - INFO - 🔍 RAM-Safe Streaming Scan (Treino): 878 arquivos...
2026-03-24 07:54:48,553 - INFO - ✂️ Double-Chunking (Treino): Expondo fatias de 500,000 amostras aleatórias.
2026-03-24 07:54:48,554 - INFO - 🚀 Pre-loading 500,000 samples into RAM (Lightning Mode)...
2026-03-24 07:58:00,468 - INFO - ✅ RAM-Safe Streaming Dataset: 500,000 sequences indexed and PRE-LOADED.
2026-03-24 07:58:00,473 - INFO - ✅ RAM-Safe Streaming Dataset: 500,000 sequences indexed (Mode: Lightning).
2026-03-24 07:58:00,521 - INFO - 🔍 RAM-Safe Streaming Scan (Val): 274 arquivos...
2026-03-24 07:58:14,260 - INFO - ✂️ Double-Chunking (Val): Expondo fatias de 100,000 amostras aleatórias.
2026-03-24 07:58:14,260 - INFO - 🚀 Pre-loading 100,000 samples into RAM (Lightning Mode)...
2026-03-24 07:59:11,174 - INFO - ✅ RAM-Safe Streaming Dataset: 100,000 sequences indexed and PRE-LOADED.
2026-03-24 07:59:11,175 - INFO - ✅ RAM-Safe Streaming Dataset: 100,000 sequences indexed (Mode: Lightning).
2026-03-24 07:59:11,789 - INFO - Trial 152 START | tcn=512, lstm=128, layers=4, batch=1024, seq=144 | RFE=30 | loss=ASYM (g_s=2.22, g_n=0.43, g_b=2.10) | alpha=[1.78, 0.45, 1.54], smooth=0.35
2026-03-24 08:00:54,493 - INFO - T152 E1/10 | [WARN] ZERO_PENALTY | L: 0.67895246/0.66628232 | F1 M MIN: 0.00000000 D: 0.00000000 | [S/N/B]: [0.4736/0.4076/0.0000] | LR: 0.00089291
2026-03-24 08:02:38,087 - INFO - T152 E2/10 | [WARN] ZERO_PENALTY | L: 0.64921913/0.66028754 | F1 M MIN: 0.00000000 D: 0.00000000 | [S/N/B]: [0.4849/0.4784/0.0000] | LR: 0.00082791
2026-03-24 08:04:22,475 - INFO - T152 E3/10 | [WARN] ZERO_PENALTY | L: 0.64379751/0.64960396 | F1 M MIN: 0.00000000 D: 0.00000000 | [S/N/B]: [0.5024/0.5725/0.0000] | LR: 0.00072666
2026-03-24 08:06:06,183 - INFO - T152 E4/10 | [WARN] ZERO_PENALTY | L: 0.64098978/0.65159195 | F1 M MIN: 0.00000000 D: 0.00000000 | [S/N/B]: [0.4934/0.5247/0.0000] | LR: 0.00059908
2026-03-24 08:06:06,263 - INFO - Trial 152 stopped early due to patience limit (4 epochs without improvement)
2026-03-24 08:06:06,537 - INFO - Trial 152 finished with value: 0.0 and parameters: {'tcn_channels': 512, 'lstm_hidden': 128, 'num_lstm_layers': 4, 'batch_size': 1024, 'dropout': 0.3389986416866704, 'seq_len': 144, 'lr': 0.0009153139901021888, 'weight_decay': 0.00025030909702125663, 'base_alpha_sell': 1.7820960122170155, 'base_alpha_neutral': 0.44838851769418697, 'base_alpha_buy': 1.5403529956391635, 'base_loss_gamma': 4.609209896518682, 'base_loss_smoothing': 0.3461337858084117, 'asym_gamma_sell': 2.223840182608248, 'asym_gamma_neu': 0.42688035259621476, 'asym_gamma_buy': 2.099676583506736}. Best is trial 104 with value: 0.4828262682077523.
2026-03-24 08:06:07,464 - INFO - 🔍 RAM-Safe Streaming Scan (Treino): 878 arquivos...
2026-03-24 08:07:01,741 - INFO - ✂️ Double-Chunking (Treino): Expondo fatias de 500,000 amostras aleatórias.
2026-03-24 08:07:01,742 - INFO - 🚀 Pre-loading 500,000 samples into RAM (Lightning Mode)...
2026-03-24 08:10:18,475 - INFO - ✅ RAM-Safe Streaming Dataset: 500,000 sequences indexed and PRE-LOADED.
2026-03-24 08:10:18,476 - INFO - ✅ RAM-Safe Streaming Dataset: 500,000 sequences indexed (Mode: Lightning).
2026-03-24 08:10:18,526 - INFO - 🔍 RAM-Safe Streaming Scan (Val): 274 arquivos...
2026-03-24 08:10:32,690 - INFO - ✂️ Double-Chunking (Val): Expondo fatias de 100,000 amostras aleatórias.
2026-03-24 08:10:32,690 - INFO - 🚀 Pre-loading 100,000 samples into RAM (Lightning Mode)...
2026-03-24 08:11:33,925 - INFO - ✅ RAM-Safe Streaming Dataset: 100,000 sequences indexed and PRE-LOADED.
2026-03-24 08:11:33,926 - INFO - ✅ RAM-Safe Streaming Dataset: 100,000 sequences indexed (Mode: Lightning).
2026-03-24 08:11:34,412 - INFO - Trial 153 START | tcn=64, lstm=128, layers=3, batch=1024, seq=96 | RFE=30 | loss=ASYM (g_s=2.22, g_n=0.34, g_b=1.32) | alpha=[1.70, 0.49, 1.48], smooth=0.24
2026-03-24 08:11:55,045 - INFO - T153 E1/10 | [WARN] ZERO_PENALTY | L: 0.73394448/0.69711620 | F1 M MIN: 0.00000000 D: 0.00000000 | [S/N/B]: [0.4917/0.5312/0.0000] | LR: 0.00029704
2026-03-24 08:12:15,397 - INFO - T153 E2/10 | [WARN] ZERO_PENALTY | L: 0.68970188/0.68091985 | F1 M MIN: 0.00000000 D: 0.00000000 | [S/N/B]: [0.5021/0.5776/0.0000] | LR: 0.00027541
2026-03-24 08:12:36,224 - INFO - T153 E3/10 | [OK] | L: 0.68032195/0.67128236 | F1 M MIN: 0.00014765 D: 0.25767375 | [S/N/B]: [0.5152/0.6350/0.0001] | LR: 0.00024173
2026-03-24 08:12:56,313 - INFO - T153 E4/10 | [OK] | L: 0.67520641/0.67381256 | F1 M MIN: 0.01439477 D: 0.26013873 | [S/N/B]: [0.5059/0.5958/0.0144] | LR: 0.00019929
2026-03-24 08:13:17,202 - INFO - T153 E5/10 | [OK] | L: 0.67177473/0.66825300 | F1 M MIN: 0.07640790 D: 0.29349778 | [S/N/B]: [0.5106/0.6275/0.0764] | LR: 0.00015224
2026-03-24 08:13:17,354 - INFO - Trial 153 pruned by Optuna at epoch 5
2026-03-24 08:13:17,455 - INFO - Trial 153 pruned.
2026-03-24 08:13:18,137 - INFO - 🔍 RAM-Safe Streaming Scan (Treino): 878 arquivos...
2026-03-24 08:14:11,994 - INFO - ✂️ Double-Chunking (Treino): Expondo fatias de 500,000 amostras aleatórias.
2026-03-24 08:14:11,995 - INFO - 🚀 Pre-loading 500,000 samples into RAM (Lightning Mode)...
2026-03-24 08:17:29,151 - INFO - ✅ RAM-Safe Streaming Dataset: 500,000 sequences indexed and PRE-LOADED.
2026-03-24 08:17:29,153 - INFO - ✅ RAM-Safe Streaming Dataset: 500,000 sequences indexed (Mode: Lightning).
2026-03-24 08:17:29,199 - INFO - 🔍 RAM-Safe Streaming Scan (Val): 274 arquivos...
2026-03-24 08:17:42,916 - INFO - ✂️ Double-Chunking (Val): Expondo fatias de 100,000 amostras aleatórias.
2026-03-24 08:17:42,916 - INFO - 🚀 Pre-loading 100,000 samples into RAM (Lightning Mode)...
2026-03-24 08:18:42,168 - INFO - ✅ RAM-Safe Streaming Dataset: 100,000 sequences indexed and PRE-LOADED.
2026-03-24 08:18:42,169 - INFO - ✅ RAM-Safe Streaming Dataset: 100,000 sequences indexed (Mode: Lightning).
2026-03-24 08:18:42,611 - INFO - Trial 154 START | tcn=256, lstm=128, layers=3, batch=1024, seq=96 | RFE=30 | loss=ASYM (g_s=1.60, g_n=0.18, g_b=2.22) | alpha=[1.57, 0.74, 1.46], smooth=0.35
2026-03-24 08:19:16,961 - INFO - T154 E1/10 | [WARN] ZERO_PENALTY | L: 0.80322884/0.81499292 | F1 M MIN: 0.00000000 D: 0.00000000 | [S/N/B]: [0.5408/0.7341/0.0000] | LR: 0.00082601
2026-03-24 08:19:51,091 - INFO - T154 E2/10 | [WARN] ZERO_PENALTY | L: 0.77456306/0.80434290 | F1 M MIN: 0.00000000 D: 0.00000000 | [S/N/B]: [0.5531/0.7703/0.0000] | LR: 0.00076588
2026-03-24 08:20:26,107 - INFO - T154 E3/10 | [WARN] ZERO_PENALTY | L: 0.76886278/0.79820594 | F1 M MIN: 0.00000000 D: 0.00000000 | [S/N/B]: [0.5646/0.7990/0.0000] | LR: 0.00067221
2026-03-24 08:21:00,408 - INFO - T154 E4/10 | [WARN] ZERO_PENALTY | L: 0.76544320/0.79422325 | F1 M MIN: 0.00000000 D: 0.00000000 | [S/N/B]: [0.5668/0.8051/0.0000] | LR: 0.00055419
2026-03-24 08:21:00,515 - INFO - Trial 154 stopped early due to patience limit (4 epochs without improvement)
2026-03-24 08:21:00,769 - INFO - Trial 154 finished with value: 0.0 and parameters: {'tcn_channels': 256, 'lstm_hidden': 128, 'num_lstm_layers': 3, 'batch_size': 1024, 'dropout': 0.32908655487242194, 'seq_len': 96, 'lr': 0.0008467323308350548, 'weight_decay': 0.00018544830366065243, 'base_alpha_sell': 1.5730830635086073, 'base_alpha_neutral': 0.7399411286474422, 'base_alpha_buy': 1.4591192721094102, 'base_loss_gamma': 4.0369135390142405, 'base_loss_smoothing': 0.3458236270846624, 'asym_gamma_sell': 1.5975752774774086, 'asym_gamma_neu': 0.18007769219074535, 'asym_gamma_buy': 2.222038821168818}. Best is trial 104 with value: 0.4828262682077523.
2026-03-24 08:21:01,677 - INFO - 🔍 RAM-Safe Streaming Scan (Treino): 878 arquivos...
2026-03-24 08:21:54,755 - INFO - ✂️ Double-Chunking (Treino): Expondo fatias de 500,000 amostras aleatórias.
2026-03-24 08:21:54,757 - INFO - 🚀 Pre-loading 500,000 samples into RAM (Lightning Mode)...
2026-03-24 08:25:14,976 - INFO - ✅ RAM-Safe Streaming Dataset: 500,000 sequences indexed and PRE-LOADED.
2026-03-24 08:25:14,978 - INFO - ✅ RAM-Safe Streaming Dataset: 500,000 sequences indexed (Mode: Lightning).
2026-03-24 08:25:15,029 - INFO - 🔍 RAM-Safe Streaming Scan (Val): 274 arquivos...
2026-03-24 08:25:29,002 - INFO - ✂️ Double-Chunking (Val): Expondo fatias de 100,000 amostras aleatórias.
2026-03-24 08:25:29,002 - INFO - 🚀 Pre-loading 100,000 samples into RAM (Lightning Mode)...
2026-03-24 08:26:28,662 - INFO - ✅ RAM-Safe Streaming Dataset: 100,000 sequences indexed and PRE-LOADED.
2026-03-24 08:26:28,664 - INFO - ✅ RAM-Safe Streaming Dataset: 100,000 sequences indexed (Mode: Lightning).
2026-03-24 08:26:29,268 - INFO - Trial 155 START | tcn=64, lstm=256, layers=2, batch=1024, seq=192 | RFE=30 | loss=ASYM (g_s=1.99, g_n=0.44, g_b=0.81) | alpha=[1.75, 0.37, 1.51], smooth=0.35
2026-03-24 08:27:10,397 - INFO - T155 E1/10 | [WARN] ZERO_PENALTY | L: 0.73916102/0.70830506 | F1 M MIN: 0.00000000 D: 0.00000000 | [S/N/B]: [0.4582/0.3089/0.0000] | LR: 0.00110726
2026-03-24 08:27:51,184 - INFO - T155 E2/10 | [OK] | L: 0.72134949/0.70048168 | F1 M MIN: 0.00278746 D: 0.23236173 | [S/N/B]: [0.4619/0.3392/0.0028] | LR: 0.00102665
2026-03-24 08:28:32,753 - INFO - T155 E3/10 | [OK] | L: 0.71750150/0.69848757 | F1 M MIN: 0.03087564 D: 0.25092746 | [S/N/B]: [0.4710/0.4181/0.0309] | LR: 0.00090110
2026-03-24 08:29:13,924 - INFO - T155 E4/10 | [OK] | L: 0.71439401/0.69153870 | F1 M MIN: 0.07185794 D: 0.27450848 | [S/N/B]: [0.4772/0.4795/0.0719] | LR: 0.00074289
2026-03-24 08:29:55,916 - INFO - T155 E5/10 | [OK] | L: 0.71132496/0.69443059 | F1 M MIN: 0.25365490 D: 0.36339103 | [S/N/B]: [0.4731/0.4128/0.2537] | LR: 0.00056752
2026-03-24 08:30:37,675 - INFO - T155 E6/10 | [OK] | L: 0.70713103/0.69015507 | F1 M MIN: 0.30610121 D: 0.39396258 | [S/N/B]: [0.4818/0.4666/0.3061] | LR: 0.00039215
2026-03-24 08:30:37,836 - INFO - Trial 155 pruned by Optuna at epoch 6
2026-03-24 08:30:37,980 - INFO - Trial 155 pruned.
2026-03-24 08:30:38,961 - INFO - 🔍 RAM-Safe Streaming Scan (Treino): 878 arquivos...
2026-03-24 08:31:33,341 - INFO - ✂️ Double-Chunking (Treino): Expondo fatias de 500,000 amostras aleatórias.
2026-03-24 08:31:33,342 - INFO - 🚀 Pre-loading 500,000 samples into RAM (Lightning Mode)...
2026-03-24 08:34:54,179 - INFO - ✅ RAM-Safe Streaming Dataset: 500,000 sequences indexed and PRE-LOADED.
2026-03-24 08:34:54,181 - INFO - ✅ RAM-Safe Streaming Dataset: 500,000 sequences indexed (Mode: Lightning).
2026-03-24 08:34:54,227 - INFO - 🔍 RAM-Safe Streaming Scan (Val): 274 arquivos...
2026-03-24 08:35:08,588 - INFO - ✂️ Double-Chunking (Val): Expondo fatias de 100,000 amostras aleatórias.
2026-03-24 08:35:08,589 - INFO - 🚀 Pre-loading 100,000 samples into RAM (Lightning Mode)...
2026-03-24 08:36:08,154 - INFO - ✅ RAM-Safe Streaming Dataset: 100,000 sequences indexed and PRE-LOADED.
2026-03-24 08:36:08,155 - INFO - ✅ RAM-Safe Streaming Dataset: 100,000 sequences indexed (Mode: Lightning).
2026-03-24 08:36:08,679 - INFO - Trial 156 START | tcn=256, lstm=128, layers=3, batch=2048, seq=96 | RFE=30 | loss=ASYM (g_s=0.53, g_n=0.14, g_b=0.65) | alpha=[1.29, 0.63, 1.25], smooth=0.20
2026-03-24 08:36:41,629 - INFO - T156 E1/10 | [OK] | L: 0.82561053/0.77298332 | F1 M MIN: 0.02670723 D: 0.29266122 | [S/N/B]: [0.5586/0.7673/0.0267] | LR: 0.00069824
2026-03-24 08:37:14,973 - INFO - T156 E2/10 | [OK] | L: 0.78292973/0.74485810 | F1 M MIN: 0.06676243 D: 0.32906240 | [S/N/B]: [0.5914/0.8325/0.0668] | LR: 0.00064741
2026-03-24 08:37:48,481 - INFO - T156 E3/10 | [OK] | L: 0.77164146/0.74447195 | F1 M MIN: 0.08519708 D: 0.33821731 | [S/N/B]: [0.5912/0.8168/0.0852] | LR: 0.00056823
2026-03-24 08:38:22,179 - INFO - T156 E4/10 | [OK] | L: 0.76631702/0.73772860 | F1 M MIN: 0.31420583 D: 0.42949034 | [S/N/B]: [0.5448/0.8354/0.3142] | LR: 0.00046847
2026-03-24 08:38:55,832 - INFO - T156 E5/10 | [OK] | L: 0.76243129/0.73687766 | F1 M MIN: 0.10416227 D: 0.34498037 | [S/N/B]: [0.5858/0.8286/0.1042] | LR: 0.00035788
2026-03-24 08:39:29,265 - INFO - T156 E6/10 | [OK] | L: 0.75941082/0.73326236 | F1 M MIN: 0.38996209 D: 0.45201225 | [S/N/B]: [0.5141/0.8350/0.3900] | LR: 0.00024729
2026-03-24 08:40:03,105 - INFO - T156 E7/10 | [OK] | L: 0.75649862/0.72996208 | F1 M MIN: 0.22646249 D: 0.40121003 | [S/N/B]: [0.5760/0.8408/0.2265] | LR: 0.00014752
2026-03-24 08:40:36,809 - INFO - T156 E8/10 | [OK] | L: 0.75405564/0.73084502 | F1 M MIN: 0.31161282 D: 0.43662643 | [S/N/B]: [0.5616/0.8329/0.3116] | LR: 0.00006835
2026-03-24 08:41:10,360 - INFO - T156 E9/10 | [OK] | L: 0.75207806/0.72912889 | F1 M MIN: 0.36698822 D: 0.45536086 | [S/N/B]: [0.5437/0.8355/0.3670] | LR: 0.00001752
2026-03-24 08:41:10,590 - INFO - Trial 156 pruned by Optuna at epoch 9
