2026-03-25 22:36:25,728 - INFO - Trial 298 finished with value: 0.48923564465571284 and parameters: {'tcn_channels': 512, 'lstm_hidden': 256, 'num_lstm_layers': 2, 'batch_size': 512, 'dropout': 0.22741106683853846, 'seq_len': 256, 'lr': 0.0007927263172717569, 'weight_decay': 0.002466964944128297, 'base_alpha_sell': 1.3640083594949544, 'base_alpha_neutral': 0.7749719529691053, 'base_alpha_buy': 1.5065885615987251, 'base_loss_gamma': 1.8062239473820438, 'base_loss_smoothing': 0.3153176114973022, 'asym_gamma_sell': 2.73214862771899, 'asym_gamma_neu': 0.3866714713595819, 'asym_gamma_buy': 3.2539631257764556}. Best is trial 298 with value: 0.48923564465571284.
2026-03-25 22:36:26,286 - INFO - 🔍 RAM-Safe Streaming Scan (Treino): 878 arquivos...
2026-03-25 22:37:15,955 - INFO - ✂️ Double-Chunking (Treino): Expondo fatias de 500,000 amostras aleatórias.
2026-03-25 22:37:15,956 - INFO - 🚀 Pre-loading 500,000 samples into RAM (Lightning Mode)...
2026-03-25 22:40:34,382 - INFO - ✅ RAM-Safe Streaming Dataset: 500,000 sequences indexed and PRE-LOADED.
2026-03-25 22:40:34,383 - INFO - ✅ RAM-Safe Streaming Dataset: 500,000 sequences indexed (Mode: Lightning).
2026-03-25 22:40:34,434 - INFO - 🔍 RAM-Safe Streaming Scan (Val): 274 arquivos...
2026-03-25 22:40:47,294 - INFO - ✂️ Double-Chunking (Val): Expondo fatias de 100,000 amostras aleatórias.
2026-03-25 22:40:47,295 - INFO - 🚀 Pre-loading 100,000 samples into RAM (Lightning Mode)...
2026-03-25 22:41:46,233 - INFO - ✅ RAM-Safe Streaming Dataset: 100,000 sequences indexed and PRE-LOADED.
2026-03-25 22:41:46,234 - INFO - ✅ RAM-Safe Streaming Dataset: 100,000 sequences indexed (Mode: Lightning).
2026-03-25 22:41:46,618 - INFO - Trial 299 START | tcn=256, lstm=256, layers=2, batch=512, seq=256 | RFE=30 | loss=ASYM (g_s=3.13, g_n=1.02, g_b=2.56) | alpha=[1.52, 0.89, 1.58], smooth=0.30
2026-03-25 22:43:29,001 - INFO - T299 E1/10 | [WARN] ZERO_PENALTY | L: 0.63635641/0.62632606 | F1 M MIN: 0.00000000 D: 0.00000000 | [S/N/B]: [0.0000/0.8232/0.5621] | LR: 0.00162942
2026-03-25 22:45:12,635 - INFO - T299 E2/10 | [OK] | L: 0.60973677/0.62142884 | F1 M MIN: 0.07393665 D: 0.31341002 | [S/N/B]: [0.0739/0.8240/0.5529] | LR: 0.00151080
2026-03-25 22:46:56,489 - INFO - T299 E3/10 | [OK] | L: 0.60382158/0.61134268 | F1 M MIN: 0.13276980 D: 0.34592594 | [S/N/B]: [0.1328/0.8563/0.5591] | LR: 0.00132603
2026-03-25 22:48:40,747 - INFO - T299 E4/10 | [OK] | L: 0.59949719/0.60974759 | F1 M MIN: 0.42146888 D: 0.46451407 | [S/N/B]: [0.5076/0.8453/0.4215] | LR: 0.00109322
2026-03-25 22:50:24,906 - INFO - T299 E5/10 | [OK] | L: 0.59274529/0.60505194 | F1 M MIN: 0.39139553 D: 0.46857620 | [S/N/B]: [0.3914/0.8296/0.5458] | LR: 0.00083515
2026-03-25 22:52:09,208 - INFO - T299 E6/10 | [OK] | L: 0.58680407/0.60249219 | F1 M MIN: 0.39485313 D: 0.47351248 | [S/N/B]: [0.3949/0.8365/0.5522] | LR: 0.00057707
2026-03-25 22:53:53,309 - INFO - T299 E7/10 | [OK] | L: 0.58249955/0.59960733 | F1 M MIN: 0.44299804 D: 0.49284001 | [S/N/B]: [0.4430/0.8431/0.5427] | LR: 0.00034426
2026-03-25 22:55:37,515 - INFO - T299 E8/10 | [OK] | L: 0.57826750/0.59986368 | F1 M MIN: 0.43077243 D: 0.48773074 | [S/N/B]: [0.4308/0.8365/0.5447] | LR: 0.00015950
2026-03-25 22:57:21,940 - INFO - T299 E9/10 | [OK] | L: 0.57496866/0.59884391 | F1 M MIN: 0.50351096 D: 0.50537286 | [S/N/B]: [0.5035/0.8351/0.5072] | LR: 0.00004088
2026-03-25 22:57:21,971 - INFO - [BEST MACRO]  Trial 299 | Global F1 M MIN record: 0.50351096 (prev: 0.48923564) -> saved best_tcn_lstm.pt
2026-03-25 22:57:22,010 - INFO - [BEST DIR]    Trial 299 | Global F1 Dir record: 0.50537286 (prev: 0.50094581) -> saved best_tcn_lstm_dir.pt
2026-03-25 22:59:06,230 - INFO - T299 E10/10 | [OK] | L: 0.57282945/0.59829028 | F1 M MIN: 0.49484797 D: 0.50518647 | [S/N/B]: [0.4948/0.8367/0.5155] | LR: 0.00000000
2026-03-25 22:59:06,581 - INFO - Trial 299 finished with value: 0.5035109606130814 and parameters: {'tcn_channels': 256, 'lstm_hidden': 256, 'num_lstm_layers': 2, 'batch_size': 512, 'dropout': 0.26058341897083437, 'seq_len': 256, 'lr': 0.0016702948153023611, 'weight_decay': 0.008991578426007705, 'base_alpha_sell': 1.5210255396785446, 'base_alpha_neutral': 0.8890203028837561, 'base_alpha_buy': 1.5838523504198672, 'base_loss_gamma': 2.3602843212592193, 'base_loss_smoothing': 0.2974370070734791, 'asym_gamma_sell': 3.1278377755308733, 'asym_gamma_neu': 1.020030056157076, 'asym_gamma_buy': 2.5597620673041366}. Best is trial 299 with value: 0.5035109606130814.
2026-03-25 22:59:07,139 - INFO - 🔍 RAM-Safe Streaming Scan (Treino): 878 arquivos...
2026-03-25 22:59:57,377 - INFO - ✂️ Double-Chunking (Treino): Expondo fatias de 500,000 amostras aleatórias.
2026-03-25 22:59:57,378 - INFO - 🚀 Pre-loading 500,000 samples into RAM (Lightning Mode)...
2026-03-25 23:03:15,198 - INFO - ✅ RAM-Safe Streaming Dataset: 500,000 sequences indexed and PRE-LOADED.
2026-03-25 23:03:15,199 - INFO - ✅ RAM-Safe Streaming Dataset: 500,000 sequences indexed (Mode: Lightning).
2026-03-25 23:03:15,251 - INFO - 🔍 RAM-Safe Streaming Scan (Val): 274 arquivos...
2026-03-25 23:03:28,275 - INFO - ✂️ Double-Chunking (Val): Expondo fatias de 100,000 amostras aleatórias.
2026-03-25 23:03:28,276 - INFO - 🚀 Pre-loading 100,000 samples into RAM (Lightning Mode)...
2026-03-25 23:04:26,455 - INFO - ✅ RAM-Safe Streaming Dataset: 100,000 sequences indexed and PRE-LOADED.
2026-03-25 23:04:26,457 - INFO - ✅ RAM-Safe Streaming Dataset: 100,000 sequences indexed (Mode: Lightning).
2026-03-25 23:04:26,842 - INFO - Trial 300 START | tcn=256, lstm=256, layers=2, batch=512, seq=256 | RFE=30 | loss=ASYM (g_s=3.54, g_n=1.41, g_b=2.65) | alpha=[1.34, 1.00, 1.60], smooth=0.34
2026-03-25 23:06:09,415 - INFO - T300 E1/10 | [WARN] ZERO_PENALTY | L: 0.57731835/0.57388677 | F1 M MIN: 0.00000000 D: 0.00000000 | [S/N/B]: [0.0000/0.8421/0.5711] | LR: 0.00168565
2026-03-25 23:07:53,245 - INFO - T300 E2/10 | [WARN] ZERO_PENALTY | L: 0.55736795/0.56287625 | F1 M MIN: 0.00000000 D: 0.00000000 | [S/N/B]: [0.0000/0.8633/0.5837] | LR: 0.00156294
2026-03-25 23:09:37,292 - INFO - T300 E3/10 | [WARN] ZERO_PENALTY | L: 0.55274000/0.56449904 | F1 M MIN: 0.00000000 D: 0.00000000 | [S/N/B]: [0.0000/0.8463/0.5743] | LR: 0.00137180
2026-03-25 23:11:21,507 - INFO - T300 E4/10 | [WARN] ZERO_PENALTY | L: 0.54937238/0.55776542 | F1 M MIN: 0.00000000 D: 0.00000000 | [S/N/B]: [0.0000/0.8637/0.5833] | LR: 0.00113095
2026-03-25 23:11:21,562 - INFO - Trial 300 stopped early due to patience limit (4 epochs without improvement)
2026-03-25 23:11:21,789 - INFO - Trial 300 finished with value: 0.0 and parameters: {'tcn_channels': 256, 'lstm_hidden': 256, 'num_lstm_layers': 2, 'batch_size': 512, 'dropout': 0.3343258137835642, 'seq_len': 256, 'lr': 0.0017279403137902523, 'weight_decay': 0.005043106140223203, 'base_alpha_sell': 1.3398745795749671, 'base_alpha_neutral': 0.9972493297053004, 'base_alpha_buy': 1.6004316114404453, 'base_loss_gamma': 1.3202294270696262, 'base_loss_smoothing': 0.34404764743475724, 'asym_gamma_sell': 3.53839053788748, 'asym_gamma_neu': 1.4108647125359692, 'asym_gamma_buy': 2.6531568127664324}. Best is trial 299 with value: 0.5035109606130814.
2026-03-25 23:11:22,364 - INFO - 🔍 RAM-Safe Streaming Scan (Treino): 878 arquivos...
2026-03-25 23:12:12,357 - INFO - ✂️ Double-Chunking (Treino): Expondo fatias de 500,000 amostras aleatórias.
2026-03-25 23:12:12,358 - INFO - 🚀 Pre-loading 500,000 samples into RAM (Lightning Mode)...
2026-03-25 23:15:24,418 - INFO - ✅ RAM-Safe Streaming Dataset: 500,000 sequences indexed and PRE-LOADED.
2026-03-25 23:15:24,419 - INFO - ✅ RAM-Safe Streaming Dataset: 500,000 sequences indexed (Mode: Lightning).
2026-03-25 23:15:24,473 - INFO - 🔍 RAM-Safe Streaming Scan (Val): 274 arquivos...
2026-03-25 23:15:37,227 - INFO - ✂️ Double-Chunking (Val): Expondo fatias de 100,000 amostras aleatórias.
2026-03-25 23:15:37,228 - INFO - 🚀 Pre-loading 100,000 samples into RAM (Lightning Mode)...
2026-03-25 23:16:34,104 - INFO - ✅ RAM-Safe Streaming Dataset: 100,000 sequences indexed and PRE-LOADED.
2026-03-25 23:16:34,110 - INFO - ✅ RAM-Safe Streaming Dataset: 100,000 sequences indexed (Mode: Lightning).
2026-03-25 23:16:34,448 - INFO - Trial 301 START | tcn=256, lstm=64, layers=2, batch=512, seq=256 | RFE=30 | loss=ASYM (g_s=2.12, g_n=0.67, g_b=2.17) | alpha=[1.43, 1.06, 1.36], smooth=0.31
2026-03-25 23:17:53,436 - INFO - T301 E1/10 | [OK] | L: 0.73860316/0.73483529 | F1 M MIN: 0.01349663 D: 0.29965427 | [S/N/B]: [0.5858/0.8441/0.0135] | LR: 0.00074353
2026-03-25 23:19:13,202 - INFO - T301 E2/10 | [WARN] ZERO_PENALTY | L: 0.70423668/0.71017551 | F1 M MIN: 0.00000000 D: 0.00000000 | [S/N/B]: [0.6052/0.8803/0.0000] | LR: 0.00068940
2026-03-25 23:20:33,230 - INFO - T301 E3/10 | [WARN] ZERO_PENALTY | L: 0.69795924/0.71034508 | F1 M MIN: 0.00000000 D: 0.00000000 | [S/N/B]: [0.6006/0.8741/0.0000] | LR: 0.00060509
2026-03-25 23:21:53,297 - INFO - T301 E4/10 | [WARN] ZERO_PENALTY | L: 0.69424080/0.70979475 | F1 M MIN: 0.00000000 D: 0.00000000 | [S/N/B]: [0.6006/0.8744/0.0000] | LR: 0.00049885
2026-03-25 23:23:13,222 - INFO - T301 E5/10 | [WARN] ZERO_PENALTY | L: 0.69142308/0.70769820 | F1 M MIN: 0.00000000 D: 0.00000000 | [S/N/B]: [0.6007/0.8753/0.0000] | LR: 0.00038109
2026-03-25 23:23:13,262 - INFO - Trial 301 stopped early due to patience limit (4 epochs without improvement)
2026-03-25 23:23:13,493 - INFO - Trial 301 finished with value: 0.013496625843539115 and parameters: {'tcn_channels': 256, 'lstm_hidden': 64, 'num_lstm_layers': 2, 'batch_size': 512, 'dropout': 0.21437325917435301, 'seq_len': 256, 'lr': 0.0007621811524604317, 'weight_decay': 0.006411020266088663, 'base_alpha_sell': 1.4295688179581172, 'base_alpha_neutral': 1.0611427729537761, 'base_alpha_buy': 1.3649422676234537, 'base_loss_gamma': 1.5182423084048744, 'base_loss_smoothing': 0.3120238170274302, 'asym_gamma_sell': 2.1245554251656134, 'asym_gamma_neu': 0.6689107946564925, 'asym_gamma_buy': 2.1721025763642015}. Best is trial 299 with value: 0.5035109606130814.
2026-03-25 23:23:14,260 - INFO - 🔍 RAM-Safe Streaming Scan (Treino): 878 arquivos...
2026-03-25 23:24:04,772 - INFO - ✂️ Double-Chunking (Treino): Expondo fatias de 500,000 amostras aleatórias.
2026-03-25 23:24:04,773 - INFO - 🚀 Pre-loading 500,000 samples into RAM (Lightning Mode)...
2026-03-25 23:27:18,110 - INFO - ✅ RAM-Safe Streaming Dataset: 500,000 sequences indexed and PRE-LOADED.
2026-03-25 23:27:18,112 - INFO - ✅ RAM-Safe Streaming Dataset: 500,000 sequences indexed (Mode: Lightning).
2026-03-25 23:27:18,157 - INFO - 🔍 RAM-Safe Streaming Scan (Val): 274 arquivos...
2026-03-25 23:27:30,727 - INFO - ✂️ Double-Chunking (Val): Expondo fatias de 100,000 amostras aleatórias.
2026-03-25 23:27:30,727 - INFO - 🚀 Pre-loading 100,000 samples into RAM (Lightning Mode)...
2026-03-25 23:28:30,028 - INFO - ✅ RAM-Safe Streaming Dataset: 100,000 sequences indexed and PRE-LOADED.
2026-03-25 23:28:30,029 - INFO - ✅ RAM-Safe Streaming Dataset: 100,000 sequences indexed (Mode: Lightning).
2026-03-25 23:28:30,470 - INFO - Trial 302 START | tcn=512, lstm=256, layers=2, batch=512, seq=256 | RFE=30 | loss=ASYM (g_s=3.73, g_n=0.74, g_b=4.19) | alpha=[1.17, 0.85, 1.37], smooth=0.33
2026-03-25 23:31:38,958 - INFO - T302 E1/10 | [OK] | L: 0.38714507/0.43060007 | F1 M MIN: 0.00035969 D: 0.29017491 | [S/N/B]: [0.0004/0.8548/0.5800] | LR: 0.00126979
2026-03-25 23:34:49,349 - INFO - T302 E2/10 | [WARN] ZERO_PENALTY | L: 0.37173707/0.42378373 | F1 M MIN: 0.00000000 D: 0.00000000 | [S/N/B]: [0.0000/0.8614/0.5834] | LR: 0.00117735
2026-03-25 23:37:59,601 - INFO - T302 E3/10 | [OK] | L: 0.36756669/0.42031537 | F1 M MIN: 0.00014391 D: 0.29363911 | [S/N/B]: [0.0001/0.8687/0.5871] | LR: 0.00103337
2026-03-25 23:41:10,137 - INFO - T302 E4/10 | [OK] | L: 0.36493395/0.41691405 | F1 M MIN: 0.17008103 D: 0.36941882 | [S/N/B]: [0.1701/0.8750/0.5688] | LR: 0.00085194
2026-03-25 23:44:20,810 - INFO - T302 E5/10 | [OK] | L: 0.36232078/0.41590454 | F1 M MIN: 0.28481870 D: 0.42059514 | [S/N/B]: [0.2848/0.8717/0.5564] | LR: 0.00065082
2026-03-25 23:47:31,661 - INFO - T302 E6/10 | [OK] | L: 0.35940246/0.41409273 | F1 M MIN: 0.40254527 D: 0.47529899 | [S/N/B]: [0.4025/0.8681/0.5481] | LR: 0.00044971
2026-03-25 23:50:42,447 - INFO - T302 E7/10 | [OK] | L: 0.35641918/0.41063685 | F1 M MIN: 0.34795862 D: 0.46089770 | [S/N/B]: [0.3480/0.8761/0.5738] | LR: 0.00026828
2026-03-25 23:50:42,555 - INFO - Trial 302 pruned by Optuna at epoch 7
2026-03-25 23:50:42,671 - INFO - Trial 302 pruned.
2026-03-25 23:50:43,398 - INFO - 🔍 RAM-Safe Streaming Scan (Treino): 878 arquivos...
2026-03-25 23:51:33,099 - INFO - ✂️ Double-Chunking (Treino): Expondo fatias de 500,000 amostras aleatórias.
2026-03-25 23:51:33,100 - INFO - 🚀 Pre-loading 500,000 samples into RAM (Lightning Mode)...
2026-03-25 23:54:45,360 - INFO - ✅ RAM-Safe Streaming Dataset: 500,000 sequences indexed and PRE-LOADED.
2026-03-25 23:54:45,362 - INFO - ✅ RAM-Safe Streaming Dataset: 500,000 sequences indexed (Mode: Lightning).
2026-03-25 23:54:45,407 - INFO - 🔍 RAM-Safe Streaming Scan (Val): 274 arquivos...
2026-03-25 23:54:58,295 - INFO - ✂️ Double-Chunking (Val): Expondo fatias de 100,000 amostras aleatórias.
2026-03-25 23:54:58,295 - INFO - 🚀 Pre-loading 100,000 samples into RAM (Lightning Mode)...
2026-03-25 23:55:55,758 - INFO - ✅ RAM-Safe Streaming Dataset: 100,000 sequences indexed and PRE-LOADED.
2026-03-25 23:55:55,759 - INFO - ✅ RAM-Safe Streaming Dataset: 100,000 sequences indexed (Mode: Lightning).
2026-03-25 23:55:56,147 - INFO - Trial 303 START | tcn=512, lstm=256, layers=2, batch=512, seq=256 | RFE=30 | loss=ASYM (g_s=1.42, g_n=0.48, g_b=3.48) | alpha=[1.27, 0.77, 1.43], smooth=0.26
2026-03-25 23:59:04,477 - INFO - T303 E1/10 | [OK] | L: 0.57490647/0.57922669 | F1 M MIN: 0.10907156 D: 0.35802244 | [S/N/B]: [0.6070/0.8214/0.1091] | LR: 0.00098757
2026-03-26 00:02:14,772 - INFO - T303 E2/10 | [OK] | L: 0.54937290/0.57005154 | F1 M MIN: 0.25939001 D: 0.42373958 | [S/N/B]: [0.5881/0.8422/0.2594] | LR: 0.00091568
2026-03-26 00:05:25,279 - INFO - T303 E3/10 | [OK] | L: 0.54320740/0.56080631 | F1 M MIN: 0.26830348 D: 0.43392671 | [S/N/B]: [0.5995/0.8564/0.2683] | LR: 0.00080369
2026-03-26 00:08:36,082 - INFO - T303 E4/10 | [OK] | L: 0.53639381/0.55908750 | F1 M MIN: 0.39010208 D: 0.47793563 | [S/N/B]: [0.5658/0.8405/0.3901] | LR: 0.00066259
2026-03-26 00:11:46,791 - INFO - T303 E5/10 | [OK] | L: 0.53122421/0.55718791 | F1 M MIN: 0.46892468 D: 0.50227725 | [S/N/B]: [0.5356/0.8471/0.4689] | LR: 0.00050617
2026-03-26 00:14:57,670 - INFO - T303 E6/10 | [OK] | L: 0.52719470/0.55379061 | F1 M MIN: 0.41030394 D: 0.48970236 | [S/N/B]: [0.5691/0.8507/0.4103] | LR: 0.00034976
2026-03-26 00:18:08,416 - INFO - T303 E7/10 | [OK] | L: 0.52341605/0.55458510 | F1 M MIN: 0.35887971 D: 0.47606967 | [S/N/B]: [0.5933/0.8471/0.3589] | LR: 0.00020865
2026-03-26 00:21:19,255 - INFO - T303 E8/10 | [OK] | L: 0.52008477/0.55246498 | F1 M MIN: 0.39447198 D: 0.48927334 | [S/N/B]: [0.5841/0.8459/0.3945] | LR: 0.00009667
2026-03-26 00:24:30,136 - INFO - T303 E9/10 | [OK] | L: 0.51728994/0.55223498 | F1 M MIN: 0.46352461 D: 0.50802013 | [S/N/B]: [0.5525/0.8457/0.4635] | LR: 0.00002477
2026-03-26 00:24:30,187 - INFO - [BEST DIR]    Trial 303 | Global F1 Dir record: 0.50802013 (prev: 0.50537286) -> saved best_tcn_lstm_dir.pt
2026-03-26 00:24:30,270 - INFO - Trial 303 stopped early due to patience limit (4 epochs without improvement)
2026-03-26 00:24:30,531 - INFO - Trial 303 finished with value: 0.4689246843709186 and parameters: {'tcn_channels': 512, 'lstm_hidden': 256, 'num_lstm_layers': 2, 'batch_size': 512, 'dropout': 0.27254590007651947, 'seq_len': 256, 'lr': 0.0010123454021444861, 'weight_decay': 0.0007933250652907858, 'base_alpha_sell': 1.2680704977363295, 'base_alpha_neutral': 0.770060434569834, 'base_alpha_buy': 1.4340784664163644, 'base_loss_gamma': 2.9897180326365174, 'base_loss_smoothing': 0.2575973684026184, 'asym_gamma_sell': 1.4156285604816, 'asym_gamma_neu': 0.4841997173951291, 'asym_gamma_buy': 3.480274698840462}. Best is trial 299 with value: 0.5035109606130814.
2026-03-26 00:24:31,084 - INFO - 🔍 RAM-Safe Streaming Scan (Treino): 878 arquivos...
2026-03-26 00:25:21,084 - INFO - ✂️ Double-Chunking (Treino): Expondo fatias de 500,000 amostras aleatórias.
2026-03-26 00:25:21,085 - INFO - 🚀 Pre-loading 500,000 samples into RAM (Lightning Mode)...
2026-03-26 00:28:28,670 - INFO - ✅ RAM-Safe Streaming Dataset: 500,000 sequences indexed and PRE-LOADED.
2026-03-26 00:28:28,671 - INFO - ✅ RAM-Safe Streaming Dataset: 500,000 sequences indexed (Mode: Lightning).
2026-03-26 00:28:28,720 - INFO - 🔍 RAM-Safe Streaming Scan (Val): 274 arquivos...
2026-03-26 00:28:41,282 - INFO - ✂️ Double-Chunking (Val): Expondo fatias de 100,000 amostras aleatórias.
2026-03-26 00:28:41,283 - INFO - 🚀 Pre-loading 100,000 samples into RAM (Lightning Mode)...
2026-03-26 00:29:37,969 - INFO - ✅ RAM-Safe Streaming Dataset: 100,000 sequences indexed and PRE-LOADED.
2026-03-26 00:29:37,970 - INFO - ✅ RAM-Safe Streaming Dataset: 100,000 sequences indexed (Mode: Lightning).
2026-03-26 00:29:38,359 - INFO - Trial 304 START | tcn=512, lstm=256, layers=2, batch=512, seq=256 | RFE=30 | loss=ASYM (g_s=1.58, g_n=0.56, g_b=2.87) | alpha=[1.40, 0.68, 1.35], smooth=0.15
2026-03-26 00:32:46,700 - INFO - T304 E1/10 | [OK] | L: 0.52814741/0.50744334 | F1 M MIN: 0.00095353 D: 0.28397942 | [S/N/B]: [0.5670/0.8016/0.0010] | LR: 0.00070940
2026-03-26 00:35:56,827 - INFO - T304 E2/10 | [OK] | L: 0.49458132/0.49249275 | F1 M MIN: 0.07980613 D: 0.32857403 | [S/N/B]: [0.5773/0.8206/0.0798] | LR: 0.00065776
2026-03-26 00:39:07,398 - INFO - T304 E3/10 | [OK] | L: 0.48404299/0.48816558 | F1 M MIN: 0.23634167 D: 0.41105818 | [S/N/B]: [0.5858/0.8108/0.2363] | LR: 0.00057732
2026-03-26 00:42:18,138 - INFO - T304 E4/10 | [OK] | L: 0.47569591/0.48021762 | F1 M MIN: 0.37166222 D: 0.47248651 | [S/N/B]: [0.5733/0.8303/0.3717] | LR: 0.00047596
2026-03-26 00:45:28,855 - INFO - T304 E5/10 | [OK] | L: 0.46915867/0.48226526 | F1 M MIN: 0.39128480 D: 0.47722741 | [S/N/B]: [0.5632/0.8070/0.3913] | LR: 0.00036360
2026-03-26 00:48:39,756 - INFO - T304 E6/10 | [OK] | L: 0.46393741/0.47655203 | F1 M MIN: 0.34059538 D: 0.45986563 | [S/N/B]: [0.5791/0.8184/0.3406] | LR: 0.00025124
2026-03-26 00:48:39,847 - INFO - Trial 304 pruned by Optuna at epoch 6
2026-03-26 00:48:39,950 - INFO - Trial 304 pruned.
2026-03-26 00:48:40,592 - INFO - 🔍 RAM-Safe Streaming Scan (Treino): 878 arquivos...
2026-03-26 00:49:29,366 - INFO - ✂️ Double-Chunking (Treino): Expondo fatias de 500,000 amostras aleatórias.
2026-03-26 00:49:29,367 - INFO - 🚀 Pre-loading 500,000 samples into RAM (Lightning Mode)...
2026-03-26 00:52:35,416 - INFO - ✅ RAM-Safe Streaming Dataset: 500,000 sequences indexed and PRE-LOADED.
2026-03-26 00:52:35,417 - INFO - ✅ RAM-Safe Streaming Dataset: 500,000 sequences indexed (Mode: Lightning).
2026-03-26 00:52:35,462 - INFO - 🔍 RAM-Safe Streaming Scan (Val): 274 arquivos...
2026-03-26 00:52:47,946 - INFO - ✂️ Double-Chunking (Val): Expondo fatias de 100,000 amostras aleatórias.
2026-03-26 00:52:47,946 - INFO - 🚀 Pre-loading 100,000 samples into RAM (Lightning Mode)...
2026-03-26 00:53:44,802 - INFO - ✅ RAM-Safe Streaming Dataset: 100,000 sequences indexed and PRE-LOADED.
2026-03-26 00:53:44,829 - INFO - ✅ RAM-Safe Streaming Dataset: 100,000 sequences indexed (Mode: Lightning).
2026-03-26 00:53:45,233 - INFO - Trial 305 START | tcn=512, lstm=256, layers=3, batch=512, seq=256 | RFE=30 | loss=ASYM (g_s=1.48, g_n=0.77, g_b=2.74) | alpha=[1.32, 0.66, 1.40], smooth=0.26
2026-03-26 00:57:05,902 - INFO - T305 E1/10 | [OK] | L: 0.55095733/0.52920056 | F1 M MIN: 0.15249468 D: 0.37971645 | [S/N/B]: [0.6069/0.8065/0.1525] | LR: 0.00187800
2026-03-26 01:00:28,673 - INFO - T305 E2/10 | [OK] | L: 0.52814347/0.52244649 | F1 M MIN: 0.14005464 D: 0.37869396 | [S/N/B]: [0.6173/0.7999/0.1401] | LR: 0.00174128
2026-03-26 01:03:51,485 - INFO - T305 E3/10 | [OK] | L: 0.52280418/0.51882869 | F1 M MIN: 0.09528073 D: 0.35271212 | [S/N/B]: [0.6101/0.8207/0.0953] | LR: 0.00152833
2026-03-26 01:07:14,514 - INFO - T305 E4/10 | [OK] | L: 0.51959866/0.51997344 | F1 M MIN: 0.23472357 D: 0.41521526 | [S/N/B]: [0.5957/0.8158/0.2347] | LR: 0.00126000
2026-03-26 01:10:37,497 - INFO - T305 E5/10 | [OK] | L: 0.51696169/0.52123402 | F1 M MIN: 0.15716326 D: 0.36946196 | [S/N/B]: [0.5818/0.8116/0.1572] | LR: 0.00096256
2026-03-26 01:10:37,593 - INFO - Trial 305 pruned by Optuna at epoch 5
