2026-03-24 22:38:23,656 - INFO - Trial 201 finished with value: 0.43069372345445966 and parameters: {'tcn_channels': 512, 'lstm_hidden': 64, 'num_lstm_layers': 2, 'batch_size': 512, 'dropout': 0.23086776807856038, 'seq_len': 192, 'lr': 0.0016548498263908617, 'weight_decay': 0.006836482328247263, 'base_alpha_sell': 0.9323852531151131, 'base_alpha_neutral': 0.9091579374347243, 'base_alpha_buy': 1.115447655122717, 'base_loss_gamma': 1.4156522001570484, 'base_loss_smoothing': 0.22995743476792602, 'asym_gamma_sell': 0.6509619415026562, 'asym_gamma_neu': 0.5735261292466676, 'asym_gamma_buy': 1.7108799024321029}. Best is trial 193 with value: 0.4857577883085556.
2026-03-24 22:38:24,153 - INFO - 🔍 RAM-Safe Streaming Scan (Treino): 878 arquivos...
2026-03-24 22:39:12,601 - INFO - ✂️ Double-Chunking (Treino): Expondo fatias de 500,000 amostras aleatórias.
2026-03-24 22:39:12,611 - INFO - 🚀 Pre-loading 500,000 samples into RAM (Lightning Mode)...
2026-03-24 22:42:25,921 - INFO - ✅ RAM-Safe Streaming Dataset: 500,000 sequences indexed and PRE-LOADED.
2026-03-24 22:42:25,922 - INFO - ✅ RAM-Safe Streaming Dataset: 500,000 sequences indexed (Mode: Lightning).
2026-03-24 22:42:25,974 - INFO - 🔍 RAM-Safe Streaming Scan (Val): 274 arquivos...
2026-03-24 22:42:38,655 - INFO - ✂️ Double-Chunking (Val): Expondo fatias de 100,000 amostras aleatórias.
2026-03-24 22:42:38,655 - INFO - 🚀 Pre-loading 100,000 samples into RAM (Lightning Mode)...
2026-03-24 22:43:37,181 - INFO - ✅ RAM-Safe Streaming Dataset: 100,000 sequences indexed and PRE-LOADED.
2026-03-24 22:43:37,182 - INFO - ✅ RAM-Safe Streaming Dataset: 100,000 sequences indexed (Mode: Lightning).
2026-03-24 22:43:37,546 - INFO - Trial 202 START | tcn=64, lstm=256, layers=2, batch=512, seq=256 | RFE=30 | loss=ASYM (g_s=2.17, g_n=0.95, g_b=1.18) | alpha=[1.94, 0.38, 1.61], smooth=0.31
2026-03-24 22:44:38,713 - INFO - T202 E1/10 | [OK] | L: 0.71154145/0.65388179 | F1 M MIN: 0.00022239 D: 0.22501705 | [S/N/B]: [0.4498/0.2124/0.0002] | LR: 0.00079452
2026-03-24 22:45:41,447 - INFO - T202 E2/10 | [OK] | L: 0.69418765/0.64485853 | F1 M MIN: 0.03922540 D: 0.24948637 | [S/N/B]: [0.4597/0.3266/0.0392] | LR: 0.00073668
2026-03-24 22:46:39,246 - INFO - T202 E3/10 | [OK] | L: 0.68820331/0.64732830 | F1 M MIN: 0.03337822 D: 0.25017087 | [S/N/B]: [0.4670/0.3473/0.0334] | LR: 0.00064659
2026-03-24 22:47:41,306 - INFO - T202 E4/10 | [OK] | L: 0.67964045/0.63337538 | F1 M MIN: 0.32925035 D: 0.40291766 | [S/N/B]: [0.4766/0.4423/0.3293] | LR: 0.00053307
2026-03-24 22:48:43,946 - INFO - T202 E5/10 | [OK] | L: 0.67386175/0.63197202 | F1 M MIN: 0.31128405 D: 0.39286063 | [S/N/B]: [0.4744/0.4224/0.3113] | LR: 0.00040723
2026-03-24 22:49:45,813 - INFO - T202 E6/10 | [OK] | L: 0.67013974/0.63118962 | F1 M MIN: 0.29591535 D: 0.38750609 | [S/N/B]: [0.4791/0.3785/0.2959] | LR: 0.00028139
2026-03-24 22:49:45,888 - INFO - Trial 202 pruned by Optuna at epoch 6
2026-03-24 22:49:45,979 - INFO - Trial 202 pruned.
2026-03-24 22:49:46,622 - INFO - 🔍 RAM-Safe Streaming Scan (Treino): 878 arquivos...
2026-03-24 22:50:35,911 - INFO - ✂️ Double-Chunking (Treino): Expondo fatias de 500,000 amostras aleatórias.
2026-03-24 22:50:35,913 - INFO - 🚀 Pre-loading 500,000 samples into RAM (Lightning Mode)...
2026-03-24 22:53:49,250 - INFO - ✅ RAM-Safe Streaming Dataset: 500,000 sequences indexed and PRE-LOADED.
2026-03-24 22:53:49,251 - INFO - ✅ RAM-Safe Streaming Dataset: 500,000 sequences indexed (Mode: Lightning).
2026-03-24 22:53:49,301 - INFO - 🔍 RAM-Safe Streaming Scan (Val): 274 arquivos...
2026-03-24 22:54:01,649 - INFO - ✂️ Double-Chunking (Val): Expondo fatias de 100,000 amostras aleatórias.
2026-03-24 22:54:01,650 - INFO - 🚀 Pre-loading 100,000 samples into RAM (Lightning Mode)...
2026-03-24 22:54:57,806 - INFO - ✅ RAM-Safe Streaming Dataset: 100,000 sequences indexed and PRE-LOADED.
2026-03-24 22:54:57,810 - INFO - ✅ RAM-Safe Streaming Dataset: 100,000 sequences indexed (Mode: Lightning).
2026-03-24 22:54:58,154 - INFO - Trial 203 START | tcn=512, lstm=256, layers=2, batch=1024, seq=144 | RFE=30 | loss=ASYM (g_s=2.68, g_n=0.42, g_b=1.56) | alpha=[1.52, 0.52, 1.53], smooth=0.19
2026-03-24 22:56:44,975 - INFO - T203 E1/10 | [OK] | L: 0.60763541/0.59464259 | F1 M MIN: 0.01871345 D: 0.26614324 | [S/N/B]: [0.0187/0.6329/0.5136] | LR: 0.00049650
2026-03-24 22:58:32,461 - INFO - T203 E2/10 | [OK] | L: 0.57423215/0.57047565 | F1 M MIN: 0.25303733 D: 0.40363745 | [S/N/B]: [0.2530/0.7292/0.5542] | LR: 0.00046036
2026-03-24 23:00:20,950 - INFO - T203 E3/10 | [OK] | L: 0.56487947/0.56983738 | F1 M MIN: 0.28174191 D: 0.40201777 | [S/N/B]: [0.2817/0.7046/0.5223] | LR: 0.00040406
2026-03-24 23:02:08,711 - INFO - T203 E4/10 | [OK] | L: 0.55803580/0.55808253 | F1 M MIN: 0.33777035 D: 0.43007578 | [S/N/B]: [0.3378/0.7344/0.5224] | LR: 0.00033312
2026-03-24 23:03:57,376 - INFO - T203 E5/10 | [OK] | L: 0.55334871/0.55886566 | F1 M MIN: 0.25677105 D: 0.39350485 | [S/N/B]: [0.2568/0.7247/0.5302] | LR: 0.00025448
2026-03-24 23:05:45,503 - INFO - T203 E6/10 | [OK] | L: 0.54949277/0.55213246 | F1 M MIN: 0.41773014 D: 0.46160185 | [S/N/B]: [0.4177/0.7680/0.5055] | LR: 0.00017584
2026-03-24 23:07:33,631 - INFO - T203 E7/10 | [OK] | L: 0.54602586/0.55354927 | F1 M MIN: 0.37465607 D: 0.44958195 | [S/N/B]: [0.3747/0.7501/0.5245] | LR: 0.00010490
2026-03-24 23:09:21,570 - INFO - T203 E8/10 | [OK] | L: 0.54289566/0.55251116 | F1 M MIN: 0.40093420 D: 0.45719599 | [S/N/B]: [0.4009/0.7613/0.5135] | LR: 0.00004860
2026-03-24 23:11:10,190 - INFO - T203 E9/10 | [OK] | L: 0.54033951/0.55133065 | F1 M MIN: 0.39788983 D: 0.45820885 | [S/N/B]: [0.3979/0.7643/0.5185] | LR: 0.00001246
2026-03-24 23:12:58,286 - INFO - T203 E10/10 | [OK] | L: 0.53883328/0.55240240 | F1 M MIN: 0.43384383 D: 0.46770176 | [S/N/B]: [0.4338/0.7616/0.5016] | LR: 0.00000000
2026-03-24 23:12:58,625 - INFO - Trial 203 finished with value: 0.43384382747525185 and parameters: {'tcn_channels': 512, 'lstm_hidden': 256, 'num_lstm_layers': 2, 'batch_size': 1024, 'dropout': 0.34531457090784756, 'seq_len': 144, 'lr': 0.0005089583244990402, 'weight_decay': 0.0007091401381337596, 'base_alpha_sell': 1.524000812590954, 'base_alpha_neutral': 0.523503081902635, 'base_alpha_buy': 1.5329247150088388, 'base_loss_gamma': 4.2622532198717975, 'base_loss_smoothing': 0.18989689971137122, 'asym_gamma_sell': 2.6788373376176247, 'asym_gamma_neu': 0.422228861965768, 'asym_gamma_buy': 1.5622283725005561}. Best is trial 193 with value: 0.4857577883085556.
2026-03-24 23:12:59,121 - INFO - 🔍 RAM-Safe Streaming Scan (Treino): 878 arquivos...
2026-03-24 23:13:47,430 - INFO - ✂️ Double-Chunking (Treino): Expondo fatias de 500,000 amostras aleatórias.
2026-03-24 23:13:47,432 - INFO - 🚀 Pre-loading 500,000 samples into RAM (Lightning Mode)...
2026-03-24 23:16:56,296 - INFO - ✅ RAM-Safe Streaming Dataset: 500,000 sequences indexed and PRE-LOADED.
2026-03-24 23:16:56,297 - INFO - ✅ RAM-Safe Streaming Dataset: 500,000 sequences indexed (Mode: Lightning).
2026-03-24 23:16:56,349 - INFO - 🔍 RAM-Safe Streaming Scan (Val): 274 arquivos...
2026-03-24 23:17:08,661 - INFO - ✂️ Double-Chunking (Val): Expondo fatias de 100,000 amostras aleatórias.
2026-03-24 23:17:08,661 - INFO - 🚀 Pre-loading 100,000 samples into RAM (Lightning Mode)...
2026-03-24 23:18:05,106 - INFO - ✅ RAM-Safe Streaming Dataset: 100,000 sequences indexed and PRE-LOADED.
2026-03-24 23:18:05,110 - INFO - ✅ RAM-Safe Streaming Dataset: 100,000 sequences indexed (Mode: Lightning).
2026-03-24 23:18:05,484 - INFO - Trial 204 START | tcn=512, lstm=256, layers=2, batch=2048, seq=192 | RFE=30 | loss=ASYM (g_s=1.82, g_n=0.99, g_b=1.25) | alpha=[1.78, 0.39, 1.66], smooth=0.13
2026-03-24 23:20:34,355 - INFO - T204 E1/10 | [OK] | L: 0.68816554/0.59603792 | F1 M MIN: 0.27185626 D: 0.35953106 | [S/N/B]: [0.4472/0.4308/0.2719] | LR: 0.00161535
2026-03-24 23:23:05,079 - INFO - T204 E2/10 | [OK] | L: 0.64711859/0.58041280 | F1 M MIN: 0.35005107 D: 0.40919128 | [S/N/B]: [0.4683/0.5190/0.3501] | LR: 0.00149775
2026-03-24 23:25:35,991 - INFO - T204 E3/10 | [OK] | L: 0.63340574/0.56169841 | F1 M MIN: 0.34108174 D: 0.42475209 | [S/N/B]: [0.5084/0.6053/0.3411] | LR: 0.00131459
2026-03-24 23:28:06,991 - INFO - T204 E4/10 | [OK] | L: 0.62489793/0.56617770 | F1 M MIN: 0.24606683 D: 0.38587961 | [S/N/B]: [0.5257/0.6057/0.2461] | LR: 0.00108378
2026-03-24 23:30:37,897 - INFO - T204 E5/10 | [OK] | L: 0.61864804/0.55583821 | F1 M MIN: 0.35431159 D: 0.43422033 | [S/N/B]: [0.5141/0.6066/0.3543] | LR: 0.00082794
2026-03-24 23:33:08,902 - INFO - T204 E6/10 | [OK] | L: 0.61379734/0.55466649 | F1 M MIN: 0.36006235 D: 0.43591907 | [S/N/B]: [0.5118/0.6057/0.3601] | LR: 0.00057209
2026-03-24 23:33:09,264 - INFO - Trial 204 pruned by Optuna at epoch 6
2026-03-24 23:33:09,391 - INFO - Trial 204 pruned.
2026-03-24 23:33:10,078 - INFO - 🔍 RAM-Safe Streaming Scan (Treino): 878 arquivos...
2026-03-24 23:33:59,223 - INFO - ✂️ Double-Chunking (Treino): Expondo fatias de 500,000 amostras aleatórias.
2026-03-24 23:33:59,224 - INFO - 🚀 Pre-loading 500,000 samples into RAM (Lightning Mode)...
2026-03-24 23:37:08,392 - INFO - ✅ RAM-Safe Streaming Dataset: 500,000 sequences indexed and PRE-LOADED.
2026-03-24 23:37:08,393 - INFO - ✅ RAM-Safe Streaming Dataset: 500,000 sequences indexed (Mode: Lightning).
2026-03-24 23:37:08,444 - INFO - 🔍 RAM-Safe Streaming Scan (Val): 274 arquivos...
2026-03-24 23:37:20,603 - INFO - ✂️ Double-Chunking (Val): Expondo fatias de 100,000 amostras aleatórias.
2026-03-24 23:37:20,603 - INFO - 🚀 Pre-loading 100,000 samples into RAM (Lightning Mode)...
2026-03-24 23:38:16,225 - INFO - ✅ RAM-Safe Streaming Dataset: 100,000 sequences indexed and PRE-LOADED.
2026-03-24 23:38:16,226 - INFO - ✅ RAM-Safe Streaming Dataset: 100,000 sequences indexed (Mode: Lightning).
2026-03-24 23:38:16,598 - INFO - Trial 205 START | tcn=512, lstm=256, layers=2, batch=512, seq=192 | RFE=30 | loss=ASYM (g_s=1.50, g_n=1.33, g_b=1.28) | alpha=[1.32, 0.65, 1.74], smooth=0.26
2026-03-24 23:40:47,211 - INFO - T205 E1/10 | [WARN] ZERO_PENALTY | L: 0.69800350/0.63477115 | F1 M MIN: 0.00000000 D: 0.00000000 | [S/N/B]: [0.0000/0.6720/0.5189] | LR: 0.00140351
2026-03-24 23:43:19,341 - INFO - T205 E2/10 | [WARN] ZERO_PENALTY | L: 0.67504421/0.62955989 | F1 M MIN: 0.00000000 D: 0.00000000 | [S/N/B]: [0.0000/0.6765/0.5206] | LR: 0.00130133
2026-03-24 23:45:51,571 - INFO - T205 E3/10 | [OK] | L: 0.66827122/0.61645419 | F1 M MIN: 0.03530475 D: 0.28604588 | [S/N/B]: [0.0353/0.7255/0.5368] | LR: 0.00114219
2026-03-24 23:48:23,878 - INFO - T205 E4/10 | [OK] | L: 0.66049170/0.60896355 | F1 M MIN: 0.14049664 D: 0.34546827 | [S/N/B]: [0.1405/0.7559/0.5504] | LR: 0.00094165
2026-03-24 23:50:56,279 - INFO - T205 E5/10 | [OK] | L: 0.65475026/0.60637077 | F1 M MIN: 0.24684704 D: 0.39746771 | [S/N/B]: [0.2468/0.7577/0.5481] | LR: 0.00071936
2026-03-24 23:53:28,459 - INFO - T205 E6/10 | [OK] | L: 0.65060497/0.60803801 | F1 M MIN: 0.21321962 D: 0.37801593 | [S/N/B]: [0.2132/0.7398/0.5428] | LR: 0.00049706
2026-03-24 23:53:28,549 - INFO - Trial 205 pruned by Optuna at epoch 6
2026-03-24 23:53:28,643 - INFO - Trial 205 pruned.
2026-03-24 23:53:29,318 - INFO - 🔍 RAM-Safe Streaming Scan (Treino): 878 arquivos...
2026-03-24 23:54:18,426 - INFO - ✂️ Double-Chunking (Treino): Expondo fatias de 500,000 amostras aleatórias.
2026-03-24 23:54:18,427 - INFO - 🚀 Pre-loading 500,000 samples into RAM (Lightning Mode)...
2026-03-24 23:57:22,730 - INFO - ✅ RAM-Safe Streaming Dataset: 500,000 sequences indexed and PRE-LOADED.
2026-03-24 23:57:22,732 - INFO - ✅ RAM-Safe Streaming Dataset: 500,000 sequences indexed (Mode: Lightning).
2026-03-24 23:57:22,784 - INFO - 🔍 RAM-Safe Streaming Scan (Val): 274 arquivos...
2026-03-24 23:57:35,199 - INFO - ✂️ Double-Chunking (Val): Expondo fatias de 100,000 amostras aleatórias.
2026-03-24 23:57:35,200 - INFO - 🚀 Pre-loading 100,000 samples into RAM (Lightning Mode)...
2026-03-24 23:58:30,746 - INFO - ✅ RAM-Safe Streaming Dataset: 100,000 sequences indexed and PRE-LOADED.
2026-03-24 23:58:30,747 - INFO - ✅ RAM-Safe Streaming Dataset: 100,000 sequences indexed (Mode: Lightning).
2026-03-24 23:58:31,118 - INFO - Trial 206 START | tcn=512, lstm=256, layers=2, batch=1024, seq=144 | RFE=30 | loss=ASYM (g_s=2.67, g_n=0.95, g_b=1.34) | alpha=[1.68, 0.48, 1.44], smooth=0.18
2026-03-25 00:00:17,748 - INFO - T206 E1/10 | [OK] | L: 0.58030863/0.52229158 | F1 M MIN: 0.05016903 D: 0.28227012 | [S/N/B]: [0.5144/0.6256/0.0502] | LR: 0.00032164
2026-03-25 00:02:04,870 - INFO - T206 E2/10 | [OK] | L: 0.54456289/0.51602115 | F1 M MIN: 0.26462680 D: 0.38210687 | [S/N/B]: [0.4996/0.5994/0.2646] | LR: 0.00029823
2026-03-25 00:03:52,994 - INFO - T206 E3/10 | [OK] | L: 0.53435542/0.50154674 | F1 M MIN: 0.31208770 D: 0.40878923 | [S/N/B]: [0.5055/0.6758/0.3121] | LR: 0.00026175
2026-03-25 00:05:40,519 - INFO - T206 E4/10 | [OK] | L: 0.52819926/0.49649514 | F1 M MIN: 0.32685840 D: 0.42035922 | [S/N/B]: [0.5139/0.6865/0.3269] | LR: 0.00021580
2026-03-25 00:07:28,713 - INFO - T206 E5/10 | [OK] | L: 0.52371265/0.49504464 | F1 M MIN: 0.28186086 D: 0.40581891 | [S/N/B]: [0.5298/0.6970/0.2819] | LR: 0.00016486
2026-03-25 00:09:16,374 - INFO - T206 E6/10 | [OK] | L: 0.51967862/0.49726768 | F1 M MIN: 0.38549840 D: 0.44611495 | [S/N/B]: [0.5067/0.6862/0.3855] | LR: 0.00011391
2026-03-25 00:09:16,518 - INFO - Trial 206 pruned by Optuna at epoch 6
2026-03-25 00:09:16,624 - INFO - Trial 206 pruned.
2026-03-25 00:09:17,285 - INFO - 🔍 RAM-Safe Streaming Scan (Treino): 878 arquivos...
2026-03-25 00:10:06,522 - INFO - ✂️ Double-Chunking (Treino): Expondo fatias de 500,000 amostras aleatórias.
2026-03-25 00:10:06,523 - INFO - 🚀 Pre-loading 500,000 samples into RAM (Lightning Mode)...
2026-03-25 00:13:11,632 - INFO - ✅ RAM-Safe Streaming Dataset: 500,000 sequences indexed and PRE-LOADED.
2026-03-25 00:13:11,634 - INFO - ✅ RAM-Safe Streaming Dataset: 500,000 sequences indexed (Mode: Lightning).
2026-03-25 00:13:11,684 - INFO - 🔍 RAM-Safe Streaming Scan (Val): 274 arquivos...
2026-03-25 00:13:23,821 - INFO - ✂️ Double-Chunking (Val): Expondo fatias de 100,000 amostras aleatórias.
2026-03-25 00:13:23,821 - INFO - 🚀 Pre-loading 100,000 samples into RAM (Lightning Mode)...
2026-03-25 00:14:20,078 - INFO - ✅ RAM-Safe Streaming Dataset: 100,000 sequences indexed and PRE-LOADED.
2026-03-25 00:14:20,079 - INFO - ✅ RAM-Safe Streaming Dataset: 100,000 sequences indexed (Mode: Lightning).
2026-03-25 00:14:20,481 - INFO - Trial 207 START | tcn=512, lstm=256, layers=2, batch=1024, seq=144 | RFE=30 | loss=ASYM (g_s=2.78, g_n=0.36, g_b=0.53) | alpha=[1.74, 0.82, 1.72], smooth=0.21
2026-03-25 00:16:07,091 - INFO - T207 E1/10 | [OK] | L: 0.98728914/0.93494729 | F1 M MIN: 0.35691488 D: 0.41831606 | [S/N/B]: [0.4797/0.7430/0.3569] | LR: 0.00010909
2026-03-25 00:17:54,311 - INFO - T207 E2/10 | [OK] | L: 0.93659058/0.92412252 | F1 M MIN: 0.25065634 D: 0.38884394 | [S/N/B]: [0.5270/0.7404/0.2507] | LR: 0.00010115
2026-03-25 00:19:42,322 - INFO - T207 E3/10 | [OK] | L: 0.92193436/0.91981839 | F1 M MIN: 0.27883805 D: 0.40323349 | [S/N/B]: [0.5276/0.7340/0.2788] | LR: 0.00008878
2026-03-25 00:21:29,758 - INFO - T207 E4/10 | [OK] | L: 0.91053800/0.89918096 | F1 M MIN: 0.35379710 D: 0.43555045 | [S/N/B]: [0.5173/0.7801/0.3538] | LR: 0.00007319
2026-03-25 00:23:17,980 - INFO - T207 E5/10 | [OK] | L: 0.90304045/0.89211231 | F1 M MIN: 0.45921398 D: 0.46681507 | [S/N/B]: [0.4592/0.7994/0.4744] | LR: 0.00005591
2026-03-25 00:25:05,729 - INFO - T207 E6/10 | [OK] | L: 0.89708330/0.88927099 | F1 M MIN: 0.46862448 D: 0.46982608 | [S/N/B]: [0.4710/0.7958/0.4686] | LR: 0.00003863
2026-03-25 00:26:53,475 - INFO - T207 E7/10 | [OK] | L: 0.89213008/0.89111276 | F1 M MIN: 0.44351115 D: 0.46627045 | [S/N/B]: [0.4890/0.7855/0.4435] | LR: 0.00002305
2026-03-25 00:28:41,058 - INFO - T207 E8/10 | [OK] | L: 0.88758734/0.89358168 | F1 M MIN: 0.38017056 D: 0.44932442 | [S/N/B]: [0.5185/0.7824/0.3802] | LR: 0.00001068
2026-03-25 00:30:29,343 - INFO - T207 E9/10 | [OK] | L: 0.88410611/0.88832544 | F1 M MIN: 0.46337631 D: 0.47026667 | [S/N/B]: [0.4772/0.7982/0.4634] | LR: 0.00000274
2026-03-25 00:32:17,278 - INFO - T207 E10/10 | [OK] | L: 0.88205352/0.88999525 | F1 M MIN: 0.45259622 D: 0.46974075 | [S/N/B]: [0.4869/0.7929/0.4526] | LR: 0.00000000
2026-03-25 00:32:17,325 - INFO - Trial 207 stopped early due to patience limit (4 epochs without improvement)
2026-03-25 00:32:17,499 - INFO - Trial 207 finished with value: 0.4686244848990663 and parameters: {'tcn_channels': 512, 'lstm_hidden': 256, 'num_lstm_layers': 2, 'batch_size': 1024, 'dropout': 0.2102274207109506, 'seq_len': 144, 'lr': 0.0001118250391450883, 'weight_decay': 0.0003921912943329379, 'base_alpha_sell': 1.7433425117628016, 'base_alpha_neutral': 0.8210023963305161, 'base_alpha_buy': 1.718657987539668, 'base_loss_gamma': 4.578042173555767, 'base_loss_smoothing': 0.2118490674221985, 'asym_gamma_sell': 2.779394771104078, 'asym_gamma_neu': 0.36486696240479055, 'asym_gamma_buy': 0.5250557369600215}. Best is trial 193 with value: 0.4857577883085556.
2026-03-25 00:32:17,997 - INFO - 🔍 RAM-Safe Streaming Scan (Treino): 878 arquivos...
2026-03-25 00:33:06,842 - INFO - ✂️ Double-Chunking (Treino): Expondo fatias de 500,000 amostras aleatórias.
2026-03-25 00:33:06,842 - INFO - 🚀 Pre-loading 500,000 samples into RAM (Lightning Mode)...
2026-03-25 00:36:13,546 - INFO - ✅ RAM-Safe Streaming Dataset: 500,000 sequences indexed and PRE-LOADED.
2026-03-25 00:36:13,547 - INFO - ✅ RAM-Safe Streaming Dataset: 500,000 sequences indexed (Mode: Lightning).
2026-03-25 00:36:13,599 - INFO - 🔍 RAM-Safe Streaming Scan (Val): 274 arquivos...
2026-03-25 00:36:25,935 - INFO - ✂️ Double-Chunking (Val): Expondo fatias de 100,000 amostras aleatórias.
2026-03-25 00:36:25,936 - INFO - 🚀 Pre-loading 100,000 samples into RAM (Lightning Mode)...
2026-03-25 00:37:22,873 - INFO - ✅ RAM-Safe Streaming Dataset: 100,000 sequences indexed and PRE-LOADED.
2026-03-25 00:37:22,874 - INFO - ✅ RAM-Safe Streaming Dataset: 100,000 sequences indexed (Mode: Lightning).
2026-03-25 00:37:23,246 - INFO - Trial 208 START | tcn=512, lstm=256, layers=3, batch=512, seq=192 | RFE=30 | loss=ASYM (g_s=1.16, g_n=0.95, g_b=1.17) | alpha=[1.31, 0.36, 1.20], smooth=0.25
2026-03-25 00:40:03,076 - INFO - T208 E1/10 | [WARN] ZERO_PENALTY | L: 0.49451982/0.44646093 | F1 M MIN: 0.00000000 D: 0.00000000 | [S/N/B]: [0.4913/0.5232/0.0000] | LR: 0.00171263
2026-03-25 00:42:44,950 - INFO - T208 E2/10 | [WARN] ZERO_PENALTY | L: 0.47732502/0.43508362 | F1 M MIN: 0.00000000 D: 0.00000000 | [S/N/B]: [0.5124/0.6244/0.0000] | LR: 0.00158795
2026-03-25 00:45:26,723 - INFO - T208 E3/10 | [OK] | L: 0.47433491/0.42984143 | F1 M MIN: 0.00036997 D: 0.26677063 | [S/N/B]: [0.5332/0.7057/0.0004] | LR: 0.00139375
2026-03-25 00:48:08,797 - INFO - T208 E4/10 | [OK] | L: 0.47230875/0.43156252 | F1 M MIN: 0.16176057 D: 0.34336687 | [S/N/B]: [0.5250/0.6415/0.1618] | LR: 0.00114905
2026-03-25 00:50:50,771 - INFO - T208 E5/10 | [OK] | L: 0.46861934/0.43235573 | F1 M MIN: 0.28844985 D: 0.40690497 | [S/N/B]: [0.5254/0.6318/0.2884] | LR: 0.00087779
2026-03-25 00:53:32,930 - INFO - T208 E6/10 | [OK] | L: 0.46417466/0.43280819 | F1 M MIN: 0.38948176 D: 0.44938582 | [S/N/B]: [0.5093/0.6693/0.3895] | LR: 0.00060654
2026-03-25 00:56:15,234 - INFO - T208 E7/10 | [OK] | L: 0.46151008/0.42535255 | F1 M MIN: 0.36579001 D: 0.43827875 | [S/N/B]: [0.5108/0.6629/0.3658] | LR: 0.00036184
2026-03-25 00:58:57,515 - INFO - T208 E8/10 | [OK] | L: 0.45848432/0.42462628 | F1 M MIN: 0.34852702 D: 0.43786855 | [S/N/B]: [0.5272/0.6782/0.3485] | LR: 0.00016764
2026-03-25 00:58:57,591 - INFO - Trial 208 pruned by Optuna at epoch 8
