2026-03-27 12:07:08,506 - INFO - [I 2026-03-27 12:07:08,506] Trial 58 finished with value: 0.7548092298258934 and parameters: {'max_depth': 4, 'learning_rate': 0.012834509407196005, 'n_estimators': 138, 'subsample': 0.7854954316350693, 'colsample_bytree': 0.9832416776285972, 'reg_alpha': 0.9293673253851001, 'reg_lambda': 4.598054838412294}. Best is trial 52 with value: 0.7556894332202453.
2026-03-27 12:07:08,756 - INFO - [I 2026-03-27 12:07:08,756] Trial 59 finished with value: 0.7521196481278664 and parameters: {'max_depth': 5, 'learning_rate': 0.09517421722223546, 'n_estimators': 103, 'subsample': 0.765404997865584, 'colsample_bytree': 0.9311529228603226, 'reg_alpha': 0.8617269320042197, 'reg_lambda': 4.959487095174474}. Best is trial 52 with value: 0.7556894332202453.
2026-03-27 12:07:09,175 - INFO - [I 2026-03-27 12:07:09,174] Trial 60 finished with value: 0.7550743381534524 and parameters: {'max_depth': 5, 'learning_rate': 0.010822571232272963, 'n_estimators': 212, 'subsample': 0.7127073097270016, 'colsample_bytree': 0.9709679244537389, 'reg_alpha': 0.7735430385772735, 'reg_lambda': 4.724999472391867}. Best is trial 52 with value: 0.7556894332202453.
2026-03-27 12:07:09,531 - INFO - [I 2026-03-27 12:07:09,530] Trial 61 finished with value: 0.7552967219695882 and parameters: {'max_depth': 5, 'learning_rate': 0.01069230337292692, 'n_estimators': 174, 'subsample': 0.8273888713271902, 'colsample_bytree': 0.9548680214985168, 'reg_alpha': 0.7452710863317143, 'reg_lambda': 4.481497960443998}. Best is trial 52 with value: 0.7556894332202453.
2026-03-27 12:07:09,819 - INFO - [I 2026-03-27 12:07:09,819] Trial 62 finished with value: 0.7554202890074255 and parameters: {'max_depth': 5, 'learning_rate': 0.010060585435674686, 'n_estimators': 129, 'subsample': 0.8122633015250501, 'colsample_bytree': 0.9840644772095516, 'reg_alpha': 0.6255137384529992, 'reg_lambda': 4.2591568295646525}. Best is trial 52 with value: 0.7556894332202453.
2026-03-27 12:07:10,184 - INFO - [I 2026-03-27 12:07:10,184] Trial 63 finished with value: 0.7552708542631728 and parameters: {'max_depth': 5, 'learning_rate': 0.01187358861440332, 'n_estimators': 179, 'subsample': 0.792617465715937, 'colsample_bytree': 0.9996912063895766, 'reg_alpha': 0.8027752382386365, 'reg_lambda': 4.844508141058199}. Best is trial 52 with value: 0.7556894332202453.
2026-03-27 12:07:11,578 - INFO - [I 2026-03-27 12:07:11,577] Trial 64 finished with value: 0.7520320949763274 and parameters: {'max_depth': 5, 'learning_rate': 0.013527509798529439, 'n_estimators': 850, 'subsample': 0.7765995921803012, 'colsample_bytree': 0.9179689730587475, 'reg_alpha': 0.7076125692639541, 'reg_lambda': 4.638615702380566}. Best is trial 52 with value: 0.7556894332202453.
2026-03-27 12:07:11,885 - INFO - [I 2026-03-27 12:07:11,884] Trial 65 finished with value: 0.755556522424484 and parameters: {'max_depth': 5, 'learning_rate': 0.011026634182617451, 'n_estimators': 140, 'subsample': 0.8409487100408922, 'colsample_bytree': 0.964404549653378, 'reg_alpha': 0.8273495789694976, 'reg_lambda': 4.3564502344274745}. Best is trial 52 with value: 0.7556894332202453.
2026-03-27 12:07:12,192 - INFO - [I 2026-03-27 12:07:12,191] Trial 66 finished with value: 0.7553002823455399 and parameters: {'max_depth': 5, 'learning_rate': 0.01500596641650923, 'n_estimators': 142, 'subsample': 0.845898618252146, 'colsample_bytree': 0.6574966403344273, 'reg_alpha': 0.8405062177260763, 'reg_lambda': 4.522842290965576}. Best is trial 52 with value: 0.7556894332202453.
2026-03-27 12:07:12,440 - INFO - [I 2026-03-27 12:07:12,440] Trial 67 finished with value: 0.7555066831050234 and parameters: {'max_depth': 5, 'learning_rate': 0.01238810465630806, 'n_estimators': 101, 'subsample': 0.7501675120248222, 'colsample_bytree': 0.9648530038700461, 'reg_alpha': 0.8682399429103352, 'reg_lambda': 4.367740639233369}. Best is trial 52 with value: 0.7556894332202453.
2026-03-27 12:07:12,808 - INFO - [I 2026-03-27 12:07:12,808] Trial 68 finished with value: 0.7550024886968465 and parameters: {'max_depth': 4, 'learning_rate': 0.011328343551819877, 'n_estimators': 225, 'subsample': 0.800028475965146, 'colsample_bytree': 0.9350995388651518, 'reg_alpha': 0.778476820671514, 'reg_lambda': 4.859844954195586}. Best is trial 52 with value: 0.7556894332202453.
2026-03-27 12:07:13,097 - INFO - [I 2026-03-27 12:07:13,097] Trial 69 finished with value: 0.7540556010657591 and parameters: {'max_depth': 5, 'learning_rate': 0.03326203639699273, 'n_estimators': 127, 'subsample': 0.8226064223216799, 'colsample_bytree': 0.9871669163715701, 'reg_alpha': 0.7243842923777377, 'reg_lambda': 4.755953501629358}. Best is trial 52 with value: 0.7556894332202453.
2026-03-27 12:07:13,761 - INFO - [I 2026-03-27 12:07:13,761] Trial 70 finished with value: 0.7534861192294419 and parameters: {'max_depth': 6, 'learning_rate': 0.013504451667741108, 'n_estimators': 274, 'subsample': 0.7357875968378396, 'colsample_bytree': 0.9744192565213798, 'reg_alpha': 0.9472630425176185, 'reg_lambda': 4.955701872645432}. Best is trial 52 with value: 0.7556894332202453.
2026-03-27 12:07:14,117 - INFO - [I 2026-03-27 12:07:14,117] Trial 71 finished with value: 0.7555602254532287 and parameters: {'max_depth': 5, 'learning_rate': 0.010146835132633966, 'n_estimators': 172, 'subsample': 0.8675283310479707, 'colsample_bytree': 0.9571159163890048, 'reg_alpha': 0.6805979299890184, 'reg_lambda': 3.8735483503996546}. Best is trial 52 with value: 0.7556894332202453.
2026-03-27 12:07:14,482 - INFO - [I 2026-03-27 12:07:14,481] Trial 72 finished with value: 0.7554493426262118 and parameters: {'max_depth': 5, 'learning_rate': 0.010573270420961463, 'n_estimators': 177, 'subsample': 0.8643895317978961, 'colsample_bytree': 0.9518722753687124, 'reg_alpha': 0.8239025040386727, 'reg_lambda': 3.8471036409467994}. Best is trial 52 with value: 0.7556894332202453.
2026-03-27 12:07:14,783 - INFO - [I 2026-03-27 12:07:14,783] Trial 73 finished with value: 0.7556286512428089 and parameters: {'max_depth': 5, 'learning_rate': 0.010001611984490535, 'n_estimators': 137, 'subsample': 0.8850021851026141, 'colsample_bytree': 0.9650313223808831, 'reg_alpha': 0.6740774129317043, 'reg_lambda': 4.247717059164138}. Best is trial 52 with value: 0.7556894332202453.
2026-03-27 12:07:15,082 - INFO - [I 2026-03-27 12:07:15,082] Trial 74 finished with value: 0.755591270267247 and parameters: {'max_depth': 5, 'learning_rate': 0.011880150965531508, 'n_estimators': 135, 'subsample': 0.9019746196998885, 'colsample_bytree': 0.9895451187029605, 'reg_alpha': 0.6625218865145268, 'reg_lambda': 4.07312284632049}. Best is trial 52 with value: 0.7556894332202453.
2026-03-27 12:07:15,485 - INFO - [I 2026-03-27 12:07:15,485] Trial 75 finished with value: 0.7549426577380284 and parameters: {'max_depth': 5, 'learning_rate': 0.011320951875020135, 'n_estimators': 205, 'subsample': 0.9465098138835392, 'colsample_bytree': 0.9430696756886683, 'reg_alpha': 0.6763728184661888, 'reg_lambda': 4.183169448974978}. Best is trial 52 with value: 0.7556894332202453.
2026-03-27 12:07:15,778 - INFO - [I 2026-03-27 12:07:15,778] Trial 76 finished with value: 0.7554248955038574 and parameters: {'max_depth': 5, 'learning_rate': 0.011863987550907432, 'n_estimators': 131, 'subsample': 0.8918299656461938, 'colsample_bytree': 0.9914657065315167, 'reg_alpha': 0.6425765834664003, 'reg_lambda': 4.63874267141658}. Best is trial 52 with value: 0.7556894332202453.
2026-03-27 12:07:17,000 - INFO - [I 2026-03-27 12:07:16,999] Trial 77 finished with value: 0.7529979138217836 and parameters: {'max_depth': 5, 'learning_rate': 0.010011858839906485, 'n_estimators': 734, 'subsample': 0.9243060082371998, 'colsample_bytree': 0.9578701153034435, 'reg_alpha': 0.5660256933743391, 'reg_lambda': 1.9442438321050846}. Best is trial 52 with value: 0.7556894332202453.
2026-03-27 12:07:17,283 - INFO - [I 2026-03-27 12:07:17,283] Trial 78 finished with value: 0.7556395285182548 and parameters: {'max_depth': 5, 'learning_rate': 0.010770219860155987, 'n_estimators': 124, 'subsample': 0.8839037820606547, 'colsample_bytree': 0.9928739424080896, 'reg_alpha': 0.7961549799132976, 'reg_lambda': 4.44055259770621}. Best is trial 52 with value: 0.7556894332202453.
2026-03-27 12:07:17,742 - INFO - [I 2026-03-27 12:07:17,742] Trial 79 finished with value: 0.7520284038353156 and parameters: {'max_depth': 5, 'learning_rate': 0.04146949623643023, 'n_estimators': 240, 'subsample': 0.9121001306426015, 'colsample_bytree': 0.9929026468189398, 'reg_alpha': 0.7578986915638174, 'reg_lambda': 4.438504643135908}. Best is trial 52 with value: 0.7556894332202453.
2026-03-27 12:07:17,987 - INFO - [I 2026-03-27 12:07:17,987] Trial 80 finished with value: 0.7554117655030597 and parameters: {'max_depth': 5, 'learning_rate': 0.012910927029683755, 'n_estimators': 100, 'subsample': 0.9435960211393023, 'colsample_bytree': 0.9768475363788678, 'reg_alpha': 0.7937052445059367, 'reg_lambda': 4.095536161809733}. Best is trial 52 with value: 0.7556894332202453.
2026-03-27 12:07:18,283 - INFO - [I 2026-03-27 12:07:18,283] Trial 81 finished with value: 0.7554530634865556 and parameters: {'max_depth': 5, 'learning_rate': 0.010811936630884124, 'n_estimators': 133, 'subsample': 0.8798524193732821, 'colsample_bytree': 0.9677551328285091, 'reg_alpha': 0.8954107632469995, 'reg_lambda': 4.319827362237062}. Best is trial 52 with value: 0.7556894332202453.
2026-03-27 12:07:18,631 - INFO - [I 2026-03-27 12:07:18,630] Trial 82 finished with value: 0.7556132566289266 and parameters: {'max_depth': 5, 'learning_rate': 0.011540630786210369, 'n_estimators': 167, 'subsample': 0.9004866259237846, 'colsample_bytree': 0.9879001510454284, 'reg_alpha': 0.6729407751864886, 'reg_lambda': 4.565244820448038}. Best is trial 52 with value: 0.7556894332202453.
2026-03-27 12:07:18,996 - INFO - [I 2026-03-27 12:07:18,995] Trial 83 finished with value: 0.7554252580797056 and parameters: {'max_depth': 5, 'learning_rate': 0.011830188547501973, 'n_estimators': 178, 'subsample': 0.8901289915806492, 'colsample_bytree': 0.9870973502252843, 'reg_alpha': 0.6030249796558613, 'reg_lambda': 4.577195385446057}. Best is trial 52 with value: 0.7556894332202453.
2026-03-27 12:07:20,640 - INFO - [I 2026-03-27 12:07:20,639] Trial 84 finished with value: 0.7525164784779138 and parameters: {'max_depth': 5, 'learning_rate': 0.0100515667374144, 'n_estimators': 991, 'subsample': 0.9325766811174153, 'colsample_bytree': 0.9972073019376411, 'reg_alpha': 0.6685876018803891, 'reg_lambda': 4.772264326602569}. Best is trial 52 with value: 0.7556894332202453.
2026-03-27 12:07:20,985 - INFO - [I 2026-03-27 12:07:20,984] Trial 85 finished with value: 0.7556091910243339 and parameters: {'max_depth': 5, 'learning_rate': 0.012121641700343267, 'n_estimators': 163, 'subsample': 0.9109872447134547, 'colsample_bytree': 0.9783270984645246, 'reg_alpha': 0.711788805539283, 'reg_lambda': 4.903514043369989}. Best is trial 52 with value: 0.7556894332202453.
2026-03-27 12:07:22,011 - INFO - [I 2026-03-27 12:07:22,010] Trial 86 finished with value: 0.7529221057501796 and parameters: {'max_depth': 5, 'learning_rate': 0.014451602692139309, 'n_estimators': 610, 'subsample': 0.9523832860081722, 'colsample_bytree': 0.7310801478798354, 'reg_alpha': 0.6342001618778625, 'reg_lambda': 4.88924820904216}. Best is trial 52 with value: 0.7556894332202453.
2026-03-27 12:07:22,412 - INFO - [I 2026-03-27 12:07:22,412] Trial 87 finished with value: 0.7547638424623393 and parameters: {'max_depth': 5, 'learning_rate': 0.012529501362750444, 'n_estimators': 199, 'subsample': 0.9582659018673304, 'colsample_bytree': 0.9808103312412869, 'reg_alpha': 0.7080634769086026, 'reg_lambda': 4.996068866465679}. Best is trial 52 with value: 0.7556894332202453.
2026-03-27 12:07:22,826 - INFO - [I 2026-03-27 12:07:22,825] Trial 88 finished with value: 0.7542077759324054 and parameters: {'max_depth': 6, 'learning_rate': 0.016204594077601137, 'n_estimators': 158, 'subsample': 0.9096559697826959, 'colsample_bytree': 0.9396543102063014, 'reg_alpha': 0.5125502505644485, 'reg_lambda': 4.67353584818639}. Best is trial 52 with value: 0.7556894332202453.
2026-03-27 12:07:23,104 - INFO - [I 2026-03-27 12:07:23,104] Trial 89 finished with value: 0.7551256218324393 and parameters: {'max_depth': 5, 'learning_rate': 0.011500181161323729, 'n_estimators': 122, 'subsample': 0.9240152847852806, 'colsample_bytree': 0.798558884944434, 'reg_alpha': 0.7488144537855653, 'reg_lambda': 4.783669721461692}. Best is trial 52 with value: 0.7556894332202453.
2026-03-27 12:07:23,475 - INFO - [I 2026-03-27 12:07:23,475] Trial 90 finished with value: 0.754975212294103 and parameters: {'max_depth': 4, 'learning_rate': 0.013197839174526367, 'n_estimators': 225, 'subsample': 0.9833838802801877, 'colsample_bytree': 0.973734394580948, 'reg_alpha': 0.7957974575612943, 'reg_lambda': 4.537986852856606}. Best is trial 52 with value: 0.7556894332202453.
2026-03-27 12:07:23,816 - INFO - [I 2026-03-27 12:07:23,816] Trial 91 finished with value: 0.7553816063251297 and parameters: {'max_depth': 5, 'learning_rate': 0.010527745505540111, 'n_estimators': 163, 'subsample': 0.8995391347748762, 'colsample_bytree': 0.9897956055876548, 'reg_alpha': 0.6799546757277233, 'reg_lambda': 4.4502772045852765}. Best is trial 52 with value: 0.7556894332202453.
2026-03-27 12:07:24,191 - INFO - [I 2026-03-27 12:07:24,190] Trial 92 finished with value: 0.7552192020644712 and parameters: {'max_depth': 5, 'learning_rate': 0.012198691383340066, 'n_estimators': 185, 'subsample': 0.8713074205126617, 'colsample_bytree': 0.953217005886489, 'reg_alpha': 0.5785322348126559, 'reg_lambda': 4.916768743584978}. Best is trial 52 with value: 0.7556894332202453.
2026-03-27 12:07:24,473 - INFO - [I 2026-03-27 12:07:24,473] Trial 93 finished with value: 0.7555945750569453 and parameters: {'max_depth': 5, 'learning_rate': 0.010531357998461159, 'n_estimators': 124, 'subsample': 0.8843883048473605, 'colsample_bytree': 0.9638090633740972, 'reg_alpha': 0.6967330447485806, 'reg_lambda': 4.234353763571294}. Best is trial 52 with value: 0.7556894332202453.
2026-03-27 12:07:24,751 - INFO - [I 2026-03-27 12:07:24,751] Trial 94 finished with value: 0.7558569789253086 and parameters: {'max_depth': 5, 'learning_rate': 0.011359304860070299, 'n_estimators': 121, 'subsample': 0.9041864820690665, 'colsample_bytree': 0.9999188281558179, 'reg_alpha': 0.7076926067521436, 'reg_lambda': 4.245288042216386}. Best is trial 94 with value: 0.7558569789253086.
2026-03-27 12:07:25,027 - INFO - [I 2026-03-27 12:07:25,026] Trial 95 finished with value: 0.7557411686330759 and parameters: {'max_depth': 5, 'learning_rate': 0.013749659444399459, 'n_estimators': 119, 'subsample': 0.8920917969970905, 'colsample_bytree': 0.9785535037966402, 'reg_alpha': 0.6162911301437772, 'reg_lambda': 4.233040094771954}. Best is trial 94 with value: 0.7558569789253086.
2026-03-27 12:07:25,244 - INFO - [I 2026-03-27 12:07:25,244] Trial 96 finished with value: 0.7516963437970346 and parameters: {'max_depth': 3, 'learning_rate': 0.015318187604599291, 'n_estimators': 119, 'subsample': 0.8836982034687839, 'colsample_bytree': 0.9990419376426093, 'reg_alpha': 0.6244767059063412, 'reg_lambda': 4.2792823351224385}. Best is trial 94 with value: 0.7558569789253086.
2026-03-27 12:07:25,979 - INFO - [I 2026-03-27 12:07:25,978] Trial 97 finished with value: 0.7534231261337181 and parameters: {'max_depth': 5, 'learning_rate': 0.014266705068327624, 'n_estimators': 405, 'subsample': 0.9215876212905887, 'colsample_bytree': 0.968892705834466, 'reg_alpha': 0.7054764224551298, 'reg_lambda': 2.5757524406072165}. Best is trial 94 with value: 0.7558569789253086.
2026-03-27 12:07:26,313 - INFO - [I 2026-03-27 12:07:26,312] Trial 98 finished with value: 0.7554567724591665 and parameters: {'max_depth': 5, 'learning_rate': 0.01368050222280375, 'n_estimators': 157, 'subsample': 0.8909317170365997, 'colsample_bytree': 0.9803017044938027, 'reg_alpha': 0.5391072261764271, 'reg_lambda': 4.245568446301629}. Best is trial 94 with value: 0.7558569789253086.
