2026-03-23 23:44:52,654 - INFO - Trial 111 pruned.
2026-03-23 23:44:53,594 - INFO - 🔍 RAM-Safe Streaming Scan (Treino): 878 arquivos...
2026-03-23 23:45:49,957 - INFO - ✂️ Double-Chunking (Treino): Expondo fatias de 500,000 amostras aleatórias.
2026-03-23 23:45:49,959 - INFO - 🚀 Pre-loading 500,000 samples into RAM (Lightning Mode)...
2026-03-23 23:49:03,975 - INFO - ✅ RAM-Safe Streaming Dataset: 500,000 sequences indexed and PRE-LOADED.
2026-03-23 23:49:03,977 - INFO - ✅ RAM-Safe Streaming Dataset: 500,000 sequences indexed (Mode: Lightning).
2026-03-23 23:49:04,021 - INFO - 🔍 RAM-Safe Streaming Scan (Val): 274 arquivos...
2026-03-23 23:49:18,505 - INFO - ✂️ Double-Chunking (Val): Expondo fatias de 100,000 amostras aleatórias.
2026-03-23 23:49:18,505 - INFO - 🚀 Pre-loading 100,000 samples into RAM (Lightning Mode)...
2026-03-23 23:50:15,784 - INFO - ✅ RAM-Safe Streaming Dataset: 100,000 sequences indexed and PRE-LOADED.
2026-03-23 23:50:15,786 - INFO - ✅ RAM-Safe Streaming Dataset: 100,000 sequences indexed (Mode: Lightning).
2026-03-23 23:50:16,244 - INFO - Trial 112 START | tcn=512, lstm=64, layers=3, batch=1024, seq=192 | RFE=30 | loss=ASYM (g_s=0.92, g_n=0.39, g_b=2.52) | alpha=[1.32, 0.47, 1.33], smooth=0.35
2026-03-23 23:52:27,807 - INFO - T112 E1/10 | [OK] | L: 0.59759027/0.58317522 | F1 M MIN: 0.05523913 D: 0.30176698 | [S/N/B]: [0.5483/0.6699/0.0552] | LR: 0.00090751
2026-03-23 23:54:40,029 - INFO - T112 E2/10 | [OK] | L: 0.57245066/0.57475259 | F1 M MIN: 0.00459688 D: 0.27095410 | [S/N/B]: [0.5373/0.7056/0.0046] | LR: 0.00084144
2026-03-23 23:56:52,846 - INFO - T112 E3/10 | [WARN] ZERO_PENALTY | L: 0.56773226/0.57225259 | F1 M MIN: 0.00000000 D: 0.00000000 | [S/N/B]: [0.5334/0.6992/0.0000] | LR: 0.00073854
2026-03-23 23:59:04,959 - INFO - T112 E4/10 | [WARN] ZERO_PENALTY | L: 0.56528146/0.57098132 | F1 M MIN: 0.00000000 D: 0.00000000 | [S/N/B]: [0.5419/0.7274/0.0000] | LR: 0.00060887
2026-03-24 00:01:17,827 - INFO - T112 E5/10 | [WARN] ZERO_PENALTY | L: 0.56365452/0.56940995 | F1 M MIN: 0.00000000 D: 0.00000000 | [S/N/B]: [0.5409/0.7240/0.0000] | LR: 0.00046514
2026-03-24 00:01:17,881 - INFO - Trial 112 stopped early due to patience limit (4 epochs without improvement)
2026-03-24 00:01:18,155 - INFO - Trial 112 finished with value: 0.05523913105698503 and parameters: {'tcn_channels': 512, 'lstm_hidden': 64, 'num_lstm_layers': 3, 'batch_size': 1024, 'dropout': 0.3383489888499766, 'seq_len': 192, 'lr': 0.0009302750668366455, 'weight_decay': 0.0005854962761059283, 'base_alpha_sell': 1.3222028730103244, 'base_alpha_neutral': 0.47446478975159256, 'base_alpha_buy': 1.333917471730016, 'base_loss_gamma': 2.9630972914306453, 'base_loss_smoothing': 0.34584767875517347, 'asym_gamma_sell': 0.9178226538052676, 'asym_gamma_neu': 0.3885250508083977, 'asym_gamma_buy': 2.5201554143179306}. Best is trial 104 with value: 0.4828262682077523.
2026-03-24 00:01:18,957 - INFO - 🔍 RAM-Safe Streaming Scan (Treino): 878 arquivos...
2026-03-24 00:02:17,233 - INFO - ✂️ Double-Chunking (Treino): Expondo fatias de 500,000 amostras aleatórias.
2026-03-24 00:02:17,235 - INFO - 🚀 Pre-loading 500,000 samples into RAM (Lightning Mode)...
2026-03-24 00:05:28,578 - INFO - ✅ RAM-Safe Streaming Dataset: 500,000 sequences indexed and PRE-LOADED.
2026-03-24 00:05:28,580 - INFO - ✅ RAM-Safe Streaming Dataset: 500,000 sequences indexed (Mode: Lightning).
2026-03-24 00:05:28,630 - INFO - 🔍 RAM-Safe Streaming Scan (Val): 274 arquivos...
2026-03-24 00:05:43,217 - INFO - ✂️ Double-Chunking (Val): Expondo fatias de 100,000 amostras aleatórias.
2026-03-24 00:05:43,218 - INFO - 🚀 Pre-loading 100,000 samples into RAM (Lightning Mode)...
2026-03-24 00:06:40,654 - INFO - ✅ RAM-Safe Streaming Dataset: 100,000 sequences indexed and PRE-LOADED.
2026-03-24 00:06:40,655 - INFO - ✅ RAM-Safe Streaming Dataset: 100,000 sequences indexed (Mode: Lightning).
2026-03-24 00:06:41,170 - INFO - Trial 113 START | tcn=64, lstm=256, layers=4, batch=1024, seq=96 | RFE=30 | loss=ASYM (g_s=1.35, g_n=0.39, g_b=1.38) | alpha=[1.49, 0.42, 1.10], smooth=0.05
2026-03-24 00:07:16,882 - INFO - T113 E1/10 | [WARN] ZERO_PENALTY | L: 0.53785100/0.47807556 | F1 M MIN: 0.00000000 D: 0.00000000 | [S/N/B]: [0.5052/0.6128/0.0000] | LR: 0.00030041
2026-03-24 00:07:52,644 - INFO - T113 E2/10 | [WARN] ZERO_PENALTY | L: 0.48599923/0.45915174 | F1 M MIN: 0.00000000 D: 0.00000000 | [S/N/B]: [0.5181/0.6627/0.0000] | LR: 0.00027854
2026-03-24 00:08:29,007 - INFO - T113 E3/10 | [WARN] ZERO_PENALTY | L: 0.47225850/0.44016306 | F1 M MIN: 0.00000000 D: 0.00000000 | [S/N/B]: [0.5348/0.7218/0.0000] | LR: 0.00024447
2026-03-24 00:09:04,865 - INFO - T113 E4/10 | [WARN] ZERO_PENALTY | L: 0.46487186/0.44611131 | F1 M MIN: 0.00000000 D: 0.00000000 | [S/N/B]: [0.5169/0.6534/0.0000] | LR: 0.00020155
2026-03-24 00:09:04,965 - INFO - Trial 113 stopped early due to patience limit (4 epochs without improvement)
2026-03-24 00:09:05,192 - INFO - Trial 113 finished with value: 0.0 and parameters: {'tcn_channels': 64, 'lstm_hidden': 256, 'num_lstm_layers': 4, 'batch_size': 1024, 'dropout': 0.2279072218890248, 'seq_len': 96, 'lr': 0.00030794405386934105, 'weight_decay': 0.001935765293542104, 'base_alpha_sell': 1.49056933567477, 'base_alpha_neutral': 0.4240085617819354, 'base_alpha_buy': 1.1025139893540326, 'base_loss_gamma': 3.8437445855351324, 'base_loss_smoothing': 0.04632207409830802, 'asym_gamma_sell': 1.3506135018895027, 'asym_gamma_neu': 0.3918307465068565, 'asym_gamma_buy': 1.3806925945644073}. Best is trial 104 with value: 0.4828262682077523.
2026-03-24 00:09:05,970 - INFO - 🔍 RAM-Safe Streaming Scan (Treino): 878 arquivos...
2026-03-24 00:10:02,278 - INFO - ✂️ Double-Chunking (Treino): Expondo fatias de 500,000 amostras aleatórias.
2026-03-24 00:10:02,279 - INFO - 🚀 Pre-loading 500,000 samples into RAM (Lightning Mode)...
2026-03-24 00:13:17,604 - INFO - ✅ RAM-Safe Streaming Dataset: 500,000 sequences indexed and PRE-LOADED.
2026-03-24 00:13:17,618 - INFO - ✅ RAM-Safe Streaming Dataset: 500,000 sequences indexed (Mode: Lightning).
2026-03-24 00:13:17,667 - INFO - 🔍 RAM-Safe Streaming Scan (Val): 274 arquivos...
2026-03-24 00:13:31,173 - INFO - ✂️ Double-Chunking (Val): Expondo fatias de 100,000 amostras aleatórias.
2026-03-24 00:13:31,174 - INFO - 🚀 Pre-loading 100,000 samples into RAM (Lightning Mode)...
2026-03-24 00:14:29,303 - INFO - ✅ RAM-Safe Streaming Dataset: 100,000 sequences indexed and PRE-LOADED.
2026-03-24 00:14:29,312 - INFO - ✅ RAM-Safe Streaming Dataset: 100,000 sequences indexed (Mode: Lightning).
2026-03-24 00:14:29,792 - INFO - Trial 114 START | tcn=512, lstm=256, layers=4, batch=1024, seq=192 | RFE=30 | loss=ASYM (g_s=0.56, g_n=0.31, g_b=1.60) | alpha=[1.51, 0.47, 1.72], smooth=0.30
2026-03-24 00:17:22,234 - INFO - T114 E1/10 | [WARN] ZERO_PENALTY | L: 0.86031940/0.80807801 | F1 M MIN: 0.00000000 D: 0.00000000 | [S/N/B]: [0.0000/0.5340/0.4873] | LR: 0.00156726
2026-03-24 00:20:15,861 - INFO - T114 E2/10 | [WARN] ZERO_PENALTY | L: 0.83032213/0.79518636 | F1 M MIN: 0.00000000 D: 0.00000000 | [S/N/B]: [0.0000/0.6531/0.5128] | LR: 0.00145316
2026-03-24 00:23:10,195 - INFO - T114 E3/10 | [WARN] ZERO_PENALTY | L: 0.82455481/0.79280175 | F1 M MIN: 0.00000000 D: 0.00000000 | [S/N/B]: [0.0000/0.6562/0.5143] | LR: 0.00127545
2026-03-24 00:26:03,844 - INFO - T114 E4/10 | [WARN] ZERO_PENALTY | L: 0.82216567/0.79122734 | F1 M MIN: 0.00000000 D: 0.00000000 | [S/N/B]: [0.0000/0.6498/0.5125] | LR: 0.00105152
2026-03-24 00:26:03,917 - INFO - Trial 114 stopped early due to patience limit (4 epochs without improvement)
2026-03-24 00:26:04,167 - INFO - Trial 114 finished with value: 0.0 and parameters: {'tcn_channels': 512, 'lstm_hidden': 256, 'num_lstm_layers': 4, 'batch_size': 1024, 'dropout': 0.2701218859001692, 'seq_len': 192, 'lr': 0.0016065764406892578, 'weight_decay': 0.0026617679855750185, 'base_alpha_sell': 1.513922542527942, 'base_alpha_neutral': 0.4687004075012941, 'base_alpha_buy': 1.7211935744357034, 'base_loss_gamma': 2.9436999697976916, 'base_loss_smoothing': 0.30206114749615753, 'asym_gamma_sell': 0.562482821537919, 'asym_gamma_neu': 0.3114850578391871, 'asym_gamma_buy': 1.6048624411820112}. Best is trial 104 with value: 0.4828262682077523.
2026-03-24 00:26:04,848 - INFO - 🔍 RAM-Safe Streaming Scan (Treino): 878 arquivos...
2026-03-24 00:26:58,944 - INFO - ✂️ Double-Chunking (Treino): Expondo fatias de 500,000 amostras aleatórias.
2026-03-24 00:26:58,946 - INFO - 🚀 Pre-loading 500,000 samples into RAM (Lightning Mode)...
2026-03-24 00:30:14,737 - INFO - ✅ RAM-Safe Streaming Dataset: 500,000 sequences indexed and PRE-LOADED.
2026-03-24 00:30:14,738 - INFO - ✅ RAM-Safe Streaming Dataset: 500,000 sequences indexed (Mode: Lightning).
2026-03-24 00:30:14,787 - INFO - 🔍 RAM-Safe Streaming Scan (Val): 274 arquivos...
2026-03-24 00:30:28,724 - INFO - ✂️ Double-Chunking (Val): Expondo fatias de 100,000 amostras aleatórias.
2026-03-24 00:30:28,725 - INFO - 🚀 Pre-loading 100,000 samples into RAM (Lightning Mode)...
2026-03-24 00:31:26,377 - INFO - ✅ RAM-Safe Streaming Dataset: 100,000 sequences indexed and PRE-LOADED.
2026-03-24 00:31:26,379 - INFO - ✅ RAM-Safe Streaming Dataset: 100,000 sequences indexed (Mode: Lightning).
2026-03-24 00:31:27,027 - INFO - Trial 115 START | tcn=256, lstm=256, layers=4, batch=1024, seq=256 | RFE=30 | loss=ASYM (g_s=1.01, g_n=0.17, g_b=2.15) | alpha=[1.38, 0.64, 1.37], smooth=0.16
2026-03-24 00:33:44,722 - INFO - T115 E1/10 | [OK] | L: 0.71250122/0.67962130 | F1 M MIN: 0.01611815 D: 0.27774073 | [S/N/B]: [0.5394/0.7301/0.0161] | LR: 0.00011961
2026-03-24 00:36:03,336 - INFO - T115 E2/10 | [OK] | L: 0.65672497/0.67099867 | F1 M MIN: 0.02686807 D: 0.28604691 | [S/N/B]: [0.5452/0.7238/0.0269] | LR: 0.00011090
2026-03-24 00:38:22,273 - INFO - T115 E3/10 | [OK] | L: 0.64359838/0.64367817 | F1 M MIN: 0.02396694 D: 0.29567013 | [S/N/B]: [0.5674/0.7938/0.0240] | LR: 0.00009734
2026-03-24 00:40:40,853 - INFO - T115 E4/10 | [OK] | L: 0.63592452/0.63841103 | F1 M MIN: 0.04523235 D: 0.30892982 | [S/N/B]: [0.5726/0.7957/0.0452] | LR: 0.00008025
2026-03-24 00:43:00,514 - INFO - T115 E5/10 | [OK] | L: 0.62971852/0.63269896 | F1 M MIN: 0.14447464 D: 0.35914628 | [S/N/B]: [0.5738/0.8069/0.1445] | LR: 0.00006131
2026-03-24 00:45:19,781 - INFO - T115 E6/10 | [OK] | L: 0.62537898/0.62864067 | F1 M MIN: 0.33189078 D: 0.43745606 | [S/N/B]: [0.5430/0.8060/0.3319] | LR: 0.00004236
2026-03-24 00:45:20,052 - INFO - Trial 115 pruned by Optuna at epoch 6
2026-03-24 00:45:20,258 - INFO - Trial 115 pruned.
2026-03-24 00:45:21,287 - INFO - 🔍 RAM-Safe Streaming Scan (Treino): 878 arquivos...
2026-03-24 00:46:14,249 - INFO - ✂️ Double-Chunking (Treino): Expondo fatias de 500,000 amostras aleatórias.
2026-03-24 00:46:14,250 - INFO - 🚀 Pre-loading 500,000 samples into RAM (Lightning Mode)...
2026-03-24 00:49:25,999 - INFO - ✅ RAM-Safe Streaming Dataset: 500,000 sequences indexed and PRE-LOADED.
2026-03-24 00:49:26,000 - INFO - ✅ RAM-Safe Streaming Dataset: 500,000 sequences indexed (Mode: Lightning).
2026-03-24 00:49:26,048 - INFO - 🔍 RAM-Safe Streaming Scan (Val): 274 arquivos...
2026-03-24 00:49:40,071 - INFO - ✂️ Double-Chunking (Val): Expondo fatias de 100,000 amostras aleatórias.
2026-03-24 00:49:40,071 - INFO - 🚀 Pre-loading 100,000 samples into RAM (Lightning Mode)...
2026-03-24 00:50:38,117 - INFO - ✅ RAM-Safe Streaming Dataset: 100,000 sequences indexed and PRE-LOADED.
2026-03-24 00:50:38,119 - INFO - ✅ RAM-Safe Streaming Dataset: 100,000 sequences indexed (Mode: Lightning).
2026-03-24 00:50:38,727 - INFO - Trial 116 START | tcn=512, lstm=128, layers=2, batch=1024, seq=96 | RFE=30 | loss=ASYM (g_s=1.07, g_n=0.31, g_b=1.04) | alpha=[1.71, 0.69, 1.61], smooth=0.28
2026-03-24 00:51:37,296 - INFO - T116 E1/10 | [OK] | L: 0.97957394/0.93779627 | F1 M MIN: 0.00088486 D: 0.26566418 | [S/N/B]: [0.5304/0.6986/0.0009] | LR: 0.00132602
2026-03-24 00:52:35,809 - INFO - T116 E2/10 | [OK] | L: 0.94955615/0.92342136 | F1 M MIN: 0.05246290 D: 0.29645843 | [S/N/B]: [0.5405/0.7415/0.0525] | LR: 0.00122949
2026-03-24 00:53:35,332 - INFO - T116 E3/10 | [OK] | L: 0.94290773/0.91772287 | F1 M MIN: 0.20993072 D: 0.37207168 | [S/N/B]: [0.5342/0.7533/0.2099] | LR: 0.00107913
2026-03-24 00:54:34,180 - INFO - T116 E4/10 | [OK] | L: 0.93760697/0.91137302 | F1 M MIN: 0.41111011 D: 0.45249126 | [S/N/B]: [0.4939/0.7779/0.4111] | LR: 0.00088966
2026-03-24 00:55:33,936 - INFO - T116 E5/10 | [OK] | L: 0.93319950/0.90755826 | F1 M MIN: 0.29859753 D: 0.42252113 | [S/N/B]: [0.5464/0.7873/0.2986] | LR: 0.00067964
2026-03-24 00:56:32,942 - INFO - T116 E6/10 | [OK] | L: 0.92970359/0.91025573 | F1 M MIN: 0.24484536 D: 0.39513486 | [S/N/B]: [0.5454/0.7624/0.2448] | LR: 0.00046962
2026-03-24 00:57:31,866 - INFO - T116 E7/10 | [OK] | L: 0.92622205/0.90534571 | F1 M MIN: 0.35355854 D: 0.43912256 | [S/N/B]: [0.5247/0.7774/0.3536] | LR: 0.00028016
2026-03-24 00:58:31,369 - INFO - T116 E8/10 | [OK] | L: 0.92325932/0.90485118 | F1 M MIN: 0.35870171 D: 0.44346432 | [S/N/B]: [0.5282/0.7809/0.3587] | LR: 0.00012980
2026-03-24 00:58:31,419 - INFO - Trial 116 stopped early due to patience limit (4 epochs without improvement)
2026-03-24 00:58:31,618 - INFO - Trial 116 finished with value: 0.41111010911714313 and parameters: {'tcn_channels': 512, 'lstm_hidden': 128, 'num_lstm_layers': 2, 'batch_size': 1024, 'dropout': 0.31848410334965027, 'seq_len': 96, 'lr': 0.0013592858064583775, 'weight_decay': 0.00037707282198836024, 'base_alpha_sell': 1.7092577469282877, 'base_alpha_neutral': 0.693486092468769, 'base_alpha_buy': 1.606260015032287, 'base_loss_gamma': 3.215327875171564, 'base_loss_smoothing': 0.2826342593198541, 'asym_gamma_sell': 1.0733958638289613, 'asym_gamma_neu': 0.31394092803376367, 'asym_gamma_buy': 1.0433981226735127}. Best is trial 104 with value: 0.4828262682077523.
2026-03-24 00:58:32,247 - INFO - 🔍 RAM-Safe Streaming Scan (Treino): 878 arquivos...
2026-03-24 00:59:40,420 - INFO - ✂️ Double-Chunking (Treino): Expondo fatias de 500,000 amostras aleatórias.
2026-03-24 00:59:40,422 - INFO - 🚀 Pre-loading 500,000 samples into RAM (Lightning Mode)...
2026-03-24 01:03:22,752 - INFO - ✅ RAM-Safe Streaming Dataset: 500,000 sequences indexed and PRE-LOADED.
2026-03-24 01:03:22,754 - INFO - ✅ RAM-Safe Streaming Dataset: 500,000 sequences indexed (Mode: Lightning).
2026-03-24 01:03:22,966 - INFO - 🔍 RAM-Safe Streaming Scan (Val): 274 arquivos...
2026-03-24 01:03:40,938 - INFO - ✂️ Double-Chunking (Val): Expondo fatias de 100,000 amostras aleatórias.
2026-03-24 01:03:40,938 - INFO - 🚀 Pre-loading 100,000 samples into RAM (Lightning Mode)...
2026-03-24 01:04:43,362 - INFO - ✅ RAM-Safe Streaming Dataset: 100,000 sequences indexed and PRE-LOADED.
2026-03-24 01:04:43,363 - INFO - ✅ RAM-Safe Streaming Dataset: 100,000 sequences indexed (Mode: Lightning).
2026-03-24 01:04:43,922 - INFO - Trial 117 START | tcn=512, lstm=128, layers=2, batch=1024, seq=96 | RFE=30 | loss=ASYM (g_s=1.26, g_n=0.20, g_b=0.91) | alpha=[1.37, 0.80, 1.54], smooth=0.27
2026-03-24 01:05:42,080 - INFO - T117 E1/10 | [WARN] ZERO_PENALTY | L: 0.89991992/0.86911038 | F1 M MIN: 0.00000000 D: 0.00000000 | [S/N/B]: [0.0000/0.7883/0.5537] | LR: 0.00134528
2026-03-24 01:06:40,063 - INFO - T117 E2/10 | [OK] | L: 0.86638600/0.85104639 | F1 M MIN: 0.00087308 D: 0.28504741 | [S/N/B]: [0.0009/0.8252/0.5692] | LR: 0.00124734
2026-03-24 01:07:39,038 - INFO - T117 E3/10 | [OK] | L: 0.85641695/0.84556552 | F1 M MIN: 0.04482711 D: 0.30592360 | [S/N/B]: [0.0448/0.8316/0.5670] | LR: 0.00109480
2026-03-24 01:08:37,403 - INFO - T117 E4/10 | [OK] | L: 0.85112327/0.84203638 | F1 M MIN: 0.43935472 D: 0.45866986 | [S/N/B]: [0.4780/0.8531/0.4394] | LR: 0.00090259
2026-03-24 01:09:36,819 - INFO - T117 E5/10 | [OK] | L: 0.84776508/0.84162882 | F1 M MIN: 0.40834486 D: 0.45753657 | [S/N/B]: [0.4083/0.8316/0.5067] | LR: 0.00068952
2026-03-24 01:10:35,549 - INFO - T117 E6/10 | [OK] | L: 0.84390574/0.83840857 | F1 M MIN: 0.32934430 D: 0.43808435 | [S/N/B]: [0.3293/0.8377/0.5468] | LR: 0.00047644
2026-03-24 01:11:34,118 - INFO - T117 E7/10 | [OK] | L: 0.84088594/0.83685540 | F1 M MIN: 0.36727320 D: 0.44967613 | [S/N/B]: [0.3673/0.8364/0.5321] | LR: 0.00028423
2026-03-24 01:12:33,302 - INFO - T117 E8/10 | [OK] | L: 0.83809715/0.83229383 | F1 M MIN: 0.41418052 D: 0.46774400 | [S/N/B]: [0.4142/0.8474/0.5213] | LR: 0.00013169
2026-03-24 01:12:33,431 - INFO - Trial 117 stopped early due to patience limit (4 epochs without improvement)
2026-03-24 01:12:34,319 - INFO - Trial 117 finished with value: 0.43935472318536245 and parameters: {'tcn_channels': 512, 'lstm_hidden': 128, 'num_lstm_layers': 2, 'batch_size': 1024, 'dropout': 0.362865011466809, 'seq_len': 96, 'lr': 0.0013790305647139918, 'weight_decay': 0.0004704518254514025, 'base_alpha_sell': 1.3702088905768623, 'base_alpha_neutral': 0.8028263427916911, 'base_alpha_buy': 1.541784031711861, 'base_loss_gamma': 4.044638757163341, 'base_loss_smoothing': 0.26556557230351596, 'asym_gamma_sell': 1.259605560697923, 'asym_gamma_neu': 0.20487963633551776, 'asym_gamma_buy': 0.9052724533153409}. Best is trial 104 with value: 0.4828262682077523.
2026-03-24 01:12:34,979 - INFO - 🔍 RAM-Safe Streaming Scan (Treino): 878 arquivos...
2026-03-24 01:13:34,296 - INFO - ✂️ Double-Chunking (Treino): Expondo fatias de 500,000 amostras aleatórias.
2026-03-24 01:13:34,304 - INFO - 🚀 Pre-loading 500,000 samples into RAM (Lightning Mode)...
2026-03-24 01:17:05,844 - INFO - ✅ RAM-Safe Streaming Dataset: 500,000 sequences indexed and PRE-LOADED.
2026-03-24 01:17:05,845 - INFO - ✅ RAM-Safe Streaming Dataset: 500,000 sequences indexed (Mode: Lightning).
2026-03-24 01:17:05,908 - INFO - 🔍 RAM-Safe Streaming Scan (Val): 274 arquivos...
2026-03-24 01:17:19,776 - INFO - ✂️ Double-Chunking (Val): Expondo fatias de 100,000 amostras aleatórias.
2026-03-24 01:17:19,776 - INFO - 🚀 Pre-loading 100,000 samples into RAM (Lightning Mode)...
2026-03-24 01:18:17,968 - INFO - ✅ RAM-Safe Streaming Dataset: 100,000 sequences indexed and PRE-LOADED.
2026-03-24 01:18:17,969 - INFO - ✅ RAM-Safe Streaming Dataset: 100,000 sequences indexed (Mode: Lightning).
2026-03-24 01:18:18,414 - INFO - Trial 118 START | tcn=512, lstm=128, layers=2, batch=1024, seq=96 | RFE=30 | loss=ASYM (g_s=1.67, g_n=0.63, g_b=1.78) | alpha=[1.37, 0.93, 1.61], smooth=0.28
2026-03-24 01:19:15,948 - INFO - T118 E1/10 | [WARN] ZERO_PENALTY | L: 0.80355040/0.76815870 | F1 M MIN: 0.00000000 D: 0.00000000 | [S/N/B]: [0.0000/0.8299/0.5653] | LR: 0.00122117
2026-03-24 01:20:14,811 - INFO - T118 E2/10 | [WARN] ZERO_PENALTY | L: 0.76894511/0.76434026 | F1 M MIN: 0.00000000 D: 0.00000000 | [S/N/B]: [0.0000/0.8260/0.5638] | LR: 0.00113226
2026-03-24 01:21:13,415 - INFO - T118 E3/10 | [WARN] ZERO_PENALTY | L: 0.76186100/0.76310980 | F1 M MIN: 0.00000000 D: 0.00000000 | [S/N/B]: [0.0000/0.8326/0.5674] | LR: 0.00099379
2026-03-24 01:22:11,994 - INFO - T118 E4/10 | [WARN] ZERO_PENALTY | L: 0.75788497/0.75339062 | F1 M MIN: 0.00000000 D: 0.00000000 | [S/N/B]: [0.0000/0.8450/0.5732] | LR: 0.00081931
2026-03-24 01:22:12,069 - INFO - Trial 118 stopped early due to patience limit (4 epochs without improvement)
