2026-03-27 12:06:37,568 - INFO - [I 2026-03-27 12:06:37,568] Trial 2 finished with value: 0.7548026499658287 and parameters: {'max_depth': 6, 'learning_rate': 0.01599437948709636, 'n_estimators': 116, 'subsample': 0.8060158290093984, 'colsample_bytree': 0.8995922855071674, 'reg_alpha': 0.9879167690921755, 'reg_lambda': 4.852373835116261}. Best is trial 2 with value: 0.7548026499658287.
2026-03-27 12:06:38,654 - INFO - [I 2026-03-27 12:06:38,653] Trial 3 finished with value: 0.746785230157799 and parameters: {'max_depth': 4, 'learning_rate': 0.06065886241062509, 'n_estimators': 786, 'subsample': 0.9326811443368651, 'colsample_bytree': 0.8842675713532833, 'reg_alpha': 0.737596572914137, 'reg_lambda': 2.3008454418572253}. Best is trial 2 with value: 0.7548026499658287.
2026-03-27 12:06:39,640 - INFO - [I 2026-03-27 12:06:39,640] Trial 4 finished with value: 0.7501785596894354 and parameters: {'max_depth': 6, 'learning_rate': 0.0280708311903977, 'n_estimators': 450, 'subsample': 0.9422470850045341, 'colsample_bytree': 0.953977071721434, 'reg_alpha': 0.9814374564004095, 'reg_lambda': 2.7789270910954427}. Best is trial 2 with value: 0.7548026499658287.
2026-03-27 12:06:40,704 - INFO - [I 2026-03-27 12:06:40,703] Trial 5 finished with value: 0.7528276755452576 and parameters: {'max_depth': 3, 'learning_rate': 0.010269848227671758, 'n_estimators': 897, 'subsample': 0.7152941179262549, 'colsample_bytree': 0.6894083305287578, 'reg_alpha': 0.3853220574841304, 'reg_lambda': 3.2769058033294467}. Best is trial 2 with value: 0.7548026499658287.
2026-03-27 12:06:41,844 - INFO - [I 2026-03-27 12:06:41,843] Trial 6 finished with value: 0.752021140430619 and parameters: {'max_depth': 4, 'learning_rate': 0.018675463936146167, 'n_estimators': 834, 'subsample': 0.6426800335336097, 'colsample_bytree': 0.639573819930013, 'reg_alpha': 0.8936457727417296, 'reg_lambda': 3.371153276544361}. Best is trial 2 with value: 0.7548026499658287.
2026-03-27 12:06:42,635 - INFO - [I 2026-03-27 12:06:42,635] Trial 7 finished with value: 0.753244911188532 and parameters: {'max_depth': 5, 'learning_rate': 0.011857981199629546, 'n_estimators': 456, 'subsample': 0.6972960264902974, 'colsample_bytree': 0.8615648641257725, 'reg_alpha': 0.2623088648448514, 'reg_lambda': 3.227267793732246}. Best is trial 2 with value: 0.7548026499658287.
2026-03-27 12:06:43,739 - INFO - [I 2026-03-27 12:06:43,739] Trial 8 finished with value: 0.7475852091878383 and parameters: {'max_depth': 4, 'learning_rate': 0.06322286447220991, 'n_estimators': 798, 'subsample': 0.9034312410906084, 'colsample_bytree': 0.7676852119056299, 'reg_alpha': 0.9469860913358638, 'reg_lambda': 3.5181928683626285}. Best is trial 2 with value: 0.7548026499658287.
2026-03-27 12:06:44,086 - INFO - [I 2026-03-27 12:06:44,086] Trial 9 finished with value: 0.7514651868341459 and parameters: {'max_depth': 3, 'learning_rate': 0.08311932573908316, 'n_estimators': 256, 'subsample': 0.8226510039178723, 'colsample_bytree': 0.8585540852210698, 'reg_alpha': 0.38593832321107824, 'reg_lambda': 2.279473986161265}. Best is trial 2 with value: 0.7548026499658287.
2026-03-27 12:06:44,350 - INFO - [I 2026-03-27 12:06:44,349] Trial 10 finished with value: 0.7554443735539316 and parameters: {'max_depth': 5, 'learning_rate': 0.01657131898891151, 'n_estimators': 107, 'subsample': 0.7900873097317047, 'colsample_bytree': 0.9899852991788224, 'reg_alpha': 0.6494539119043476, 'reg_lambda': 4.816420787685274}. Best is trial 10 with value: 0.7554443735539316.
2026-03-27 12:06:44,596 - INFO - [I 2026-03-27 12:06:44,596] Trial 11 finished with value: 0.7555098630735281 and parameters: {'max_depth': 5, 'learning_rate': 0.017444863226427923, 'n_estimators': 102, 'subsample': 0.8042640425319951, 'colsample_bytree': 0.9979965856462738, 'reg_alpha': 0.672598550886403, 'reg_lambda': 4.802592283726489}. Best is trial 11 with value: 0.7555098630735281.
2026-03-27 12:06:44,968 - INFO - [I 2026-03-27 12:06:44,968] Trial 12 finished with value: 0.7541875014042384 and parameters: {'max_depth': 5, 'learning_rate': 0.019568845903453567, 'n_estimators': 186, 'subsample': 0.7578462848651769, 'colsample_bytree': 0.9564247516856029, 'reg_alpha': 0.6560984140318595, 'reg_lambda': 4.991653564071741}. Best is trial 11 with value: 0.7555098630735281.
2026-03-27 12:06:45,519 - INFO - [I 2026-03-27 12:06:45,518] Trial 13 finished with value: 0.7514722897544506 and parameters: {'max_depth': 5, 'learning_rate': 0.04079837294549069, 'n_estimators': 293, 'subsample': 0.8544504403525485, 'colsample_bytree': 0.9931156022081572, 'reg_alpha': 0.6162132599494299, 'reg_lambda': 4.174711914516486}. Best is trial 11 with value: 0.7555098630735281.
2026-03-27 12:06:46,164 - INFO - [I 2026-03-27 12:06:46,163] Trial 14 finished with value: 0.7531530011829483 and parameters: {'max_depth': 5, 'learning_rate': 0.015658327652476916, 'n_estimators': 350, 'subsample': 0.7469190360017943, 'colsample_bytree': 0.990947953339803, 'reg_alpha': 0.5498653681147027, 'reg_lambda': 1.0489108533967348}. Best is trial 11 with value: 0.7555098630735281.
2026-03-27 12:06:46,428 - INFO - [I 2026-03-27 12:06:46,428] Trial 15 finished with value: 0.7550055319564248 and parameters: {'max_depth': 5, 'learning_rate': 0.022372697264128664, 'n_estimators': 111, 'subsample': 0.6021680185631539, 'colsample_bytree': 0.7463632031823058, 'reg_alpha': 0.7680796737878718, 'reg_lambda': 4.164967354436776}. Best is trial 11 with value: 0.7555098630735281.
2026-03-27 12:06:47,330 - INFO - [I 2026-03-27 12:06:47,330] Trial 16 finished with value: 0.7507164677076279 and parameters: {'max_depth': 4, 'learning_rate': 0.04049168630074485, 'n_estimators': 632, 'subsample': 0.8467529909858059, 'colsample_bytree': 0.9228723471416409, 'reg_alpha': 0.8055347712465329, 'reg_lambda': 4.2204529446693595}. Best is trial 11 with value: 0.7555098630735281.
2026-03-27 12:06:48,020 - INFO - [I 2026-03-27 12:06:48,020] Trial 17 finished with value: 0.7536765725954713 and parameters: {'max_depth': 5, 'learning_rate': 0.013673649062583167, 'n_estimators': 381, 'subsample': 0.7663137728345287, 'colsample_bytree': 0.9400916356603424, 'reg_alpha': 0.46374973178747025, 'reg_lambda': 4.547480556527881}. Best is trial 11 with value: 0.7555098630735281.
2026-03-27 12:06:48,392 - INFO - [I 2026-03-27 12:06:48,391] Trial 18 finished with value: 0.7540092270203885 and parameters: {'max_depth': 4, 'learning_rate': 0.0220539297817513, 'n_estimators': 230, 'subsample': 0.8787312441197361, 'colsample_bytree': 0.8088998154495403, 'reg_alpha': 0.6255758181757335, 'reg_lambda': 3.8835197491903313}. Best is trial 11 with value: 0.7555098630735281.
2026-03-27 12:06:50,422 - INFO - [I 2026-03-27 12:06:50,422] Trial 19 finished with value: 0.7446817552903086 and parameters: {'max_depth': 6, 'learning_rate': 0.03384565400731034, 'n_estimators': 973, 'subsample': 0.7844873628145526, 'colsample_bytree': 0.998183032328578, 'reg_alpha': 0.8466402128485253, 'reg_lambda': 4.709915843724811}. Best is trial 11 with value: 0.7555098630735281.
2026-03-27 12:06:50,772 - INFO - [I 2026-03-27 12:06:50,772] Trial 20 finished with value: 0.7555107189902844 and parameters: {'max_depth': 5, 'learning_rate': 0.010167823846332387, 'n_estimators': 170, 'subsample': 0.8151974719984074, 'colsample_bytree': 0.9186294847353986, 'reg_alpha': 0.6915127071418274, 'reg_lambda': 3.7437059835189803}. Best is trial 20 with value: 0.7555107189902844.
2026-03-27 12:06:51,122 - INFO - [I 2026-03-27 12:06:51,121] Trial 21 finished with value: 0.7555156999502974 and parameters: {'max_depth': 5, 'learning_rate': 0.010518968643208677, 'n_estimators': 169, 'subsample': 0.8232869169936882, 'colsample_bytree': 0.9606051417207868, 'reg_alpha': 0.7163928169637903, 'reg_lambda': 4.401806439150734}. Best is trial 21 with value: 0.7555156999502974.
2026-03-27 12:06:51,500 - INFO - [I 2026-03-27 12:06:51,500] Trial 22 finished with value: 0.7552928703441844 and parameters: {'max_depth': 5, 'learning_rate': 0.010581446015808044, 'n_estimators': 190, 'subsample': 0.8389215162133923, 'colsample_bytree': 0.917957316060711, 'reg_alpha': 0.7207093356290983, 'reg_lambda': 3.764211140811503}. Best is trial 21 with value: 0.7555156999502974.
2026-03-27 12:06:52,105 - INFO - [I 2026-03-27 12:06:52,104] Trial 23 finished with value: 0.7540059281745566 and parameters: {'max_depth': 5, 'learning_rate': 0.013154974639504902, 'n_estimators': 322, 'subsample': 0.8814307876953268, 'colsample_bytree': 0.9628990959153696, 'reg_alpha': 0.5272360247788493, 'reg_lambda': 4.452609190249008}. Best is trial 21 with value: 0.7555156999502974.
2026-03-27 12:06:52,426 - INFO - [I 2026-03-27 12:06:52,426] Trial 24 finished with value: 0.7547055331333102 and parameters: {'max_depth': 4, 'learning_rate': 0.010032725249202661, 'n_estimators': 187, 'subsample': 0.8202821256602145, 'colsample_bytree': 0.8800069673690267, 'reg_alpha': 0.8573013830962964, 'reg_lambda': 3.829580163970404}. Best is trial 21 with value: 0.7555156999502974.
2026-03-27 12:06:53,167 - INFO - [I 2026-03-27 12:06:53,167] Trial 25 finished with value: 0.7534844608907264 and parameters: {'max_depth': 5, 'learning_rate': 0.012942519012219296, 'n_estimators': 413, 'subsample': 0.7275358324994461, 'colsample_bytree': 0.9168085661047398, 'reg_alpha': 0.7065332442744585, 'reg_lambda': 4.404833890807173}. Best is trial 21 with value: 0.7555156999502974.
2026-03-27 12:06:53,782 - INFO - [I 2026-03-27 12:06:53,782] Trial 26 finished with value: 0.7537768693964944 and parameters: {'max_depth': 6, 'learning_rate': 0.014692368337501878, 'n_estimators': 255, 'subsample': 0.8746170960269812, 'colsample_bytree': 0.8396724090938628, 'reg_alpha': 0.5469918349704113, 'reg_lambda': 3.977535370171208}. Best is trial 21 with value: 0.7555156999502974.
2026-03-27 12:06:54,133 - INFO - [I 2026-03-27 12:06:54,133] Trial 27 finished with value: 0.7553389947471676 and parameters: {'max_depth': 5, 'learning_rate': 0.011685340302117568, 'n_estimators': 171, 'subsample': 0.7891736563985372, 'colsample_bytree': 0.9667977335076835, 'reg_alpha': 0.4616590157191987, 'reg_lambda': 3.5765507756561057}. Best is trial 21 with value: 0.7555156999502974.
2026-03-27 12:06:54,891 - INFO - [I 2026-03-27 12:06:54,891] Trial 28 finished with value: 0.7525677918762326 and parameters: {'max_depth': 4, 'learning_rate': 0.024244879487874703, 'n_estimators': 513, 'subsample': 0.9159508312533821, 'colsample_bytree': 0.7739630905938223, 'reg_alpha': 0.7874343465920163, 'reg_lambda': 4.621646095107425}. Best is trial 21 with value: 0.7555156999502974.
2026-03-27 12:06:56,115 - INFO - [I 2026-03-27 12:06:56,115] Trial 29 finished with value: 0.7513456735131686 and parameters: {'max_depth': 6, 'learning_rate': 0.017555187882769406, 'n_estimators': 579, 'subsample': 0.6800645163862735, 'colsample_bytree': 0.8261638566632055, 'reg_alpha': 0.12944526469344592, 'reg_lambda': 2.9975368504387516}. Best is trial 21 with value: 0.7555156999502974.
2026-03-27 12:06:56,822 - INFO - [I 2026-03-27 12:06:56,821] Trial 30 finished with value: 0.753533646384887 and parameters: {'max_depth': 6, 'learning_rate': 0.011806140791350943, 'n_estimators': 297, 'subsample': 0.8198164407519564, 'colsample_bytree': 0.9311743843274745, 'reg_alpha': 0.5917516900889624, 'reg_lambda': 4.304225650091652}. Best is trial 21 with value: 0.7555156999502974.
2026-03-27 12:06:57,111 - INFO - [I 2026-03-27 12:06:57,111] Trial 31 finished with value: 0.7552254966189504 and parameters: {'max_depth': 5, 'learning_rate': 0.014974499065816766, 'n_estimators': 129, 'subsample': 0.7707537319064081, 'colsample_bytree': 0.9710389523034177, 'reg_alpha': 0.6605429483597104, 'reg_lambda': 4.999719143664516}. Best is trial 21 with value: 0.7555156999502974.
2026-03-27 12:06:57,369 - INFO - [I 2026-03-27 12:06:57,369] Trial 32 finished with value: 0.7553679889272904 and parameters: {'max_depth': 5, 'learning_rate': 0.017379864406453338, 'n_estimators': 109, 'subsample': 0.7970736699201503, 'colsample_bytree': 0.978450705450567, 'reg_alpha': 0.6884275603530344, 'reg_lambda': 4.7068390860148055}. Best is trial 21 with value: 0.7555156999502974.
2026-03-27 12:06:57,802 - INFO - [I 2026-03-27 12:06:57,802] Trial 33 finished with value: 0.7537602206268091 and parameters: {'max_depth': 5, 'learning_rate': 0.020522160337683372, 'n_estimators': 224, 'subsample': 0.9749563967181247, 'colsample_bytree': 0.9429971224896506, 'reg_alpha': 0.8164726707174775, 'reg_lambda': 4.8042817228779064}. Best is trial 21 with value: 0.7555156999502974.
2026-03-27 12:06:58,129 - INFO - [I 2026-03-27 12:06:58,128] Trial 34 finished with value: 0.7554933510127695 and parameters: {'max_depth': 5, 'learning_rate': 0.012047608890704373, 'n_estimators': 156, 'subsample': 0.742434471034148, 'colsample_bytree': 0.8928360261843805, 'reg_alpha': 0.01804778504749921, 'reg_lambda': 4.09859581891404}. Best is trial 21 with value: 0.7555156999502974.
2026-03-27 12:06:58,548 - INFO - [I 2026-03-27 12:06:58,548] Trial 35 finished with value: 0.7549189714305686 and parameters: {'max_depth': 6, 'learning_rate': 0.011721441951338467, 'n_estimators': 161, 'subsample': 0.7324085032107714, 'colsample_bytree': 0.894451632544593, 'reg_alpha': 0.2829724850139456, 'reg_lambda': 4.094677418017588}. Best is trial 21 with value: 0.7555156999502974.
2026-03-27 12:06:59,693 - INFO - [I 2026-03-27 12:06:59,693] Trial 36 finished with value: 0.7523259002906907 and parameters: {'max_depth': 5, 'learning_rate': 0.013144585289240441, 'n_estimators': 695, 'subsample': 0.708911533954695, 'colsample_bytree': 0.907396039736239, 'reg_alpha': 0.07819030331739096, 'reg_lambda': 2.9597811420232354}. Best is trial 21 with value: 0.7555156999502974.
2026-03-27 12:07:00,109 - INFO - [I 2026-03-27 12:07:00,109] Trial 37 finished with value: 0.7548883189117304 and parameters: {'max_depth': 4, 'learning_rate': 0.010149961729763096, 'n_estimators': 266, 'subsample': 0.6554458212651363, 'colsample_bytree': 0.8700262780363467, 'reg_alpha': 0.015620024572249924, 'reg_lambda': 3.6168662851181863}. Best is trial 21 with value: 0.7555156999502974.
2026-03-27 12:07:00,515 - INFO - [I 2026-03-27 12:07:00,515] Trial 38 finished with value: 0.7551289622853358 and parameters: {'max_depth': 6, 'learning_rate': 0.011387903145819712, 'n_estimators': 154, 'subsample': 0.7442234536443193, 'colsample_bytree': 0.8957084783457622, 'reg_alpha': 0.911400449740307, 'reg_lambda': 2.629774746628391}. Best is trial 21 with value: 0.7555156999502974.
2026-03-27 12:07:01,155 - INFO - [I 2026-03-27 12:07:01,154] Trial 39 finished with value: 0.7521576591532629 and parameters: {'max_depth': 5, 'learning_rate': 0.027983357922703855, 'n_estimators': 348, 'subsample': 0.811220344233976, 'colsample_bytree': 0.9454531477133602, 'reg_alpha': 0.1942027560014869, 'reg_lambda': 4.481951850491965}. Best is trial 21 with value: 0.7555156999502974.
2026-03-27 12:07:01,527 - INFO - [I 2026-03-27 12:07:01,527] Trial 40 finished with value: 0.7545195079477219 and parameters: {'max_depth': 4, 'learning_rate': 0.014158444007331737, 'n_estimators': 227, 'subsample': 0.8566289173337003, 'colsample_bytree': 0.8487757518477355, 'reg_alpha': 0.3895484342503072, 'reg_lambda': 1.5343085408260184}. Best is trial 21 with value: 0.7555156999502974.
2026-03-27 12:07:01,792 - INFO - [I 2026-03-27 12:07:01,792] Trial 41 finished with value: 0.7554823310845309 and parameters: {'max_depth': 5, 'learning_rate': 0.015440818286221387, 'n_estimators': 113, 'subsample': 0.7794852523836375, 'colsample_bytree': 0.9792128681444394, 'reg_alpha': 0.743296702217268, 'reg_lambda': 4.818544061191604}. Best is trial 21 with value: 0.7555156999502974.
2026-03-27 12:07:02,113 - INFO - [I 2026-03-27 12:07:02,113] Trial 42 finished with value: 0.7555495681008385 and parameters: {'max_depth': 5, 'learning_rate': 0.01223770134712539, 'n_estimators': 150, 'subsample': 0.7678528362756647, 'colsample_bytree': 0.9726791323505288, 'reg_alpha': 0.7284641031091134, 'reg_lambda': 4.000064650962277}. Best is trial 42 with value: 0.7555495681008385.
2026-03-27 12:07:02,517 - INFO - [I 2026-03-27 12:07:02,517] Trial 43 finished with value: 0.7548505396971219 and parameters: {'max_depth': 5, 'learning_rate': 0.012504485613946705, 'n_estimators': 206, 'subsample': 0.8383802377655997, 'colsample_bytree': 0.9462371072625501, 'reg_alpha': 0.6000963437178686, 'reg_lambda': 3.4060274375562827}. Best is trial 42 with value: 0.7555495681008385.
2026-03-27 12:07:02,834 - INFO - [I 2026-03-27 12:07:02,834] Trial 44 finished with value: 0.755256987222946 and parameters: {'max_depth': 5, 'learning_rate': 0.011172070563682662, 'n_estimators': 146, 'subsample': 0.8044432878036295, 'colsample_bytree': 0.6039664976804789, 'reg_alpha': 0.734991079864937, 'reg_lambda': 4.010003890307703}. Best is trial 42 with value: 0.7555495681008385.
2026-03-27 12:07:03,219 - INFO - [I 2026-03-27 12:07:03,218] Trial 45 finished with value: 0.7528416792944108 and parameters: {'max_depth': 3, 'learning_rate': 0.010261781967132034, 'n_estimators': 282, 'subsample': 0.7586950928680136, 'colsample_bytree': 0.6975595657294937, 'reg_alpha': 0.6910805214459527, 'reg_lambda': 3.6953642990907696}. Best is trial 42 with value: 0.7555495681008385.
2026-03-27 12:07:03,548 - INFO - [I 2026-03-27 12:07:03,548] Trial 46 finished with value: 0.7546661669063828 and parameters: {'max_depth': 5, 'learning_rate': 0.018605554005563664, 'n_estimators': 154, 'subsample': 0.6955692559641422, 'colsample_bytree': 0.965826291739812, 'reg_alpha': 0.3176691889100464, 'reg_lambda': 4.32377208949957}. Best is trial 42 with value: 0.7555495681008385.
2026-03-27 12:07:04,384 - INFO - [I 2026-03-27 12:07:04,383] Trial 47 finished with value: 0.7533402686366066 and parameters: {'max_depth': 5, 'learning_rate': 0.014062631087610772, 'n_estimators': 474, 'subsample': 0.8318136378943558, 'colsample_bytree': 0.9305547297952412, 'reg_alpha': 0.8859566024761732, 'reg_lambda': 3.9636545226875755}. Best is trial 42 with value: 0.7555495681008385.
2026-03-27 12:07:04,845 - INFO - [I 2026-03-27 12:07:04,845] Trial 48 finished with value: 0.7544120606754634 and parameters: {'max_depth': 5, 'learning_rate': 0.012561390222688172, 'n_estimators': 240, 'subsample': 0.7285483826759339, 'colsample_bytree': 0.998856544817488, 'reg_alpha': 0.49226465652186013, 'reg_lambda': 3.1773232509105593}. Best is trial 42 with value: 0.7555495681008385.
2026-03-27 12:07:05,580 - INFO - [I 2026-03-27 12:07:05,580] Trial 49 finished with value: 0.7527917032660236 and parameters: {'max_depth': 6, 'learning_rate': 0.016323735024319348, 'n_estimators': 313, 'subsample': 0.8629179466765126, 'colsample_bytree': 0.9050369803593815, 'reg_alpha': 0.7654879196954247, 'reg_lambda': 4.552470378885068}. Best is trial 42 with value: 0.7555495681008385.
2026-03-27 12:07:05,976 - INFO - [I 2026-03-27 12:07:05,976] Trial 50 finished with value: 0.751956150195797 and parameters: {'max_depth': 5, 'learning_rate': 0.05618147589062831, 'n_estimators': 201, 'subsample': 0.8995528414156805, 'colsample_bytree': 0.8804082804318033, 'reg_alpha': 0.5689765867842762, 'reg_lambda': 4.171590049208154}. Best is trial 42 with value: 0.7555495681008385.
2026-03-27 12:07:06,226 - INFO - [I 2026-03-27 12:07:06,226] Trial 51 finished with value: 0.7556419120086667 and parameters: {'max_depth': 5, 'learning_rate': 0.015384696060950795, 'n_estimators': 103, 'subsample': 0.7783807799128094, 'colsample_bytree': 0.9829594454098076, 'reg_alpha': 0.7689599193384082, 'reg_lambda': 4.912226240149951}. Best is trial 51 with value: 0.7556419120086667.
2026-03-27 12:07:06,516 - INFO - [I 2026-03-27 12:07:06,516] Trial 52 finished with value: 0.7556894332202453 and parameters: {'max_depth': 5, 'learning_rate': 0.010763897022311512, 'n_estimators': 130, 'subsample': 0.750956422559549, 'colsample_bytree': 0.9790763956785089, 'reg_alpha': 0.6428957049298479, 'reg_lambda': 4.981533008025408}. Best is trial 52 with value: 0.7556894332202453.
2026-03-27 12:07:06,772 - INFO - [I 2026-03-27 12:07:06,771] Trial 53 finished with value: 0.7554375321637469 and parameters: {'max_depth': 5, 'learning_rate': 0.013977883226850715, 'n_estimators': 107, 'subsample': 0.7733273970914454, 'colsample_bytree': 0.9823169187808632, 'reg_alpha': 0.6528000173232071, 'reg_lambda': 4.912281218649849}. Best is trial 52 with value: 0.7556894332202453.
2026-03-27 12:07:07,072 - INFO - [I 2026-03-27 12:07:07,072] Trial 54 finished with value: 0.755586681602414 and parameters: {'max_depth': 5, 'learning_rate': 0.010924030731631566, 'n_estimators': 137, 'subsample': 0.803845814915969, 'colsample_bytree': 0.9573867982642796, 'reg_alpha': 0.8216704885719026, 'reg_lambda': 4.6747239423026725}. Best is trial 52 with value: 0.7556894332202453.
2026-03-27 12:07:07,461 - INFO - [I 2026-03-27 12:07:07,460] Trial 55 finished with value: 0.7553733681263495 and parameters: {'max_depth': 5, 'learning_rate': 0.011004822805596845, 'n_estimators': 195, 'subsample': 0.8008559182418322, 'colsample_bytree': 0.9582849687418867, 'reg_alpha': 0.9753683115173469, 'reg_lambda': 4.698948786885573}. Best is trial 52 with value: 0.7556894332202453.
2026-03-27 12:07:07,946 - INFO - [I 2026-03-27 12:07:07,945] Trial 56 finished with value: 0.7547289697983829 and parameters: {'max_depth': 5, 'learning_rate': 0.01102175580345536, 'n_estimators': 253, 'subsample': 0.7563629111644304, 'colsample_bytree': 0.9510977533704889, 'reg_alpha': 0.8240406109891684, 'reg_lambda': 4.358776708151108}. Best is trial 52 with value: 0.7556894332202453.
2026-03-27 12:07:08,243 - INFO - [I 2026-03-27 12:07:08,243] Trial 57 finished with value: 0.7556424231811739 and parameters: {'max_depth': 5, 'learning_rate': 0.010126488273170475, 'n_estimators': 133, 'subsample': 0.7852952902214047, 'colsample_bytree': 0.9814475833842911, 'reg_alpha': 0.7778654733946251, 'reg_lambda': 4.601933859950411}. Best is trial 52 with value: 0.7556894332202453.
