2026-03-25 15:35:11,436 - INFO - Trial 265 finished with value: 0.43564051772217627 and parameters: {'tcn_channels': 512, 'lstm_hidden': 128, 'num_lstm_layers': 2, 'batch_size': 512, 'dropout': 0.24348131585558797, 'seq_len': 192, 'lr': 8.305132580590804e-05, 'weight_decay': 0.00046209762501213484, 'base_alpha_sell': 1.5776991670946061, 'base_alpha_neutral': 0.962336548184962, 'base_alpha_buy': 1.4669296612361418, 'base_loss_gamma': 3.2863346293531013, 'base_loss_smoothing': 0.261752827032858, 'asym_gamma_sell': 1.786229587063541, 'asym_gamma_neu': 1.693944612606152, 'asym_gamma_buy': 1.2692747214992404}. Best is trial 193 with value: 0.4857577883085556.
2026-03-25 15:35:11,975 - INFO - 🔍 RAM-Safe Streaming Scan (Treino): 878 arquivos...
2026-03-25 15:36:01,542 - INFO - ✂️ Double-Chunking (Treino): Expondo fatias de 500,000 amostras aleatórias.
2026-03-25 15:36:01,543 - INFO - 🚀 Pre-loading 500,000 samples into RAM (Lightning Mode)...
2026-03-25 15:39:17,112 - INFO - ✅ RAM-Safe Streaming Dataset: 500,000 sequences indexed and PRE-LOADED.
2026-03-25 15:39:17,113 - INFO - ✅ RAM-Safe Streaming Dataset: 500,000 sequences indexed (Mode: Lightning).
2026-03-25 15:39:17,165 - INFO - 🔍 RAM-Safe Streaming Scan (Val): 274 arquivos...
2026-03-25 15:39:29,678 - INFO - ✂️ Double-Chunking (Val): Expondo fatias de 100,000 amostras aleatórias.
2026-03-25 15:39:29,678 - INFO - 🚀 Pre-loading 100,000 samples into RAM (Lightning Mode)...
2026-03-25 15:40:27,185 - INFO - ✅ RAM-Safe Streaming Dataset: 100,000 sequences indexed and PRE-LOADED.
2026-03-25 15:40:27,186 - INFO - ✅ RAM-Safe Streaming Dataset: 100,000 sequences indexed (Mode: Lightning).
2026-03-25 15:40:27,559 - INFO - Trial 266 START | tcn=256, lstm=256, layers=2, batch=1024, seq=192 | RFE=30 | loss=ASYM (g_s=1.52, g_n=0.85, g_b=0.82) | alpha=[1.50, 0.82, 1.34], smooth=0.17
2026-03-25 15:41:52,560 - INFO - T266 E1/10 | [OK] | L: 0.78688686/0.71615689 | F1 M MIN: 0.01206483 D: 0.27952180 | [S/N/B]: [0.5470/0.7604/0.0121] | LR: 0.00015035
2026-03-25 15:43:17,844 - INFO - T266 E2/10 | [OK] | L: 0.73607048/0.69219651 | F1 M MIN: 0.04580099 D: 0.30100142 | [S/N/B]: [0.5562/0.7900/0.0458] | LR: 0.00013940
2026-03-25 15:44:43,836 - INFO - T266 E3/10 | [OK] | L: 0.71947585/0.69611318 | F1 M MIN: 0.06517159 D: 0.30757271 | [S/N/B]: [0.5500/0.7657/0.0652] | LR: 0.00012235
2026-03-25 15:46:09,478 - INFO - T266 E4/10 | [OK] | L: 0.70977235/0.66905698 | F1 M MIN: 0.19803887 D: 0.37725791 | [S/N/B]: [0.5565/0.8215/0.1980] | LR: 0.00010087
2026-03-25 15:47:35,879 - INFO - T266 E5/10 | [OK] | L: 0.70305996/0.66657832 | F1 M MIN: 0.35955949 D: 0.44881854 | [S/N/B]: [0.5381/0.8232/0.3596] | LR: 0.00007706
2026-03-25 15:49:01,690 - INFO - T266 E6/10 | [OK] | L: 0.69793496/0.66007084 | F1 M MIN: 0.23322985 D: 0.39990735 | [S/N/B]: [0.5666/0.8286/0.2332] | LR: 0.00005325
2026-03-25 15:49:01,837 - INFO - Trial 266 pruned by Optuna at epoch 6
2026-03-25 15:49:01,940 - INFO - Trial 266 pruned.
2026-03-25 15:49:02,578 - INFO - 🔍 RAM-Safe Streaming Scan (Treino): 878 arquivos...
2026-03-25 15:49:52,495 - INFO - ✂️ Double-Chunking (Treino): Expondo fatias de 500,000 amostras aleatórias.
2026-03-25 15:49:52,496 - INFO - 🚀 Pre-loading 500,000 samples into RAM (Lightning Mode)...
2026-03-25 15:53:04,969 - INFO - ✅ RAM-Safe Streaming Dataset: 500,000 sequences indexed and PRE-LOADED.
2026-03-25 15:53:04,970 - INFO - ✅ RAM-Safe Streaming Dataset: 500,000 sequences indexed (Mode: Lightning).
2026-03-25 15:53:05,021 - INFO - 🔍 RAM-Safe Streaming Scan (Val): 274 arquivos...
2026-03-25 15:53:17,659 - INFO - ✂️ Double-Chunking (Val): Expondo fatias de 100,000 amostras aleatórias.
2026-03-25 15:53:17,659 - INFO - 🚀 Pre-loading 100,000 samples into RAM (Lightning Mode)...
2026-03-25 15:54:16,752 - INFO - ✅ RAM-Safe Streaming Dataset: 100,000 sequences indexed and PRE-LOADED.
2026-03-25 15:54:16,753 - INFO - ✅ RAM-Safe Streaming Dataset: 100,000 sequences indexed (Mode: Lightning).
2026-03-25 15:54:17,114 - INFO - Trial 267 START | tcn=256, lstm=256, layers=3, batch=1024, seq=144 | RFE=30 | loss=ASYM (g_s=2.30, g_n=1.07, g_b=2.87) | alpha=[1.51, 0.93, 1.76], smooth=0.09
2026-03-25 15:55:26,537 - INFO - T267 E1/10 | [WARN] ZERO_PENALTY | L: 0.64045256/0.56363226 | F1 M MIN: 0.00000000 D: 0.00000000 | [S/N/B]: [0.0000/0.8232/0.5616] | LR: 0.00054960
2026-03-25 15:56:36,281 - INFO - T267 E2/10 | [WARN] ZERO_PENALTY | L: 0.57525871/0.54102729 | F1 M MIN: 0.00000000 D: 0.00000000 | [S/N/B]: [0.0000/0.8505/0.5757] | LR: 0.00050958
2026-03-25 15:57:46,718 - INFO - T267 E3/10 | [OK] | L: 0.56302285/0.53890159 | F1 M MIN: 0.00036336 D: 0.28667413 | [S/N/B]: [0.0004/0.8446/0.5730] | LR: 0.00044727
2026-03-25 15:58:56,767 - INFO - T267 E4/10 | [OK] | L: 0.55627751/0.53652260 | F1 M MIN: 0.14053986 D: 0.34681436 | [S/N/B]: [0.1405/0.8405/0.5531] | LR: 0.00036874
2026-03-25 16:00:07,536 - INFO - T267 E5/10 | [OK] | L: 0.55052061/0.52828167 | F1 M MIN: 0.22914847 D: 0.39487332 | [S/N/B]: [0.2291/0.8495/0.5606] | LR: 0.00028169
2026-03-25 16:00:07,664 - INFO - Trial 267 pruned by Optuna at epoch 5
2026-03-25 16:00:07,760 - INFO - Trial 267 pruned.
2026-03-25 16:00:08,322 - INFO - 🔍 RAM-Safe Streaming Scan (Treino): 878 arquivos...
2026-03-25 16:00:57,311 - INFO - ✂️ Double-Chunking (Treino): Expondo fatias de 500,000 amostras aleatórias.
2026-03-25 16:00:57,312 - INFO - 🚀 Pre-loading 500,000 samples into RAM (Lightning Mode)...
2026-03-25 16:04:11,916 - INFO - ✅ RAM-Safe Streaming Dataset: 500,000 sequences indexed and PRE-LOADED.
2026-03-25 16:04:11,918 - INFO - ✅ RAM-Safe Streaming Dataset: 500,000 sequences indexed (Mode: Lightning).
2026-03-25 16:04:11,965 - INFO - 🔍 RAM-Safe Streaming Scan (Val): 274 arquivos...
2026-03-25 16:04:24,704 - INFO - ✂️ Double-Chunking (Val): Expondo fatias de 100,000 amostras aleatórias.
2026-03-25 16:04:24,705 - INFO - 🚀 Pre-loading 100,000 samples into RAM (Lightning Mode)...
2026-03-25 16:05:23,074 - INFO - ✅ RAM-Safe Streaming Dataset: 100,000 sequences indexed and PRE-LOADED.
2026-03-25 16:05:23,080 - INFO - ✅ RAM-Safe Streaming Dataset: 100,000 sequences indexed (Mode: Lightning).
2026-03-25 16:05:23,674 - INFO - Trial 268 START | tcn=512, lstm=128, layers=2, batch=512, seq=144 | RFE=30 | loss=ASYM (g_s=2.85, g_n=1.66, g_b=3.09) | alpha=[1.26, 0.91, 1.70], smooth=0.23
2026-03-25 16:06:59,794 - INFO - T268 E1/10 | [WARN] ZERO_PENALTY | L: 0.51922885/0.48854218 | F1 M MIN: 0.00000000 D: 0.00000000 | [S/N/B]: [0.0000/0.7664/0.5421] | LR: 0.00021545
2026-03-25 16:08:37,228 - INFO - T268 E2/10 | [WARN] ZERO_PENALTY | L: 0.48050377/0.46751280 | F1 M MIN: 0.00000000 D: 0.00000000 | [S/N/B]: [0.0000/0.8064/0.5587] | LR: 0.00019977
2026-03-25 16:10:14,701 - INFO - T268 E3/10 | [WARN] ZERO_PENALTY | L: 0.47046588/0.45774499 | F1 M MIN: 0.00000000 D: 0.00000000 | [S/N/B]: [0.0000/0.8342/0.5705] | LR: 0.00017534
2026-03-25 16:11:52,001 - INFO - T268 E4/10 | [WARN] ZERO_PENALTY | L: 0.46499670/0.45678129 | F1 M MIN: 0.00000000 D: 0.00000000 | [S/N/B]: [0.0000/0.8252/0.5662] | LR: 0.00014455
2026-03-25 16:11:52,069 - INFO - Trial 268 stopped early due to patience limit (4 epochs without improvement)
2026-03-25 16:11:52,266 - INFO - Trial 268 finished with value: 0.0 and parameters: {'tcn_channels': 512, 'lstm_hidden': 128, 'num_lstm_layers': 2, 'batch_size': 512, 'dropout': 0.21623585689189678, 'seq_len': 144, 'lr': 0.0002208559448418555, 'weight_decay': 0.00011346742638471022, 'base_alpha_sell': 1.260229517963104, 'base_alpha_neutral': 0.9069460953600357, 'base_alpha_buy': 1.7001556657365184, 'base_loss_gamma': 4.730112058738969, 'base_loss_smoothing': 0.23078800678207734, 'asym_gamma_sell': 2.8485684133492573, 'asym_gamma_neu': 1.6641263797173005, 'asym_gamma_buy': 3.0920551150794955}. Best is trial 193 with value: 0.4857577883085556.
2026-03-25 16:11:52,814 - INFO - 🔍 RAM-Safe Streaming Scan (Treino): 878 arquivos...
2026-03-25 16:12:42,816 - INFO - ✂️ Double-Chunking (Treino): Expondo fatias de 500,000 amostras aleatórias.
2026-03-25 16:12:42,817 - INFO - 🚀 Pre-loading 500,000 samples into RAM (Lightning Mode)...
2026-03-25 16:15:57,770 - INFO - ✅ RAM-Safe Streaming Dataset: 500,000 sequences indexed and PRE-LOADED.
2026-03-25 16:15:57,781 - INFO - ✅ RAM-Safe Streaming Dataset: 500,000 sequences indexed (Mode: Lightning).
2026-03-25 16:15:57,834 - INFO - 🔍 RAM-Safe Streaming Scan (Val): 274 arquivos...
2026-03-25 16:16:10,598 - INFO - ✂️ Double-Chunking (Val): Expondo fatias de 100,000 amostras aleatórias.
2026-03-25 16:16:10,598 - INFO - 🚀 Pre-loading 100,000 samples into RAM (Lightning Mode)...
2026-03-25 16:17:08,519 - INFO - ✅ RAM-Safe Streaming Dataset: 100,000 sequences indexed and PRE-LOADED.
2026-03-25 16:17:08,520 - INFO - ✅ RAM-Safe Streaming Dataset: 100,000 sequences indexed (Mode: Lightning).
2026-03-25 16:17:08,870 - INFO - Trial 269 START | tcn=128, lstm=256, layers=2, batch=512, seq=192 | RFE=30 | loss=ASYM (g_s=1.13, g_n=1.06, g_b=1.67) | alpha=[1.20, 0.89, 1.63], smooth=0.17
2026-03-25 16:18:02,089 - INFO - T269 E1/10 | [WARN] ZERO_PENALTY | L: 0.70594082/0.62700301 | F1 M MIN: 0.00000000 D: 0.00000000 | [S/N/B]: [0.0000/0.8298/0.5667] | LR: 0.00059400
2026-03-25 16:18:55,414 - INFO - T269 E2/10 | [WARN] ZERO_PENALTY | L: 0.66175233/0.61596784 | F1 M MIN: 0.00000000 D: 0.00000000 | [S/N/B]: [0.0000/0.8402/0.5718] | LR: 0.00055075
2026-03-25 16:19:48,608 - INFO - T269 E3/10 | [WARN] ZERO_PENALTY | L: 0.65279420/0.61307555 | F1 M MIN: 0.00000000 D: 0.00000000 | [S/N/B]: [0.0000/0.8354/0.5702] | LR: 0.00048340
2026-03-25 16:20:42,444 - INFO - T269 E4/10 | [OK] | L: 0.64667113/0.60530754 | F1 M MIN: 0.11919363 D: 0.34494268 | [S/N/B]: [0.1192/0.8453/0.5707] | LR: 0.00039853
2026-03-25 16:21:35,908 - INFO - T269 E5/10 | [OK] | L: 0.63981791/0.59966188 | F1 M MIN: 0.14724904 D: 0.36249294 | [S/N/B]: [0.1472/0.8453/0.5777] | LR: 0.00030445
2026-03-25 16:21:36,071 - INFO - Trial 269 pruned by Optuna at epoch 5
2026-03-25 16:21:36,228 - INFO - Trial 269 pruned.
2026-03-25 16:21:36,998 - INFO - 🔍 RAM-Safe Streaming Scan (Treino): 878 arquivos...
2026-03-25 16:22:26,859 - INFO - ✂️ Double-Chunking (Treino): Expondo fatias de 500,000 amostras aleatórias.
2026-03-25 16:22:26,860 - INFO - 🚀 Pre-loading 500,000 samples into RAM (Lightning Mode)...
2026-03-25 16:25:42,689 - INFO - ✅ RAM-Safe Streaming Dataset: 500,000 sequences indexed and PRE-LOADED.
2026-03-25 16:25:42,694 - INFO - ✅ RAM-Safe Streaming Dataset: 500,000 sequences indexed (Mode: Lightning).
2026-03-25 16:25:42,744 - INFO - 🔍 RAM-Safe Streaming Scan (Val): 274 arquivos...
2026-03-25 16:25:55,188 - INFO - ✂️ Double-Chunking (Val): Expondo fatias de 100,000 amostras aleatórias.
2026-03-25 16:25:55,188 - INFO - 🚀 Pre-loading 100,000 samples into RAM (Lightning Mode)...
2026-03-25 16:26:55,643 - INFO - ✅ RAM-Safe Streaming Dataset: 100,000 sequences indexed and PRE-LOADED.
2026-03-25 16:26:55,644 - INFO - ✅ RAM-Safe Streaming Dataset: 100,000 sequences indexed (Mode: Lightning).
2026-03-25 16:26:55,996 - INFO - Trial 270 START | tcn=256, lstm=256, layers=2, batch=1024, seq=144 | RFE=30 | loss=ASYM (g_s=1.85, g_n=0.63, g_b=1.44) | alpha=[1.46, 0.60, 1.29], smooth=0.25
2026-03-25 16:27:56,452 - INFO - T270 E1/10 | [OK] | L: 0.62984721/0.59371276 | F1 M MIN: 0.00220913 D: 0.26678045 | [S/N/B]: [0.5314/0.7105/0.0022] | LR: 0.00015552
2026-03-25 16:28:58,206 - INFO - T270 E2/10 | [OK] | L: 0.59514038/0.58849728 | F1 M MIN: 0.04884389 D: 0.28998855 | [S/N/B]: [0.5311/0.6991/0.0488] | LR: 0.00014420
2026-03-25 16:29:59,664 - INFO - T270 E3/10 | [OK] | L: 0.58522601/0.57987902 | F1 M MIN: 0.09663427 D: 0.32002403 | [S/N/B]: [0.5434/0.7337/0.0966] | LR: 0.00012656
2026-03-25 16:31:01,870 - INFO - T270 E4/10 | [OK] | L: 0.57897635/0.57849800 | F1 M MIN: 0.30370530 D: 0.41360711 | [S/N/B]: [0.5235/0.7141/0.3037] | LR: 0.00010434
2026-03-25 16:32:03,651 - INFO - T270 E5/10 | [OK] | L: 0.57409870/0.57243858 | F1 M MIN: 0.26350435 D: 0.40113897 | [S/N/B]: [0.5388/0.7320/0.2635] | LR: 0.00007971
2026-03-25 16:33:05,953 - INFO - T270 E6/10 | [OK] | L: 0.57058024/0.56672635 | F1 M MIN: 0.30465148 D: 0.42371180 | [S/N/B]: [0.5428/0.7615/0.3047] | LR: 0.00005508
2026-03-25 16:33:06,116 - INFO - Trial 270 pruned by Optuna at epoch 6
2026-03-25 16:33:06,247 - INFO - Trial 270 pruned.
2026-03-25 16:33:07,032 - INFO - 🔍 RAM-Safe Streaming Scan (Treino): 878 arquivos...
2026-03-25 16:33:58,338 - INFO - ✂️ Double-Chunking (Treino): Expondo fatias de 500,000 amostras aleatórias.
2026-03-25 16:33:58,339 - INFO - 🚀 Pre-loading 500,000 samples into RAM (Lightning Mode)...
2026-03-25 16:37:13,645 - INFO - ✅ RAM-Safe Streaming Dataset: 500,000 sequences indexed and PRE-LOADED.
2026-03-25 16:37:13,647 - INFO - ✅ RAM-Safe Streaming Dataset: 500,000 sequences indexed (Mode: Lightning).
2026-03-25 16:37:13,695 - INFO - 🔍 RAM-Safe Streaming Scan (Val): 274 arquivos...
2026-03-25 16:37:26,538 - INFO - ✂️ Double-Chunking (Val): Expondo fatias de 100,000 amostras aleatórias.
2026-03-25 16:37:26,538 - INFO - 🚀 Pre-loading 100,000 samples into RAM (Lightning Mode)...
2026-03-25 16:38:25,557 - INFO - ✅ RAM-Safe Streaming Dataset: 100,000 sequences indexed and PRE-LOADED.
2026-03-25 16:38:25,558 - INFO - ✅ RAM-Safe Streaming Dataset: 100,000 sequences indexed (Mode: Lightning).
2026-03-25 16:38:25,968 - INFO - Trial 271 START | tcn=512, lstm=128, layers=3, batch=512, seq=96 | RFE=30 | loss=ASYM (g_s=1.31, g_n=0.20, g_b=1.12) | alpha=[1.26, 0.42, 1.44], smooth=0.33
2026-03-25 16:39:27,286 - INFO - T271 E1/10 | [WARN] ZERO_PENALTY | L: 0.65371874/0.64497688 | F1 M MIN: 0.00000000 D: 0.00000000 | [S/N/B]: [0.0000/0.4701/0.4783] | LR: 0.00032363
2026-03-25 16:40:29,443 - INFO - T271 E2/10 | [WARN] ZERO_PENALTY | L: 0.63374039/0.63502769 | F1 M MIN: 0.00000000 D: 0.00000000 | [S/N/B]: [0.0000/0.6105/0.5043] | LR: 0.00030007
2026-03-25 16:41:31,940 - INFO - T271 E3/10 | [WARN] ZERO_PENALTY | L: 0.62939560/0.62921424 | F1 M MIN: 0.00000000 D: 0.00000000 | [S/N/B]: [0.0000/0.6478/0.5129] | LR: 0.00026337
2026-03-25 16:42:34,486 - INFO - T271 E4/10 | [OK] | L: 0.62671833/0.63394582 | F1 M MIN: 0.07943939 D: 0.29752677 | [S/N/B]: [0.0794/0.6175/0.5156] | LR: 0.00021713
2026-03-25 16:43:37,022 - INFO - T271 E5/10 | [OK] | L: 0.62414628/0.62789660 | F1 M MIN: 0.16517036 D: 0.33852896 | [S/N/B]: [0.1652/0.6436/0.5119] | LR: 0.00016587
2026-03-25 16:43:37,169 - INFO - Trial 271 pruned by Optuna at epoch 5
2026-03-25 16:43:37,266 - INFO - Trial 271 pruned.
2026-03-25 16:43:37,881 - INFO - 🔍 RAM-Safe Streaming Scan (Treino): 878 arquivos...
2026-03-25 16:44:27,884 - INFO - ✂️ Double-Chunking (Treino): Expondo fatias de 500,000 amostras aleatórias.
2026-03-25 16:44:27,885 - INFO - 🚀 Pre-loading 500,000 samples into RAM (Lightning Mode)...
2026-03-25 16:47:44,176 - INFO - ✅ RAM-Safe Streaming Dataset: 500,000 sequences indexed and PRE-LOADED.
2026-03-25 16:47:44,177 - INFO - ✅ RAM-Safe Streaming Dataset: 500,000 sequences indexed (Mode: Lightning).
2026-03-25 16:47:44,229 - INFO - 🔍 RAM-Safe Streaming Scan (Val): 274 arquivos...
2026-03-25 16:47:57,425 - INFO - ✂️ Double-Chunking (Val): Expondo fatias de 100,000 amostras aleatórias.
2026-03-25 16:47:57,426 - INFO - 🚀 Pre-loading 100,000 samples into RAM (Lightning Mode)...
2026-03-25 16:48:57,087 - INFO - ✅ RAM-Safe Streaming Dataset: 100,000 sequences indexed and PRE-LOADED.
2026-03-25 16:48:57,088 - INFO - ✅ RAM-Safe Streaming Dataset: 100,000 sequences indexed (Mode: Lightning).
2026-03-25 16:48:57,573 - INFO - Trial 272 START | tcn=256, lstm=256, layers=2, batch=1024, seq=144 | RFE=30 | loss=ASYM (g_s=0.70, g_n=0.57, g_b=2.94) | alpha=[1.20, 0.52, 1.60], smooth=0.23
2026-03-25 16:49:58,712 - INFO - T272 E1/10 | [OK] | L: 0.60941426/0.57729127 | F1 M MIN: 0.00021762 D: 0.24897447 | [S/N/B]: [0.0002/0.5918/0.4977] | LR: 0.00021772
2026-03-25 16:50:59,962 - INFO - T272 E2/10 | [OK] | L: 0.57708286/0.56353937 | F1 M MIN: 0.00390159 D: 0.25546316 | [S/N/B]: [0.0039/0.6287/0.5070] | LR: 0.00020187
2026-03-25 16:52:01,967 - INFO - T272 E3/10 | [OK] | L: 0.56833452/0.55443295 | F1 M MIN: 0.24418762 D: 0.37313770 | [S/N/B]: [0.2442/0.7021/0.5021] | LR: 0.00017719
2026-03-25 16:53:03,518 - INFO - T272 E4/10 | [OK] | L: 0.56275763/0.54962423 | F1 M MIN: 0.38476334 D: 0.43273995 | [S/N/B]: [0.3848/0.7230/0.4807] | LR: 0.00014608
2026-03-25 16:54:05,783 - INFO - T272 E5/10 | [OK] | L: 0.55818190/0.54772111 | F1 M MIN: 0.26569694 D: 0.38636755 | [S/N/B]: [0.2657/0.7061/0.5070] | LR: 0.00011159
2026-03-25 16:55:07,453 - INFO - T272 E6/10 | [OK] | L: 0.55487663/0.54816789 | F1 M MIN: 0.40267416 D: 0.43789379 | [S/N/B]: [0.4027/0.7082/0.4731] | LR: 0.00007711
2026-03-25 16:56:09,765 - INFO - T272 E7/10 | [OK] | L: 0.55192170/0.54734963 | F1 M MIN: 0.40381150 D: 0.44365811 | [S/N/B]: [0.4038/0.7394/0.4835] | LR: 0.00004600
2026-03-25 16:56:09,901 - INFO - Trial 272 pruned by Optuna at epoch 7
2026-03-25 16:56:10,012 - INFO - Trial 272 pruned.
2026-03-25 16:56:10,661 - INFO - 🔍 RAM-Safe Streaming Scan (Treino): 878 arquivos...
2026-03-25 16:57:00,931 - INFO - ✂️ Double-Chunking (Treino): Expondo fatias de 500,000 amostras aleatórias.
2026-03-25 16:57:00,932 - INFO - 🚀 Pre-loading 500,000 samples into RAM (Lightning Mode)...
2026-03-25 17:00:19,999 - INFO - ✅ RAM-Safe Streaming Dataset: 500,000 sequences indexed and PRE-LOADED.
2026-03-25 17:00:20,000 - INFO - ✅ RAM-Safe Streaming Dataset: 500,000 sequences indexed (Mode: Lightning).
2026-03-25 17:00:20,049 - INFO - 🔍 RAM-Safe Streaming Scan (Val): 274 arquivos...
2026-03-25 17:00:33,915 - INFO - ✂️ Double-Chunking (Val): Expondo fatias de 100,000 amostras aleatórias.
2026-03-25 17:00:33,916 - INFO - 🚀 Pre-loading 100,000 samples into RAM (Lightning Mode)...
2026-03-25 17:01:32,732 - INFO - ✅ RAM-Safe Streaming Dataset: 100,000 sequences indexed and PRE-LOADED.
2026-03-25 17:01:32,733 - INFO - ✅ RAM-Safe Streaming Dataset: 100,000 sequences indexed (Mode: Lightning).
2026-03-25 17:01:33,088 - INFO - Trial 273 START | tcn=256, lstm=32, layers=2, batch=512, seq=256 | RFE=30 | loss=ASYM (g_s=0.69, g_n=0.28, g_b=0.63) | alpha=[1.33, 0.54, 1.60], smooth=0.19
2026-03-25 17:02:49,905 - INFO - T273 E1/10 | [WARN] ZERO_PENALTY | L: 0.90532656/0.82002637 | F1 M MIN: 0.00000000 D: 0.00000000 | [S/N/B]: [0.0000/0.5694/0.4898] | LR: 0.00015908
2026-03-25 17:04:07,709 - INFO - T273 E2/10 | [WARN] ZERO_PENALTY | L: 0.84631775/0.78934412 | F1 M MIN: 0.00000000 D: 0.00000000 | [S/N/B]: [0.0000/0.6776/0.5155] | LR: 0.00014750
2026-03-25 17:05:25,422 - INFO - T273 E3/10 | [WARN] ZERO_PENALTY | L: 0.83351988/0.77927899 | F1 M MIN: 0.00000000 D: 0.00000000 | [S/N/B]: [0.0000/0.7234/0.5280] | LR: 0.00012946
2026-03-25 17:06:43,493 - INFO - T273 E4/10 | [WARN] ZERO_PENALTY | L: 0.82643994/0.77570355 | F1 M MIN: 0.00000000 D: 0.00000000 | [S/N/B]: [0.0000/0.7252/0.5292] | LR: 0.00010673
2026-03-25 17:06:43,561 - INFO - Trial 273 stopped early due to patience limit (4 epochs without improvement)
2026-03-25 17:06:43,821 - INFO - Trial 273 finished with value: 0.0 and parameters: {'tcn_channels': 256, 'lstm_hidden': 32, 'num_lstm_layers': 2, 'batch_size': 512, 'dropout': 0.22378485381961608, 'seq_len': 256, 'lr': 0.0001630685198546864, 'weight_decay': 0.0007835530584896529, 'base_alpha_sell': 1.332179041416758, 'base_alpha_neutral': 0.5416069419589953, 'base_alpha_buy': 1.6006679315675676, 'base_loss_gamma': 2.349052017533657, 'base_loss_smoothing': 0.1940999453624434, 'asym_gamma_sell': 0.686796607226573, 'asym_gamma_neu': 0.27523724153268636, 'asym_gamma_buy': 0.6347731013753557}. Best is trial 193 with value: 0.4857577883085556.
2026-03-25 17:06:44,388 - INFO - 🔍 RAM-Safe Streaming Scan (Treino): 878 arquivos...
2026-03-25 17:07:34,127 - INFO - ✂️ Double-Chunking (Treino): Expondo fatias de 500,000 amostras aleatórias.
2026-03-25 17:07:34,128 - INFO - 🚀 Pre-loading 500,000 samples into RAM (Lightning Mode)...
2026-03-25 17:10:51,330 - INFO - ✅ RAM-Safe Streaming Dataset: 500,000 sequences indexed and PRE-LOADED.
2026-03-25 17:10:51,332 - INFO - ✅ RAM-Safe Streaming Dataset: 500,000 sequences indexed (Mode: Lightning).
2026-03-25 17:10:51,385 - INFO - 🔍 RAM-Safe Streaming Scan (Val): 274 arquivos...
2026-03-25 17:11:04,303 - INFO - ✂️ Double-Chunking (Val): Expondo fatias de 100,000 amostras aleatórias.
2026-03-25 17:11:04,304 - INFO - 🚀 Pre-loading 100,000 samples into RAM (Lightning Mode)...
2026-03-25 17:12:02,460 - INFO - ✅ RAM-Safe Streaming Dataset: 100,000 sequences indexed and PRE-LOADED.
2026-03-25 17:12:02,461 - INFO - ✅ RAM-Safe Streaming Dataset: 100,000 sequences indexed (Mode: Lightning).
2026-03-25 17:12:02,869 - INFO - Trial 274 START | tcn=512, lstm=32, layers=3, batch=1024, seq=144 | RFE=30 | loss=ASYM (g_s=2.76, g_n=0.68, g_b=2.44) | alpha=[1.74, 0.77, 1.76], smooth=0.18
2026-03-25 17:13:33,708 - INFO - T274 E1/10 | [OK] | L: 0.79640549/0.71953397 | F1 M MIN: 0.34853488 D: 0.42641125 | [S/N/B]: [0.5043/0.7222/0.3485] | LR: 0.00041537
2026-03-25 17:15:04,922 - INFO - T274 E2/10 | [OK] | L: 0.71841096/0.69872253 | F1 M MIN: 0.09425998 D: 0.30805382 | [S/N/B]: [0.0943/0.7465/0.5218] | LR: 0.00038513
2026-03-25 17:16:36,860 - INFO - T274 E3/10 | [OK] | L: 0.70087806/0.68928363 | F1 M MIN: 0.00124337 D: 0.27159238 | [S/N/B]: [0.0012/0.7646/0.5419] | LR: 0.00033803
2026-03-25 17:18:08,282 - INFO - T274 E4/10 | [OK] | L: 0.69107517/0.68445970 | F1 M MIN: 0.00043911 D: 0.27318653 | [S/N/B]: [0.0004/0.7726/0.5459] | LR: 0.00027868
2026-03-25 17:19:40,341 - INFO - T274 E5/10 | [WARN] ZERO_PENALTY | L: 0.68443789/0.66924128 | F1 M MIN: 0.00000000 D: 0.00000000 | [S/N/B]: [0.0000/0.8033/0.5570] | LR: 0.00021290
2026-03-25 17:19:40,381 - INFO - Trial 274 stopped early due to patience limit (4 epochs without improvement)
