2026-03-23 06:03:38,420 - INFO - Trial 14 finished with value: 0.0 and parameters: {'tcn_channels': 512, 'lstm_hidden': 64, 'num_lstm_layers': 4, 'batch_size': 2048, 'dropout': 0.41624434460376164, 'seq_len': 192, 'lr': 0.00032815469489618117, 'weight_decay': 0.004417896200085069, 'base_alpha_sell': 1.4036113872994376, 'base_alpha_neutral': 0.7315468028651931, 'base_alpha_buy': 0.811637213747867, 'base_loss_gamma': 1.8963048414879387, 'base_loss_smoothing': 0.004091589128579744, 'asym_gamma_sell': 0.5119564692348753, 'asym_gamma_neu': 0.2358312670228544, 'asym_gamma_buy': 0.6964703218818549}. Best is trial 0 with value: 0.0.
2026-03-23 06:03:39,010 - INFO - 🔍 RAM-Safe Streaming Scan (Treino): 878 arquivos...
2026-03-23 06:04:30,916 - INFO - ✂️ Double-Chunking (Treino): Expondo fatias de 500,000 amostras aleatórias.
2026-03-23 06:04:30,917 - INFO - 🚀 Pre-loading 500,000 samples into RAM (Lightning Mode)...
2026-03-23 06:07:49,787 - INFO - ✅ RAM-Safe Streaming Dataset: 500,000 sequences indexed and PRE-LOADED.
2026-03-23 06:07:49,788 - INFO - ✅ RAM-Safe Streaming Dataset: 500,000 sequences indexed (Mode: Lightning).
2026-03-23 06:07:49,835 - INFO - 🔍 RAM-Safe Streaming Scan (Val): 274 arquivos...
2026-03-23 06:08:02,771 - INFO - ✂️ Double-Chunking (Val): Expondo fatias de 100,000 amostras aleatórias.
2026-03-23 06:08:02,771 - INFO - 🚀 Pre-loading 100,000 samples into RAM (Lightning Mode)...
2026-03-23 06:09:02,357 - INFO - ✅ RAM-Safe Streaming Dataset: 100,000 sequences indexed and PRE-LOADED.
2026-03-23 06:09:02,358 - INFO - ✅ RAM-Safe Streaming Dataset: 100,000 sequences indexed (Mode: Lightning).
2026-03-23 06:09:02,751 - INFO - Trial 15 START | tcn=256, lstm=128, layers=4, batch=2048, seq=192 | RFE=30 | loss=ASYM (g_s=1.03, g_n=1.01, g_b=1.51) | alpha=[1.40, 0.95, 1.22], smooth=0.02
2026-03-23 06:10:23,237 - INFO - T15 E1/10 | [WARN] ZERO_PENALTY | L: 0.63804183/0.54887697 | F1 M MIN: 0.00000000 D: 0.00000000 | [S/N/B]: [0.5795/0.8297/0.0000] | LR: 0.00106003
2026-03-23 06:11:44,646 - INFO - T15 E2/10 | [WARN] ZERO_PENALTY | L: 0.55710393/0.51127125 | F1 M MIN: 0.00000000 D: 0.00000000 | [S/N/B]: [0.5929/0.8570/0.0000] | LR: 0.00098286
2026-03-23 06:13:06,546 - INFO - T15 E3/10 | [WARN] ZERO_PENALTY | L: 0.53955720/0.49229058 | F1 M MIN: 0.00000000 D: 0.00000000 | [S/N/B]: [0.6037/0.8752/0.0000] | LR: 0.00086266
2026-03-23 06:14:28,152 - INFO - T15 E4/10 | [WARN] ZERO_PENALTY | L: 0.53080312/0.49002017 | F1 M MIN: 0.00000000 D: 0.00000000 | [S/N/B]: [0.6053/0.8776/0.0000] | LR: 0.00071120
2026-03-23 06:14:28,229 - INFO - Trial 15 stopped early due to patience limit (4 epochs without improvement)
2026-03-23 06:14:28,471 - INFO - Trial 15 finished with value: 0.0 and parameters: {'tcn_channels': 256, 'lstm_hidden': 128, 'num_lstm_layers': 4, 'batch_size': 2048, 'dropout': 0.27006637252433596, 'seq_len': 192, 'lr': 0.0010866212496875112, 'weight_decay': 0.0013055737446928965, 'base_alpha_sell': 1.4028122693570402, 'base_alpha_neutral': 0.9469708406339638, 'base_alpha_buy': 1.2164937800359172, 'base_loss_gamma': 0.9995425144940486, 'base_loss_smoothing': 0.022963191511420344, 'asym_gamma_sell': 1.029082158685943, 'asym_gamma_neu': 1.0064185966270662, 'asym_gamma_buy': 1.5124228945424683}. Best is trial 0 with value: 0.0.
2026-03-23 06:14:29,082 - INFO - 🔍 RAM-Safe Streaming Scan (Treino): 878 arquivos...
2026-03-23 06:15:21,141 - INFO - ✂️ Double-Chunking (Treino): Expondo fatias de 500,000 amostras aleatórias.
2026-03-23 06:15:21,142 - INFO - 🚀 Pre-loading 500,000 samples into RAM (Lightning Mode)...
2026-03-23 06:18:40,106 - INFO - ✅ RAM-Safe Streaming Dataset: 500,000 sequences indexed and PRE-LOADED.
2026-03-23 06:18:40,108 - INFO - ✅ RAM-Safe Streaming Dataset: 500,000 sequences indexed (Mode: Lightning).
2026-03-23 06:18:40,154 - INFO - 🔍 RAM-Safe Streaming Scan (Val): 274 arquivos...
2026-03-23 06:18:53,565 - INFO - ✂️ Double-Chunking (Val): Expondo fatias de 100,000 amostras aleatórias.
2026-03-23 06:18:53,566 - INFO - 🚀 Pre-loading 100,000 samples into RAM (Lightning Mode)...
2026-03-23 06:19:51,348 - INFO - ✅ RAM-Safe Streaming Dataset: 100,000 sequences indexed and PRE-LOADED.
2026-03-23 06:19:51,350 - INFO - ✅ RAM-Safe Streaming Dataset: 100,000 sequences indexed (Mode: Lightning).
2026-03-23 06:19:51,727 - INFO - Trial 16 START | tcn=128, lstm=64, layers=4, batch=2048, seq=96 | RFE=30 | loss=ASYM (g_s=3.03, g_n=0.71, g_b=3.17) | alpha=[0.89, 0.87, 1.49], smooth=0.04
2026-03-23 06:20:12,222 - INFO - T16 E1/10 | [WARN] ZERO_PENALTY | L: 0.38341718/0.32108362 | F1 M MIN: 0.00000000 D: 0.00000000 | [S/N/B]: [0.0000/0.8405/0.5713] | LR: 0.00078303
2026-03-23 06:20:32,882 - INFO - T16 E2/10 | [WARN] ZERO_PENALTY | L: 0.30386837/0.30533275 | F1 M MIN: 0.00000000 D: 0.00000000 | [S/N/B]: [0.0000/0.8439/0.5741] | LR: 0.00072602
2026-03-23 06:20:53,493 - INFO - T16 E3/10 | [WARN] ZERO_PENALTY | L: 0.28684089/0.29007338 | F1 M MIN: 0.00000000 D: 0.00000000 | [S/N/B]: [0.0000/0.8559/0.5800] | LR: 0.00063723
2026-03-23 06:21:14,247 - INFO - T16 E4/10 | [WARN] ZERO_PENALTY | L: 0.27808486/0.28949496 | F1 M MIN: 0.00000000 D: 0.00000000 | [S/N/B]: [0.0000/0.8591/0.5819] | LR: 0.00052535
2026-03-23 06:21:14,316 - INFO - Trial 16 stopped early due to patience limit (4 epochs without improvement)
2026-03-23 06:21:14,543 - INFO - Trial 16 finished with value: 0.0 and parameters: {'tcn_channels': 128, 'lstm_hidden': 64, 'num_lstm_layers': 4, 'batch_size': 2048, 'dropout': 0.40825473770933896, 'seq_len': 96, 'lr': 0.0008026699884836891, 'weight_decay': 0.0015876062306401583, 'base_alpha_sell': 0.8928098236833824, 'base_alpha_neutral': 0.8675374745414625, 'base_alpha_buy': 1.485583200156776, 'base_loss_gamma': 2.5911597550663594, 'base_loss_smoothing': 0.04231058392087079, 'asym_gamma_sell': 3.0308018499150116, 'asym_gamma_neu': 0.7106738772598218, 'asym_gamma_buy': 3.171943079732712}. Best is trial 0 with value: 0.0.
2026-03-23 06:21:15,168 - INFO - 🔍 RAM-Safe Streaming Scan (Treino): 878 arquivos...
2026-03-23 06:22:06,583 - INFO - ✂️ Double-Chunking (Treino): Expondo fatias de 500,000 amostras aleatórias.
2026-03-23 06:22:06,584 - INFO - 🚀 Pre-loading 500,000 samples into RAM (Lightning Mode)...
2026-03-23 06:25:28,194 - INFO - ✅ RAM-Safe Streaming Dataset: 500,000 sequences indexed and PRE-LOADED.
2026-03-23 06:25:28,195 - INFO - ✅ RAM-Safe Streaming Dataset: 500,000 sequences indexed (Mode: Lightning).
2026-03-23 06:25:28,241 - INFO - 🔍 RAM-Safe Streaming Scan (Val): 274 arquivos...
2026-03-23 06:25:41,748 - INFO - ✂️ Double-Chunking (Val): Expondo fatias de 100,000 amostras aleatórias.
2026-03-23 06:25:41,748 - INFO - 🚀 Pre-loading 100,000 samples into RAM (Lightning Mode)...
2026-03-23 06:26:40,022 - INFO - ✅ RAM-Safe Streaming Dataset: 100,000 sequences indexed and PRE-LOADED.
2026-03-23 06:26:40,023 - INFO - ✅ RAM-Safe Streaming Dataset: 100,000 sequences indexed (Mode: Lightning).
2026-03-23 06:26:40,381 - INFO - Trial 17 START | tcn=64, lstm=128, layers=5, batch=1024, seq=144 | RFE=30 | loss=ASYM (g_s=0.55, g_n=0.36, g_b=1.39) | alpha=[1.37, 1.06, 1.33], smooth=0.18
2026-03-23 06:27:14,615 - INFO - T17 E1/10 | [OK] | L: 0.89771641/0.83496721 | F1 M MIN: 0.00029562 D: 0.29515865 | [S/N/B]: [0.5900/0.8514/0.0003] | LR: 0.00135705
2026-03-23 06:27:14,640 - INFO - [BEST MACRO]  Trial 17 | Global F1 M MIN record: 0.00029562 (prev: -1.00000000) -> saved best_tcn_lstm.pt
2026-03-23 06:27:14,658 - INFO - [BEST DIR]    Trial 17 | Global F1 Dir record: 0.29515865 (prev: -1.00000000) -> saved best_tcn_lstm_dir.pt
2026-03-23 06:27:48,790 - INFO - T17 E2/10 | [OK] | L: 0.84051618/0.80741123 | F1 M MIN: 0.02695437 D: 0.31528086 | [S/N/B]: [0.6036/0.8729/0.0270] | LR: 0.00125825
2026-03-23 06:27:48,824 - INFO - [BEST MACRO]  Trial 17 | Global F1 M MIN record: 0.02695437 (prev: 0.00029562) -> saved best_tcn_lstm.pt
2026-03-23 06:27:48,868 - INFO - [BEST DIR]    Trial 17 | Global F1 Dir record: 0.31528086 (prev: 0.29515865) -> saved best_tcn_lstm_dir.pt
2026-03-23 06:28:23,939 - INFO - T17 E3/10 | [OK] | L: 0.83086050/0.79744724 | F1 M MIN: 0.00125517 D: 0.30327708 | [S/N/B]: [0.6053/0.8783/0.0013] | LR: 0.00110438
2026-03-23 06:28:58,296 - INFO - T17 E4/10 | [WARN] ZERO_PENALTY | L: 0.82446205/0.79184137 | F1 M MIN: 0.00000000 D: 0.00000000 | [S/N/B]: [0.6089/0.8838/0.0000] | LR: 0.00091048
2026-03-23 06:29:33,638 - INFO - T17 E5/10 | [OK] | L: 0.81959132/0.78456255 | F1 M MIN: 0.09555742 D: 0.35423954 | [S/N/B]: [0.6129/0.8885/0.0956] | LR: 0.00069554
2026-03-23 06:29:33,683 - INFO - [BEST MACRO]  Trial 17 | Global F1 M MIN record: 0.09555742 (prev: 0.02695437) -> saved best_tcn_lstm.pt
2026-03-23 06:29:33,708 - INFO - [BEST DIR]    Trial 17 | Global F1 Dir record: 0.35423954 (prev: 0.31528086) -> saved best_tcn_lstm_dir.pt
2026-03-23 06:30:08,429 - INFO - T17 E6/10 | [OK] | L: 0.81662855/0.78805847 | F1 M MIN: 0.10917911 D: 0.35579659 | [S/N/B]: [0.6024/0.8831/0.1092] | LR: 0.00048061
2026-03-23 06:30:08,453 - INFO - [BEST MACRO]  Trial 17 | Global F1 M MIN record: 0.10917911 (prev: 0.09555742) -> saved best_tcn_lstm.pt
2026-03-23 06:30:08,520 - INFO - [BEST DIR]    Trial 17 | Global F1 Dir record: 0.35579659 (prev: 0.35423954) -> saved best_tcn_lstm_dir.pt
2026-03-23 06:30:43,043 - INFO - T17 E7/10 | [OK] | L: 0.81344335/0.77826980 | F1 M MIN: 0.01640455 D: 0.31644119 | [S/N/B]: [0.6165/0.8924/0.0164] | LR: 0.00028671
2026-03-23 06:31:18,231 - INFO - T17 E8/10 | [OK] | L: 0.81116265/0.78041023 | F1 M MIN: 0.01834210 D: 0.31630312 | [S/N/B]: [0.6143/0.8898/0.0183] | LR: 0.00013284
2026-03-23 06:31:52,906 - INFO - T17 E9/10 | [OK] | L: 0.80943788/0.78166123 | F1 M MIN: 0.00756666 D: 0.30990092 | [S/N/B]: [0.6122/0.8887/0.0076] | LR: 0.00003404
2026-03-23 06:32:28,151 - INFO - T17 E10/10 | [OK] | L: 0.80827202/0.77814172 | F1 M MIN: 0.01301269 D: 0.31370982 | [S/N/B]: [0.6144/0.8910/0.0130] | LR: 0.00000000
2026-03-23 06:32:28,197 - INFO - Trial 17 stopped early due to patience limit (4 epochs without improvement)
2026-03-23 06:32:28,465 - INFO - Trial 17 finished with value: 0.10917910917910918 and parameters: {'tcn_channels': 64, 'lstm_hidden': 128, 'num_lstm_layers': 5, 'batch_size': 1024, 'dropout': 0.32741807027308145, 'seq_len': 144, 'lr': 0.0013910896957883446, 'weight_decay': 0.0027621292058004924, 'base_alpha_sell': 1.3741600518831234, 'base_alpha_neutral': 1.0584481466893128, 'base_alpha_buy': 1.3302609391946647, 'base_loss_gamma': 1.1828023462262143, 'base_loss_smoothing': 0.17991580153081932, 'asym_gamma_sell': 0.5518378129570105, 'asym_gamma_neu': 0.3588978142518523, 'asym_gamma_buy': 1.3937074252829342}. Best is trial 17 with value: 0.10917910917910918.
2026-03-23 06:32:29,141 - INFO - 🔍 RAM-Safe Streaming Scan (Treino): 878 arquivos...
2026-03-23 06:33:19,841 - INFO - ✂️ Double-Chunking (Treino): Expondo fatias de 500,000 amostras aleatórias.
2026-03-23 06:33:19,842 - INFO - 🚀 Pre-loading 500,000 samples into RAM (Lightning Mode)...
2026-03-23 06:36:32,655 - INFO - ✅ RAM-Safe Streaming Dataset: 500,000 sequences indexed and PRE-LOADED.
2026-03-23 06:36:32,656 - INFO - ✅ RAM-Safe Streaming Dataset: 500,000 sequences indexed (Mode: Lightning).
2026-03-23 06:36:32,703 - INFO - 🔍 RAM-Safe Streaming Scan (Val): 274 arquivos...
2026-03-23 06:36:45,853 - INFO - ✂️ Double-Chunking (Val): Expondo fatias de 100,000 amostras aleatórias.
2026-03-23 06:36:45,853 - INFO - 🚀 Pre-loading 100,000 samples into RAM (Lightning Mode)...
2026-03-23 06:37:44,576 - INFO - ✅ RAM-Safe Streaming Dataset: 100,000 sequences indexed and PRE-LOADED.
2026-03-23 06:37:44,578 - INFO - ✅ RAM-Safe Streaming Dataset: 100,000 sequences indexed (Mode: Lightning).
2026-03-23 06:37:45,026 - INFO - Trial 18 START | tcn=64, lstm=128, layers=4, batch=1024, seq=144 | RFE=30 | loss=ASYM (g_s=2.68, g_n=0.13, g_b=1.85) | alpha=[1.95, 0.88, 1.64], smooth=0.27
2026-03-23 06:38:15,967 - INFO - T18 E1/10 | [WARN] ZERO_PENALTY | L: 0.96589409/0.97236721 | F1 M MIN: 0.00000000 D: 0.00000000 | [S/N/B]: [0.5345/0.7194/0.0000] | LR: 0.00165770
2026-03-23 06:38:46,527 - INFO - T18 E2/10 | [WARN] ZERO_PENALTY | L: 0.92319775/0.95059079 | F1 M MIN: 0.00000000 D: 0.00000000 | [S/N/B]: [0.5539/0.7767/0.0000] | LR: 0.00153702
2026-03-23 06:39:17,928 - INFO - T18 E3/10 | [WARN] ZERO_PENALTY | L: 0.91328613/0.93389436 | F1 M MIN: 0.00000000 D: 0.00000000 | [S/N/B]: [0.5669/0.8064/0.0000] | LR: 0.00134905
2026-03-23 06:39:48,786 - INFO - T18 E4/10 | [WARN] ZERO_PENALTY | L: 0.90719346/0.93082998 | F1 M MIN: 0.00000000 D: 0.00000000 | [S/N/B]: [0.5707/0.8178/0.0000] | LR: 0.00111220
2026-03-23 06:39:48,871 - INFO - Trial 18 stopped early due to patience limit (4 epochs without improvement)
2026-03-23 06:39:49,114 - INFO - Trial 18 finished with value: 0.0 and parameters: {'tcn_channels': 64, 'lstm_hidden': 128, 'num_lstm_layers': 4, 'batch_size': 1024, 'dropout': 0.2834012586872148, 'seq_len': 144, 'lr': 0.0016992851991692807, 'weight_decay': 0.0009855645312701865, 'base_alpha_sell': 1.9467024661398182, 'base_alpha_neutral': 0.8791165513284143, 'base_alpha_buy': 1.6379370979368024, 'base_loss_gamma': 1.902868545178444, 'base_loss_smoothing': 0.2706096999530648, 'asym_gamma_sell': 2.6845743077558843, 'asym_gamma_neu': 0.13263932439846732, 'asym_gamma_buy': 1.8537845198030625}. Best is trial 17 with value: 0.10917910917910918.
2026-03-23 06:39:49,720 - INFO - 🔍 RAM-Safe Streaming Scan (Treino): 878 arquivos...
2026-03-23 06:40:41,659 - INFO - ✂️ Double-Chunking (Treino): Expondo fatias de 500,000 amostras aleatórias.
2026-03-23 06:40:41,660 - INFO - 🚀 Pre-loading 500,000 samples into RAM (Lightning Mode)...
2026-03-23 06:43:54,868 - INFO - ✅ RAM-Safe Streaming Dataset: 500,000 sequences indexed and PRE-LOADED.
2026-03-23 06:43:54,869 - INFO - ✅ RAM-Safe Streaming Dataset: 500,000 sequences indexed (Mode: Lightning).
2026-03-23 06:43:54,916 - INFO - 🔍 RAM-Safe Streaming Scan (Val): 274 arquivos...
2026-03-23 06:44:08,166 - INFO - ✂️ Double-Chunking (Val): Expondo fatias de 100,000 amostras aleatórias.
2026-03-23 06:44:08,166 - INFO - 🚀 Pre-loading 100,000 samples into RAM (Lightning Mode)...
2026-03-23 06:45:13,833 - INFO - ✅ RAM-Safe Streaming Dataset: 100,000 sequences indexed and PRE-LOADED.
2026-03-23 06:45:13,835 - INFO - ✅ RAM-Safe Streaming Dataset: 100,000 sequences indexed (Mode: Lightning).
2026-03-23 06:45:14,242 - INFO - Trial 19 START | tcn=128, lstm=64, layers=5, batch=1024, seq=256 | RFE=30 | loss=ASYM (g_s=1.13, g_n=0.47, g_b=1.50) | alpha=[1.27, 1.07, 1.41], smooth=0.30
2026-03-23 06:46:05,237 - INFO - T19 E1/10 | [WARN] ZERO_PENALTY | L: 0.86707200/0.82801138 | F1 M MIN: 0.00000000 D: 0.00000000 | [S/N/B]: [0.0000/0.8558/0.5791] | LR: 0.00102784
2026-03-23 06:46:56,012 - INFO - T19 E2/10 | [WARN] ZERO_PENALTY | L: 0.82527075/0.81383927 | F1 M MIN: 0.00000000 D: 0.00000000 | [S/N/B]: [0.0000/0.8687/0.5867] | LR: 0.00095301
2026-03-23 06:47:47,613 - INFO - T19 E3/10 | [WARN] ZERO_PENALTY | L: 0.81752046/0.80898178 | F1 M MIN: 0.00000000 D: 0.00000000 | [S/N/B]: [0.0000/0.8715/0.5894] | LR: 0.00083646
2026-03-23 06:48:38,627 - INFO - T19 E4/10 | [WARN] ZERO_PENALTY | L: 0.81321434/0.80519405 | F1 M MIN: 0.00000000 D: 0.00000000 | [S/N/B]: [0.0000/0.8780/0.5926] | LR: 0.00068960
2026-03-23 06:48:38,683 - INFO - Trial 19 stopped early due to patience limit (4 epochs without improvement)
2026-03-23 06:48:38,956 - INFO - Trial 19 finished with value: 0.0 and parameters: {'tcn_channels': 128, 'lstm_hidden': 64, 'num_lstm_layers': 5, 'batch_size': 1024, 'dropout': 0.3551370960110203, 'seq_len': 256, 'lr': 0.0010536194339163544, 'weight_decay': 0.0011938980746706953, 'base_alpha_sell': 1.266898143321751, 'base_alpha_neutral': 1.0736905359933233, 'base_alpha_buy': 1.4053185124758154, 'base_loss_gamma': 2.061386388316854, 'base_loss_smoothing': 0.30133608113250004, 'asym_gamma_sell': 1.1343933086968334, 'asym_gamma_neu': 0.46790520007433783, 'asym_gamma_buy': 1.5028978632280017}. Best is trial 17 with value: 0.10917910917910918.
2026-03-23 06:48:39,551 - INFO - 🔍 RAM-Safe Streaming Scan (Treino): 878 arquivos...
2026-03-23 06:49:30,050 - INFO - ✂️ Double-Chunking (Treino): Expondo fatias de 500,000 amostras aleatórias.
2026-03-23 06:49:30,051 - INFO - 🚀 Pre-loading 500,000 samples into RAM (Lightning Mode)...
2026-03-23 06:52:42,140 - INFO - ✅ RAM-Safe Streaming Dataset: 500,000 sequences indexed and PRE-LOADED.
2026-03-23 06:52:42,141 - INFO - ✅ RAM-Safe Streaming Dataset: 500,000 sequences indexed (Mode: Lightning).
2026-03-23 06:52:42,186 - INFO - 🔍 RAM-Safe Streaming Scan (Val): 274 arquivos...
2026-03-23 06:52:55,144 - INFO - ✂️ Double-Chunking (Val): Expondo fatias de 100,000 amostras aleatórias.
2026-03-23 06:52:55,145 - INFO - 🚀 Pre-loading 100,000 samples into RAM (Lightning Mode)...
2026-03-23 06:53:51,851 - INFO - ✅ RAM-Safe Streaming Dataset: 100,000 sequences indexed and PRE-LOADED.
2026-03-23 06:53:51,852 - INFO - ✅ RAM-Safe Streaming Dataset: 100,000 sequences indexed (Mode: Lightning).
2026-03-23 06:53:52,221 - INFO - Trial 20 START | tcn=64, lstm=128, layers=3, batch=1024, seq=144 | RFE=30 | loss=ASYM (g_s=2.49, g_n=0.26, g_b=1.56) | alpha=[1.23, 1.00, 0.75], smooth=0.21
2026-03-23 06:54:18,601 - INFO - T20 E1/10 | [WARN] ZERO_PENALTY | L: 0.47173102/0.47423371 | F1 M MIN: 0.00000000 D: 0.00000000 | [S/N/B]: [0.6034/0.8676/0.0000] | LR: 0.00142282
2026-03-23 06:54:44,627 - INFO - T20 E2/10 | [WARN] ZERO_PENALTY | L: 0.43533735/0.46356677 | F1 M MIN: 0.00000000 D: 0.00000000 | [S/N/B]: [0.6093/0.8785/0.0000] | LR: 0.00131924
2026-03-23 06:55:11,425 - INFO - T20 E3/10 | [WARN] ZERO_PENALTY | L: 0.42688941/0.46358053 | F1 M MIN: 0.00000000 D: 0.00000000 | [S/N/B]: [0.6087/0.8782/0.0000] | LR: 0.00115790
2026-03-23 06:55:37,775 - INFO - T20 E4/10 | [WARN] ZERO_PENALTY | L: 0.42178121/0.45559456 | F1 M MIN: 0.00000000 D: 0.00000000 | [S/N/B]: [0.6148/0.8868/0.0000] | LR: 0.00095461
2026-03-23 06:55:37,857 - INFO - Trial 20 stopped early due to patience limit (4 epochs without improvement)
2026-03-23 06:55:38,073 - INFO - Trial 20 finished with value: 0.0 and parameters: {'tcn_channels': 64, 'lstm_hidden': 128, 'num_lstm_layers': 3, 'batch_size': 1024, 'dropout': 0.3614484252478699, 'seq_len': 144, 'lr': 0.001458512466692058, 'weight_decay': 0.0017060186917980298, 'base_alpha_sell': 1.2302888305375406, 'base_alpha_neutral': 0.9956274730269074, 'base_alpha_buy': 0.7475307628554325, 'base_loss_gamma': 0.729872222783531, 'base_loss_smoothing': 0.2136622229914751, 'asym_gamma_sell': 2.488819942421541, 'asym_gamma_neu': 0.26050839401715187, 'asym_gamma_buy': 1.5554015822422735}. Best is trial 17 with value: 0.10917910917910918.
2026-03-23 06:55:38,649 - INFO - 🔍 RAM-Safe Streaming Scan (Treino): 878 arquivos...
2026-03-23 06:56:29,515 - INFO - ✂️ Double-Chunking (Treino): Expondo fatias de 500,000 amostras aleatórias.
2026-03-23 06:56:29,517 - INFO - 🚀 Pre-loading 500,000 samples into RAM (Lightning Mode)...
2026-03-23 06:59:40,583 - INFO - ✅ RAM-Safe Streaming Dataset: 500,000 sequences indexed and PRE-LOADED.
2026-03-23 06:59:40,585 - INFO - ✅ RAM-Safe Streaming Dataset: 500,000 sequences indexed (Mode: Lightning).
2026-03-23 06:59:40,630 - INFO - 🔍 RAM-Safe Streaming Scan (Val): 274 arquivos...
2026-03-23 06:59:53,795 - INFO - ✂️ Double-Chunking (Val): Expondo fatias de 100,000 amostras aleatórias.
2026-03-23 06:59:53,796 - INFO - 🚀 Pre-loading 100,000 samples into RAM (Lightning Mode)...
2026-03-23 07:00:51,544 - INFO - ✅ RAM-Safe Streaming Dataset: 100,000 sequences indexed and PRE-LOADED.
2026-03-23 07:00:51,545 - INFO - ✅ RAM-Safe Streaming Dataset: 100,000 sequences indexed (Mode: Lightning).
2026-03-23 07:00:51,981 - INFO - Trial 21 START | tcn=128, lstm=128, layers=4, batch=1024, seq=144 | RFE=30 | loss=ASYM (g_s=1.17, g_n=0.17, g_b=2.74) | alpha=[1.51, 0.95, 1.31], smooth=0.10
2026-03-23 07:01:30,419 - INFO - T21 E1/10 | [WARN] ZERO_PENALTY | L: 0.69634874/0.67419232 | F1 M MIN: 0.00000000 D: 0.00000000 | [S/N/B]: [0.5733/0.8262/0.0000] | LR: 0.00192174
2026-03-23 07:02:08,599 - INFO - T21 E2/10 | [WARN] ZERO_PENALTY | L: 0.63834990/0.64558895 | F1 M MIN: 0.00000000 D: 0.00000000 | [S/N/B]: [0.5888/0.8548/0.0000] | LR: 0.00178183
2026-03-23 07:02:47,550 - INFO - T21 E3/10 | [WARN] ZERO_PENALTY | L: 0.62600244/0.63380680 | F1 M MIN: 0.00000000 D: 0.00000000 | [S/N/B]: [0.5916/0.8618/0.0000] | LR: 0.00156392
2026-03-23 07:03:25,934 - INFO - T21 E4/10 | [WARN] ZERO_PENALTY | L: 0.62002362/0.62162382 | F1 M MIN: 0.00000000 D: 0.00000000 | [S/N/B]: [0.5984/0.8726/0.0000] | LR: 0.00128935
2026-03-23 07:03:25,992 - INFO - Trial 21 stopped early due to patience limit (4 epochs without improvement)
