2026-03-25 09:45:23,172 - INFO - Trial 241 finished with value: 0.4591924683418418 and parameters: {'tcn_channels': 256, 'lstm_hidden': 256, 'num_lstm_layers': 2, 'batch_size': 1024, 'dropout': 0.211770110428604, 'seq_len': 144, 'lr': 0.000294226961724545, 'weight_decay': 0.00046395404324627883, 'base_alpha_sell': 1.3668733675833036, 'base_alpha_neutral': 0.4901660631392262, 'base_alpha_buy': 1.4872645175665078, 'base_loss_gamma': 0.7535505955921625, 'base_loss_smoothing': 0.2384233890546015, 'asym_gamma_sell': 1.3221439153768069, 'asym_gamma_neu': 0.19398593352723256, 'asym_gamma_buy': 1.284100682330138}. Best is trial 193 with value: 0.4857577883085556.
2026-03-25 09:45:23,714 - INFO - 🔍 RAM-Safe Streaming Scan (Treino): 878 arquivos...
2026-03-25 09:46:17,562 - INFO - ✂️ Double-Chunking (Treino): Expondo fatias de 500,000 amostras aleatórias.
2026-03-25 09:46:17,563 - INFO - 🚀 Pre-loading 500,000 samples into RAM (Lightning Mode)...
2026-03-25 09:49:28,053 - INFO - ✅ RAM-Safe Streaming Dataset: 500,000 sequences indexed and PRE-LOADED.
2026-03-25 09:49:28,054 - INFO - ✅ RAM-Safe Streaming Dataset: 500,000 sequences indexed (Mode: Lightning).
2026-03-25 09:49:28,103 - INFO - 🔍 RAM-Safe Streaming Scan (Val): 274 arquivos...
2026-03-25 09:49:40,680 - INFO - ✂️ Double-Chunking (Val): Expondo fatias de 100,000 amostras aleatórias.
2026-03-25 09:49:40,680 - INFO - 🚀 Pre-loading 100,000 samples into RAM (Lightning Mode)...
2026-03-25 09:50:36,706 - INFO - ✅ RAM-Safe Streaming Dataset: 100,000 sequences indexed and PRE-LOADED.
2026-03-25 09:50:36,708 - INFO - ✅ RAM-Safe Streaming Dataset: 100,000 sequences indexed (Mode: Lightning).
2026-03-25 09:50:37,137 - INFO - Trial 242 START | tcn=256, lstm=256, layers=2, batch=2048, seq=96 | RFE=30 | loss=ASYM (g_s=1.19, g_n=0.33, g_b=1.86) | alpha=[1.61, 0.52, 1.23], smooth=0.29
2026-03-25 09:51:14,740 - INFO - T242 E1/10 | [WARN] ZERO_PENALTY | L: 0.66879053/0.65016489 | F1 M MIN: 0.00000000 D: 0.00000000 | [S/N/B]: [0.5129/0.6273/0.0000] | LR: 0.00092061
2026-03-25 09:51:52,717 - INFO - T242 E2/10 | [OK] | L: 0.63978702/0.63762954 | F1 M MIN: 0.00014853 D: 0.26700689 | [S/N/B]: [0.5339/0.7077/0.0001] | LR: 0.00085359
2026-03-25 09:52:30,994 - INFO - T242 E3/10 | [OK] | L: 0.63234375/0.63494817 | F1 M MIN: 0.07396381 D: 0.30593231 | [S/N/B]: [0.5379/0.7087/0.0740] | LR: 0.00074920
2026-03-25 09:53:09,143 - INFO - T242 E4/10 | [OK] | L: 0.62729473/0.62878748 | F1 M MIN: 0.06637777 D: 0.30400948 | [S/N/B]: [0.5416/0.7287/0.0664] | LR: 0.00061766
2026-03-25 09:53:47,766 - INFO - T242 E5/10 | [OK] | L: 0.62379335/0.63008034 | F1 M MIN: 0.05249289 D: 0.29530679 | [S/N/B]: [0.5381/0.7081/0.0525] | LR: 0.00047185
2026-03-25 09:53:47,871 - INFO - Trial 242 pruned by Optuna at epoch 5
2026-03-25 09:53:47,981 - INFO - Trial 242 pruned.
2026-03-25 09:53:48,578 - INFO - 🔍 RAM-Safe Streaming Scan (Treino): 878 arquivos...
2026-03-25 09:54:37,372 - INFO - ✂️ Double-Chunking (Treino): Expondo fatias de 500,000 amostras aleatórias.
2026-03-25 09:54:37,373 - INFO - 🚀 Pre-loading 500,000 samples into RAM (Lightning Mode)...
2026-03-25 09:57:51,380 - INFO - ✅ RAM-Safe Streaming Dataset: 500,000 sequences indexed and PRE-LOADED.
2026-03-25 09:57:51,382 - INFO - ✅ RAM-Safe Streaming Dataset: 500,000 sequences indexed (Mode: Lightning).
2026-03-25 09:57:51,434 - INFO - 🔍 RAM-Safe Streaming Scan (Val): 274 arquivos...
2026-03-25 09:58:04,468 - INFO - ✂️ Double-Chunking (Val): Expondo fatias de 100,000 amostras aleatórias.
2026-03-25 09:58:04,469 - INFO - 🚀 Pre-loading 100,000 samples into RAM (Lightning Mode)...
2026-03-25 09:59:03,483 - INFO - ✅ RAM-Safe Streaming Dataset: 100,000 sequences indexed and PRE-LOADED.
2026-03-25 09:59:03,484 - INFO - ✅ RAM-Safe Streaming Dataset: 100,000 sequences indexed (Mode: Lightning).
2026-03-25 09:59:03,948 - INFO - Trial 243 START | tcn=512, lstm=256, layers=3, batch=512, seq=192 | RFE=30 | loss=ASYM (g_s=1.29, g_n=1.15, g_b=1.71) | alpha=[1.46, 0.40, 1.42], smooth=0.13
2026-03-25 10:01:44,506 - INFO - T243 E1/10 | [OK] | L: 0.52642166/0.45237432 | F1 M MIN: 0.06532267 D: 0.29114271 | [S/N/B]: [0.5170/0.5348/0.0653] | LR: 0.00023839
2026-03-25 10:04:26,822 - INFO - T243 E2/10 | [OK] | L: 0.49753537/0.43645098 | F1 M MIN: 0.30759557 D: 0.40618829 | [S/N/B]: [0.5048/0.6781/0.3076] | LR: 0.00022104
2026-03-25 10:07:09,346 - INFO - T243 E3/10 | [OK] | L: 0.48869297/0.43563112 | F1 M MIN: 0.33894088 D: 0.42421034 | [S/N/B]: [0.5095/0.6238/0.3389] | LR: 0.00019401
2026-03-25 10:09:52,089 - INFO - T243 E4/10 | [OK] | L: 0.48128134/0.43162153 | F1 M MIN: 0.31522254 D: 0.41621786 | [S/N/B]: [0.5172/0.6281/0.3152] | LR: 0.00015994
2026-03-25 10:12:34,747 - INFO - T243 E5/10 | [OK] | L: 0.47597931/0.42729129 | F1 M MIN: 0.36649919 D: 0.43671734 | [S/N/B]: [0.5069/0.6312/0.3665] | LR: 0.00012219
2026-03-25 10:15:17,642 - INFO - T243 E6/10 | [OK] | L: 0.47171497/0.42423999 | F1 M MIN: 0.39927822 D: 0.45438843 | [S/N/B]: [0.5095/0.6675/0.3993] | LR: 0.00008443
2026-03-25 10:18:00,457 - INFO - T243 E7/10 | [OK] | L: 0.46784209/0.42450709 | F1 M MIN: 0.37142643 D: 0.44525932 | [S/N/B]: [0.5191/0.6462/0.3714] | LR: 0.00005037
2026-03-25 10:18:00,567 - INFO - Trial 243 pruned by Optuna at epoch 7
2026-03-25 10:18:00,688 - INFO - Trial 243 pruned.
2026-03-25 10:18:01,424 - INFO - 🔍 RAM-Safe Streaming Scan (Treino): 878 arquivos...
2026-03-25 10:18:51,027 - INFO - ✂️ Double-Chunking (Treino): Expondo fatias de 500,000 amostras aleatórias.
2026-03-25 10:18:51,028 - INFO - 🚀 Pre-loading 500,000 samples into RAM (Lightning Mode)...
2026-03-25 10:22:03,042 - INFO - ✅ RAM-Safe Streaming Dataset: 500,000 sequences indexed and PRE-LOADED.
2026-03-25 10:22:03,043 - INFO - ✅ RAM-Safe Streaming Dataset: 500,000 sequences indexed (Mode: Lightning).
2026-03-25 10:22:03,094 - INFO - 🔍 RAM-Safe Streaming Scan (Val): 274 arquivos...
2026-03-25 10:22:15,840 - INFO - ✂️ Double-Chunking (Val): Expondo fatias de 100,000 amostras aleatórias.
2026-03-25 10:22:15,841 - INFO - 🚀 Pre-loading 100,000 samples into RAM (Lightning Mode)...
2026-03-25 10:23:13,562 - INFO - ✅ RAM-Safe Streaming Dataset: 100,000 sequences indexed and PRE-LOADED.
2026-03-25 10:23:13,563 - INFO - ✅ RAM-Safe Streaming Dataset: 100,000 sequences indexed (Mode: Lightning).
2026-03-25 10:23:13,988 - INFO - Trial 244 START | tcn=256, lstm=256, layers=3, batch=2048, seq=96 | RFE=30 | loss=ASYM (g_s=1.75, g_n=0.88, g_b=1.39) | alpha=[0.89, 0.39, 1.61], smooth=0.26
2026-03-25 10:23:56,861 - INFO - T244 E1/10 | [WARN] ZERO_PENALTY | L: 0.42562422/0.38717273 | F1 M MIN: 0.00000000 D: 0.00000000 | [S/N/B]: [0.0000/0.3921/0.4661] | LR: 0.00163521
2026-03-25 10:24:40,167 - INFO - T244 E2/10 | [WARN] ZERO_PENALTY | L: 0.39773464/0.37972183 | F1 M MIN: 0.00000000 D: 0.00000000 | [S/N/B]: [0.0000/0.5144/0.4854] | LR: 0.00151617
2026-03-25 10:25:23,888 - INFO - T244 E3/10 | [WARN] ZERO_PENALTY | L: 0.39292974/0.37161697 | F1 M MIN: 0.00000000 D: 0.00000000 | [S/N/B]: [0.0000/0.6723/0.5181] | LR: 0.00133075
2026-03-25 10:26:07,637 - INFO - T244 E4/10 | [WARN] ZERO_PENALTY | L: 0.39029703/0.37458054 | F1 M MIN: 0.00000000 D: 0.00000000 | [S/N/B]: [0.0000/0.5687/0.4960] | LR: 0.00109711
2026-03-25 10:26:07,691 - INFO - Trial 244 stopped early due to patience limit (4 epochs without improvement)
2026-03-25 10:26:07,865 - INFO - Trial 244 finished with value: 0.0 and parameters: {'tcn_channels': 256, 'lstm_hidden': 256, 'num_lstm_layers': 3, 'batch_size': 2048, 'dropout': 0.274535490970489, 'seq_len': 96, 'lr': 0.0016762350591395868, 'weight_decay': 0.0067100360259342105, 'base_alpha_sell': 0.8905397282947056, 'base_alpha_neutral': 0.38659410288428264, 'base_alpha_buy': 1.6093425657354938, 'base_loss_gamma': 0.9111471479347146, 'base_loss_smoothing': 0.2610333918724334, 'asym_gamma_sell': 1.7517191681485387, 'asym_gamma_neu': 0.8767405645123341, 'asym_gamma_buy': 1.3929531730567146}. Best is trial 193 with value: 0.4857577883085556.
2026-03-25 10:26:08,443 - INFO - 🔍 RAM-Safe Streaming Scan (Treino): 878 arquivos...
2026-03-25 10:26:57,995 - INFO - ✂️ Double-Chunking (Treino): Expondo fatias de 500,000 amostras aleatórias.
2026-03-25 10:26:57,996 - INFO - 🚀 Pre-loading 500,000 samples into RAM (Lightning Mode)...
2026-03-25 10:30:10,045 - INFO - ✅ RAM-Safe Streaming Dataset: 500,000 sequences indexed and PRE-LOADED.
2026-03-25 10:30:10,047 - INFO - ✅ RAM-Safe Streaming Dataset: 500,000 sequences indexed (Mode: Lightning).
2026-03-25 10:30:10,097 - INFO - 🔍 RAM-Safe Streaming Scan (Val): 274 arquivos...
2026-03-25 10:30:22,862 - INFO - ✂️ Double-Chunking (Val): Expondo fatias de 100,000 amostras aleatórias.
2026-03-25 10:30:22,862 - INFO - 🚀 Pre-loading 100,000 samples into RAM (Lightning Mode)...
2026-03-25 10:31:21,969 - INFO - ✅ RAM-Safe Streaming Dataset: 100,000 sequences indexed and PRE-LOADED.
2026-03-25 10:31:21,971 - INFO - ✅ RAM-Safe Streaming Dataset: 100,000 sequences indexed (Mode: Lightning).
2026-03-25 10:31:22,391 - INFO - Trial 245 START | tcn=256, lstm=256, layers=2, batch=1024, seq=144 | RFE=30 | loss=ASYM (g_s=2.12, g_n=0.18, g_b=1.49) | alpha=[1.42, 0.47, 1.35], smooth=0.21
2026-03-25 10:32:23,385 - INFO - T245 E1/10 | [OK] | L: 0.58661072/0.57751075 | F1 M MIN: 0.37215406 D: 0.40832311 | [S/N/B]: [0.3722/0.6377/0.4445] | LR: 0.00027916
2026-03-25 10:33:24,410 - INFO - T245 E2/10 | [OK] | L: 0.55341756/0.56082208 | F1 M MIN: 0.35843846 D: 0.41998341 | [S/N/B]: [0.4815/0.7330/0.3584] | LR: 0.00025884
2026-03-25 10:34:26,374 - INFO - T245 E3/10 | [OK] | L: 0.54420379/0.55950865 | F1 M MIN: 0.33759610 D: 0.41972090 | [S/N/B]: [0.5018/0.6920/0.3376] | LR: 0.00022718
2026-03-25 10:35:27,810 - INFO - T245 E4/10 | [OK] | L: 0.53865374/0.55457791 | F1 M MIN: 0.44567380 D: 0.44664328 | [S/N/B]: [0.4476/0.7160/0.4457] | LR: 0.00018730
2026-03-25 10:36:29,879 - INFO - T245 E5/10 | [OK] | L: 0.53406958/0.54776543 | F1 M MIN: 0.37635566 D: 0.44349441 | [S/N/B]: [0.5106/0.7450/0.3764] | LR: 0.00014308
2026-03-25 10:37:31,339 - INFO - T245 E6/10 | [OK] | L: 0.53056705/0.54679211 | F1 M MIN: 0.43437057 D: 0.45751165 | [S/N/B]: [0.4807/0.7475/0.4344] | LR: 0.00009887
2026-03-25 10:38:33,611 - INFO - T245 E7/10 | [OK] | L: 0.52775722/0.54426588 | F1 M MIN: 0.38443790 D: 0.45312887 | [S/N/B]: [0.5218/0.7725/0.3844] | LR: 0.00005898
2026-03-25 10:39:35,115 - INFO - T245 E8/10 | [OK] | L: 0.52551042/0.54619164 | F1 M MIN: 0.43789229 D: 0.46099035 | [S/N/B]: [0.4841/0.7440/0.4379] | LR: 0.00002733
2026-03-25 10:39:35,199 - INFO - Trial 245 stopped early due to patience limit (4 epochs without improvement)
2026-03-25 10:39:35,414 - INFO - Trial 245 finished with value: 0.4456738016279771 and parameters: {'tcn_channels': 256, 'lstm_hidden': 256, 'num_lstm_layers': 2, 'batch_size': 1024, 'dropout': 0.21757341986762638, 'seq_len': 144, 'lr': 0.00028616532030911014, 'weight_decay': 0.003384317828685442, 'base_alpha_sell': 1.4177446794345914, 'base_alpha_neutral': 0.4669085455403766, 'base_alpha_buy': 1.3478534699933424, 'base_loss_gamma': 0.7717777449785287, 'base_loss_smoothing': 0.20621223255110138, 'asym_gamma_sell': 2.1156557372611466, 'asym_gamma_neu': 0.17588194839499313, 'asym_gamma_buy': 1.4852585970103465}. Best is trial 193 with value: 0.4857577883085556.
2026-03-25 10:39:41,247 - INFO - 🔍 RAM-Safe Streaming Scan (Treino): 878 arquivos...
2026-03-25 10:40:53,225 - INFO - ✂️ Double-Chunking (Treino): Expondo fatias de 500,000 amostras aleatórias.
2026-03-25 10:40:53,226 - INFO - 🚀 Pre-loading 500,000 samples into RAM (Lightning Mode)...
2026-03-25 10:44:06,011 - INFO - ✅ RAM-Safe Streaming Dataset: 500,000 sequences indexed and PRE-LOADED.
2026-03-25 10:44:06,012 - INFO - ✅ RAM-Safe Streaming Dataset: 500,000 sequences indexed (Mode: Lightning).
2026-03-25 10:44:06,062 - INFO - 🔍 RAM-Safe Streaming Scan (Val): 274 arquivos...
2026-03-25 10:44:18,559 - INFO - ✂️ Double-Chunking (Val): Expondo fatias de 100,000 amostras aleatórias.
2026-03-25 10:44:18,560 - INFO - 🚀 Pre-loading 100,000 samples into RAM (Lightning Mode)...
2026-03-25 10:45:17,462 - INFO - ✅ RAM-Safe Streaming Dataset: 100,000 sequences indexed and PRE-LOADED.
2026-03-25 10:45:17,463 - INFO - ✅ RAM-Safe Streaming Dataset: 100,000 sequences indexed (Mode: Lightning).
2026-03-25 10:45:17,829 - INFO - Trial 246 START | tcn=512, lstm=256, layers=2, batch=1024, seq=144 | RFE=30 | loss=ASYM (g_s=1.02, g_n=0.50, g_b=0.60) | alpha=[1.60, 0.61, 1.52], smooth=0.28
2026-03-25 10:47:04,055 - INFO - T246 E1/10 | [OK] | L: 0.92344079/0.85587478 | F1 M MIN: 0.04879207 D: 0.28740455 | [S/N/B]: [0.5260/0.6751/0.0488] | LR: 0.00016515
2026-03-25 10:48:52,205 - INFO - T246 E2/10 | [OK] | L: 0.89045889/0.84424553 | F1 M MIN: 0.15475165 D: 0.34527800 | [S/N/B]: [0.5358/0.7131/0.1548] | LR: 0.00015312
2026-03-25 10:50:39,966 - INFO - T246 E3/10 | [OK] | L: 0.88047968/0.83733724 | F1 M MIN: 0.37512196 D: 0.43886324 | [S/N/B]: [0.5026/0.7112/0.3751] | LR: 0.00013440
2026-03-25 10:52:28,400 - INFO - T246 E4/10 | [OK] | L: 0.87240444/0.83388098 | F1 M MIN: 0.34875283 D: 0.43412889 | [S/N/B]: [0.5195/0.7225/0.3488] | LR: 0.00011080
2026-03-25 10:54:16,291 - INFO - T246 E5/10 | [OK] | L: 0.86745201/0.82665656 | F1 M MIN: 0.37357052 D: 0.45148906 | [S/N/B]: [0.5294/0.7562/0.3736] | LR: 0.00008464
2026-03-25 10:56:04,883 - INFO - T246 E6/10 | [OK] | L: 0.86343685/0.82725398 | F1 M MIN: 0.34438230 D: 0.44307235 | [S/N/B]: [0.5418/0.7496/0.3444] | LR: 0.00005849
2026-03-25 10:56:04,977 - INFO - Trial 246 pruned by Optuna at epoch 6
2026-03-25 10:56:05,079 - INFO - Trial 246 pruned.
2026-03-25 10:56:05,692 - INFO - 🔍 RAM-Safe Streaming Scan (Treino): 878 arquivos...
2026-03-25 10:56:56,591 - INFO - ✂️ Double-Chunking (Treino): Expondo fatias de 500,000 amostras aleatórias.
2026-03-25 10:56:56,592 - INFO - 🚀 Pre-loading 500,000 samples into RAM (Lightning Mode)...
2026-03-25 11:00:10,093 - INFO - ✅ RAM-Safe Streaming Dataset: 500,000 sequences indexed and PRE-LOADED.
2026-03-25 11:00:10,095 - INFO - ✅ RAM-Safe Streaming Dataset: 500,000 sequences indexed (Mode: Lightning).
2026-03-25 11:00:10,148 - INFO - 🔍 RAM-Safe Streaming Scan (Val): 274 arquivos...
2026-03-25 11:00:22,919 - INFO - ✂️ Double-Chunking (Val): Expondo fatias de 100,000 amostras aleatórias.
2026-03-25 11:00:22,919 - INFO - 🚀 Pre-loading 100,000 samples into RAM (Lightning Mode)...
2026-03-25 11:01:21,971 - INFO - ✅ RAM-Safe Streaming Dataset: 100,000 sequences indexed and PRE-LOADED.
2026-03-25 11:01:21,972 - INFO - ✅ RAM-Safe Streaming Dataset: 100,000 sequences indexed (Mode: Lightning).
2026-03-25 11:01:22,381 - INFO - Trial 247 START | tcn=256, lstm=256, layers=2, batch=1024, seq=144 | RFE=30 | loss=ASYM (g_s=2.50, g_n=0.22, g_b=1.90) | alpha=[1.20, 0.43, 1.27], smooth=0.14
2026-03-25 11:02:23,438 - INFO - T247 E1/10 | [OK] | L: 0.42519477/0.42749119 | F1 M MIN: 0.04941553 D: 0.27478662 | [S/N/B]: [0.0494/0.6287/0.5002] | LR: 0.00016864
2026-03-25 11:03:24,529 - INFO - T247 E2/10 | [OK] | L: 0.39138575/0.40377649 | F1 M MIN: 0.01304485 D: 0.27436541 | [S/N/B]: [0.0130/0.7427/0.5357] | LR: 0.00015636
2026-03-25 11:04:26,433 - INFO - T247 E3/10 | [OK] | L: 0.38261995/0.40232534 | F1 M MIN: 0.06319988 D: 0.30113457 | [S/N/B]: [0.0632/0.7275/0.5391] | LR: 0.00013724
2026-03-25 11:05:27,906 - INFO - T247 E4/10 | [OK] | L: 0.37689969/0.39701292 | F1 M MIN: 0.12122852 D: 0.33529991 | [S/N/B]: [0.1212/0.7432/0.5494] | LR: 0.00011315
2026-03-25 11:06:30,117 - INFO - T247 E5/10 | [OK] | L: 0.37285919/0.39777428 | F1 M MIN: 0.21226961 D: 0.37283279 | [S/N/B]: [0.2123/0.7250/0.5334] | LR: 0.00008644
2026-03-25 11:06:30,279 - INFO - Trial 247 pruned by Optuna at epoch 5
2026-03-25 11:06:30,399 - INFO - Trial 247 pruned.
2026-03-25 11:06:31,145 - INFO - 🔍 RAM-Safe Streaming Scan (Treino): 878 arquivos...
2026-03-25 11:07:21,582 - INFO - ✂️ Double-Chunking (Treino): Expondo fatias de 500,000 amostras aleatórias.
2026-03-25 11:07:21,583 - INFO - 🚀 Pre-loading 500,000 samples into RAM (Lightning Mode)...
2026-03-25 11:10:33,380 - INFO - ✅ RAM-Safe Streaming Dataset: 500,000 sequences indexed and PRE-LOADED.
2026-03-25 11:10:33,381 - INFO - ✅ RAM-Safe Streaming Dataset: 500,000 sequences indexed (Mode: Lightning).
2026-03-25 11:10:33,431 - INFO - 🔍 RAM-Safe Streaming Scan (Val): 274 arquivos...
2026-03-25 11:10:46,579 - INFO - ✂️ Double-Chunking (Val): Expondo fatias de 100,000 amostras aleatórias.
2026-03-25 11:10:46,579 - INFO - 🚀 Pre-loading 100,000 samples into RAM (Lightning Mode)...
2026-03-25 11:11:45,058 - INFO - ✅ RAM-Safe Streaming Dataset: 100,000 sequences indexed and PRE-LOADED.
2026-03-25 11:11:45,059 - INFO - ✅ RAM-Safe Streaming Dataset: 100,000 sequences indexed (Mode: Lightning).
2026-03-25 11:11:45,556 - INFO - Trial 248 START | tcn=256, lstm=256, layers=3, batch=1024, seq=144 | RFE=30 | loss=ASYM (g_s=1.96, g_n=0.23, g_b=1.52) | alpha=[1.38, 0.42, 1.45], smooth=0.35
2026-03-25 11:12:54,870 - INFO - T248 E1/10 | [OK] | L: 0.60422617/0.60976606 | F1 M MIN: 0.00625578 D: 0.24002393 | [S/N/B]: [0.0063/0.4513/0.4738] | LR: 0.00042058
2026-03-25 11:14:04,324 - INFO - T248 E2/10 | [OK] | L: 0.58409107/0.59970169 | F1 M MIN: 0.04006474 D: 0.28004101 | [S/N/B]: [0.0401/0.6265/0.5200] | LR: 0.00038996
2026-03-25 11:15:14,832 - INFO - T248 E3/10 | [OK] | L: 0.57968037/0.59953638 | F1 M MIN: 0.35806804 D: 0.42124323 | [S/N/B]: [0.4844/0.5707/0.3581] | LR: 0.00034227
2026-03-25 11:16:25,005 - INFO - T248 E4/10 | [OK] | L: 0.57622962/0.59295488 | F1 M MIN: 0.18286748 D: 0.34937979 | [S/N/B]: [0.1829/0.6448/0.5159] | LR: 0.00028218
2026-03-25 11:17:35,683 - INFO - T248 E5/10 | [OK] | L: 0.57337297/0.59403968 | F1 M MIN: 0.32818618 D: 0.41863924 | [S/N/B]: [0.3282/0.6329/0.5091] | LR: 0.00021557
2026-03-25 11:18:45,817 - INFO - T248 E6/10 | [OK] | L: 0.57107780/0.59174775 | F1 M MIN: 0.33758337 D: 0.42101043 | [S/N/B]: [0.3376/0.6434/0.5044] | LR: 0.00014895
2026-03-25 11:18:45,899 - INFO - Trial 248 pruned by Optuna at epoch 6
2026-03-25 11:18:45,998 - INFO - Trial 248 pruned.
2026-03-25 11:18:46,679 - INFO - 🔍 RAM-Safe Streaming Scan (Treino): 878 arquivos...
2026-03-25 11:19:37,294 - INFO - ✂️ Double-Chunking (Treino): Expondo fatias de 500,000 amostras aleatórias.
2026-03-25 11:19:37,295 - INFO - 🚀 Pre-loading 500,000 samples into RAM (Lightning Mode)...
2026-03-25 11:22:50,201 - INFO - ✅ RAM-Safe Streaming Dataset: 500,000 sequences indexed and PRE-LOADED.
2026-03-25 11:22:50,209 - INFO - ✅ RAM-Safe Streaming Dataset: 500,000 sequences indexed (Mode: Lightning).
2026-03-25 11:22:50,259 - INFO - 🔍 RAM-Safe Streaming Scan (Val): 274 arquivos...
2026-03-25 11:23:02,993 - INFO - ✂️ Double-Chunking (Val): Expondo fatias de 100,000 amostras aleatórias.
2026-03-25 11:23:02,994 - INFO - 🚀 Pre-loading 100,000 samples into RAM (Lightning Mode)...
2026-03-25 11:24:01,956 - INFO - ✅ RAM-Safe Streaming Dataset: 100,000 sequences indexed and PRE-LOADED.
2026-03-25 11:24:01,957 - INFO - ✅ RAM-Safe Streaming Dataset: 100,000 sequences indexed (Mode: Lightning).
2026-03-25 11:24:02,333 - INFO - Trial 249 START | tcn=256, lstm=256, layers=2, batch=1024, seq=144 | RFE=30 | loss=ASYM (g_s=2.59, g_n=0.57, g_b=0.80) | alpha=[1.45, 0.56, 1.43], smooth=0.24
2026-03-25 11:25:03,313 - INFO - T249 E1/10 | [OK] | L: 0.66463972/0.63306312 | F1 M MIN: 0.08458747 D: 0.31014010 | [S/N/B]: [0.0846/0.6485/0.5357] | LR: 0.00023853
2026-03-25 11:26:04,308 - INFO - T249 E2/10 | [OK] | L: 0.63088873/0.61706338 | F1 M MIN: 0.16456794 D: 0.37132561 | [S/N/B]: [0.1646/0.7190/0.5781] | LR: 0.00022116
2026-03-25 11:27:06,338 - INFO - T249 E3/10 | [OK] | L: 0.62148574/0.60644741 | F1 M MIN: 0.27656361 D: 0.40646507 | [S/N/B]: [0.2766/0.7562/0.5364] | LR: 0.00019412
2026-03-25 11:28:07,979 - INFO - T249 E4/10 | [OK] | L: 0.61522859/0.60511662 | F1 M MIN: 0.44556448 D: 0.45216527 | [S/N/B]: [0.4456/0.7477/0.4588] | LR: 0.00016003
2026-03-25 11:29:10,155 - INFO - T249 E5/10 | [OK] | L: 0.61046087/0.60184250 | F1 M MIN: 0.22903845 D: 0.38998789 | [S/N/B]: [0.2290/0.7564/0.5509] | LR: 0.00012226
2026-03-25 11:30:11,741 - INFO - T249 E6/10 | [OK] | L: 0.60665627/0.59892854 | F1 M MIN: 0.33564979 D: 0.43486832 | [S/N/B]: [0.3356/0.7617/0.5341] | LR: 0.00008448
2026-03-25 11:31:13,974 - INFO - T249 E7/10 | [OK] | L: 0.60398904/0.59650340 | F1 M MIN: 0.38837511 D: 0.45642369 | [S/N/B]: [0.3884/0.7774/0.5245] | LR: 0.00005040
2026-03-25 11:32:15,635 - INFO - T249 E8/10 | [OK] | L: 0.60139824/0.59754584 | F1 M MIN: 0.40540985 D: 0.45921868 | [S/N/B]: [0.4054/0.7601/0.5130] | LR: 0.00002335
2026-03-25 11:32:15,724 - INFO - Trial 249 stopped early due to patience limit (4 epochs without improvement)
