2026-03-26 03:33:28,318 - INFO - Trial 313 pruned.
2026-03-26 03:33:28,951 - INFO - 🔍 RAM-Safe Streaming Scan (Treino): 878 arquivos...
2026-03-26 03:34:17,869 - INFO - ✂️ Double-Chunking (Treino): Expondo fatias de 500,000 amostras aleatórias.
2026-03-26 03:34:17,870 - INFO - 🚀 Pre-loading 500,000 samples into RAM (Lightning Mode)...
2026-03-26 03:37:24,283 - INFO - ✅ RAM-Safe Streaming Dataset: 500,000 sequences indexed and PRE-LOADED.
2026-03-26 03:37:24,284 - INFO - ✅ RAM-Safe Streaming Dataset: 500,000 sequences indexed (Mode: Lightning).
2026-03-26 03:37:24,333 - INFO - 🔍 RAM-Safe Streaming Scan (Val): 274 arquivos...
2026-03-26 03:37:36,682 - INFO - ✂️ Double-Chunking (Val): Expondo fatias de 100,000 amostras aleatórias.
2026-03-26 03:37:36,682 - INFO - 🚀 Pre-loading 100,000 samples into RAM (Lightning Mode)...
2026-03-26 03:38:32,267 - INFO - ✅ RAM-Safe Streaming Dataset: 100,000 sequences indexed and PRE-LOADED.
2026-03-26 03:38:32,268 - INFO - ✅ RAM-Safe Streaming Dataset: 100,000 sequences indexed (Mode: Lightning).
2026-03-26 03:38:32,620 - INFO - Trial 314 START | tcn=256, lstm=256, layers=3, batch=512, seq=256 | RFE=30 | loss=ASYM (g_s=2.16, g_n=1.46, g_b=2.85) | alpha=[1.59, 0.77, 1.50], smooth=0.31
2026-03-26 03:40:28,829 - INFO - T314 E1/10 | [WARN] ZERO_PENALTY | L: 0.59747507/0.56195278 | F1 M MIN: 0.00000000 D: 0.00000000 | [S/N/B]: [0.5624/0.7928/0.0000] | LR: 0.00187001
2026-03-26 03:42:26,464 - INFO - T314 E2/10 | [WARN] ZERO_PENALTY | L: 0.57681089/0.55930216 | F1 M MIN: 0.00000000 D: 0.00000000 | [S/N/B]: [0.5665/0.8031/0.0000] | LR: 0.00173387
2026-03-26 03:44:24,325 - INFO - T314 E3/10 | [WARN] ZERO_PENALTY | L: 0.57161657/0.55752816 | F1 M MIN: 0.00000000 D: 0.00000000 | [S/N/B]: [0.5633/0.7951/0.0000] | LR: 0.00152183
2026-03-26 03:46:22,285 - INFO - T314 E4/10 | [WARN] ZERO_PENALTY | L: 0.56839681/0.54942735 | F1 M MIN: 0.00000000 D: 0.00000000 | [S/N/B]: [0.5792/0.8313/0.0000] | LR: 0.00125464
2026-03-26 03:46:22,353 - INFO - Trial 314 stopped early due to patience limit (4 epochs without improvement)
2026-03-26 03:46:22,601 - INFO - Trial 314 finished with value: 0.0 and parameters: {'tcn_channels': 256, 'lstm_hidden': 256, 'num_lstm_layers': 3, 'batch_size': 512, 'dropout': 0.2549404032983255, 'seq_len': 256, 'lr': 0.0019169198495147747, 'weight_decay': 0.004061986005215404, 'base_alpha_sell': 1.586135365213428, 'base_alpha_neutral': 0.7695717752988109, 'base_alpha_buy': 1.49584698713725, 'base_loss_gamma': 3.640373317449083, 'base_loss_smoothing': 0.3101745963737276, 'asym_gamma_sell': 2.1638291904555267, 'asym_gamma_neu': 1.4578245886521746, 'asym_gamma_buy': 2.8509311802037005}. Best is trial 299 with value: 0.5035109606130814.
2026-03-26 03:46:23,151 - INFO - 🔍 RAM-Safe Streaming Scan (Treino): 878 arquivos...
2026-03-26 03:47:12,039 - INFO - ✂️ Double-Chunking (Treino): Expondo fatias de 500,000 amostras aleatórias.
2026-03-26 03:47:12,039 - INFO - 🚀 Pre-loading 500,000 samples into RAM (Lightning Mode)...
2026-03-26 03:50:13,053 - INFO - ✅ RAM-Safe Streaming Dataset: 500,000 sequences indexed and PRE-LOADED.
2026-03-26 03:50:13,055 - INFO - ✅ RAM-Safe Streaming Dataset: 500,000 sequences indexed (Mode: Lightning).
2026-03-26 03:50:13,100 - INFO - 🔍 RAM-Safe Streaming Scan (Val): 274 arquivos...
2026-03-26 03:50:25,931 - INFO - ✂️ Double-Chunking (Val): Expondo fatias de 100,000 amostras aleatórias.
2026-03-26 03:50:25,931 - INFO - 🚀 Pre-loading 100,000 samples into RAM (Lightning Mode)...
2026-03-26 03:51:21,070 - INFO - ✅ RAM-Safe Streaming Dataset: 100,000 sequences indexed and PRE-LOADED.
2026-03-26 03:51:21,071 - INFO - ✅ RAM-Safe Streaming Dataset: 100,000 sequences indexed (Mode: Lightning).
2026-03-26 03:51:21,595 - INFO - Trial 315 START | tcn=512, lstm=128, layers=3, batch=512, seq=96 | RFE=30 | loss=ASYM (g_s=1.14, g_n=1.47, g_b=2.84) | alpha=[1.38, 0.82, 1.34], smooth=0.29
2026-03-26 03:52:22,912 - INFO - T315 E1/10 | [WARN] ZERO_PENALTY | L: 0.59491016/0.54758242 | F1 M MIN: 0.00000000 D: 0.00000000 | [S/N/B]: [0.5735/0.8225/0.0000] | LR: 0.00143632
2026-03-26 03:53:25,021 - INFO - T315 E2/10 | [WARN] ZERO_PENALTY | L: 0.57183014/0.54351409 | F1 M MIN: 0.00000000 D: 0.00000000 | [S/N/B]: [0.5733/0.8219/0.0000] | LR: 0.00133175
2026-03-26 03:54:27,298 - INFO - T315 E3/10 | [WARN] ZERO_PENALTY | L: 0.56607409/0.52916150 | F1 M MIN: 0.00000000 D: 0.00000000 | [S/N/B]: [0.5935/0.8600/0.0000] | LR: 0.00116889
2026-03-26 03:55:29,707 - INFO - T315 E4/10 | [WARN] ZERO_PENALTY | L: 0.56222330/0.53554588 | F1 M MIN: 0.00000000 D: 0.00000000 | [S/N/B]: [0.5736/0.8219/0.0000] | LR: 0.00096366
2026-03-26 03:55:29,761 - INFO - Trial 315 stopped early due to patience limit (4 epochs without improvement)
2026-03-26 03:55:29,927 - INFO - Trial 315 finished with value: 0.0 and parameters: {'tcn_channels': 512, 'lstm_hidden': 128, 'num_lstm_layers': 3, 'batch_size': 512, 'dropout': 0.5217027542402344, 'seq_len': 96, 'lr': 0.001472348976019739, 'weight_decay': 0.00791742553457414, 'base_alpha_sell': 1.3844495264203391, 'base_alpha_neutral': 0.8201035756973806, 'base_alpha_buy': 1.3375765603560237, 'base_loss_gamma': 2.32726672354226, 'base_loss_smoothing': 0.2885006450206761, 'asym_gamma_sell': 1.1416468494940186, 'asym_gamma_neu': 1.468532192839834, 'asym_gamma_buy': 2.8365738931122095}. Best is trial 299 with value: 0.5035109606130814.
2026-03-26 03:55:30,436 - INFO - 🔍 RAM-Safe Streaming Scan (Treino): 878 arquivos...
2026-03-26 03:56:19,041 - INFO - ✂️ Double-Chunking (Treino): Expondo fatias de 500,000 amostras aleatórias.
2026-03-26 03:56:19,042 - INFO - 🚀 Pre-loading 500,000 samples into RAM (Lightning Mode)...
2026-03-26 03:59:25,499 - INFO - ✅ RAM-Safe Streaming Dataset: 500,000 sequences indexed and PRE-LOADED.
2026-03-26 03:59:25,500 - INFO - ✅ RAM-Safe Streaming Dataset: 500,000 sequences indexed (Mode: Lightning).
2026-03-26 03:59:25,545 - INFO - 🔍 RAM-Safe Streaming Scan (Val): 274 arquivos...
2026-03-26 03:59:37,806 - INFO - ✂️ Double-Chunking (Val): Expondo fatias de 100,000 amostras aleatórias.
2026-03-26 03:59:37,806 - INFO - 🚀 Pre-loading 100,000 samples into RAM (Lightning Mode)...
2026-03-26 04:00:33,809 - INFO - ✅ RAM-Safe Streaming Dataset: 100,000 sequences indexed and PRE-LOADED.
2026-03-26 04:00:33,812 - INFO - ✅ RAM-Safe Streaming Dataset: 100,000 sequences indexed (Mode: Lightning).
2026-03-26 04:00:34,233 - INFO - Trial 316 START | tcn=512, lstm=256, layers=2, batch=512, seq=256 | RFE=30 | loss=ASYM (g_s=2.01, g_n=0.92, g_b=3.57) | alpha=[0.89, 0.93, 1.59], smooth=0.25
2026-03-26 04:03:42,801 - INFO - T316 E1/10 | [WARN] ZERO_PENALTY | L: 0.44754799/0.45231794 | F1 M MIN: 0.00000000 D: 0.00000000 | [S/N/B]: [0.0000/0.8172/0.5672] | LR: 0.00028993
2026-03-26 04:06:53,212 - INFO - T316 E2/10 | [WARN] ZERO_PENALTY | L: 0.41738661/0.43272188 | F1 M MIN: 0.00000000 D: 0.00000000 | [S/N/B]: [0.0000/0.8573/0.5867] | LR: 0.00026883
2026-03-26 04:10:03,552 - INFO - T316 E3/10 | [WARN] ZERO_PENALTY | L: 0.41069687/0.43272679 | F1 M MIN: 0.00000000 D: 0.00000000 | [S/N/B]: [0.0000/0.8494/0.5821] | LR: 0.00023595
2026-03-26 04:13:14,123 - INFO - T316 E4/10 | [OK] | L: 0.40636754/0.43037974 | F1 M MIN: 0.00608321 D: 0.29467009 | [S/N/B]: [0.0061/0.8498/0.5833] | LR: 0.00019452
2026-03-26 04:16:24,816 - INFO - T316 E5/10 | [OK] | L: 0.40128812/0.42134261 | F1 M MIN: 0.11553376 D: 0.35468879 | [S/N/B]: [0.1155/0.8679/0.5938] | LR: 0.00014860
2026-03-26 04:16:24,939 - INFO - Trial 316 pruned by Optuna at epoch 5
2026-03-26 04:16:25,045 - INFO - Trial 316 pruned.
2026-03-26 04:16:25,704 - INFO - 🔍 RAM-Safe Streaming Scan (Treino): 878 arquivos...
2026-03-26 04:17:14,479 - INFO - ✂️ Double-Chunking (Treino): Expondo fatias de 500,000 amostras aleatórias.
2026-03-26 04:17:14,480 - INFO - 🚀 Pre-loading 500,000 samples into RAM (Lightning Mode)...
2026-03-26 04:20:18,972 - INFO - ✅ RAM-Safe Streaming Dataset: 500,000 sequences indexed and PRE-LOADED.
2026-03-26 04:20:18,973 - INFO - ✅ RAM-Safe Streaming Dataset: 500,000 sequences indexed (Mode: Lightning).
2026-03-26 04:20:19,015 - INFO - 🔍 RAM-Safe Streaming Scan (Val): 274 arquivos...
2026-03-26 04:20:31,324 - INFO - ✂️ Double-Chunking (Val): Expondo fatias de 100,000 amostras aleatórias.
2026-03-26 04:20:31,324 - INFO - 🚀 Pre-loading 100,000 samples into RAM (Lightning Mode)...
2026-03-26 04:21:26,448 - INFO - ✅ RAM-Safe Streaming Dataset: 100,000 sequences indexed and PRE-LOADED.
2026-03-26 04:21:26,449 - INFO - ✅ RAM-Safe Streaming Dataset: 100,000 sequences indexed (Mode: Lightning).
2026-03-26 04:21:26,867 - INFO - Trial 317 START | tcn=512, lstm=256, layers=2, batch=512, seq=192 | RFE=30 | loss=ASYM (g_s=0.68, g_n=1.23, g_b=2.50) | alpha=[1.88, 0.91, 1.09], smooth=0.28
2026-03-26 04:23:57,662 - INFO - T317 E1/10 | [WARN] ZERO_PENALTY | L: 0.74566918/0.67893716 | F1 M MIN: 0.00000000 D: 0.00000000 | [S/N/B]: [0.5772/0.8279/0.0000] | LR: 0.00088412
2026-03-26 04:26:30,058 - INFO - T317 E2/10 | [WARN] ZERO_PENALTY | L: 0.71562421/0.67475248 | F1 M MIN: 0.00000000 D: 0.00000000 | [S/N/B]: [0.5726/0.8157/0.0000] | LR: 0.00081975
2026-03-26 04:29:02,409 - INFO - T317 E3/10 | [OK] | L: 0.70896977/0.67606881 | F1 M MIN: 0.00073995 D: 0.28420391 | [S/N/B]: [0.5677/0.8021/0.0007] | LR: 0.00071950
2026-03-26 04:31:34,916 - INFO - T317 E4/10 | [OK] | L: 0.70373696/0.66779764 | F1 M MIN: 0.01027712 D: 0.29462519 | [S/N/B]: [0.5790/0.8246/0.0103] | LR: 0.00059318
2026-03-26 04:34:07,428 - INFO - T317 E5/10 | [OK] | L: 0.69728448/0.66601011 | F1 M MIN: 0.06115691 D: 0.31997967 | [S/N/B]: [0.5788/0.8201/0.0612] | LR: 0.00045315
2026-03-26 04:34:07,564 - INFO - Trial 317 pruned by Optuna at epoch 5
2026-03-26 04:34:07,669 - INFO - Trial 317 pruned.
2026-03-26 04:34:08,323 - INFO - 🔍 RAM-Safe Streaming Scan (Treino): 878 arquivos...
2026-03-26 04:34:57,196 - INFO - ✂️ Double-Chunking (Treino): Expondo fatias de 500,000 amostras aleatórias.
2026-03-26 04:34:57,200 - INFO - 🚀 Pre-loading 500,000 samples into RAM (Lightning Mode)...
2026-03-26 04:38:05,742 - INFO - ✅ RAM-Safe Streaming Dataset: 500,000 sequences indexed and PRE-LOADED.
2026-03-26 04:38:05,743 - INFO - ✅ RAM-Safe Streaming Dataset: 500,000 sequences indexed (Mode: Lightning).
2026-03-26 04:38:05,789 - INFO - 🔍 RAM-Safe Streaming Scan (Val): 274 arquivos...
2026-03-26 04:38:17,896 - INFO - ✂️ Double-Chunking (Val): Expondo fatias de 100,000 amostras aleatórias.
2026-03-26 04:38:17,896 - INFO - 🚀 Pre-loading 100,000 samples into RAM (Lightning Mode)...
2026-03-26 04:39:14,221 - INFO - ✅ RAM-Safe Streaming Dataset: 100,000 sequences indexed and PRE-LOADED.
2026-03-26 04:39:14,222 - INFO - ✅ RAM-Safe Streaming Dataset: 100,000 sequences indexed (Mode: Lightning).
2026-03-26 04:39:14,646 - INFO - Trial 318 START | tcn=512, lstm=256, layers=3, batch=512, seq=256 | RFE=30 | loss=ASYM (g_s=1.17, g_n=0.42, g_b=4.95) | alpha=[1.78, 0.67, 1.38], smooth=0.20
2026-03-26 04:42:36,099 - INFO - T318 E1/10 | [WARN] ZERO_PENALTY | L: 0.62829018/0.62540133 | F1 M MIN: 0.00000000 D: 0.00000000 | [S/N/B]: [0.5232/0.6787/0.0000] | LR: 0.00021495
2026-03-26 04:45:59,604 - INFO - T318 E2/10 | [OK] | L: 0.58682086/0.59739766 | F1 M MIN: 0.00007319 D: 0.27526653 | [S/N/B]: [0.5505/0.7659/0.0001] | LR: 0.00019930
2026-03-26 04:49:22,817 - INFO - T318 E3/10 | [OK] | L: 0.57668889/0.58933834 | F1 M MIN: 0.00240428 D: 0.28100562 | [S/N/B]: [0.5596/0.7878/0.0024] | LR: 0.00017493
2026-03-26 04:52:46,433 - INFO - T318 E4/10 | [OK] | L: 0.57086157/0.58458369 | F1 M MIN: 0.02491403 D: 0.29305079 | [S/N/B]: [0.5612/0.7802/0.0249] | LR: 0.00014422
2026-03-26 04:56:10,014 - INFO - T318 E5/10 | [OK] | L: 0.56572873/0.58442751 | F1 M MIN: 0.09024792 D: 0.32953193 | [S/N/B]: [0.5688/0.7911/0.0902] | LR: 0.00011017
2026-03-26 04:56:10,148 - INFO - Trial 318 pruned by Optuna at epoch 5
2026-03-26 04:56:10,255 - INFO - Trial 318 pruned.
2026-03-26 04:56:10,927 - INFO - 🔍 RAM-Safe Streaming Scan (Treino): 878 arquivos...
2026-03-26 04:57:00,074 - INFO - ✂️ Double-Chunking (Treino): Expondo fatias de 500,000 amostras aleatórias.
2026-03-26 04:57:00,075 - INFO - 🚀 Pre-loading 500,000 samples into RAM (Lightning Mode)...
2026-03-26 05:00:03,244 - INFO - ✅ RAM-Safe Streaming Dataset: 500,000 sequences indexed and PRE-LOADED.
2026-03-26 05:00:03,245 - INFO - ✅ RAM-Safe Streaming Dataset: 500,000 sequences indexed (Mode: Lightning).
2026-03-26 05:00:03,290 - INFO - 🔍 RAM-Safe Streaming Scan (Val): 274 arquivos...
2026-03-26 05:00:15,398 - INFO - ✂️ Double-Chunking (Val): Expondo fatias de 100,000 amostras aleatórias.
2026-03-26 05:00:15,398 - INFO - 🚀 Pre-loading 100,000 samples into RAM (Lightning Mode)...
2026-03-26 05:01:10,849 - INFO - ✅ RAM-Safe Streaming Dataset: 100,000 sequences indexed and PRE-LOADED.
2026-03-26 05:01:10,850 - INFO - ✅ RAM-Safe Streaming Dataset: 100,000 sequences indexed (Mode: Lightning).
2026-03-26 05:01:11,224 - INFO - Trial 319 START | tcn=512, lstm=256, layers=2, batch=512, seq=256 | RFE=30 | loss=ASYM (g_s=1.23, g_n=0.36, g_b=4.61) | alpha=[1.57, 0.52, 1.73], smooth=0.33
2026-03-26 05:04:19,102 - INFO - T319 E1/10 | [OK] | L: 0.65104807/0.66655234 | F1 M MIN: 0.08252780 D: 0.32497487 | [S/N/B]: [0.5674/0.5763/0.0825] | LR: 0.00103719
2026-03-26 05:07:28,903 - INFO - T319 E2/10 | [OK] | L: 0.63446628/0.65673800 | F1 M MIN: 0.09907731 D: 0.34414682 | [S/N/B]: [0.5892/0.6522/0.0991] | LR: 0.00096168
2026-03-26 05:10:38,783 - INFO - T319 E3/10 | [OK] | L: 0.62983815/0.65148328 | F1 M MIN: 0.18435653 D: 0.37713087 | [S/N/B]: [0.5699/0.6921/0.1844] | LR: 0.00084407
2026-03-26 05:13:49,134 - INFO - T319 E4/10 | [OK] | L: 0.62365915/0.64807410 | F1 M MIN: 0.27481387 D: 0.41715127 | [S/N/B]: [0.5595/0.6653/0.2748] | LR: 0.00069588
2026-03-26 05:16:59,286 - INFO - T319 E5/10 | [OK] | L: 0.61863849/0.64579027 | F1 M MIN: 0.35354488 D: 0.45004756 | [S/N/B]: [0.5466/0.6834/0.3535] | LR: 0.00053160
2026-03-26 05:20:09,772 - INFO - T319 E6/10 | [OK] | L: 0.61509542/0.64482175 | F1 M MIN: 0.37052251 D: 0.45718034 | [S/N/B]: [0.5438/0.7034/0.3705] | LR: 0.00036733
2026-03-26 05:20:09,913 - INFO - Trial 319 pruned by Optuna at epoch 6
2026-03-26 05:20:10,013 - INFO - Trial 319 pruned.
2026-03-26 05:20:10,622 - INFO - 🔍 RAM-Safe Streaming Scan (Treino): 878 arquivos...
2026-03-26 05:20:59,111 - INFO - ✂️ Double-Chunking (Treino): Expondo fatias de 500,000 amostras aleatórias.
2026-03-26 05:20:59,117 - INFO - 🚀 Pre-loading 500,000 samples into RAM (Lightning Mode)...
2026-03-26 05:24:06,563 - INFO - ✅ RAM-Safe Streaming Dataset: 500,000 sequences indexed and PRE-LOADED.
2026-03-26 05:24:06,564 - INFO - ✅ RAM-Safe Streaming Dataset: 500,000 sequences indexed (Mode: Lightning).
2026-03-26 05:24:06,610 - INFO - 🔍 RAM-Safe Streaming Scan (Val): 274 arquivos...
2026-03-26 05:24:19,159 - INFO - ✂️ Double-Chunking (Val): Expondo fatias de 100,000 amostras aleatórias.
2026-03-26 05:24:19,160 - INFO - 🚀 Pre-loading 100,000 samples into RAM (Lightning Mode)...
2026-03-26 05:25:15,554 - INFO - ✅ RAM-Safe Streaming Dataset: 100,000 sequences indexed and PRE-LOADED.
2026-03-26 05:25:15,555 - INFO - ✅ RAM-Safe Streaming Dataset: 100,000 sequences indexed (Mode: Lightning).
2026-03-26 05:25:15,919 - INFO - Trial 320 START | tcn=256, lstm=256, layers=2, batch=512, seq=256 | RFE=30 | loss=ASYM (g_s=3.70, g_n=0.72, g_b=2.57) | alpha=[1.90, 0.67, 1.53], smooth=0.30
2026-03-26 05:26:58,245 - INFO - T320 E1/10 | [WARN] ZERO_PENALTY | L: 0.63365994/0.65302520 | F1 M MIN: 0.00000000 D: 0.00000000 | [S/N/B]: [0.5114/0.6235/0.0000] | LR: 0.00099606
2026-03-26 05:28:42,110 - INFO - T320 E2/10 | [OK] | L: 0.61065505/0.63394959 | F1 M MIN: 0.00830455 D: 0.27051584 | [S/N/B]: [0.5327/0.7043/0.0083] | LR: 0.00092355
2026-03-26 05:30:26,244 - INFO - T320 E3/10 | [OK] | L: 0.60164482/0.62771988 | F1 M MIN: 0.22164492 D: 0.37930394 | [S/N/B]: [0.5370/0.6977/0.2216] | LR: 0.00081060
2026-03-26 05:32:10,421 - INFO - T320 E4/10 | [OK] | L: 0.59369233/0.62047627 | F1 M MIN: 0.26638802 D: 0.40756802 | [S/N/B]: [0.5487/0.7325/0.2664] | LR: 0.00066829
2026-03-26 05:33:54,506 - INFO - T320 E5/10 | [OK] | L: 0.58848196/0.61800003 | F1 M MIN: 0.36068282 D: 0.44660527 | [S/N/B]: [0.5325/0.7255/0.3607] | LR: 0.00051052
2026-03-26 05:35:38,849 - INFO - T320 E6/10 | [OK] | L: 0.58478516/0.61541788 | F1 M MIN: 0.30066492 D: 0.42685979 | [S/N/B]: [0.5531/0.7457/0.3007] | LR: 0.00035276
2026-03-26 05:35:38,942 - INFO - Trial 320 pruned by Optuna at epoch 6
2026-03-26 05:35:39,044 - INFO - Trial 320 pruned.
2026-03-26 05:35:39,683 - INFO - 🔍 RAM-Safe Streaming Scan (Treino): 878 arquivos...
2026-03-26 05:36:28,103 - INFO - ✂️ Double-Chunking (Treino): Expondo fatias de 500,000 amostras aleatórias.
2026-03-26 05:36:28,110 - INFO - 🚀 Pre-loading 500,000 samples into RAM (Lightning Mode)...
2026-03-26 05:39:32,941 - INFO - ✅ RAM-Safe Streaming Dataset: 500,000 sequences indexed and PRE-LOADED.
2026-03-26 05:39:32,942 - INFO - ✅ RAM-Safe Streaming Dataset: 500,000 sequences indexed (Mode: Lightning).
2026-03-26 05:39:32,987 - INFO - 🔍 RAM-Safe Streaming Scan (Val): 274 arquivos...
2026-03-26 05:39:45,347 - INFO - ✂️ Double-Chunking (Val): Expondo fatias de 100,000 amostras aleatórias.
2026-03-26 05:39:45,348 - INFO - 🚀 Pre-loading 100,000 samples into RAM (Lightning Mode)...
2026-03-26 05:40:41,326 - INFO - ✅ RAM-Safe Streaming Dataset: 100,000 sequences indexed and PRE-LOADED.
2026-03-26 05:40:41,327 - INFO - ✅ RAM-Safe Streaming Dataset: 100,000 sequences indexed (Mode: Lightning).
2026-03-26 05:40:41,696 - INFO - Trial 321 START | tcn=512, lstm=256, layers=3, batch=512, seq=192 | RFE=30 | loss=ASYM (g_s=0.69, g_n=0.75, g_b=1.78) | alpha=[1.29, 0.87, 1.25], smooth=0.23
2026-03-26 05:43:21,541 - INFO - T321 E1/10 | [WARN] ZERO_PENALTY | L: 0.69939708/0.64614409 | F1 M MIN: 0.00000000 D: 0.00000000 | [S/N/B]: [0.5921/0.8509/0.0000] | LR: 0.00067723
2026-03-26 05:46:02,923 - INFO - T321 E2/10 | [OK] | L: 0.66752055/0.63218732 | F1 M MIN: 0.00117955 D: 0.30255968 | [S/N/B]: [0.6039/0.8700/0.0012] | LR: 0.00062793
2026-03-26 05:48:44,542 - INFO - T321 E3/10 | [OK] | L: 0.66132267/0.63208581 | F1 M MIN: 0.12847023 D: 0.36262410 | [S/N/B]: [0.5968/0.8751/0.1285] | LR: 0.00055113
2026-03-26 05:51:26,379 - INFO - T321 E4/10 | [OK] | L: 0.65681415/0.62924455 | F1 M MIN: 0.06778053 D: 0.33423375 | [S/N/B]: [0.6007/0.8688/0.0678] | LR: 0.00045437
2026-03-26 05:54:08,300 - INFO - T321 E5/10 | [OK] | L: 0.65308038/0.62643734 | F1 M MIN: 0.12273120 D: 0.36236018 | [S/N/B]: [0.6020/0.8727/0.1227] | LR: 0.00034711
2026-03-26 05:54:08,397 - INFO - Trial 321 pruned by Optuna at epoch 5
2026-03-26 05:54:08,493 - INFO - Trial 321 pruned.
2026-03-26 05:54:09,132 - INFO - 🔍 RAM-Safe Streaming Scan (Treino): 878 arquivos...
2026-03-26 05:54:57,770 - INFO - ✂️ Double-Chunking (Treino): Expondo fatias de 500,000 amostras aleatórias.
2026-03-26 05:54:57,771 - INFO - 🚀 Pre-loading 500,000 samples into RAM (Lightning Mode)...
2026-03-26 05:57:58,845 - INFO - ✅ RAM-Safe Streaming Dataset: 500,000 sequences indexed and PRE-LOADED.
2026-03-26 05:57:58,847 - INFO - ✅ RAM-Safe Streaming Dataset: 500,000 sequences indexed (Mode: Lightning).
2026-03-26 05:57:58,895 - INFO - 🔍 RAM-Safe Streaming Scan (Val): 274 arquivos...
2026-03-26 05:58:11,481 - INFO - ✂️ Double-Chunking (Val): Expondo fatias de 100,000 amostras aleatórias.
2026-03-26 05:58:11,482 - INFO - 🚀 Pre-loading 100,000 samples into RAM (Lightning Mode)...
2026-03-26 05:59:08,154 - INFO - ✅ RAM-Safe Streaming Dataset: 100,000 sequences indexed and PRE-LOADED.
2026-03-26 05:59:08,155 - INFO - ✅ RAM-Safe Streaming Dataset: 100,000 sequences indexed (Mode: Lightning).
2026-03-26 05:59:08,626 - INFO - Trial 322 START | tcn=512, lstm=256, layers=3, batch=512, seq=96 | RFE=30 | loss=ASYM (g_s=3.65, g_n=0.67, g_b=1.33) | alpha=[1.72, 0.44, 1.11], smooth=0.21
2026-03-26 06:00:19,745 - INFO - T322 E1/10 | [WARN] ZERO_PENALTY | L: 0.44152760/0.42858010 | F1 M MIN: 0.00000000 D: 0.00000000 | [S/N/B]: [0.4978/0.5751/0.0000] | LR: 0.00063877
2026-03-26 06:01:31,897 - INFO - T322 E2/10 | [OK] | L: 0.42113870/0.41706643 | F1 M MIN: 0.00022097 D: 0.25528739 | [S/N/B]: [0.5104/0.6322/0.0002] | LR: 0.00059227
2026-03-26 06:02:44,314 - INFO - T322 E3/10 | [OK] | L: 0.41571869/0.41164031 | F1 M MIN: 0.00029463 D: 0.26488206 | [S/N/B]: [0.5295/0.7044/0.0003] | LR: 0.00051984
2026-03-26 06:03:56,829 - INFO - T322 E4/10 | [OK] | L: 0.41240573/0.40944253 | F1 M MIN: 0.00183932 D: 0.26321750 | [S/N/B]: [0.5246/0.6877/0.0018] | LR: 0.00042857
2026-03-26 06:05:09,201 - INFO - T322 E5/10 | [OK] | L: 0.40938900/0.40893674 | F1 M MIN: 0.05068867 D: 0.29097952 | [S/N/B]: [0.5313/0.7101/0.0507] | LR: 0.00032740
2026-03-26 06:05:09,333 - INFO - Trial 322 pruned by Optuna at epoch 5
