2026-03-23 14:22:46,225 - INFO - Trial 67 finished with value: 0.0 and parameters: {'tcn_channels': 64, 'lstm_hidden': 128, 'num_lstm_layers': 5, 'batch_size': 512, 'dropout': 0.31895659836452256, 'seq_len': 96, 'lr': 0.00038485162397544636, 'weight_decay': 0.00015975490530494764, 'base_alpha_sell': 1.6025760049829194, 'base_alpha_neutral': 0.40067606902086017, 'base_alpha_buy': 1.4574492652238265, 'base_loss_gamma': 0.8594874848577645, 'base_loss_smoothing': 0.03683427993430735, 'asym_gamma_sell': 1.8611190656091057, 'asym_gamma_neu': 0.14045475480612266, 'asym_gamma_buy': 1.5324253616243206}. Best is trial 23 with value: 0.4421075032364468.
2026-03-23 14:22:47,173 - INFO - 🔍 RAM-Safe Streaming Scan (Treino): 878 arquivos...
2026-03-23 14:23:45,074 - INFO - ✂️ Double-Chunking (Treino): Expondo fatias de 500,000 amostras aleatórias.
2026-03-23 14:23:45,074 - INFO - 🚀 Pre-loading 500,000 samples into RAM (Lightning Mode)...
2026-03-23 14:27:21,755 - INFO - ✅ RAM-Safe Streaming Dataset: 500,000 sequences indexed and PRE-LOADED.
2026-03-23 14:27:21,756 - INFO - ✅ RAM-Safe Streaming Dataset: 500,000 sequences indexed (Mode: Lightning).
2026-03-23 14:27:21,790 - INFO - 🔍 RAM-Safe Streaming Scan (Val): 274 arquivos...
2026-03-23 14:27:36,103 - INFO - ✂️ Double-Chunking (Val): Expondo fatias de 100,000 amostras aleatórias.
2026-03-23 14:27:36,104 - INFO - 🚀 Pre-loading 100,000 samples into RAM (Lightning Mode)...
2026-03-23 14:28:39,925 - INFO - ✅ RAM-Safe Streaming Dataset: 100,000 sequences indexed and PRE-LOADED.
2026-03-23 14:28:39,926 - INFO - ✅ RAM-Safe Streaming Dataset: 100,000 sequences indexed (Mode: Lightning).
2026-03-23 14:28:40,527 - INFO - Trial 68 START | tcn=64, lstm=128, layers=5, batch=2048, seq=144 | RFE=30 | loss=ASYM (g_s=0.51, g_n=0.30, g_b=0.62) | alpha=[1.74, 0.49, 1.47], smooth=0.20
2026-03-23 14:29:11,953 - INFO - T68 E1/10 | [WARN] ZERO_PENALTY | L: 0.96827496/0.87706780 | F1 M MIN: 0.00000000 D: 0.00000000 | [S/N/B]: [0.4924/0.5094/0.0000] | LR: 0.00088671
2026-03-23 14:29:43,919 - INFO - T68 E2/10 | [WARN] ZERO_PENALTY | L: 0.91626340/0.85883492 | F1 M MIN: 0.00000000 D: 0.00000000 | [S/N/B]: [0.5054/0.5760/0.0000] | LR: 0.00082216
2026-03-23 14:30:15,871 - INFO - T68 E3/10 | [WARN] ZERO_PENALTY | L: 0.90628822/0.84344793 | F1 M MIN: 0.00000000 D: 0.00000000 | [S/N/B]: [0.5304/0.6850/0.0000] | LR: 0.00072161
2026-03-23 14:30:47,833 - INFO - T68 E4/10 | [WARN] ZERO_PENALTY | L: 0.90057282/0.84081038 | F1 M MIN: 0.00000000 D: 0.00000000 | [S/N/B]: [0.5244/0.6611/0.0000] | LR: 0.00059492
2026-03-23 14:30:47,915 - INFO - Trial 68 stopped early due to patience limit (4 epochs without improvement)
2026-03-23 14:30:48,567 - INFO - Trial 68 finished with value: 0.0 and parameters: {'tcn_channels': 64, 'lstm_hidden': 128, 'num_lstm_layers': 5, 'batch_size': 2048, 'dropout': 0.2916365450983537, 'seq_len': 144, 'lr': 0.0009089555058995055, 'weight_decay': 0.0001475366359115042, 'base_alpha_sell': 1.7370190715532636, 'base_alpha_neutral': 0.4858177333077087, 'base_alpha_buy': 1.46636204931171, 'base_loss_gamma': 3.3678553476799578, 'base_loss_smoothing': 0.20210897681203593, 'asym_gamma_sell': 0.5084032163618326, 'asym_gamma_neu': 0.2995233897628318, 'asym_gamma_buy': 0.6211154276295529}. Best is trial 23 with value: 0.4421075032364468.
2026-03-23 14:30:49,386 - INFO - 🔍 RAM-Safe Streaming Scan (Treino): 878 arquivos...
2026-03-23 14:31:46,541 - INFO - ✂️ Double-Chunking (Treino): Expondo fatias de 500,000 amostras aleatórias.
2026-03-23 14:31:46,542 - INFO - 🚀 Pre-loading 500,000 samples into RAM (Lightning Mode)...
2026-03-23 14:36:02,468 - INFO - ✅ RAM-Safe Streaming Dataset: 500,000 sequences indexed and PRE-LOADED.
2026-03-23 14:36:02,470 - INFO - ✅ RAM-Safe Streaming Dataset: 500,000 sequences indexed (Mode: Lightning).
2026-03-23 14:36:02,524 - INFO - 🔍 RAM-Safe Streaming Scan (Val): 274 arquivos...
2026-03-23 14:36:18,357 - INFO - ✂️ Double-Chunking (Val): Expondo fatias de 100,000 amostras aleatórias.
2026-03-23 14:36:18,357 - INFO - 🚀 Pre-loading 100,000 samples into RAM (Lightning Mode)...
2026-03-23 14:37:30,519 - INFO - ✅ RAM-Safe Streaming Dataset: 100,000 sequences indexed and PRE-LOADED.
2026-03-23 14:37:30,522 - INFO - ✅ RAM-Safe Streaming Dataset: 100,000 sequences indexed (Mode: Lightning).
2026-03-23 14:37:31,047 - INFO - Trial 69 START | tcn=64, lstm=128, layers=4, batch=2048, seq=256 | RFE=30 | loss=ASYM (g_s=0.57, g_n=0.34, g_b=1.61) | alpha=[1.41, 0.45, 1.47], smooth=0.08
2026-03-23 14:38:16,957 - INFO - T69 E1/10 | [OK] | L: 0.74302615/0.66171737 | F1 M MIN: 0.15154321 D: 0.35841592 | [S/N/B]: [0.5653/0.4894/0.1515] | LR: 0.00068750
2026-03-23 14:39:03,292 - INFO - T69 E2/10 | [OK] | L: 0.67104372/0.62496818 | F1 M MIN: 0.13070560 D: 0.35772320 | [S/N/B]: [0.5847/0.6344/0.1307] | LR: 0.00063745
2026-03-23 14:39:49,991 - INFO - T69 E3/10 | [OK] | L: 0.65555003/0.60282423 | F1 M MIN: 0.14137481 D: 0.36785110 | [S/N/B]: [0.5943/0.7205/0.1414] | LR: 0.00055949
2026-03-23 14:40:36,979 - INFO - T69 E4/10 | [OK] | L: 0.64823995/0.60025668 | F1 M MIN: 0.24302212 D: 0.40990412 | [S/N/B]: [0.5768/0.7008/0.2430] | LR: 0.00046126
2026-03-23 14:41:24,208 - INFO - T69 E5/10 | [OK] | L: 0.64273628/0.59004231 | F1 M MIN: 0.32723908 D: 0.43207101 | [S/N/B]: [0.5369/0.7415/0.3272] | LR: 0.00035237
2026-03-23 14:42:11,406 - INFO - T69 E6/10 | [OK] | L: 0.63900198/0.58916683 | F1 M MIN: 0.35454786 D: 0.43643132 | [S/N/B]: [0.5183/0.7481/0.3545] | LR: 0.00024348
2026-03-23 14:42:58,596 - INFO - T69 E7/10 | [OK] | L: 0.63636445/0.58566229 | F1 M MIN: 0.23187176 D: 0.40596301 | [S/N/B]: [0.5801/0.7555/0.2319] | LR: 0.00014525
2026-03-23 14:43:45,717 - INFO - T69 E8/10 | [OK] | L: 0.63445338/0.58370373 | F1 M MIN: 0.33810264 D: 0.43798699 | [S/N/B]: [0.5379/0.7556/0.3381] | LR: 0.00006730
2026-03-23 14:44:32,982 - INFO - T69 E9/10 | [OK] | L: 0.63306320/0.58434020 | F1 M MIN: 0.31909962 D: 0.43497134 | [S/N/B]: [0.5508/0.7544/0.3191] | LR: 0.00001725
2026-03-23 14:45:20,100 - INFO - T69 E10/10 | [OK] | L: 0.63218925/0.58329622 | F1 M MIN: 0.34992372 D: 0.44031165 | [S/N/B]: [0.5307/0.7590/0.3499] | LR: 0.00000000
2026-03-23 14:45:20,228 - INFO - Trial 69 stopped early due to patience limit (4 epochs without improvement)
2026-03-23 14:45:21,820 - INFO - Trial 69 finished with value: 0.35454786115826026 and parameters: {'tcn_channels': 64, 'lstm_hidden': 128, 'num_lstm_layers': 4, 'batch_size': 2048, 'dropout': 0.32729742439059684, 'seq_len': 256, 'lr': 0.000704747244926363, 'weight_decay': 0.0017389427082614638, 'base_alpha_sell': 1.4107760929625317, 'base_alpha_neutral': 0.4529168348620284, 'base_alpha_buy': 1.4702374166346432, 'base_loss_gamma': 1.7533692054115628, 'base_loss_smoothing': 0.08282011128851563, 'asym_gamma_sell': 0.5669211814406093, 'asym_gamma_neu': 0.3356133961859883, 'asym_gamma_buy': 1.6057467140169317}. Best is trial 23 with value: 0.4421075032364468.
2026-03-23 14:45:22,535 - INFO - 🔍 RAM-Safe Streaming Scan (Treino): 878 arquivos...
2026-03-23 14:46:17,801 - INFO - ✂️ Double-Chunking (Treino): Expondo fatias de 500,000 amostras aleatórias.
2026-03-23 14:46:17,810 - INFO - 🚀 Pre-loading 500,000 samples into RAM (Lightning Mode)...
2026-03-23 14:50:53,884 - INFO - ✅ RAM-Safe Streaming Dataset: 500,000 sequences indexed and PRE-LOADED.
2026-03-23 14:50:53,885 - INFO - ✅ RAM-Safe Streaming Dataset: 500,000 sequences indexed (Mode: Lightning).
2026-03-23 14:50:53,932 - INFO - 🔍 RAM-Safe Streaming Scan (Val): 274 arquivos...
2026-03-23 14:51:08,255 - INFO - ✂️ Double-Chunking (Val): Expondo fatias de 100,000 amostras aleatórias.
2026-03-23 14:51:08,256 - INFO - 🚀 Pre-loading 100,000 samples into RAM (Lightning Mode)...
2026-03-23 14:52:27,937 - INFO - ✅ RAM-Safe Streaming Dataset: 100,000 sequences indexed and PRE-LOADED.
2026-03-23 14:52:27,939 - INFO - ✅ RAM-Safe Streaming Dataset: 100,000 sequences indexed (Mode: Lightning).
2026-03-23 14:52:28,501 - INFO - Trial 70 START | tcn=128, lstm=128, layers=5, batch=2048, seq=256 | RFE=30 | loss=ASYM (g_s=0.69, g_n=0.26, g_b=1.17) | alpha=[1.47, 0.78, 1.46], smooth=0.05
2026-03-23 14:53:37,948 - INFO - T70 E1/10 | [OK] | L: 0.90642061/0.80270117 | F1 M MIN: 0.08966092 D: 0.32453695 | [S/N/B]: [0.5594/0.7413/0.0897] | LR: 0.00037111
2026-03-23 14:54:48,616 - INFO - T70 E2/10 | [OK] | L: 0.80595851/0.75654199 | F1 M MIN: 0.04304257 D: 0.30645838 | [S/N/B]: [0.5699/0.8025/0.0430] | LR: 0.00034409
2026-03-23 14:55:59,422 - INFO - T70 E3/10 | [OK] | L: 0.78128254/0.73851102 | F1 M MIN: 0.05921074 D: 0.31675238 | [S/N/B]: [0.5743/0.8125/0.0592] | LR: 0.00030201
2026-03-23 14:57:10,434 - INFO - T70 E4/10 | [OK] | L: 0.76832148/0.73463197 | F1 M MIN: 0.06403909 D: 0.31811025 | [S/N/B]: [0.5722/0.8108/0.0640] | LR: 0.00024899
2026-03-23 14:58:21,467 - INFO - T70 E5/10 | [OK] | L: 0.75856783/0.70756003 | F1 M MIN: 0.05785676 D: 0.32325071 | [S/N/B]: [0.5886/0.8481/0.0579] | LR: 0.00019021
2026-03-23 14:58:21,563 - INFO - Trial 70 stopped early due to patience limit (4 epochs without improvement)
2026-03-23 14:58:23,214 - INFO - Trial 70 finished with value: 0.0896609227348527 and parameters: {'tcn_channels': 128, 'lstm_hidden': 128, 'num_lstm_layers': 5, 'batch_size': 2048, 'dropout': 0.36732143669078005, 'seq_len': 256, 'lr': 0.00038041803734211653, 'weight_decay': 0.0008507411366754812, 'base_alpha_sell': 1.4734957698119282, 'base_alpha_neutral': 0.7784125498569349, 'base_alpha_buy': 1.4551774900976675, 'base_loss_gamma': 0.9504621873609651, 'base_loss_smoothing': 0.053706517465041834, 'asym_gamma_sell': 0.6906270425171607, 'asym_gamma_neu': 0.26046643957997456, 'asym_gamma_buy': 1.1726824463700163}. Best is trial 23 with value: 0.4421075032364468.
2026-03-23 14:58:23,958 - INFO - 🔍 RAM-Safe Streaming Scan (Treino): 878 arquivos...
2026-03-23 14:59:19,791 - INFO - ✂️ Double-Chunking (Treino): Expondo fatias de 500,000 amostras aleatórias.
2026-03-23 14:59:19,793 - INFO - 🚀 Pre-loading 500,000 samples into RAM (Lightning Mode)...
2026-03-23 15:04:07,710 - INFO - ✅ RAM-Safe Streaming Dataset: 500,000 sequences indexed and PRE-LOADED.
2026-03-23 15:04:07,713 - INFO - ✅ RAM-Safe Streaming Dataset: 500,000 sequences indexed (Mode: Lightning).
2026-03-23 15:04:07,765 - INFO - 🔍 RAM-Safe Streaming Scan (Val): 274 arquivos...
2026-03-23 15:04:22,349 - INFO - ✂️ Double-Chunking (Val): Expondo fatias de 100,000 amostras aleatórias.
2026-03-23 15:04:22,350 - INFO - 🚀 Pre-loading 100,000 samples into RAM (Lightning Mode)...
2026-03-23 15:05:35,916 - INFO - ✅ RAM-Safe Streaming Dataset: 100,000 sequences indexed and PRE-LOADED.
2026-03-23 15:05:35,917 - INFO - ✅ RAM-Safe Streaming Dataset: 100,000 sequences indexed (Mode: Lightning).
2026-03-23 15:05:36,369 - INFO - Trial 71 START | tcn=512, lstm=128, layers=3, batch=2048, seq=256 | RFE=30 | loss=ASYM (g_s=0.84, g_n=0.11, g_b=2.37) | alpha=[1.63, 0.37, 1.67], smooth=0.03
2026-03-23 15:08:29,240 - INFO - T71 E1/10 | [OK] | L: 0.72524768/0.60449600 | F1 M MIN: 0.12000177 D: 0.34923701 | [S/N/B]: [0.5785/0.6813/0.1200] | LR: 0.00115640
2026-03-23 15:11:24,333 - INFO - T71 E2/10 | [OK] | L: 0.64845805/0.59734417 | F1 M MIN: 0.11396596 D: 0.35086339 | [S/N/B]: [0.5878/0.6671/0.1140] | LR: 0.00107221
2026-03-23 15:14:19,435 - INFO - T71 E3/10 | [OK] | L: 0.63562602/0.58038515 | F1 M MIN: 0.16525161 D: 0.38364352 | [S/N/B]: [0.6020/0.7279/0.1653] | LR: 0.00094108
2026-03-23 15:17:14,637 - INFO - T71 E4/10 | [OK] | L: 0.62794217/0.58092827 | F1 M MIN: 0.15742599 D: 0.37944681 | [S/N/B]: [0.6015/0.7020/0.1574] | LR: 0.00077586
2026-03-23 15:20:09,781 - INFO - T71 E5/10 | [OK] | L: 0.62352661/0.57779149 | F1 M MIN: 0.10293401 D: 0.34746939 | [S/N/B]: [0.5920/0.7156/0.1029] | LR: 0.00059270
2026-03-23 15:23:04,789 - INFO - T71 E6/10 | [OK] | L: 0.61979908/0.57261632 | F1 M MIN: 0.18282420 D: 0.39020170 | [S/N/B]: [0.5976/0.7135/0.1828] | LR: 0.00040955
2026-03-23 15:23:04,970 - INFO - Trial 71 pruned by Optuna at epoch 6
2026-03-23 15:23:05,115 - INFO - Trial 71 pruned.
2026-03-23 15:23:07,114 - INFO - 🔍 RAM-Safe Streaming Scan (Treino): 878 arquivos...
2026-03-23 15:24:02,503 - INFO - ✂️ Double-Chunking (Treino): Expondo fatias de 500,000 amostras aleatórias.
2026-03-23 15:24:02,509 - INFO - 🚀 Pre-loading 500,000 samples into RAM (Lightning Mode)...
2026-03-23 15:27:28,055 - INFO - ✅ RAM-Safe Streaming Dataset: 500,000 sequences indexed and PRE-LOADED.
2026-03-23 15:27:28,057 - INFO - ✅ RAM-Safe Streaming Dataset: 500,000 sequences indexed (Mode: Lightning).
2026-03-23 15:27:28,102 - INFO - 🔍 RAM-Safe Streaming Scan (Val): 274 arquivos...
2026-03-23 15:27:42,814 - INFO - ✂️ Double-Chunking (Val): Expondo fatias de 100,000 amostras aleatórias.
2026-03-23 15:27:42,815 - INFO - 🚀 Pre-loading 100,000 samples into RAM (Lightning Mode)...
2026-03-23 15:28:42,124 - INFO - ✅ RAM-Safe Streaming Dataset: 100,000 sequences indexed and PRE-LOADED.
2026-03-23 15:28:42,126 - INFO - ✅ RAM-Safe Streaming Dataset: 100,000 sequences indexed (Mode: Lightning).
2026-03-23 15:28:42,717 - INFO - Trial 72 START | tcn=512, lstm=64, layers=4, batch=2048, seq=144 | RFE=30 | loss=ASYM (g_s=0.73, g_n=0.60, g_b=0.74) | alpha=[1.64, 1.04, 1.65], smooth=0.14
2026-03-23 15:30:17,196 - INFO - T72 E1/10 | [OK] | L: 1.19995655/1.08795010 | F1 M MIN: 0.00036951 D: 0.26644170 | [S/N/B]: [0.5325/0.7205/0.0004] | LR: 0.00017406
2026-03-23 15:31:52,955 - INFO - T72 E2/10 | [OK] | L: 1.07921774/1.00575502 | F1 M MIN: 0.03406578 D: 0.29785285 | [S/N/B]: [0.5616/0.7884/0.0341] | LR: 0.00016139
2026-03-23 15:33:28,725 - INFO - T72 E3/10 | [OK] | L: 1.04729738/0.96933237 | F1 M MIN: 0.03248162 D: 0.30543537 | [S/N/B]: [0.5784/0.8287/0.0325] | LR: 0.00014165
2026-03-23 15:35:04,760 - INFO - T72 E4/10 | [OK] | L: 1.03192492/0.94836346 | F1 M MIN: 0.01335740 D: 0.30152243 | [S/N/B]: [0.5897/0.8493/0.0134] | LR: 0.00011678
2026-03-23 15:36:40,767 - INFO - T72 E5/10 | [OK] | L: 1.02223074/0.94251639 | F1 M MIN: 0.01042426 D: 0.29968077 | [S/N/B]: [0.5889/0.8505/0.0104] | LR: 0.00008921
2026-03-23 15:36:40,916 - INFO - Trial 72 pruned by Optuna at epoch 5
2026-03-23 15:36:41,065 - INFO - Trial 72 pruned.
2026-03-23 15:36:41,874 - INFO - 🔍 RAM-Safe Streaming Scan (Treino): 878 arquivos...
2026-03-23 15:37:37,339 - INFO - ✂️ Double-Chunking (Treino): Expondo fatias de 500,000 amostras aleatórias.
2026-03-23 15:37:37,341 - INFO - 🚀 Pre-loading 500,000 samples into RAM (Lightning Mode)...
2026-03-23 15:40:57,436 - INFO - ✅ RAM-Safe Streaming Dataset: 500,000 sequences indexed and PRE-LOADED.
2026-03-23 15:40:57,438 - INFO - ✅ RAM-Safe Streaming Dataset: 500,000 sequences indexed (Mode: Lightning).
2026-03-23 15:40:57,485 - INFO - 🔍 RAM-Safe Streaming Scan (Val): 274 arquivos...
2026-03-23 15:41:11,962 - INFO - ✂️ Double-Chunking (Val): Expondo fatias de 100,000 amostras aleatórias.
2026-03-23 15:41:11,963 - INFO - 🚀 Pre-loading 100,000 samples into RAM (Lightning Mode)...
2026-03-23 15:42:10,978 - INFO - ✅ RAM-Safe Streaming Dataset: 100,000 sequences indexed and PRE-LOADED.
2026-03-23 15:42:10,979 - INFO - ✅ RAM-Safe Streaming Dataset: 100,000 sequences indexed (Mode: Lightning).
2026-03-23 15:42:11,466 - INFO - Trial 73 START | tcn=64, lstm=128, layers=5, batch=2048, seq=256 | RFE=30 | loss=ASYM (g_s=1.37, g_n=0.23, g_b=0.95) | alpha=[1.48, 0.39, 1.68], smooth=0.05
2026-03-23 15:43:02,594 - INFO - T73 E1/10 | [WARN] ZERO_PENALTY | L: 0.86452375/0.83626354 | F1 M MIN: 0.00000000 D: 0.00000000 | [S/N/B]: [0.0000/0.0000/0.4284] | LR: 0.00023238
2026-03-23 15:43:54,205 - INFO - T73 E2/10 | [OK] | L: 0.82196749/0.77590433 | F1 M MIN: 0.00331102 D: 0.22922357 | [S/N/B]: [0.0033/0.3201/0.4551] | LR: 0.00021547
2026-03-23 15:44:46,363 - INFO - T73 E3/10 | [WARN] ZERO_PENALTY | L: 0.73989780/0.72189453 | F1 M MIN: 0.00000000 D: 0.00000000 | [S/N/B]: [0.0000/0.3960/0.4666] | LR: 0.00018912
2026-03-23 15:45:38,493 - INFO - T73 E4/10 | [WARN] ZERO_PENALTY | L: 0.71268206/0.68032347 | F1 M MIN: 0.00000000 D: 0.00000000 | [S/N/B]: [0.0000/0.4717/0.4775] | LR: 0.00015591
2026-03-23 15:46:30,602 - INFO - T73 E5/10 | [WARN] ZERO_PENALTY | L: 0.70079947/0.65873505 | F1 M MIN: 0.00000000 D: 0.00000000 | [S/N/B]: [0.0000/0.5588/0.4922] | LR: 0.00011911
2026-03-23 15:46:30,750 - INFO - Trial 73 pruned by Optuna at epoch 5
2026-03-23 15:46:30,934 - INFO - Trial 73 pruned.
2026-03-23 15:46:32,017 - INFO - 🔍 RAM-Safe Streaming Scan (Treino): 878 arquivos...
2026-03-23 15:47:29,137 - INFO - ✂️ Double-Chunking (Treino): Expondo fatias de 500,000 amostras aleatórias.
2026-03-23 15:47:29,139 - INFO - 🚀 Pre-loading 500,000 samples into RAM (Lightning Mode)...
2026-03-23 15:50:45,418 - INFO - ✅ RAM-Safe Streaming Dataset: 500,000 sequences indexed and PRE-LOADED.
2026-03-23 15:50:45,420 - INFO - ✅ RAM-Safe Streaming Dataset: 500,000 sequences indexed (Mode: Lightning).
2026-03-23 15:50:45,450 - INFO - 🔍 RAM-Safe Streaming Scan (Val): 274 arquivos...
2026-03-23 15:50:59,564 - INFO - ✂️ Double-Chunking (Val): Expondo fatias de 100,000 amostras aleatórias.
2026-03-23 15:50:59,564 - INFO - 🚀 Pre-loading 100,000 samples into RAM (Lightning Mode)...
2026-03-23 15:51:52,805 - INFO - ✅ RAM-Safe Streaming Dataset: 100,000 sequences indexed and PRE-LOADED.
2026-03-23 15:51:52,809 - INFO - ✅ RAM-Safe Streaming Dataset: 100,000 sequences indexed (Mode: Lightning).
2026-03-23 15:51:53,258 - INFO - Trial 74 START | tcn=64, lstm=128, layers=5, batch=1024, seq=144 | RFE=30 | loss=ASYM (g_s=1.12, g_n=0.47, g_b=3.12) | alpha=[1.50, 0.40, 1.58], smooth=0.05
2026-03-23 15:52:27,785 - INFO - T74 E1/10 | [OK] | L: 0.61076679/0.50485052 | F1 M MIN: 0.11446948 D: 0.33365778 | [S/N/B]: [0.5528/0.6227/0.1145] | LR: 0.00054231
2026-03-23 15:53:01,927 - INFO - T74 E2/10 | [OK] | L: 0.52094932/0.48023566 | F1 M MIN: 0.10961185 D: 0.34137048 | [S/N/B]: [0.5731/0.6273/0.1096] | LR: 0.00050283
2026-03-23 15:53:37,039 - INFO - T74 E3/10 | [OK] | L: 0.50607712/0.46850620 | F1 M MIN: 0.09388551 D: 0.33633008 | [S/N/B]: [0.5788/0.6569/0.0939] | LR: 0.00044134
2026-03-23 15:54:11,439 - INFO - T74 E4/10 | [OK] | L: 0.49857567/0.46445576 | F1 M MIN: 0.10502156 D: 0.34778887 | [S/N/B]: [0.5906/0.6591/0.1050] | LR: 0.00036385
2026-03-23 15:54:46,795 - INFO - T74 E5/10 | [OK] | L: 0.49404677/0.45976044 | F1 M MIN: 0.09146132 D: 0.33952404 | [S/N/B]: [0.5876/0.6797/0.0915] | LR: 0.00027796
2026-03-23 15:54:46,856 - INFO - Trial 74 stopped early due to patience limit (4 epochs without improvement)
2026-03-23 15:54:47,087 - INFO - Trial 74 finished with value: 0.11446948334925777 and parameters: {'tcn_channels': 64, 'lstm_hidden': 128, 'num_lstm_layers': 5, 'batch_size': 1024, 'dropout': 0.2891338599316664, 'seq_len': 144, 'lr': 0.0005559137751229222, 'weight_decay': 0.0034498710936843144, 'base_alpha_sell': 1.5004836921247244, 'base_alpha_neutral': 0.4002666078846014, 'base_alpha_buy': 1.5828986953780484, 'base_loss_gamma': 1.5413623181453566, 'base_loss_smoothing': 0.04812567783553363, 'asym_gamma_sell': 1.120268289090648, 'asym_gamma_neu': 0.467834022531262, 'asym_gamma_buy': 3.120372296180723}. Best is trial 23 with value: 0.4421075032364468.
2026-03-23 15:54:47,799 - INFO - 🔍 RAM-Safe Streaming Scan (Treino): 878 arquivos...
2026-03-23 15:55:43,464 - INFO - ✂️ Double-Chunking (Treino): Expondo fatias de 500,000 amostras aleatórias.
2026-03-23 15:55:43,467 - INFO - 🚀 Pre-loading 500,000 samples into RAM (Lightning Mode)...
2026-03-23 15:59:00,456 - INFO - ✅ RAM-Safe Streaming Dataset: 500,000 sequences indexed and PRE-LOADED.
2026-03-23 15:59:00,458 - INFO - ✅ RAM-Safe Streaming Dataset: 500,000 sequences indexed (Mode: Lightning).
2026-03-23 15:59:00,510 - INFO - 🔍 RAM-Safe Streaming Scan (Val): 274 arquivos...
2026-03-23 15:59:14,948 - INFO - ✂️ Double-Chunking (Val): Expondo fatias de 100,000 amostras aleatórias.
2026-03-23 15:59:14,948 - INFO - 🚀 Pre-loading 100,000 samples into RAM (Lightning Mode)...
2026-03-23 16:00:15,166 - INFO - ✅ RAM-Safe Streaming Dataset: 100,000 sequences indexed and PRE-LOADED.
2026-03-23 16:00:15,168 - INFO - ✅ RAM-Safe Streaming Dataset: 100,000 sequences indexed (Mode: Lightning).
2026-03-23 16:00:15,716 - INFO - Trial 75 START | tcn=64, lstm=128, layers=4, batch=2048, seq=192 | RFE=30 | loss=ASYM (g_s=0.72, g_n=0.89, g_b=0.78) | alpha=[1.35, 0.57, 1.48], smooth=0.17
2026-03-23 16:00:52,639 - INFO - T75 E1/10 | [WARN] ZERO_PENALTY | L: 0.79518580/0.69519622 | F1 M MIN: 0.00000000 D: 0.00000000 | [S/N/B]: [0.0000/0.5421/0.4853] | LR: 0.00062056
2026-03-23 16:01:29,922 - INFO - T75 E2/10 | [WARN] ZERO_PENALTY | L: 0.73578599/0.65779796 | F1 M MIN: 0.00000000 D: 0.00000000 | [S/N/B]: [0.0000/0.7334/0.5299] | LR: 0.00057539
2026-03-23 16:02:07,276 - INFO - T75 E3/10 | [WARN] ZERO_PENALTY | L: 0.72298469/0.65328427 | F1 M MIN: 0.00000000 D: 0.00000000 | [S/N/B]: [0.0000/0.7538/0.5369] | LR: 0.00050502
2026-03-23 16:02:45,021 - INFO - T75 E4/10 | [WARN] ZERO_PENALTY | L: 0.71716214/0.64737566 | F1 M MIN: 0.00000000 D: 0.00000000 | [S/N/B]: [0.0000/0.7471/0.5355] | LR: 0.00041635
2026-03-23 16:02:45,116 - INFO - Trial 75 stopped early due to patience limit (4 epochs without improvement)
