2026-03-27 10:41:21,566 - INFO - Trial 427 finished with value: 0.0 and parameters: {'tcn_channels': 512, 'lstm_hidden': 256, 'num_lstm_layers': 3, 'batch_size': 512, 'dropout': 0.2885647298478749, 'seq_len': 144, 'lr': 0.001592504711341201, 'weight_decay': 0.0027174885561345357, 'base_alpha_sell': 1.2439681769573374, 'base_alpha_neutral': 0.8679942836104216, 'base_alpha_buy': 0.9690395509022199, 'base_loss_gamma': 3.1965357803845493, 'base_loss_smoothing': 0.3037394334273769, 'asym_gamma_sell': 1.6680769716603074, 'asym_gamma_neu': 1.396966022276055, 'asym_gamma_buy': 1.1492829059064325}. Best is trial 410 with value: 0.5052308142512254.
2026-03-27 10:41:22,317 - INFO - 🔍 RAM-Safe Streaming Scan (Treino): 878 arquivos...
2026-03-27 10:42:16,877 - INFO - ✂️ Double-Chunking (Treino): Expondo fatias de 500,000 amostras aleatórias.
2026-03-27 10:42:16,878 - INFO - 🚀 Pre-loading 500,000 samples into RAM (Lightning Mode)...
2026-03-27 10:45:37,363 - INFO - ✅ RAM-Safe Streaming Dataset: 500,000 sequences indexed and PRE-LOADED.
2026-03-27 10:45:37,364 - INFO - ✅ RAM-Safe Streaming Dataset: 500,000 sequences indexed (Mode: Lightning).
2026-03-27 10:45:37,504 - INFO - 🔍 RAM-Safe Streaming Scan (Val): 274 arquivos...
2026-03-27 10:45:50,569 - INFO - ✂️ Double-Chunking (Val): Expondo fatias de 100,000 amostras aleatórias.
2026-03-27 10:45:50,569 - INFO - 🚀 Pre-loading 100,000 samples into RAM (Lightning Mode)...
2026-03-27 10:46:55,311 - INFO - ✅ RAM-Safe Streaming Dataset: 100,000 sequences indexed and PRE-LOADED.
2026-03-27 10:46:55,312 - INFO - ✅ RAM-Safe Streaming Dataset: 100,000 sequences indexed (Mode: Lightning).
2026-03-27 10:46:55,643 - INFO - Trial 428 START | tcn=256, lstm=256, layers=2, batch=512, seq=192 | RFE=30 | loss=ASYM (g_s=0.84, g_n=1.81, g_b=1.24) | alpha=[1.53, 0.65, 1.12], smooth=0.26
2026-03-27 10:48:18,067 - INFO - T428 E1/10 | [OK] | L: 0.61338998/0.52894213 | F1 M MIN: 0.00029213 D: 0.26911433 | [S/N/B]: [0.5379/0.7302/0.0003] | LR: 0.00072888
2026-03-27 10:49:42,612 - INFO - T428 E2/10 | [OK] | L: 0.59116220/0.52453863 | F1 M MIN: 0.00021912 D: 0.27185967 | [S/N/B]: [0.5435/0.7476/0.0002] | LR: 0.00067581
2026-03-27 10:51:06,815 - INFO - T428 E3/10 | [OK] | L: 0.58702267/0.52056564 | F1 M MIN: 0.01228590 D: 0.27959295 | [S/N/B]: [0.5469/0.7563/0.0123] | LR: 0.00059316
2026-03-27 10:52:31,226 - INFO - T428 E4/10 | [OK] | L: 0.58323215/0.51717821 | F1 M MIN: 0.12003676 D: 0.33762457 | [S/N/B]: [0.5552/0.7608/0.1200] | LR: 0.00048902
2026-03-27 10:53:55,496 - INFO - T428 E5/10 | [OK] | L: 0.57738709/0.51344838 | F1 M MIN: 0.15917316 D: 0.35677329 | [S/N/B]: [0.5544/0.7525/0.1592] | LR: 0.00037358
2026-03-27 10:53:55,630 - INFO - Trial 428 pruned by Optuna at epoch 5
2026-03-27 10:53:55,761 - INFO - Trial 428 pruned.
2026-03-27 10:53:56,446 - INFO - 🔍 RAM-Safe Streaming Scan (Treino): 878 arquivos...
2026-03-27 10:54:45,412 - INFO - ✂️ Double-Chunking (Treino): Expondo fatias de 500,000 amostras aleatórias.
2026-03-27 10:54:45,414 - INFO - 🚀 Pre-loading 500,000 samples into RAM (Lightning Mode)...
2026-03-27 10:57:57,411 - INFO - ✅ RAM-Safe Streaming Dataset: 500,000 sequences indexed and PRE-LOADED.
2026-03-27 10:57:57,413 - INFO - ✅ RAM-Safe Streaming Dataset: 500,000 sequences indexed (Mode: Lightning).
2026-03-27 10:57:57,499 - INFO - 🔍 RAM-Safe Streaming Scan (Val): 274 arquivos...
2026-03-27 10:58:10,552 - INFO - ✂️ Double-Chunking (Val): Expondo fatias de 100,000 amostras aleatórias.
2026-03-27 10:58:10,553 - INFO - 🚀 Pre-loading 100,000 samples into RAM (Lightning Mode)...
2026-03-27 10:59:07,598 - INFO - ✅ RAM-Safe Streaming Dataset: 100,000 sequences indexed and PRE-LOADED.
2026-03-27 10:59:07,599 - INFO - ✅ RAM-Safe Streaming Dataset: 100,000 sequences indexed (Mode: Lightning).
2026-03-27 10:59:08,228 - INFO - Trial 429 START | tcn=256, lstm=256, layers=2, batch=512, seq=144 | RFE=30 | loss=ASYM (g_s=2.28, g_n=1.69, g_b=0.92) | alpha=[1.09, 0.67, 1.13], smooth=0.31
2026-03-27 11:00:08,494 - INFO - T429 E1/10 | [WARN] ZERO_PENALTY | L: 0.44039678/0.39567777 | F1 M MIN: 0.00000000 D: 0.00000000 | [S/N/B]: [0.0000/0.8203/0.5631] | LR: 0.00143738
2026-03-27 11:01:09,518 - INFO - T429 E2/10 | [WARN] ZERO_PENALTY | L: 0.42521286/0.39281793 | F1 M MIN: 0.00000000 D: 0.00000000 | [S/N/B]: [0.0000/0.8182/0.5622] | LR: 0.00133273
2026-03-27 11:02:10,630 - INFO - T429 E3/10 | [OK] | L: 0.42174329/0.38863585 | F1 M MIN: 0.00021856 D: 0.28444047 | [S/N/B]: [0.0002/0.8317/0.5687] | LR: 0.00116975
2026-03-27 11:03:12,022 - INFO - T429 E4/10 | [OK] | L: 0.41857963/0.38649485 | F1 M MIN: 0.35398819 D: 0.44333367 | [S/N/B]: [0.3540/0.8235/0.5327] | LR: 0.00096437
2026-03-27 11:04:13,497 - INFO - T429 E5/10 | [OK] | L: 0.41550031/0.38534852 | F1 M MIN: 0.23825924 D: 0.40405519 | [S/N/B]: [0.2383/0.8279/0.5699] | LR: 0.00073672
2026-03-27 11:05:15,026 - INFO - T429 E6/10 | [OK] | L: 0.41300166/0.38283529 | F1 M MIN: 0.37646405 D: 0.46210211 | [S/N/B]: [0.3765/0.8384/0.5477] | LR: 0.00050906
2026-03-27 11:05:15,140 - INFO - Trial 429 pruned by Optuna at epoch 6
2026-03-27 11:05:15,232 - INFO - Trial 429 pruned.
2026-03-27 11:05:15,921 - INFO - 🔍 RAM-Safe Streaming Scan (Treino): 878 arquivos...
2026-03-27 11:06:06,602 - INFO - ✂️ Double-Chunking (Treino): Expondo fatias de 500,000 amostras aleatórias.
2026-03-27 11:06:06,609 - INFO - 🚀 Pre-loading 500,000 samples into RAM (Lightning Mode)...
2026-03-27 11:10:00,695 - INFO - ✅ RAM-Safe Streaming Dataset: 500,000 sequences indexed and PRE-LOADED.
2026-03-27 11:10:00,697 - INFO - ✅ RAM-Safe Streaming Dataset: 500,000 sequences indexed (Mode: Lightning).
2026-03-27 11:10:00,829 - INFO - 🔍 RAM-Safe Streaming Scan (Val): 274 arquivos...
2026-03-27 11:10:14,482 - INFO - ✂️ Double-Chunking (Val): Expondo fatias de 100,000 amostras aleatórias.
2026-03-27 11:10:14,482 - INFO - 🚀 Pre-loading 100,000 samples into RAM (Lightning Mode)...
2026-03-27 11:11:21,998 - INFO - ✅ RAM-Safe Streaming Dataset: 100,000 sequences indexed and PRE-LOADED.
2026-03-27 11:11:21,999 - INFO - ✅ RAM-Safe Streaming Dataset: 100,000 sequences indexed (Mode: Lightning).
2026-03-27 11:11:22,379 - INFO - Trial 430 START | tcn=512, lstm=128, layers=3, batch=2048, seq=256 | RFE=30 | loss=ASYM (g_s=1.59, g_n=1.11, g_b=2.08) | alpha=[0.95, 0.59, 1.49], smooth=0.33
2026-03-27 11:14:15,230 - INFO - T430 E1/10 | [WARN] ZERO_PENALTY | L: 0.46964976/0.43387496 | F1 M MIN: 0.00000000 D: 0.00000000 | [S/N/B]: [0.0000/0.7020/0.5234] | LR: 0.00073418
2026-03-27 11:17:10,053 - INFO - T430 E2/10 | [WARN] ZERO_PENALTY | L: 0.44059499/0.42453163 | F1 M MIN: 0.00000000 D: 0.00000000 | [S/N/B]: [0.0000/0.7678/0.5448] | LR: 0.00068073
2026-03-27 11:20:04,679 - INFO - T430 E3/10 | [WARN] ZERO_PENALTY | L: 0.43444922/0.42474640 | F1 M MIN: 0.00000000 D: 0.00000000 | [S/N/B]: [0.0000/0.7146/0.5295] | LR: 0.00059748
2026-03-27 11:22:59,676 - INFO - T430 E4/10 | [WARN] ZERO_PENALTY | L: 0.43083797/0.42113809 | F1 M MIN: 0.00000000 D: 0.00000000 | [S/N/B]: [0.0000/0.7433/0.5382] | LR: 0.00049258
2026-03-27 11:22:59,748 - INFO - Trial 430 stopped early due to patience limit (4 epochs without improvement)
2026-03-27 11:23:00,684 - INFO - Trial 430 finished with value: 0.0 and parameters: {'tcn_channels': 512, 'lstm_hidden': 128, 'num_lstm_layers': 3, 'batch_size': 2048, 'dropout': 0.3657550221444844, 'seq_len': 256, 'lr': 0.0007525926244656182, 'weight_decay': 0.0007759613065142884, 'base_alpha_sell': 0.9479951696247148, 'base_alpha_neutral': 0.5852119540488938, 'base_alpha_buy': 1.4893736073716182, 'base_loss_gamma': 0.9722563685048161, 'base_loss_smoothing': 0.33312351608495966, 'asym_gamma_sell': 1.5881745814808617, 'asym_gamma_neu': 1.1109115659765487, 'asym_gamma_buy': 2.083289928898731}. Best is trial 410 with value: 0.5052308142512254.
2026-03-27 11:23:01,219 - INFO - 🔍 RAM-Safe Streaming Scan (Treino): 878 arquivos...
2026-03-27 11:23:51,741 - INFO - ✂️ Double-Chunking (Treino): Expondo fatias de 500,000 amostras aleatórias.
2026-03-27 11:23:51,743 - INFO - 🚀 Pre-loading 500,000 samples into RAM (Lightning Mode)...
