2026-03-27 08:53:30,094 - INFO - Trial 419 finished with value: 0.4313932479343876 and parameters: {'tcn_channels': 512, 'lstm_hidden': 256, 'num_lstm_layers': 2, 'batch_size': 512, 'dropout': 0.28773842659396015, 'seq_len': 256, 'lr': 0.0007388719886328501, 'weight_decay': 0.001095915870230309, 'base_alpha_sell': 1.2713804038596543, 'base_alpha_neutral': 0.8127970953315343, 'base_alpha_buy': 1.6714136508224005, 'base_loss_gamma': 0.837445739089117, 'base_loss_smoothing': 0.2885318714424552, 'asym_gamma_sell': 1.7621653497523015, 'asym_gamma_neu': 0.17163195675591547, 'asym_gamma_buy': 3.8668962375852542}. Best is trial 410 with value: 0.5052308142512254.
2026-03-27 08:53:30,644 - INFO - 🔍 RAM-Safe Streaming Scan (Treino): 878 arquivos...
2026-03-27 08:54:27,459 - INFO - ✂️ Double-Chunking (Treino): Expondo fatias de 500,000 amostras aleatórias.
2026-03-27 08:54:27,467 - INFO - 🚀 Pre-loading 500,000 samples into RAM (Lightning Mode)...
2026-03-27 08:57:44,781 - INFO - ✅ RAM-Safe Streaming Dataset: 500,000 sequences indexed and PRE-LOADED.
2026-03-27 08:57:44,782 - INFO - ✅ RAM-Safe Streaming Dataset: 500,000 sequences indexed (Mode: Lightning).
2026-03-27 08:57:44,919 - INFO - 🔍 RAM-Safe Streaming Scan (Val): 274 arquivos...
2026-03-27 08:57:58,434 - INFO - ✂️ Double-Chunking (Val): Expondo fatias de 100,000 amostras aleatórias.
2026-03-27 08:57:58,435 - INFO - 🚀 Pre-loading 100,000 samples into RAM (Lightning Mode)...
2026-03-27 08:58:54,777 - INFO - ✅ RAM-Safe Streaming Dataset: 100,000 sequences indexed and PRE-LOADED.
2026-03-27 08:58:54,778 - INFO - ✅ RAM-Safe Streaming Dataset: 100,000 sequences indexed (Mode: Lightning).
2026-03-27 08:58:55,171 - INFO - Trial 420 START | tcn=512, lstm=256, layers=2, batch=1024, seq=256 | RFE=30 | loss=ASYM (g_s=0.57, g_n=0.10, g_b=2.55) | alpha=[1.52, 1.05, 1.28], smooth=0.16
2026-03-27 09:02:04,809 - INFO - T420 E1/10 | [OK] | L: 0.82975437/0.81144837 | F1 M MIN: 0.00029502 D: 0.29017006 | [S/N/B]: [0.5800/0.8369/0.0003] | LR: 0.00051824
2026-03-27 09:05:16,070 - INFO - T420 E2/10 | [OK] | L: 0.77758349/0.78869544 | F1 M MIN: 0.00388264 D: 0.29737469 | [S/N/B]: [0.5909/0.8594/0.0039] | LR: 0.00048051
2026-03-27 09:08:27,272 - INFO - T420 E3/10 | [OK] | L: 0.76751469/0.77293617 | F1 M MIN: 0.00575907 D: 0.30138536 | [S/N/B]: [0.5970/0.8677/0.0058] | LR: 0.00042175
2026-03-27 09:11:38,480 - INFO - T420 E4/10 | [OK] | L: 0.76158264/0.76700477 | F1 M MIN: 0.08022299 D: 0.33929003 | [S/N/B]: [0.5984/0.8717/0.0802] | LR: 0.00034770
2026-03-27 09:14:50,552 - INFO - T420 E5/10 | [OK] | L: 0.75569512/0.76830993 | F1 M MIN: 0.17797718 D: 0.38417252 | [S/N/B]: [0.5904/0.8654/0.1780] | LR: 0.00026562
2026-03-27 09:14:50,694 - INFO - Trial 420 pruned by Optuna at epoch 5
2026-03-27 09:14:50,811 - INFO - Trial 420 pruned.
2026-03-27 09:14:51,492 - INFO - 🔍 RAM-Safe Streaming Scan (Treino): 878 arquivos...
2026-03-27 09:15:41,504 - INFO - ✂️ Double-Chunking (Treino): Expondo fatias de 500,000 amostras aleatórias.
2026-03-27 09:15:41,510 - INFO - 🚀 Pre-loading 500,000 samples into RAM (Lightning Mode)...
2026-03-27 09:18:45,998 - INFO - ✅ RAM-Safe Streaming Dataset: 500,000 sequences indexed and PRE-LOADED.
2026-03-27 09:18:45,999 - INFO - ✅ RAM-Safe Streaming Dataset: 500,000 sequences indexed (Mode: Lightning).
2026-03-27 09:18:46,083 - INFO - 🔍 RAM-Safe Streaming Scan (Val): 274 arquivos...
2026-03-27 09:18:59,062 - INFO - ✂️ Double-Chunking (Val): Expondo fatias de 100,000 amostras aleatórias.
2026-03-27 09:18:59,063 - INFO - 🚀 Pre-loading 100,000 samples into RAM (Lightning Mode)...
2026-03-27 09:19:54,751 - INFO - ✅ RAM-Safe Streaming Dataset: 100,000 sequences indexed and PRE-LOADED.
2026-03-27 09:19:54,752 - INFO - ✅ RAM-Safe Streaming Dataset: 100,000 sequences indexed (Mode: Lightning).
2026-03-27 09:19:55,165 - INFO - Trial 421 START | tcn=256, lstm=64, layers=2, batch=512, seq=144 | RFE=30 | loss=ASYM (g_s=1.35, g_n=1.23, g_b=1.52) | alpha=[1.03, 0.73, 1.19], smooth=0.31
2026-03-27 09:20:42,696 - INFO - T421 E1/10 | [WARN] ZERO_PENALTY | L: 0.49965406/0.46161549 | F1 M MIN: 0.00000000 D: 0.00000000 | [S/N/B]: [0.0000/0.8346/0.5732] | LR: 0.00188222
2026-03-27 09:21:30,613 - INFO - T421 E2/10 | [WARN] ZERO_PENALTY | L: 0.48090315/0.45436777 | F1 M MIN: 0.00000000 D: 0.00000000 | [S/N/B]: [0.0000/0.8353/0.5738] | LR: 0.00174519
2026-03-27 09:22:18,596 - INFO - T421 E3/10 | [WARN] ZERO_PENALTY | L: 0.47622765/0.45289638 | F1 M MIN: 0.00000000 D: 0.00000000 | [S/N/B]: [0.0000/0.8427/0.5772] | LR: 0.00153176
2026-03-27 09:23:06,798 - INFO - T421 E4/10 | [WARN] ZERO_PENALTY | L: 0.47381488/0.45008426 | F1 M MIN: 0.00000000 D: 0.00000000 | [S/N/B]: [0.0000/0.8439/0.5782] | LR: 0.00126283
2026-03-27 09:23:06,854 - INFO - Trial 421 stopped early due to patience limit (4 epochs without improvement)
2026-03-27 09:23:07,032 - INFO - Trial 421 finished with value: 0.0 and parameters: {'tcn_channels': 256, 'lstm_hidden': 64, 'num_lstm_layers': 2, 'batch_size': 512, 'dropout': 0.38997241640789637, 'seq_len': 144, 'lr': 0.0019294320983952588, 'weight_decay': 0.004335153561202766, 'base_alpha_sell': 1.0261743890644635, 'base_alpha_neutral': 0.7332029299203661, 'base_alpha_buy': 1.1873857552181009, 'base_loss_gamma': 3.2540167075518296, 'base_loss_smoothing': 0.3056760804796403, 'asym_gamma_sell': 1.3503340935917985, 'asym_gamma_neu': 1.2300230688522211, 'asym_gamma_buy': 1.5200473769505836}. Best is trial 410 with value: 0.5052308142512254.
2026-03-27 09:23:07,523 - INFO - 🔍 RAM-Safe Streaming Scan (Treino): 878 arquivos...
2026-03-27 09:23:56,590 - INFO - ✂️ Double-Chunking (Treino): Expondo fatias de 500,000 amostras aleatórias.
2026-03-27 09:23:56,591 - INFO - 🚀 Pre-loading 500,000 samples into RAM (Lightning Mode)...
2026-03-27 09:27:03,414 - INFO - ✅ RAM-Safe Streaming Dataset: 500,000 sequences indexed and PRE-LOADED.
2026-03-27 09:27:03,415 - INFO - ✅ RAM-Safe Streaming Dataset: 500,000 sequences indexed (Mode: Lightning).
2026-03-27 09:27:03,524 - INFO - 🔍 RAM-Safe Streaming Scan (Val): 274 arquivos...
2026-03-27 09:27:16,273 - INFO - ✂️ Double-Chunking (Val): Expondo fatias de 100,000 amostras aleatórias.
2026-03-27 09:27:16,273 - INFO - 🚀 Pre-loading 100,000 samples into RAM (Lightning Mode)...
2026-03-27 09:28:10,726 - INFO - ✅ RAM-Safe Streaming Dataset: 100,000 sequences indexed and PRE-LOADED.
2026-03-27 09:28:10,727 - INFO - ✅ RAM-Safe Streaming Dataset: 100,000 sequences indexed (Mode: Lightning).
2026-03-27 09:28:11,131 - INFO - Trial 422 START | tcn=512, lstm=256, layers=3, batch=1024, seq=256 | RFE=30 | loss=ASYM (g_s=0.85, g_n=0.90, g_b=1.78) | alpha=[1.16, 0.97, 1.66], smooth=0.27
2026-03-27 09:31:33,542 - INFO - T422 E1/10 | [WARN] ZERO_PENALTY | L: 0.80506663/0.74853842 | F1 M MIN: 0.00000000 D: 0.00000000 | [S/N/B]: [0.0000/0.8219/0.5607] | LR: 0.00057643
2026-03-27 09:34:57,633 - INFO - T422 E2/10 | [WARN] ZERO_PENALTY | L: 0.76652849/0.73551200 | F1 M MIN: 0.00000000 D: 0.00000000 | [S/N/B]: [0.0000/0.8390/0.5697] | LR: 0.00053446
2026-03-27 09:38:21,607 - INFO - T422 E3/10 | [WARN] ZERO_PENALTY | L: 0.75931017/0.72706238 | F1 M MIN: 0.00000000 D: 0.00000000 | [S/N/B]: [0.0000/0.8543/0.5776] | LR: 0.00046910
2026-03-27 09:41:46,011 - INFO - T422 E4/10 | [OK] | L: 0.75348702/0.72600658 | F1 M MIN: 0.00180597 D: 0.28717369 | [S/N/B]: [0.0018/0.8437/0.5725] | LR: 0.00038674
2026-03-27 09:45:10,844 - INFO - T422 E5/10 | [OK] | L: 0.74855973/0.72944936 | F1 M MIN: 0.30348309 D: 0.42388278 | [S/N/B]: [0.3035/0.8414/0.5443] | LR: 0.00029544
2026-03-27 09:45:10,998 - INFO - Trial 422 pruned by Optuna at epoch 5
2026-03-27 09:45:11,127 - INFO - Trial 422 pruned.
2026-03-27 09:45:11,824 - INFO - 🔍 RAM-Safe Streaming Scan (Treino): 878 arquivos...
2026-03-27 09:46:01,744 - INFO - ✂️ Double-Chunking (Treino): Expondo fatias de 500,000 amostras aleatórias.
2026-03-27 09:46:01,745 - INFO - 🚀 Pre-loading 500,000 samples into RAM (Lightning Mode)...
2026-03-27 09:49:09,328 - INFO - ✅ RAM-Safe Streaming Dataset: 500,000 sequences indexed and PRE-LOADED.
2026-03-27 09:49:09,330 - INFO - ✅ RAM-Safe Streaming Dataset: 500,000 sequences indexed (Mode: Lightning).
2026-03-27 09:49:09,375 - INFO - 🔍 RAM-Safe Streaming Scan (Val): 274 arquivos...
2026-03-27 09:49:22,001 - INFO - ✂️ Double-Chunking (Val): Expondo fatias de 100,000 amostras aleatórias.
2026-03-27 09:49:22,001 - INFO - 🚀 Pre-loading 100,000 samples into RAM (Lightning Mode)...
2026-03-27 09:50:17,410 - INFO - ✅ RAM-Safe Streaming Dataset: 100,000 sequences indexed and PRE-LOADED.
2026-03-27 09:50:17,411 - INFO - ✅ RAM-Safe Streaming Dataset: 100,000 sequences indexed (Mode: Lightning).
2026-03-27 09:50:17,762 - INFO - Trial 423 START | tcn=256, lstm=256, layers=2, batch=512, seq=144 | RFE=30 | loss=ASYM (g_s=1.25, g_n=1.50, g_b=1.34) | alpha=[1.22, 0.83, 1.26], smooth=0.33
2026-03-27 09:51:18,111 - INFO - T423 E1/10 | [OK] | L: 0.62526707/0.57351598 | F1 M MIN: 0.13325529 D: 0.36952064 | [S/N/B]: [0.6058/0.8300/0.1333] | LR: 0.00116460
2026-03-27 09:52:19,300 - INFO - T423 E2/10 | [OK] | L: 0.60638076/0.56759428 | F1 M MIN: 0.19105072 D: 0.37023978 | [S/N/B]: [0.1911/0.8352/0.5494] | LR: 0.00107981
2026-03-27 09:53:20,800 - INFO - T423 E3/10 | [OK] | L: 0.60174554/0.56193095 | F1 M MIN: 0.43938149 D: 0.45491040 | [S/N/B]: [0.4704/0.8520/0.4394] | LR: 0.00094776
2026-03-27 09:54:22,509 - INFO - T423 E4/10 | [OK] | L: 0.59867853/0.55773303 | F1 M MIN: 0.41179250 D: 0.46282429 | [S/N/B]: [0.4118/0.8558/0.5139] | LR: 0.00078136
2026-03-27 09:55:24,048 - INFO - T423 E5/10 | [OK] | L: 0.59459443/0.55566282 | F1 M MIN: 0.45615876 D: 0.48096596 | [S/N/B]: [0.5058/0.8475/0.4562] | LR: 0.00059691
2026-03-27 09:56:25,794 - INFO - T423 E6/10 | [OK] | L: 0.59120923/0.55277217 | F1 M MIN: 0.48712556 D: 0.48715433 | [S/N/B]: [0.4871/0.8571/0.4872] | LR: 0.00041245
2026-03-27 09:57:27,519 - INFO - T423 E7/10 | [OK] | L: 0.58861801/0.55308013 | F1 M MIN: 0.41996681 D: 0.47928885 | [S/N/B]: [0.5386/0.8597/0.4200] | LR: 0.00024605
2026-03-27 09:58:29,122 - INFO - T423 E8/10 | [OK] | L: 0.58616515/0.55319049 | F1 M MIN: 0.47196948 D: 0.48845289 | [S/N/B]: [0.5049/0.8481/0.4720] | LR: 0.00011400
2026-03-27 09:59:30,621 - INFO - T423 E9/10 | [OK] | L: 0.58405040/0.55151361 | F1 M MIN: 0.45449675 D: 0.48985965 | [S/N/B]: [0.5252/0.8578/0.4545] | LR: 0.00002921
2026-03-27 10:00:32,446 - INFO - T423 E10/10 | [OK] | L: 0.58263208/0.55251782 | F1 M MIN: 0.47502712 D: 0.48951266 | [S/N/B]: [0.5040/0.8521/0.4750] | LR: 0.00000000
2026-03-27 10:00:32,487 - INFO - Trial 423 stopped early due to patience limit (4 epochs without improvement)
2026-03-27 10:00:32,724 - INFO - Trial 423 finished with value: 0.48712556331183177 and parameters: {'tcn_channels': 256, 'lstm_hidden': 256, 'num_lstm_layers': 2, 'batch_size': 512, 'dropout': 0.33508601363699914, 'seq_len': 144, 'lr': 0.0011938115253610924, 'weight_decay': 0.003820406325305281, 'base_alpha_sell': 1.224785291215158, 'base_alpha_neutral': 0.8267873573449962, 'base_alpha_buy': 1.2553382039453338, 'base_loss_gamma': 1.8853017419335725, 'base_loss_smoothing': 0.3346076784962133, 'asym_gamma_sell': 1.2503240619236502, 'asym_gamma_neu': 1.4970614426773947, 'asym_gamma_buy': 1.3436001489778233}. Best is trial 410 with value: 0.5052308142512254.
2026-03-27 10:00:33,288 - INFO - 🔍 RAM-Safe Streaming Scan (Treino): 878 arquivos...
2026-03-27 10:01:23,652 - INFO - ✂️ Double-Chunking (Treino): Expondo fatias de 500,000 amostras aleatórias.
2026-03-27 10:01:23,653 - INFO - 🚀 Pre-loading 500,000 samples into RAM (Lightning Mode)...
2026-03-27 10:04:26,444 - INFO - ✅ RAM-Safe Streaming Dataset: 500,000 sequences indexed and PRE-LOADED.
2026-03-27 10:04:26,445 - INFO - ✅ RAM-Safe Streaming Dataset: 500,000 sequences indexed (Mode: Lightning).
2026-03-27 10:04:26,500 - INFO - 🔍 RAM-Safe Streaming Scan (Val): 274 arquivos...
2026-03-27 10:04:39,113 - INFO - ✂️ Double-Chunking (Val): Expondo fatias de 100,000 amostras aleatórias.
2026-03-27 10:04:39,114 - INFO - 🚀 Pre-loading 100,000 samples into RAM (Lightning Mode)...
2026-03-27 10:05:34,575 - INFO - ✅ RAM-Safe Streaming Dataset: 100,000 sequences indexed and PRE-LOADED.
2026-03-27 10:05:34,576 - INFO - ✅ RAM-Safe Streaming Dataset: 100,000 sequences indexed (Mode: Lightning).
2026-03-27 10:05:34,947 - INFO - Trial 424 START | tcn=256, lstm=256, layers=2, batch=512, seq=96 | RFE=30 | loss=ASYM (g_s=0.97, g_n=1.20, g_b=1.06) | alpha=[1.10, 0.99, 0.85], smooth=0.34
2026-03-27 10:06:18,802 - INFO - T424 E1/10 | [WARN] ZERO_PENALTY | L: 0.57303087/0.52693350 | F1 M MIN: 0.00000000 D: 0.00000000 | [S/N/B]: [0.6060/0.8737/0.0000] | LR: 0.00118721
2026-03-27 10:07:02,592 - INFO - T424 E2/10 | [WARN] ZERO_PENALTY | L: 0.55434625/0.52316187 | F1 M MIN: 0.00000000 D: 0.00000000 | [S/N/B]: [0.6115/0.8831/0.0000] | LR: 0.00110077
2026-03-27 10:07:47,118 - INFO - T424 E3/10 | [OK] | L: 0.55065194/0.51785495 | F1 M MIN: 0.00088672 D: 0.30775552 | [S/N/B]: [0.6146/0.8869/0.0009] | LR: 0.00096616
2026-03-27 10:08:30,343 - INFO - T424 E4/10 | [OK] | L: 0.54860666/0.51963226 | F1 M MIN: 0.00014790 D: 0.30709959 | [S/N/B]: [0.6141/0.8871/0.0001] | LR: 0.00079653
2026-03-27 10:09:14,601 - INFO - T424 E5/10 | [OK] | L: 0.54624810/0.51967906 | F1 M MIN: 0.00066519 D: 0.30610972 | [S/N/B]: [0.6116/0.8842/0.0007] | LR: 0.00060849
2026-03-27 10:09:14,698 - INFO - Trial 424 pruned by Optuna at epoch 5
2026-03-27 10:09:14,798 - INFO - Trial 424 pruned.
2026-03-27 10:09:15,547 - INFO - 🔍 RAM-Safe Streaming Scan (Treino): 878 arquivos...
2026-03-27 10:10:06,644 - INFO - ✂️ Double-Chunking (Treino): Expondo fatias de 500,000 amostras aleatórias.
2026-03-27 10:10:06,645 - INFO - 🚀 Pre-loading 500,000 samples into RAM (Lightning Mode)...
2026-03-27 10:13:09,105 - INFO - ✅ RAM-Safe Streaming Dataset: 500,000 sequences indexed and PRE-LOADED.
2026-03-27 10:13:09,109 - INFO - ✅ RAM-Safe Streaming Dataset: 500,000 sequences indexed (Mode: Lightning).
2026-03-27 10:13:09,197 - INFO - 🔍 RAM-Safe Streaming Scan (Val): 274 arquivos...
2026-03-27 10:13:21,752 - INFO - ✂️ Double-Chunking (Val): Expondo fatias de 100,000 amostras aleatórias.
2026-03-27 10:13:21,752 - INFO - 🚀 Pre-loading 100,000 samples into RAM (Lightning Mode)...
2026-03-27 10:14:16,711 - INFO - ✅ RAM-Safe Streaming Dataset: 100,000 sequences indexed and PRE-LOADED.
2026-03-27 10:14:16,712 - INFO - ✅ RAM-Safe Streaming Dataset: 100,000 sequences indexed (Mode: Lightning).
2026-03-27 10:14:17,085 - INFO - Trial 425 START | tcn=256, lstm=32, layers=2, batch=1024, seq=144 | RFE=30 | loss=ASYM (g_s=0.65, g_n=1.75, g_b=1.84) | alpha=[1.19, 0.63, 1.07], smooth=0.23
2026-03-27 10:15:03,719 - INFO - T425 E1/10 | [WARN] ZERO_PENALTY | L: 0.50635657/0.43062607 | F1 M MIN: 0.00000000 D: 0.00000000 | [S/N/B]: [0.5309/0.7015/0.0000] | LR: 0.00066992
2026-03-27 10:15:50,597 - INFO - T425 E2/10 | [WARN] ZERO_PENALTY | L: 0.47261301/0.41249164 | F1 M MIN: 0.00000000 D: 0.00000000 | [S/N/B]: [0.5621/0.7907/0.0000] | LR: 0.00062114
2026-03-27 10:16:37,496 - INFO - T425 E3/10 | [WARN] ZERO_PENALTY | L: 0.46619792/0.41227113 | F1 M MIN: 0.00000000 D: 0.00000000 | [S/N/B]: [0.5579/0.7798/0.0000] | LR: 0.00054518
2026-03-27 10:17:24,496 - INFO - T425 E4/10 | [WARN] ZERO_PENALTY | L: 0.46226032/0.40776571 | F1 M MIN: 0.00000000 D: 0.00000000 | [S/N/B]: [0.5619/0.7887/0.0000] | LR: 0.00044946
2026-03-27 10:17:24,563 - INFO - Trial 425 stopped early due to patience limit (4 epochs without improvement)
2026-03-27 10:17:24,762 - INFO - Trial 425 finished with value: 0.0 and parameters: {'tcn_channels': 256, 'lstm_hidden': 32, 'num_lstm_layers': 2, 'batch_size': 1024, 'dropout': 0.5475626695696376, 'seq_len': 144, 'lr': 0.0006867202502259543, 'weight_decay': 0.010838020120663126, 'base_alpha_sell': 1.189911068936481, 'base_alpha_neutral': 0.6314448458059885, 'base_alpha_buy': 1.0692508107772183, 'base_loss_gamma': 3.533952193052756, 'base_loss_smoothing': 0.23230665324691407, 'asym_gamma_sell': 0.646584938319553, 'asym_gamma_neu': 1.7476927780424074, 'asym_gamma_buy': 1.8361438013684916}. Best is trial 410 with value: 0.5052308142512254.
2026-03-27 10:17:25,323 - INFO - 🔍 RAM-Safe Streaming Scan (Treino): 878 arquivos...
2026-03-27 10:18:15,393 - INFO - ✂️ Double-Chunking (Treino): Expondo fatias de 500,000 amostras aleatórias.
2026-03-27 10:18:15,394 - INFO - 🚀 Pre-loading 500,000 samples into RAM (Lightning Mode)...
2026-03-27 10:21:20,111 - INFO - ✅ RAM-Safe Streaming Dataset: 500,000 sequences indexed and PRE-LOADED.
2026-03-27 10:21:20,113 - INFO - ✅ RAM-Safe Streaming Dataset: 500,000 sequences indexed (Mode: Lightning).
2026-03-27 10:21:20,157 - INFO - 🔍 RAM-Safe Streaming Scan (Val): 274 arquivos...
2026-03-27 10:21:32,716 - INFO - ✂️ Double-Chunking (Val): Expondo fatias de 100,000 amostras aleatórias.
2026-03-27 10:21:32,717 - INFO - 🚀 Pre-loading 100,000 samples into RAM (Lightning Mode)...
2026-03-27 10:22:28,818 - INFO - ✅ RAM-Safe Streaming Dataset: 100,000 sequences indexed and PRE-LOADED.
2026-03-27 10:22:28,819 - INFO - ✅ RAM-Safe Streaming Dataset: 100,000 sequences indexed (Mode: Lightning).
2026-03-27 10:22:29,256 - INFO - Trial 426 START | tcn=512, lstm=32, layers=2, batch=512, seq=144 | RFE=30 | loss=ASYM (g_s=1.17, g_n=1.37, g_b=1.22) | alpha=[1.09, 0.72, 1.31], smooth=0.32
2026-03-27 10:24:00,179 - INFO - T426 E1/10 | [WARN] ZERO_PENALTY | L: 0.60152788/0.54145916 | F1 M MIN: 0.00000000 D: 0.00000000 | [S/N/B]: [0.0000/0.7785/0.5445] | LR: 0.00091231
2026-03-27 10:25:32,281 - INFO - T426 E2/10 | [WARN] ZERO_PENALTY | L: 0.57694694/0.53238702 | F1 M MIN: 0.00000000 D: 0.00000000 | [S/N/B]: [0.0000/0.7987/0.5525] | LR: 0.00084590
2026-03-27 10:27:04,389 - INFO - T426 E3/10 | [WARN] ZERO_PENALTY | L: 0.57012788/0.52761303 | F1 M MIN: 0.00000000 D: 0.00000000 | [S/N/B]: [0.0000/0.8018/0.5545] | LR: 0.00074245
2026-03-27 10:28:36,702 - INFO - T426 E4/10 | [WARN] ZERO_PENALTY | L: 0.56736230/0.52454222 | F1 M MIN: 0.00000000 D: 0.00000000 | [S/N/B]: [0.0000/0.8242/0.5638] | LR: 0.00061210
2026-03-27 10:28:36,769 - INFO - Trial 426 stopped early due to patience limit (4 epochs without improvement)
2026-03-27 10:28:36,971 - INFO - Trial 426 finished with value: 0.0 and parameters: {'tcn_channels': 512, 'lstm_hidden': 32, 'num_lstm_layers': 2, 'batch_size': 512, 'dropout': 0.31166278188083074, 'seq_len': 144, 'lr': 0.0009352006444851265, 'weight_decay': 0.004323374038934282, 'base_alpha_sell': 1.0886153458746177, 'base_alpha_neutral': 0.721417840427134, 'base_alpha_buy': 1.3105264957316287, 'base_loss_gamma': 3.851712264239662, 'base_loss_smoothing': 0.3248228483965434, 'asym_gamma_sell': 1.1675067312682539, 'asym_gamma_neu': 1.3745453311733349, 'asym_gamma_buy': 1.215493655317413}. Best is trial 410 with value: 0.5052308142512254.
2026-03-27 10:28:37,567 - INFO - 🔍 RAM-Safe Streaming Scan (Treino): 878 arquivos...
2026-03-27 10:29:28,411 - INFO - ✂️ Double-Chunking (Treino): Expondo fatias de 500,000 amostras aleatórias.
2026-03-27 10:29:28,412 - INFO - 🚀 Pre-loading 500,000 samples into RAM (Lightning Mode)...
2026-03-27 10:32:35,866 - INFO - ✅ RAM-Safe Streaming Dataset: 500,000 sequences indexed and PRE-LOADED.
2026-03-27 10:32:35,867 - INFO - ✅ RAM-Safe Streaming Dataset: 500,000 sequences indexed (Mode: Lightning).
2026-03-27 10:32:35,957 - INFO - 🔍 RAM-Safe Streaming Scan (Val): 274 arquivos...
2026-03-27 10:32:48,397 - INFO - ✂️ Double-Chunking (Val): Expondo fatias de 100,000 amostras aleatórias.
2026-03-27 10:32:48,397 - INFO - 🚀 Pre-loading 100,000 samples into RAM (Lightning Mode)...
2026-03-27 10:33:42,871 - INFO - ✅ RAM-Safe Streaming Dataset: 100,000 sequences indexed and PRE-LOADED.
2026-03-27 10:33:42,872 - INFO - ✅ RAM-Safe Streaming Dataset: 100,000 sequences indexed (Mode: Lightning).
2026-03-27 10:33:43,232 - INFO - Trial 427 START | tcn=512, lstm=256, layers=3, batch=512, seq=144 | RFE=30 | loss=ASYM (g_s=1.67, g_n=1.40, g_b=1.15) | alpha=[1.24, 0.87, 0.97], smooth=0.30
2026-03-27 10:35:36,605 - INFO - T427 E1/10 | [WARN] ZERO_PENALTY | L: 0.52805756/0.48230976 | F1 M MIN: 0.00000000 D: 0.00000000 | [S/N/B]: [0.5935/0.8540/0.0000] | LR: 0.00155353
2026-03-27 10:37:31,362 - INFO - T427 E2/10 | [WARN] ZERO_PENALTY | L: 0.50740201/0.48057397 | F1 M MIN: 0.00000000 D: 0.00000000 | [S/N/B]: [0.5927/0.8561/0.0000] | LR: 0.00144043
2026-03-27 10:39:26,247 - INFO - T427 E3/10 | [WARN] ZERO_PENALTY | L: 0.50322150/0.47280175 | F1 M MIN: 0.00000000 D: 0.00000000 | [S/N/B]: [0.6008/0.8680/0.0000] | LR: 0.00126428
2026-03-27 10:41:21,173 - INFO - T427 E4/10 | [WARN] ZERO_PENALTY | L: 0.50023107/0.47734153 | F1 M MIN: 0.00000000 D: 0.00000000 | [S/N/B]: [0.5916/0.8524/0.0000] | LR: 0.00104231
2026-03-27 10:41:21,264 - INFO - Trial 427 stopped early due to patience limit (4 epochs without improvement)
