2026-03-23 03:40:06,062 - INFO - 
📝 LOGGING INITIALIZED (UTF-8-SIG): logs/run_manager/run_manager_20260323_034006.log
2026-03-23 03:40:06,062 - INFO - ============================================================
2026-03-23 03:40:06,062 - INFO - [START] INICIANDO NOVA SESSAO DO PIPELINE: 2026-03-23 03:40:06
2026-03-23 03:40:06,062 - INFO - ============================================================
2026-03-23 03:40:06,152 - INFO - ============================================================
2026-03-23 03:40:06,152 - INFO - [START] INICIANDO FASE: Foundation Optuna (400 Trials | 10 Epochs | EARLY STOP: 4)
2026-03-23 03:40:06,153 - INFO - ============================================================
2026-03-23 03:41:26,521 - INFO - 📁 DYNAMIC DATA PATHS: Train=data/L2/labelled/train | Val=data/L2/labelled/val
2026-03-23 03:41:26,522 - INFO - 📐 Fitting Global Scaler (Smart Sampler: 100k rows)...
2026-03-23 03:41:29,834 - INFO - 📊 Global Scaler initialized on 4,329,177 representative rows.
2026-03-23 03:41:29,855 - INFO - 💾 Scaler saved properly to: /workspace/QuantGod_Cloud_TCNLSTM/RESULTADOS_PT_065_SL_033_lookahead_15min_DT_5000000_TT_5000_IT_1000_VT_144_CUSUM_22/2026_03_21/MODELOS/BASE_MODEL/scaler_foundation.pkl
2026-03-23 03:41:30,081 - INFO - FocalLoss alpha: DYNAMIC RANGE active anchor points: [S:1.31, N:0.72, B:1.18]
2026-03-23 03:41:30,082 - INFO - Loss: FocalLossWithSmoothing | fallback_gamma=OPTUNA_DINAMICO | fallback_smoothing=OPTUNA_DINAMICO | SniperLoss=ENABLED
2026-03-23 03:41:30,091 - INFO - /workspace/QuantGod_Cloud_TCNLSTM/venv_gpu/lib/python3.11/site-packages/optuna/_experimental.py:33: ExperimentalWarning: Argument ``multivariate`` is an experimental feature. The interface can change in the future.
2026-03-23 03:41:30,091 - INFO -   optuna_warn(
2026-03-23 03:41:30,091 - INFO - Sampler: TPE (startup=1, multivariate=True)
2026-03-23 03:41:30,092 - INFO - Pruner: Median (startup=1, warmup=0)
2026-03-23 03:41:42,826 - INFO - A new study created in RDB with name: QUANTGOD_RECON_V009
2026-03-23 03:41:42,860 - INFO - Starting 400 trials | Metric: MAX(MIN(Sell, Neu, Buy)) | Timeout: 172800s
2026-03-23 03:41:43,653 - INFO - 🔍 RAM-Safe Streaming Scan (Treino): 878 arquivos...
2026-03-23 03:42:32,111 - INFO - ✂️ Double-Chunking (Treino): Expondo fatias de 500,000 amostras aleatórias.
2026-03-23 03:42:32,113 - INFO - 🚀 Pre-loading 500,000 samples into RAM (Lightning Mode)...
2026-03-23 03:46:25,205 - INFO - ✅ RAM-Safe Streaming Dataset: 500,000 sequences indexed and PRE-LOADED.
2026-03-23 03:46:25,210 - INFO - ✅ RAM-Safe Streaming Dataset: 500,000 sequences indexed (Mode: Lightning).
2026-03-23 03:46:25,258 - INFO - 🔍 RAM-Safe Streaming Scan (Val): 274 arquivos...
2026-03-23 03:46:38,165 - INFO - ✂️ Double-Chunking (Val): Expondo fatias de 100,000 amostras aleatórias.
2026-03-23 03:46:38,165 - INFO - 🚀 Pre-loading 100,000 samples into RAM (Lightning Mode)...
2026-03-23 03:47:38,563 - INFO - ✅ RAM-Safe Streaming Dataset: 100,000 sequences indexed and PRE-LOADED.
2026-03-23 03:47:38,564 - INFO - ✅ RAM-Safe Streaming Dataset: 100,000 sequences indexed (Mode: Lightning).
2026-03-23 03:47:39,531 - INFO - Trial 0 START | tcn=64, lstm=128, layers=5, batch=2048, seq=192 | RFE=30 | loss=ASYM (g_s=0.90, g_n=0.70, g_b=0.91) | alpha=[1.47, 0.97, 1.05], smooth=0.04
2026-03-23 03:49:07,703 - INFO - T0 E1/10 | [WARN] ZERO_PENALTY | L: 0.73841655/0.61451736 | F1 M MIN: 0.00000000 D: 0.00000000 | [S/N/B]: [0.5768/0.8341/0.0000] | LR: 0.00116428
2026-03-23 03:49:49,122 - INFO - T0 E2/10 | [WARN] ZERO_PENALTY | L: 0.65062515/0.59018316 | F1 M MIN: 0.00000000 D: 0.00000000 | [S/N/B]: [0.5904/0.8565/0.0000] | LR: 0.00107952
2026-03-23 03:50:30,821 - INFO - T0 E3/10 | [WARN] ZERO_PENALTY | L: 0.62803845/0.57608431 | F1 M MIN: 0.00000000 D: 0.00000000 | [S/N/B]: [0.5941/0.8640/0.0000] | LR: 0.00094750
2026-03-23 03:51:12,603 - INFO - T0 E4/10 | [WARN] ZERO_PENALTY | L: 0.61632950/0.55547670 | F1 M MIN: 0.00000000 D: 0.00000000 | [S/N/B]: [0.6035/0.8790/0.0000] | LR: 0.00078115
2026-03-23 03:51:12,677 - INFO - Trial 0 stopped early due to patience limit (4 epochs without improvement)
2026-03-23 03:51:13,388 - INFO - Trial 0 finished with value: 0.0 and parameters: {'tcn_channels': 64, 'lstm_hidden': 128, 'num_lstm_layers': 5, 'batch_size': 2048, 'dropout': 0.38023846999654726, 'seq_len': 192, 'lr': 0.001193489151545859, 'weight_decay': 0.005956226356348441, 'base_alpha_sell': 1.47257983423499, 'base_alpha_neutral': 0.9742588922103802, 'base_alpha_buy': 1.0476759888278653, 'base_loss_gamma': 1.4668675578236545, 'base_loss_smoothing': 0.0447382755864521, 'asym_gamma_sell': 0.8965131188245103, 'asym_gamma_neu': 0.7002077675599316, 'asym_gamma_buy': 0.9103067314363629}. Best is trial 0 with value: 0.0.
2026-03-23 03:51:13,998 - INFO - 🔍 RAM-Safe Streaming Scan (Treino): 878 arquivos...
2026-03-23 03:52:04,855 - INFO - ✂️ Double-Chunking (Treino): Expondo fatias de 500,000 amostras aleatórias.
2026-03-23 03:52:04,856 - INFO - 🚀 Pre-loading 500,000 samples into RAM (Lightning Mode)...
2026-03-23 03:56:00,071 - INFO - ✅ RAM-Safe Streaming Dataset: 500,000 sequences indexed and PRE-LOADED.
2026-03-23 03:56:00,073 - INFO - ✅ RAM-Safe Streaming Dataset: 500,000 sequences indexed (Mode: Lightning).
2026-03-23 03:56:00,119 - INFO - 🔍 RAM-Safe Streaming Scan (Val): 274 arquivos...
2026-03-23 03:56:12,096 - INFO - ✂️ Double-Chunking (Val): Expondo fatias de 100,000 amostras aleatórias.
2026-03-23 03:56:12,097 - INFO - 🚀 Pre-loading 100,000 samples into RAM (Lightning Mode)...
2026-03-23 03:57:18,265 - INFO - ✅ RAM-Safe Streaming Dataset: 100,000 sequences indexed and PRE-LOADED.
2026-03-23 03:57:18,266 - INFO - ✅ RAM-Safe Streaming Dataset: 100,000 sequences indexed (Mode: Lightning).
2026-03-23 03:57:18,653 - INFO - Trial 1 START | tcn=128, lstm=64, layers=5, batch=2048, seq=192 | RFE=30 | loss=ASYM (g_s=1.63, g_n=1.08, g_b=2.34) | alpha=[1.40, 0.83, 1.33], smooth=0.08
2026-03-23 03:58:01,559 - INFO - T1 E1/10 | [WARN] ZERO_PENALTY | L: 0.56851572/0.49232461 | F1 M MIN: 0.00000000 D: 0.00000000 | [S/N/B]: [0.5681/0.8054/0.0000] | LR: 0.00157999
2026-03-23 03:58:44,908 - INFO - T1 E2/10 | [WARN] ZERO_PENALTY | L: 0.50337428/0.46476784 | F1 M MIN: 0.00000000 D: 0.00000000 | [S/N/B]: [0.5856/0.8406/0.0000] | LR: 0.00146496
2026-03-23 03:59:28,439 - INFO - T1 E3/10 | [WARN] ZERO_PENALTY | L: 0.48786686/0.44947088 | F1 M MIN: 0.00000000 D: 0.00000000 | [S/N/B]: [0.5908/0.8521/0.0000] | LR: 0.00128580
2026-03-23 04:00:11,999 - INFO - T1 E4/10 | [WARN] ZERO_PENALTY | L: 0.47884963/0.44938687 | F1 M MIN: 0.00000000 D: 0.00000000 | [S/N/B]: [0.5903/0.8505/0.0000] | LR: 0.00106006
2026-03-23 04:00:12,075 - INFO - Trial 1 stopped early due to patience limit (4 epochs without improvement)
2026-03-23 04:00:12,938 - INFO - Trial 1 finished with value: 0.0 and parameters: {'tcn_channels': 128, 'lstm_hidden': 64, 'num_lstm_layers': 5, 'batch_size': 2048, 'dropout': 0.4478349824978691, 'seq_len': 192, 'lr': 0.0016196207470509172, 'weight_decay': 0.0027544369718490486, 'base_alpha_sell': 1.3958397285911561, 'base_alpha_neutral': 0.8344625557224233, 'base_alpha_buy': 1.333723100886709, 'base_loss_gamma': 3.0963209152588913, 'base_loss_smoothing': 0.07733401836956855, 'asym_gamma_sell': 1.6298871822225136, 'asym_gamma_neu': 1.0824721202495677, 'asym_gamma_buy': 2.340281117261922}. Best is trial 0 with value: 0.0.
2026-03-23 04:00:13,523 - INFO - 🔍 RAM-Safe Streaming Scan (Treino): 878 arquivos...
2026-03-23 04:01:05,287 - INFO - ✂️ Double-Chunking (Treino): Expondo fatias de 500,000 amostras aleatórias.
2026-03-23 04:01:05,288 - INFO - 🚀 Pre-loading 500,000 samples into RAM (Lightning Mode)...
2026-03-23 04:05:04,723 - INFO - ✅ RAM-Safe Streaming Dataset: 500,000 sequences indexed and PRE-LOADED.
2026-03-23 04:05:04,725 - INFO - ✅ RAM-Safe Streaming Dataset: 500,000 sequences indexed (Mode: Lightning).
2026-03-23 04:05:04,771 - INFO - 🔍 RAM-Safe Streaming Scan (Val): 274 arquivos...
2026-03-23 04:05:17,383 - INFO - ✂️ Double-Chunking (Val): Expondo fatias de 100,000 amostras aleatórias.
2026-03-23 04:05:17,383 - INFO - 🚀 Pre-loading 100,000 samples into RAM (Lightning Mode)...
2026-03-23 04:06:27,850 - INFO - ✅ RAM-Safe Streaming Dataset: 100,000 sequences indexed and PRE-LOADED.
2026-03-23 04:06:27,852 - INFO - ✅ RAM-Safe Streaming Dataset: 100,000 sequences indexed (Mode: Lightning).
2026-03-23 04:06:28,290 - INFO - Trial 2 START | tcn=64, lstm=128, layers=5, batch=2048, seq=192 | RFE=30 | loss=ASYM (g_s=2.14, g_n=1.90, g_b=0.66) | alpha=[1.53, 1.00, 0.67], smooth=0.01
2026-03-23 04:07:09,579 - INFO - T2 E1/10 | [WARN] ZERO_PENALTY | L: 0.46150135/0.35451593 | F1 M MIN: 0.00000000 D: 0.00000000 | [S/N/B]: [0.5718/0.8159/0.0000] | LR: 0.00114271
2026-03-23 04:07:51,209 - INFO - T2 E2/10 | [WARN] ZERO_PENALTY | L: 0.37400142/0.33196897 | F1 M MIN: 0.00000000 D: 0.00000000 | [S/N/B]: [0.5831/0.8364/0.0000] | LR: 0.00105952
2026-03-23 04:08:33,172 - INFO - T2 E3/10 | [WARN] ZERO_PENALTY | L: 0.35847804/0.32602711 | F1 M MIN: 0.00000000 D: 0.00000000 | [S/N/B]: [0.5876/0.8465/0.0000] | LR: 0.00092995
2026-03-23 04:09:15,037 - INFO - T2 E4/10 | [WARN] ZERO_PENALTY | L: 0.34838407/0.31562128 | F1 M MIN: 0.00000000 D: 0.00000000 | [S/N/B]: [0.5911/0.8526/0.0000] | LR: 0.00076668
2026-03-23 04:09:15,141 - INFO - Trial 2 stopped early due to patience limit (4 epochs without improvement)
2026-03-23 04:09:16,033 - INFO - Trial 2 finished with value: 0.0 and parameters: {'tcn_channels': 64, 'lstm_hidden': 128, 'num_lstm_layers': 5, 'batch_size': 2048, 'dropout': 0.36233149025283107, 'seq_len': 192, 'lr': 0.0011713806567390608, 'weight_decay': 0.007165972165290202, 'base_alpha_sell': 1.5277168171452147, 'base_alpha_neutral': 0.997207775458281, 'base_alpha_buy': 0.6684447785373511, 'base_loss_gamma': 0.7617036495705845, 'base_loss_smoothing': 0.007741602089381995, 'asym_gamma_sell': 2.140452045699113, 'asym_gamma_neu': 1.9047696304160997, 'asym_gamma_buy': 0.6602025498189528}. Best is trial 0 with value: 0.0.
2026-03-23 04:09:16,677 - INFO - 🔍 RAM-Safe Streaming Scan (Treino): 878 arquivos...
2026-03-23 04:10:09,973 - INFO - ✂️ Double-Chunking (Treino): Expondo fatias de 500,000 amostras aleatórias.
2026-03-23 04:10:09,975 - INFO - 🚀 Pre-loading 500,000 samples into RAM (Lightning Mode)...
2026-03-23 04:14:17,251 - INFO - ✅ RAM-Safe Streaming Dataset: 500,000 sequences indexed and PRE-LOADED.
2026-03-23 04:14:17,252 - INFO - ✅ RAM-Safe Streaming Dataset: 500,000 sequences indexed (Mode: Lightning).
2026-03-23 04:14:17,301 - INFO - 🔍 RAM-Safe Streaming Scan (Val): 274 arquivos...
2026-03-23 04:14:29,819 - INFO - ✂️ Double-Chunking (Val): Expondo fatias de 100,000 amostras aleatórias.
2026-03-23 04:14:29,819 - INFO - 🚀 Pre-loading 100,000 samples into RAM (Lightning Mode)...
2026-03-23 04:15:40,916 - INFO - ✅ RAM-Safe Streaming Dataset: 100,000 sequences indexed and PRE-LOADED.
2026-03-23 04:15:40,918 - INFO - ✅ RAM-Safe Streaming Dataset: 100,000 sequences indexed (Mode: Lightning).
2026-03-23 04:15:41,373 - INFO - Trial 3 START | tcn=64, lstm=128, layers=4, batch=1024, seq=192 | RFE=30 | loss=ASYM (g_s=2.42, g_n=0.53, g_b=1.35) | alpha=[1.15, 0.67, 1.40], smooth=0.08
2026-03-23 04:16:20,491 - INFO - T3 E1/10 | [WARN] ZERO_PENALTY | L: 0.51897257/0.48173800 | F1 M MIN: 0.00000000 D: 0.00000000 | [S/N/B]: [0.0000/0.7552/0.5396] | LR: 0.00080360
2026-03-23 04:16:59,078 - INFO - T3 E2/10 | [WARN] ZERO_PENALTY | L: 0.46087530/0.44787721 | F1 M MIN: 0.00000000 D: 0.00000000 | [S/N/B]: [0.0000/0.8120/0.5623] | LR: 0.00074509
2026-03-23 04:17:38,514 - INFO - T3 E3/10 | [WARN] ZERO_PENALTY | L: 0.44845590/0.43981448 | F1 M MIN: 0.00000000 D: 0.00000000 | [S/N/B]: [0.0000/0.8231/0.5676] | LR: 0.00065397
2026-03-23 04:18:17,491 - INFO - T3 E4/10 | [WARN] ZERO_PENALTY | L: 0.44197234/0.43009676 | F1 M MIN: 0.00000000 D: 0.00000000 | [S/N/B]: [0.0000/0.8285/0.5704] | LR: 0.00053916
2026-03-23 04:18:17,565 - INFO - Trial 3 stopped early due to patience limit (4 epochs without improvement)
2026-03-23 04:18:18,457 - INFO - Trial 3 finished with value: 0.0 and parameters: {'tcn_channels': 64, 'lstm_hidden': 128, 'num_lstm_layers': 4, 'batch_size': 1024, 'dropout': 0.2965065544961823, 'seq_len': 192, 'lr': 0.0008237563881548886, 'weight_decay': 0.006179653627948488, 'base_alpha_sell': 1.1474308921602576, 'base_alpha_neutral': 0.6690640676516209, 'base_alpha_buy': 1.4019009072380948, 'base_loss_gamma': 0.7084317828548578, 'base_loss_smoothing': 0.0798310210348471, 'asym_gamma_sell': 2.4198493974990134, 'asym_gamma_neu': 0.5312056610771835, 'asym_gamma_buy': 1.3466078267640829}. Best is trial 0 with value: 0.0.
2026-03-23 04:18:19,119 - INFO - 🔍 RAM-Safe Streaming Scan (Treino): 878 arquivos...
2026-03-23 04:19:10,822 - INFO - ✂️ Double-Chunking (Treino): Expondo fatias de 500,000 amostras aleatórias.
2026-03-23 04:19:10,823 - INFO - 🚀 Pre-loading 500,000 samples into RAM (Lightning Mode)...
2026-03-23 04:23:21,387 - INFO - ✅ RAM-Safe Streaming Dataset: 500,000 sequences indexed and PRE-LOADED.
2026-03-23 04:23:21,388 - INFO - ✅ RAM-Safe Streaming Dataset: 500,000 sequences indexed (Mode: Lightning).
2026-03-23 04:23:21,528 - INFO - 🔍 RAM-Safe Streaming Scan (Val): 274 arquivos...
2026-03-23 04:23:34,051 - INFO - ✂️ Double-Chunking (Val): Expondo fatias de 100,000 amostras aleatórias.
2026-03-23 04:23:34,051 - INFO - 🚀 Pre-loading 100,000 samples into RAM (Lightning Mode)...
2026-03-23 04:24:37,929 - INFO - ✅ RAM-Safe Streaming Dataset: 100,000 sequences indexed and PRE-LOADED.
2026-03-23 04:24:37,929 - INFO - ✅ RAM-Safe Streaming Dataset: 100,000 sequences indexed (Mode: Lightning).
2026-03-23 04:24:38,295 - INFO - Trial 4 START | tcn=64, lstm=128, layers=4, batch=2048, seq=192 | RFE=30 | loss=ASYM (g_s=2.05, g_n=1.29, g_b=1.27) | alpha=[0.71, 1.05, 1.00], smooth=0.04
2026-03-23 04:25:15,473 - INFO - T4 E1/10 | [WARN] ZERO_PENALTY | L: 0.42164898/0.39874432 | F1 M MIN: 0.00000000 D: 0.00000000 | [S/N/B]: [0.0000/0.7532/0.5206] | LR: 0.00017482
2026-03-23 04:25:52,930 - INFO - T4 E2/10 | [WARN] ZERO_PENALTY | L: 0.34832326/0.32996765 | F1 M MIN: 0.00000000 D: 0.00000000 | [S/N/B]: [0.0000/0.8166/0.5572] | LR: 0.00016209
2026-03-23 04:26:30,917 - INFO - T4 E3/10 | [WARN] ZERO_PENALTY | L: 0.32126612/0.31092063 | F1 M MIN: 0.00000000 D: 0.00000000 | [S/N/B]: [0.0000/0.8372/0.5717] | LR: 0.00014227
2026-03-23 04:27:08,694 - INFO - T4 E4/10 | [WARN] ZERO_PENALTY | L: 0.30706514/0.29914869 | F1 M MIN: 0.00000000 D: 0.00000000 | [S/N/B]: [0.0000/0.8476/0.5791] | LR: 0.00011729
2026-03-23 04:27:08,769 - INFO - Trial 4 stopped early due to patience limit (4 epochs without improvement)
2026-03-23 04:27:09,536 - INFO - Trial 4 finished with value: 0.0 and parameters: {'tcn_channels': 64, 'lstm_hidden': 128, 'num_lstm_layers': 4, 'batch_size': 2048, 'dropout': 0.3786451680565504, 'seq_len': 192, 'lr': 0.00017920077045157322, 'weight_decay': 0.0047047289339084385, 'base_alpha_sell': 0.7065206185278565, 'base_alpha_neutral': 1.0491126920196698, 'base_alpha_buy': 1.0041849576677213, 'base_loss_gamma': 3.9151976421079406, 'base_loss_smoothing': 0.044084094325891575, 'asym_gamma_sell': 2.0492405822731095, 'asym_gamma_neu': 1.2862652203328557, 'asym_gamma_buy': 1.274933496548808}. Best is trial 0 with value: 0.0.
2026-03-23 04:27:10,146 - INFO - 🔍 RAM-Safe Streaming Scan (Treino): 878 arquivos...
2026-03-23 04:28:02,438 - INFO - ✂️ Double-Chunking (Treino): Expondo fatias de 500,000 amostras aleatórias.
2026-03-23 04:28:02,439 - INFO - 🚀 Pre-loading 500,000 samples into RAM (Lightning Mode)...
2026-03-23 04:32:09,271 - INFO - ✅ RAM-Safe Streaming Dataset: 500,000 sequences indexed and PRE-LOADED.
2026-03-23 04:32:09,274 - INFO - ✅ RAM-Safe Streaming Dataset: 500,000 sequences indexed (Mode: Lightning).
2026-03-23 04:32:09,319 - INFO - 🔍 RAM-Safe Streaming Scan (Val): 274 arquivos...
2026-03-23 04:32:22,468 - INFO - ✂️ Double-Chunking (Val): Expondo fatias de 100,000 amostras aleatórias.
2026-03-23 04:32:22,468 - INFO - 🚀 Pre-loading 100,000 samples into RAM (Lightning Mode)...
2026-03-23 04:33:29,859 - INFO - ✅ RAM-Safe Streaming Dataset: 100,000 sequences indexed and PRE-LOADED.
2026-03-23 04:33:29,860 - INFO - ✅ RAM-Safe Streaming Dataset: 100,000 sequences indexed (Mode: Lightning).
2026-03-23 04:33:30,312 - INFO - Trial 5 START | tcn=512, lstm=128, layers=5, batch=512, seq=192 | RFE=30 | loss=ASYM (g_s=1.90, g_n=0.74, g_b=1.33) | alpha=[1.89, 0.83, 1.11], smooth=0.20
2026-03-23 04:36:02,406 - INFO - T5 E1/10 | [WARN] ZERO_PENALTY | L: 0.72274022/0.70457050 | F1 M MIN: 0.00000000 D: 0.00000000 | [S/N/B]: [0.5213/0.6665/0.0000] | LR: 0.00059732
2026-03-23 04:38:35,931 - INFO - T5 E2/10 | [WARN] ZERO_PENALTY | L: 0.67863459/0.65580648 | F1 M MIN: 0.00000000 D: 0.00000000 | [S/N/B]: [0.5610/0.7924/0.0000] | LR: 0.00055383
2026-03-23 04:41:09,522 - INFO - T5 E3/10 | [WARN] ZERO_PENALTY | L: 0.66919989/0.64628410 | F1 M MIN: 0.00000000 D: 0.00000000 | [S/N/B]: [0.5686/0.8111/0.0000] | LR: 0.00048610
2026-03-23 04:43:43,488 - INFO - T5 E4/10 | [WARN] ZERO_PENALTY | L: 0.66437590/0.64874351 | F1 M MIN: 0.00000000 D: 0.00000000 | [S/N/B]: [0.5641/0.7988/0.0000] | LR: 0.00040076
2026-03-23 04:43:43,570 - INFO - Trial 5 stopped early due to patience limit (4 epochs without improvement)
2026-03-23 04:43:44,461 - INFO - Trial 5 finished with value: 0.0 and parameters: {'tcn_channels': 512, 'lstm_hidden': 128, 'num_lstm_layers': 5, 'batch_size': 512, 'dropout': 0.33415318674733635, 'seq_len': 192, 'lr': 0.0006123006930163958, 'weight_decay': 0.013444546600067159, 'base_alpha_sell': 1.8878918932612554, 'base_alpha_neutral': 0.8274842292495778, 'base_alpha_buy': 1.1142372469064354, 'base_loss_gamma': 1.8258840485823746, 'base_loss_smoothing': 0.20341847144693706, 'asym_gamma_sell': 1.904141055650749, 'asym_gamma_neu': 0.7420338380969322, 'asym_gamma_buy': 1.3329729940947874}. Best is trial 0 with value: 0.0.
2026-03-23 04:43:45,080 - INFO - 🔍 RAM-Safe Streaming Scan (Treino): 878 arquivos...
2026-03-23 04:44:36,929 - INFO - ✂️ Double-Chunking (Treino): Expondo fatias de 500,000 amostras aleatórias.
2026-03-23 04:44:36,930 - INFO - 🚀 Pre-loading 500,000 samples into RAM (Lightning Mode)...
2026-03-23 04:48:08,355 - INFO - ✅ RAM-Safe Streaming Dataset: 500,000 sequences indexed and PRE-LOADED.
2026-03-23 04:48:08,356 - INFO - ✅ RAM-Safe Streaming Dataset: 500,000 sequences indexed (Mode: Lightning).
2026-03-23 04:48:08,401 - INFO - 🔍 RAM-Safe Streaming Scan (Val): 274 arquivos...
2026-03-23 04:48:21,611 - INFO - ✂️ Double-Chunking (Val): Expondo fatias de 100,000 amostras aleatórias.
2026-03-23 04:48:21,611 - INFO - 🚀 Pre-loading 100,000 samples into RAM (Lightning Mode)...
2026-03-23 04:49:24,076 - INFO - ✅ RAM-Safe Streaming Dataset: 100,000 sequences indexed and PRE-LOADED.
2026-03-23 04:49:24,078 - INFO - ✅ RAM-Safe Streaming Dataset: 100,000 sequences indexed (Mode: Lightning).
2026-03-23 04:49:24,696 - INFO - Trial 6 START | tcn=256, lstm=128, layers=4, batch=2048, seq=144 | RFE=30 | loss=ASYM (g_s=0.51, g_n=0.61, g_b=1.08) | alpha=[1.58, 0.84, 0.68], smooth=0.16
2026-03-23 04:50:22,624 - INFO - T6 E1/10 | [WARN] ZERO_PENALTY | L: 0.66626932/0.58003935 | F1 M MIN: 0.00000000 D: 0.00000000 | [S/N/B]: [0.5613/0.7897/0.0000] | LR: 0.00140477
2026-03-23 04:51:21,178 - INFO - T6 E2/10 | [WARN] ZERO_PENALTY | L: 0.58968433/0.55523706 | F1 M MIN: 0.00000000 D: 0.00000000 | [S/N/B]: [0.5778/0.8284/0.0000] | LR: 0.00130250
2026-03-23 04:52:20,171 - INFO - T6 E3/10 | [WARN] ZERO_PENALTY | L: 0.57676527/0.54421152 | F1 M MIN: 0.00000000 D: 0.00000000 | [S/N/B]: [0.5826/0.8389/0.0000] | LR: 0.00114321
2026-03-23 04:53:19,079 - INFO - T6 E4/10 | [WARN] ZERO_PENALTY | L: 0.57036723/0.53493257 | F1 M MIN: 0.00000000 D: 0.00000000 | [S/N/B]: [0.5884/0.8500/0.0000] | LR: 0.00094250
2026-03-23 04:53:19,154 - INFO - Trial 6 stopped early due to patience limit (4 epochs without improvement)
