2026-03-23 10:13:58,965 - INFO - Trial 44 finished with value: 0.0 and parameters: {'tcn_channels': 64, 'lstm_hidden': 128, 'num_lstm_layers': 4, 'batch_size': 2048, 'dropout': 0.27546913978148474, 'seq_len': 96, 'lr': 0.0003654160174816667, 'weight_decay': 0.0006481983511363468, 'base_alpha_sell': 1.2400657773186752, 'base_alpha_neutral': 0.6958157229412102, 'base_alpha_buy': 1.393206360082606, 'base_loss_gamma': 3.292513518673852, 'base_loss_smoothing': 0.18947924053459175, 'asym_gamma_sell': 1.8279561640621198, 'asym_gamma_neu': 0.17063868548151406, 'asym_gamma_buy': 0.8117035253488267}. Best is trial 23 with value: 0.4421075032364468.
2026-03-23 10:13:59,666 - INFO - 🔍 RAM-Safe Streaming Scan (Treino): 878 arquivos...
2026-03-23 10:14:51,677 - INFO - ✂️ Double-Chunking (Treino): Expondo fatias de 500,000 amostras aleatórias.
2026-03-23 10:14:51,678 - INFO - 🚀 Pre-loading 500,000 samples into RAM (Lightning Mode)...
2026-03-23 10:18:05,864 - INFO - ✅ RAM-Safe Streaming Dataset: 500,000 sequences indexed and PRE-LOADED.
2026-03-23 10:18:05,865 - INFO - ✅ RAM-Safe Streaming Dataset: 500,000 sequences indexed (Mode: Lightning).
2026-03-23 10:18:05,912 - INFO - 🔍 RAM-Safe Streaming Scan (Val): 274 arquivos...
2026-03-23 10:18:19,972 - INFO - ✂️ Double-Chunking (Val): Expondo fatias de 100,000 amostras aleatórias.
2026-03-23 10:18:19,973 - INFO - 🚀 Pre-loading 100,000 samples into RAM (Lightning Mode)...
2026-03-23 10:19:18,155 - INFO - ✅ RAM-Safe Streaming Dataset: 100,000 sequences indexed and PRE-LOADED.
2026-03-23 10:19:18,156 - INFO - ✅ RAM-Safe Streaming Dataset: 100,000 sequences indexed (Mode: Lightning).
2026-03-23 10:19:18,640 - INFO - Trial 45 START | tcn=128, lstm=32, layers=4, batch=2048, seq=96 | RFE=30 | loss=ASYM (g_s=1.19, g_n=0.47, g_b=0.83) | alpha=[1.44, 0.99, 1.60], smooth=0.22
2026-03-23 10:19:37,946 - INFO - T45 E1/10 | [WARN] ZERO_PENALTY | L: 1.10519369/1.00863233 | F1 M MIN: 0.00000000 D: 0.00000000 | [S/N/B]: [0.0000/0.7148/0.5157] | LR: 0.00037670
2026-03-23 10:19:57,492 - INFO - T45 E2/10 | [WARN] ZERO_PENALTY | L: 0.99824896/0.93274963 | F1 M MIN: 0.00000000 D: 0.00000000 | [S/N/B]: [0.0000/0.8042/0.5528] | LR: 0.00034927
2026-03-23 10:20:16,839 - INFO - T45 E3/10 | [WARN] ZERO_PENALTY | L: 0.96809355/0.92021272 | F1 M MIN: 0.00000000 D: 0.00000000 | [S/N/B]: [0.0000/0.8242/0.5625] | LR: 0.00030656
2026-03-23 10:20:36,446 - INFO - T45 E4/10 | [WARN] ZERO_PENALTY | L: 0.95582410/0.91028607 | F1 M MIN: 0.00000000 D: 0.00000000 | [S/N/B]: [0.0000/0.8330/0.5679] | LR: 0.00025274
2026-03-23 10:20:36,557 - INFO - Trial 45 stopped early due to patience limit (4 epochs without improvement)
2026-03-23 10:20:36,836 - INFO - Trial 45 finished with value: 0.0 and parameters: {'tcn_channels': 128, 'lstm_hidden': 32, 'num_lstm_layers': 4, 'batch_size': 2048, 'dropout': 0.4203513577507195, 'seq_len': 96, 'lr': 0.00038614849952299025, 'weight_decay': 0.00010726296507405133, 'base_alpha_sell': 1.437392328194011, 'base_alpha_neutral': 0.9911264258614976, 'base_alpha_buy': 1.6018260028513738, 'base_loss_gamma': 0.8294113753002827, 'base_loss_smoothing': 0.22095867688635762, 'asym_gamma_sell': 1.1914305498301139, 'asym_gamma_neu': 0.4702807020970925, 'asym_gamma_buy': 0.8294329653093893}. Best is trial 23 with value: 0.4421075032364468.
2026-03-23 10:20:37,794 - INFO - 🔍 RAM-Safe Streaming Scan (Treino): 878 arquivos...
2026-03-23 10:21:32,283 - INFO - ✂️ Double-Chunking (Treino): Expondo fatias de 500,000 amostras aleatórias.
2026-03-23 10:21:32,285 - INFO - 🚀 Pre-loading 500,000 samples into RAM (Lightning Mode)...
2026-03-23 10:24:51,317 - INFO - ✅ RAM-Safe Streaming Dataset: 500,000 sequences indexed and PRE-LOADED.
2026-03-23 10:24:51,319 - INFO - ✅ RAM-Safe Streaming Dataset: 500,000 sequences indexed (Mode: Lightning).
2026-03-23 10:24:51,366 - INFO - 🔍 RAM-Safe Streaming Scan (Val): 274 arquivos...
2026-03-23 10:25:05,134 - INFO - ✂️ Double-Chunking (Val): Expondo fatias de 100,000 amostras aleatórias.
2026-03-23 10:25:05,135 - INFO - 🚀 Pre-loading 100,000 samples into RAM (Lightning Mode)...
2026-03-23 10:26:04,591 - INFO - ✅ RAM-Safe Streaming Dataset: 100,000 sequences indexed and PRE-LOADED.
2026-03-23 10:26:04,593 - INFO - ✅ RAM-Safe Streaming Dataset: 100,000 sequences indexed (Mode: Lightning).
2026-03-23 10:26:05,169 - INFO - Trial 46 START | tcn=512, lstm=128, layers=5, batch=2048, seq=144 | RFE=30 | loss=ASYM (g_s=0.72, g_n=0.42, g_b=1.09) | alpha=[1.35, 1.02, 1.45], smooth=0.17
2026-03-23 10:27:51,165 - INFO - T46 E1/10 | [OK] | L: 0.95393747/0.85744288 | F1 M MIN: 0.39464098 D: 0.43897814 | [S/N/B]: [0.4833/0.8287/0.3946] | LR: 0.00040297
2026-03-23 10:29:38,504 - INFO - T46 E2/10 | [OK] | L: 0.87559109/0.83076075 | F1 M MIN: 0.31343131 D: 0.41322092 | [S/N/B]: [0.3134/0.8477/0.5130] | LR: 0.00037363
2026-03-23 10:31:25,791 - INFO - T46 E3/10 | [WARN] ZERO_PENALTY | L: 0.85466347/0.80592760 | F1 M MIN: 0.00000000 D: 0.00000000 | [S/N/B]: [0.0000/0.8724/0.5878] | LR: 0.00032794
2026-03-23 10:33:13,441 - INFO - T46 E4/10 | [WARN] ZERO_PENALTY | L: 0.84675726/0.80195521 | F1 M MIN: 0.00000000 D: 0.00000000 | [S/N/B]: [0.0000/0.8726/0.5881] | LR: 0.00027036
2026-03-23 10:35:00,946 - INFO - T46 E5/10 | [WARN] ZERO_PENALTY | L: 0.84119574/0.80202282 | F1 M MIN: 0.00000000 D: 0.00000000 | [S/N/B]: [0.0000/0.8710/0.5880] | LR: 0.00020654
2026-03-23 10:35:01,014 - INFO - Trial 46 stopped early due to patience limit (4 epochs without improvement)
2026-03-23 10:35:01,265 - INFO - Trial 46 finished with value: 0.39464097650247754 and parameters: {'tcn_channels': 512, 'lstm_hidden': 128, 'num_lstm_layers': 5, 'batch_size': 2048, 'dropout': 0.4205816156883881, 'seq_len': 144, 'lr': 0.0004130744071431946, 'weight_decay': 0.00020818585797059393, 'base_alpha_sell': 1.3539512056475962, 'base_alpha_neutral': 1.0227820423226612, 'base_alpha_buy': 1.4535404716772253, 'base_loss_gamma': 2.083190091997713, 'base_loss_smoothing': 0.16892930839487402, 'asym_gamma_sell': 0.7220469990418659, 'asym_gamma_neu': 0.4228568072996117, 'asym_gamma_buy': 1.0901416629434633}. Best is trial 23 with value: 0.4421075032364468.
2026-03-23 10:35:02,080 - INFO - 🔍 RAM-Safe Streaming Scan (Treino): 878 arquivos...
2026-03-23 10:35:55,832 - INFO - ✂️ Double-Chunking (Treino): Expondo fatias de 500,000 amostras aleatórias.
2026-03-23 10:35:55,833 - INFO - 🚀 Pre-loading 500,000 samples into RAM (Lightning Mode)...
2026-03-23 10:39:17,200 - INFO - ✅ RAM-Safe Streaming Dataset: 500,000 sequences indexed and PRE-LOADED.
2026-03-23 10:39:17,219 - INFO - ✅ RAM-Safe Streaming Dataset: 500,000 sequences indexed (Mode: Lightning).
2026-03-23 10:39:17,265 - INFO - 🔍 RAM-Safe Streaming Scan (Val): 274 arquivos...
2026-03-23 10:39:31,619 - INFO - ✂️ Double-Chunking (Val): Expondo fatias de 100,000 amostras aleatórias.
2026-03-23 10:39:31,620 - INFO - 🚀 Pre-loading 100,000 samples into RAM (Lightning Mode)...
2026-03-23 10:40:32,386 - INFO - ✅ RAM-Safe Streaming Dataset: 100,000 sequences indexed and PRE-LOADED.
2026-03-23 10:40:32,387 - INFO - ✅ RAM-Safe Streaming Dataset: 100,000 sequences indexed (Mode: Lightning).
2026-03-23 10:40:32,865 - INFO - Trial 47 START | tcn=512, lstm=128, layers=5, batch=1024, seq=144 | RFE=30 | loss=ASYM (g_s=0.67, g_n=0.47, g_b=1.07) | alpha=[1.25, 0.90, 1.47], smooth=0.25
2026-03-23 10:42:19,049 - INFO - T47 E1/10 | [WARN] ZERO_PENALTY | L: 0.91768038/0.84283742 | F1 M MIN: 0.00000000 D: 0.00000000 | [S/N/B]: [0.0000/0.8192/0.5626] | LR: 0.00018770
2026-03-23 10:44:05,955 - INFO - T47 E2/10 | [WARN] ZERO_PENALTY | L: 0.86266440/0.82267345 | F1 M MIN: 0.00000000 D: 0.00000000 | [S/N/B]: [0.0000/0.8437/0.5753] | LR: 0.00017403
2026-03-23 10:45:53,731 - INFO - T47 E3/10 | [WARN] ZERO_PENALTY | L: 0.84958515/0.81797763 | F1 M MIN: 0.00000000 D: 0.00000000 | [S/N/B]: [0.0000/0.8448/0.5752] | LR: 0.00015275
2026-03-23 10:47:40,683 - INFO - T47 E4/10 | [WARN] ZERO_PENALTY | L: 0.84323326/0.81847768 | F1 M MIN: 0.00000000 D: 0.00000000 | [S/N/B]: [0.0000/0.8392/0.5729] | LR: 0.00012593
2026-03-23 10:47:40,777 - INFO - Trial 47 stopped early due to patience limit (4 epochs without improvement)
2026-03-23 10:47:41,021 - INFO - Trial 47 finished with value: 0.0 and parameters: {'tcn_channels': 512, 'lstm_hidden': 128, 'num_lstm_layers': 5, 'batch_size': 1024, 'dropout': 0.3622369210000874, 'seq_len': 144, 'lr': 0.00019240762435406751, 'weight_decay': 0.00026982269220819535, 'base_alpha_sell': 1.2538994893048008, 'base_alpha_neutral': 0.9031469408195992, 'base_alpha_buy': 1.4692262208032778, 'base_loss_gamma': 2.6950402423782833, 'base_loss_smoothing': 0.2528444994930275, 'asym_gamma_sell': 0.6658155917029406, 'asym_gamma_neu': 0.4692238036762558, 'asym_gamma_buy': 1.0693780202694902}. Best is trial 23 with value: 0.4421075032364468.
2026-03-23 10:47:41,573 - INFO - 🔍 RAM-Safe Streaming Scan (Treino): 878 arquivos...
2026-03-23 10:48:34,615 - INFO - ✂️ Double-Chunking (Treino): Expondo fatias de 500,000 amostras aleatórias.
2026-03-23 10:48:34,616 - INFO - 🚀 Pre-loading 500,000 samples into RAM (Lightning Mode)...
2026-03-23 10:51:54,188 - INFO - ✅ RAM-Safe Streaming Dataset: 500,000 sequences indexed and PRE-LOADED.
2026-03-23 10:51:54,190 - INFO - ✅ RAM-Safe Streaming Dataset: 500,000 sequences indexed (Mode: Lightning).
2026-03-23 10:51:54,234 - INFO - 🔍 RAM-Safe Streaming Scan (Val): 274 arquivos...
2026-03-23 10:52:07,440 - INFO - ✂️ Double-Chunking (Val): Expondo fatias de 100,000 amostras aleatórias.
2026-03-23 10:52:07,441 - INFO - 🚀 Pre-loading 100,000 samples into RAM (Lightning Mode)...
2026-03-23 10:53:07,160 - INFO - ✅ RAM-Safe Streaming Dataset: 100,000 sequences indexed and PRE-LOADED.
2026-03-23 10:53:07,161 - INFO - ✅ RAM-Safe Streaming Dataset: 100,000 sequences indexed (Mode: Lightning).
2026-03-23 10:53:07,665 - INFO - Trial 48 START | tcn=128, lstm=128, layers=5, batch=2048, seq=192 | RFE=30 | loss=ASYM (g_s=0.99, g_n=0.52, g_b=1.35) | alpha=[1.48, 1.05, 1.18], smooth=0.18
2026-03-23 10:54:03,134 - INFO - T48 E1/10 | [WARN] ZERO_PENALTY | L: 0.90641187/0.86495532 | F1 M MIN: 0.00000000 D: 0.00000000 | [S/N/B]: [0.5265/0.7055/0.0000] | LR: 0.00017662
2026-03-23 10:54:59,315 - INFO - T48 E2/10 | [WARN] ZERO_PENALTY | L: 0.81717038/0.79478429 | F1 M MIN: 0.00000000 D: 0.00000000 | [S/N/B]: [0.5621/0.7981/0.0000] | LR: 0.00016376
2026-03-23 10:55:55,618 - INFO - T48 E3/10 | [WARN] ZERO_PENALTY | L: 0.79493537/0.77728475 | F1 M MIN: 0.00000000 D: 0.00000000 | [S/N/B]: [0.5680/0.8103/0.0000] | LR: 0.00014373
2026-03-23 10:56:52,197 - INFO - T48 E4/10 | [WARN] ZERO_PENALTY | L: 0.78205858/0.76236810 | F1 M MIN: 0.00000000 D: 0.00000000 | [S/N/B]: [0.5754/0.8255/0.0000] | LR: 0.00011850
2026-03-23 10:56:52,290 - INFO - Trial 48 stopped early due to patience limit (4 epochs without improvement)
2026-03-23 10:56:52,578 - INFO - Trial 48 finished with value: 0.0 and parameters: {'tcn_channels': 128, 'lstm_hidden': 128, 'num_lstm_layers': 5, 'batch_size': 2048, 'dropout': 0.4208868400499091, 'seq_len': 192, 'lr': 0.00018104953963398953, 'weight_decay': 0.00023599514708067839, 'base_alpha_sell': 1.4835569498035313, 'base_alpha_neutral': 1.0475870337676148, 'base_alpha_buy': 1.1821891859019487, 'base_loss_gamma': 1.7084978686548, 'base_loss_smoothing': 0.17705989571334588, 'asym_gamma_sell': 0.9901842626527478, 'asym_gamma_neu': 0.5248696097387098, 'asym_gamma_buy': 1.3523716758774795}. Best is trial 23 with value: 0.4421075032364468.
2026-03-23 10:56:53,343 - INFO - 🔍 RAM-Safe Streaming Scan (Treino): 878 arquivos...
2026-03-23 10:57:46,495 - INFO - ✂️ Double-Chunking (Treino): Expondo fatias de 500,000 amostras aleatórias.
2026-03-23 10:57:46,497 - INFO - 🚀 Pre-loading 500,000 samples into RAM (Lightning Mode)...
2026-03-23 11:01:06,744 - INFO - ✅ RAM-Safe Streaming Dataset: 500,000 sequences indexed and PRE-LOADED.
2026-03-23 11:01:06,745 - INFO - ✅ RAM-Safe Streaming Dataset: 500,000 sequences indexed (Mode: Lightning).
2026-03-23 11:01:06,793 - INFO - 🔍 RAM-Safe Streaming Scan (Val): 274 arquivos...
2026-03-23 11:01:20,160 - INFO - ✂️ Double-Chunking (Val): Expondo fatias de 100,000 amostras aleatórias.
2026-03-23 11:01:20,160 - INFO - 🚀 Pre-loading 100,000 samples into RAM (Lightning Mode)...
2026-03-23 11:02:20,181 - INFO - ✅ RAM-Safe Streaming Dataset: 100,000 sequences indexed and PRE-LOADED.
2026-03-23 11:02:20,184 - INFO - ✅ RAM-Safe Streaming Dataset: 100,000 sequences indexed (Mode: Lightning).
2026-03-23 11:02:20,680 - INFO - Trial 49 START | tcn=256, lstm=128, layers=5, batch=2048, seq=144 | RFE=30 | loss=ASYM (g_s=0.62, g_n=0.23, g_b=1.37) | alpha=[1.24, 0.97, 1.51], smooth=0.05
2026-03-23 11:03:21,763 - INFO - T49 E1/10 | [WARN] ZERO_PENALTY | L: 0.91966031/0.80152484 | F1 M MIN: 0.00000000 D: 0.00000000 | [S/N/B]: [0.0000/0.7893/0.5438] | LR: 0.00017891
2026-03-23 11:04:23,622 - INFO - T49 E2/10 | [WARN] ZERO_PENALTY | L: 0.79557892/0.77432912 | F1 M MIN: 0.00000000 D: 0.00000000 | [S/N/B]: [0.0000/0.7998/0.5529] | LR: 0.00016589
2026-03-23 11:05:25,562 - INFO - T49 E3/10 | [WARN] ZERO_PENALTY | L: 0.76787655/0.73872733 | F1 M MIN: 0.00000000 D: 0.00000000 | [S/N/B]: [0.0000/0.8304/0.5667] | LR: 0.00014560
2026-03-23 11:06:27,696 - INFO - T49 E4/10 | [WARN] ZERO_PENALTY | L: 0.75169410/0.71553826 | F1 M MIN: 0.00000000 D: 0.00000000 | [S/N/B]: [0.0000/0.8453/0.5748] | LR: 0.00012004
2026-03-23 11:06:27,789 - INFO - Trial 49 stopped early due to patience limit (4 epochs without improvement)
2026-03-23 11:06:28,032 - INFO - Trial 49 finished with value: 0.0 and parameters: {'tcn_channels': 256, 'lstm_hidden': 128, 'num_lstm_layers': 5, 'batch_size': 2048, 'dropout': 0.3339282349530851, 'seq_len': 144, 'lr': 0.00018340218287062879, 'weight_decay': 0.0005901281560618047, 'base_alpha_sell': 1.24293145560109, 'base_alpha_neutral': 0.9695950374571276, 'base_alpha_buy': 1.5094151792633985, 'base_loss_gamma': 2.1939102908880783, 'base_loss_smoothing': 0.05320040025156737, 'asym_gamma_sell': 0.6246701992163315, 'asym_gamma_neu': 0.23484266224416855, 'asym_gamma_buy': 1.3749681611406332}. Best is trial 23 with value: 0.4421075032364468.
2026-03-23 11:06:28,767 - INFO - 🔍 RAM-Safe Streaming Scan (Treino): 878 arquivos...
2026-03-23 11:07:22,074 - INFO - ✂️ Double-Chunking (Treino): Expondo fatias de 500,000 amostras aleatórias.
2026-03-23 11:07:22,075 - INFO - 🚀 Pre-loading 500,000 samples into RAM (Lightning Mode)...
2026-03-23 11:11:21,548 - INFO - ✅ RAM-Safe Streaming Dataset: 500,000 sequences indexed and PRE-LOADED.
2026-03-23 11:11:21,549 - INFO - ✅ RAM-Safe Streaming Dataset: 500,000 sequences indexed (Mode: Lightning).
2026-03-23 11:11:21,598 - INFO - 🔍 RAM-Safe Streaming Scan (Val): 274 arquivos...
2026-03-23 11:11:35,083 - INFO - ✂️ Double-Chunking (Val): Expondo fatias de 100,000 amostras aleatórias.
2026-03-23 11:11:35,083 - INFO - 🚀 Pre-loading 100,000 samples into RAM (Lightning Mode)...
2026-03-23 11:12:56,891 - INFO - ✅ RAM-Safe Streaming Dataset: 100,000 sequences indexed and PRE-LOADED.
2026-03-23 11:12:56,899 - INFO - ✅ RAM-Safe Streaming Dataset: 100,000 sequences indexed (Mode: Lightning).
2026-03-23 11:12:57,383 - INFO - Trial 50 START | tcn=512, lstm=64, layers=4, batch=2048, seq=256 | RFE=30 | loss=ASYM (g_s=1.05, g_n=0.60, g_b=0.56) | alpha=[0.99, 1.04, 1.55], smooth=0.16
2026-03-23 11:15:44,357 - INFO - T50 E1/10 | [WARN] ZERO_PENALTY | L: 0.89030113/0.78331581 | F1 M MIN: 0.00000000 D: 0.00000000 | [S/N/B]: [0.0000/0.8002/0.5492] | LR: 0.00028496
2026-03-23 11:18:33,199 - INFO - T50 E2/10 | [WARN] ZERO_PENALTY | L: 0.79367956/0.73364290 | F1 M MIN: 0.00000000 D: 0.00000000 | [S/N/B]: [0.0000/0.8431/0.5705] | LR: 0.00026421
2026-03-23 11:21:21,540 - INFO - T50 E3/10 | [WARN] ZERO_PENALTY | L: 0.76826724/0.71879745 | F1 M MIN: 0.00000000 D: 0.00000000 | [S/N/B]: [0.0000/0.8552/0.5779] | LR: 0.00023190
2026-03-23 11:24:10,076 - INFO - T50 E4/10 | [WARN] ZERO_PENALTY | L: 0.75652861/0.70664678 | F1 M MIN: 0.00000000 D: 0.00000000 | [S/N/B]: [0.0000/0.8665/0.5853] | LR: 0.00019119
2026-03-23 11:24:10,180 - INFO - Trial 50 stopped early due to patience limit (4 epochs without improvement)
2026-03-23 11:24:10,963 - INFO - Trial 50 finished with value: 0.0 and parameters: {'tcn_channels': 512, 'lstm_hidden': 64, 'num_lstm_layers': 4, 'batch_size': 2048, 'dropout': 0.3695312298409812, 'seq_len': 256, 'lr': 0.0002921066667313214, 'weight_decay': 0.00013804948531650606, 'base_alpha_sell': 0.9949283656367471, 'base_alpha_neutral': 1.0362571946419186, 'base_alpha_buy': 1.5459537443817497, 'base_loss_gamma': 2.873639080684227, 'base_loss_smoothing': 0.1622786875045604, 'asym_gamma_sell': 1.0498836075281939, 'asym_gamma_neu': 0.5979484098098065, 'asym_gamma_buy': 0.5557570987036714}. Best is trial 23 with value: 0.4421075032364468.
2026-03-23 11:24:11,720 - INFO - 🔍 RAM-Safe Streaming Scan (Treino): 878 arquivos...
2026-03-23 11:25:03,865 - INFO - ✂️ Double-Chunking (Treino): Expondo fatias de 500,000 amostras aleatórias.
2026-03-23 11:25:03,866 - INFO - 🚀 Pre-loading 500,000 samples into RAM (Lightning Mode)...
2026-03-23 11:28:28,963 - INFO - ✅ RAM-Safe Streaming Dataset: 500,000 sequences indexed and PRE-LOADED.
2026-03-23 11:28:28,964 - INFO - ✅ RAM-Safe Streaming Dataset: 500,000 sequences indexed (Mode: Lightning).
2026-03-23 11:28:29,009 - INFO - 🔍 RAM-Safe Streaming Scan (Val): 274 arquivos...
2026-03-23 11:28:43,094 - INFO - ✂️ Double-Chunking (Val): Expondo fatias de 100,000 amostras aleatórias.
2026-03-23 11:28:43,094 - INFO - 🚀 Pre-loading 100,000 samples into RAM (Lightning Mode)...
2026-03-23 11:29:42,156 - INFO - ✅ RAM-Safe Streaming Dataset: 100,000 sequences indexed and PRE-LOADED.
2026-03-23 11:29:42,158 - INFO - ✅ RAM-Safe Streaming Dataset: 100,000 sequences indexed (Mode: Lightning).
2026-03-23 11:29:42,668 - INFO - Trial 51 START | tcn=64, lstm=128, layers=5, batch=2048, seq=256 | RFE=30 | loss=ASYM (g_s=1.34, g_n=0.32, g_b=0.96) | alpha=[1.60, 0.50, 1.60], smooth=0.05
2026-03-23 11:30:33,937 - INFO - T51 E1/10 | [WARN] ZERO_PENALTY | L: 0.92006661/0.85808096 | F1 M MIN: 0.00000000 D: 0.00000000 | [S/N/B]: [0.4621/0.3349/0.0000] | LR: 0.00041672
2026-03-23 11:31:25,990 - INFO - T51 E2/10 | [OK] | L: 0.78730023/0.70689591 | F1 M MIN: 0.16307807 D: 0.34893566 | [S/N/B]: [0.1631/0.6499/0.5348] | LR: 0.00038639
2026-03-23 11:32:18,132 - INFO - T51 E3/10 | [OK] | L: 0.74388998/0.67445422 | F1 M MIN: 0.19045144 D: 0.35889647 | [S/N/B]: [0.5273/0.7250/0.1905] | LR: 0.00033913
2026-03-23 11:33:10,509 - INFO - T51 E4/10 | [OK] | L: 0.72856829/0.67820725 | F1 M MIN: 0.14297686 D: 0.34284533 | [S/N/B]: [0.5427/0.6824/0.1430] | LR: 0.00027959
2026-03-23 11:34:02,956 - INFO - T51 E5/10 | [OK] | L: 0.72101284/0.66374129 | F1 M MIN: 0.28746305 D: 0.40996742 | [S/N/B]: [0.2875/0.7273/0.5325] | LR: 0.00021359
2026-03-23 11:34:55,460 - INFO - T51 E6/10 | [OK] | L: 0.71554206/0.65625871 | F1 M MIN: 0.15309428 D: 0.34987097 | [S/N/B]: [0.5466/0.7444/0.1531] | LR: 0.00014759
2026-03-23 11:35:48,168 - INFO - T51 E7/10 | [OK] | L: 0.71163148/0.65103353 | F1 M MIN: 0.21587562 D: 0.38109358 | [S/N/B]: [0.5463/0.7589/0.2159] | LR: 0.00008804
2026-03-23 11:36:40,857 - INFO - T51 E8/10 | [OK] | L: 0.70937819/0.65032661 | F1 M MIN: 0.27797187 D: 0.39907125 | [S/N/B]: [0.5202/0.7453/0.2780] | LR: 0.00004079
2026-03-23 11:37:33,357 - INFO - T51 E9/10 | [OK] | L: 0.70801667/0.64954706 | F1 M MIN: 0.18907931 D: 0.36651345 | [S/N/B]: [0.5439/0.7481/0.1891] | LR: 0.00001045
2026-03-23 11:37:33,436 - INFO - Trial 51 stopped early due to patience limit (4 epochs without improvement)
