2026-03-24 01:22:12,494 - INFO - Trial 118 finished with value: 0.0 and parameters: {'tcn_channels': 512, 'lstm_hidden': 128, 'num_lstm_layers': 2, 'batch_size': 1024, 'dropout': 0.44766830496584775, 'seq_len': 96, 'lr': 0.0012517987031877226, 'weight_decay': 0.00032646666753164354, 'base_alpha_sell': 1.3693681908286444, 'base_alpha_neutral': 0.9309943143120964, 'base_alpha_buy': 1.61273636780428, 'base_loss_gamma': 3.6449608914303604, 'base_loss_smoothing': 0.2759927390375996, 'asym_gamma_sell': 1.6724163818077806, 'asym_gamma_neu': 0.6327016397485884, 'asym_gamma_buy': 1.7818143412877672}. Best is trial 104 with value: 0.4828262682077523.
2026-03-24 01:22:13,119 - INFO - 🔍 RAM-Safe Streaming Scan (Treino): 878 arquivos...
2026-03-24 01:23:07,707 - INFO - ✂️ Double-Chunking (Treino): Expondo fatias de 500,000 amostras aleatórias.
2026-03-24 01:23:07,711 - INFO - 🚀 Pre-loading 500,000 samples into RAM (Lightning Mode)...
2026-03-24 01:26:28,693 - INFO - ✅ RAM-Safe Streaming Dataset: 500,000 sequences indexed and PRE-LOADED.
2026-03-24 01:26:28,695 - INFO - ✅ RAM-Safe Streaming Dataset: 500,000 sequences indexed (Mode: Lightning).
2026-03-24 01:26:28,740 - INFO - 🔍 RAM-Safe Streaming Scan (Val): 274 arquivos...
2026-03-24 01:26:43,197 - INFO - ✂️ Double-Chunking (Val): Expondo fatias de 100,000 amostras aleatórias.
2026-03-24 01:26:43,197 - INFO - 🚀 Pre-loading 100,000 samples into RAM (Lightning Mode)...
2026-03-24 01:27:39,685 - INFO - ✅ RAM-Safe Streaming Dataset: 100,000 sequences indexed and PRE-LOADED.
2026-03-24 01:27:39,687 - INFO - ✅ RAM-Safe Streaming Dataset: 100,000 sequences indexed (Mode: Lightning).
2026-03-24 01:27:40,285 - INFO - Trial 119 START | tcn=512, lstm=128, layers=3, batch=1024, seq=96 | RFE=30 | loss=ASYM (g_s=1.59, g_n=0.17, g_b=1.87) | alpha=[1.40, 0.54, 1.50], smooth=0.32
2026-03-24 01:28:40,298 - INFO - T119 E1/10 | [OK] | L: 0.69328839/0.69251792 | F1 M MIN: 0.34945091 D: 0.42831293 | [S/N/B]: [0.5072/0.6903/0.3495] | LR: 0.00059906
2026-03-24 01:29:40,300 - INFO - T119 E2/10 | [OK] | L: 0.66747734/0.68496610 | F1 M MIN: 0.13108343 D: 0.32369661 | [S/N/B]: [0.1311/0.7249/0.5163] | LR: 0.00055545
2026-03-24 01:30:41,274 - INFO - T119 E3/10 | [OK] | L: 0.66195567/0.68232893 | F1 M MIN: 0.31714336 D: 0.39793969 | [S/N/B]: [0.3171/0.7327/0.4787] | LR: 0.00048752
2026-03-24 01:31:41,577 - INFO - T119 E4/10 | [OK] | L: 0.65910743/0.67978181 | F1 M MIN: 0.39690707 D: 0.44472820 | [S/N/B]: [0.4925/0.7384/0.3969] | LR: 0.00040193
2026-03-24 01:32:42,737 - INFO - T119 E5/10 | [OK] | L: 0.65631660/0.67905733 | F1 M MIN: 0.36668973 D: 0.44136040 | [S/N/B]: [0.5160/0.7403/0.3667] | LR: 0.00030705
2026-03-24 01:33:43,615 - INFO - T119 E6/10 | [OK] | L: 0.65397091/0.67450040 | F1 M MIN: 0.45261798 D: 0.45265524 | [S/N/B]: [0.4526/0.7614/0.4527] | LR: 0.00021216
2026-03-24 01:34:44,431 - INFO - T119 E7/10 | [OK] | L: 0.65175757/0.67617965 | F1 M MIN: 0.43070856 D: 0.44899276 | [S/N/B]: [0.4307/0.7480/0.4673] | LR: 0.00012657
2026-03-24 01:35:44,945 - INFO - T119 E8/10 | [OK] | L: 0.64998463/0.67489234 | F1 M MIN: 0.44244420 D: 0.45217764 | [S/N/B]: [0.4424/0.7547/0.4619] | LR: 0.00005864
2026-03-24 01:36:46,044 - INFO - T119 E9/10 | [OK] | L: 0.64836196/0.67404469 | F1 M MIN: 0.45017625 D: 0.45697365 | [S/N/B]: [0.4638/0.7610/0.4502] | LR: 0.00001503
2026-03-24 01:37:46,991 - INFO - T119 E10/10 | [OK] | L: 0.64723756/0.67431683 | F1 M MIN: 0.44356126 D: 0.45704236 | [S/N/B]: [0.4705/0.7579/0.4436] | LR: 0.00000000
2026-03-24 01:37:47,082 - INFO - Trial 119 stopped early due to patience limit (4 epochs without improvement)
2026-03-24 01:37:47,369 - INFO - Trial 119 finished with value: 0.45261797732360276 and parameters: {'tcn_channels': 512, 'lstm_hidden': 128, 'num_lstm_layers': 3, 'batch_size': 1024, 'dropout': 0.32698060500690906, 'seq_len': 96, 'lr': 0.0006140902678017218, 'weight_decay': 0.0003160685435338788, 'base_alpha_sell': 1.401248877977266, 'base_alpha_neutral': 0.5432476038495778, 'base_alpha_buy': 1.4950386907913007, 'base_loss_gamma': 4.235057174297186, 'base_loss_smoothing': 0.31976449176159333, 'asym_gamma_sell': 1.585318924956978, 'asym_gamma_neu': 0.16537258859286924, 'asym_gamma_buy': 1.8717527733612802}. Best is trial 104 with value: 0.4828262682077523.
2026-03-24 01:37:47,935 - INFO - 🔍 RAM-Safe Streaming Scan (Treino): 878 arquivos...
2026-03-24 01:38:41,056 - INFO - ✂️ Double-Chunking (Treino): Expondo fatias de 500,000 amostras aleatórias.
2026-03-24 01:38:41,057 - INFO - 🚀 Pre-loading 500,000 samples into RAM (Lightning Mode)...
2026-03-24 01:41:55,752 - INFO - ✅ RAM-Safe Streaming Dataset: 500,000 sequences indexed and PRE-LOADED.
2026-03-24 01:41:55,757 - INFO - ✅ RAM-Safe Streaming Dataset: 500,000 sequences indexed (Mode: Lightning).
2026-03-24 01:41:55,800 - INFO - 🔍 RAM-Safe Streaming Scan (Val): 274 arquivos...
2026-03-24 01:42:09,493 - INFO - ✂️ Double-Chunking (Val): Expondo fatias de 100,000 amostras aleatórias.
2026-03-24 01:42:09,493 - INFO - 🚀 Pre-loading 100,000 samples into RAM (Lightning Mode)...
2026-03-24 01:43:05,865 - INFO - ✅ RAM-Safe Streaming Dataset: 100,000 sequences indexed and PRE-LOADED.
2026-03-24 01:43:05,866 - INFO - ✅ RAM-Safe Streaming Dataset: 100,000 sequences indexed (Mode: Lightning).
2026-03-24 01:43:06,295 - INFO - Trial 120 START | tcn=512, lstm=128, layers=4, batch=1024, seq=96 | RFE=30 | loss=ASYM (g_s=2.01, g_n=0.40, g_b=2.90) | alpha=[1.30, 0.60, 1.31], smooth=0.32
2026-03-24 01:44:09,733 - INFO - T120 E1/10 | [WARN] ZERO_PENALTY | L: 0.51501112/0.52786267 | F1 M MIN: 0.00000000 D: 0.00000000 | [S/N/B]: [0.5465/0.7460/0.0000] | LR: 0.00047140
2026-03-24 01:45:13,217 - INFO - T120 E2/10 | [OK] | L: 0.48908504/0.51815251 | F1 M MIN: 0.00022068 D: 0.28182690 | [S/N/B]: [0.5634/0.7920/0.0002] | LR: 0.00043709
2026-03-24 01:46:17,607 - INFO - T120 E3/10 | [WARN] ZERO_PENALTY | L: 0.48389252/0.51752704 | F1 M MIN: 0.00000000 D: 0.00000000 | [S/N/B]: [0.5586/0.7787/0.0000] | LR: 0.00038363
2026-03-24 01:47:21,326 - INFO - T120 E4/10 | [WARN] ZERO_PENALTY | L: 0.48076622/0.51165065 | F1 M MIN: 0.00000000 D: 0.00000000 | [S/N/B]: [0.5713/0.8110/0.0000] | LR: 0.00031628
2026-03-24 01:48:25,783 - INFO - T120 E5/10 | [WARN] ZERO_PENALTY | L: 0.47854601/0.51059705 | F1 M MIN: 0.00000000 D: 0.00000000 | [S/N/B]: [0.5715/0.8110/0.0000] | LR: 0.00024162
2026-03-24 01:48:25,885 - INFO - Trial 120 pruned by Optuna at epoch 5
2026-03-24 01:48:25,998 - INFO - Trial 120 pruned.
2026-03-24 01:48:26,682 - INFO - 🔍 RAM-Safe Streaming Scan (Treino): 878 arquivos...
2026-03-24 01:49:19,971 - INFO - ✂️ Double-Chunking (Treino): Expondo fatias de 500,000 amostras aleatórias.
2026-03-24 01:49:19,973 - INFO - 🚀 Pre-loading 500,000 samples into RAM (Lightning Mode)...
2026-03-24 01:52:30,979 - INFO - ✅ RAM-Safe Streaming Dataset: 500,000 sequences indexed and PRE-LOADED.
2026-03-24 01:52:30,980 - INFO - ✅ RAM-Safe Streaming Dataset: 500,000 sequences indexed (Mode: Lightning).
2026-03-24 01:52:31,030 - INFO - 🔍 RAM-Safe Streaming Scan (Val): 274 arquivos...
2026-03-24 01:52:44,447 - INFO - ✂️ Double-Chunking (Val): Expondo fatias de 100,000 amostras aleatórias.
2026-03-24 01:52:44,447 - INFO - 🚀 Pre-loading 100,000 samples into RAM (Lightning Mode)...
2026-03-24 01:53:40,734 - INFO - ✅ RAM-Safe Streaming Dataset: 100,000 sequences indexed and PRE-LOADED.
2026-03-24 01:53:40,769 - INFO - ✅ RAM-Safe Streaming Dataset: 100,000 sequences indexed (Mode: Lightning).
2026-03-24 01:53:41,355 - INFO - Trial 121 START | tcn=512, lstm=256, layers=3, batch=2048, seq=96 | RFE=30 | loss=ASYM (g_s=1.05, g_n=0.16, g_b=0.56) | alpha=[1.75, 0.43, 1.65], smooth=0.25
2026-03-24 01:54:49,902 - INFO - T121 E1/10 | [WARN] ZERO_PENALTY | L: 0.95554400/0.87431793 | F1 M MIN: 0.00000000 D: 0.00000000 | [S/N/B]: [0.4963/0.5455/0.0000] | LR: 0.00146008
2026-03-24 01:55:59,449 - INFO - T121 E2/10 | [WARN] ZERO_PENALTY | L: 0.91497654/0.87814303 | F1 M MIN: 0.00000000 D: 0.00000000 | [S/N/B]: [0.4928/0.5243/0.0000] | LR: 0.00135378
2026-03-24 01:57:08,961 - INFO - T121 E3/10 | [WARN] ZERO_PENALTY | L: 0.90853489/0.86436085 | F1 M MIN: 0.00000000 D: 0.00000000 | [S/N/B]: [0.5177/0.6429/0.0000] | LR: 0.00118822
2026-03-24 01:58:18,658 - INFO - T121 E4/10 | [WARN] ZERO_PENALTY | L: 0.90479213/0.86492261 | F1 M MIN: 0.00000000 D: 0.00000000 | [S/N/B]: [0.5118/0.6168/0.0000] | LR: 0.00097960
2026-03-24 01:58:18,735 - INFO - Trial 121 stopped early due to patience limit (4 epochs without improvement)
2026-03-24 01:58:18,939 - INFO - Trial 121 finished with value: 0.0 and parameters: {'tcn_channels': 512, 'lstm_hidden': 256, 'num_lstm_layers': 3, 'batch_size': 2048, 'dropout': 0.3470953637814952, 'seq_len': 96, 'lr': 0.0014967021812050646, 'weight_decay': 0.014700683593701632, 'base_alpha_sell': 1.7502280324116726, 'base_alpha_neutral': 0.4299532725990115, 'base_alpha_buy': 1.6476666047174084, 'base_loss_gamma': 2.0171543974496453, 'base_loss_smoothing': 0.25030640070482285, 'asym_gamma_sell': 1.046505821021043, 'asym_gamma_neu': 0.156249844683768, 'asym_gamma_buy': 0.5589425235745211}. Best is trial 104 with value: 0.4828262682077523.
2026-03-24 01:58:19,592 - INFO - 🔍 RAM-Safe Streaming Scan (Treino): 878 arquivos...
2026-03-24 01:59:12,565 - INFO - ✂️ Double-Chunking (Treino): Expondo fatias de 500,000 amostras aleatórias.
2026-03-24 01:59:12,566 - INFO - 🚀 Pre-loading 500,000 samples into RAM (Lightning Mode)...
2026-03-24 02:02:31,798 - INFO - ✅ RAM-Safe Streaming Dataset: 500,000 sequences indexed and PRE-LOADED.
2026-03-24 02:02:31,800 - INFO - ✅ RAM-Safe Streaming Dataset: 500,000 sequences indexed (Mode: Lightning).
2026-03-24 02:02:31,852 - INFO - 🔍 RAM-Safe Streaming Scan (Val): 274 arquivos...
2026-03-24 02:02:45,557 - INFO - ✂️ Double-Chunking (Val): Expondo fatias de 100,000 amostras aleatórias.
2026-03-24 02:02:45,558 - INFO - 🚀 Pre-loading 100,000 samples into RAM (Lightning Mode)...
2026-03-24 02:03:42,245 - INFO - ✅ RAM-Safe Streaming Dataset: 100,000 sequences indexed and PRE-LOADED.
2026-03-24 02:03:42,247 - INFO - ✅ RAM-Safe Streaming Dataset: 100,000 sequences indexed (Mode: Lightning).
2026-03-24 02:03:42,700 - INFO - Trial 122 START | tcn=512, lstm=128, layers=2, batch=1024, seq=96 | RFE=30 | loss=ASYM (g_s=1.23, g_n=0.65, g_b=0.69) | alpha=[1.66, 0.62, 1.44], smooth=0.24
2026-03-24 02:04:40,946 - INFO - T122 E1/10 | [WARN] ZERO_PENALTY | L: 0.84839754/0.77520900 | F1 M MIN: 0.00000000 D: 0.00000000 | [S/N/B]: [0.5381/0.7296/0.0000] | LR: 0.00139918
2026-03-24 02:05:39,197 - INFO - T122 E2/10 | [WARN] ZERO_PENALTY | L: 0.81824956/0.76866014 | F1 M MIN: 0.00000000 D: 0.00000000 | [S/N/B]: [0.5435/0.7463/0.0000] | LR: 0.00129732
2026-03-24 02:06:38,255 - INFO - T122 E3/10 | [WARN] ZERO_PENALTY | L: 0.81117060/0.76127460 | F1 M MIN: 0.00000000 D: 0.00000000 | [S/N/B]: [0.5483/0.7618/0.0000] | LR: 0.00113867
2026-03-24 02:07:36,745 - INFO - T122 E4/10 | [OK] | L: 0.80694143/0.76401856 | F1 M MIN: 0.00007357 D: 0.27250968 | [S/N/B]: [0.5449/0.7497/0.0001] | LR: 0.00093875
2026-03-24 02:08:35,918 - INFO - T122 E5/10 | [OK] | L: 0.80370067/0.75670323 | F1 M MIN: 0.10393802 D: 0.32639004 | [S/N/B]: [0.5488/0.7648/0.1039] | LR: 0.00071714
2026-03-24 02:09:34,531 - INFO - T122 E6/10 | [OK] | L: 0.80026499/0.75375222 | F1 M MIN: 0.16147105 D: 0.36012152 | [S/N/B]: [0.5588/0.7758/0.1615] | LR: 0.00049553
2026-03-24 02:09:34,740 - INFO - Trial 122 pruned by Optuna at epoch 6
2026-03-24 02:09:34,913 - INFO - Trial 122 pruned.
2026-03-24 02:09:35,873 - INFO - 🔍 RAM-Safe Streaming Scan (Treino): 878 arquivos...
2026-03-24 02:10:29,615 - INFO - ✂️ Double-Chunking (Treino): Expondo fatias de 500,000 amostras aleatórias.
2026-03-24 02:10:29,616 - INFO - 🚀 Pre-loading 500,000 samples into RAM (Lightning Mode)...
2026-03-24 02:13:42,781 - INFO - ✅ RAM-Safe Streaming Dataset: 500,000 sequences indexed and PRE-LOADED.
2026-03-24 02:13:42,785 - INFO - ✅ RAM-Safe Streaming Dataset: 500,000 sequences indexed (Mode: Lightning).
2026-03-24 02:13:42,832 - INFO - 🔍 RAM-Safe Streaming Scan (Val): 274 arquivos...
2026-03-24 02:13:55,741 - INFO - ✂️ Double-Chunking (Val): Expondo fatias de 100,000 amostras aleatórias.
2026-03-24 02:13:55,742 - INFO - 🚀 Pre-loading 100,000 samples into RAM (Lightning Mode)...
2026-03-24 02:14:57,154 - INFO - ✅ RAM-Safe Streaming Dataset: 100,000 sequences indexed and PRE-LOADED.
2026-03-24 02:14:57,155 - INFO - ✅ RAM-Safe Streaming Dataset: 100,000 sequences indexed (Mode: Lightning).
2026-03-24 02:14:57,560 - INFO - Trial 123 START | tcn=512, lstm=32, layers=2, batch=1024, seq=96 | RFE=30 | loss=ASYM (g_s=1.51, g_n=0.61, g_b=0.92) | alpha=[1.00, 0.63, 1.76], smooth=0.22
2026-03-24 02:15:52,100 - INFO - T123 E1/10 | [WARN] ZERO_PENALTY | L: 0.72833577/0.64465705 | F1 M MIN: 0.00000000 D: 0.00000000 | [S/N/B]: [0.0000/0.6734/0.5133] | LR: 0.00043590
2026-03-24 02:16:46,874 - INFO - T123 E2/10 | [WARN] ZERO_PENALTY | L: 0.66090830/0.61846692 | F1 M MIN: 0.00000000 D: 0.00000000 | [S/N/B]: [0.0000/0.7158/0.5276] | LR: 0.00040416
2026-03-24 02:17:42,193 - INFO - T123 E3/10 | [WARN] ZERO_PENALTY | L: 0.64603925/0.61765316 | F1 M MIN: 0.00000000 D: 0.00000000 | [S/N/B]: [0.0000/0.7021/0.5243] | LR: 0.00035474
2026-03-24 02:18:36,785 - INFO - T123 E4/10 | [WARN] ZERO_PENALTY | L: 0.63901957/0.60582982 | F1 M MIN: 0.00000000 D: 0.00000000 | [S/N/B]: [0.0000/0.7483/0.5382] | LR: 0.00029246
2026-03-24 02:18:36,873 - INFO - Trial 123 stopped early due to patience limit (4 epochs without improvement)
2026-03-24 02:18:37,224 - INFO - Trial 123 finished with value: 0.0 and parameters: {'tcn_channels': 512, 'lstm_hidden': 32, 'num_lstm_layers': 2, 'batch_size': 1024, 'dropout': 0.4047089308315131, 'seq_len': 96, 'lr': 0.00044683247783268166, 'weight_decay': 0.0002904813615831174, 'base_alpha_sell': 1.0041904707757654, 'base_alpha_neutral': 0.6326319194584352, 'base_alpha_buy': 1.7590805291833194, 'base_loss_gamma': 3.7983308136988065, 'base_loss_smoothing': 0.21814855417866946, 'asym_gamma_sell': 1.5136004101911302, 'asym_gamma_neu': 0.6086340611365101, 'asym_gamma_buy': 0.9235934149322795}. Best is trial 104 with value: 0.4828262682077523.
2026-03-24 02:18:38,132 - INFO - 🔍 RAM-Safe Streaming Scan (Treino): 878 arquivos...
2026-03-24 02:19:30,419 - INFO - ✂️ Double-Chunking (Treino): Expondo fatias de 500,000 amostras aleatórias.
2026-03-24 02:19:30,421 - INFO - 🚀 Pre-loading 500,000 samples into RAM (Lightning Mode)...
2026-03-24 02:23:26,993 - INFO - ✅ RAM-Safe Streaming Dataset: 500,000 sequences indexed and PRE-LOADED.
2026-03-24 02:23:26,994 - INFO - ✅ RAM-Safe Streaming Dataset: 500,000 sequences indexed (Mode: Lightning).
2026-03-24 02:23:27,039 - INFO - 🔍 RAM-Safe Streaming Scan (Val): 274 arquivos...
2026-03-24 02:23:41,268 - INFO - ✂️ Double-Chunking (Val): Expondo fatias de 100,000 amostras aleatórias.
2026-03-24 02:23:41,268 - INFO - 🚀 Pre-loading 100,000 samples into RAM (Lightning Mode)...
2026-03-24 02:24:49,813 - INFO - ✅ RAM-Safe Streaming Dataset: 100,000 sequences indexed and PRE-LOADED.
2026-03-24 02:24:49,820 - INFO - ✅ RAM-Safe Streaming Dataset: 100,000 sequences indexed (Mode: Lightning).
2026-03-24 02:24:50,296 - INFO - Trial 124 START | tcn=256, lstm=128, layers=4, batch=2048, seq=192 | RFE=30 | loss=ASYM (g_s=2.18, g_n=0.52, g_b=2.88) | alpha=[1.45, 0.80, 1.61], smooth=0.11
2026-03-24 02:26:10,179 - INFO - T124 E1/10 | [WARN] ZERO_PENALTY | L: 0.62722808/0.58499515 | F1 M MIN: 0.00000000 D: 0.00000000 | [S/N/B]: [0.0000/0.8020/0.5540] | LR: 0.00161926
2026-03-24 02:27:31,249 - INFO - T124 E2/10 | [WARN] ZERO_PENALTY | L: 0.56436147/0.56913030 | F1 M MIN: 0.00000000 D: 0.00000000 | [S/N/B]: [0.0000/0.7951/0.5528] | LR: 0.00150138
2026-03-24 02:28:52,375 - INFO - T124 E3/10 | [WARN] ZERO_PENALTY | L: 0.55006139/0.54805738 | F1 M MIN: 0.00000000 D: 0.00000000 | [S/N/B]: [0.0000/0.8367/0.5711] | LR: 0.00131777
2026-03-24 02:30:13,836 - INFO - T124 E4/10 | [OK] | L: 0.54210044/0.53950985 | F1 M MIN: 0.02227802 D: 0.29755759 | [S/N/B]: [0.0223/0.8447/0.5728] | LR: 0.00108641
2026-03-24 02:31:35,310 - INFO - T124 E5/10 | [OK] | L: 0.53589834/0.53673646 | F1 M MIN: 0.31086455 D: 0.41352568 | [S/N/B]: [0.3109/0.8448/0.5162] | LR: 0.00082994
2026-03-24 02:32:56,693 - INFO - T124 E6/10 | [WARN] ZERO_PENALTY | L: 0.53282438/0.53896429 | F1 M MIN: 0.00000000 D: 0.00000000 | [S/N/B]: [0.0000/0.8307/0.5690] | LR: 0.00057348
2026-03-24 02:32:56,862 - INFO - Trial 124 pruned by Optuna at epoch 6
2026-03-24 02:32:57,030 - INFO - Trial 124 pruned.
2026-03-24 02:32:58,757 - INFO - 🔍 RAM-Safe Streaming Scan (Treino): 878 arquivos...
2026-03-24 02:33:52,207 - INFO - ✂️ Double-Chunking (Treino): Expondo fatias de 500,000 amostras aleatórias.
2026-03-24 02:33:52,210 - INFO - 🚀 Pre-loading 500,000 samples into RAM (Lightning Mode)...
2026-03-24 02:37:24,086 - INFO - ✅ RAM-Safe Streaming Dataset: 500,000 sequences indexed and PRE-LOADED.
2026-03-24 02:37:24,087 - INFO - ✅ RAM-Safe Streaming Dataset: 500,000 sequences indexed (Mode: Lightning).
2026-03-24 02:37:24,135 - INFO - 🔍 RAM-Safe Streaming Scan (Val): 274 arquivos...
2026-03-24 02:37:37,616 - INFO - ✂️ Double-Chunking (Val): Expondo fatias de 100,000 amostras aleatórias.
2026-03-24 02:37:37,617 - INFO - 🚀 Pre-loading 100,000 samples into RAM (Lightning Mode)...
2026-03-24 02:38:37,101 - INFO - ✅ RAM-Safe Streaming Dataset: 100,000 sequences indexed and PRE-LOADED.
2026-03-24 02:38:37,109 - INFO - ✅ RAM-Safe Streaming Dataset: 100,000 sequences indexed (Mode: Lightning).
2026-03-24 02:38:37,526 - INFO - Trial 125 START | tcn=256, lstm=64, layers=2, batch=1024, seq=192 | RFE=30 | loss=ASYM (g_s=1.98, g_n=0.11, g_b=1.35) | alpha=[1.31, 0.54, 1.70], smooth=0.20
2026-03-24 02:39:44,175 - INFO - T125 E1/10 | [WARN] ZERO_PENALTY | L: 0.70347523/0.67971224 | F1 M MIN: 0.00000000 D: 0.00000000 | [S/N/B]: [0.0000/0.6807/0.5179] | LR: 0.00098854
2026-03-24 02:40:50,827 - INFO - T125 E2/10 | [WARN] ZERO_PENALTY | L: 0.66761086/0.66456756 | F1 M MIN: 0.00000000 D: 0.00000000 | [S/N/B]: [0.0000/0.7552/0.5396] | LR: 0.00091657
2026-03-24 02:41:58,264 - INFO - T125 E3/10 | [WARN] ZERO_PENALTY | L: 0.65882252/0.66105704 | F1 M MIN: 0.00000000 D: 0.00000000 | [S/N/B]: [0.0000/0.7350/0.5342] | LR: 0.00080448
2026-03-24 02:43:05,116 - INFO - T125 E4/10 | [WARN] ZERO_PENALTY | L: 0.65568792/0.65588893 | F1 M MIN: 0.00000000 D: 0.00000000 | [S/N/B]: [0.0000/0.7714/0.5462] | LR: 0.00066324
2026-03-24 02:43:05,196 - INFO - Trial 125 stopped early due to patience limit (4 epochs without improvement)
