2026-03-23 09:18:35,258 - INFO - Trial 37 finished with value: 0.0 and parameters: {'tcn_channels': 128, 'lstm_hidden': 128, 'num_lstm_layers': 5, 'batch_size': 512, 'dropout': 0.35376407901453216, 'seq_len': 96, 'lr': 0.0010039938913777447, 'weight_decay': 0.00037410809209278604, 'base_alpha_sell': 1.774959443726472, 'base_alpha_neutral': 0.5216357198634907, 'base_alpha_buy': 1.549788545375509, 'base_loss_gamma': 2.5604001661518487, 'base_loss_smoothing': 0.17098573979860068, 'asym_gamma_sell': 1.535138027015356, 'asym_gamma_neu': 0.4004633143040662, 'asym_gamma_buy': 1.2429226307365322}. Best is trial 23 with value: 0.4421075032364468.
2026-03-23 09:18:35,869 - INFO - 🔍 RAM-Safe Streaming Scan (Treino): 878 arquivos...
2026-03-23 09:19:28,733 - INFO - ✂️ Double-Chunking (Treino): Expondo fatias de 500,000 amostras aleatórias.
2026-03-23 09:19:28,738 - INFO - 🚀 Pre-loading 500,000 samples into RAM (Lightning Mode)...
2026-03-23 09:23:15,014 - INFO - ✅ RAM-Safe Streaming Dataset: 500,000 sequences indexed and PRE-LOADED.
2026-03-23 09:23:15,016 - INFO - ✅ RAM-Safe Streaming Dataset: 500,000 sequences indexed (Mode: Lightning).
2026-03-23 09:23:15,060 - INFO - 🔍 RAM-Safe Streaming Scan (Val): 274 arquivos...
2026-03-23 09:23:29,222 - INFO - ✂️ Double-Chunking (Val): Expondo fatias de 100,000 amostras aleatórias.
2026-03-23 09:23:29,222 - INFO - 🚀 Pre-loading 100,000 samples into RAM (Lightning Mode)...
2026-03-23 09:24:42,680 - INFO - ✅ RAM-Safe Streaming Dataset: 100,000 sequences indexed and PRE-LOADED.
2026-03-23 09:24:42,681 - INFO - ✅ RAM-Safe Streaming Dataset: 100,000 sequences indexed (Mode: Lightning).
2026-03-23 09:24:43,132 - INFO - Trial 38 START | tcn=64, lstm=128, layers=5, batch=2048, seq=256 | RFE=30 | loss=ASYM (g_s=2.15, g_n=0.12, g_b=2.58) | alpha=[1.55, 0.89, 1.69], smooth=0.17
2026-03-23 09:25:34,815 - INFO - T38 E1/10 | [WARN] ZERO_PENALTY | L: 0.85807096/0.84734778 | F1 M MIN: 0.00000000 D: 0.00000000 | [S/N/B]: [0.0000/0.7136/0.5265] | LR: 0.00085519
2026-03-23 09:26:26,970 - INFO - T38 E2/10 | [WARN] ZERO_PENALTY | L: 0.77870705/0.79496548 | F1 M MIN: 0.00000000 D: 0.00000000 | [S/N/B]: [0.0000/0.7915/0.5542] | LR: 0.00079293
2026-03-23 09:27:19,360 - INFO - T38 E3/10 | [WARN] ZERO_PENALTY | L: 0.75855601/0.77665713 | F1 M MIN: 0.00000000 D: 0.00000000 | [S/N/B]: [0.0000/0.8246/0.5679] | LR: 0.00069596
2026-03-23 09:28:11,904 - INFO - T38 E4/10 | [WARN] ZERO_PENALTY | L: 0.74869478/0.77689777 | F1 M MIN: 0.00000000 D: 0.00000000 | [S/N/B]: [0.0000/0.8085/0.5609] | LR: 0.00057377
2026-03-23 09:28:12,016 - INFO - Trial 38 stopped early due to patience limit (4 epochs without improvement)
2026-03-23 09:28:12,720 - INFO - Trial 38 finished with value: 0.0 and parameters: {'tcn_channels': 64, 'lstm_hidden': 128, 'num_lstm_layers': 5, 'batch_size': 2048, 'dropout': 0.2882853880873469, 'seq_len': 256, 'lr': 0.0008766444474908938, 'weight_decay': 0.00030682287021269856, 'base_alpha_sell': 1.550332019594144, 'base_alpha_neutral': 0.8944987249943279, 'base_alpha_buy': 1.693999636664877, 'base_loss_gamma': 0.5413954562207527, 'base_loss_smoothing': 0.17310452012144817, 'asym_gamma_sell': 2.148972649685212, 'asym_gamma_neu': 0.11621559546401855, 'asym_gamma_buy': 2.582764242241449}. Best is trial 23 with value: 0.4421075032364468.
2026-03-23 09:28:13,532 - INFO - 🔍 RAM-Safe Streaming Scan (Treino): 878 arquivos...
2026-03-23 09:29:05,425 - INFO - ✂️ Double-Chunking (Treino): Expondo fatias de 500,000 amostras aleatórias.
2026-03-23 09:29:05,439 - INFO - 🚀 Pre-loading 500,000 samples into RAM (Lightning Mode)...
2026-03-23 09:32:13,425 - INFO - ✅ RAM-Safe Streaming Dataset: 500,000 sequences indexed and PRE-LOADED.
2026-03-23 09:32:13,427 - INFO - ✅ RAM-Safe Streaming Dataset: 500,000 sequences indexed (Mode: Lightning).
2026-03-23 09:32:13,471 - INFO - 🔍 RAM-Safe Streaming Scan (Val): 274 arquivos...
2026-03-23 09:32:26,747 - INFO - ✂️ Double-Chunking (Val): Expondo fatias de 100,000 amostras aleatórias.
2026-03-23 09:32:26,747 - INFO - 🚀 Pre-loading 100,000 samples into RAM (Lightning Mode)...
2026-03-23 09:33:24,255 - INFO - ✅ RAM-Safe Streaming Dataset: 100,000 sequences indexed and PRE-LOADED.
2026-03-23 09:33:24,256 - INFO - ✅ RAM-Safe Streaming Dataset: 100,000 sequences indexed (Mode: Lightning).
2026-03-23 09:33:24,913 - INFO - Trial 39 START | tcn=64, lstm=128, layers=5, batch=2048, seq=96 | RFE=30 | loss=ASYM (g_s=1.68, g_n=0.18, g_b=1.28) | alpha=[1.62, 0.56, 1.59], smooth=0.03
2026-03-23 09:33:48,817 - INFO - T39 E1/10 | [WARN] ZERO_PENALTY | L: 0.89718896/0.83048537 | F1 M MIN: 0.00000000 D: 0.00000000 | [S/N/B]: [0.4819/0.4870/0.0000] | LR: 0.00030023
2026-03-23 09:34:13,219 - INFO - T39 E2/10 | [OK] | L: 0.75780163/0.70626559 | F1 M MIN: 0.03932361 D: 0.28819777 | [S/N/B]: [0.5371/0.7127/0.0393] | LR: 0.00027838
2026-03-23 09:34:37,461 - INFO - T39 E3/10 | [OK] | L: 0.71884052/0.68269032 | F1 M MIN: 0.14687041 D: 0.33319985 | [S/N/B]: [0.5195/0.7160/0.1469] | LR: 0.00024433
2026-03-23 09:35:01,899 - INFO - T39 E4/10 | [OK] | L: 0.70357928/0.69629881 | F1 M MIN: 0.01049066 D: 0.26402499 | [S/N/B]: [0.5176/0.6528/0.0105] | LR: 0.00020144
2026-03-23 09:35:26,353 - INFO - T39 E5/10 | [OK] | L: 0.69430778/0.65206747 | F1 M MIN: 0.05174075 D: 0.30071743 | [S/N/B]: [0.5497/0.7689/0.0517] | LR: 0.00015388
2026-03-23 09:35:50,739 - INFO - T39 E6/10 | [OK] | L: 0.68886886/0.63938168 | F1 M MIN: 0.24970066 D: 0.38380439 | [S/N/B]: [0.5179/0.7958/0.2497] | LR: 0.00010633
2026-03-23 09:36:15,248 - INFO - T39 E7/10 | [OK] | L: 0.68409111/0.64464610 | F1 M MIN: 0.21566569 D: 0.36590113 | [S/N/B]: [0.5161/0.7656/0.2157] | LR: 0.00006343
2026-03-23 09:36:39,791 - INFO - T39 E8/10 | [OK] | L: 0.68160074/0.64042960 | F1 M MIN: 0.04724023 D: 0.29947727 | [S/N/B]: [0.5517/0.7778/0.0472] | LR: 0.00002939
2026-03-23 09:37:04,394 - INFO - T39 E9/10 | [OK] | L: 0.68006233/0.64323626 | F1 M MIN: 0.21463084 D: 0.36601662 | [S/N/B]: [0.5174/0.7646/0.2146] | LR: 0.00000753
2026-03-23 09:37:29,010 - INFO - T39 E10/10 | [OK] | L: 0.67894135/0.64353571 | F1 M MIN: 0.12818728 D: 0.33102201 | [S/N/B]: [0.5339/0.7620/0.1282] | LR: 0.00000000
2026-03-23 09:37:29,061 - INFO - Trial 39 stopped early due to patience limit (4 epochs without improvement)
2026-03-23 09:37:29,250 - INFO - Trial 39 finished with value: 0.24970066398171328 and parameters: {'tcn_channels': 64, 'lstm_hidden': 128, 'num_lstm_layers': 5, 'batch_size': 2048, 'dropout': 0.32013622372624123, 'seq_len': 96, 'lr': 0.0003077664007863574, 'weight_decay': 0.0002832967470004865, 'base_alpha_sell': 1.6243159447662694, 'base_alpha_neutral': 0.556302841210224, 'base_alpha_buy': 1.5922383323951335, 'base_loss_gamma': 1.7024239665989152, 'base_loss_smoothing': 0.029072838856212285, 'asym_gamma_sell': 1.6787660335204506, 'asym_gamma_neu': 0.17599686833995998, 'asym_gamma_buy': 1.2784144156397517}. Best is trial 23 with value: 0.4421075032364468.
2026-03-23 09:37:29,823 - INFO - 🔍 RAM-Safe Streaming Scan (Treino): 878 arquivos...
2026-03-23 09:38:21,126 - INFO - ✂️ Double-Chunking (Treino): Expondo fatias de 500,000 amostras aleatórias.
2026-03-23 09:38:21,127 - INFO - 🚀 Pre-loading 500,000 samples into RAM (Lightning Mode)...
2026-03-23 09:41:32,545 - INFO - ✅ RAM-Safe Streaming Dataset: 500,000 sequences indexed and PRE-LOADED.
2026-03-23 09:41:32,547 - INFO - ✅ RAM-Safe Streaming Dataset: 500,000 sequences indexed (Mode: Lightning).
2026-03-23 09:41:32,593 - INFO - 🔍 RAM-Safe Streaming Scan (Val): 274 arquivos...
2026-03-23 09:41:45,671 - INFO - ✂️ Double-Chunking (Val): Expondo fatias de 100,000 amostras aleatórias.
2026-03-23 09:41:45,672 - INFO - 🚀 Pre-loading 100,000 samples into RAM (Lightning Mode)...
2026-03-23 09:42:43,816 - INFO - ✅ RAM-Safe Streaming Dataset: 100,000 sequences indexed and PRE-LOADED.
2026-03-23 09:42:43,817 - INFO - ✅ RAM-Safe Streaming Dataset: 100,000 sequences indexed (Mode: Lightning).
2026-03-23 09:42:44,251 - INFO - Trial 40 START | tcn=64, lstm=32, layers=5, batch=2048, seq=96 | RFE=30 | loss=ASYM (g_s=0.53, g_n=0.37, g_b=1.41) | alpha=[1.94, 0.59, 1.21], smooth=0.01
2026-03-23 09:43:00,696 - INFO - T40 E1/10 | [WARN] ZERO_PENALTY | L: 0.90100963/0.70511208 | F1 M MIN: 0.00000000 D: 0.00000000 | [S/N/B]: [0.5271/0.6891/0.0000] | LR: 0.00095714
2026-03-23 09:43:17,495 - INFO - T40 E2/10 | [WARN] ZERO_PENALTY | L: 0.75041096/0.67449419 | F1 M MIN: 0.00000000 D: 0.00000000 | [S/N/B]: [0.5310/0.6984/0.0000] | LR: 0.00088746
2026-03-23 09:43:34,058 - INFO - T40 E3/10 | [WARN] ZERO_PENALTY | L: 0.72339899/0.65132625 | F1 M MIN: 0.00000000 D: 0.00000000 | [S/N/B]: [0.5426/0.7381/0.0000] | LR: 0.00077893
2026-03-23 09:43:50,778 - INFO - T40 E4/10 | [WARN] ZERO_PENALTY | L: 0.70952337/0.63103285 | F1 M MIN: 0.00000000 D: 0.00000000 | [S/N/B]: [0.5616/0.7901/0.0000] | LR: 0.00064217
2026-03-23 09:43:50,856 - INFO - Trial 40 stopped early due to patience limit (4 epochs without improvement)
2026-03-23 09:43:51,070 - INFO - Trial 40 finished with value: 0.0 and parameters: {'tcn_channels': 64, 'lstm_hidden': 32, 'num_lstm_layers': 5, 'batch_size': 2048, 'dropout': 0.24544134903206405, 'seq_len': 96, 'lr': 0.0009811516446247733, 'weight_decay': 0.00016423717790604937, 'base_alpha_sell': 1.9354916270625329, 'base_alpha_neutral': 0.59010909412438, 'base_alpha_buy': 1.2114351329362394, 'base_loss_gamma': 1.4657291133100823, 'base_loss_smoothing': 0.0076104749564002774, 'asym_gamma_sell': 0.5317267057147081, 'asym_gamma_neu': 0.37310306822509387, 'asym_gamma_buy': 1.4113982953679831}. Best is trial 23 with value: 0.4421075032364468.
2026-03-23 09:43:51,754 - INFO - 🔍 RAM-Safe Streaming Scan (Treino): 878 arquivos...
2026-03-23 09:44:43,846 - INFO - ✂️ Double-Chunking (Treino): Expondo fatias de 500,000 amostras aleatórias.
2026-03-23 09:44:43,847 - INFO - 🚀 Pre-loading 500,000 samples into RAM (Lightning Mode)...
2026-03-23 09:47:56,392 - INFO - ✅ RAM-Safe Streaming Dataset: 500,000 sequences indexed and PRE-LOADED.
2026-03-23 09:47:56,393 - INFO - ✅ RAM-Safe Streaming Dataset: 500,000 sequences indexed (Mode: Lightning).
2026-03-23 09:47:56,440 - INFO - 🔍 RAM-Safe Streaming Scan (Val): 274 arquivos...
2026-03-23 09:48:09,995 - INFO - ✂️ Double-Chunking (Val): Expondo fatias de 100,000 amostras aleatórias.
2026-03-23 09:48:09,996 - INFO - 🚀 Pre-loading 100,000 samples into RAM (Lightning Mode)...
2026-03-23 09:49:08,063 - INFO - ✅ RAM-Safe Streaming Dataset: 100,000 sequences indexed and PRE-LOADED.
2026-03-23 09:49:08,064 - INFO - ✅ RAM-Safe Streaming Dataset: 100,000 sequences indexed (Mode: Lightning).
2026-03-23 09:49:08,588 - INFO - Trial 41 START | tcn=64, lstm=128, layers=4, batch=2048, seq=96 | RFE=30 | loss=ASYM (g_s=2.02, g_n=0.14, g_b=1.28) | alpha=[1.70, 0.72, 1.48], smooth=0.01
2026-03-23 09:49:30,518 - INFO - T41 E1/10 | [WARN] ZERO_PENALTY | L: 0.91839668/0.90133551 | F1 M MIN: 0.00000000 D: 0.00000000 | [S/N/B]: [0.4758/0.4534/0.0000] | LR: 0.00013268
2026-03-23 09:49:52,658 - INFO - T41 E2/10 | [WARN] ZERO_PENALTY | L: 0.79175498/0.83125651 | F1 M MIN: 0.00000000 D: 0.00000000 | [S/N/B]: [0.4944/0.5518/0.0000] | LR: 0.00012302
2026-03-23 09:50:14,648 - INFO - T41 E3/10 | [WARN] ZERO_PENALTY | L: 0.75300776/0.74335038 | F1 M MIN: 0.00000000 D: 0.00000000 | [S/N/B]: [0.5284/0.6982/0.0000] | LR: 0.00010798
2026-03-23 09:50:36,925 - INFO - T41 E4/10 | [WARN] ZERO_PENALTY | L: 0.73479655/0.73718257 | F1 M MIN: 0.00000000 D: 0.00000000 | [S/N/B]: [0.5250/0.6840/0.0000] | LR: 0.00008902
2026-03-23 09:50:37,020 - INFO - Trial 41 stopped early due to patience limit (4 epochs without improvement)
2026-03-23 09:50:37,270 - INFO - Trial 41 finished with value: 0.0 and parameters: {'tcn_channels': 64, 'lstm_hidden': 128, 'num_lstm_layers': 4, 'batch_size': 2048, 'dropout': 0.36695234187129644, 'seq_len': 96, 'lr': 0.0001360101156815871, 'weight_decay': 0.00027543132445082924, 'base_alpha_sell': 1.699796266346797, 'base_alpha_neutral': 0.7160353896072986, 'base_alpha_buy': 1.477731605597361, 'base_loss_gamma': 2.444560429328258, 'base_loss_smoothing': 0.005364956500485504, 'asym_gamma_sell': 2.0183174553999867, 'asym_gamma_neu': 0.13584878973083409, 'asym_gamma_buy': 1.2750860442322711}. Best is trial 23 with value: 0.4421075032364468.
2026-03-23 09:50:37,988 - INFO - 🔍 RAM-Safe Streaming Scan (Treino): 878 arquivos...
2026-03-23 09:51:30,769 - INFO - ✂️ Double-Chunking (Treino): Expondo fatias de 500,000 amostras aleatórias.
2026-03-23 09:51:30,771 - INFO - 🚀 Pre-loading 500,000 samples into RAM (Lightning Mode)...
2026-03-23 09:54:43,919 - INFO - ✅ RAM-Safe Streaming Dataset: 500,000 sequences indexed and PRE-LOADED.
2026-03-23 09:54:43,921 - INFO - ✅ RAM-Safe Streaming Dataset: 500,000 sequences indexed (Mode: Lightning).
2026-03-23 09:54:43,966 - INFO - 🔍 RAM-Safe Streaming Scan (Val): 274 arquivos...
2026-03-23 09:54:57,716 - INFO - ✂️ Double-Chunking (Val): Expondo fatias de 100,000 amostras aleatórias.
2026-03-23 09:54:57,717 - INFO - 🚀 Pre-loading 100,000 samples into RAM (Lightning Mode)...
2026-03-23 09:55:55,726 - INFO - ✅ RAM-Safe Streaming Dataset: 100,000 sequences indexed and PRE-LOADED.
2026-03-23 09:55:55,727 - INFO - ✅ RAM-Safe Streaming Dataset: 100,000 sequences indexed (Mode: Lightning).
2026-03-23 09:55:56,197 - INFO - Trial 42 START | tcn=128, lstm=128, layers=5, batch=2048, seq=144 | RFE=30 | loss=ASYM (g_s=2.62, g_n=0.59, g_b=1.45) | alpha=[1.47, 0.69, 1.65], smooth=0.21
2026-03-23 09:56:37,469 - INFO - T42 E1/10 | [WARN] ZERO_PENALTY | L: 0.77904418/0.69661285 | F1 M MIN: 0.00000000 D: 0.00000000 | [S/N/B]: [0.0000/0.6916/0.5148] | LR: 0.00045202
2026-03-23 09:57:19,143 - INFO - T42 E2/10 | [WARN] ZERO_PENALTY | L: 0.67973952/0.66038351 | F1 M MIN: 0.00000000 D: 0.00000000 | [S/N/B]: [0.0000/0.7680/0.5413] | LR: 0.00041911
2026-03-23 09:58:00,809 - INFO - T42 E3/10 | [WARN] ZERO_PENALTY | L: 0.66546790/0.65102279 | F1 M MIN: 0.00000000 D: 0.00000000 | [S/N/B]: [0.0000/0.7818/0.5473] | LR: 0.00036786
2026-03-23 09:58:42,812 - INFO - T42 E4/10 | [WARN] ZERO_PENALTY | L: 0.65881951/0.64526504 | F1 M MIN: 0.00000000 D: 0.00000000 | [S/N/B]: [0.0000/0.7925/0.5518] | LR: 0.00030327
2026-03-23 09:58:42,894 - INFO - Trial 42 stopped early due to patience limit (4 epochs without improvement)
2026-03-23 09:58:43,159 - INFO - Trial 42 finished with value: 0.0 and parameters: {'tcn_channels': 128, 'lstm_hidden': 128, 'num_lstm_layers': 5, 'batch_size': 2048, 'dropout': 0.25585945303615304, 'seq_len': 144, 'lr': 0.0004633599700191567, 'weight_decay': 0.00039244391015896905, 'base_alpha_sell': 1.4690795446283331, 'base_alpha_neutral': 0.6880958207132957, 'base_alpha_buy': 1.6475094328345907, 'base_loss_gamma': 2.993452391679831, 'base_loss_smoothing': 0.20807388138833133, 'asym_gamma_sell': 2.620064466844507, 'asym_gamma_neu': 0.5904966868845265, 'asym_gamma_buy': 1.449470680475669}. Best is trial 23 with value: 0.4421075032364468.
2026-03-23 09:58:43,989 - INFO - 🔍 RAM-Safe Streaming Scan (Treino): 878 arquivos...
2026-03-23 09:59:37,810 - INFO - ✂️ Double-Chunking (Treino): Expondo fatias de 500,000 amostras aleatórias.
2026-03-23 09:59:37,812 - INFO - 🚀 Pre-loading 500,000 samples into RAM (Lightning Mode)...
2026-03-23 10:02:48,900 - INFO - ✅ RAM-Safe Streaming Dataset: 500,000 sequences indexed and PRE-LOADED.
2026-03-23 10:02:48,902 - INFO - ✅ RAM-Safe Streaming Dataset: 500,000 sequences indexed (Mode: Lightning).
2026-03-23 10:02:48,947 - INFO - 🔍 RAM-Safe Streaming Scan (Val): 274 arquivos...
2026-03-23 10:03:02,288 - INFO - ✂️ Double-Chunking (Val): Expondo fatias de 100,000 amostras aleatórias.
2026-03-23 10:03:02,288 - INFO - 🚀 Pre-loading 100,000 samples into RAM (Lightning Mode)...
2026-03-23 10:03:59,421 - INFO - ✅ RAM-Safe Streaming Dataset: 100,000 sequences indexed and PRE-LOADED.
2026-03-23 10:03:59,423 - INFO - ✅ RAM-Safe Streaming Dataset: 100,000 sequences indexed (Mode: Lightning).
2026-03-23 10:04:00,050 - INFO - Trial 43 START | tcn=256, lstm=128, layers=5, batch=2048, seq=96 | RFE=30 | loss=ASYM (g_s=2.57, g_n=0.17, g_b=1.31) | alpha=[1.54, 0.37, 1.51], smooth=0.07
2026-03-23 10:04:38,845 - INFO - T43 E1/10 | [OK] | L: 0.66698761/0.61877020 | F1 M MIN: 0.04069423 D: 0.25893267 | [S/N/B]: [0.0407/0.3495/0.4772] | LR: 0.00021100
2026-03-23 10:05:18,125 - INFO - T43 E2/10 | [OK] | L: 0.56518646/0.54470084 | F1 M MIN: 0.03168583 D: 0.27061345 | [S/N/B]: [0.0317/0.5770/0.5095] | LR: 0.00019564
2026-03-23 10:05:57,302 - INFO - T43 E3/10 | [OK] | L: 0.54456838/0.52922077 | F1 M MIN: 0.02390566 D: 0.26779449 | [S/N/B]: [0.0239/0.6068/0.5117] | LR: 0.00017172
2026-03-23 10:06:36,821 - INFO - T43 E4/10 | [OK] | L: 0.53589426/0.51467502 | F1 M MIN: 0.03007054 D: 0.28504388 | [S/N/B]: [0.0301/0.7026/0.5400] | LR: 0.00014157
2026-03-23 10:07:16,479 - INFO - T43 E5/10 | [OK] | L: 0.53085352/0.51638641 | F1 M MIN: 0.00846012 D: 0.26487734 | [S/N/B]: [0.0085/0.6644/0.5213] | LR: 0.00010815
2026-03-23 10:07:16,560 - INFO - Trial 43 stopped early due to patience limit (4 epochs without improvement)
2026-03-23 10:07:16,834 - INFO - Trial 43 finished with value: 0.04069422886976153 and parameters: {'tcn_channels': 256, 'lstm_hidden': 128, 'num_lstm_layers': 5, 'batch_size': 2048, 'dropout': 0.38302560891237636, 'seq_len': 96, 'lr': 0.0002162960099375391, 'weight_decay': 0.0002817450380649916, 'base_alpha_sell': 1.5355187632808414, 'base_alpha_neutral': 0.3743186578745745, 'base_alpha_buy': 1.5126363965435483, 'base_loss_gamma': 1.1641350151557477, 'base_loss_smoothing': 0.069299075656724, 'asym_gamma_sell': 2.5731857114877017, 'asym_gamma_neu': 0.16520110520791198, 'asym_gamma_buy': 1.3069695771109795}. Best is trial 23 with value: 0.4421075032364468.
2026-03-23 10:07:17,603 - INFO - 🔍 RAM-Safe Streaming Scan (Treino): 878 arquivos...
2026-03-23 10:08:09,619 - INFO - ✂️ Double-Chunking (Treino): Expondo fatias de 500,000 amostras aleatórias.
2026-03-23 10:08:09,621 - INFO - 🚀 Pre-loading 500,000 samples into RAM (Lightning Mode)...
2026-03-23 10:11:19,020 - INFO - ✅ RAM-Safe Streaming Dataset: 500,000 sequences indexed and PRE-LOADED.
2026-03-23 10:11:19,021 - INFO - ✅ RAM-Safe Streaming Dataset: 500,000 sequences indexed (Mode: Lightning).
2026-03-23 10:11:19,069 - INFO - 🔍 RAM-Safe Streaming Scan (Val): 274 arquivos...
2026-03-23 10:11:32,340 - INFO - ✂️ Double-Chunking (Val): Expondo fatias de 100,000 amostras aleatórias.
2026-03-23 10:11:32,340 - INFO - 🚀 Pre-loading 100,000 samples into RAM (Lightning Mode)...
2026-03-23 10:12:29,761 - INFO - ✅ RAM-Safe Streaming Dataset: 100,000 sequences indexed and PRE-LOADED.
2026-03-23 10:12:29,762 - INFO - ✅ RAM-Safe Streaming Dataset: 100,000 sequences indexed (Mode: Lightning).
2026-03-23 10:12:30,212 - INFO - Trial 44 START | tcn=64, lstm=128, layers=4, batch=2048, seq=96 | RFE=30 | loss=ASYM (g_s=1.83, g_n=0.17, g_b=0.81) | alpha=[1.24, 0.70, 1.39], smooth=0.19
2026-03-23 10:12:52,113 - INFO - T44 E1/10 | [WARN] ZERO_PENALTY | L: 0.76807133/0.73292882 | F1 M MIN: 0.00000000 D: 0.00000000 | [S/N/B]: [0.0000/0.7054/0.5221] | LR: 0.00035647
2026-03-23 10:13:14,346 - INFO - T44 E2/10 | [WARN] ZERO_PENALTY | L: 0.70264170/0.69886860 | F1 M MIN: 0.00000000 D: 0.00000000 | [S/N/B]: [0.0000/0.7796/0.5476] | LR: 0.00033052
2026-03-23 10:13:36,346 - INFO - T44 E3/10 | [WARN] ZERO_PENALTY | L: 0.68885209/0.69172751 | F1 M MIN: 0.00000000 D: 0.00000000 | [S/N/B]: [0.0000/0.7858/0.5513] | LR: 0.00029010
2026-03-23 10:13:58,645 - INFO - T44 E4/10 | [WARN] ZERO_PENALTY | L: 0.68129882/0.67933828 | F1 M MIN: 0.00000000 D: 0.00000000 | [S/N/B]: [0.0000/0.8094/0.5607] | LR: 0.00023917
2026-03-23 10:13:58,745 - INFO - Trial 44 stopped early due to patience limit (4 epochs without improvement)
