2026-03-23 07:03:26,226 - INFO - Trial 21 finished with value: 0.0 and parameters: {'tcn_channels': 128, 'lstm_hidden': 128, 'num_lstm_layers': 4, 'batch_size': 1024, 'dropout': 0.27936771008485695, 'seq_len': 144, 'lr': 0.001969944992502187, 'weight_decay': 0.004316490845291642, 'base_alpha_sell': 1.511814196065481, 'base_alpha_neutral': 0.9544604222453554, 'base_alpha_buy': 1.3085788973053412, 'base_loss_gamma': 0.9131683091547518, 'base_loss_smoothing': 0.09865131032789833, 'asym_gamma_sell': 1.1650554849888848, 'asym_gamma_neu': 0.1725098249402854, 'asym_gamma_buy': 2.7407452962182326}. Best is trial 17 with value: 0.10917910917910918.
2026-03-23 07:03:26,887 - INFO - 🔍 RAM-Safe Streaming Scan (Treino): 878 arquivos...
2026-03-23 07:04:17,909 - INFO - ✂️ Double-Chunking (Treino): Expondo fatias de 500,000 amostras aleatórias.
2026-03-23 07:04:17,910 - INFO - 🚀 Pre-loading 500,000 samples into RAM (Lightning Mode)...
2026-03-23 07:07:27,629 - INFO - ✅ RAM-Safe Streaming Dataset: 500,000 sequences indexed and PRE-LOADED.
2026-03-23 07:07:27,631 - INFO - ✅ RAM-Safe Streaming Dataset: 500,000 sequences indexed (Mode: Lightning).
2026-03-23 07:07:27,676 - INFO - 🔍 RAM-Safe Streaming Scan (Val): 274 arquivos...
2026-03-23 07:07:41,028 - INFO - ✂️ Double-Chunking (Val): Expondo fatias de 100,000 amostras aleatórias.
2026-03-23 07:07:41,028 - INFO - 🚀 Pre-loading 100,000 samples into RAM (Lightning Mode)...
2026-03-23 07:08:38,380 - INFO - ✅ RAM-Safe Streaming Dataset: 100,000 sequences indexed and PRE-LOADED.
2026-03-23 07:08:38,381 - INFO - ✅ RAM-Safe Streaming Dataset: 100,000 sequences indexed (Mode: Lightning).
2026-03-23 07:08:38,777 - INFO - Trial 22 START | tcn=64, lstm=128, layers=5, batch=512, seq=192 | RFE=30 | loss=ASYM (g_s=1.62, g_n=0.73, g_b=0.74) | alpha=[1.33, 0.99, 1.17], smooth=0.03
2026-03-23 07:09:25,390 - INFO - T22 E1/10 | [WARN] ZERO_PENALTY | L: 0.63775797/0.53374022 | F1 M MIN: 0.00000000 D: 0.00000000 | [S/N/B]: [0.6014/0.8715/0.0000] | LR: 0.00178941
2026-03-23 07:10:12,779 - INFO - T22 E2/10 | [WARN] ZERO_PENALTY | L: 0.57646133/0.52624359 | F1 M MIN: 0.00000000 D: 0.00000000 | [S/N/B]: [0.6058/0.8783/0.0000] | LR: 0.00165914
2026-03-23 07:11:00,380 - INFO - T22 E3/10 | [WARN] ZERO_PENALTY | L: 0.56181380/0.52719921 | F1 M MIN: 0.00000000 D: 0.00000000 | [S/N/B]: [0.6015/0.8746/0.0000] | LR: 0.00145624
2026-03-23 07:11:48,203 - INFO - T22 E4/10 | [OK] | L: 0.55219550/0.50519110 | F1 M MIN: 0.01165629 D: 0.30922862 | [S/N/B]: [0.6068/0.8842/0.0117] | LR: 0.00120057
2026-03-23 07:12:36,039 - INFO - T22 E5/10 | [WARN] ZERO_PENALTY | L: 0.54716846/0.50696015 | F1 M MIN: 0.00000000 D: 0.00000000 | [S/N/B]: [0.6053/0.8814/0.0000] | LR: 0.00091715
2026-03-23 07:12:36,147 - INFO - Trial 22 pruned by Optuna at epoch 5
2026-03-23 07:12:36,260 - INFO - Trial 22 pruned.
2026-03-23 07:12:36,991 - INFO - 🔍 RAM-Safe Streaming Scan (Treino): 878 arquivos...
2026-03-23 07:13:28,363 - INFO - ✂️ Double-Chunking (Treino): Expondo fatias de 500,000 amostras aleatórias.
2026-03-23 07:13:28,364 - INFO - 🚀 Pre-loading 500,000 samples into RAM (Lightning Mode)...
2026-03-23 07:16:35,442 - INFO - ✅ RAM-Safe Streaming Dataset: 500,000 sequences indexed and PRE-LOADED.
2026-03-23 07:16:35,444 - INFO - ✅ RAM-Safe Streaming Dataset: 500,000 sequences indexed (Mode: Lightning).
2026-03-23 07:16:35,488 - INFO - 🔍 RAM-Safe Streaming Scan (Val): 274 arquivos...
2026-03-23 07:16:48,740 - INFO - ✂️ Double-Chunking (Val): Expondo fatias de 100,000 amostras aleatórias.
2026-03-23 07:16:48,740 - INFO - 🚀 Pre-loading 100,000 samples into RAM (Lightning Mode)...
2026-03-23 07:17:44,655 - INFO - ✅ RAM-Safe Streaming Dataset: 100,000 sequences indexed and PRE-LOADED.
2026-03-23 07:17:44,656 - INFO - ✅ RAM-Safe Streaming Dataset: 100,000 sequences indexed (Mode: Lightning).
2026-03-23 07:17:45,141 - INFO - Trial 23 START | tcn=64, lstm=128, layers=5, batch=2048, seq=96 | RFE=30 | loss=ASYM (g_s=1.04, g_n=0.22, g_b=1.74) | alpha=[1.51, 0.91, 1.52], smooth=0.15
2026-03-23 07:18:09,157 - INFO - T23 E1/10 | [OK] | L: 0.89806414/0.84822524 | F1 M MIN: 0.06782254 D: 0.31631955 | [S/N/B]: [0.5648/0.7913/0.0678] | LR: 0.00132859
2026-03-23 07:18:33,420 - INFO - T23 E2/10 | [OK] | L: 0.83065639/0.80548347 | F1 M MIN: 0.44210750 D: 0.44460936 | [S/N/B]: [0.4421/0.8445/0.4471] | LR: 0.00123187
2026-03-23 07:18:33,443 - INFO - [BEST MACRO]  Trial 23 | Global F1 M MIN record: 0.44210750 (prev: 0.10917911) -> saved best_tcn_lstm.pt
2026-03-23 07:18:33,492 - INFO - [BEST DIR]    Trial 23 | Global F1 Dir record: 0.44460936 (prev: 0.35579659) -> saved best_tcn_lstm_dir.pt
2026-03-23 07:18:57,712 - INFO - T23 E3/10 | [OK] | L: 0.81585827/0.80586849 | F1 M MIN: 0.13232116 D: 0.36396979 | [S/N/B]: [0.5956/0.8347/0.1323] | LR: 0.00108122
2026-03-23 07:19:22,109 - INFO - T23 E4/10 | [OK] | L: 0.80645603/0.78955093 | F1 M MIN: 0.09286814 D: 0.34780376 | [S/N/B]: [0.6027/0.8412/0.0929] | LR: 0.00089139
2026-03-23 07:19:46,457 - INFO - T23 E5/10 | [OK] | L: 0.80153661/0.79324708 | F1 M MIN: 0.07292764 D: 0.33571789 | [S/N/B]: [0.5985/0.8393/0.0729] | LR: 0.00068096
2026-03-23 07:20:10,756 - INFO - T23 E6/10 | [OK] | L: 0.79664172/0.77546003 | F1 M MIN: 0.23075344 D: 0.40523664 | [S/N/B]: [0.5797/0.8639/0.2308] | LR: 0.00047053
2026-03-23 07:20:10,811 - INFO - Trial 23 stopped early due to patience limit (4 epochs without improvement)
2026-03-23 07:20:11,081 - INFO - Trial 23 finished with value: 0.4421075032364468 and parameters: {'tcn_channels': 64, 'lstm_hidden': 128, 'num_lstm_layers': 5, 'batch_size': 2048, 'dropout': 0.34513965987300926, 'seq_len': 96, 'lr': 0.00136191786357044, 'weight_decay': 0.0006594182373372997, 'base_alpha_sell': 1.508574983277982, 'base_alpha_neutral': 0.9074423006835145, 'base_alpha_buy': 1.5175322909083573, 'base_loss_gamma': 1.3642404921553832, 'base_loss_smoothing': 0.15086572399283069, 'asym_gamma_sell': 1.0393223486752474, 'asym_gamma_neu': 0.21727793712129764, 'asym_gamma_buy': 1.7434002870111667}. Best is trial 23 with value: 0.4421075032364468.
2026-03-23 07:20:11,825 - INFO - 🔍 RAM-Safe Streaming Scan (Treino): 878 arquivos...
2026-03-23 07:21:03,479 - INFO - ✂️ Double-Chunking (Treino): Expondo fatias de 500,000 amostras aleatórias.
2026-03-23 07:21:03,480 - INFO - 🚀 Pre-loading 500,000 samples into RAM (Lightning Mode)...
2026-03-23 07:24:10,247 - INFO - ✅ RAM-Safe Streaming Dataset: 500,000 sequences indexed and PRE-LOADED.
2026-03-23 07:24:10,250 - INFO - ✅ RAM-Safe Streaming Dataset: 500,000 sequences indexed (Mode: Lightning).
2026-03-23 07:24:10,298 - INFO - 🔍 RAM-Safe Streaming Scan (Val): 274 arquivos...
2026-03-23 07:24:23,777 - INFO - ✂️ Double-Chunking (Val): Expondo fatias de 100,000 amostras aleatórias.
2026-03-23 07:24:23,778 - INFO - 🚀 Pre-loading 100,000 samples into RAM (Lightning Mode)...
2026-03-23 07:25:20,003 - INFO - ✅ RAM-Safe Streaming Dataset: 100,000 sequences indexed and PRE-LOADED.
2026-03-23 07:25:20,008 - INFO - ✅ RAM-Safe Streaming Dataset: 100,000 sequences indexed (Mode: Lightning).
2026-03-23 07:25:20,427 - INFO - Trial 24 START | tcn=64, lstm=32, layers=5, batch=2048, seq=144 | RFE=30 | loss=ASYM (g_s=0.73, g_n=0.45, g_b=0.90) | alpha=[1.34, 0.94, 1.52], smooth=0.16
2026-03-23 07:25:40,627 - INFO - T24 E1/10 | [WARN] ZERO_PENALTY | L: 0.98847303/0.87134786 | F1 M MIN: 0.00000000 D: 0.00000000 | [S/N/B]: [0.0000/0.7867/0.5478] | LR: 0.00099023
2026-03-23 07:26:00,991 - INFO - T24 E2/10 | [WARN] ZERO_PENALTY | L: 0.90361238/0.84038828 | F1 M MIN: 0.00000000 D: 0.00000000 | [S/N/B]: [0.0000/0.8265/0.5673] | LR: 0.00091814
2026-03-23 07:26:21,217 - INFO - T24 E3/10 | [WARN] ZERO_PENALTY | L: 0.88552664/0.82646523 | F1 M MIN: 0.00000000 D: 0.00000000 | [S/N/B]: [0.0000/0.8392/0.5741] | LR: 0.00080586
2026-03-23 07:26:41,596 - INFO - T24 E4/10 | [WARN] ZERO_PENALTY | L: 0.87584954/0.81519204 | F1 M MIN: 0.00000000 D: 0.00000000 | [S/N/B]: [0.0000/0.8550/0.5828] | LR: 0.00066437
2026-03-23 07:26:41,654 - INFO - Trial 24 stopped early due to patience limit (4 epochs without improvement)
2026-03-23 07:26:41,869 - INFO - Trial 24 finished with value: 0.0 and parameters: {'tcn_channels': 64, 'lstm_hidden': 32, 'num_lstm_layers': 5, 'batch_size': 2048, 'dropout': 0.3694870101349494, 'seq_len': 144, 'lr': 0.001015068083299771, 'weight_decay': 0.0028899542353352918, 'base_alpha_sell': 1.3414629236365594, 'base_alpha_neutral': 0.9394632520160898, 'base_alpha_buy': 1.5222492497032885, 'base_loss_gamma': 1.1325293391357139, 'base_loss_smoothing': 0.16319901560907457, 'asym_gamma_sell': 0.7321465191438472, 'asym_gamma_neu': 0.4543575636627285, 'asym_gamma_buy': 0.8970320123017637}. Best is trial 23 with value: 0.4421075032364468.
2026-03-23 07:26:42,453 - INFO - 🔍 RAM-Safe Streaming Scan (Treino): 878 arquivos...
2026-03-23 07:27:33,233 - INFO - ✂️ Double-Chunking (Treino): Expondo fatias de 500,000 amostras aleatórias.
2026-03-23 07:27:33,235 - INFO - 🚀 Pre-loading 500,000 samples into RAM (Lightning Mode)...
2026-03-23 07:30:41,313 - INFO - ✅ RAM-Safe Streaming Dataset: 500,000 sequences indexed and PRE-LOADED.
2026-03-23 07:30:41,314 - INFO - ✅ RAM-Safe Streaming Dataset: 500,000 sequences indexed (Mode: Lightning).
2026-03-23 07:30:41,361 - INFO - 🔍 RAM-Safe Streaming Scan (Val): 274 arquivos...
2026-03-23 07:30:54,439 - INFO - ✂️ Double-Chunking (Val): Expondo fatias de 100,000 amostras aleatórias.
2026-03-23 07:30:54,440 - INFO - 🚀 Pre-loading 100,000 samples into RAM (Lightning Mode)...
2026-03-23 07:31:51,661 - INFO - ✅ RAM-Safe Streaming Dataset: 100,000 sequences indexed and PRE-LOADED.
2026-03-23 07:31:51,663 - INFO - ✅ RAM-Safe Streaming Dataset: 100,000 sequences indexed (Mode: Lightning).
2026-03-23 07:31:52,093 - INFO - Trial 25 START | tcn=256, lstm=128, layers=5, batch=2048, seq=96 | RFE=30 | loss=ASYM (g_s=2.02, g_n=0.38, g_b=0.64) | alpha=[1.56, 0.92, 1.54], smooth=0.21
2026-03-23 07:32:30,951 - INFO - T25 E1/10 | [OK] | L: 0.96599148/0.89368625 | F1 M MIN: 0.17915501 D: 0.37621453 | [S/N/B]: [0.1792/0.8058/0.5733] | LR: 0.00046217
2026-03-23 07:33:10,186 - INFO - T25 E2/10 | [OK] | L: 0.89976567/0.86373574 | F1 M MIN: 0.02793115 D: 0.30562880 | [S/N/B]: [0.5833/0.8353/0.0279] | LR: 0.00042853
2026-03-23 07:33:49,430 - INFO - T25 E3/10 | [OK] | L: 0.88272799/0.85088579 | F1 M MIN: 0.11617959 D: 0.34826219 | [S/N/B]: [0.5803/0.8506/0.1162] | LR: 0.00037612
2026-03-23 07:34:28,857 - INFO - T25 E4/10 | [OK] | L: 0.87457446/0.85277811 | F1 M MIN: 0.37788494 D: 0.44294612 | [S/N/B]: [0.3779/0.8455/0.5080] | LR: 0.00031008
2026-03-23 07:35:08,504 - INFO - T25 E5/10 | [OK] | L: 0.86999477/0.85439300 | F1 M MIN: 0.06599653 D: 0.32260421 | [S/N/B]: [0.5792/0.8357/0.0660] | LR: 0.00023688
2026-03-23 07:35:47,928 - INFO - T25 E6/10 | [OK] | L: 0.86675024/0.83967057 | F1 M MIN: 0.20561129 D: 0.38484294 | [S/N/B]: [0.5641/0.8604/0.2056] | LR: 0.00016368
2026-03-23 07:36:27,485 - INFO - T25 E7/10 | [OK] | L: 0.86380199/0.84023858 | F1 M MIN: 0.21430438 D: 0.38703726 | [S/N/B]: [0.5598/0.8555/0.2143] | LR: 0.00009765
2026-03-23 07:37:07,081 - INFO - T25 E8/10 | [OK] | L: 0.86184477/0.83891063 | F1 M MIN: 0.19729690 D: 0.38173123 | [S/N/B]: [0.5662/0.8592/0.1973] | LR: 0.00004524
2026-03-23 07:37:07,133 - INFO - Trial 25 stopped early due to patience limit (4 epochs without improvement)
2026-03-23 07:37:07,331 - INFO - Trial 25 finished with value: 0.3778849404772497 and parameters: {'tcn_channels': 256, 'lstm_hidden': 128, 'num_lstm_layers': 5, 'batch_size': 2048, 'dropout': 0.3893453171991623, 'seq_len': 96, 'lr': 0.0004737676541092861, 'weight_decay': 0.00012170796568264731, 'base_alpha_sell': 1.5605437571105105, 'base_alpha_neutral': 0.9227163836346313, 'base_alpha_buy': 1.5427860629638097, 'base_loss_gamma': 0.9945353192116274, 'base_loss_smoothing': 0.20959844556656937, 'asym_gamma_sell': 2.0205932815288916, 'asym_gamma_neu': 0.3782571698414092, 'asym_gamma_buy': 0.6368535390061325}. Best is trial 23 with value: 0.4421075032364468.
2026-03-23 07:37:07,934 - INFO - 🔍 RAM-Safe Streaming Scan (Treino): 878 arquivos...
2026-03-23 07:37:58,875 - INFO - ✂️ Double-Chunking (Treino): Expondo fatias de 500,000 amostras aleatórias.
2026-03-23 07:37:58,877 - INFO - 🚀 Pre-loading 500,000 samples into RAM (Lightning Mode)...
2026-03-23 07:41:04,597 - INFO - ✅ RAM-Safe Streaming Dataset: 500,000 sequences indexed and PRE-LOADED.
2026-03-23 07:41:04,598 - INFO - ✅ RAM-Safe Streaming Dataset: 500,000 sequences indexed (Mode: Lightning).
2026-03-23 07:41:04,643 - INFO - 🔍 RAM-Safe Streaming Scan (Val): 274 arquivos...
2026-03-23 07:41:17,324 - INFO - ✂️ Double-Chunking (Val): Expondo fatias de 100,000 amostras aleatórias.
2026-03-23 07:41:17,325 - INFO - 🚀 Pre-loading 100,000 samples into RAM (Lightning Mode)...
2026-03-23 07:42:13,463 - INFO - ✅ RAM-Safe Streaming Dataset: 100,000 sequences indexed and PRE-LOADED.
2026-03-23 07:42:13,464 - INFO - ✅ RAM-Safe Streaming Dataset: 100,000 sequences indexed (Mode: Lightning).
2026-03-23 07:42:13,882 - INFO - Trial 26 START | tcn=512, lstm=128, layers=5, batch=2048, seq=96 | RFE=30 | loss=ASYM (g_s=2.26, g_n=0.44, g_b=0.62) | alpha=[1.12, 0.79, 1.48], smooth=0.28
2026-03-23 07:43:18,944 - INFO - T26 E1/10 | [WARN] ZERO_PENALTY | L: 0.74560171/0.69881681 | F1 M MIN: 0.00000000 D: 0.00000000 | [S/N/B]: [0.0000/0.8197/0.5601] | LR: 0.00043289
2026-03-23 07:44:24,622 - INFO - T26 E2/10 | [WARN] ZERO_PENALTY | L: 0.69602858/0.68697505 | F1 M MIN: 0.00000000 D: 0.00000000 | [S/N/B]: [0.0000/0.8175/0.5615] | LR: 0.00040138
2026-03-23 07:45:30,378 - INFO - T26 E3/10 | [WARN] ZERO_PENALTY | L: 0.68443106/0.67537842 | F1 M MIN: 0.00000000 D: 0.00000000 | [S/N/B]: [0.0000/0.8413/0.5726] | LR: 0.00035229
2026-03-23 07:46:36,351 - INFO - T26 E4/10 | [WARN] ZERO_PENALTY | L: 0.67861403/0.67355411 | F1 M MIN: 0.00000000 D: 0.00000000 | [S/N/B]: [0.0000/0.8415/0.5733] | LR: 0.00029044
2026-03-23 07:46:36,427 - INFO - Trial 26 stopped early due to patience limit (4 epochs without improvement)
2026-03-23 07:46:36,622 - INFO - Trial 26 finished with value: 0.0 and parameters: {'tcn_channels': 512, 'lstm_hidden': 128, 'num_lstm_layers': 5, 'batch_size': 2048, 'dropout': 0.35877856936966546, 'seq_len': 96, 'lr': 0.0004437492910372753, 'weight_decay': 0.0002869434405937744, 'base_alpha_sell': 1.1216770735366763, 'base_alpha_neutral': 0.7861234688727357, 'base_alpha_buy': 1.4843634495658549, 'base_loss_gamma': 1.0137942051878073, 'base_loss_smoothing': 0.2774274006152032, 'asym_gamma_sell': 2.2552460270962005, 'asym_gamma_neu': 0.4431190637368625, 'asym_gamma_buy': 0.6182371135090403}. Best is trial 23 with value: 0.4421075032364468.
2026-03-23 07:46:37,177 - INFO - 🔍 RAM-Safe Streaming Scan (Treino): 878 arquivos...
2026-03-23 07:47:27,616 - INFO - ✂️ Double-Chunking (Treino): Expondo fatias de 500,000 amostras aleatórias.
2026-03-23 07:47:27,617 - INFO - 🚀 Pre-loading 500,000 samples into RAM (Lightning Mode)...
2026-03-23 07:50:32,947 - INFO - ✅ RAM-Safe Streaming Dataset: 500,000 sequences indexed and PRE-LOADED.
2026-03-23 07:50:32,948 - INFO - ✅ RAM-Safe Streaming Dataset: 500,000 sequences indexed (Mode: Lightning).
2026-03-23 07:50:32,993 - INFO - 🔍 RAM-Safe Streaming Scan (Val): 274 arquivos...
2026-03-23 07:50:45,800 - INFO - ✂️ Double-Chunking (Val): Expondo fatias de 100,000 amostras aleatórias.
2026-03-23 07:50:45,801 - INFO - 🚀 Pre-loading 100,000 samples into RAM (Lightning Mode)...
2026-03-23 07:51:41,254 - INFO - ✅ RAM-Safe Streaming Dataset: 100,000 sequences indexed and PRE-LOADED.
2026-03-23 07:51:41,255 - INFO - ✅ RAM-Safe Streaming Dataset: 100,000 sequences indexed (Mode: Lightning).
2026-03-23 07:51:41,713 - INFO - Trial 27 START | tcn=256, lstm=64, layers=5, batch=2048, seq=96 | RFE=30 | loss=ASYM (g_s=2.54, g_n=0.48, g_b=1.11) | alpha=[1.58, 1.06, 1.24], smooth=0.19
2026-03-23 07:52:14,172 - INFO - T27 E1/10 | [WARN] ZERO_PENALTY | L: 0.84840515/0.80116115 | F1 M MIN: 0.00000000 D: 0.00000000 | [S/N/B]: [0.5491/0.7692/0.0000] | LR: 0.00027006
2026-03-23 07:52:46,892 - INFO - T27 E2/10 | [WARN] ZERO_PENALTY | L: 0.76024291/0.76545258 | F1 M MIN: 0.00000000 D: 0.00000000 | [S/N/B]: [0.5650/0.8036/0.0000] | LR: 0.00025040
2026-03-23 07:53:19,554 - INFO - T27 E3/10 | [WARN] ZERO_PENALTY | L: 0.73882976/0.73291850 | F1 M MIN: 0.00000000 D: 0.00000000 | [S/N/B]: [0.5827/0.8403/0.0000] | LR: 0.00021978
2026-03-23 07:53:52,444 - INFO - T27 E4/10 | [WARN] ZERO_PENALTY | L: 0.72722364/0.72866436 | F1 M MIN: 0.00000000 D: 0.00000000 | [S/N/B]: [0.5846/0.8442/0.0000] | LR: 0.00018119
2026-03-23 07:53:52,518 - INFO - Trial 27 stopped early due to patience limit (4 epochs without improvement)
2026-03-23 07:53:52,727 - INFO - Trial 27 finished with value: 0.0 and parameters: {'tcn_channels': 256, 'lstm_hidden': 64, 'num_lstm_layers': 5, 'batch_size': 2048, 'dropout': 0.29872934804299245, 'seq_len': 96, 'lr': 0.000276837844502481, 'weight_decay': 0.00016427456691830812, 'base_alpha_sell': 1.5823662749969838, 'base_alpha_neutral': 1.0642207556182952, 'base_alpha_buy': 1.239228997225307, 'base_loss_gamma': 1.300060729150355, 'base_loss_smoothing': 0.1908568763480664, 'asym_gamma_sell': 2.5405477932879075, 'asym_gamma_neu': 0.4804837180344762, 'asym_gamma_buy': 1.1117138891656344}. Best is trial 23 with value: 0.4421075032364468.
2026-03-23 07:53:53,379 - INFO - 🔍 RAM-Safe Streaming Scan (Treino): 878 arquivos...
2026-03-23 07:54:43,694 - INFO - ✂️ Double-Chunking (Treino): Expondo fatias de 500,000 amostras aleatórias.
2026-03-23 07:54:43,695 - INFO - 🚀 Pre-loading 500,000 samples into RAM (Lightning Mode)...
2026-03-23 07:57:46,967 - INFO - ✅ RAM-Safe Streaming Dataset: 500,000 sequences indexed and PRE-LOADED.
2026-03-23 07:57:46,969 - INFO - ✅ RAM-Safe Streaming Dataset: 500,000 sequences indexed (Mode: Lightning).
2026-03-23 07:57:47,014 - INFO - 🔍 RAM-Safe Streaming Scan (Val): 274 arquivos...
2026-03-23 07:57:59,962 - INFO - ✂️ Double-Chunking (Val): Expondo fatias de 100,000 amostras aleatórias.
2026-03-23 07:57:59,963 - INFO - 🚀 Pre-loading 100,000 samples into RAM (Lightning Mode)...
2026-03-23 07:58:55,284 - INFO - ✅ RAM-Safe Streaming Dataset: 100,000 sequences indexed and PRE-LOADED.
2026-03-23 07:58:55,285 - INFO - ✅ RAM-Safe Streaming Dataset: 100,000 sequences indexed (Mode: Lightning).
2026-03-23 07:58:55,712 - INFO - Trial 28 START | tcn=256, lstm=128, layers=5, batch=1024, seq=96 | RFE=30 | loss=ASYM (g_s=0.63, g_n=0.12, g_b=1.72) | alpha=[1.63, 1.05, 1.49], smooth=0.16
2026-03-23 07:59:36,015 - INFO - T28 E1/10 | [WARN] ZERO_PENALTY | L: 1.00585059/0.96803660 | F1 M MIN: 0.00000000 D: 0.00000000 | [S/N/B]: [0.5694/0.8127/0.0000] | LR: 0.00109414
2026-03-23 08:00:15,935 - INFO - T28 E2/10 | [WARN] ZERO_PENALTY | L: 0.94680149/0.91414266 | F1 M MIN: 0.00000000 D: 0.00000000 | [S/N/B]: [0.5971/0.8656/0.0000] | LR: 0.00101449
2026-03-23 08:00:56,911 - INFO - T28 E3/10 | [WARN] ZERO_PENALTY | L: 0.93096603/0.91325133 | F1 M MIN: 0.00000000 D: 0.00000000 | [S/N/B]: [0.5914/0.8554/0.0000] | LR: 0.00089042
2026-03-23 08:01:37,213 - INFO - T28 E4/10 | [WARN] ZERO_PENALTY | L: 0.92409645/0.91155551 | F1 M MIN: 0.00000000 D: 0.00000000 | [S/N/B]: [0.5923/0.8576/0.0000] | LR: 0.00073409
2026-03-23 08:01:37,361 - INFO - Trial 28 stopped early due to patience limit (4 epochs without improvement)
2026-03-23 08:01:37,678 - INFO - Trial 28 finished with value: 0.0 and parameters: {'tcn_channels': 256, 'lstm_hidden': 128, 'num_lstm_layers': 5, 'batch_size': 1024, 'dropout': 0.35040052826073004, 'seq_len': 96, 'lr': 0.001121590623161762, 'weight_decay': 0.000557146949238432, 'base_alpha_sell': 1.6319802244739372, 'base_alpha_neutral': 1.0530087373266521, 'base_alpha_buy': 1.4880471732182807, 'base_loss_gamma': 1.5897065596669702, 'base_loss_smoothing': 0.15717130901959772, 'asym_gamma_sell': 0.6333450298227213, 'asym_gamma_neu': 0.12429784019595459, 'asym_gamma_buy': 1.7179052827143337}. Best is trial 23 with value: 0.4421075032364468.
2026-03-23 08:01:38,696 - INFO - 🔍 RAM-Safe Streaming Scan (Treino): 878 arquivos...
2026-03-23 08:02:36,458 - INFO - ✂️ Double-Chunking (Treino): Expondo fatias de 500,000 amostras aleatórias.
2026-03-23 08:02:36,460 - INFO - 🚀 Pre-loading 500,000 samples into RAM (Lightning Mode)...
2026-03-23 08:05:56,963 - INFO - ✅ RAM-Safe Streaming Dataset: 500,000 sequences indexed and PRE-LOADED.
2026-03-23 08:05:56,965 - INFO - ✅ RAM-Safe Streaming Dataset: 500,000 sequences indexed (Mode: Lightning).
2026-03-23 08:05:57,010 - INFO - 🔍 RAM-Safe Streaming Scan (Val): 274 arquivos...
2026-03-23 08:06:11,402 - INFO - ✂️ Double-Chunking (Val): Expondo fatias de 100,000 amostras aleatórias.
2026-03-23 08:06:11,403 - INFO - 🚀 Pre-loading 100,000 samples into RAM (Lightning Mode)...
2026-03-23 08:07:11,551 - INFO - ✅ RAM-Safe Streaming Dataset: 100,000 sequences indexed and PRE-LOADED.
2026-03-23 08:07:11,553 - INFO - ✅ RAM-Safe Streaming Dataset: 100,000 sequences indexed (Mode: Lightning).
2026-03-23 08:07:12,009 - INFO - Trial 29 START | tcn=64, lstm=256, layers=5, batch=1024, seq=144 | RFE=30 | loss=ASYM (g_s=0.99, g_n=0.39, g_b=0.79) | alpha=[1.26, 1.08, 0.94], smooth=0.20
2026-03-23 08:08:12,216 - INFO - T29 E1/10 | [WARN] ZERO_PENALTY | L: 0.73897514/0.69307693 | F1 M MIN: 0.00000000 D: 0.00000000 | [S/N/B]: [0.5904/0.8502/0.0000] | LR: 0.00143716
2026-03-23 08:09:12,284 - INFO - T29 E2/10 | [WARN] ZERO_PENALTY | L: 0.69022271/0.66505433 | F1 M MIN: 0.00000000 D: 0.00000000 | [S/N/B]: [0.6014/0.8699/0.0000] | LR: 0.00133253
2026-03-23 08:10:13,334 - INFO - T29 E3/10 | [WARN] ZERO_PENALTY | L: 0.67893252/0.66247836 | F1 M MIN: 0.00000000 D: 0.00000000 | [S/N/B]: [0.6057/0.8769/0.0000] | LR: 0.00116957
2026-03-23 08:11:13,916 - INFO - T29 E4/10 | [WARN] ZERO_PENALTY | L: 0.67299821/0.66232547 | F1 M MIN: 0.00000000 D: 0.00000000 | [S/N/B]: [0.6081/0.8814/0.0000] | LR: 0.00096423
2026-03-23 08:11:13,982 - INFO - Trial 29 stopped early due to patience limit (4 epochs without improvement)
