2026-03-25 11:32:15,931 - INFO - Trial 249 finished with value: 0.4455644846687993 and parameters: {'tcn_channels': 256, 'lstm_hidden': 256, 'num_lstm_layers': 2, 'batch_size': 1024, 'dropout': 0.25883767203083713, 'seq_len': 144, 'lr': 0.00024451128394488815, 'weight_decay': 0.003092534379950829, 'base_alpha_sell': 1.4499449723209115, 'base_alpha_neutral': 0.5636042777447057, 'base_alpha_buy': 1.430117237876503, 'base_loss_gamma': 0.980275333218537, 'base_loss_smoothing': 0.24205007308383827, 'asym_gamma_sell': 2.5926712034040955, 'asym_gamma_neu': 0.5728281425780652, 'asym_gamma_buy': 0.8041608465650799}. Best is trial 193 with value: 0.4857577883085556.
2026-03-25 11:32:16,485 - INFO - 🔍 RAM-Safe Streaming Scan (Treino): 878 arquivos...
2026-03-25 11:33:07,296 - INFO - ✂️ Double-Chunking (Treino): Expondo fatias de 500,000 amostras aleatórias.
2026-03-25 11:33:07,297 - INFO - 🚀 Pre-loading 500,000 samples into RAM (Lightning Mode)...
2026-03-25 11:36:19,754 - INFO - ✅ RAM-Safe Streaming Dataset: 500,000 sequences indexed and PRE-LOADED.
2026-03-25 11:36:19,756 - INFO - ✅ RAM-Safe Streaming Dataset: 500,000 sequences indexed (Mode: Lightning).
2026-03-25 11:36:19,807 - INFO - 🔍 RAM-Safe Streaming Scan (Val): 274 arquivos...
2026-03-25 11:36:32,131 - INFO - ✂️ Double-Chunking (Val): Expondo fatias de 100,000 amostras aleatórias.
2026-03-25 11:36:32,131 - INFO - 🚀 Pre-loading 100,000 samples into RAM (Lightning Mode)...
2026-03-25 11:37:30,121 - INFO - ✅ RAM-Safe Streaming Dataset: 100,000 sequences indexed and PRE-LOADED.
2026-03-25 11:37:30,122 - INFO - ✅ RAM-Safe Streaming Dataset: 100,000 sequences indexed (Mode: Lightning).
2026-03-25 11:37:30,529 - INFO - Trial 250 START | tcn=512, lstm=128, layers=2, batch=512, seq=144 | RFE=30 | loss=ASYM (g_s=1.95, g_n=1.20, g_b=1.64) | alpha=[1.65, 0.95, 1.76], smooth=0.15
2026-03-25 11:39:06,698 - INFO - T250 E1/10 | [OK] | L: 0.83992403/0.74882647 | F1 M MIN: 0.07775350 D: 0.31875503 | [S/N/B]: [0.0778/0.8070/0.5598] | LR: 0.00026653
2026-03-25 11:40:44,102 - INFO - T250 E2/10 | [OK] | L: 0.78285012/0.74027687 | F1 M MIN: 0.40402803 D: 0.44885826 | [S/N/B]: [0.4937/0.8183/0.4040] | LR: 0.00024713
2026-03-25 11:42:21,432 - INFO - T250 E3/10 | [OK] | L: 0.76988549/0.72834639 | F1 M MIN: 0.17671626 D: 0.37415710 | [S/N/B]: [0.1767/0.8162/0.5716] | LR: 0.00021690
2026-03-25 11:43:58,890 - INFO - T250 E4/10 | [OK] | L: 0.76209401/0.71203275 | F1 M MIN: 0.43968937 D: 0.46574975 | [S/N/B]: [0.4397/0.8353/0.4918] | LR: 0.00017882
2026-03-25 11:45:36,601 - INFO - T250 E5/10 | [OK] | L: 0.75491945/0.70649605 | F1 M MIN: 0.45247148 D: 0.47162329 | [S/N/B]: [0.4525/0.8449/0.4908] | LR: 0.00013661
2026-03-25 11:47:14,426 - INFO - T250 E6/10 | [OK] | L: 0.74871446/0.70554978 | F1 M MIN: 0.33602970 D: 0.44464495 | [S/N/B]: [0.3360/0.8327/0.5533] | LR: 0.00009439
2026-03-25 11:48:51,829 - INFO - T250 E7/10 | [OK] | L: 0.74312463/0.70091422 | F1 M MIN: 0.46879827 D: 0.48146880 | [S/N/B]: [0.4688/0.8431/0.4941] | LR: 0.00005631
2026-03-25 11:50:29,526 - INFO - T250 E8/10 | [OK] | L: 0.73779866/0.70236998 | F1 M MIN: 0.44920523 D: 0.47870374 | [S/N/B]: [0.4492/0.8346/0.5082] | LR: 0.00002609
2026-03-25 11:52:06,900 - INFO - T250 E9/10 | [OK] | L: 0.73411520/0.70459493 | F1 M MIN: 0.46953140 D: 0.48240702 | [S/N/B]: [0.4695/0.8322/0.4953] | LR: 0.00000669
2026-03-25 11:53:44,390 - INFO - T250 E10/10 | [OK] | L: 0.73186357/0.69931473 | F1 M MIN: 0.45958139 D: 0.48310350 | [S/N/B]: [0.4596/0.8408/0.5066] | LR: 0.00000000
2026-03-25 11:53:44,737 - INFO - Trial 250 finished with value: 0.4695314047057553 and parameters: {'tcn_channels': 512, 'lstm_hidden': 128, 'num_lstm_layers': 2, 'batch_size': 512, 'dropout': 0.26209634453935793, 'seq_len': 144, 'lr': 0.00027321491014682567, 'weight_decay': 0.00041799974723753845, 'base_alpha_sell': 1.6507907510456739, 'base_alpha_neutral': 0.95192205758111, 'base_alpha_buy': 1.7600798679373595, 'base_loss_gamma': 4.7091442702790545, 'base_loss_smoothing': 0.15269595026778932, 'asym_gamma_sell': 1.950120942769114, 'asym_gamma_neu': 1.2025432169276087, 'asym_gamma_buy': 1.635502155787747}. Best is trial 193 with value: 0.4857577883085556.
2026-03-25 11:53:45,279 - INFO - 🔍 RAM-Safe Streaming Scan (Treino): 878 arquivos...
2026-03-25 11:54:35,325 - INFO - ✂️ Double-Chunking (Treino): Expondo fatias de 500,000 amostras aleatórias.
2026-03-25 11:54:35,327 - INFO - 🚀 Pre-loading 500,000 samples into RAM (Lightning Mode)...
2026-03-25 11:58:12,332 - INFO - ✅ RAM-Safe Streaming Dataset: 500,000 sequences indexed and PRE-LOADED.
2026-03-25 11:58:12,333 - INFO - ✅ RAM-Safe Streaming Dataset: 500,000 sequences indexed (Mode: Lightning).
2026-03-25 11:58:12,382 - INFO - 🔍 RAM-Safe Streaming Scan (Val): 274 arquivos...
2026-03-25 11:58:24,972 - INFO - ✂️ Double-Chunking (Val): Expondo fatias de 100,000 amostras aleatórias.
2026-03-25 11:58:24,973 - INFO - 🚀 Pre-loading 100,000 samples into RAM (Lightning Mode)...
2026-03-25 11:59:22,166 - INFO - ✅ RAM-Safe Streaming Dataset: 100,000 sequences indexed and PRE-LOADED.
2026-03-25 11:59:22,168 - INFO - ✅ RAM-Safe Streaming Dataset: 100,000 sequences indexed (Mode: Lightning).
2026-03-25 11:59:22,559 - INFO - Trial 251 START | tcn=128, lstm=128, layers=5, batch=512, seq=96 | RFE=30 | loss=ASYM (g_s=1.25, g_n=0.62, g_b=2.09) | alpha=[1.53, 0.99, 1.41], smooth=0.15
2026-03-25 12:00:00,003 - INFO - T251 E1/10 | [WARN] ZERO_PENALTY | L: 0.78080651/0.70300347 | F1 M MIN: 0.00000000 D: 0.00000000 | [S/N/B]: [0.5924/0.8513/0.0000] | LR: 0.00053719
2026-03-25 12:00:37,337 - INFO - T251 E2/10 | [WARN] ZERO_PENALTY | L: 0.72098130/0.68321953 | F1 M MIN: 0.00000000 D: 0.00000000 | [S/N/B]: [0.6002/0.8640/0.0000] | LR: 0.00049809
2026-03-25 12:01:14,633 - INFO - T251 E3/10 | [WARN] ZERO_PENALTY | L: 0.70884599/0.68345760 | F1 M MIN: 0.00000000 D: 0.00000000 | [S/N/B]: [0.6019/0.8681/0.0000] | LR: 0.00043717
2026-03-25 12:01:52,390 - INFO - T251 E4/10 | [WARN] ZERO_PENALTY | L: 0.70308929/0.68294456 | F1 M MIN: 0.00000000 D: 0.00000000 | [S/N/B]: [0.5976/0.8620/0.0000] | LR: 0.00036042
2026-03-25 12:01:52,451 - INFO - Trial 251 stopped early due to patience limit (4 epochs without improvement)
2026-03-25 12:01:52,635 - INFO - Trial 251 finished with value: 0.0 and parameters: {'tcn_channels': 128, 'lstm_hidden': 128, 'num_lstm_layers': 5, 'batch_size': 512, 'dropout': 0.36377154152951807, 'seq_len': 96, 'lr': 0.0005506704300256101, 'weight_decay': 0.0007259089221820013, 'base_alpha_sell': 1.5301524747768944, 'base_alpha_neutral': 0.9942702966330241, 'base_alpha_buy': 1.4132087040747043, 'base_loss_gamma': 1.098462004511169, 'base_loss_smoothing': 0.1473178955479812, 'asym_gamma_sell': 1.2475192165184026, 'asym_gamma_neu': 0.6157817562173673, 'asym_gamma_buy': 2.085719310380294}. Best is trial 193 with value: 0.4857577883085556.
2026-03-25 12:01:53,257 - INFO - 🔍 RAM-Safe Streaming Scan (Treino): 878 arquivos...
2026-03-25 12:02:45,994 - INFO - ✂️ Double-Chunking (Treino): Expondo fatias de 500,000 amostras aleatórias.
2026-03-25 12:02:45,995 - INFO - 🚀 Pre-loading 500,000 samples into RAM (Lightning Mode)...
2026-03-25 12:06:02,169 - INFO - ✅ RAM-Safe Streaming Dataset: 500,000 sequences indexed and PRE-LOADED.
2026-03-25 12:06:02,175 - INFO - ✅ RAM-Safe Streaming Dataset: 500,000 sequences indexed (Mode: Lightning).
2026-03-25 12:06:02,223 - INFO - 🔍 RAM-Safe Streaming Scan (Val): 274 arquivos...
2026-03-25 12:06:14,979 - INFO - ✂️ Double-Chunking (Val): Expondo fatias de 100,000 amostras aleatórias.
2026-03-25 12:06:14,979 - INFO - 🚀 Pre-loading 100,000 samples into RAM (Lightning Mode)...
2026-03-25 12:07:14,117 - INFO - ✅ RAM-Safe Streaming Dataset: 100,000 sequences indexed and PRE-LOADED.
2026-03-25 12:07:14,119 - INFO - ✅ RAM-Safe Streaming Dataset: 100,000 sequences indexed (Mode: Lightning).
2026-03-25 12:07:14,534 - INFO - Trial 252 START | tcn=64, lstm=256, layers=2, batch=512, seq=144 | RFE=30 | loss=ASYM (g_s=0.83, g_n=0.30, g_b=2.35) | alpha=[1.13, 0.64, 1.30], smooth=0.13
2026-03-25 12:07:59,318 - INFO - T252 E1/10 | [OK] | L: 0.58251460/0.55599707 | F1 M MIN: 0.29119848 D: 0.41361564 | [S/N/B]: [0.5360/0.7593/0.2912] | LR: 0.00020701
2026-03-25 12:08:41,211 - INFO - T252 E2/10 | [OK] | L: 0.53928496/0.53803640 | F1 M MIN: 0.24467214 D: 0.40573688 | [S/N/B]: [0.5668/0.7727/0.2447] | LR: 0.00019194
2026-03-25 12:09:25,130 - INFO - T252 E3/10 | [OK] | L: 0.52466515/0.52186279 | F1 M MIN: 0.33387918 D: 0.43715626 | [S/N/B]: [0.5404/0.8064/0.3339] | LR: 0.00016847
2026-03-25 12:10:09,923 - INFO - T252 E4/10 | [OK] | L: 0.51604466/0.51265429 | F1 M MIN: 0.34827095 D: 0.44141032 | [S/N/B]: [0.5345/0.8260/0.3483] | LR: 0.00013889
2026-03-25 12:10:54,088 - INFO - T252 E5/10 | [OK] | L: 0.51064962/0.50849280 | F1 M MIN: 0.24896450 D: 0.41393365 | [S/N/B]: [0.5789/0.8225/0.2490] | LR: 0.00010610
2026-03-25 12:11:38,937 - INFO - T252 E6/10 | [OK] | L: 0.50643819/0.50583769 | F1 M MIN: 0.26810995 D: 0.41696097 | [S/N/B]: [0.5658/0.8283/0.2681] | LR: 0.00007331
2026-03-25 12:11:39,032 - INFO - Trial 252 pruned by Optuna at epoch 6
2026-03-25 12:11:39,122 - INFO - Trial 252 pruned.
2026-03-25 12:11:39,783 - INFO - 🔍 RAM-Safe Streaming Scan (Treino): 878 arquivos...
2026-03-25 12:12:29,570 - INFO - ✂️ Double-Chunking (Treino): Expondo fatias de 500,000 amostras aleatórias.
2026-03-25 12:12:29,571 - INFO - 🚀 Pre-loading 500,000 samples into RAM (Lightning Mode)...
2026-03-25 12:15:44,425 - INFO - ✅ RAM-Safe Streaming Dataset: 500,000 sequences indexed and PRE-LOADED.
2026-03-25 12:15:44,427 - INFO - ✅ RAM-Safe Streaming Dataset: 500,000 sequences indexed (Mode: Lightning).
2026-03-25 12:15:44,476 - INFO - 🔍 RAM-Safe Streaming Scan (Val): 274 arquivos...
2026-03-25 12:15:56,980 - INFO - ✂️ Double-Chunking (Val): Expondo fatias de 100,000 amostras aleatórias.
2026-03-25 12:15:56,981 - INFO - 🚀 Pre-loading 100,000 samples into RAM (Lightning Mode)...
2026-03-25 12:16:56,535 - INFO - ✅ RAM-Safe Streaming Dataset: 100,000 sequences indexed and PRE-LOADED.
2026-03-25 12:16:56,536 - INFO - ✅ RAM-Safe Streaming Dataset: 100,000 sequences indexed (Mode: Lightning).
2026-03-25 12:16:57,124 - INFO - Trial 253 START | tcn=256, lstm=256, layers=3, batch=1024, seq=144 | RFE=30 | loss=ASYM (g_s=1.62, g_n=0.62, g_b=1.57) | alpha=[1.35, 0.65, 1.57], smooth=0.17
2026-03-25 12:18:06,611 - INFO - T253 E1/10 | [OK] | L: 0.65797359/0.60395847 | F1 M MIN: 0.01299960 D: 0.28137957 | [S/N/B]: [0.0130/0.7804/0.5498] | LR: 0.00101491
2026-03-25 12:19:16,228 - INFO - T253 E2/10 | [OK] | L: 0.61757441/0.60125413 | F1 M MIN: 0.00014607 D: 0.27260583 | [S/N/B]: [0.0001/0.7586/0.5451] | LR: 0.00094102
2026-03-25 12:20:26,918 - INFO - T253 E3/10 | [OK] | L: 0.60955900/0.58495762 | F1 M MIN: 0.25038825 D: 0.39126486 | [S/N/B]: [0.2504/0.8060/0.5321] | LR: 0.00082594
2026-03-25 12:21:37,156 - INFO - T253 E4/10 | [OK] | L: 0.60389107/0.58038459 | F1 M MIN: 0.30809068 D: 0.42174705 | [S/N/B]: [0.3081/0.8088/0.5354] | LR: 0.00068093
2026-03-25 12:22:48,125 - INFO - T253 E5/10 | [OK] | L: 0.59834191/0.58072748 | F1 M MIN: 0.16071014 D: 0.36332813 | [S/N/B]: [0.1607/0.7969/0.5659] | LR: 0.00052018
2026-03-25 12:23:58,408 - INFO - T253 E6/10 | [OK] | L: 0.59276190/0.58252885 | F1 M MIN: 0.42636536 D: 0.46194335 | [S/N/B]: [0.4264/0.7833/0.4975] | LR: 0.00035944
2026-03-25 12:25:09,402 - INFO - T253 E7/10 | [OK] | L: 0.58827865/0.57497482 | F1 M MIN: 0.30077405 D: 0.42733799 | [S/N/B]: [0.3008/0.8089/0.5539] | LR: 0.00021443
2026-03-25 12:26:19,771 - INFO - T253 E8/10 | [OK] | L: 0.58429413/0.57664990 | F1 M MIN: 0.43959732 D: 0.46998906 | [S/N/B]: [0.4396/0.8008/0.5004] | LR: 0.00009935
2026-03-25 12:27:30,789 - INFO - T253 E9/10 | [OK] | L: 0.58103689/0.57420222 | F1 M MIN: 0.35835133 D: 0.44990773 | [S/N/B]: [0.3584/0.8051/0.5415] | LR: 0.00002546
2026-03-25 12:28:41,192 - INFO - T253 E10/10 | [OK] | L: 0.57876955/0.57377454 | F1 M MIN: 0.38531339 D: 0.45977500 | [S/N/B]: [0.3853/0.8105/0.5342] | LR: 0.00000000
2026-03-25 12:28:41,292 - INFO - Trial 253 pruned by Optuna at epoch 10
2026-03-25 12:28:41,389 - INFO - Trial 253 pruned.
2026-03-25 12:28:42,172 - INFO - 🔍 RAM-Safe Streaming Scan (Treino): 878 arquivos...
2026-03-25 12:29:31,535 - INFO - ✂️ Double-Chunking (Treino): Expondo fatias de 500,000 amostras aleatórias.
2026-03-25 12:29:31,536 - INFO - 🚀 Pre-loading 500,000 samples into RAM (Lightning Mode)...
2026-03-25 12:32:48,744 - INFO - ✅ RAM-Safe Streaming Dataset: 500,000 sequences indexed and PRE-LOADED.
2026-03-25 12:32:48,746 - INFO - ✅ RAM-Safe Streaming Dataset: 500,000 sequences indexed (Mode: Lightning).
2026-03-25 12:32:48,799 - INFO - 🔍 RAM-Safe Streaming Scan (Val): 274 arquivos...
2026-03-25 12:33:01,440 - INFO - ✂️ Double-Chunking (Val): Expondo fatias de 100,000 amostras aleatórias.
2026-03-25 12:33:01,440 - INFO - 🚀 Pre-loading 100,000 samples into RAM (Lightning Mode)...
2026-03-25 12:33:58,936 - INFO - ✅ RAM-Safe Streaming Dataset: 100,000 sequences indexed and PRE-LOADED.
2026-03-25 12:33:58,937 - INFO - ✅ RAM-Safe Streaming Dataset: 100,000 sequences indexed (Mode: Lightning).
2026-03-25 12:33:59,346 - INFO - Trial 254 START | tcn=512, lstm=128, layers=2, batch=512, seq=144 | RFE=30 | loss=ASYM (g_s=2.26, g_n=1.17, g_b=2.13) | alpha=[1.57, 1.03, 1.73], smooth=0.18
2026-03-25 12:35:35,229 - INFO - T254 E1/10 | [OK] | L: 0.77458723/0.71024273 | F1 M MIN: 0.00029029 D: 0.28341150 | [S/N/B]: [0.0003/0.8279/0.5665] | LR: 0.00061641
2026-03-25 12:37:12,584 - INFO - T254 E2/10 | [OK] | L: 0.72597752/0.68460489 | F1 M MIN: 0.00021766 D: 0.29220817 | [S/N/B]: [0.0002/0.8626/0.5842] | LR: 0.00057153
2026-03-25 12:38:49,937 - INFO - T254 E3/10 | [OK] | L: 0.71354193/0.68571982 | F1 M MIN: 0.29612756 D: 0.41108804 | [S/N/B]: [0.2961/0.8391/0.5260] | LR: 0.00050164
2026-03-25 12:40:27,604 - INFO - T254 E4/10 | [OK] | L: 0.70618820/0.67441427 | F1 M MIN: 0.41770831 D: 0.46571893 | [S/N/B]: [0.4177/0.8571/0.5137] | LR: 0.00041356
2026-03-25 12:42:05,138 - INFO - T254 E5/10 | [OK] | L: 0.70013682/0.67288852 | F1 M MIN: 0.44521938 D: 0.47480641 | [S/N/B]: [0.4452/0.8580/0.5044] | LR: 0.00031593
2026-03-25 12:43:42,796 - INFO - T254 E6/10 | [OK] | L: 0.69359588/0.66604538 | F1 M MIN: 0.37379872 D: 0.45442881 | [S/N/B]: [0.3738/0.8608/0.5351] | LR: 0.00021831
2026-03-25 12:45:20,157 - INFO - T254 E7/10 | [OK] | L: 0.68866928/0.66945505 | F1 M MIN: 0.41004690 D: 0.46852650 | [S/N/B]: [0.4100/0.8500/0.5270] | LR: 0.00013023
2026-03-25 12:46:57,831 - INFO - T254 E8/10 | [OK] | L: 0.68346112/0.66195963 | F1 M MIN: 0.42747662 D: 0.47640987 | [S/N/B]: [0.4275/0.8638/0.5253] | LR: 0.00006034
2026-03-25 12:48:35,532 - INFO - T254 E9/10 | [OK] | L: 0.67936519/0.66075535 | F1 M MIN: 0.39815900 D: 0.46892790 | [S/N/B]: [0.3982/0.8623/0.5397] | LR: 0.00001546
2026-03-25 12:48:35,573 - INFO - Trial 254 stopped early due to patience limit (4 epochs without improvement)
2026-03-25 12:48:35,761 - INFO - Trial 254 finished with value: 0.44521937860787675 and parameters: {'tcn_channels': 512, 'lstm_hidden': 128, 'num_lstm_layers': 2, 'batch_size': 512, 'dropout': 0.22315294070795247, 'seq_len': 144, 'lr': 0.0006318696470421155, 'weight_decay': 0.0005549410328079742, 'base_alpha_sell': 1.5696940141639697, 'base_alpha_neutral': 1.0281199901577813, 'base_alpha_buy': 1.7341904759142046, 'base_loss_gamma': 4.907025144874319, 'base_loss_smoothing': 0.17977927747491193, 'asym_gamma_sell': 2.261946173318332, 'asym_gamma_neu': 1.1739776489599307, 'asym_gamma_buy': 2.1286315376345737}. Best is trial 193 with value: 0.4857577883085556.
2026-03-25 12:48:36,330 - INFO - 🔍 RAM-Safe Streaming Scan (Treino): 878 arquivos...
2026-03-25 12:49:26,108 - INFO - ✂️ Double-Chunking (Treino): Expondo fatias de 500,000 amostras aleatórias.
2026-03-25 12:49:26,109 - INFO - 🚀 Pre-loading 500,000 samples into RAM (Lightning Mode)...
2026-03-25 12:52:42,455 - INFO - ✅ RAM-Safe Streaming Dataset: 500,000 sequences indexed and PRE-LOADED.
2026-03-25 12:52:42,456 - INFO - ✅ RAM-Safe Streaming Dataset: 500,000 sequences indexed (Mode: Lightning).
2026-03-25 12:52:42,502 - INFO - 🔍 RAM-Safe Streaming Scan (Val): 274 arquivos...
2026-03-25 12:52:55,378 - INFO - ✂️ Double-Chunking (Val): Expondo fatias de 100,000 amostras aleatórias.
2026-03-25 12:52:55,379 - INFO - 🚀 Pre-loading 100,000 samples into RAM (Lightning Mode)...
2026-03-25 12:53:53,162 - INFO - ✅ RAM-Safe Streaming Dataset: 100,000 sequences indexed and PRE-LOADED.
2026-03-25 12:53:53,163 - INFO - ✅ RAM-Safe Streaming Dataset: 100,000 sequences indexed (Mode: Lightning).
2026-03-25 12:53:53,615 - INFO - Trial 255 START | tcn=512, lstm=128, layers=2, batch=512, seq=144 | RFE=30 | loss=ASYM (g_s=1.83, g_n=0.97, g_b=2.34) | alpha=[1.44, 1.07, 1.44], smooth=0.16
2026-03-25 12:55:29,704 - INFO - T255 E1/10 | [OK] | L: 0.66523574/0.61180499 | F1 M MIN: 0.12517817 D: 0.35464559 | [S/N/B]: [0.5841/0.8644/0.1252] | LR: 0.00090514
2026-03-25 12:57:07,200 - INFO - T255 E2/10 | [OK] | L: 0.62108615/0.59806298 | F1 M MIN: 0.01958151 D: 0.31363855 | [S/N/B]: [0.6077/0.8792/0.0196] | LR: 0.00083924
2026-03-25 12:58:44,452 - INFO - T255 E3/10 | [OK] | L: 0.61171645/0.59166877 | F1 M MIN: 0.02140946 D: 0.31500597 | [S/N/B]: [0.6086/0.8821/0.0214] | LR: 0.00073661
2026-03-25 13:00:21,996 - INFO - T255 E4/10 | [OK] | L: 0.60684442/0.58918559 | F1 M MIN: 0.08841473 D: 0.34681684 | [S/N/B]: [0.6052/0.8828/0.0884] | LR: 0.00060728
2026-03-25 13:01:59,535 - INFO - T255 E5/10 | [OK] | L: 0.60231796/0.58263217 | F1 M MIN: 0.17047767 D: 0.38143214 | [S/N/B]: [0.5924/0.8869/0.1705] | LR: 0.00046392
2026-03-25 13:01:59,662 - INFO - Trial 255 pruned by Optuna at epoch 5
2026-03-25 13:01:59,743 - INFO - Trial 255 pruned.
2026-03-25 13:02:00,362 - INFO - 🔍 RAM-Safe Streaming Scan (Treino): 878 arquivos...
2026-03-25 13:02:50,034 - INFO - ✂️ Double-Chunking (Treino): Expondo fatias de 500,000 amostras aleatórias.
2026-03-25 13:02:50,034 - INFO - 🚀 Pre-loading 500,000 samples into RAM (Lightning Mode)...
2026-03-25 13:06:05,411 - INFO - ✅ RAM-Safe Streaming Dataset: 500,000 sequences indexed and PRE-LOADED.
2026-03-25 13:06:05,414 - INFO - ✅ RAM-Safe Streaming Dataset: 500,000 sequences indexed (Mode: Lightning).
2026-03-25 13:06:05,468 - INFO - 🔍 RAM-Safe Streaming Scan (Val): 274 arquivos...
2026-03-25 13:06:18,157 - INFO - ✂️ Double-Chunking (Val): Expondo fatias de 100,000 amostras aleatórias.
2026-03-25 13:06:18,158 - INFO - 🚀 Pre-loading 100,000 samples into RAM (Lightning Mode)...
2026-03-25 13:07:16,307 - INFO - ✅ RAM-Safe Streaming Dataset: 100,000 sequences indexed and PRE-LOADED.
2026-03-25 13:07:16,317 - INFO - ✅ RAM-Safe Streaming Dataset: 100,000 sequences indexed (Mode: Lightning).
2026-03-25 13:07:16,748 - INFO - Trial 256 START | tcn=256, lstm=256, layers=2, batch=1024, seq=144 | RFE=30 | loss=ASYM (g_s=4.18, g_n=0.43, g_b=1.28) | alpha=[1.90, 0.71, 1.51], smooth=0.21
2026-03-25 13:08:17,841 - INFO - T256 E1/10 | [OK] | L: 0.74809937/0.73800606 | F1 M MIN: 0.00162578 D: 0.26165689 | [S/N/B]: [0.5217/0.6628/0.0016] | LR: 0.00037923
2026-03-25 13:09:18,925 - INFO - T256 E2/10 | [OK] | L: 0.70413738/0.70592581 | F1 M MIN: 0.02455760 D: 0.28585047 | [S/N/B]: [0.5471/0.7527/0.0246] | LR: 0.00035162
2026-03-25 13:10:20,870 - INFO - T256 E3/10 | [OK] | L: 0.69113728/0.70295818 | F1 M MIN: 0.05911330 D: 0.30225518 | [S/N/B]: [0.5454/0.7516/0.0591] | LR: 0.00030862
2026-03-25 13:11:22,417 - INFO - T256 E4/10 | [OK] | L: 0.68491532/0.70141420 | F1 M MIN: 0.23872076 D: 0.38125420 | [S/N/B]: [0.5238/0.7353/0.2387] | LR: 0.00025444
2026-03-25 13:12:24,652 - INFO - T256 E5/10 | [OK] | L: 0.67987739/0.69753423 | F1 M MIN: 0.23978495 D: 0.38929934 | [S/N/B]: [0.5388/0.7523/0.2398] | LR: 0.00019437
2026-03-25 13:12:25,014 - INFO - Trial 256 pruned by Optuna at epoch 5
2026-03-25 13:12:25,135 - INFO - Trial 256 pruned.
2026-03-25 13:12:25,843 - INFO - 🔍 RAM-Safe Streaming Scan (Treino): 878 arquivos...
2026-03-25 13:13:16,429 - INFO - ✂️ Double-Chunking (Treino): Expondo fatias de 500,000 amostras aleatórias.
2026-03-25 13:13:16,430 - INFO - 🚀 Pre-loading 500,000 samples into RAM (Lightning Mode)...
2026-03-25 13:16:35,082 - INFO - ✅ RAM-Safe Streaming Dataset: 500,000 sequences indexed and PRE-LOADED.
2026-03-25 13:16:35,083 - INFO - ✅ RAM-Safe Streaming Dataset: 500,000 sequences indexed (Mode: Lightning).
2026-03-25 13:16:35,140 - INFO - 🔍 RAM-Safe Streaming Scan (Val): 274 arquivos...
2026-03-25 13:16:47,572 - INFO - ✂️ Double-Chunking (Val): Expondo fatias de 100,000 amostras aleatórias.
2026-03-25 13:16:47,573 - INFO - 🚀 Pre-loading 100,000 samples into RAM (Lightning Mode)...
2026-03-25 13:17:47,540 - INFO - ✅ RAM-Safe Streaming Dataset: 100,000 sequences indexed and PRE-LOADED.
2026-03-25 13:17:47,541 - INFO - ✅ RAM-Safe Streaming Dataset: 100,000 sequences indexed (Mode: Lightning).
2026-03-25 13:17:47,944 - INFO - Trial 257 START | tcn=512, lstm=256, layers=3, batch=1024, seq=192 | RFE=30 | loss=ASYM (g_s=2.86, g_n=1.01, g_b=3.25) | alpha=[1.78, 0.85, 1.69], smooth=0.20
2026-03-25 13:20:28,199 - INFO - T257 E1/10 | [OK] | L: 0.67962227/0.64124577 | F1 M MIN: 0.00007388 D: 0.28234170 | [S/N/B]: [0.5646/0.7958/0.0001] | LR: 0.00069760
2026-03-25 13:23:09,275 - INFO - T257 E2/10 | [OK] | L: 0.63319288/0.62194888 | F1 M MIN: 0.01096547 D: 0.29312479 | [S/N/B]: [0.5753/0.8166/0.0110] | LR: 0.00064682
2026-03-25 13:25:51,019 - INFO - T257 E3/10 | [OK] | L: 0.62251502/0.61457515 | F1 M MIN: 0.05780624 D: 0.31972104 | [S/N/B]: [0.5816/0.8326/0.0578] | LR: 0.00056772
2026-03-25 13:28:32,318 - INFO - T257 E4/10 | [OK] | L: 0.61636362/0.61493934 | F1 M MIN: 0.07249222 D: 0.32425963 | [S/N/B]: [0.5760/0.8194/0.0725] | LR: 0.00046804
2026-03-25 13:31:14,647 - INFO - T257 E5/10 | [OK] | L: 0.61096169/0.60622311 | F1 M MIN: 0.19655458 D: 0.39051349 | [S/N/B]: [0.5845/0.8364/0.1966] | LR: 0.00035755
2026-03-25 13:31:14,800 - INFO - Trial 257 pruned by Optuna at epoch 5
