2026-03-27 00:33:40,022 - INFO - Trial 386 pruned.
2026-03-27 00:33:40,713 - INFO - 🔍 RAM-Safe Streaming Scan (Treino): 878 arquivos...
2026-03-27 00:34:28,642 - INFO - ✂️ Double-Chunking (Treino): Expondo fatias de 500,000 amostras aleatórias.
2026-03-27 00:34:28,643 - INFO - 🚀 Pre-loading 500,000 samples into RAM (Lightning Mode)...
2026-03-27 00:37:20,749 - INFO - ✅ RAM-Safe Streaming Dataset: 500,000 sequences indexed and PRE-LOADED.
2026-03-27 00:37:20,751 - INFO - ✅ RAM-Safe Streaming Dataset: 500,000 sequences indexed (Mode: Lightning).
2026-03-27 00:37:20,797 - INFO - 🔍 RAM-Safe Streaming Scan (Val): 274 arquivos...
2026-03-27 00:37:32,876 - INFO - ✂️ Double-Chunking (Val): Expondo fatias de 100,000 amostras aleatórias.
2026-03-27 00:37:32,876 - INFO - 🚀 Pre-loading 100,000 samples into RAM (Lightning Mode)...
2026-03-27 00:38:25,258 - INFO - ✅ RAM-Safe Streaming Dataset: 100,000 sequences indexed and PRE-LOADED.
2026-03-27 00:38:25,260 - INFO - ✅ RAM-Safe Streaming Dataset: 100,000 sequences indexed (Mode: Lightning).
2026-03-27 00:38:25,637 - INFO - Trial 387 START | tcn=512, lstm=256, layers=4, batch=1024, seq=192 | RFE=30 | loss=ASYM (g_s=1.31, g_n=0.48, g_b=1.37) | alpha=[1.12, 0.38, 1.38], smooth=0.08
2026-03-27 00:41:18,809 - INFO - T387 E1/10 | [WARN] ZERO_PENALTY | L: 0.48394190/0.43108214 | F1 M MIN: 0.00000000 D: 0.00000000 | [S/N/B]: [0.0000/0.5534/0.4912] | LR: 0.00139046
2026-03-27 00:44:12,962 - INFO - T387 E2/10 | [WARN] ZERO_PENALTY | L: 0.44315799/0.40653864 | F1 M MIN: 0.00000000 D: 0.00000000 | [S/N/B]: [0.0000/0.7382/0.5354] | LR: 0.00128923
2026-03-27 00:47:08,040 - INFO - T387 E3/10 | [WARN] ZERO_PENALTY | L: 0.43592381/0.40553844 | F1 M MIN: 0.00000000 D: 0.00000000 | [S/N/B]: [0.0000/0.7265/0.5325] | LR: 0.00113157
2026-03-27 00:50:03,042 - INFO - T387 E4/10 | [WARN] ZERO_PENALTY | L: 0.43186142/0.40065991 | F1 M MIN: 0.00000000 D: 0.00000000 | [S/N/B]: [0.0000/0.7412/0.5366] | LR: 0.00093290
2026-03-27 00:50:03,096 - INFO - Trial 387 stopped early due to patience limit (4 epochs without improvement)
2026-03-27 00:50:03,346 - INFO - Trial 387 finished with value: 0.0 and parameters: {'tcn_channels': 512, 'lstm_hidden': 256, 'num_lstm_layers': 4, 'batch_size': 1024, 'dropout': 0.22610321448612897, 'seq_len': 192, 'lr': 0.0014253414443791696, 'weight_decay': 0.009730527181079869, 'base_alpha_sell': 1.1187995495251641, 'base_alpha_neutral': 0.3819524795965907, 'base_alpha_buy': 1.3837384890554574, 'base_loss_gamma': 1.5126604363197478, 'base_loss_smoothing': 0.08287748781838053, 'asym_gamma_sell': 1.3064013959386598, 'asym_gamma_neu': 0.480113586565474, 'asym_gamma_buy': 1.3664531138707008}. Best is trial 384 with value: 0.5050372005268592.
2026-03-27 00:50:04,097 - INFO - 🔍 RAM-Safe Streaming Scan (Treino): 878 arquivos...
2026-03-27 00:50:51,255 - INFO - ✂️ Double-Chunking (Treino): Expondo fatias de 500,000 amostras aleatórias.
2026-03-27 00:50:51,256 - INFO - 🚀 Pre-loading 500,000 samples into RAM (Lightning Mode)...
2026-03-27 00:53:45,912 - INFO - ✅ RAM-Safe Streaming Dataset: 500,000 sequences indexed and PRE-LOADED.
2026-03-27 00:53:45,913 - INFO - ✅ RAM-Safe Streaming Dataset: 500,000 sequences indexed (Mode: Lightning).
2026-03-27 00:53:45,962 - INFO - 🔍 RAM-Safe Streaming Scan (Val): 274 arquivos...
2026-03-27 00:53:58,466 - INFO - ✂️ Double-Chunking (Val): Expondo fatias de 100,000 amostras aleatórias.
2026-03-27 00:53:58,466 - INFO - 🚀 Pre-loading 100,000 samples into RAM (Lightning Mode)...
2026-03-27 00:54:49,888 - INFO - ✅ RAM-Safe Streaming Dataset: 100,000 sequences indexed and PRE-LOADED.
2026-03-27 00:54:49,890 - INFO - ✅ RAM-Safe Streaming Dataset: 100,000 sequences indexed (Mode: Lightning).
2026-03-27 00:54:50,265 - INFO - Trial 388 START | tcn=512, lstm=256, layers=2, batch=2048, seq=144 | RFE=30 | loss=ASYM (g_s=0.85, g_n=1.66, g_b=1.20) | alpha=[1.05, 0.64, 1.06], smooth=0.26
2026-03-27 00:56:35,371 - INFO - T388 E1/10 | [OK] | L: 0.48771082/0.41798208 | F1 M MIN: 0.12326351 D: 0.34120333 | [S/N/B]: [0.5591/0.8147/0.1233] | LR: 0.00194284
2026-03-27 00:58:21,809 - INFO - T388 E2/10 | [OK] | L: 0.46246133/0.41298958 | F1 M MIN: 0.39263531 D: 0.43782981 | [S/N/B]: [0.4830/0.8127/0.3926] | LR: 0.00180140
2026-03-27 01:00:08,730 - INFO - T388 E3/10 | [OK] | L: 0.45659504/0.41106781 | F1 M MIN: 0.39615791 D: 0.44880885 | [S/N/B]: [0.3962/0.8201/0.5015] | LR: 0.00158110
2026-03-27 01:01:55,606 - INFO - T388 E4/10 | [OK] | L: 0.45312168/0.40909911 | F1 M MIN: 0.46598607 D: 0.46627160 | [S/N/B]: [0.4660/0.7923/0.4666] | LR: 0.00130351
2026-03-27 01:03:42,936 - INFO - T388 E5/10 | [OK] | L: 0.44961252/0.40474206 | F1 M MIN: 0.34473924 D: 0.45344180 | [S/N/B]: [0.5621/0.8156/0.3447] | LR: 0.00099579
2026-03-27 01:05:29,904 - INFO - T388 E6/10 | [OK] | L: 0.44689057/0.40063136 | F1 M MIN: 0.39402279 D: 0.47223043 | [S/N/B]: [0.5504/0.8316/0.3940] | LR: 0.00068807
2026-03-27 01:07:16,887 - INFO - T388 E7/10 | [OK] | L: 0.44445177/0.40037066 | F1 M MIN: 0.36416110 D: 0.46477542 | [S/N/B]: [0.5654/0.8327/0.3642] | LR: 0.00041048
2026-03-27 01:09:04,085 - INFO - T388 E8/10 | [OK] | L: 0.44203076/0.39994460 | F1 M MIN: 0.44500949 D: 0.48540229 | [S/N/B]: [0.5258/0.8273/0.4450] | LR: 0.00019018
2026-03-27 01:09:04,169 - INFO - Trial 388 stopped early due to patience limit (4 epochs without improvement)
2026-03-27 01:09:04,379 - INFO - Trial 388 finished with value: 0.465986066968442 and parameters: {'tcn_channels': 512, 'lstm_hidden': 256, 'num_lstm_layers': 2, 'batch_size': 2048, 'dropout': 0.3092573128849987, 'seq_len': 144, 'lr': 0.001991580064507376, 'weight_decay': 0.0056300406322249965, 'base_alpha_sell': 1.0515625147007228, 'base_alpha_neutral': 0.6412591869482513, 'base_alpha_buy': 1.063641426855695, 'base_loss_gamma': 3.8745603548698364, 'base_loss_smoothing': 0.25986904883962403, 'asym_gamma_sell': 0.8477031353331563, 'asym_gamma_neu': 1.662033423618286, 'asym_gamma_buy': 1.2008613568548547}. Best is trial 384 with value: 0.5050372005268592.
2026-03-27 01:09:04,891 - INFO - 🔍 RAM-Safe Streaming Scan (Treino): 878 arquivos...
2026-03-27 01:09:53,492 - INFO - ✂️ Double-Chunking (Treino): Expondo fatias de 500,000 amostras aleatórias.
2026-03-27 01:09:53,493 - INFO - 🚀 Pre-loading 500,000 samples into RAM (Lightning Mode)...
2026-03-27 01:12:49,236 - INFO - ✅ RAM-Safe Streaming Dataset: 500,000 sequences indexed and PRE-LOADED.
2026-03-27 01:12:49,238 - INFO - ✅ RAM-Safe Streaming Dataset: 500,000 sequences indexed (Mode: Lightning).
2026-03-27 01:12:49,283 - INFO - 🔍 RAM-Safe Streaming Scan (Val): 274 arquivos...
2026-03-27 01:13:01,311 - INFO - ✂️ Double-Chunking (Val): Expondo fatias de 100,000 amostras aleatórias.
2026-03-27 01:13:01,312 - INFO - 🚀 Pre-loading 100,000 samples into RAM (Lightning Mode)...
2026-03-27 01:13:52,676 - INFO - ✅ RAM-Safe Streaming Dataset: 100,000 sequences indexed and PRE-LOADED.
2026-03-27 01:13:52,677 - INFO - ✅ RAM-Safe Streaming Dataset: 100,000 sequences indexed (Mode: Lightning).
2026-03-27 01:13:53,037 - INFO - Trial 389 START | tcn=512, lstm=256, layers=2, batch=2048, seq=144 | RFE=30 | loss=ASYM (g_s=1.89, g_n=1.72, g_b=1.23) | alpha=[0.87, 0.61, 0.91], smooth=0.32
2026-03-27 01:15:38,196 - INFO - T389 E1/10 | [WARN] ZERO_PENALTY | L: 0.30511053/0.27304547 | F1 M MIN: 0.00000000 D: 0.00000000 | [S/N/B]: [0.0000/0.8190/0.5625] | LR: 0.00150142
2026-03-27 01:17:24,479 - INFO - T389 E2/10 | [OK] | L: 0.28893518/0.26716176 | F1 M MIN: 0.02301307 D: 0.29735659 | [S/N/B]: [0.0230/0.8437/0.5717] | LR: 0.00139212
2026-03-27 01:19:11,207 - INFO - T389 E3/10 | [WARN] ZERO_PENALTY | L: 0.28627071/0.26397412 | F1 M MIN: 0.00000000 D: 0.00000000 | [S/N/B]: [0.0000/0.8533/0.5791] | LR: 0.00122187
2026-03-27 01:20:57,821 - INFO - T389 E4/10 | [OK] | L: 0.28448202/0.26490325 | F1 M MIN: 0.00752661 D: 0.29248754 | [S/N/B]: [0.0075/0.8484/0.5774] | LR: 0.00100735
2026-03-27 01:22:44,835 - INFO - T389 E5/10 | [OK] | L: 0.28292045/0.26272218 | F1 M MIN: 0.21555191 D: 0.38979242 | [S/N/B]: [0.2156/0.8493/0.5640] | LR: 0.00076954
2026-03-27 01:22:44,968 - INFO - Trial 389 pruned by Optuna at epoch 5
2026-03-27 01:22:45,089 - INFO - Trial 389 pruned.
2026-03-27 01:22:45,673 - INFO - 🔍 RAM-Safe Streaming Scan (Treino): 878 arquivos...
2026-03-27 01:23:33,514 - INFO - ✂️ Double-Chunking (Treino): Expondo fatias de 500,000 amostras aleatórias.
2026-03-27 01:23:33,515 - INFO - 🚀 Pre-loading 500,000 samples into RAM (Lightning Mode)...
2026-03-27 01:26:30,570 - INFO - ✅ RAM-Safe Streaming Dataset: 500,000 sequences indexed and PRE-LOADED.
2026-03-27 01:26:30,571 - INFO - ✅ RAM-Safe Streaming Dataset: 500,000 sequences indexed (Mode: Lightning).
2026-03-27 01:26:30,616 - INFO - 🔍 RAM-Safe Streaming Scan (Val): 274 arquivos...
2026-03-27 01:26:44,034 - INFO - ✂️ Double-Chunking (Val): Expondo fatias de 100,000 amostras aleatórias.
2026-03-27 01:26:44,034 - INFO - 🚀 Pre-loading 100,000 samples into RAM (Lightning Mode)...
2026-03-27 01:27:38,096 - INFO - ✅ RAM-Safe Streaming Dataset: 100,000 sequences indexed and PRE-LOADED.
2026-03-27 01:27:38,097 - INFO - ✅ RAM-Safe Streaming Dataset: 100,000 sequences indexed (Mode: Lightning).
2026-03-27 01:27:38,437 - INFO - Trial 390 START | tcn=256, lstm=256, layers=3, batch=512, seq=256 | RFE=30 | loss=ASYM (g_s=0.95, g_n=1.50, g_b=3.09) | alpha=[1.04, 0.95, 1.42], smooth=0.28
2026-03-27 01:29:34,823 - INFO - T390 E1/10 | [WARN] ZERO_PENALTY | L: 0.54513913/0.49889786 | F1 M MIN: 0.00000000 D: 0.00000000 | [S/N/B]: [0.0000/0.8639/0.5871] | LR: 0.00093221
2026-03-27 01:31:32,564 - INFO - T390 E2/10 | [WARN] ZERO_PENALTY | L: 0.52115434/0.49611494 | F1 M MIN: 0.00000000 D: 0.00000000 | [S/N/B]: [0.0000/0.8667/0.5872] | LR: 0.00086434
2026-03-27 01:33:30,657 - INFO - T390 E3/10 | [WARN] ZERO_PENALTY | L: 0.51652766/0.49277415 | F1 M MIN: 0.00000000 D: 0.00000000 | [S/N/B]: [0.0000/0.8671/0.5876] | LR: 0.00075864
2026-03-27 01:35:29,149 - INFO - T390 E4/10 | [OK] | L: 0.51310512/0.48758526 | F1 M MIN: 0.35475465 D: 0.44707517 | [S/N/B]: [0.3548/0.8750/0.5394] | LR: 0.00062544
2026-03-27 01:37:27,702 - INFO - T390 E5/10 | [OK] | L: 0.50832356/0.48687781 | F1 M MIN: 0.32282426 D: 0.44323081 | [S/N/B]: [0.3228/0.8660/0.5636] | LR: 0.00047780
2026-03-27 01:39:26,455 - INFO - T390 E6/10 | [OK] | L: 0.50320706/0.48384048 | F1 M MIN: 0.38125015 D: 0.47009718 | [S/N/B]: [0.3813/0.8700/0.5589] | LR: 0.00033015
2026-03-27 01:39:26,578 - INFO - Trial 390 pruned by Optuna at epoch 6
2026-03-27 01:39:26,692 - INFO - Trial 390 pruned.
2026-03-27 01:39:27,355 - INFO - 🔍 RAM-Safe Streaming Scan (Treino): 878 arquivos...
2026-03-27 01:40:15,419 - INFO - ✂️ Double-Chunking (Treino): Expondo fatias de 500,000 amostras aleatórias.
2026-03-27 01:40:15,420 - INFO - 🚀 Pre-loading 500,000 samples into RAM (Lightning Mode)...
2026-03-27 01:43:15,079 - INFO - ✅ RAM-Safe Streaming Dataset: 500,000 sequences indexed and PRE-LOADED.
2026-03-27 01:43:15,080 - INFO - ✅ RAM-Safe Streaming Dataset: 500,000 sequences indexed (Mode: Lightning).
2026-03-27 01:43:15,125 - INFO - 🔍 RAM-Safe Streaming Scan (Val): 274 arquivos...
2026-03-27 01:43:26,956 - INFO - ✂️ Double-Chunking (Val): Expondo fatias de 100,000 amostras aleatórias.
2026-03-27 01:43:26,956 - INFO - 🚀 Pre-loading 100,000 samples into RAM (Lightning Mode)...
2026-03-27 01:44:21,018 - INFO - ✅ RAM-Safe Streaming Dataset: 100,000 sequences indexed and PRE-LOADED.
2026-03-27 01:44:21,019 - INFO - ✅ RAM-Safe Streaming Dataset: 100,000 sequences indexed (Mode: Lightning).
2026-03-27 01:44:21,329 - INFO - Trial 391 START | tcn=256, lstm=128, layers=2, batch=512, seq=192 | RFE=30 | loss=ASYM (g_s=2.47, g_n=0.72, g_b=2.11) | alpha=[1.63, 0.85, 1.53], smooth=0.25
2026-03-27 01:45:30,649 - INFO - T391 E1/10 | [OK] | L: 0.71775255/0.70711942 | F1 M MIN: 0.29998194 D: 0.40009433 | [S/N/B]: [0.5002/0.7931/0.3000] | LR: 0.00193317
2026-03-27 01:46:40,606 - INFO - T391 E2/10 | [WARN] ZERO_PENALTY | L: 0.68811746/0.68973857 | F1 M MIN: 0.00000000 D: 0.00000000 | [S/N/B]: [0.5749/0.8222/0.0000] | LR: 0.00179243
2026-03-27 01:47:50,727 - INFO - T391 E3/10 | [WARN] ZERO_PENALTY | L: 0.68093904/0.68140969 | F1 M MIN: 0.00000000 D: 0.00000000 | [S/N/B]: [0.5801/0.8335/0.0000] | LR: 0.00157323
2026-03-27 01:49:00,699 - INFO - T391 E4/10 | [OK] | L: 0.67633674/0.67835758 | F1 M MIN: 0.02305476 D: 0.30290611 | [S/N/B]: [0.5828/0.8440/0.0231] | LR: 0.00129702
2026-03-27 01:50:10,812 - INFO - T391 E5/10 | [OK] | L: 0.67371343/0.67482725 | F1 M MIN: 0.12411949 D: 0.34697090 | [S/N/B]: [0.5698/0.8423/0.1241] | LR: 0.00099083
2026-03-27 01:50:10,854 - INFO - Trial 391 stopped early due to patience limit (4 epochs without improvement)
2026-03-27 01:50:11,059 - INFO - Trial 391 finished with value: 0.2999819443369703 and parameters: {'tcn_channels': 256, 'lstm_hidden': 128, 'num_lstm_layers': 2, 'batch_size': 512, 'dropout': 0.21654988514953294, 'seq_len': 192, 'lr': 0.001981664175409787, 'weight_decay': 0.004518580497150902, 'base_alpha_sell': 1.6332698358681206, 'base_alpha_neutral': 0.845654437302335, 'base_alpha_buy': 1.5297112128063441, 'base_loss_gamma': 2.2643577572521423, 'base_loss_smoothing': 0.25090078308723845, 'asym_gamma_sell': 2.4730496480971857, 'asym_gamma_neu': 0.7181411768524335, 'asym_gamma_buy': 2.1097152419068035}. Best is trial 384 with value: 0.5050372005268592.
2026-03-27 01:50:11,540 - INFO - 🔍 RAM-Safe Streaming Scan (Treino): 878 arquivos...
2026-03-27 01:50:58,147 - INFO - ✂️ Double-Chunking (Treino): Expondo fatias de 500,000 amostras aleatórias.
2026-03-27 01:50:58,148 - INFO - 🚀 Pre-loading 500,000 samples into RAM (Lightning Mode)...
2026-03-27 01:53:55,868 - INFO - ✅ RAM-Safe Streaming Dataset: 500,000 sequences indexed and PRE-LOADED.
2026-03-27 01:53:55,869 - INFO - ✅ RAM-Safe Streaming Dataset: 500,000 sequences indexed (Mode: Lightning).
2026-03-27 01:53:55,914 - INFO - 🔍 RAM-Safe Streaming Scan (Val): 274 arquivos...
2026-03-27 01:54:08,228 - INFO - ✂️ Double-Chunking (Val): Expondo fatias de 100,000 amostras aleatórias.
2026-03-27 01:54:08,228 - INFO - 🚀 Pre-loading 100,000 samples into RAM (Lightning Mode)...
2026-03-27 01:55:03,664 - INFO - ✅ RAM-Safe Streaming Dataset: 100,000 sequences indexed and PRE-LOADED.
2026-03-27 01:55:03,665 - INFO - ✅ RAM-Safe Streaming Dataset: 100,000 sequences indexed (Mode: Lightning).
2026-03-27 01:55:03,991 - INFO - Trial 392 START | tcn=256, lstm=256, layers=2, batch=1024, seq=256 | RFE=30 | loss=ASYM (g_s=2.18, g_n=0.46, g_b=0.77) | alpha=[1.44, 0.43, 1.65], smooth=0.24
2026-03-27 01:56:50,172 - INFO - T392 E1/10 | [OK] | L: 0.72076066/0.67514917 | F1 M MIN: 0.00758677 D: 0.23792657 | [S/N/B]: [0.0076/0.4332/0.4683] | LR: 0.00009211
2026-03-27 01:58:37,027 - INFO - T392 E2/10 | [OK] | L: 0.68269636/0.65766079 | F1 M MIN: 0.00978793 D: 0.24673455 | [S/N/B]: [0.0098/0.5137/0.4837] | LR: 0.00008540
2026-03-27 02:00:24,592 - INFO - T392 E3/10 | [OK] | L: 0.67432425/0.66003264 | F1 M MIN: 0.12545709 D: 0.30933574 | [S/N/B]: [0.1255/0.4646/0.4932] | LR: 0.00007496
2026-03-27 02:02:11,881 - INFO - T392 E4/10 | [OK] | L: 0.66838505/0.64401285 | F1 M MIN: 0.24925151 D: 0.37565036 | [S/N/B]: [0.2493/0.5848/0.5020] | LR: 0.00006180
2026-03-27 02:03:59,804 - INFO - T392 E5/10 | [OK] | L: 0.66278937/0.64200905 | F1 M MIN: 0.21445189 D: 0.35952223 | [S/N/B]: [0.2145/0.5714/0.5046] | LR: 0.00004721
2026-03-27 02:03:59,885 - INFO - Trial 392 pruned by Optuna at epoch 5
2026-03-27 02:03:59,974 - INFO - Trial 392 pruned.
2026-03-27 02:04:00,824 - INFO - 🔍 RAM-Safe Streaming Scan (Treino): 878 arquivos...
2026-03-27 02:04:47,996 - INFO - ✂️ Double-Chunking (Treino): Expondo fatias de 500,000 amostras aleatórias.
2026-03-27 02:04:47,996 - INFO - 🚀 Pre-loading 500,000 samples into RAM (Lightning Mode)...
2026-03-27 02:07:46,339 - INFO - ✅ RAM-Safe Streaming Dataset: 500,000 sequences indexed and PRE-LOADED.
2026-03-27 02:07:46,340 - INFO - ✅ RAM-Safe Streaming Dataset: 500,000 sequences indexed (Mode: Lightning).
2026-03-27 02:07:46,385 - INFO - 🔍 RAM-Safe Streaming Scan (Val): 274 arquivos...
2026-03-27 02:07:58,630 - INFO - ✂️ Double-Chunking (Val): Expondo fatias de 100,000 amostras aleatórias.
2026-03-27 02:07:58,631 - INFO - 🚀 Pre-loading 100,000 samples into RAM (Lightning Mode)...
2026-03-27 02:08:51,108 - INFO - ✅ RAM-Safe Streaming Dataset: 100,000 sequences indexed and PRE-LOADED.
2026-03-27 02:08:51,110 - INFO - ✅ RAM-Safe Streaming Dataset: 100,000 sequences indexed (Mode: Lightning).
2026-03-27 02:08:51,448 - INFO - Trial 393 START | tcn=256, lstm=256, layers=2, batch=512, seq=144 | RFE=30 | loss=ASYM (g_s=0.83, g_n=1.27, g_b=1.51) | alpha=[1.12, 0.76, 1.22], smooth=0.34
2026-03-27 02:09:51,729 - INFO - T393 E1/10 | [OK] | L: 0.60339992/0.55065450 | F1 M MIN: 0.18210102 D: 0.39342623 | [S/N/B]: [0.6048/0.8476/0.1821] | LR: 0.00127231
2026-03-27 02:10:52,608 - INFO - T393 E2/10 | [WARN] ZERO_PENALTY | L: 0.58606668/0.54647629 | F1 M MIN: 0.00000000 D: 0.00000000 | [S/N/B]: [0.0000/0.8512/0.5798] | LR: 0.00117969
2026-03-27 02:11:53,609 - INFO - T393 E3/10 | [OK] | L: 0.58231496/0.54414656 | F1 M MIN: 0.45083214 D: 0.45556188 | [S/N/B]: [0.4508/0.8543/0.4603] | LR: 0.00103542
2026-03-27 02:12:55,151 - INFO - T393 E4/10 | [OK] | L: 0.57976038/0.54197947 | F1 M MIN: 0.33424164 D: 0.43986618 | [S/N/B]: [0.3342/0.8536/0.5455] | LR: 0.00085363
2026-03-27 02:13:56,402 - INFO - T393 E5/10 | [OK] | L: 0.57627132/0.53916892 | F1 M MIN: 0.42635519 D: 0.47216821 | [S/N/B]: [0.4264/0.8576/0.5180] | LR: 0.00065211
2026-03-27 02:14:57,758 - INFO - T393 E6/10 | [OK] | L: 0.57337664/0.54031696 | F1 M MIN: 0.39056708 D: 0.47090346 | [S/N/B]: [0.5512/0.8517/0.3906] | LR: 0.00045060
2026-03-27 02:15:59,414 - INFO - T393 E7/10 | [OK] | L: 0.57060076/0.53789183 | F1 M MIN: 0.48213283 D: 0.48409886 | [S/N/B]: [0.4821/0.8556/0.4861] | LR: 0.00026881
2026-03-27 02:17:00,926 - INFO - T393 E8/10 | [OK] | L: 0.56843446/0.53757419 | F1 M MIN: 0.48644783 D: 0.48743192 | [S/N/B]: [0.4864/0.8501/0.4884] | LR: 0.00012454
2026-03-27 02:18:02,540 - INFO - T393 E9/10 | [OK] | L: 0.56642522/0.53698397 | F1 M MIN: 0.44707325 D: 0.48311036 | [S/N/B]: [0.4471/0.8491/0.5191] | LR: 0.00003192
2026-03-27 02:19:04,103 - INFO - T393 E10/10 | [OK] | L: 0.56516390/0.53679886 | F1 M MIN: 0.48072655 D: 0.48863800 | [S/N/B]: [0.4807/0.8491/0.4965] | LR: 0.00000000
2026-03-27 02:19:04,420 - INFO - Trial 393 finished with value: 0.4864478268842839 and parameters: {'tcn_channels': 256, 'lstm_hidden': 256, 'num_lstm_layers': 2, 'batch_size': 512, 'dropout': 0.3267665061246291, 'seq_len': 144, 'lr': 0.001304227984994816, 'weight_decay': 0.00261061630408641, 'base_alpha_sell': 1.1169385499709543, 'base_alpha_neutral': 0.7642183839677521, 'base_alpha_buy': 1.2231341955517023, 'base_loss_gamma': 2.5527728075859266, 'base_loss_smoothing': 0.3401758582704426, 'asym_gamma_sell': 0.8324414819100988, 'asym_gamma_neu': 1.269968409190927, 'asym_gamma_buy': 1.5059780803232772}. Best is trial 384 with value: 0.5050372005268592.
2026-03-27 02:19:05,123 - INFO - 🔍 RAM-Safe Streaming Scan (Treino): 878 arquivos...
2026-03-27 02:19:53,302 - INFO - ✂️ Double-Chunking (Treino): Expondo fatias de 500,000 amostras aleatórias.
2026-03-27 02:19:53,310 - INFO - 🚀 Pre-loading 500,000 samples into RAM (Lightning Mode)...
2026-03-27 02:22:46,065 - INFO - ✅ RAM-Safe Streaming Dataset: 500,000 sequences indexed and PRE-LOADED.
2026-03-27 02:22:46,066 - INFO - ✅ RAM-Safe Streaming Dataset: 500,000 sequences indexed (Mode: Lightning).
2026-03-27 02:22:46,112 - INFO - 🔍 RAM-Safe Streaming Scan (Val): 274 arquivos...
2026-03-27 02:22:58,552 - INFO - ✂️ Double-Chunking (Val): Expondo fatias de 100,000 amostras aleatórias.
2026-03-27 02:22:58,553 - INFO - 🚀 Pre-loading 100,000 samples into RAM (Lightning Mode)...
2026-03-27 02:23:50,866 - INFO - ✅ RAM-Safe Streaming Dataset: 100,000 sequences indexed and PRE-LOADED.
2026-03-27 02:23:50,867 - INFO - ✅ RAM-Safe Streaming Dataset: 100,000 sequences indexed (Mode: Lightning).
2026-03-27 02:23:51,177 - INFO - Trial 394 START | tcn=256, lstm=256, layers=3, batch=512, seq=96 | RFE=30 | loss=ASYM (g_s=3.10, g_n=1.21, g_b=4.22) | alpha=[1.68, 1.04, 1.37], smooth=0.32
2026-03-27 02:24:42,816 - INFO - T394 E1/10 | [WARN] ZERO_PENALTY | L: 0.57369672/0.57397642 | F1 M MIN: 0.00000000 D: 0.00000000 | [S/N/B]: [0.5933/0.8573/0.0000] | LR: 0.00192997
2026-03-27 02:25:34,431 - INFO - T394 E2/10 | [WARN] ZERO_PENALTY | L: 0.54910040/0.57422801 | F1 M MIN: 0.00000000 D: 0.00000000 | [S/N/B]: [0.5877/0.8477/0.0000] | LR: 0.00178947
2026-03-27 02:26:25,420 - INFO - T394 E3/10 | [WARN] ZERO_PENALTY | L: 0.54381130/0.57375046 | F1 M MIN: 0.00000000 D: 0.00000000 | [S/N/B]: [0.5875/0.8477/0.0000] | LR: 0.00157062
2026-03-27 02:27:17,017 - INFO - T394 E4/10 | [WARN] ZERO_PENALTY | L: 0.54064757/0.56961190 | F1 M MIN: 0.00000000 D: 0.00000000 | [S/N/B]: [0.5898/0.8524/0.0000] | LR: 0.00129487
2026-03-27 02:27:17,072 - INFO - Trial 394 stopped early due to patience limit (4 epochs without improvement)
