2026-03-25 00:58:57,681 - INFO - Trial 208 pruned.
2026-03-25 00:58:58,317 - INFO - 🔍 RAM-Safe Streaming Scan (Treino): 878 arquivos...
2026-03-25 00:59:47,365 - INFO - ✂️ Double-Chunking (Treino): Expondo fatias de 500,000 amostras aleatórias.
2026-03-25 00:59:47,366 - INFO - 🚀 Pre-loading 500,000 samples into RAM (Lightning Mode)...
2026-03-25 01:02:53,323 - INFO - ✅ RAM-Safe Streaming Dataset: 500,000 sequences indexed and PRE-LOADED.
2026-03-25 01:02:53,324 - INFO - ✅ RAM-Safe Streaming Dataset: 500,000 sequences indexed (Mode: Lightning).
2026-03-25 01:02:53,372 - INFO - 🔍 RAM-Safe Streaming Scan (Val): 274 arquivos...
2026-03-25 01:03:05,585 - INFO - ✂️ Double-Chunking (Val): Expondo fatias de 100,000 amostras aleatórias.
2026-03-25 01:03:05,586 - INFO - 🚀 Pre-loading 100,000 samples into RAM (Lightning Mode)...
2026-03-25 01:04:01,272 - INFO - ✅ RAM-Safe Streaming Dataset: 100,000 sequences indexed and PRE-LOADED.
2026-03-25 01:04:01,273 - INFO - ✅ RAM-Safe Streaming Dataset: 100,000 sequences indexed (Mode: Lightning).
2026-03-25 01:04:01,634 - INFO - Trial 209 START | tcn=512, lstm=128, layers=3, batch=512, seq=144 | RFE=30 | loss=ASYM (g_s=2.22, g_n=1.28, g_b=1.01) | alpha=[1.78, 0.86, 1.74], smooth=0.23
2026-03-25 01:05:40,899 - INFO - T209 E1/10 | [OK] | L: 0.92103798/0.83341850 | F1 M MIN: 0.18875777 D: 0.35817391 | [S/N/B]: [0.5276/0.7431/0.1888] | LR: 0.00014059
2026-03-25 01:07:21,612 - INFO - T209 E2/10 | [OK] | L: 0.86923179/0.80511959 | F1 M MIN: 0.32855391 D: 0.42565989 | [S/N/B]: [0.5228/0.8017/0.3286] | LR: 0.00013036
2026-03-25 01:09:02,377 - INFO - T209 E3/10 | [OK] | L: 0.85686371/0.79861310 | F1 M MIN: 0.41942126 D: 0.45130572 | [S/N/B]: [0.4832/0.8122/0.4194] | LR: 0.00011442
2026-03-25 01:10:43,436 - INFO - T209 E4/10 | [OK] | L: 0.84935321/0.78812888 | F1 M MIN: 0.40560005 D: 0.46122044 | [S/N/B]: [0.5168/0.8251/0.4056] | LR: 0.00009433
2026-03-25 01:12:24,408 - INFO - T209 E5/10 | [OK] | L: 0.84364411/0.78980588 | F1 M MIN: 0.40823562 D: 0.46252446 | [S/N/B]: [0.5168/0.8031/0.4082] | LR: 0.00007206
2026-03-25 01:14:05,303 - INFO - T209 E6/10 | [OK] | L: 0.83845536/0.78492689 | F1 M MIN: 0.34453669 D: 0.44862217 | [S/N/B]: [0.5527/0.8149/0.3445] | LR: 0.00004979
2026-03-25 01:15:46,308 - INFO - T209 E7/10 | [OK] | L: 0.83397014/0.78853764 | F1 M MIN: 0.44137906 D: 0.47144692 | [S/N/B]: [0.5015/0.7971/0.4414] | LR: 0.00002970
2026-03-25 01:17:27,211 - INFO - T209 E8/10 | [OK] | L: 0.83033255/0.78716457 | F1 M MIN: 0.37480370 D: 0.45516931 | [S/N/B]: [0.5355/0.8022/0.3748] | LR: 0.00001376
2026-03-25 01:19:08,237 - INFO - T209 E9/10 | [OK] | L: 0.82741446/0.78280125 | F1 M MIN: 0.46640618 D: 0.47789089 | [S/N/B]: [0.4894/0.8116/0.4664] | LR: 0.00000353
2026-03-25 01:20:49,206 - INFO - T209 E10/10 | [OK] | L: 0.82575876/0.78340355 | F1 M MIN: 0.42400864 D: 0.47221668 | [S/N/B]: [0.5204/0.8106/0.4240] | LR: 0.00000000
2026-03-25 01:20:49,460 - INFO - Trial 209 finished with value: 0.4664061821654945 and parameters: {'tcn_channels': 512, 'lstm_hidden': 128, 'num_lstm_layers': 3, 'batch_size': 512, 'dropout': 0.2752526214723518, 'seq_len': 144, 'lr': 0.00014412046073092067, 'weight_decay': 0.00035804006630852834, 'base_alpha_sell': 1.7758868616822039, 'base_alpha_neutral': 0.8565306322829017, 'base_alpha_buy': 1.7384786952905296, 'base_loss_gamma': 4.565200486316486, 'base_loss_smoothing': 0.22753119549720607, 'asym_gamma_sell': 2.2182224295643342, 'asym_gamma_neu': 1.2838324251751076, 'asym_gamma_buy': 1.0119816464974136}. Best is trial 193 with value: 0.4857577883085556.
2026-03-25 01:20:50,159 - INFO - 🔍 RAM-Safe Streaming Scan (Treino): 878 arquivos...
2026-03-25 01:21:38,188 - INFO - ✂️ Double-Chunking (Treino): Expondo fatias de 500,000 amostras aleatórias.
2026-03-25 01:21:38,189 - INFO - 🚀 Pre-loading 500,000 samples into RAM (Lightning Mode)...
2026-03-25 01:24:43,219 - INFO - ✅ RAM-Safe Streaming Dataset: 500,000 sequences indexed and PRE-LOADED.
2026-03-25 01:24:43,220 - INFO - ✅ RAM-Safe Streaming Dataset: 500,000 sequences indexed (Mode: Lightning).
2026-03-25 01:24:43,267 - INFO - 🔍 RAM-Safe Streaming Scan (Val): 274 arquivos...
2026-03-25 01:24:55,561 - INFO - ✂️ Double-Chunking (Val): Expondo fatias de 100,000 amostras aleatórias.
2026-03-25 01:24:55,562 - INFO - 🚀 Pre-loading 100,000 samples into RAM (Lightning Mode)...
2026-03-25 01:25:50,614 - INFO - ✅ RAM-Safe Streaming Dataset: 100,000 sequences indexed and PRE-LOADED.
2026-03-25 01:25:50,616 - INFO - ✅ RAM-Safe Streaming Dataset: 100,000 sequences indexed (Mode: Lightning).
2026-03-25 01:25:50,987 - INFO - Trial 210 START | tcn=512, lstm=256, layers=3, batch=1024, seq=144 | RFE=30 | loss=ASYM (g_s=3.86, g_n=0.73, g_b=1.25) | alpha=[1.54, 0.80, 1.59], smooth=0.23
2026-03-25 01:27:45,280 - INFO - T210 E1/10 | [OK] | L: 0.71710710/0.71519851 | F1 M MIN: 0.00079026 D: 0.25160835 | [S/N/B]: [0.0008/0.6368/0.5024] | LR: 0.00007751
2026-03-25 01:29:40,112 - INFO - T210 E2/10 | [OK] | L: 0.66527713/0.66624048 | F1 M MIN: 0.00381350 D: 0.27181250 | [S/N/B]: [0.0038/0.7632/0.5398] | LR: 0.00007187
2026-03-25 01:31:35,709 - INFO - T210 E3/10 | [OK] | L: 0.65186964/0.65760760 | F1 M MIN: 0.08600789 D: 0.32470279 | [S/N/B]: [0.0860/0.7811/0.5634] | LR: 0.00006308
2026-03-25 01:33:30,831 - INFO - T210 E4/10 | [OK] | L: 0.64354096/0.64567233 | F1 M MIN: 0.07500312 D: 0.31891815 | [S/N/B]: [0.0750/0.8019/0.5628] | LR: 0.00005201
2026-03-25 01:35:26,684 - INFO - T210 E5/10 | [OK] | L: 0.63709935/0.65089734 | F1 M MIN: 0.15366852 D: 0.35882212 | [S/N/B]: [0.1537/0.7909/0.5640] | LR: 0.00003973
2026-03-25 01:37:22,247 - INFO - T210 E6/10 | [OK] | L: 0.63226277/0.64210686 | F1 M MIN: 0.19517521 D: 0.37643447 | [S/N/B]: [0.1952/0.7981/0.5577] | LR: 0.00002745
2026-03-25 01:37:22,381 - INFO - Trial 210 pruned by Optuna at epoch 6
2026-03-25 01:37:22,487 - INFO - Trial 210 pruned.
2026-03-25 01:37:23,099 - INFO - 🔍 RAM-Safe Streaming Scan (Treino): 878 arquivos...
2026-03-25 01:38:12,182 - INFO - ✂️ Double-Chunking (Treino): Expondo fatias de 500,000 amostras aleatórias.
2026-03-25 01:38:12,183 - INFO - 🚀 Pre-loading 500,000 samples into RAM (Lightning Mode)...
2026-03-25 01:41:17,204 - INFO - ✅ RAM-Safe Streaming Dataset: 500,000 sequences indexed and PRE-LOADED.
2026-03-25 01:41:17,209 - INFO - ✅ RAM-Safe Streaming Dataset: 500,000 sequences indexed (Mode: Lightning).
2026-03-25 01:41:17,255 - INFO - 🔍 RAM-Safe Streaming Scan (Val): 274 arquivos...
2026-03-25 01:41:29,428 - INFO - ✂️ Double-Chunking (Val): Expondo fatias de 100,000 amostras aleatórias.
2026-03-25 01:41:29,429 - INFO - 🚀 Pre-loading 100,000 samples into RAM (Lightning Mode)...
2026-03-25 01:42:25,351 - INFO - ✅ RAM-Safe Streaming Dataset: 100,000 sequences indexed and PRE-LOADED.
2026-03-25 01:42:25,352 - INFO - ✅ RAM-Safe Streaming Dataset: 100,000 sequences indexed (Mode: Lightning).
2026-03-25 01:42:25,683 - INFO - Trial 211 START | tcn=512, lstm=128, layers=4, batch=2048, seq=144 | RFE=30 | loss=ASYM (g_s=2.38, g_n=1.26, g_b=0.92) | alpha=[1.82, 0.81, 1.47], smooth=0.26
2026-03-25 01:44:08,322 - INFO - T211 E1/10 | [OK] | L: 0.92668997/0.86604937 | F1 M MIN: 0.00007402 D: 0.24289719 | [S/N/B]: [0.4857/0.5174/0.0001] | LR: 0.00006046
2026-03-25 01:45:52,601 - INFO - T211 E2/10 | [WARN] ZERO_PENALTY | L: 0.84540805/0.81548893 | F1 M MIN: 0.00000000 D: 0.00000000 | [S/N/B]: [0.5020/0.5890/0.0000] | LR: 0.00005605
2026-03-25 01:47:36,913 - INFO - T211 E3/10 | [WARN] ZERO_PENALTY | L: 0.82155381/0.79111396 | F1 M MIN: 0.00000000 D: 0.00000000 | [S/N/B]: [0.5100/0.6201/0.0000] | LR: 0.00004920
2026-03-25 01:49:21,445 - INFO - T211 E4/10 | [WARN] ZERO_PENALTY | L: 0.80935973/0.77917699 | F1 M MIN: 0.00000000 D: 0.00000000 | [S/N/B]: [0.5188/0.6560/0.0000] | LR: 0.00004056
2026-03-25 01:51:05,980 - INFO - T211 E5/10 | [WARN] ZERO_PENALTY | L: 0.80233107/0.76489297 | F1 M MIN: 0.00000000 D: 0.00000000 | [S/N/B]: [0.5331/0.7096/0.0000] | LR: 0.00003099
2026-03-25 01:51:06,029 - INFO - Trial 211 stopped early due to patience limit (4 epochs without improvement)
2026-03-25 01:51:06,223 - INFO - Trial 211 finished with value: 7.402198452940523e-05 and parameters: {'tcn_channels': 512, 'lstm_hidden': 128, 'num_lstm_layers': 4, 'batch_size': 2048, 'dropout': 0.22109365966761105, 'seq_len': 144, 'lr': 6.197230816761969e-05, 'weight_decay': 0.0004052915993847914, 'base_alpha_sell': 1.81908450273048, 'base_alpha_neutral': 0.809887012516356, 'base_alpha_buy': 1.4733009978251788, 'base_loss_gamma': 4.0122579317792315, 'base_loss_smoothing': 0.2609635007294488, 'asym_gamma_sell': 2.3802555097785865, 'asym_gamma_neu': 1.2639419389932736, 'asym_gamma_buy': 0.9234032389303009}. Best is trial 193 with value: 0.4857577883085556.
2026-03-25 01:51:06,721 - INFO - 🔍 RAM-Safe Streaming Scan (Treino): 878 arquivos...
2026-03-25 01:51:54,991 - INFO - ✂️ Double-Chunking (Treino): Expondo fatias de 500,000 amostras aleatórias.
2026-03-25 01:51:54,992 - INFO - 🚀 Pre-loading 500,000 samples into RAM (Lightning Mode)...
2026-03-25 01:55:00,026 - INFO - ✅ RAM-Safe Streaming Dataset: 500,000 sequences indexed and PRE-LOADED.
2026-03-25 01:55:00,027 - INFO - ✅ RAM-Safe Streaming Dataset: 500,000 sequences indexed (Mode: Lightning).
2026-03-25 01:55:00,074 - INFO - 🔍 RAM-Safe Streaming Scan (Val): 274 arquivos...
2026-03-25 01:55:12,102 - INFO - ✂️ Double-Chunking (Val): Expondo fatias de 100,000 amostras aleatórias.
2026-03-25 01:55:12,103 - INFO - 🚀 Pre-loading 100,000 samples into RAM (Lightning Mode)...
2026-03-25 01:56:07,392 - INFO - ✅ RAM-Safe Streaming Dataset: 100,000 sequences indexed and PRE-LOADED.
2026-03-25 01:56:07,393 - INFO - ✅ RAM-Safe Streaming Dataset: 100,000 sequences indexed (Mode: Lightning).
2026-03-25 01:56:07,768 - INFO - Trial 212 START | tcn=512, lstm=128, layers=2, batch=2048, seq=192 | RFE=30 | loss=ASYM (g_s=1.03, g_n=0.33, g_b=1.95) | alpha=[1.23, 0.70, 1.63], smooth=0.27
2026-03-25 01:58:22,903 - INFO - T212 E1/10 | [WARN] ZERO_PENALTY | L: 0.75243710/0.73083339 | F1 M MIN: 0.00000000 D: 0.00000000 | [S/N/B]: [0.0000/0.7531/0.5388] | LR: 0.00177767
2026-03-25 02:00:39,600 - INFO - T212 E2/10 | [WARN] ZERO_PENALTY | L: 0.72030182/0.71424080 | F1 M MIN: 0.00000000 D: 0.00000000 | [S/N/B]: [0.0000/0.8072/0.5594] | LR: 0.00164825
2026-03-25 02:02:56,225 - INFO - T212 E3/10 | [WARN] ZERO_PENALTY | L: 0.71298637/0.71568151 | F1 M MIN: 0.00000000 D: 0.00000000 | [S/N/B]: [0.0000/0.7931/0.5537] | LR: 0.00144668
2026-03-25 02:05:13,032 - INFO - T212 E4/10 | [OK] | L: 0.70919213/0.70698796 | F1 M MIN: 0.02970994 D: 0.29393883 | [S/N/B]: [0.0297/0.8090/0.5582] | LR: 0.00119268
2026-03-25 02:07:29,995 - INFO - T212 E5/10 | [OK] | L: 0.70406556/0.70726192 | F1 M MIN: 0.26434624 D: 0.40299590 | [S/N/B]: [0.2643/0.7981/0.5416] | LR: 0.00091113
2026-03-25 02:09:46,937 - INFO - T212 E6/10 | [OK] | L: 0.69965753/0.70012785 | F1 M MIN: 0.23649235 D: 0.39938983 | [S/N/B]: [0.2365/0.8218/0.5623] | LR: 0.00062958
2026-03-25 02:09:47,126 - INFO - Trial 212 pruned by Optuna at epoch 6
2026-03-25 02:09:47,254 - INFO - Trial 212 pruned.
2026-03-25 02:09:47,851 - INFO - 🔍 RAM-Safe Streaming Scan (Treino): 878 arquivos...
2026-03-25 02:10:36,135 - INFO - ✂️ Double-Chunking (Treino): Expondo fatias de 500,000 amostras aleatórias.
2026-03-25 02:10:36,136 - INFO - 🚀 Pre-loading 500,000 samples into RAM (Lightning Mode)...
2026-03-25 02:13:38,617 - INFO - ✅ RAM-Safe Streaming Dataset: 500,000 sequences indexed and PRE-LOADED.
2026-03-25 02:13:38,618 - INFO - ✅ RAM-Safe Streaming Dataset: 500,000 sequences indexed (Mode: Lightning).
2026-03-25 02:13:38,667 - INFO - 🔍 RAM-Safe Streaming Scan (Val): 274 arquivos...
2026-03-25 02:13:50,810 - INFO - ✂️ Double-Chunking (Val): Expondo fatias de 100,000 amostras aleatórias.
2026-03-25 02:13:50,810 - INFO - 🚀 Pre-loading 100,000 samples into RAM (Lightning Mode)...
2026-03-25 02:14:47,309 - INFO - ✅ RAM-Safe Streaming Dataset: 100,000 sequences indexed and PRE-LOADED.
2026-03-25 02:14:47,312 - INFO - ✅ RAM-Safe Streaming Dataset: 100,000 sequences indexed (Mode: Lightning).
2026-03-25 02:14:47,661 - INFO - Trial 213 START | tcn=512, lstm=256, layers=3, batch=1024, seq=96 | RFE=30 | loss=ASYM (g_s=2.08, g_n=0.13, g_b=0.92) | alpha=[1.50, 0.49, 1.67], smooth=0.20
2026-03-25 02:15:57,389 - INFO - T213 E1/10 | [WARN] ZERO_PENALTY | L: 0.76136989/0.72451753 | F1 M MIN: 0.00000000 D: 0.00000000 | [S/N/B]: [0.0000/0.6803/0.5180] | LR: 0.00169253
2026-03-25 02:17:07,228 - INFO - T213 E2/10 | [WARN] ZERO_PENALTY | L: 0.72783721/0.71755357 | F1 M MIN: 0.00000000 D: 0.00000000 | [S/N/B]: [0.0000/0.7010/0.5239] | LR: 0.00156931
2026-03-25 02:18:18,086 - INFO - T213 E3/10 | [WARN] ZERO_PENALTY | L: 0.72160623/0.71138636 | F1 M MIN: 0.00000000 D: 0.00000000 | [S/N/B]: [0.0000/0.7277/0.5320] | LR: 0.00137739
2026-03-25 02:19:28,304 - INFO - T213 E4/10 | [WARN] ZERO_PENALTY | L: 0.71796806/0.71394924 | F1 M MIN: 0.00000000 D: 0.00000000 | [S/N/B]: [0.0000/0.7000/0.5242] | LR: 0.00113556
2026-03-25 02:19:28,364 - INFO - Trial 213 stopped early due to patience limit (4 epochs without improvement)
2026-03-25 02:19:28,533 - INFO - Trial 213 finished with value: 0.0 and parameters: {'tcn_channels': 512, 'lstm_hidden': 256, 'num_lstm_layers': 3, 'batch_size': 1024, 'dropout': 0.282625889069575, 'seq_len': 96, 'lr': 0.0017349870138633448, 'weight_decay': 0.0015975858893761503, 'base_alpha_sell': 1.503156215893208, 'base_alpha_neutral': 0.488501078616648, 'base_alpha_buy': 1.6748646250627515, 'base_loss_gamma': 3.243412794440098, 'base_loss_smoothing': 0.2023326889357192, 'asym_gamma_sell': 2.077475890019717, 'asym_gamma_neu': 0.13163356321296887, 'asym_gamma_buy': 0.9203235110039123}. Best is trial 193 with value: 0.4857577883085556.
2026-03-25 02:19:29,023 - INFO - 🔍 RAM-Safe Streaming Scan (Treino): 878 arquivos...
2026-03-25 02:20:17,455 - INFO - ✂️ Double-Chunking (Treino): Expondo fatias de 500,000 amostras aleatórias.
2026-03-25 02:20:17,457 - INFO - 🚀 Pre-loading 500,000 samples into RAM (Lightning Mode)...
2026-03-25 02:23:24,966 - INFO - ✅ RAM-Safe Streaming Dataset: 500,000 sequences indexed and PRE-LOADED.
2026-03-25 02:23:24,967 - INFO - ✅ RAM-Safe Streaming Dataset: 500,000 sequences indexed (Mode: Lightning).
2026-03-25 02:23:25,017 - INFO - 🔍 RAM-Safe Streaming Scan (Val): 274 arquivos...
2026-03-25 02:23:37,236 - INFO - ✂️ Double-Chunking (Val): Expondo fatias de 100,000 amostras aleatórias.
2026-03-25 02:23:37,236 - INFO - 🚀 Pre-loading 100,000 samples into RAM (Lightning Mode)...
2026-03-25 02:24:33,452 - INFO - ✅ RAM-Safe Streaming Dataset: 100,000 sequences indexed and PRE-LOADED.
2026-03-25 02:24:33,453 - INFO - ✅ RAM-Safe Streaming Dataset: 100,000 sequences indexed (Mode: Lightning).
2026-03-25 02:24:33,823 - INFO - Trial 214 START | tcn=512, lstm=128, layers=3, batch=512, seq=144 | RFE=30 | loss=ASYM (g_s=4.06, g_n=1.37, g_b=1.66) | alpha=[1.96, 0.81, 1.66], smooth=0.19
2026-03-25 02:26:13,282 - INFO - T214 E1/10 | [WARN] ZERO_PENALTY | L: 0.74428437/0.67505574 | F1 M MIN: 0.00000000 D: 0.00000000 | [S/N/B]: [0.5367/0.7218/0.0000] | LR: 0.00015353
2026-03-25 02:27:53,800 - INFO - T214 E2/10 | [OK] | L: 0.68766149/0.65114849 | F1 M MIN: 0.00955601 D: 0.28055956 | [S/N/B]: [0.5516/0.7644/0.0096] | LR: 0.00014235
2026-03-25 02:29:34,662 - INFO - T214 E3/10 | [OK] | L: 0.67432476/0.63778692 | F1 M MIN: 0.14487282 D: 0.34540860 | [S/N/B]: [0.5459/0.7836/0.1449] | LR: 0.00012494
2026-03-25 02:31:15,751 - INFO - T214 E4/10 | [OK] | L: 0.66746915/0.63569401 | F1 M MIN: 0.17967519 D: 0.36185245 | [S/N/B]: [0.5440/0.7842/0.1797] | LR: 0.00010300
2026-03-25 02:32:56,792 - INFO - T214 E5/10 | [OK] | L: 0.66220937/0.63000510 | F1 M MIN: 0.25643213 D: 0.40085358 | [S/N/B]: [0.5453/0.7889/0.2564] | LR: 0.00007869
2026-03-25 02:34:37,638 - INFO - T214 E6/10 | [OK] | L: 0.65720837/0.62766036 | F1 M MIN: 0.28011655 D: 0.41521781 | [S/N/B]: [0.5503/0.7913/0.2801] | LR: 0.00005437
2026-03-25 02:34:37,793 - INFO - Trial 214 pruned by Optuna at epoch 6
2026-03-25 02:34:37,918 - INFO - Trial 214 pruned.
2026-03-25 02:34:38,658 - INFO - 🔍 RAM-Safe Streaming Scan (Treino): 878 arquivos...
2026-03-25 02:35:30,751 - INFO - ✂️ Double-Chunking (Treino): Expondo fatias de 500,000 amostras aleatórias.
2026-03-25 02:35:30,752 - INFO - 🚀 Pre-loading 500,000 samples into RAM (Lightning Mode)...
2026-03-25 02:38:36,948 - INFO - ✅ RAM-Safe Streaming Dataset: 500,000 sequences indexed and PRE-LOADED.
2026-03-25 02:38:36,949 - INFO - ✅ RAM-Safe Streaming Dataset: 500,000 sequences indexed (Mode: Lightning).
2026-03-25 02:38:36,997 - INFO - 🔍 RAM-Safe Streaming Scan (Val): 274 arquivos...
2026-03-25 02:38:49,715 - INFO - ✂️ Double-Chunking (Val): Expondo fatias de 100,000 amostras aleatórias.
2026-03-25 02:38:49,715 - INFO - 🚀 Pre-loading 100,000 samples into RAM (Lightning Mode)...
2026-03-25 02:39:47,351 - INFO - ✅ RAM-Safe Streaming Dataset: 100,000 sequences indexed and PRE-LOADED.
2026-03-25 02:39:47,352 - INFO - ✅ RAM-Safe Streaming Dataset: 100,000 sequences indexed (Mode: Lightning).
2026-03-25 02:39:47,729 - INFO - Trial 215 START | tcn=512, lstm=128, layers=4, batch=512, seq=144 | RFE=30 | loss=ASYM (g_s=0.79, g_n=1.00, g_b=1.12) | alpha=[1.84, 1.00, 1.39], smooth=0.25
2026-03-25 02:41:32,307 - INFO - T215 E1/10 | [WARN] ZERO_PENALTY | L: 1.04705680/0.93806230 | F1 M MIN: 0.00000000 D: 0.00000000 | [S/N/B]: [0.5596/0.7945/0.0000] | LR: 0.00012384
2026-03-25 02:43:18,308 - INFO - T215 E2/10 | [WARN] ZERO_PENALTY | L: 0.99046807/0.92530121 | F1 M MIN: 0.00000000 D: 0.00000000 | [S/N/B]: [0.5657/0.8072/0.0000] | LR: 0.00011483
2026-03-25 02:45:04,434 - INFO - T215 E3/10 | [WARN] ZERO_PENALTY | L: 0.97608884/0.90325236 | F1 M MIN: 0.00000000 D: 0.00000000 | [S/N/B]: [0.5819/0.8407/0.0000] | LR: 0.00010078
2026-03-25 02:46:50,709 - INFO - T215 E4/10 | [WARN] ZERO_PENALTY | L: 0.96755152/0.90206859 | F1 M MIN: 0.00000000 D: 0.00000000 | [S/N/B]: [0.5836/0.8439/0.0000] | LR: 0.00008309
2026-03-25 02:46:50,772 - INFO - Trial 215 stopped early due to patience limit (4 epochs without improvement)
2026-03-25 02:46:50,959 - INFO - Trial 215 finished with value: 0.0 and parameters: {'tcn_channels': 512, 'lstm_hidden': 128, 'num_lstm_layers': 4, 'batch_size': 512, 'dropout': 0.3085262260884287, 'seq_len': 144, 'lr': 0.00012694772619693495, 'weight_decay': 0.00011025135268963364, 'base_alpha_sell': 1.8447993941857868, 'base_alpha_neutral': 1.004016359132134, 'base_alpha_buy': 1.3910322937706996, 'base_loss_gamma': 4.280765233605855, 'base_loss_smoothing': 0.2545739508935783, 'asym_gamma_sell': 0.7891062546757448, 'asym_gamma_neu': 0.9999204681412905, 'asym_gamma_buy': 1.1228471132438236}. Best is trial 193 with value: 0.4857577883085556.
2026-03-25 02:46:51,457 - INFO - 🔍 RAM-Safe Streaming Scan (Treino): 878 arquivos...
2026-03-25 02:47:39,054 - INFO - ✂️ Double-Chunking (Treino): Expondo fatias de 500,000 amostras aleatórias.
2026-03-25 02:47:39,055 - INFO - 🚀 Pre-loading 500,000 samples into RAM (Lightning Mode)...
2026-03-25 02:50:43,504 - INFO - ✅ RAM-Safe Streaming Dataset: 500,000 sequences indexed and PRE-LOADED.
2026-03-25 02:50:43,509 - INFO - ✅ RAM-Safe Streaming Dataset: 500,000 sequences indexed (Mode: Lightning).
2026-03-25 02:50:43,558 - INFO - 🔍 RAM-Safe Streaming Scan (Val): 274 arquivos...
2026-03-25 02:50:55,668 - INFO - ✂️ Double-Chunking (Val): Expondo fatias de 100,000 amostras aleatórias.
2026-03-25 02:50:55,669 - INFO - 🚀 Pre-loading 100,000 samples into RAM (Lightning Mode)...
2026-03-25 02:51:50,434 - INFO - ✅ RAM-Safe Streaming Dataset: 100,000 sequences indexed and PRE-LOADED.
2026-03-25 02:51:50,435 - INFO - ✅ RAM-Safe Streaming Dataset: 100,000 sequences indexed (Mode: Lightning).
2026-03-25 02:51:50,793 - INFO - Trial 216 START | tcn=512, lstm=128, layers=3, batch=1024, seq=144 | RFE=30 | loss=ASYM (g_s=1.70, g_n=1.17, g_b=0.90) | alpha=[1.76, 0.90, 1.65], smooth=0.24
2026-03-25 02:53:28,727 - INFO - T216 E1/10 | [WARN] ZERO_PENALTY | L: 0.99661670/0.89567457 | F1 M MIN: 0.00000000 D: 0.00000000 | [S/N/B]: [0.5359/0.7351/0.0000] | LR: 0.00010283
2026-03-25 02:55:07,214 - INFO - T216 E2/10 | [WARN] ZERO_PENALTY | L: 0.93807487/0.88320657 | F1 M MIN: 0.00000000 D: 0.00000000 | [S/N/B]: [0.5397/0.7406/0.0000] | LR: 0.00009534
2026-03-25 02:56:46,568 - INFO - T216 E3/10 | [OK] | L: 0.92402022/0.86372140 | F1 M MIN: 0.00510930 D: 0.27983144 | [S/N/B]: [0.5546/0.7811/0.0051] | LR: 0.00008368
2026-03-25 02:58:25,221 - INFO - T216 E4/10 | [OK] | L: 0.91375300/0.86064434 | F1 M MIN: 0.02552188 D: 0.28947810 | [S/N/B]: [0.5534/0.7833/0.0255] | LR: 0.00006899
2026-03-25 03:00:04,620 - INFO - T216 E5/10 | [OK] | L: 0.90779120/0.85517523 | F1 M MIN: 0.20012132 D: 0.36614786 | [S/N/B]: [0.5322/0.7933/0.2001] | LR: 0.00005270
2026-03-25 03:01:43,555 - INFO - T216 E6/10 | [OK] | L: 0.90363285/0.84186185 | F1 M MIN: 0.27639678 D: 0.40155217 | [S/N/B]: [0.5267/0.8216/0.2764] | LR: 0.00003642
2026-03-25 03:01:43,676 - INFO - Trial 216 pruned by Optuna at epoch 6
