2026-03-26 09:12:00,118 - INFO - Trial 331 finished with value: 0.4636795964568425 and parameters: {'tcn_channels': 512, 'lstm_hidden': 256, 'num_lstm_layers': 2, 'batch_size': 512, 'dropout': 0.3092751233533354, 'seq_len': 256, 'lr': 0.00017484184696419633, 'weight_decay': 0.003931369272377303, 'base_alpha_sell': 1.375117807137546, 'base_alpha_neutral': 0.6719874438529267, 'base_alpha_buy': 1.6855533808334855, 'base_loss_gamma': 2.610801478675404, 'base_loss_smoothing': 0.26956083708624917, 'asym_gamma_sell': 2.839666603964482, 'asym_gamma_neu': 0.20452220117812664, 'asym_gamma_buy': 4.13674591660578}. Best is trial 299 with value: 0.5035109606130814.
2026-03-26 09:12:00,661 - INFO - 🔍 RAM-Safe Streaming Scan (Treino): 878 arquivos...
2026-03-26 09:12:50,616 - INFO - ✂️ Double-Chunking (Treino): Expondo fatias de 500,000 amostras aleatórias.
2026-03-26 09:12:50,617 - INFO - 🚀 Pre-loading 500,000 samples into RAM (Lightning Mode)...
2026-03-26 09:16:02,409 - INFO - ✅ RAM-Safe Streaming Dataset: 500,000 sequences indexed and PRE-LOADED.
2026-03-26 09:16:02,410 - INFO - ✅ RAM-Safe Streaming Dataset: 500,000 sequences indexed (Mode: Lightning).
2026-03-26 09:16:02,455 - INFO - 🔍 RAM-Safe Streaming Scan (Val): 274 arquivos...
2026-03-26 09:16:15,301 - INFO - ✂️ Double-Chunking (Val): Expondo fatias de 100,000 amostras aleatórias.
2026-03-26 09:16:15,302 - INFO - 🚀 Pre-loading 100,000 samples into RAM (Lightning Mode)...
2026-03-26 09:17:12,869 - INFO - ✅ RAM-Safe Streaming Dataset: 100,000 sequences indexed and PRE-LOADED.
2026-03-26 09:17:12,870 - INFO - ✅ RAM-Safe Streaming Dataset: 100,000 sequences indexed (Mode: Lightning).
2026-03-26 09:17:13,331 - INFO - Trial 332 START | tcn=512, lstm=256, layers=4, batch=1024, seq=256 | RFE=30 | loss=ASYM (g_s=1.52, g_n=0.36, g_b=4.82) | alpha=[0.96, 0.61, 1.59], smooth=0.32
2026-03-26 09:20:52,736 - INFO - T332 E1/10 | [WARN] ZERO_PENALTY | L: 0.45635302/0.48805192 | F1 M MIN: 0.00000000 D: 0.00000000 | [S/N/B]: [0.0000/0.6936/0.5195] | LR: 0.00026645
2026-03-26 09:24:33,458 - INFO - T332 E2/10 | [WARN] ZERO_PENALTY | L: 0.43300229/0.47647281 | F1 M MIN: 0.00000000 D: 0.00000000 | [S/N/B]: [0.0000/0.7677/0.5437] | LR: 0.00024705
2026-03-26 09:28:14,566 - INFO - T332 E3/10 | [WARN] ZERO_PENALTY | L: 0.42728991/0.47261368 | F1 M MIN: 0.00000000 D: 0.00000000 | [S/N/B]: [0.0000/0.7704/0.5449] | LR: 0.00021684
2026-03-26 09:31:55,748 - INFO - T332 E4/10 | [WARN] ZERO_PENALTY | L: 0.42419589/0.46764377 | F1 M MIN: 0.00000000 D: 0.00000000 | [S/N/B]: [0.0000/0.7995/0.5558] | LR: 0.00017877
2026-03-26 09:31:55,839 - INFO - Trial 332 stopped early due to patience limit (4 epochs without improvement)
2026-03-26 09:31:56,116 - INFO - Trial 332 finished with value: 0.0 and parameters: {'tcn_channels': 512, 'lstm_hidden': 256, 'num_lstm_layers': 4, 'batch_size': 1024, 'dropout': 0.41429017842634114, 'seq_len': 256, 'lr': 0.0002731353603151752, 'weight_decay': 0.0019847458255393873, 'base_alpha_sell': 0.9603382118533796, 'base_alpha_neutral': 0.6128760832785767, 'base_alpha_buy': 1.5923346648515044, 'base_loss_gamma': 1.6937567386090413, 'base_loss_smoothing': 0.3236507386678775, 'asym_gamma_sell': 1.5193235141664219, 'asym_gamma_neu': 0.35914417354694833, 'asym_gamma_buy': 4.817308211511097}. Best is trial 299 with value: 0.5035109606130814.
2026-03-26 09:31:56,699 - INFO - 🔍 RAM-Safe Streaming Scan (Treino): 878 arquivos...
2026-03-26 09:32:45,991 - INFO - ✂️ Double-Chunking (Treino): Expondo fatias de 500,000 amostras aleatórias.
2026-03-26 09:32:45,992 - INFO - 🚀 Pre-loading 500,000 samples into RAM (Lightning Mode)...
2026-03-26 09:36:01,084 - INFO - ✅ RAM-Safe Streaming Dataset: 500,000 sequences indexed and PRE-LOADED.
2026-03-26 09:36:01,086 - INFO - ✅ RAM-Safe Streaming Dataset: 500,000 sequences indexed (Mode: Lightning).
2026-03-26 09:36:01,135 - INFO - 🔍 RAM-Safe Streaming Scan (Val): 274 arquivos...
2026-03-26 09:36:14,156 - INFO - ✂️ Double-Chunking (Val): Expondo fatias de 100,000 amostras aleatórias.
2026-03-26 09:36:14,156 - INFO - 🚀 Pre-loading 100,000 samples into RAM (Lightning Mode)...
2026-03-26 09:37:12,369 - INFO - ✅ RAM-Safe Streaming Dataset: 100,000 sequences indexed and PRE-LOADED.
2026-03-26 09:37:12,370 - INFO - ✅ RAM-Safe Streaming Dataset: 100,000 sequences indexed (Mode: Lightning).
2026-03-26 09:37:12,774 - INFO - Trial 333 START | tcn=512, lstm=64, layers=2, batch=512, seq=256 | RFE=30 | loss=ASYM (g_s=1.99, g_n=0.77, g_b=3.86) | alpha=[1.15, 0.64, 1.75], smooth=0.32
2026-03-26 09:39:54,134 - INFO - T333 E1/10 | [WARN] ZERO_PENALTY | L: 0.52424076/0.52221497 | F1 M MIN: 0.00000000 D: 0.00000000 | [S/N/B]: [0.0000/0.6323/0.5063] | LR: 0.00025095
2026-03-26 09:42:37,350 - INFO - T333 E2/10 | [WARN] ZERO_PENALTY | L: 0.49460498/0.50934626 | F1 M MIN: 0.00000000 D: 0.00000000 | [S/N/B]: [0.0000/0.7019/0.5242] | LR: 0.00023268
2026-03-26 09:45:20,359 - INFO - T333 E3/10 | [WARN] ZERO_PENALTY | L: 0.48722096/0.50501510 | F1 M MIN: 0.00000000 D: 0.00000000 | [S/N/B]: [0.0000/0.7416/0.5362] | LR: 0.00020423
2026-03-26 09:48:03,682 - INFO - T333 E4/10 | [WARN] ZERO_PENALTY | L: 0.48339095/0.50640739 | F1 M MIN: 0.00000000 D: 0.00000000 | [S/N/B]: [0.0000/0.7142/0.5284] | LR: 0.00016837
2026-03-26 09:48:03,758 - INFO - Trial 333 stopped early due to patience limit (4 epochs without improvement)
2026-03-26 09:48:04,017 - INFO - Trial 333 finished with value: 0.0 and parameters: {'tcn_channels': 512, 'lstm_hidden': 64, 'num_lstm_layers': 2, 'batch_size': 512, 'dropout': 0.2709220557953701, 'seq_len': 256, 'lr': 0.00025724754033491245, 'weight_decay': 0.007062978905658198, 'base_alpha_sell': 1.1539199460640341, 'base_alpha_neutral': 0.6371946416306327, 'base_alpha_buy': 1.751159847969279, 'base_loss_gamma': 2.4709955416370692, 'base_loss_smoothing': 0.32461491002387804, 'asym_gamma_sell': 1.9853442803057588, 'asym_gamma_neu': 0.7659405853464285, 'asym_gamma_buy': 3.8649517568653495}. Best is trial 299 with value: 0.5035109606130814.
2026-03-26 09:48:04,597 - INFO - 🔍 RAM-Safe Streaming Scan (Treino): 878 arquivos...
2026-03-26 09:48:54,406 - INFO - ✂️ Double-Chunking (Treino): Expondo fatias de 500,000 amostras aleatórias.
2026-03-26 09:48:54,409 - INFO - 🚀 Pre-loading 500,000 samples into RAM (Lightning Mode)...
2026-03-26 09:52:06,076 - INFO - ✅ RAM-Safe Streaming Dataset: 500,000 sequences indexed and PRE-LOADED.
2026-03-26 09:52:06,078 - INFO - ✅ RAM-Safe Streaming Dataset: 500,000 sequences indexed (Mode: Lightning).
2026-03-26 09:52:06,127 - INFO - 🔍 RAM-Safe Streaming Scan (Val): 274 arquivos...
2026-03-26 09:52:19,307 - INFO - ✂️ Double-Chunking (Val): Expondo fatias de 100,000 amostras aleatórias.
2026-03-26 09:52:19,307 - INFO - 🚀 Pre-loading 100,000 samples into RAM (Lightning Mode)...
2026-03-26 09:53:16,745 - INFO - ✅ RAM-Safe Streaming Dataset: 100,000 sequences indexed and PRE-LOADED.
2026-03-26 09:53:16,746 - INFO - ✅ RAM-Safe Streaming Dataset: 100,000 sequences indexed (Mode: Lightning).
2026-03-26 09:53:17,149 - INFO - Trial 334 START | tcn=512, lstm=256, layers=3, batch=512, seq=256 | RFE=30 | loss=ASYM (g_s=2.86, g_n=0.33, g_b=3.20) | alpha=[1.19, 0.39, 1.56], smooth=0.20
2026-03-26 09:56:38,327 - INFO - T334 E1/10 | [WARN] ZERO_PENALTY | L: 0.37054535/0.38022715 | F1 M MIN: 0.00000000 D: 0.00000000 | [S/N/B]: [0.0000/0.6240/0.5046] | LR: 0.00018870
2026-03-26 10:00:01,598 - INFO - T334 E2/10 | [WARN] ZERO_PENALTY | L: 0.34668645/0.37079696 | F1 M MIN: 0.00000000 D: 0.00000000 | [S/N/B]: [0.0000/0.6768/0.5187] | LR: 0.00017496
2026-03-26 10:03:24,754 - INFO - T334 E3/10 | [OK] | L: 0.34074931/0.36281101 | F1 M MIN: 0.01568960 D: 0.27681509 | [S/N/B]: [0.0157/0.7388/0.5379] | LR: 0.00015357
2026-03-26 10:06:48,365 - INFO - T334 E4/10 | [OK] | L: 0.33739320/0.36670023 | F1 M MIN: 0.19090051 D: 0.35973343 | [S/N/B]: [0.1909/0.6993/0.5286] | LR: 0.00012660
2026-03-26 10:10:12,136 - INFO - T334 E5/10 | [OK] | L: 0.33420689/0.36404194 | F1 M MIN: 0.09101259 D: 0.30798696 | [S/N/B]: [0.0910/0.6771/0.5250] | LR: 0.00009672
2026-03-26 10:10:12,255 - INFO - Trial 334 pruned by Optuna at epoch 5
2026-03-26 10:10:12,378 - INFO - Trial 334 pruned.
2026-03-26 10:10:13,153 - INFO - 🔍 RAM-Safe Streaming Scan (Treino): 878 arquivos...
2026-03-26 10:11:15,041 - INFO - ✂️ Double-Chunking (Treino): Expondo fatias de 500,000 amostras aleatórias.
2026-03-26 10:11:15,044 - INFO - 🚀 Pre-loading 500,000 samples into RAM (Lightning Mode)...
2026-03-26 10:14:46,346 - INFO - ✅ RAM-Safe Streaming Dataset: 500,000 sequences indexed and PRE-LOADED.
2026-03-26 10:14:46,348 - INFO - ✅ RAM-Safe Streaming Dataset: 500,000 sequences indexed (Mode: Lightning).
2026-03-26 10:14:46,399 - INFO - 🔍 RAM-Safe Streaming Scan (Val): 274 arquivos...
2026-03-26 10:15:00,566 - INFO - ✂️ Double-Chunking (Val): Expondo fatias de 100,000 amostras aleatórias.
2026-03-26 10:15:00,567 - INFO - 🚀 Pre-loading 100,000 samples into RAM (Lightning Mode)...
2026-03-26 10:16:02,937 - INFO - ✅ RAM-Safe Streaming Dataset: 100,000 sequences indexed and PRE-LOADED.
2026-03-26 10:16:02,940 - INFO - ✅ RAM-Safe Streaming Dataset: 100,000 sequences indexed (Mode: Lightning).
2026-03-26 10:16:03,461 - INFO - Trial 335 START | tcn=512, lstm=32, layers=2, batch=1024, seq=256 | RFE=30 | loss=ASYM (g_s=1.42, g_n=0.83, g_b=3.84) | alpha=[0.85, 0.71, 1.39], smooth=0.25
2026-03-26 10:18:43,068 - INFO - T335 E1/10 | [WARN] ZERO_PENALTY | L: 0.39392484/0.38492258 | F1 M MIN: 0.00000000 D: 0.00000000 | [S/N/B]: [0.0000/0.7793/0.5498] | LR: 0.00038838
2026-03-26 10:21:23,713 - INFO - T335 E2/10 | [WARN] ZERO_PENALTY | L: 0.36353186/0.36648803 | F1 M MIN: 0.00000000 D: 0.00000000 | [S/N/B]: [0.0000/0.8316/0.5713] | LR: 0.00036011
2026-03-26 10:24:05,073 - INFO - T335 E3/10 | [WARN] ZERO_PENALTY | L: 0.35605608/0.36221078 | F1 M MIN: 0.00000000 D: 0.00000000 | [S/N/B]: [0.0000/0.8425/0.5771] | LR: 0.00031607
2026-03-26 10:26:45,711 - INFO - T335 E4/10 | [WARN] ZERO_PENALTY | L: 0.35219806/0.36179593 | F1 M MIN: 0.00000000 D: 0.00000000 | [S/N/B]: [0.0000/0.8352/0.5738] | LR: 0.00026058
2026-03-26 10:26:45,782 - INFO - Trial 335 stopped early due to patience limit (4 epochs without improvement)
2026-03-26 10:26:46,049 - INFO - Trial 335 finished with value: 0.0 and parameters: {'tcn_channels': 512, 'lstm_hidden': 32, 'num_lstm_layers': 2, 'batch_size': 1024, 'dropout': 0.267550665168246, 'seq_len': 256, 'lr': 0.0003981249829042566, 'weight_decay': 0.0013786160437552922, 'base_alpha_sell': 0.8482465723127441, 'base_alpha_neutral': 0.7070063769837177, 'base_alpha_buy': 1.3875766066233028, 'base_loss_gamma': 1.5993081950735815, 'base_loss_smoothing': 0.25349783064775866, 'asym_gamma_sell': 1.4230158042115115, 'asym_gamma_neu': 0.8307521334335333, 'asym_gamma_buy': 3.8430542453328074}. Best is trial 299 with value: 0.5035109606130814.
2026-03-26 10:26:46,667 - INFO - 🔍 RAM-Safe Streaming Scan (Treino): 878 arquivos...
2026-03-26 10:27:38,197 - INFO - ✂️ Double-Chunking (Treino): Expondo fatias de 500,000 amostras aleatórias.
2026-03-26 10:27:38,198 - INFO - 🚀 Pre-loading 500,000 samples into RAM (Lightning Mode)...
2026-03-26 10:30:54,444 - INFO - ✅ RAM-Safe Streaming Dataset: 500,000 sequences indexed and PRE-LOADED.
2026-03-26 10:30:54,445 - INFO - ✅ RAM-Safe Streaming Dataset: 500,000 sequences indexed (Mode: Lightning).
2026-03-26 10:30:54,494 - INFO - 🔍 RAM-Safe Streaming Scan (Val): 274 arquivos...
2026-03-26 10:31:07,500 - INFO - ✂️ Double-Chunking (Val): Expondo fatias de 100,000 amostras aleatórias.
2026-03-26 10:31:07,501 - INFO - 🚀 Pre-loading 100,000 samples into RAM (Lightning Mode)...
2026-03-26 10:32:05,138 - INFO - ✅ RAM-Safe Streaming Dataset: 100,000 sequences indexed and PRE-LOADED.
2026-03-26 10:32:05,140 - INFO - ✅ RAM-Safe Streaming Dataset: 100,000 sequences indexed (Mode: Lightning).
2026-03-26 10:32:05,513 - INFO - Trial 336 START | tcn=64, lstm=256, layers=2, batch=1024, seq=256 | RFE=30 | loss=ASYM (g_s=2.92, g_n=0.11, g_b=3.21) | alpha=[1.49, 0.79, 1.74], smooth=0.21
2026-03-26 10:32:55,416 - INFO - T336 E1/10 | [WARN] ZERO_PENALTY | L: 0.69827297/0.72444227 | F1 M MIN: 0.00000000 D: 0.00000000 | [S/N/B]: [0.0000/0.7318/0.5312] | LR: 0.00063301
2026-03-26 10:33:45,067 - INFO - T336 E2/10 | [WARN] ZERO_PENALTY | L: 0.65597503/0.70033419 | F1 M MIN: 0.00000000 D: 0.00000000 | [S/N/B]: [0.0000/0.7898/0.5521] | LR: 0.00058693
2026-03-26 10:34:35,460 - INFO - T336 E3/10 | [WARN] ZERO_PENALTY | L: 0.64504127/0.69562699 | F1 M MIN: 0.00000000 D: 0.00000000 | [S/N/B]: [0.0000/0.7936/0.5537] | LR: 0.00051515
2026-03-26 10:35:25,421 - INFO - T336 E4/10 | [WARN] ZERO_PENALTY | L: 0.63783159/0.68806793 | F1 M MIN: 0.00000000 D: 0.00000000 | [S/N/B]: [0.0000/0.7966/0.5553] | LR: 0.00042470
2026-03-26 10:35:25,483 - INFO - Trial 336 stopped early due to patience limit (4 epochs without improvement)
2026-03-26 10:35:25,721 - INFO - Trial 336 finished with value: 0.0 and parameters: {'tcn_channels': 64, 'lstm_hidden': 256, 'num_lstm_layers': 2, 'batch_size': 1024, 'dropout': 0.28026741575230985, 'seq_len': 256, 'lr': 0.0006488885093358864, 'weight_decay': 0.006674149433641641, 'base_alpha_sell': 1.4908566706532798, 'base_alpha_neutral': 0.7919621026267556, 'base_alpha_buy': 1.7406811434314313, 'base_loss_gamma': 2.3860223137265346, 'base_loss_smoothing': 0.21297535592092876, 'asym_gamma_sell': 2.9206142981814165, 'asym_gamma_neu': 0.11337861527314834, 'asym_gamma_buy': 3.2064065718273547}. Best is trial 299 with value: 0.5035109606130814.
2026-03-26 10:35:26,269 - INFO - 🔍 RAM-Safe Streaming Scan (Treino): 878 arquivos...
2026-03-26 10:36:16,679 - INFO - ✂️ Double-Chunking (Treino): Expondo fatias de 500,000 amostras aleatórias.
2026-03-26 10:36:16,680 - INFO - 🚀 Pre-loading 500,000 samples into RAM (Lightning Mode)...
2026-03-26 10:39:32,159 - INFO - ✅ RAM-Safe Streaming Dataset: 500,000 sequences indexed and PRE-LOADED.
2026-03-26 10:39:32,160 - INFO - ✅ RAM-Safe Streaming Dataset: 500,000 sequences indexed (Mode: Lightning).
2026-03-26 10:39:32,210 - INFO - 🔍 RAM-Safe Streaming Scan (Val): 274 arquivos...
2026-03-26 10:39:45,102 - INFO - ✂️ Double-Chunking (Val): Expondo fatias de 100,000 amostras aleatórias.
2026-03-26 10:39:45,102 - INFO - 🚀 Pre-loading 100,000 samples into RAM (Lightning Mode)...
2026-03-26 10:40:42,716 - INFO - ✅ RAM-Safe Streaming Dataset: 100,000 sequences indexed and PRE-LOADED.
2026-03-26 10:40:42,717 - INFO - ✅ RAM-Safe Streaming Dataset: 100,000 sequences indexed (Mode: Lightning).
2026-03-26 10:40:43,154 - INFO - Trial 337 START | tcn=512, lstm=64, layers=4, batch=1024, seq=256 | RFE=30 | loss=ASYM (g_s=1.11, g_n=0.53, g_b=0.64) | alpha=[1.30, 0.39, 1.64], smooth=0.08
2026-03-26 10:43:29,426 - INFO - T337 E1/10 | [WARN] ZERO_PENALTY | L: 0.74062240/0.61708513 | F1 M MIN: 0.00000000 D: 0.00000000 | [S/N/B]: [0.0000/0.4745/0.4792] | LR: 0.00025808
2026-03-26 10:46:16,844 - INFO - T337 E2/10 | [WARN] ZERO_PENALTY | L: 0.66523882/0.59021462 | F1 M MIN: 0.00000000 D: 0.00000000 | [S/N/B]: [0.0000/0.6450/0.5126] | LR: 0.00023930
2026-03-26 10:49:04,930 - INFO - T337 E3/10 | [WARN] ZERO_PENALTY | L: 0.65216698/0.58329765 | F1 M MIN: 0.00000000 D: 0.00000000 | [S/N/B]: [0.0000/0.6537/0.5152] | LR: 0.00021003
2026-03-26 10:51:52,863 - INFO - T337 E4/10 | [WARN] ZERO_PENALTY | L: 0.64485965/0.57458709 | F1 M MIN: 0.00000000 D: 0.00000000 | [S/N/B]: [0.0000/0.6834/0.5232] | LR: 0.00017316
2026-03-26 10:51:52,936 - INFO - Trial 337 stopped early due to patience limit (4 epochs without improvement)
2026-03-26 10:51:53,193 - INFO - Trial 337 finished with value: 0.0 and parameters: {'tcn_channels': 512, 'lstm_hidden': 64, 'num_lstm_layers': 4, 'batch_size': 1024, 'dropout': 0.2427422495097178, 'seq_len': 256, 'lr': 0.0002645589672720981, 'weight_decay': 0.0016409203674437724, 'base_alpha_sell': 1.2967321769827147, 'base_alpha_neutral': 0.38741999750812633, 'base_alpha_buy': 1.6435256596686043, 'base_loss_gamma': 1.9285994290307134, 'base_loss_smoothing': 0.07554810710303787, 'asym_gamma_sell': 1.1079679459976701, 'asym_gamma_neu': 0.5264195071520349, 'asym_gamma_buy': 0.6376435842319776}. Best is trial 299 with value: 0.5035109606130814.
2026-03-26 10:51:53,744 - INFO - 🔍 RAM-Safe Streaming Scan (Treino): 878 arquivos...
2026-03-26 10:52:42,932 - INFO - ✂️ Double-Chunking (Treino): Expondo fatias de 500,000 amostras aleatórias.
2026-03-26 10:52:42,933 - INFO - 🚀 Pre-loading 500,000 samples into RAM (Lightning Mode)...
2026-03-26 10:55:55,677 - INFO - ✅ RAM-Safe Streaming Dataset: 500,000 sequences indexed and PRE-LOADED.
2026-03-26 10:55:55,679 - INFO - ✅ RAM-Safe Streaming Dataset: 500,000 sequences indexed (Mode: Lightning).
2026-03-26 10:55:55,725 - INFO - 🔍 RAM-Safe Streaming Scan (Val): 274 arquivos...
2026-03-26 10:56:08,890 - INFO - ✂️ Double-Chunking (Val): Expondo fatias de 100,000 amostras aleatórias.
2026-03-26 10:56:08,891 - INFO - 🚀 Pre-loading 100,000 samples into RAM (Lightning Mode)...
2026-03-26 10:57:07,068 - INFO - ✅ RAM-Safe Streaming Dataset: 100,000 sequences indexed and PRE-LOADED.
2026-03-26 10:57:07,069 - INFO - ✅ RAM-Safe Streaming Dataset: 100,000 sequences indexed (Mode: Lightning).
2026-03-26 10:57:07,731 - INFO - Trial 338 START | tcn=64, lstm=256, layers=2, batch=512, seq=256 | RFE=30 | loss=ASYM (g_s=3.54, g_n=0.44, g_b=4.54) | alpha=[1.46, 0.60, 1.64], smooth=0.32
2026-03-26 10:58:07,465 - INFO - T338 E1/10 | [OK] | L: 0.48927567/0.52819094 | F1 M MIN: 0.41331371 D: 0.41592417 | [S/N/B]: [0.4185/0.6895/0.4133] | LR: 0.00028163
2026-03-26 10:59:09,715 - INFO - T338 E2/10 | [OK] | L: 0.46376167/0.52394069 | F1 M MIN: 0.39266919 D: 0.41708951 | [S/N/B]: [0.4415/0.6391/0.3927] | LR: 0.00026112
2026-03-26 11:00:10,620 - INFO - T338 E3/10 | [OK] | L: 0.45638601/0.51457276 | F1 M MIN: 0.31843020 D: 0.43510822 | [S/N/B]: [0.5518/0.7071/0.3184] | LR: 0.00022919
2026-03-26 11:01:12,299 - INFO - T338 E4/10 | [OK] | L: 0.45208045/0.51290385 | F1 M MIN: 0.37415460 D: 0.44320229 | [S/N/B]: [0.5122/0.7002/0.3742] | LR: 0.00018895
2026-03-26 11:02:14,126 - INFO - T338 E5/10 | [OK] | L: 0.44926406/0.51143849 | F1 M MIN: 0.21228243 D: 0.35402854 | [S/N/B]: [0.2123/0.6957/0.4958] | LR: 0.00014435
2026-03-26 11:02:14,162 - INFO - Trial 338 stopped early due to patience limit (4 epochs without improvement)
2026-03-26 11:02:14,390 - INFO - Trial 338 finished with value: 0.41331371454665383 and parameters: {'tcn_channels': 64, 'lstm_hidden': 256, 'num_lstm_layers': 2, 'batch_size': 512, 'dropout': 0.35700013858271457, 'seq_len': 256, 'lr': 0.00028869004952216315, 'weight_decay': 0.007247686565459601, 'base_alpha_sell': 1.460638963854112, 'base_alpha_neutral': 0.6013520288071652, 'base_alpha_buy': 1.6426050077138052, 'base_loss_gamma': 3.105363636661329, 'base_loss_smoothing': 0.3176378171287546, 'asym_gamma_sell': 3.541548831708483, 'asym_gamma_neu': 0.44329250287321054, 'asym_gamma_buy': 4.544234895564735}. Best is trial 299 with value: 0.5035109606130814.
2026-03-26 11:02:14,983 - INFO - 🔍 RAM-Safe Streaming Scan (Treino): 878 arquivos...
2026-03-26 11:03:05,430 - INFO - ✂️ Double-Chunking (Treino): Expondo fatias de 500,000 amostras aleatórias.
2026-03-26 11:03:05,431 - INFO - 🚀 Pre-loading 500,000 samples into RAM (Lightning Mode)...
2026-03-26 11:06:18,423 - INFO - ✅ RAM-Safe Streaming Dataset: 500,000 sequences indexed and PRE-LOADED.
2026-03-26 11:06:18,424 - INFO - ✅ RAM-Safe Streaming Dataset: 500,000 sequences indexed (Mode: Lightning).
2026-03-26 11:06:18,469 - INFO - 🔍 RAM-Safe Streaming Scan (Val): 274 arquivos...
2026-03-26 11:06:30,976 - INFO - ✂️ Double-Chunking (Val): Expondo fatias de 100,000 amostras aleatórias.
2026-03-26 11:06:30,976 - INFO - 🚀 Pre-loading 100,000 samples into RAM (Lightning Mode)...
2026-03-26 11:07:27,969 - INFO - ✅ RAM-Safe Streaming Dataset: 100,000 sequences indexed and PRE-LOADED.
2026-03-26 11:07:27,971 - INFO - ✅ RAM-Safe Streaming Dataset: 100,000 sequences indexed (Mode: Lightning).
2026-03-26 11:07:28,469 - INFO - Trial 339 START | tcn=512, lstm=256, layers=2, batch=512, seq=192 | RFE=30 | loss=ASYM (g_s=3.82, g_n=0.13, g_b=4.00) | alpha=[1.45, 0.69, 1.76], smooth=0.27
2026-03-26 11:09:58,532 - INFO - T339 E1/10 | [WARN] ZERO_PENALTY | L: 0.57369799/0.63330662 | F1 M MIN: 0.00000000 D: 0.00000000 | [S/N/B]: [0.0000/0.6355/0.5104] | LR: 0.00011934
2026-03-26 11:12:30,127 - INFO - T339 E2/10 | [WARN] ZERO_PENALTY | L: 0.54022070/0.61290699 | F1 M MIN: 0.00000000 D: 0.00000000 | [S/N/B]: [0.0000/0.7217/0.5342] | LR: 0.00011065
2026-03-26 11:15:01,880 - INFO - T339 E3/10 | [OK] | L: 0.53095242/0.59691141 | F1 M MIN: 0.03108041 D: 0.29692077 | [S/N/B]: [0.0311/0.8029/0.5628] | LR: 0.00009712
2026-03-26 11:17:33,941 - INFO - T339 E4/10 | [OK] | L: 0.52491707/0.59800059 | F1 M MIN: 0.25799767 D: 0.40116410 | [S/N/B]: [0.2580/0.7723/0.5443] | LR: 0.00008007
2026-03-26 11:20:05,791 - INFO - T339 E5/10 | [OK] | L: 0.52027226/0.61531071 | F1 M MIN: 0.26609075 D: 0.39841371 | [S/N/B]: [0.2661/0.7010/0.5307] | LR: 0.00006117
2026-03-26 11:20:05,883 - INFO - Trial 339 pruned by Optuna at epoch 5
