2026-03-25 04:23:04,574 - INFO - 
📝 LOGGING INITIALIZED (UTF-8-SIG): logs/run_manager/run_manager_20260325_042304.log
2026-03-25 04:23:04,574 - INFO - ============================================================
2026-03-25 04:23:04,575 - INFO - [START] INICIANDO NOVA SESSAO DO PIPELINE: 2026-03-25 04:23:04
2026-03-25 04:23:04,575 - INFO - ============================================================
2026-03-25 04:23:04,740 - INFO - ============================================================
2026-03-25 04:23:04,740 - INFO - [START] INICIANDO FASE: Foundation Optuna (400 Trials | 10 Epochs | EARLY STOP: 4)
2026-03-25 04:23:04,740 - INFO - ============================================================
2026-03-25 04:23:37,094 - INFO - 📁 DYNAMIC DATA PATHS: Train=data/L2/labelled/train | Val=data/L2/labelled/val
2026-03-25 04:23:37,095 - INFO - 📐 Fitting Global Scaler (Smart Sampler: 100k rows)...
2026-03-25 04:23:40,345 - INFO - 📊 Global Scaler initialized on 4,329,177 representative rows.
2026-03-25 04:23:40,360 - INFO - 💾 Scaler saved properly to: /workspace/QuantGod_Cloud_TCNLSTM/RESULTADOS_PT_065_SL_033_lookahead_15min_DT_5000000_TT_5000_IT_1000_VT_144_CUSUM_22/2026_03_21/MODELOS/BASE_MODEL/scaler_foundation.pkl
2026-03-25 04:23:40,591 - INFO - FocalLoss alpha: DYNAMIC RANGE active anchor points: [S:1.31, N:0.72, B:1.18]
2026-03-25 04:23:40,591 - INFO - Loss: FocalLossWithSmoothing | fallback_gamma=OPTUNA_DINAMICO | fallback_smoothing=OPTUNA_DINAMICO | SniperLoss=ENABLED
2026-03-25 04:23:40,601 - INFO - /workspace/QuantGod_Cloud_TCNLSTM/venv_gpu/lib/python3.11/site-packages/optuna/_experimental.py:33: ExperimentalWarning: Argument ``multivariate`` is an experimental feature. The interface can change in the future.
2026-03-25 04:23:40,602 - INFO -   optuna_warn(
2026-03-25 04:23:40,602 - INFO - Sampler: TPE (startup=1, multivariate=True)
2026-03-25 04:23:40,602 - INFO - Pruner: Median (startup=1, warmup=0)
2026-03-25 04:23:44,119 - INFO - Using an existing study with name 'QUANTGOD_RECON_V009' instead of creating a new one.
2026-03-25 04:23:44,535 - INFO - Resuming study. Macro Record found: 0.4858
2026-03-25 04:23:44,536 - INFO - Resuming study. Dir Record found: 0.4950
2026-03-25 04:23:44,536 - INFO - Starting 400 trials | Metric: MAX(MIN(Sell, Neu, Buy)) | Timeout: 172800s
2026-03-25 04:23:45,399 - INFO - 🔍 RAM-Safe Streaming Scan (Treino): 878 arquivos...
2026-03-25 04:24:34,885 - INFO - ✂️ Double-Chunking (Treino): Expondo fatias de 500,000 amostras aleatórias.
2026-03-25 04:24:34,886 - INFO - 🚀 Pre-loading 500,000 samples into RAM (Lightning Mode)...
2026-03-25 04:27:39,900 - INFO - ✅ RAM-Safe Streaming Dataset: 500,000 sequences indexed and PRE-LOADED.
2026-03-25 04:27:39,901 - INFO - ✅ RAM-Safe Streaming Dataset: 500,000 sequences indexed (Mode: Lightning).
2026-03-25 04:27:39,948 - INFO - 🔍 RAM-Safe Streaming Scan (Val): 274 arquivos...
2026-03-25 04:27:52,163 - INFO - ✂️ Double-Chunking (Val): Expondo fatias de 100,000 amostras aleatórias.
2026-03-25 04:27:52,163 - INFO - 🚀 Pre-loading 100,000 samples into RAM (Lightning Mode)...
2026-03-25 04:28:47,773 - INFO - ✅ RAM-Safe Streaming Dataset: 100,000 sequences indexed and PRE-LOADED.
2026-03-25 04:28:47,774 - INFO - ✅ RAM-Safe Streaming Dataset: 100,000 sequences indexed (Mode: Lightning).
2026-03-25 04:28:48,793 - INFO - Trial 220 START | tcn=512, lstm=256, layers=3, batch=1024, seq=144 | RFE=30 | loss=ASYM (g_s=3.02, g_n=0.28, g_b=1.86) | alpha=[1.81, 0.90, 1.52], smooth=0.19
2026-03-25 04:31:05,017 - INFO - T220 E1/10 | [OK] | L: 0.82332852/0.81636753 | F1 M MIN: 0.00196442 D: 0.27089269 | [S/N/B]: [0.5398/0.7423/0.0020] | LR: 0.00020945
2026-03-25 04:33:00,096 - INFO - T220 E2/10 | [OK] | L: 0.76638093/0.78178539 | F1 M MIN: 0.07762256 D: 0.32041799 | [S/N/B]: [0.5632/0.8041/0.0776] | LR: 0.00019421
2026-03-25 04:34:54,865 - INFO - T220 E3/10 | [OK] | L: 0.74925242/0.76652487 | F1 M MIN: 0.23868971 D: 0.40057380 | [S/N/B]: [0.5625/0.8245/0.2387] | LR: 0.00017046
2026-03-25 04:36:50,323 - INFO - T220 E4/10 | [OK] | L: 0.73981975/0.75918323 | F1 M MIN: 0.23440660 D: 0.40072213 | [S/N/B]: [0.5670/0.8286/0.2344] | LR: 0.00014053
2026-03-25 04:38:45,638 - INFO - T220 E5/10 | [OK] | L: 0.73222620/0.76286605 | F1 M MIN: 0.29950798 D: 0.42821488 | [S/N/B]: [0.5569/0.8088/0.2995] | LR: 0.00010735
2026-03-25 04:40:40,927 - INFO - T220 E6/10 | [OK] | L: 0.72565849/0.75315163 | F1 M MIN: 0.32530703 D: 0.44273207 | [S/N/B]: [0.5602/0.8317/0.3253] | LR: 0.00007418
2026-03-25 04:40:41,060 - INFO - Trial 220 pruned by Optuna at epoch 6
2026-03-25 04:40:41,171 - INFO - Trial 220 pruned.
2026-03-25 04:40:41,761 - INFO - 🔍 RAM-Safe Streaming Scan (Treino): 878 arquivos...
2026-03-25 04:41:30,772 - INFO - ✂️ Double-Chunking (Treino): Expondo fatias de 500,000 amostras aleatórias.
2026-03-25 04:41:30,773 - INFO - 🚀 Pre-loading 500,000 samples into RAM (Lightning Mode)...
2026-03-25 04:44:35,249 - INFO - ✅ RAM-Safe Streaming Dataset: 500,000 sequences indexed and PRE-LOADED.
2026-03-25 04:44:35,251 - INFO - ✅ RAM-Safe Streaming Dataset: 500,000 sequences indexed (Mode: Lightning).
2026-03-25 04:44:35,387 - INFO - 🔍 RAM-Safe Streaming Scan (Val): 274 arquivos...
2026-03-25 04:44:47,623 - INFO - ✂️ Double-Chunking (Val): Expondo fatias de 100,000 amostras aleatórias.
2026-03-25 04:44:47,624 - INFO - 🚀 Pre-loading 100,000 samples into RAM (Lightning Mode)...
2026-03-25 04:45:42,497 - INFO - ✅ RAM-Safe Streaming Dataset: 100,000 sequences indexed and PRE-LOADED.
2026-03-25 04:45:42,498 - INFO - ✅ RAM-Safe Streaming Dataset: 100,000 sequences indexed (Mode: Lightning).
2026-03-25 04:45:42,895 - INFO - Trial 221 START | tcn=512, lstm=256, layers=3, batch=1024, seq=144 | RFE=30 | loss=ASYM (g_s=3.09, g_n=1.63, g_b=1.68) | alpha=[1.60, 0.76, 1.70], smooth=0.13
2026-03-25 04:47:36,946 - INFO - T221 E1/10 | [WARN] ZERO_PENALTY | L: 0.61640102/0.54043306 | F1 M MIN: 0.00000000 D: 0.00000000 | [S/N/B]: [0.0000/0.7592/0.5432] | LR: 0.00084040
2026-03-25 04:49:31,448 - INFO - T221 E2/10 | [WARN] ZERO_PENALTY | L: 0.57176402/0.52753696 | F1 M MIN: 0.00000000 D: 0.00000000 | [S/N/B]: [0.0000/0.7713/0.5481] | LR: 0.00077921
2026-03-25 04:51:26,796 - INFO - T221 E3/10 | [OK] | L: 0.56033330/0.52448909 | F1 M MIN: 0.02438031 D: 0.29109354 | [S/N/B]: [0.0244/0.7850/0.5578] | LR: 0.00068392
2026-03-25 04:53:21,757 - INFO - T221 E4/10 | [OK] | L: 0.55375907/0.50724390 | F1 M MIN: 0.05588500 D: 0.31956969 | [S/N/B]: [0.0559/0.8282/0.5833] | LR: 0.00056384
2026-03-25 04:55:17,414 - INFO - T221 E5/10 | [OK] | L: 0.54882238/0.50593689 | F1 M MIN: 0.27012384 D: 0.41376897 | [S/N/B]: [0.2701/0.8149/0.5574] | LR: 0.00043074
2026-03-25 04:57:13,232 - INFO - T221 E6/10 | [OK] | L: 0.54308485/0.50570488 | F1 M MIN: 0.31281993 D: 0.42942937 | [S/N/B]: [0.3128/0.7915/0.5460] | LR: 0.00029763
2026-03-25 04:57:13,379 - INFO - Trial 221 pruned by Optuna at epoch 6
2026-03-25 04:57:13,480 - INFO - Trial 221 pruned.
2026-03-25 04:57:14,088 - INFO - 🔍 RAM-Safe Streaming Scan (Treino): 878 arquivos...
2026-03-25 04:58:04,378 - INFO - ✂️ Double-Chunking (Treino): Expondo fatias de 500,000 amostras aleatórias.
2026-03-25 04:58:04,379 - INFO - 🚀 Pre-loading 500,000 samples into RAM (Lightning Mode)...
2026-03-25 05:01:09,190 - INFO - ✅ RAM-Safe Streaming Dataset: 500,000 sequences indexed and PRE-LOADED.
2026-03-25 05:01:09,191 - INFO - ✅ RAM-Safe Streaming Dataset: 500,000 sequences indexed (Mode: Lightning).
2026-03-25 05:01:09,271 - INFO - 🔍 RAM-Safe Streaming Scan (Val): 274 arquivos...
2026-03-25 05:01:21,481 - INFO - ✂️ Double-Chunking (Val): Expondo fatias de 100,000 amostras aleatórias.
2026-03-25 05:01:21,481 - INFO - 🚀 Pre-loading 100,000 samples into RAM (Lightning Mode)...
2026-03-25 05:02:16,994 - INFO - ✅ RAM-Safe Streaming Dataset: 100,000 sequences indexed and PRE-LOADED.
2026-03-25 05:02:16,995 - INFO - ✅ RAM-Safe Streaming Dataset: 100,000 sequences indexed (Mode: Lightning).
2026-03-25 05:02:17,370 - INFO - Trial 222 START | tcn=512, lstm=256, layers=4, batch=1024, seq=144 | RFE=30 | loss=ASYM (g_s=3.14, g_n=1.35, g_b=4.55) | alpha=[1.59, 0.94, 1.52], smooth=0.06
2026-03-25 05:04:21,019 - INFO - T222 E1/10 | [WARN] ZERO_PENALTY | L: 0.44444626/0.41868166 | F1 M MIN: 0.00000000 D: 0.00000000 | [S/N/B]: [0.5689/0.8056/0.0000] | LR: 0.00049083
2026-03-25 05:06:25,540 - INFO - T222 E2/10 | [WARN] ZERO_PENALTY | L: 0.38231786/0.38455191 | F1 M MIN: 0.00000000 D: 0.00000000 | [S/N/B]: [0.5864/0.8434/0.0000] | LR: 0.00045510
2026-03-25 05:08:30,700 - INFO - T222 E3/10 | [WARN] ZERO_PENALTY | L: 0.37077526/0.37153902 | F1 M MIN: 0.00000000 D: 0.00000000 | [S/N/B]: [0.5922/0.8543/0.0000] | LR: 0.00039944
2026-03-25 05:10:35,359 - INFO - T222 E4/10 | [WARN] ZERO_PENALTY | L: 0.36414020/0.36381093 | F1 M MIN: 0.00000000 D: 0.00000000 | [S/N/B]: [0.5963/0.8628/0.0000] | LR: 0.00032931
2026-03-25 05:10:35,430 - INFO - Trial 222 stopped early due to patience limit (4 epochs without improvement)
2026-03-25 05:10:35,677 - INFO - Trial 222 finished with value: 0.0 and parameters: {'tcn_channels': 512, 'lstm_hidden': 256, 'num_lstm_layers': 4, 'batch_size': 1024, 'dropout': 0.2110424211024891, 'seq_len': 144, 'lr': 0.000503141921605966, 'weight_decay': 0.00016372350638117988, 'base_alpha_sell': 1.591847343728644, 'base_alpha_neutral': 0.9362270451139167, 'base_alpha_buy': 1.5246479438127112, 'base_loss_gamma': 4.087187610363725, 'base_loss_smoothing': 0.05777093645671197, 'asym_gamma_sell': 3.1414274460535054, 'asym_gamma_neu': 1.3473771620110997, 'asym_gamma_buy': 4.548614026596535}. Best is trial 193 with value: 0.4857577883085556.
2026-03-25 05:10:36,190 - INFO - 🔍 RAM-Safe Streaming Scan (Treino): 878 arquivos...
2026-03-25 05:11:25,827 - INFO - ✂️ Double-Chunking (Treino): Expondo fatias de 500,000 amostras aleatórias.
2026-03-25 05:11:25,828 - INFO - 🚀 Pre-loading 500,000 samples into RAM (Lightning Mode)...
2026-03-25 05:14:32,232 - INFO - ✅ RAM-Safe Streaming Dataset: 500,000 sequences indexed and PRE-LOADED.
2026-03-25 05:14:32,234 - INFO - ✅ RAM-Safe Streaming Dataset: 500,000 sequences indexed (Mode: Lightning).
2026-03-25 05:14:32,280 - INFO - 🔍 RAM-Safe Streaming Scan (Val): 274 arquivos...
2026-03-25 05:14:44,768 - INFO - ✂️ Double-Chunking (Val): Expondo fatias de 100,000 amostras aleatórias.
2026-03-25 05:14:44,768 - INFO - 🚀 Pre-loading 100,000 samples into RAM (Lightning Mode)...
2026-03-25 05:15:40,761 - INFO - ✅ RAM-Safe Streaming Dataset: 100,000 sequences indexed and PRE-LOADED.
2026-03-25 05:15:40,762 - INFO - ✅ RAM-Safe Streaming Dataset: 100,000 sequences indexed (Mode: Lightning).
2026-03-25 05:15:41,125 - INFO - Trial 223 START | tcn=512, lstm=256, layers=2, batch=1024, seq=144 | RFE=30 | loss=ASYM (g_s=1.57, g_n=0.72, g_b=3.20) | alpha=[1.38, 1.04, 1.57], smooth=0.02
2026-03-25 05:17:27,745 - INFO - T223 E1/10 | [OK] | L: 0.59752217/0.52346811 | F1 M MIN: 0.24266384 D: 0.41521536 | [S/N/B]: [0.5878/0.8496/0.2427] | LR: 0.00033813
2026-03-25 05:19:14,865 - INFO - T223 E2/10 | [OK] | L: 0.51757521/0.49568820 | F1 M MIN: 0.23268138 D: 0.41422244 | [S/N/B]: [0.5958/0.8669/0.2327] | LR: 0.00031351
2026-03-25 05:21:02,798 - INFO - T223 E3/10 | [OK] | L: 0.49901060/0.48276987 | F1 M MIN: 0.23029393 D: 0.41446709 | [S/N/B]: [0.5986/0.8736/0.2303] | LR: 0.00027517
2026-03-25 05:22:50,243 - INFO - T223 E4/10 | [OK] | L: 0.48932068/0.48580819 | F1 M MIN: 0.32135361 D: 0.45162214 | [S/N/B]: [0.5819/0.8634/0.3214] | LR: 0.00022686
2026-03-25 05:24:38,398 - INFO - T223 E5/10 | [OK] | L: 0.48117571/0.48170325 | F1 M MIN: 0.26717186 D: 0.43150728 | [S/N/B]: [0.5958/0.8702/0.2672] | LR: 0.00017330
2026-03-25 05:26:25,859 - INFO - T223 E6/10 | [OK] | L: 0.47345960/0.47263179 | F1 M MIN: 0.39697203 D: 0.47425537 | [S/N/B]: [0.5515/0.8760/0.3970] | LR: 0.00011975
2026-03-25 05:28:14,019 - INFO - T223 E7/10 | [OK] | L: 0.46631739/0.47418072 | F1 M MIN: 0.28084176 D: 0.43620999 | [S/N/B]: [0.5916/0.8708/0.2808] | LR: 0.00007144
2026-03-25 05:28:14,115 - INFO - Trial 223 pruned by Optuna at epoch 7
2026-03-25 05:28:14,228 - INFO - Trial 223 pruned.
2026-03-25 05:28:14,843 - INFO - 🔍 RAM-Safe Streaming Scan (Treino): 878 arquivos...
2026-03-25 05:29:04,255 - INFO - ✂️ Double-Chunking (Treino): Expondo fatias de 500,000 amostras aleatórias.
2026-03-25 05:29:04,257 - INFO - 🚀 Pre-loading 500,000 samples into RAM (Lightning Mode)...
2026-03-25 05:32:07,952 - INFO - ✅ RAM-Safe Streaming Dataset: 500,000 sequences indexed and PRE-LOADED.
2026-03-25 05:32:07,954 - INFO - ✅ RAM-Safe Streaming Dataset: 500,000 sequences indexed (Mode: Lightning).
2026-03-25 05:32:07,998 - INFO - 🔍 RAM-Safe Streaming Scan (Val): 274 arquivos...
2026-03-25 05:32:20,490 - INFO - ✂️ Double-Chunking (Val): Expondo fatias de 100,000 amostras aleatórias.
2026-03-25 05:32:20,490 - INFO - 🚀 Pre-loading 100,000 samples into RAM (Lightning Mode)...
2026-03-25 05:33:15,634 - INFO - ✅ RAM-Safe Streaming Dataset: 100,000 sequences indexed and PRE-LOADED.
2026-03-25 05:33:15,635 - INFO - ✅ RAM-Safe Streaming Dataset: 100,000 sequences indexed (Mode: Lightning).
2026-03-25 05:33:16,243 - INFO - Trial 224 START | tcn=512, lstm=32, layers=3, batch=512, seq=96 | RFE=30 | loss=ASYM (g_s=2.61, g_n=1.17, g_b=0.62) | alpha=[1.95, 0.80, 1.76], smooth=0.20
2026-03-25 05:34:13,643 - INFO - T224 E1/10 | [WARN] ZERO_PENALTY | L: 1.02720348/0.89847093 | F1 M MIN: 0.00000000 D: 0.00000000 | [S/N/B]: [0.5092/0.6296/0.0000] | LR: 0.00021774
2026-03-25 05:35:11,531 - INFO - T224 E2/10 | [WARN] ZERO_PENALTY | L: 0.93896150/0.85662374 | F1 M MIN: 0.00000000 D: 0.00000000 | [S/N/B]: [0.5353/0.7235/0.0000] | LR: 0.00020189
2026-03-25 05:36:09,595 - INFO - T224 E3/10 | [WARN] ZERO_PENALTY | L: 0.92136908/0.84239913 | F1 M MIN: 0.00000000 D: 0.00000000 | [S/N/B]: [0.5511/0.7712/0.0000] | LR: 0.00017720
2026-03-25 05:37:07,797 - INFO - T224 E4/10 | [WARN] ZERO_PENALTY | L: 0.91317137/0.83587971 | F1 M MIN: 0.00000000 D: 0.00000000 | [S/N/B]: [0.5542/0.7793/0.0000] | LR: 0.00014609
2026-03-25 05:37:07,855 - INFO - Trial 224 stopped early due to patience limit (4 epochs without improvement)
2026-03-25 05:37:08,096 - INFO - Trial 224 finished with value: 0.0 and parameters: {'tcn_channels': 512, 'lstm_hidden': 32, 'num_lstm_layers': 3, 'batch_size': 512, 'dropout': 0.38064782130213465, 'seq_len': 96, 'lr': 0.0002231990424621265, 'weight_decay': 0.00031687326084000645, 'base_alpha_sell': 1.945121969266432, 'base_alpha_neutral': 0.8037862233896401, 'base_alpha_buy': 1.7553894799189196, 'base_loss_gamma': 3.8862797836979204, 'base_loss_smoothing': 0.20383350954555762, 'asym_gamma_sell': 2.606834923136753, 'asym_gamma_neu': 1.171480203087183, 'asym_gamma_buy': 0.6223524086019935}. Best is trial 193 with value: 0.4857577883085556.
2026-03-25 05:37:08,591 - INFO - 🔍 RAM-Safe Streaming Scan (Treino): 878 arquivos...
2026-03-25 05:37:57,787 - INFO - ✂️ Double-Chunking (Treino): Expondo fatias de 500,000 amostras aleatórias.
2026-03-25 05:37:57,788 - INFO - 🚀 Pre-loading 500,000 samples into RAM (Lightning Mode)...
2026-03-25 05:41:06,469 - INFO - ✅ RAM-Safe Streaming Dataset: 500,000 sequences indexed and PRE-LOADED.
2026-03-25 05:41:06,471 - INFO - ✅ RAM-Safe Streaming Dataset: 500,000 sequences indexed (Mode: Lightning).
2026-03-25 05:41:06,607 - INFO - 🔍 RAM-Safe Streaming Scan (Val): 274 arquivos...
2026-03-25 05:41:18,847 - INFO - ✂️ Double-Chunking (Val): Expondo fatias de 100,000 amostras aleatórias.
2026-03-25 05:41:18,847 - INFO - 🚀 Pre-loading 100,000 samples into RAM (Lightning Mode)...
2026-03-25 05:42:14,293 - INFO - ✅ RAM-Safe Streaming Dataset: 100,000 sequences indexed and PRE-LOADED.
2026-03-25 05:42:14,294 - INFO - ✅ RAM-Safe Streaming Dataset: 100,000 sequences indexed (Mode: Lightning).
2026-03-25 05:42:14,658 - INFO - Trial 225 START | tcn=256, lstm=256, layers=3, batch=1024, seq=256 | RFE=30 | loss=ASYM (g_s=1.02, g_n=0.34, g_b=0.51) | alpha=[1.49, 0.36, 1.35], smooth=0.24
2026-03-25 05:44:15,643 - INFO - T225 E1/10 | [WARN] ZERO_PENALTY | L: 0.73113251/0.66833854 | F1 M MIN: 0.00000000 D: 0.00000000 | [S/N/B]: [0.5052/0.5810/0.0000] | LR: 0.00068430
2026-03-25 05:46:17,437 - INFO - T225 E2/10 | [OK] | L: 0.70717742/0.66875486 | F1 M MIN: 0.01251410 D: 0.25657904 | [S/N/B]: [0.5006/0.5596/0.0125] | LR: 0.00063448
2026-03-25 05:48:20,082 - INFO - T225 E3/10 | [OK] | L: 0.70189171/0.65683655 | F1 M MIN: 0.11265554 D: 0.31925158 | [S/N/B]: [0.5258/0.6784/0.1127] | LR: 0.00055689
2026-03-25 05:50:22,446 - INFO - T225 E4/10 | [OK] | L: 0.69768178/0.65549508 | F1 M MIN: 0.43950085 D: 0.44816706 | [S/N/B]: [0.4395/0.6566/0.4568] | LR: 0.00045912
2026-03-25 05:52:25,859 - INFO - T225 E5/10 | [OK] | L: 0.68953010/0.64704935 | F1 M MIN: 0.38073479 D: 0.44553837 | [S/N/B]: [0.5103/0.6634/0.3807] | LR: 0.00035073
2026-03-25 05:54:28,901 - INFO - T225 E6/10 | [OK] | L: 0.68337520/0.64695859 | F1 M MIN: 0.31874020 D: 0.42530960 | [S/N/B]: [0.5319/0.6348/0.3187] | LR: 0.00024235
2026-03-25 05:56:32,528 - INFO - T225 E7/10 | [OK] | L: 0.67900929/0.65032346 | F1 M MIN: 0.35155596 D: 0.44038548 | [S/N/B]: [0.5292/0.6423/0.3516] | LR: 0.00014458
2026-03-25 05:58:35,620 - INFO - T225 E8/10 | [OK] | L: 0.67542099/0.64426985 | F1 M MIN: 0.37855711 D: 0.45237739 | [S/N/B]: [0.5262/0.6616/0.3786] | LR: 0.00006698
2026-03-25 05:58:35,696 - INFO - Trial 225 stopped early due to patience limit (4 epochs without improvement)
2026-03-25 05:58:35,932 - INFO - Trial 225 finished with value: 0.43950084732706823 and parameters: {'tcn_channels': 256, 'lstm_hidden': 256, 'num_lstm_layers': 3, 'batch_size': 1024, 'dropout': 0.27061451755425836, 'seq_len': 256, 'lr': 0.0007014689944527407, 'weight_decay': 0.0023093933946010015, 'base_alpha_sell': 1.4875739967811645, 'base_alpha_neutral': 0.3646054640245851, 'base_alpha_buy': 1.3498896744842566, 'base_loss_gamma': 1.985345181132238, 'base_loss_smoothing': 0.24388163940540575, 'asym_gamma_sell': 1.0214363746750301, 'asym_gamma_neu': 0.33798307820547496, 'asym_gamma_buy': 0.5068915837514343}. Best is trial 193 with value: 0.4857577883085556.
2026-03-25 05:58:36,421 - INFO - 🔍 RAM-Safe Streaming Scan (Treino): 878 arquivos...
2026-03-25 05:59:25,755 - INFO - ✂️ Double-Chunking (Treino): Expondo fatias de 500,000 amostras aleatórias.
2026-03-25 05:59:25,756 - INFO - 🚀 Pre-loading 500,000 samples into RAM (Lightning Mode)...
2026-03-25 06:02:29,502 - INFO - ✅ RAM-Safe Streaming Dataset: 500,000 sequences indexed and PRE-LOADED.
2026-03-25 06:02:29,508 - INFO - ✅ RAM-Safe Streaming Dataset: 500,000 sequences indexed (Mode: Lightning).
2026-03-25 06:02:29,606 - INFO - 🔍 RAM-Safe Streaming Scan (Val): 274 arquivos...
2026-03-25 06:02:41,763 - INFO - ✂️ Double-Chunking (Val): Expondo fatias de 100,000 amostras aleatórias.
2026-03-25 06:02:41,763 - INFO - 🚀 Pre-loading 100,000 samples into RAM (Lightning Mode)...
2026-03-25 06:03:38,303 - INFO - ✅ RAM-Safe Streaming Dataset: 100,000 sequences indexed and PRE-LOADED.
2026-03-25 06:03:38,310 - INFO - ✅ RAM-Safe Streaming Dataset: 100,000 sequences indexed (Mode: Lightning).
2026-03-25 06:03:38,694 - INFO - Trial 226 START | tcn=512, lstm=256, layers=3, batch=1024, seq=144 | RFE=30 | loss=ASYM (g_s=2.22, g_n=0.81, g_b=3.60) | alpha=[1.26, 0.79, 1.68], smooth=0.19
2026-03-25 06:05:32,969 - INFO - T226 E1/10 | [WARN] ZERO_PENALTY | L: 0.54508664/0.53983988 | F1 M MIN: 0.00000000 D: 0.00000000 | [S/N/B]: [0.0000/0.7247/0.5276] | LR: 0.00021297
2026-03-25 06:07:27,788 - INFO - T226 E2/10 | [OK] | L: 0.49825112/0.51056249 | F1 M MIN: 0.00014568 D: 0.27340906 | [S/N/B]: [0.0001/0.7811/0.5467] | LR: 0.00019746
2026-03-25 06:09:23,638 - INFO - T226 E3/10 | [OK] | L: 0.48490843/0.49487615 | F1 M MIN: 0.00065524 D: 0.28110917 | [S/N/B]: [0.0007/0.8178/0.5616] | LR: 0.00017332
2026-03-25 06:11:18,866 - INFO - T226 E4/10 | [OK] | L: 0.47805399/0.49204577 | F1 M MIN: 0.13027424 D: 0.34062734 | [S/N/B]: [0.1303/0.8141/0.5510] | LR: 0.00014289
2026-03-25 06:13:14,844 - INFO - T226 E5/10 | [OK] | L: 0.47192759/0.48607570 | F1 M MIN: 0.27722980 D: 0.41275125 | [S/N/B]: [0.2772/0.8303/0.5483] | LR: 0.00010916
2026-03-25 06:15:10,253 - INFO - T226 E6/10 | [OK] | L: 0.46747067/0.48434635 | F1 M MIN: 0.32821787 D: 0.43450477 | [S/N/B]: [0.3282/0.8298/0.5408] | LR: 0.00007542
2026-03-25 06:15:10,380 - INFO - Trial 226 pruned by Optuna at epoch 6
