2026-03-27 04:13:27,849 - INFO - Trial 402 finished with value: 0.46120227263697405 and parameters: {'tcn_channels': 256, 'lstm_hidden': 256, 'num_lstm_layers': 2, 'batch_size': 512, 'dropout': 0.3114039066092275, 'seq_len': 192, 'lr': 0.001658395353447459, 'weight_decay': 0.01160738885564627, 'base_alpha_sell': 1.193694391911907, 'base_alpha_neutral': 1.030120423665096, 'base_alpha_buy': 1.5731476764830126, 'base_loss_gamma': 4.226773896632148, 'base_loss_smoothing': 0.22667993372252476, 'asym_gamma_sell': 1.3203255040273354, 'asym_gamma_neu': 0.11046461236030658, 'asym_gamma_buy': 3.5047423245774167}. Best is trial 384 with value: 0.5050372005268592.
2026-03-27 04:13:28,356 - INFO - 🔍 RAM-Safe Streaming Scan (Treino): 878 arquivos...
2026-03-27 04:14:16,064 - INFO - ✂️ Double-Chunking (Treino): Expondo fatias de 500,000 amostras aleatórias.
2026-03-27 04:14:16,065 - INFO - 🚀 Pre-loading 500,000 samples into RAM (Lightning Mode)...
2026-03-27 04:17:12,349 - INFO - ✅ RAM-Safe Streaming Dataset: 500,000 sequences indexed and PRE-LOADED.
2026-03-27 04:17:12,350 - INFO - ✅ RAM-Safe Streaming Dataset: 500,000 sequences indexed (Mode: Lightning).
2026-03-27 04:17:12,396 - INFO - 🔍 RAM-Safe Streaming Scan (Val): 274 arquivos...
2026-03-27 04:17:25,213 - INFO - ✂️ Double-Chunking (Val): Expondo fatias de 100,000 amostras aleatórias.
2026-03-27 04:17:25,214 - INFO - 🚀 Pre-loading 100,000 samples into RAM (Lightning Mode)...
2026-03-27 04:18:17,182 - INFO - ✅ RAM-Safe Streaming Dataset: 100,000 sequences indexed and PRE-LOADED.
2026-03-27 04:18:17,183 - INFO - ✅ RAM-Safe Streaming Dataset: 100,000 sequences indexed (Mode: Lightning).
2026-03-27 04:18:17,568 - INFO - Trial 403 START | tcn=256, lstm=256, layers=2, batch=512, seq=256 | RFE=30 | loss=ASYM (g_s=1.90, g_n=1.60, g_b=3.30) | alpha=[1.26, 1.06, 1.72], smooth=0.23
2026-03-27 04:20:00,308 - INFO - T403 E1/10 | [WARN] ZERO_PENALTY | L: 0.63111390/0.58959473 | F1 M MIN: 0.00000000 D: 0.00000000 | [S/N/B]: [0.0000/0.8036/0.5529] | LR: 0.00023393
2026-03-27 04:21:44,406 - INFO - T403 E2/10 | [OK] | L: 0.58422899/0.56266972 | F1 M MIN: 0.00007176 D: 0.28355052 | [S/N/B]: [0.0001/0.8348/0.5670] | LR: 0.00021690
2026-03-27 04:23:28,804 - INFO - T403 E3/10 | [OK] | L: 0.57391003/0.56172092 | F1 M MIN: 0.00028702 D: 0.28367191 | [S/N/B]: [0.0003/0.8338/0.5671] | LR: 0.00019037
2026-03-27 04:25:13,438 - INFO - T403 E4/10 | [OK] | L: 0.56721754/0.55066458 | F1 M MIN: 0.15254186 D: 0.35969279 | [S/N/B]: [0.1525/0.8531/0.5668] | LR: 0.00015695
2026-03-27 04:26:57,905 - INFO - T403 E5/10 | [OK] | L: 0.56229189/0.54845013 | F1 M MIN: 0.24999329 D: 0.40470135 | [S/N/B]: [0.2500/0.8554/0.5594] | LR: 0.00011990
2026-03-27 04:26:58,025 - INFO - Trial 403 pruned by Optuna at epoch 5
2026-03-27 04:26:58,122 - INFO - Trial 403 pruned.
2026-03-27 04:26:58,360 - INFO - ============================================================
2026-03-27 04:26:58,361 - INFO - --- OTIMIZACAO FINALIZADA ---
2026-03-27 04:26:58,361 - INFO - Motivo da Parada: TIMEOUT ALCANCADO (As 172800s expiraram)
2026-03-27 04:26:58,361 - INFO - Tempo de Execucao da Sessao: 48.05 Horas
2026-03-27 04:26:58,361 - INFO - Trials Executados nesta Sessao: 184
2026-03-27 04:26:58,361 - INFO - ============================================================
2026-03-27 04:26:58,375 - INFO - [MACRO] Best trial: 384 | MAX-MIN F1: 0.50503720
2026-03-27 04:26:58,380 - INFO - [MACRO] Best params: {'tcn_channels': 256, 'lstm_hidden': 256, 'num_lstm_layers': 2, 'batch_size': 512, 'dropout': '0.27346176', 'seq_len': 256, 'lr': '0.00071226', 'weight_decay': '0.01039999', 'base_alpha_sell': '1.14382830', 'base_alpha_neutral': '1.02571141', 'base_alpha_buy': '1.39259954', 'base_loss_gamma': '3.50560885', 'base_loss_smoothing': '0.30769222', 'asym_gamma_sell': '1.75570345', 'asym_gamma_neu': '1.48977280', 'asym_gamma_buy': '3.55890197', 'num_features': 30, 'base_alpha_list': [1.1438283014711244, 1.0257114084524597, 1.3925995444484711]}
2026-03-27 04:26:58,390 - INFO - [BEST MACRO] Best params saved: src/cloud/base_model/otimizacao/best_params.json
2026-03-27 04:26:58,502 - INFO - [BEST DIR]   Best trial: 384 | F1 Dir: 0.51064810
2026-03-27 04:26:58,518 - INFO - [BEST DIR]   Best params saved: src/cloud/base_model/otimizacao/best_dir_params.json
2026-03-27 04:26:58,518 - INFO - ============================================================
2026-03-27 04:26:58,519 - INFO - [OK] Optuna Foundation Training completed. Orchestration is now handled by run_manager.py
2026-03-27 04:26:58,519 - INFO - ============================================================
2026-03-27 04:27:01,492 - INFO - [OK] FASE CONCLUIDA: Foundation Optuna (400 Trials | 10 Epochs | EARLY STOP: 4)
2026-03-27 04:27:01,492 - INFO - [CLEAN] Initiating deep memory sweep (gc.collect and torch.cuda.empty_cache)...
2026-03-27 04:27:17,106 - INFO -   -> CUDA VRAM cache cleared.
2026-03-27 04:27:17,106 - WARNING - [STOP] PARADA PROGRAMADA: 'run_specialized_after' esta FALSE no master_config.yaml. Pulando treinamento do Especialista.
2026-03-27 04:27:17,106 - WARNING - [STOP] PARADA PROGRAMADA: 'run_auditor_after' esta FALSE no master_config.yaml.
2026-03-27 04:27:17,107 - INFO -    -> Pulando Fase Auditor. As predicoes OOF do Especialista foram geradas, mas o Juiz nao sera treinado.
2026-03-27 04:27:17,107 - INFO - ============================================================
2026-03-27 04:27:17,107 - INFO - [HEALTH] INICIANDO AVALIACAO DE SAUDE (QA) OOF
2026-03-27 04:27:17,107 - INFO - ============================================================
2026-03-27 04:27:17,107 - INFO - [START] INICIANDO FASE: Health QA Generation (Target Balance & NaNs)
2026-03-27 04:27:17,107 - INFO - ============================================================
2026-03-27 04:27:25,856 - INFO - ✅ QA Log gerado: logs/QA/base_labelling_health_QA.log
2026-03-27 04:27:26,464 - INFO - ✅ QA Log gerado: logs/QA/specialized_labelling_health_QA.log
2026-03-27 04:27:26,555 - INFO - ✅ QA Log gerado: logs/QA/auditor_final_health_QA.log
2026-03-27 04:27:26,815 - INFO - [OK] FASE CONCLUIDA: Health QA Generation (Target Balance & NaNs)
2026-03-27 04:27:26,816 - INFO - ============================================================
2026-03-27 04:27:26,816 - INFO - [TRANSFER] INICIANDO TRANSFERENCIA INTEGRAL (QA LOGS E MODELOS)
2026-03-27 04:27:33,669 - INFO - [OK] PIPELINE 100% EXECUTADO E SINCRONIZADO NO GOOGLE DRIVE.
