2026-03-24 20:15:47,362 - INFO - Trial 193 finished with value: 0.4857577883085556 and parameters: {'tcn_channels': 512, 'lstm_hidden': 256, 'num_lstm_layers': 2, 'batch_size': 512, 'dropout': 0.260245250656994, 'seq_len': 192, 'lr': 0.0019392913610662807, 'weight_decay': 0.0061180259838491255, 'base_alpha_sell': 1.2020254389174767, 'base_alpha_neutral': 0.704637902232361, 'base_alpha_buy': 1.2177826513068832, 'base_loss_gamma': 2.0974645623734727, 'base_loss_smoothing': 0.3401242242245736, 'asym_gamma_sell': 0.9838100385518932, 'asym_gamma_neu': 1.1148707913279599, 'asym_gamma_buy': 0.5030310174475826}. Best is trial 193 with value: 0.4857577883085556.
2026-03-24 20:15:47,851 - INFO - 🔍 RAM-Safe Streaming Scan (Treino): 878 arquivos...
2026-03-24 20:16:36,463 - INFO - ✂️ Double-Chunking (Treino): Expondo fatias de 500,000 amostras aleatórias.
2026-03-24 20:16:36,464 - INFO - 🚀 Pre-loading 500,000 samples into RAM (Lightning Mode)...
2026-03-24 20:19:53,192 - INFO - ✅ RAM-Safe Streaming Dataset: 500,000 sequences indexed and PRE-LOADED.
2026-03-24 20:19:53,193 - INFO - ✅ RAM-Safe Streaming Dataset: 500,000 sequences indexed (Mode: Lightning).
2026-03-24 20:19:53,243 - INFO - 🔍 RAM-Safe Streaming Scan (Val): 274 arquivos...
2026-03-24 20:20:05,376 - INFO - ✂️ Double-Chunking (Val): Expondo fatias de 100,000 amostras aleatórias.
2026-03-24 20:20:05,376 - INFO - 🚀 Pre-loading 100,000 samples into RAM (Lightning Mode)...
2026-03-24 20:21:04,989 - INFO - ✅ RAM-Safe Streaming Dataset: 100,000 sequences indexed and PRE-LOADED.
2026-03-24 20:21:04,990 - INFO - ✅ RAM-Safe Streaming Dataset: 100,000 sequences indexed (Mode: Lightning).
2026-03-24 20:21:05,478 - INFO - Trial 194 START | tcn=512, lstm=256, layers=2, batch=1024, seq=192 | RFE=30 | loss=ASYM (g_s=0.99, g_n=1.12, g_b=0.53) | alpha=[1.35, 0.65, 1.12], smooth=0.25
2026-03-24 20:23:35,791 - INFO - T194 E1/10 | [WARN] ZERO_PENALTY | L: 0.66567910/0.58879240 | F1 M MIN: 0.00000000 D: 0.00000000 | [S/N/B]: [0.5648/0.8021/0.0000] | LR: 0.00174545
2026-03-24 20:26:06,659 - INFO - T194 E2/10 | [OK] | L: 0.64130467/0.58289008 | F1 M MIN: 0.00036554 D: 0.28344050 | [S/N/B]: [0.5665/0.8034/0.0004] | LR: 0.00161838
2026-03-24 20:28:38,593 - INFO - T194 E3/10 | [OK] | L: 0.63568364/0.57895345 | F1 M MIN: 0.00913606 D: 0.29033579 | [S/N/B]: [0.5715/0.8129/0.0091] | LR: 0.00142046
2026-03-24 20:31:09,987 - INFO - T194 E4/10 | [OK] | L: 0.62981102/0.57153049 | F1 M MIN: 0.32178967 D: 0.44267546 | [S/N/B]: [0.5636/0.8336/0.3218] | LR: 0.00117107
2026-03-24 20:33:42,144 - INFO - T194 E5/10 | [OK] | L: 0.62400400/0.56985400 | F1 M MIN: 0.34737266 D: 0.45157803 | [S/N/B]: [0.5558/0.8208/0.3474] | LR: 0.00089462
2026-03-24 20:36:14,150 - INFO - T194 E6/10 | [OK] | L: 0.61914848/0.57233149 | F1 M MIN: 0.29521546 D: 0.43282777 | [S/N/B]: [0.5704/0.8181/0.2952] | LR: 0.00061817
2026-03-24 20:36:14,247 - INFO - Trial 194 pruned by Optuna at epoch 6
2026-03-24 20:36:14,365 - INFO - Trial 194 pruned.
2026-03-24 20:36:15,025 - INFO - 🔍 RAM-Safe Streaming Scan (Treino): 878 arquivos...
2026-03-24 20:37:04,121 - INFO - ✂️ Double-Chunking (Treino): Expondo fatias de 500,000 amostras aleatórias.
2026-03-24 20:37:04,126 - INFO - 🚀 Pre-loading 500,000 samples into RAM (Lightning Mode)...
2026-03-24 20:40:18,418 - INFO - ✅ RAM-Safe Streaming Dataset: 500,000 sequences indexed and PRE-LOADED.
2026-03-24 20:40:18,419 - INFO - ✅ RAM-Safe Streaming Dataset: 500,000 sequences indexed (Mode: Lightning).
2026-03-24 20:40:18,470 - INFO - 🔍 RAM-Safe Streaming Scan (Val): 274 arquivos...
2026-03-24 20:40:31,439 - INFO - ✂️ Double-Chunking (Val): Expondo fatias de 100,000 amostras aleatórias.
2026-03-24 20:40:31,439 - INFO - 🚀 Pre-loading 100,000 samples into RAM (Lightning Mode)...
2026-03-24 20:41:29,933 - INFO - ✅ RAM-Safe Streaming Dataset: 100,000 sequences indexed and PRE-LOADED.
2026-03-24 20:41:29,934 - INFO - ✅ RAM-Safe Streaming Dataset: 100,000 sequences indexed (Mode: Lightning).
2026-03-24 20:41:30,281 - INFO - Trial 195 START | tcn=256, lstm=256, layers=2, batch=1024, seq=256 | RFE=30 | loss=ASYM (g_s=2.93, g_n=0.49, g_b=1.19) | alpha=[1.29, 0.55, 1.44], smooth=0.20
2026-03-24 20:43:17,259 - INFO - T195 E1/10 | [WARN] ZERO_PENALTY | L: 0.54570816/0.53898583 | F1 M MIN: 0.00000000 D: 0.00000000 | [S/N/B]: [0.0000/0.6637/0.5151] | LR: 0.00037116
2026-03-24 20:45:04,608 - INFO - T195 E2/10 | [OK] | L: 0.51648887/0.52041312 | F1 M MIN: 0.00029196 D: 0.26687751 | [S/N/B]: [0.0003/0.7292/0.5335] | LR: 0.00034414
2026-03-24 20:46:52,882 - INFO - T195 E3/10 | [OK] | L: 0.50651028/0.50553929 | F1 M MIN: 0.19682019 D: 0.37731216 | [S/N/B]: [0.1968/0.7828/0.5578] | LR: 0.00030205
2026-03-24 20:48:40,799 - INFO - T195 E4/10 | [OK] | L: 0.49841231/0.50597588 | F1 M MIN: 0.30562093 D: 0.42389382 | [S/N/B]: [0.3056/0.7529/0.5422] | LR: 0.00024902
2026-03-24 20:50:29,463 - INFO - T195 E5/10 | [OK] | L: 0.49226406/0.49728142 | F1 M MIN: 0.28849642 D: 0.42248257 | [S/N/B]: [0.2885/0.7799/0.5565] | LR: 0.00019023
2026-03-24 20:52:17,804 - INFO - T195 E6/10 | [OK] | L: 0.48830851/0.49568482 | F1 M MIN: 0.25175844 D: 0.40968332 | [S/N/B]: [0.2518/0.7812/0.5676] | LR: 0.00013145
2026-03-24 20:52:17,903 - INFO - Trial 195 pruned by Optuna at epoch 6
2026-03-24 20:52:18,014 - INFO - Trial 195 pruned.
2026-03-24 20:52:18,646 - INFO - 🔍 RAM-Safe Streaming Scan (Treino): 878 arquivos...
2026-03-24 20:53:07,692 - INFO - ✂️ Double-Chunking (Treino): Expondo fatias de 500,000 amostras aleatórias.
2026-03-24 20:53:07,693 - INFO - 🚀 Pre-loading 500,000 samples into RAM (Lightning Mode)...
2026-03-24 20:56:21,571 - INFO - ✅ RAM-Safe Streaming Dataset: 500,000 sequences indexed and PRE-LOADED.
2026-03-24 20:56:21,573 - INFO - ✅ RAM-Safe Streaming Dataset: 500,000 sequences indexed (Mode: Lightning).
2026-03-24 20:56:21,612 - INFO - 🔍 RAM-Safe Streaming Scan (Val): 274 arquivos...
2026-03-24 20:56:33,754 - INFO - ✂️ Double-Chunking (Val): Expondo fatias de 100,000 amostras aleatórias.
2026-03-24 20:56:33,755 - INFO - 🚀 Pre-loading 100,000 samples into RAM (Lightning Mode)...
2026-03-24 20:57:32,523 - INFO - ✅ RAM-Safe Streaming Dataset: 100,000 sequences indexed and PRE-LOADED.
2026-03-24 20:57:32,524 - INFO - ✅ RAM-Safe Streaming Dataset: 100,000 sequences indexed (Mode: Lightning).
2026-03-24 20:57:32,936 - INFO - Trial 196 START | tcn=512, lstm=256, layers=2, batch=1024, seq=96 | RFE=30 | loss=ASYM (g_s=1.18, g_n=0.26, g_b=1.32) | alpha=[1.73, 0.74, 1.52], smooth=0.22
2026-03-24 20:58:37,823 - INFO - T196 E1/10 | [OK] | L: 0.91406289/0.86666453 | F1 M MIN: 0.02018316 D: 0.28895703 | [S/N/B]: [0.5577/0.7810/0.0202] | LR: 0.00110719
2026-03-24 20:59:42,775 - INFO - T196 E2/10 | [OK] | L: 0.87776817/0.85251656 | F1 M MIN: 0.07529990 D: 0.32290061 | [S/N/B]: [0.5705/0.8112/0.0753] | LR: 0.00102659
2026-03-24 21:00:48,826 - INFO - T196 E3/10 | [OK] | L: 0.86689182/0.85468563 | F1 M MIN: 0.27039128 D: 0.40860878 | [S/N/B]: [0.5468/0.7884/0.2704] | LR: 0.00090104
2026-03-24 21:01:54,205 - INFO - T196 E4/10 | [OK] | L: 0.86091856/0.84668936 | F1 M MIN: 0.14819176 D: 0.35807008 | [S/N/B]: [0.5679/0.8117/0.1482] | LR: 0.00074285
2026-03-24 21:03:00,263 - INFO - T196 E5/10 | [OK] | L: 0.85553636/0.84740579 | F1 M MIN: 0.26146614 D: 0.40953768 | [S/N/B]: [0.5576/0.7982/0.2615] | LR: 0.00056748
2026-03-24 21:04:06,146 - INFO - T196 E6/10 | [OK] | L: 0.85087920/0.84211303 | F1 M MIN: 0.36455152 D: 0.45213130 | [S/N/B]: [0.5397/0.8125/0.3646] | LR: 0.00039212
2026-03-24 21:04:06,285 - INFO - Trial 196 pruned by Optuna at epoch 6
2026-03-24 21:04:06,396 - INFO - Trial 196 pruned.
2026-03-24 21:04:07,016 - INFO - 🔍 RAM-Safe Streaming Scan (Treino): 878 arquivos...
2026-03-24 21:04:57,292 - INFO - ✂️ Double-Chunking (Treino): Expondo fatias de 500,000 amostras aleatórias.
2026-03-24 21:04:57,293 - INFO - 🚀 Pre-loading 500,000 samples into RAM (Lightning Mode)...
2026-03-24 21:08:18,214 - INFO - ✅ RAM-Safe Streaming Dataset: 500,000 sequences indexed and PRE-LOADED.
2026-03-24 21:08:18,215 - INFO - ✅ RAM-Safe Streaming Dataset: 500,000 sequences indexed (Mode: Lightning).
2026-03-24 21:08:18,260 - INFO - 🔍 RAM-Safe Streaming Scan (Val): 274 arquivos...
2026-03-24 21:08:31,318 - INFO - ✂️ Double-Chunking (Val): Expondo fatias de 100,000 amostras aleatórias.
2026-03-24 21:08:31,319 - INFO - 🚀 Pre-loading 100,000 samples into RAM (Lightning Mode)...
2026-03-24 21:09:30,815 - INFO - ✅ RAM-Safe Streaming Dataset: 100,000 sequences indexed and PRE-LOADED.
2026-03-24 21:09:30,816 - INFO - ✅ RAM-Safe Streaming Dataset: 100,000 sequences indexed (Mode: Lightning).
2026-03-24 21:09:31,188 - INFO - Trial 197 START | tcn=512, lstm=256, layers=2, batch=512, seq=256 | RFE=30 | loss=ASYM (g_s=0.66, g_n=0.45, g_b=0.64) | alpha=[1.37, 0.80, 1.10], smooth=0.35
2026-03-24 21:12:40,052 - INFO - T197 E1/10 | [WARN] ZERO_PENALTY | L: 0.83989540/0.79745338 | F1 M MIN: 0.00000000 D: 0.00000000 | [S/N/B]: [0.5739/0.8177/0.0000] | LR: 0.00163092
2026-03-24 21:15:50,693 - INFO - T197 E2/10 | [WARN] ZERO_PENALTY | L: 0.81914124/0.79004438 | F1 M MIN: 0.00000000 D: 0.00000000 | [S/N/B]: [0.5871/0.8436/0.0000] | LR: 0.00151218
2026-03-24 21:19:01,358 - INFO - T197 E3/10 | [OK] | L: 0.81440404/0.78880363 | F1 M MIN: 0.12134138 D: 0.35344130 | [S/N/B]: [0.5855/0.8442/0.1213] | LR: 0.00132725
2026-03-24 21:22:12,391 - INFO - T197 E4/10 | [OK] | L: 0.80791431/0.78171356 | F1 M MIN: 0.26880891 D: 0.42879552 | [S/N/B]: [0.5888/0.8488/0.2688] | LR: 0.00109423
2026-03-24 21:25:23,466 - INFO - T197 E5/10 | [OK] | L: 0.80272605/0.78120714 | F1 M MIN: 0.26986143 D: 0.42719960 | [S/N/B]: [0.5845/0.8440/0.2699] | LR: 0.00083591
2026-03-24 21:28:34,420 - INFO - T197 E6/10 | [OK] | L: 0.79946152/0.77931859 | F1 M MIN: 0.32516611 D: 0.45555515 | [S/N/B]: [0.5859/0.8471/0.3252] | LR: 0.00057760
2026-03-24 21:28:34,557 - INFO - Trial 197 pruned by Optuna at epoch 6
2026-03-24 21:28:34,686 - INFO - Trial 197 pruned.
2026-03-24 21:28:35,364 - INFO - 🔍 RAM-Safe Streaming Scan (Treino): 878 arquivos...
2026-03-24 21:29:24,552 - INFO - ✂️ Double-Chunking (Treino): Expondo fatias de 500,000 amostras aleatórias.
2026-03-24 21:29:24,554 - INFO - 🚀 Pre-loading 500,000 samples into RAM (Lightning Mode)...
2026-03-24 21:32:38,647 - INFO - ✅ RAM-Safe Streaming Dataset: 500,000 sequences indexed and PRE-LOADED.
2026-03-24 21:32:38,648 - INFO - ✅ RAM-Safe Streaming Dataset: 500,000 sequences indexed (Mode: Lightning).
2026-03-24 21:32:38,694 - INFO - 🔍 RAM-Safe Streaming Scan (Val): 274 arquivos...
2026-03-24 21:32:51,720 - INFO - ✂️ Double-Chunking (Val): Expondo fatias de 100,000 amostras aleatórias.
2026-03-24 21:32:51,721 - INFO - 🚀 Pre-loading 100,000 samples into RAM (Lightning Mode)...
2026-03-24 21:33:52,754 - INFO - ✅ RAM-Safe Streaming Dataset: 100,000 sequences indexed and PRE-LOADED.
2026-03-24 21:33:52,755 - INFO - ✅ RAM-Safe Streaming Dataset: 100,000 sequences indexed (Mode: Lightning).
2026-03-24 21:33:53,355 - INFO - Trial 198 START | tcn=512, lstm=256, layers=3, batch=512, seq=192 | RFE=30 | loss=ASYM (g_s=2.00, g_n=1.27, g_b=1.00) | alpha=[0.95, 0.64, 1.04], smooth=0.32
2026-03-24 21:36:33,284 - INFO - T198 E1/10 | [WARN] ZERO_PENALTY | L: 0.40093140/0.37410251 | F1 M MIN: 0.00000000 D: 0.00000000 | [S/N/B]: [0.0000/0.7982/0.5551] | LR: 0.00138227
2026-03-24 21:39:14,849 - INFO - T198 E2/10 | [WARN] ZERO_PENALTY | L: 0.38643970/0.36640894 | F1 M MIN: 0.00000000 D: 0.00000000 | [S/N/B]: [0.0000/0.8321/0.5698] | LR: 0.00128164
2026-03-24 21:41:56,472 - INFO - T198 E3/10 | [WARN] ZERO_PENALTY | L: 0.38235551/0.36836983 | F1 M MIN: 0.00000000 D: 0.00000000 | [S/N/B]: [0.0000/0.8274/0.5680] | LR: 0.00112490
2026-03-24 21:44:38,349 - INFO - T198 E4/10 | [WARN] ZERO_PENALTY | L: 0.38054005/0.36270548 | F1 M MIN: 0.00000000 D: 0.00000000 | [S/N/B]: [0.0000/0.8522/0.5791] | LR: 0.00092740
2026-03-24 21:44:38,419 - INFO - Trial 198 stopped early due to patience limit (4 epochs without improvement)
2026-03-24 21:44:38,632 - INFO - Trial 198 finished with value: 0.0 and parameters: {'tcn_channels': 512, 'lstm_hidden': 256, 'num_lstm_layers': 3, 'batch_size': 512, 'dropout': 0.3160852702444061, 'seq_len': 192, 'lr': 0.001416943371323603, 'weight_decay': 0.005389004075862517, 'base_alpha_sell': 0.94900527518756, 'base_alpha_neutral': 0.6416662548114235, 'base_alpha_buy': 1.0429533981949373, 'base_loss_gamma': 1.8737179038033105, 'base_loss_smoothing': 0.3172786521116013, 'asym_gamma_sell': 2.0023697018640068, 'asym_gamma_neu': 1.2690372616355594, 'asym_gamma_buy': 1.0027080633908771}. Best is trial 193 with value: 0.4857577883085556.
2026-03-24 21:44:39,148 - INFO - 🔍 RAM-Safe Streaming Scan (Treino): 878 arquivos...
2026-03-24 21:45:29,146 - INFO - ✂️ Double-Chunking (Treino): Expondo fatias de 500,000 amostras aleatórias.
2026-03-24 21:45:29,147 - INFO - 🚀 Pre-loading 500,000 samples into RAM (Lightning Mode)...
2026-03-24 21:48:45,588 - INFO - ✅ RAM-Safe Streaming Dataset: 500,000 sequences indexed and PRE-LOADED.
2026-03-24 21:48:45,589 - INFO - ✅ RAM-Safe Streaming Dataset: 500,000 sequences indexed (Mode: Lightning).
2026-03-24 21:48:45,642 - INFO - 🔍 RAM-Safe Streaming Scan (Val): 274 arquivos...
2026-03-24 21:48:58,245 - INFO - ✂️ Double-Chunking (Val): Expondo fatias de 100,000 amostras aleatórias.
2026-03-24 21:48:58,245 - INFO - 🚀 Pre-loading 100,000 samples into RAM (Lightning Mode)...
2026-03-24 21:49:58,033 - INFO - ✅ RAM-Safe Streaming Dataset: 100,000 sequences indexed and PRE-LOADED.
2026-03-24 21:49:58,034 - INFO - ✅ RAM-Safe Streaming Dataset: 100,000 sequences indexed (Mode: Lightning).
2026-03-24 21:49:58,459 - INFO - Trial 199 START | tcn=512, lstm=256, layers=3, batch=512, seq=144 | RFE=30 | loss=ASYM (g_s=2.01, g_n=1.16, g_b=1.40) | alpha=[1.68, 0.39, 1.64], smooth=0.14
2026-03-24 21:51:51,889 - INFO - T199 E1/10 | [OK] | L: 0.59934262/0.52080962 | F1 M MIN: 0.13087385 D: 0.35018654 | [S/N/B]: [0.1309/0.5064/0.5695] | LR: 0.00149535
2026-03-24 21:53:46,811 - INFO - T199 E2/10 | [WARN] ZERO_PENALTY | L: 0.57639998/0.50492891 | F1 M MIN: 0.00000000 D: 0.00000000 | [S/N/B]: [0.5072/0.6197/0.0000] | LR: 0.00138648
2026-03-24 21:55:41,502 - INFO - T199 E3/10 | [OK] | L: 0.57019386/0.50983591 | F1 M MIN: 0.04385803 D: 0.29787652 | [S/N/B]: [0.0439/0.6318/0.5519] | LR: 0.00121693
2026-03-24 21:57:36,529 - INFO - T199 E4/10 | [OK] | L: 0.56708521/0.50106244 | F1 M MIN: 0.14420391 D: 0.37976509 | [S/N/B]: [0.6153/0.6540/0.1442] | LR: 0.00100327
2026-03-24 21:59:31,519 - INFO - T199 E5/10 | [OK] | L: 0.56463491/0.50226139 | F1 M MIN: 0.23286611 D: 0.36838919 | [S/N/B]: [0.2329/0.6431/0.5039] | LR: 0.00076643
2026-03-24 22:01:26,596 - INFO - T199 E6/10 | [OK] | L: 0.56270480/0.49824147 | F1 M MIN: 0.00747771 D: 0.26331905 | [S/N/B]: [0.5192/0.6687/0.0075] | LR: 0.00052959
2026-03-24 22:01:26,691 - INFO - Trial 199 pruned by Optuna at epoch 6
2026-03-24 22:01:26,790 - INFO - Trial 199 pruned.
2026-03-24 22:01:27,403 - INFO - 🔍 RAM-Safe Streaming Scan (Treino): 878 arquivos...
2026-03-24 22:02:16,802 - INFO - ✂️ Double-Chunking (Treino): Expondo fatias de 500,000 amostras aleatórias.
2026-03-24 22:02:16,811 - INFO - 🚀 Pre-loading 500,000 samples into RAM (Lightning Mode)...
2026-03-24 22:05:34,615 - INFO - ✅ RAM-Safe Streaming Dataset: 500,000 sequences indexed and PRE-LOADED.
2026-03-24 22:05:34,616 - INFO - ✅ RAM-Safe Streaming Dataset: 500,000 sequences indexed (Mode: Lightning).
2026-03-24 22:05:34,669 - INFO - 🔍 RAM-Safe Streaming Scan (Val): 274 arquivos...
2026-03-24 22:05:47,589 - INFO - ✂️ Double-Chunking (Val): Expondo fatias de 100,000 amostras aleatórias.
2026-03-24 22:05:47,590 - INFO - 🚀 Pre-loading 100,000 samples into RAM (Lightning Mode)...
2026-03-24 22:06:46,784 - INFO - ✅ RAM-Safe Streaming Dataset: 100,000 sequences indexed and PRE-LOADED.
2026-03-24 22:06:46,785 - INFO - ✅ RAM-Safe Streaming Dataset: 100,000 sequences indexed (Mode: Lightning).
2026-03-24 22:06:47,146 - INFO - Trial 200 START | tcn=64, lstm=256, layers=3, batch=512, seq=192 | RFE=30 | loss=ASYM (g_s=2.22, g_n=1.50, g_b=1.07) | alpha=[1.42, 0.85, 1.55], smooth=0.33
2026-03-24 22:07:49,603 - INFO - T200 E1/10 | [WARN] ZERO_PENALTY | L: 0.74359603/0.68491366 | F1 M MIN: 0.00000000 D: 0.00000000 | [S/N/B]: [0.0000/0.8033/0.5553] | LR: 0.00124757
2026-03-24 22:08:54,906 - INFO - T200 E2/10 | [WARN] ZERO_PENALTY | L: 0.71825752/0.67089782 | F1 M MIN: 0.00000000 D: 0.00000000 | [S/N/B]: [0.0000/0.8334/0.5689] | LR: 0.00115674
2026-03-24 22:10:00,340 - INFO - T200 E3/10 | [WARN] ZERO_PENALTY | L: 0.71175733/0.66855408 | F1 M MIN: 0.00000000 D: 0.00000000 | [S/N/B]: [0.0000/0.8397/0.5722] | LR: 0.00101528
2026-03-24 22:11:04,812 - INFO - T200 E4/10 | [WARN] ZERO_PENALTY | L: 0.70805870/0.66805386 | F1 M MIN: 0.00000000 D: 0.00000000 | [S/N/B]: [0.0000/0.8363/0.5703] | LR: 0.00083703
2026-03-24 22:11:04,868 - INFO - Trial 200 stopped early due to patience limit (4 epochs without improvement)
2026-03-24 22:11:05,074 - INFO - Trial 200 finished with value: 0.0 and parameters: {'tcn_channels': 64, 'lstm_hidden': 256, 'num_lstm_layers': 3, 'batch_size': 512, 'dropout': 0.24433846645828572, 'seq_len': 192, 'lr': 0.0012788621774043481, 'weight_decay': 0.005809517786642162, 'base_alpha_sell': 1.4202548605279293, 'base_alpha_neutral': 0.8527029396586248, 'base_alpha_buy': 1.5525612144859406, 'base_loss_gamma': 2.1524626996601075, 'base_loss_smoothing': 0.3347762404723924, 'asym_gamma_sell': 2.2155072144905343, 'asym_gamma_neu': 1.5032607413726613, 'asym_gamma_buy': 1.0677042895798015}. Best is trial 193 with value: 0.4857577883085556.
2026-03-24 22:11:05,613 - INFO - 🔍 RAM-Safe Streaming Scan (Treino): 878 arquivos...
2026-03-24 22:11:56,427 - INFO - ✂️ Double-Chunking (Treino): Expondo fatias de 500,000 amostras aleatórias.
2026-03-24 22:11:56,427 - INFO - 🚀 Pre-loading 500,000 samples into RAM (Lightning Mode)...
2026-03-24 22:15:13,344 - INFO - ✅ RAM-Safe Streaming Dataset: 500,000 sequences indexed and PRE-LOADED.
2026-03-24 22:15:13,345 - INFO - ✅ RAM-Safe Streaming Dataset: 500,000 sequences indexed (Mode: Lightning).
2026-03-24 22:15:13,396 - INFO - 🔍 RAM-Safe Streaming Scan (Val): 274 arquivos...
2026-03-24 22:15:25,695 - INFO - ✂️ Double-Chunking (Val): Expondo fatias de 100,000 amostras aleatórias.
2026-03-24 22:15:25,695 - INFO - 🚀 Pre-loading 100,000 samples into RAM (Lightning Mode)...
2026-03-24 22:16:26,195 - INFO - ✅ RAM-Safe Streaming Dataset: 100,000 sequences indexed and PRE-LOADED.
2026-03-24 22:16:26,196 - INFO - ✅ RAM-Safe Streaming Dataset: 100,000 sequences indexed (Mode: Lightning).
2026-03-24 22:16:26,788 - INFO - Trial 201 START | tcn=512, lstm=64, layers=2, batch=512, seq=192 | RFE=30 | loss=ASYM (g_s=0.65, g_n=0.57, g_b=1.71) | alpha=[0.93, 0.91, 1.12], smooth=0.23
2026-03-24 22:18:37,190 - INFO - T201 E1/10 | [WARN] ZERO_PENALTY | L: 0.58507927/0.54850127 | F1 M MIN: 0.00000000 D: 0.00000000 | [S/N/B]: [0.0000/0.8658/0.5867] | LR: 0.00161435
2026-03-24 22:20:49,107 - INFO - T201 E2/10 | [WARN] ZERO_PENALTY | L: 0.55522615/0.53913021 | F1 M MIN: 0.00000000 D: 0.00000000 | [S/N/B]: [0.0000/0.8799/0.5967] | LR: 0.00149683
2026-03-24 22:23:00,724 - INFO - T201 E3/10 | [WARN] ZERO_PENALTY | L: 0.54932972/0.53452969 | F1 M MIN: 0.00000000 D: 0.00000000 | [S/N/B]: [0.0000/0.8845/0.5996] | LR: 0.00131377
2026-03-24 22:25:12,619 - INFO - T201 E4/10 | [OK] | L: 0.54591578/0.53247675 | F1 M MIN: 0.23993541 D: 0.39861601 | [S/N/B]: [0.2399/0.8861/0.5573] | LR: 0.00108311
2026-03-24 22:27:24,394 - INFO - T201 E5/10 | [WARN] ZERO_PENALTY | L: 0.54334614/0.52987723 | F1 M MIN: 0.00000000 D: 0.00000000 | [S/N/B]: [0.0000/0.8887/0.6022] | LR: 0.00082742
2026-03-24 22:29:36,198 - INFO - T201 E6/10 | [OK] | L: 0.54076005/0.52733636 | F1 M MIN: 0.43069372 D: 0.46376554 | [S/N/B]: [0.4968/0.8916/0.4307] | LR: 0.00057174
2026-03-24 22:31:48,107 - INFO - T201 E7/10 | [OK] | L: 0.53837326/0.52584818 | F1 M MIN: 0.00014465 D: 0.30122497 | [S/N/B]: [0.0001/0.8912/0.6023] | LR: 0.00034108
2026-03-24 22:33:59,857 - INFO - T201 E8/10 | [OK] | L: 0.53639441/0.52507114 | F1 M MIN: 0.00021700 D: 0.30203185 | [S/N/B]: [0.0002/0.8933/0.6038] | LR: 0.00015802
2026-03-24 22:36:11,653 - INFO - T201 E9/10 | [OK] | L: 0.53506944/0.52205213 | F1 M MIN: 0.00122855 D: 0.30325309 | [S/N/B]: [0.0012/0.8954/0.6053] | LR: 0.00004050
2026-03-24 22:38:23,401 - INFO - T201 E10/10 | [OK] | L: 0.53405235/0.52241227 | F1 M MIN: 0.00028927 D: 0.30261605 | [S/N/B]: [0.0003/0.8949/0.6049] | LR: 0.00000000
2026-03-24 22:38:23,450 - INFO - Trial 201 stopped early due to patience limit (4 epochs without improvement)
