2026-03-26 15:57:11,698 - INFO - Trial 355 pruned.
2026-03-26 15:57:12,444 - INFO - 🔍 RAM-Safe Streaming Scan (Treino): 878 arquivos...
2026-03-26 15:58:04,577 - INFO - ✂️ Double-Chunking (Treino): Expondo fatias de 500,000 amostras aleatórias.
2026-03-26 15:58:04,578 - INFO - 🚀 Pre-loading 500,000 samples into RAM (Lightning Mode)...
2026-03-26 16:01:18,750 - INFO - ✅ RAM-Safe Streaming Dataset: 500,000 sequences indexed and PRE-LOADED.
2026-03-26 16:01:18,752 - INFO - ✅ RAM-Safe Streaming Dataset: 500,000 sequences indexed (Mode: Lightning).
2026-03-26 16:01:18,797 - INFO - 🔍 RAM-Safe Streaming Scan (Val): 274 arquivos...
2026-03-26 16:01:32,169 - INFO - ✂️ Double-Chunking (Val): Expondo fatias de 100,000 amostras aleatórias.
2026-03-26 16:01:32,169 - INFO - 🚀 Pre-loading 100,000 samples into RAM (Lightning Mode)...
2026-03-26 16:02:30,298 - INFO - ✅ RAM-Safe Streaming Dataset: 100,000 sequences indexed and PRE-LOADED.
2026-03-26 16:02:30,299 - INFO - ✅ RAM-Safe Streaming Dataset: 100,000 sequences indexed (Mode: Lightning).
2026-03-26 16:02:30,716 - INFO - Trial 356 START | tcn=512, lstm=128, layers=2, batch=512, seq=96 | RFE=30 | loss=ASYM (g_s=0.63, g_n=1.67, g_b=2.22) | alpha=[1.11, 0.60, 1.13], smooth=0.34
2026-03-26 16:03:30,597 - INFO - T356 E1/10 | [WARN] ZERO_PENALTY | L: 0.46970708/0.42171495 | F1 M MIN: 0.00000000 D: 0.00000000 | [S/N/B]: [0.5464/0.7343/0.0000] | LR: 0.00148596
2026-03-26 16:04:31,298 - INFO - T356 E2/10 | [WARN] ZERO_PENALTY | L: 0.45619148/0.41433224 | F1 M MIN: 0.00000000 D: 0.00000000 | [S/N/B]: [0.5701/0.8005/0.0000] | LR: 0.00137778
2026-03-26 16:05:32,095 - INFO - T356 E3/10 | [OK] | L: 0.45276536/0.41256517 | F1 M MIN: 0.00022234 D: 0.28580069 | [S/N/B]: [0.5714/0.8029/0.0002] | LR: 0.00120929
2026-03-26 16:06:33,206 - INFO - T356 E4/10 | [OK] | L: 0.45102436/0.40883198 | F1 M MIN: 0.01397064 D: 0.30096926 | [S/N/B]: [0.5880/0.8308/0.0140] | LR: 0.00099697
2026-03-26 16:07:34,224 - INFO - T356 E5/10 | [OK] | L: 0.44948609/0.41155596 | F1 M MIN: 0.01466118 D: 0.29362096 | [S/N/B]: [0.5726/0.7967/0.0147] | LR: 0.00076162
2026-03-26 16:07:34,313 - INFO - Trial 356 pruned by Optuna at epoch 5
2026-03-26 16:07:34,388 - INFO - Trial 356 pruned.
2026-03-26 16:07:34,974 - INFO - 🔍 RAM-Safe Streaming Scan (Treino): 878 arquivos...
2026-03-26 16:08:24,982 - INFO - ✂️ Double-Chunking (Treino): Expondo fatias de 500,000 amostras aleatórias.
2026-03-26 16:08:24,983 - INFO - 🚀 Pre-loading 500,000 samples into RAM (Lightning Mode)...
2026-03-26 16:11:43,546 - INFO - ✅ RAM-Safe Streaming Dataset: 500,000 sequences indexed and PRE-LOADED.
2026-03-26 16:11:43,549 - INFO - ✅ RAM-Safe Streaming Dataset: 500,000 sequences indexed (Mode: Lightning).
2026-03-26 16:11:43,594 - INFO - 🔍 RAM-Safe Streaming Scan (Val): 274 arquivos...
2026-03-26 16:11:57,116 - INFO - ✂️ Double-Chunking (Val): Expondo fatias de 100,000 amostras aleatórias.
2026-03-26 16:11:57,117 - INFO - 🚀 Pre-loading 100,000 samples into RAM (Lightning Mode)...
2026-03-26 16:12:55,763 - INFO - ✅ RAM-Safe Streaming Dataset: 100,000 sequences indexed and PRE-LOADED.
2026-03-26 16:12:55,764 - INFO - ✅ RAM-Safe Streaming Dataset: 100,000 sequences indexed (Mode: Lightning).
2026-03-26 16:12:56,178 - INFO - Trial 357 START | tcn=512, lstm=256, layers=2, batch=512, seq=256 | RFE=30 | loss=ASYM (g_s=3.58, g_n=0.68, g_b=4.04) | alpha=[1.74, 0.82, 1.77], smooth=0.21
2026-03-26 16:16:04,863 - INFO - T357 E1/10 | [OK] | L: 0.63562776/0.63781482 | F1 M MIN: 0.27977519 D: 0.40622513 | [S/N/B]: [0.5327/0.7485/0.2798] | LR: 0.00024155
2026-03-26 16:19:15,542 - INFO - T357 E2/10 | [OK] | L: 0.59088073/0.62437133 | F1 M MIN: 0.18336842 D: 0.37225496 | [S/N/B]: [0.5611/0.7684/0.1834] | LR: 0.00022397
2026-03-26 16:22:26,500 - INFO - T357 E3/10 | [OK] | L: 0.57930946/0.60920037 | F1 M MIN: 0.43494905 D: 0.46920688 | [S/N/B]: [0.5035/0.7906/0.4349] | LR: 0.00019658
2026-03-26 16:25:37,672 - INFO - T357 E4/10 | [OK] | L: 0.56937570/0.60329563 | F1 M MIN: 0.40370615 D: 0.46882372 | [S/N/B]: [0.5339/0.7800/0.4037] | LR: 0.00016207
2026-03-26 16:28:48,655 - INFO - T357 E5/10 | [OK] | L: 0.56258119/0.59540434 | F1 M MIN: 0.41596004 D: 0.48017937 | [S/N/B]: [0.5444/0.8086/0.4160] | LR: 0.00012381
2026-03-26 16:31:59,895 - INFO - T357 E6/10 | [OK] | L: 0.55733266/0.59047398 | F1 M MIN: 0.40929311 D: 0.48130412 | [S/N/B]: [0.5533/0.8137/0.4093] | LR: 0.00008555
2026-03-26 16:35:11,017 - INFO - T357 E7/10 | [OK] | L: 0.55271340/0.59200294 | F1 M MIN: 0.41970021 D: 0.48400162 | [S/N/B]: [0.5483/0.8042/0.4197] | LR: 0.00005104
2026-03-26 16:35:11,111 - INFO - Trial 357 stopped early due to patience limit (4 epochs without improvement)
2026-03-26 16:35:11,361 - INFO - Trial 357 finished with value: 0.4349490474080638 and parameters: {'tcn_channels': 512, 'lstm_hidden': 256, 'num_lstm_layers': 2, 'batch_size': 512, 'dropout': 0.342458990769203, 'seq_len': 256, 'lr': 0.00024761406422647056, 'weight_decay': 0.00182981658983557, 'base_alpha_sell': 1.7414227907662083, 'base_alpha_neutral': 0.8208894648151263, 'base_alpha_buy': 1.7655135617801652, 'base_loss_gamma': 1.7822353379190905, 'base_loss_smoothing': 0.20815619486104683, 'asym_gamma_sell': 3.5846375076178427, 'asym_gamma_neu': 0.6814579880380599, 'asym_gamma_buy': 4.0409410967766535}. Best is trial 299 with value: 0.5035109606130814.
2026-03-26 16:35:11,914 - INFO - 🔍 RAM-Safe Streaming Scan (Treino): 878 arquivos...
2026-03-26 16:36:02,036 - INFO - ✂️ Double-Chunking (Treino): Expondo fatias de 500,000 amostras aleatórias.
2026-03-26 16:36:02,037 - INFO - 🚀 Pre-loading 500,000 samples into RAM (Lightning Mode)...
2026-03-26 16:39:22,707 - INFO - ✅ RAM-Safe Streaming Dataset: 500,000 sequences indexed and PRE-LOADED.
2026-03-26 16:39:22,711 - INFO - ✅ RAM-Safe Streaming Dataset: 500,000 sequences indexed (Mode: Lightning).
2026-03-26 16:39:22,756 - INFO - 🔍 RAM-Safe Streaming Scan (Val): 274 arquivos...
2026-03-26 16:39:35,465 - INFO - ✂️ Double-Chunking (Val): Expondo fatias de 100,000 amostras aleatórias.
2026-03-26 16:39:35,466 - INFO - 🚀 Pre-loading 100,000 samples into RAM (Lightning Mode)...
2026-03-26 16:40:37,574 - INFO - ✅ RAM-Safe Streaming Dataset: 100,000 sequences indexed and PRE-LOADED.
2026-03-26 16:40:37,575 - INFO - ✅ RAM-Safe Streaming Dataset: 100,000 sequences indexed (Mode: Lightning).
2026-03-26 16:40:37,981 - INFO - Trial 358 START | tcn=512, lstm=256, layers=3, batch=2048, seq=192 | RFE=30 | loss=ASYM (g_s=3.72, g_n=0.14, g_b=3.46) | alpha=[1.01, 0.69, 1.34], smooth=0.34
2026-03-26 16:43:16,045 - INFO - T358 E1/10 | [WARN] ZERO_PENALTY | L: 0.40256733/0.46664541 | F1 M MIN: 0.00000000 D: 0.00000000 | [S/N/B]: [0.0000/0.8075/0.5593] | LR: 0.00103611
2026-03-26 16:45:55,535 - INFO - T358 E2/10 | [WARN] ZERO_PENALTY | L: 0.38049430/0.45670345 | F1 M MIN: 0.00000000 D: 0.00000000 | [S/N/B]: [0.0000/0.8306/0.5709] | LR: 0.00096068
2026-03-26 16:48:35,165 - INFO - T358 E3/10 | [WARN] ZERO_PENALTY | L: 0.37571875/0.45362710 | F1 M MIN: 0.00000000 D: 0.00000000 | [S/N/B]: [0.0000/0.8415/0.5754] | LR: 0.00084319
2026-03-26 16:51:14,680 - INFO - T358 E4/10 | [WARN] ZERO_PENALTY | L: 0.37337890/0.45084058 | F1 M MIN: 0.00000000 D: 0.00000000 | [S/N/B]: [0.0000/0.8502/0.5800] | LR: 0.00069515
2026-03-26 16:51:14,749 - INFO - Trial 358 stopped early due to patience limit (4 epochs without improvement)
2026-03-26 16:51:15,178 - INFO - Trial 358 finished with value: 0.0 and parameters: {'tcn_channels': 512, 'lstm_hidden': 256, 'num_lstm_layers': 3, 'batch_size': 2048, 'dropout': 0.4492208713233649, 'seq_len': 192, 'lr': 0.0010620988543106108, 'weight_decay': 0.001638635450154647, 'base_alpha_sell': 1.0140915661555527, 'base_alpha_neutral': 0.6922609452025779, 'base_alpha_buy': 1.34363086479704, 'base_loss_gamma': 1.3052358419662375, 'base_loss_smoothing': 0.3422915823244561, 'asym_gamma_sell': 3.720787084092731, 'asym_gamma_neu': 0.1390917789010005, 'asym_gamma_buy': 3.457222734063299}. Best is trial 299 with value: 0.5035109606130814.
2026-03-26 16:51:15,745 - INFO - 🔍 RAM-Safe Streaming Scan (Treino): 878 arquivos...
2026-03-26 16:52:05,361 - INFO - ✂️ Double-Chunking (Treino): Expondo fatias de 500,000 amostras aleatórias.
2026-03-26 16:52:05,362 - INFO - 🚀 Pre-loading 500,000 samples into RAM (Lightning Mode)...
2026-03-26 16:55:26,818 - INFO - ✅ RAM-Safe Streaming Dataset: 500,000 sequences indexed and PRE-LOADED.
2026-03-26 16:55:26,820 - INFO - ✅ RAM-Safe Streaming Dataset: 500,000 sequences indexed (Mode: Lightning).
2026-03-26 16:55:26,865 - INFO - 🔍 RAM-Safe Streaming Scan (Val): 274 arquivos...
2026-03-26 16:55:39,462 - INFO - ✂️ Double-Chunking (Val): Expondo fatias de 100,000 amostras aleatórias.
2026-03-26 16:55:39,462 - INFO - 🚀 Pre-loading 100,000 samples into RAM (Lightning Mode)...
2026-03-26 16:56:40,614 - INFO - ✅ RAM-Safe Streaming Dataset: 100,000 sequences indexed and PRE-LOADED.
2026-03-26 16:56:40,615 - INFO - ✅ RAM-Safe Streaming Dataset: 100,000 sequences indexed (Mode: Lightning).
2026-03-26 16:56:41,015 - INFO - Trial 359 START | tcn=512, lstm=256, layers=2, batch=2048, seq=144 | RFE=30 | loss=ASYM (g_s=2.17, g_n=0.47, g_b=3.56) | alpha=[1.65, 0.92, 1.54], smooth=0.30
2026-03-26 16:58:26,263 - INFO - T359 E1/10 | [OK] | L: 0.75725370/0.77324952 | F1 M MIN: 0.00307918 D: 0.27780040 | [S/N/B]: [0.5525/0.7703/0.0031] | LR: 0.00073622
2026-03-26 17:00:12,849 - INFO - T359 E2/10 | [OK] | L: 0.71654711/0.74870591 | F1 M MIN: 0.06264324 D: 0.31890075 | [S/N/B]: [0.5752/0.8178/0.0626] | LR: 0.00068262
2026-03-26 17:01:59,867 - INFO - T359 E3/10 | [OK] | L: 0.70556334/0.73482656 | F1 M MIN: 0.16212793 D: 0.37289383 | [S/N/B]: [0.5837/0.8488/0.1621] | LR: 0.00059914
2026-03-26 17:03:46,830 - INFO - T359 E4/10 | [OK] | L: 0.69852668/0.73454954 | F1 M MIN: 0.30505424 D: 0.43548174 | [S/N/B]: [0.5659/0.8380/0.3051] | LR: 0.00049395
2026-03-26 17:05:34,196 - INFO - T359 E5/10 | [OK] | L: 0.69323668/0.73159042 | F1 M MIN: 0.24249190 D: 0.41191641 | [S/N/B]: [0.5813/0.8445/0.2425] | LR: 0.00037734
2026-03-26 17:07:21,226 - INFO - T359 E6/10 | [OK] | L: 0.68999724/0.73166362 | F1 M MIN: 0.30646282 D: 0.43739595 | [S/N/B]: [0.5683/0.8380/0.3065] | LR: 0.00026074
2026-03-26 17:07:21,377 - INFO - Trial 359 pruned by Optuna at epoch 6
2026-03-26 17:07:21,522 - INFO - Trial 359 pruned.
2026-03-26 17:07:22,178 - INFO - 🔍 RAM-Safe Streaming Scan (Treino): 878 arquivos...
2026-03-26 17:08:13,034 - INFO - ✂️ Double-Chunking (Treino): Expondo fatias de 500,000 amostras aleatórias.
2026-03-26 17:08:13,035 - INFO - 🚀 Pre-loading 500,000 samples into RAM (Lightning Mode)...
2026-03-26 17:11:39,840 - INFO - ✅ RAM-Safe Streaming Dataset: 500,000 sequences indexed and PRE-LOADED.
2026-03-26 17:11:39,841 - INFO - ✅ RAM-Safe Streaming Dataset: 500,000 sequences indexed (Mode: Lightning).
2026-03-26 17:11:39,887 - INFO - 🔍 RAM-Safe Streaming Scan (Val): 274 arquivos...
2026-03-26 17:11:52,723 - INFO - ✂️ Double-Chunking (Val): Expondo fatias de 100,000 amostras aleatórias.
2026-03-26 17:11:52,724 - INFO - 🚀 Pre-loading 100,000 samples into RAM (Lightning Mode)...
2026-03-26 17:12:52,916 - INFO - ✅ RAM-Safe Streaming Dataset: 100,000 sequences indexed and PRE-LOADED.
2026-03-26 17:12:52,917 - INFO - ✅ RAM-Safe Streaming Dataset: 100,000 sequences indexed (Mode: Lightning).
2026-03-26 17:12:53,333 - INFO - Trial 360 START | tcn=512, lstm=256, layers=3, batch=2048, seq=256 | RFE=30 | loss=ASYM (g_s=0.69, g_n=0.44, g_b=3.11) | alpha=[1.26, 0.80, 1.37], smooth=0.28
2026-03-26 17:16:14,271 - INFO - T360 E1/10 | [OK] | L: 0.68994455/0.68378087 | F1 M MIN: 0.07522915 D: 0.33029720 | [S/N/B]: [0.5854/0.7980/0.0752] | LR: 0.00129582
2026-03-26 17:19:36,869 - INFO - T360 E2/10 | [OK] | L: 0.65496265/0.65663830 | F1 M MIN: 0.06936451 D: 0.33618342 | [S/N/B]: [0.6030/0.8478/0.0694] | LR: 0.00120148
2026-03-26 17:22:59,630 - INFO - T360 E3/10 | [OK] | L: 0.64760110/0.65383912 | F1 M MIN: 0.08069620 D: 0.34171659 | [S/N/B]: [0.6027/0.8516/0.0807] | LR: 0.00105455
2026-03-26 17:26:22,590 - INFO - T360 E4/10 | [OK] | L: 0.64346812/0.65522241 | F1 M MIN: 0.10319970 D: 0.34488938 | [S/N/B]: [0.5866/0.8408/0.1032] | LR: 0.00086940
2026-03-26 17:29:45,651 - INFO - T360 E5/10 | [OK] | L: 0.64088618/0.64693967 | F1 M MIN: 0.11424693 D: 0.36395046 | [S/N/B]: [0.6137/0.8635/0.1142] | LR: 0.00066416
2026-03-26 17:29:45,819 - INFO - Trial 360 pruned by Optuna at epoch 5
2026-03-26 17:29:45,956 - INFO - Trial 360 pruned.
2026-03-26 17:29:46,623 - INFO - 🔍 RAM-Safe Streaming Scan (Treino): 878 arquivos...
2026-03-26 17:30:37,406 - INFO - ✂️ Double-Chunking (Treino): Expondo fatias de 500,000 amostras aleatórias.
2026-03-26 17:30:37,411 - INFO - 🚀 Pre-loading 500,000 samples into RAM (Lightning Mode)...
2026-03-26 17:34:00,366 - INFO - ✅ RAM-Safe Streaming Dataset: 500,000 sequences indexed and PRE-LOADED.
2026-03-26 17:34:00,368 - INFO - ✅ RAM-Safe Streaming Dataset: 500,000 sequences indexed (Mode: Lightning).
2026-03-26 17:34:00,413 - INFO - 🔍 RAM-Safe Streaming Scan (Val): 274 arquivos...
2026-03-26 17:34:13,156 - INFO - ✂️ Double-Chunking (Val): Expondo fatias de 100,000 amostras aleatórias.
2026-03-26 17:34:13,156 - INFO - 🚀 Pre-loading 100,000 samples into RAM (Lightning Mode)...
2026-03-26 17:35:13,217 - INFO - ✅ RAM-Safe Streaming Dataset: 100,000 sequences indexed and PRE-LOADED.
2026-03-26 17:35:13,218 - INFO - ✅ RAM-Safe Streaming Dataset: 100,000 sequences indexed (Mode: Lightning).
2026-03-26 17:35:13,656 - INFO - Trial 361 START | tcn=512, lstm=256, layers=2, batch=2048, seq=96 | RFE=30 | loss=ASYM (g_s=2.43, g_n=0.77, g_b=3.62) | alpha=[1.02, 0.82, 1.43], smooth=0.32
2026-03-26 17:36:17,456 - INFO - T361 E1/10 | [WARN] ZERO_PENALTY | L: 0.43814062/0.45096769 | F1 M MIN: 0.00000000 D: 0.00000000 | [S/N/B]: [0.0000/0.8259/0.5659] | LR: 0.00060891
2026-03-26 17:37:21,883 - INFO - T361 E2/10 | [WARN] ZERO_PENALTY | L: 0.40969082/0.43607022 | F1 M MIN: 0.00000000 D: 0.00000000 | [S/N/B]: [0.0000/0.8568/0.5808] | LR: 0.00056458
2026-03-26 17:38:26,759 - INFO - T361 E3/10 | [WARN] ZERO_PENALTY | L: 0.40387387/0.43768345 | F1 M MIN: 0.00000000 D: 0.00000000 | [S/N/B]: [0.0000/0.8540/0.5801] | LR: 0.00049553
2026-03-26 17:39:31,661 - INFO - T361 E4/10 | [OK] | L: 0.40074886/0.43385418 | F1 M MIN: 0.00007245 D: 0.29038494 | [S/N/B]: [0.0001/0.8554/0.5807] | LR: 0.00040853
2026-03-26 17:40:37,000 - INFO - T361 E5/10 | [OK] | L: 0.39773410/0.43044166 | F1 M MIN: 0.00108597 D: 0.29441829 | [S/N/B]: [0.0011/0.8667/0.5878] | LR: 0.00031209
2026-03-26 17:40:37,161 - INFO - Trial 361 pruned by Optuna at epoch 5
2026-03-26 17:40:37,288 - INFO - Trial 361 pruned.
2026-03-26 17:40:37,951 - INFO - 🔍 RAM-Safe Streaming Scan (Treino): 878 arquivos...
2026-03-26 17:41:28,930 - INFO - ✂️ Double-Chunking (Treino): Expondo fatias de 500,000 amostras aleatórias.
2026-03-26 17:41:28,935 - INFO - 🚀 Pre-loading 500,000 samples into RAM (Lightning Mode)...
2026-03-26 17:44:51,021 - INFO - ✅ RAM-Safe Streaming Dataset: 500,000 sequences indexed and PRE-LOADED.
2026-03-26 17:44:51,023 - INFO - ✅ RAM-Safe Streaming Dataset: 500,000 sequences indexed (Mode: Lightning).
2026-03-26 17:44:51,068 - INFO - 🔍 RAM-Safe Streaming Scan (Val): 274 arquivos...
2026-03-26 17:45:03,584 - INFO - ✂️ Double-Chunking (Val): Expondo fatias de 100,000 amostras aleatórias.
2026-03-26 17:45:03,584 - INFO - 🚀 Pre-loading 100,000 samples into RAM (Lightning Mode)...
2026-03-26 17:46:04,737 - INFO - ✅ RAM-Safe Streaming Dataset: 100,000 sequences indexed and PRE-LOADED.
2026-03-26 17:46:04,738 - INFO - ✅ RAM-Safe Streaming Dataset: 100,000 sequences indexed (Mode: Lightning).
2026-03-26 17:46:05,149 - INFO - Trial 362 START | tcn=512, lstm=256, layers=2, batch=512, seq=144 | RFE=30 | loss=ASYM (g_s=3.55, g_n=0.25, g_b=1.46) | alpha=[1.38, 0.98, 1.71], smooth=0.25
2026-03-26 17:47:51,296 - INFO - T362 E1/10 | [WARN] ZERO_PENALTY | L: 0.77935761/0.78746270 | F1 M MIN: 0.00000000 D: 0.00000000 | [S/N/B]: [0.0000/0.8255/0.5642] | LR: 0.00038322
2026-03-26 17:49:38,893 - INFO - T362 E2/10 | [WARN] ZERO_PENALTY | L: 0.74101167/0.77839926 | F1 M MIN: 0.00000000 D: 0.00000000 | [S/N/B]: [0.0000/0.8286/0.5664] | LR: 0.00035532
2026-03-26 17:51:26,696 - INFO - T362 E3/10 | [WARN] ZERO_PENALTY | L: 0.73216529/0.77384198 | F1 M MIN: 0.00000000 D: 0.00000000 | [S/N/B]: [0.0000/0.8350/0.5696] | LR: 0.00031187
2026-03-26 17:53:14,638 - INFO - T362 E4/10 | [WARN] ZERO_PENALTY | L: 0.72723327/0.76519470 | F1 M MIN: 0.00000000 D: 0.00000000 | [S/N/B]: [0.0000/0.8525/0.5785] | LR: 0.00025711
2026-03-26 17:53:14,693 - INFO - Trial 362 stopped early due to patience limit (4 epochs without improvement)
2026-03-26 17:53:14,897 - INFO - Trial 362 finished with value: 0.0 and parameters: {'tcn_channels': 512, 'lstm_hidden': 256, 'num_lstm_layers': 2, 'batch_size': 512, 'dropout': 0.22274073586190588, 'seq_len': 144, 'lr': 0.0003928333685367216, 'weight_decay': 0.0003600428059336692, 'base_alpha_sell': 1.3813540094330194, 'base_alpha_neutral': 0.98100578859507, 'base_alpha_buy': 1.7147786337641011, 'base_loss_gamma': 4.510068646326147, 'base_loss_smoothing': 0.24690457458736728, 'asym_gamma_sell': 3.5458633631333516, 'asym_gamma_neu': 0.25011014309689045, 'asym_gamma_buy': 1.4607573326760392}. Best is trial 299 with value: 0.5035109606130814.
2026-03-26 17:53:15,456 - INFO - 🔍 RAM-Safe Streaming Scan (Treino): 878 arquivos...
2026-03-26 17:54:06,792 - INFO - ✂️ Double-Chunking (Treino): Expondo fatias de 500,000 amostras aleatórias.
2026-03-26 17:54:06,793 - INFO - 🚀 Pre-loading 500,000 samples into RAM (Lightning Mode)...
2026-03-26 17:57:34,567 - INFO - ✅ RAM-Safe Streaming Dataset: 500,000 sequences indexed and PRE-LOADED.
2026-03-26 17:57:34,568 - INFO - ✅ RAM-Safe Streaming Dataset: 500,000 sequences indexed (Mode: Lightning).
2026-03-26 17:57:34,614 - INFO - 🔍 RAM-Safe Streaming Scan (Val): 274 arquivos...
2026-03-26 17:57:48,021 - INFO - ✂️ Double-Chunking (Val): Expondo fatias de 100,000 amostras aleatórias.
2026-03-26 17:57:48,021 - INFO - 🚀 Pre-loading 100,000 samples into RAM (Lightning Mode)...
2026-03-26 17:58:49,230 - INFO - ✅ RAM-Safe Streaming Dataset: 100,000 sequences indexed and PRE-LOADED.
2026-03-26 17:58:49,247 - INFO - ✅ RAM-Safe Streaming Dataset: 100,000 sequences indexed (Mode: Lightning).
2026-03-26 17:58:49,671 - INFO - Trial 363 START | tcn=512, lstm=256, layers=2, batch=1024, seq=256 | RFE=30 | loss=ASYM (g_s=1.04, g_n=0.12, g_b=1.40) | alpha=[0.99, 0.55, 1.33], smooth=0.23
2026-03-26 18:01:59,196 - INFO - T363 E1/10 | [WARN] ZERO_PENALTY | L: 0.58408973/0.57751740 | F1 M MIN: 0.00000000 D: 0.00000000 | [S/N/B]: [0.0000/0.7535/0.5412] | LR: 0.00061342
2026-03-26 18:05:09,739 - INFO - T363 E2/10 | [OK] | L: 0.55720910/0.56352271 | F1 M MIN: 0.00007297 D: 0.27936336 | [S/N/B]: [0.0001/0.7990/0.5587] | LR: 0.00056876
2026-03-26 18:08:21,327 - INFO - T363 E3/10 | [OK] | L: 0.54860594/0.55341451 | F1 M MIN: 0.26011340 D: 0.41399087 | [S/N/B]: [0.2601/0.8229/0.5679] | LR: 0.00049920
2026-03-26 18:11:32,571 - INFO - T363 E4/10 | [OK] | L: 0.54091659/0.55158676 | F1 M MIN: 0.34783651 D: 0.45252751 | [S/N/B]: [0.3478/0.8211/0.5572] | LR: 0.00041156
2026-03-26 18:14:44,453 - INFO - T363 E5/10 | [OK] | L: 0.53650533/0.55022980 | F1 M MIN: 0.30965011 D: 0.43745657 | [S/N/B]: [0.3097/0.8229/0.5653] | LR: 0.00031440
2026-03-26 18:17:56,363 - INFO - T363 E6/10 | [OK] | L: 0.53251586/0.54913639 | F1 M MIN: 0.28774413 D: 0.42995294 | [S/N/B]: [0.2877/0.8151/0.5722] | LR: 0.00021725
2026-03-26 18:17:56,473 - INFO - Trial 363 pruned by Optuna at epoch 6
