2026-03-23 04:53:19,451 - INFO - Trial 6 finished with value: 0.0 and parameters: {'tcn_channels': 256, 'lstm_hidden': 128, 'num_lstm_layers': 4, 'batch_size': 2048, 'dropout': 0.45460393732378646, 'seq_len': 144, 'lr': 0.0014400115630864812, 'weight_decay': 0.0023599586026727386, 'base_alpha_sell': 1.58459183305144, 'base_alpha_neutral': 0.8358802946888318, 'base_alpha_buy': 0.6840974289834941, 'base_loss_gamma': 2.4049640140713078, 'base_loss_smoothing': 0.16162013723243202, 'asym_gamma_sell': 0.5061475924416642, 'asym_gamma_neu': 0.6107685227668218, 'asym_gamma_buy': 1.079337736963776}. Best is trial 0 with value: 0.0.
2026-03-23 04:53:20,100 - INFO - 🔍 RAM-Safe Streaming Scan (Treino): 878 arquivos...
2026-03-23 04:54:08,720 - INFO - ✂️ Double-Chunking (Treino): Expondo fatias de 500,000 amostras aleatórias.
2026-03-23 04:54:08,721 - INFO - 🚀 Pre-loading 500,000 samples into RAM (Lightning Mode)...
2026-03-23 04:57:26,126 - INFO - ✅ RAM-Safe Streaming Dataset: 500,000 sequences indexed and PRE-LOADED.
2026-03-23 04:57:26,128 - INFO - ✅ RAM-Safe Streaming Dataset: 500,000 sequences indexed (Mode: Lightning).
2026-03-23 04:57:26,173 - INFO - 🔍 RAM-Safe Streaming Scan (Val): 274 arquivos...
2026-03-23 04:57:39,835 - INFO - ✂️ Double-Chunking (Val): Expondo fatias de 100,000 amostras aleatórias.
2026-03-23 04:57:39,835 - INFO - 🚀 Pre-loading 100,000 samples into RAM (Lightning Mode)...
2026-03-23 04:58:44,321 - INFO - ✅ RAM-Safe Streaming Dataset: 100,000 sequences indexed and PRE-LOADED.
2026-03-23 04:58:44,322 - INFO - ✅ RAM-Safe Streaming Dataset: 100,000 sequences indexed (Mode: Lightning).
2026-03-23 04:58:44,692 - INFO - Trial 7 START | tcn=64, lstm=128, layers=5, batch=2048, seq=144 | RFE=30 | loss=ASYM (g_s=1.78, g_n=1.42, g_b=1.15) | alpha=[1.45, 0.60, 1.16], smooth=0.07
2026-03-23 04:59:16,364 - INFO - T7 E1/10 | [WARN] ZERO_PENALTY | L: 0.60766931/0.55372149 | F1 M MIN: 0.00000000 D: 0.00000000 | [S/N/B]: [0.4631/0.3490/0.0000] | LR: 0.00013258
2026-03-23 04:59:48,243 - INFO - T7 E2/10 | [WARN] ZERO_PENALTY | L: 0.53244190/0.50191033 | F1 M MIN: 0.00000000 D: 0.00000000 | [S/N/B]: [0.4857/0.4995/0.0000] | LR: 0.00012293
2026-03-23 05:00:20,392 - INFO - T7 E3/10 | [WARN] ZERO_PENALTY | L: 0.50975734/0.47955856 | F1 M MIN: 0.00000000 D: 0.00000000 | [S/N/B]: [0.4983/0.5679/0.0000] | LR: 0.00010790
2026-03-23 05:00:52,560 - INFO - T7 E4/10 | [WARN] ZERO_PENALTY | L: 0.49890349/0.45858281 | F1 M MIN: 0.00000000 D: 0.00000000 | [S/N/B]: [0.5136/0.6386/0.0000] | LR: 0.00008895
2026-03-23 05:00:52,622 - INFO - Trial 7 stopped early due to patience limit (4 epochs without improvement)
2026-03-23 05:00:52,828 - INFO - Trial 7 finished with value: 0.0 and parameters: {'tcn_channels': 64, 'lstm_hidden': 128, 'num_lstm_layers': 5, 'batch_size': 2048, 'dropout': 0.5025868257076728, 'seq_len': 144, 'lr': 0.00013590881446370038, 'weight_decay': 0.0038858890250308737, 'base_alpha_sell': 1.4456815901807818, 'base_alpha_neutral': 0.5956871469732599, 'base_alpha_buy': 1.159243211682845, 'base_loss_gamma': 0.8803872094421868, 'base_loss_smoothing': 0.0709138515935917, 'asym_gamma_sell': 1.7758240040780253, 'asym_gamma_neu': 1.4165923851199438, 'asym_gamma_buy': 1.1546152229510276}. Best is trial 0 with value: 0.0.
2026-03-23 05:00:53,375 - INFO - 🔍 RAM-Safe Streaming Scan (Treino): 878 arquivos...
2026-03-23 05:01:44,641 - INFO - ✂️ Double-Chunking (Treino): Expondo fatias de 500,000 amostras aleatórias.
2026-03-23 05:01:44,643 - INFO - 🚀 Pre-loading 500,000 samples into RAM (Lightning Mode)...
2026-03-23 05:05:09,227 - INFO - ✅ RAM-Safe Streaming Dataset: 500,000 sequences indexed and PRE-LOADED.
2026-03-23 05:05:09,228 - INFO - ✅ RAM-Safe Streaming Dataset: 500,000 sequences indexed (Mode: Lightning).
2026-03-23 05:05:09,273 - INFO - 🔍 RAM-Safe Streaming Scan (Val): 274 arquivos...
2026-03-23 05:05:23,303 - INFO - ✂️ Double-Chunking (Val): Expondo fatias de 100,000 amostras aleatórias.
2026-03-23 05:05:23,303 - INFO - 🚀 Pre-loading 100,000 samples into RAM (Lightning Mode)...
2026-03-23 05:06:25,759 - INFO - ✅ RAM-Safe Streaming Dataset: 100,000 sequences indexed and PRE-LOADED.
2026-03-23 05:06:25,761 - INFO - ✅ RAM-Safe Streaming Dataset: 100,000 sequences indexed (Mode: Lightning).
2026-03-23 05:06:26,226 - INFO - Trial 8 START | tcn=64, lstm=128, layers=4, batch=512, seq=96 | RFE=30 | loss=ASYM (g_s=0.85, g_n=1.52, g_b=1.19) | alpha=[0.84, 0.87, 1.11], smooth=0.15
2026-03-23 05:07:03,093 - INFO - T8 E1/10 | [WARN] ZERO_PENALTY | L: 0.46985281/0.41117648 | F1 M MIN: 0.00000000 D: 0.00000000 | [S/N/B]: [0.0000/0.8412/0.5710] | LR: 0.00102681
2026-03-23 05:07:40,396 - INFO - T8 E2/10 | [WARN] ZERO_PENALTY | L: 0.43682934/0.39032416 | F1 M MIN: 0.00000000 D: 0.00000000 | [S/N/B]: [0.0000/0.8673/0.5863] | LR: 0.00095205
2026-03-23 05:08:17,306 - INFO - T8 E3/10 | [WARN] ZERO_PENALTY | L: 0.42862049/0.38009134 | F1 M MIN: 0.00000000 D: 0.00000000 | [S/N/B]: [0.0000/0.8772/0.5927] | LR: 0.00083562
2026-03-23 05:08:54,495 - INFO - T8 E4/10 | [WARN] ZERO_PENALTY | L: 0.42427146/0.38053797 | F1 M MIN: 0.00000000 D: 0.00000000 | [S/N/B]: [0.0000/0.8778/0.5929] | LR: 0.00068891
2026-03-23 05:08:54,570 - INFO - Trial 8 stopped early due to patience limit (4 epochs without improvement)
2026-03-23 05:08:54,764 - INFO - Trial 8 finished with value: 0.0 and parameters: {'tcn_channels': 64, 'lstm_hidden': 128, 'num_lstm_layers': 4, 'batch_size': 512, 'dropout': 0.34196096557555494, 'seq_len': 96, 'lr': 0.0010525644735131453, 'weight_decay': 0.004119661363467023, 'base_alpha_sell': 0.8375226469853424, 'base_alpha_neutral': 0.8680844413859137, 'base_alpha_buy': 1.1066471527928252, 'base_loss_gamma': 1.5027469977970151, 'base_loss_smoothing': 0.14545214366699238, 'asym_gamma_sell': 0.8498741165688407, 'asym_gamma_neu': 1.5209943676263942, 'asym_gamma_buy': 1.1918090041504499}. Best is trial 0 with value: 0.0.
2026-03-23 05:08:55,387 - INFO - 🔍 RAM-Safe Streaming Scan (Treino): 878 arquivos...
2026-03-23 05:09:48,775 - INFO - ✂️ Double-Chunking (Treino): Expondo fatias de 500,000 amostras aleatórias.
2026-03-23 05:09:48,776 - INFO - 🚀 Pre-loading 500,000 samples into RAM (Lightning Mode)...
2026-03-23 05:13:13,339 - INFO - ✅ RAM-Safe Streaming Dataset: 500,000 sequences indexed and PRE-LOADED.
2026-03-23 05:13:13,340 - INFO - ✅ RAM-Safe Streaming Dataset: 500,000 sequences indexed (Mode: Lightning).
2026-03-23 05:13:13,391 - INFO - 🔍 RAM-Safe Streaming Scan (Val): 274 arquivos...
2026-03-23 05:13:26,592 - INFO - ✂️ Double-Chunking (Val): Expondo fatias de 100,000 amostras aleatórias.
2026-03-23 05:13:26,593 - INFO - 🚀 Pre-loading 100,000 samples into RAM (Lightning Mode)...
2026-03-23 05:14:26,703 - INFO - ✅ RAM-Safe Streaming Dataset: 100,000 sequences indexed and PRE-LOADED.
2026-03-23 05:14:26,708 - INFO - ✅ RAM-Safe Streaming Dataset: 100,000 sequences indexed (Mode: Lightning).
2026-03-23 05:14:27,081 - INFO - Trial 9 START | tcn=64, lstm=128, layers=5, batch=2048, seq=144 | RFE=30 | loss=ASYM (g_s=3.47, g_n=0.24, g_b=1.91) | alpha=[1.04, 1.07, 0.98], smooth=0.01
2026-03-23 05:14:58,688 - INFO - T9 E1/10 | [WARN] ZERO_PENALTY | L: 0.39175015/0.36191843 | F1 M MIN: 0.00000000 D: 0.00000000 | [S/N/B]: [0.0000/0.8652/0.5876] | LR: 0.00159261
2026-03-23 05:15:30,575 - INFO - T9 E2/10 | [WARN] ZERO_PENALTY | L: 0.31127755/0.32069812 | F1 M MIN: 0.00000000 D: 0.00000000 | [S/N/B]: [0.0000/0.8819/0.5993] | LR: 0.00147667
2026-03-23 05:16:02,404 - INFO - T9 E3/10 | [WARN] ZERO_PENALTY | L: 0.29475389/0.31054540 | F1 M MIN: 0.00000000 D: 0.00000000 | [S/N/B]: [0.0000/0.8870/0.6020] | LR: 0.00129608
2026-03-23 05:16:34,461 - INFO - T9 E4/10 | [WARN] ZERO_PENALTY | L: 0.28532625/0.30913210 | F1 M MIN: 0.00000000 D: 0.00000000 | [S/N/B]: [0.0000/0.8904/0.6053] | LR: 0.00106853
2026-03-23 05:16:34,531 - INFO - Trial 9 stopped early due to patience limit (4 epochs without improvement)
2026-03-23 05:16:34,741 - INFO - Trial 9 finished with value: 0.0 and parameters: {'tcn_channels': 64, 'lstm_hidden': 128, 'num_lstm_layers': 5, 'batch_size': 2048, 'dropout': 0.29200821943859867, 'seq_len': 144, 'lr': 0.001632566567235091, 'weight_decay': 0.004611088141246915, 'base_alpha_sell': 1.040074229093645, 'base_alpha_neutral': 1.0742339543543984, 'base_alpha_buy': 0.9806005289874732, 'base_loss_gamma': 2.762914991773188, 'base_loss_smoothing': 0.010349959518346018, 'asym_gamma_sell': 3.4749218595680813, 'asym_gamma_neu': 0.23512874091006947, 'asym_gamma_buy': 1.913438236309267}. Best is trial 0 with value: 0.0.
2026-03-23 05:16:35,383 - INFO - 🔍 RAM-Safe Streaming Scan (Treino): 878 arquivos...
2026-03-23 05:17:27,569 - INFO - ✂️ Double-Chunking (Treino): Expondo fatias de 500,000 amostras aleatórias.
2026-03-23 05:17:27,570 - INFO - 🚀 Pre-loading 500,000 samples into RAM (Lightning Mode)...
2026-03-23 05:20:50,879 - INFO - ✅ RAM-Safe Streaming Dataset: 500,000 sequences indexed and PRE-LOADED.
2026-03-23 05:20:50,881 - INFO - ✅ RAM-Safe Streaming Dataset: 500,000 sequences indexed (Mode: Lightning).
2026-03-23 05:20:50,925 - INFO - 🔍 RAM-Safe Streaming Scan (Val): 274 arquivos...
2026-03-23 05:21:04,250 - INFO - ✂️ Double-Chunking (Val): Expondo fatias de 100,000 amostras aleatórias.
2026-03-23 05:21:04,251 - INFO - 🚀 Pre-loading 100,000 samples into RAM (Lightning Mode)...
2026-03-23 05:22:08,097 - INFO - ✅ RAM-Safe Streaming Dataset: 100,000 sequences indexed and PRE-LOADED.
2026-03-23 05:22:08,099 - INFO - ✅ RAM-Safe Streaming Dataset: 100,000 sequences indexed (Mode: Lightning).
2026-03-23 05:22:08,516 - INFO - Trial 10 START | tcn=64, lstm=32, layers=3, batch=2048, seq=192 | RFE=30 | loss=ASYM (g_s=2.92, g_n=0.67, g_b=1.25) | alpha=[1.58, 0.92, 0.97], smooth=0.12
2026-03-23 05:22:32,846 - INFO - T10 E1/10 | [WARN] ZERO_PENALTY | L: 0.57231010/0.51609385 | F1 M MIN: 0.00000000 D: 0.00000000 | [S/N/B]: [0.5769/0.8267/0.0000] | LR: 0.00179419
2026-03-23 05:22:57,264 - INFO - T10 E2/10 | [WARN] ZERO_PENALTY | L: 0.50554384/0.49257724 | F1 M MIN: 0.00000000 D: 0.00000000 | [S/N/B]: [0.5868/0.8463/0.0000] | LR: 0.00166357
2026-03-23 05:23:21,962 - INFO - T10 E3/10 | [WARN] ZERO_PENALTY | L: 0.49257628/0.49490594 | F1 M MIN: 0.00000000 D: 0.00000000 | [S/N/B]: [0.5798/0.8341/0.0000] | LR: 0.00146012
2026-03-23 05:23:46,516 - INFO - T10 E4/10 | [WARN] ZERO_PENALTY | L: 0.48429773/0.48661946 | F1 M MIN: 0.00000000 D: 0.00000000 | [S/N/B]: [0.5837/0.8425/0.0000] | LR: 0.00120377
2026-03-23 05:23:46,567 - INFO - Trial 10 stopped early due to patience limit (4 epochs without improvement)
2026-03-23 05:23:46,791 - INFO - Trial 10 finished with value: 0.0 and parameters: {'tcn_channels': 64, 'lstm_hidden': 32, 'num_lstm_layers': 3, 'batch_size': 2048, 'dropout': 0.2392593583269447, 'seq_len': 192, 'lr': 0.0018391948703032643, 'weight_decay': 0.000730169965755211, 'base_alpha_sell': 1.579866095425405, 'base_alpha_neutral': 0.917491726916264, 'base_alpha_buy': 0.9687837505627286, 'base_loss_gamma': 2.684036056219657, 'base_loss_smoothing': 0.11914936700725579, 'asym_gamma_sell': 2.9227965566100886, 'asym_gamma_neu': 0.6654737895337945, 'asym_gamma_buy': 1.2512221064375186}. Best is trial 0 with value: 0.0.
2026-03-23 05:23:47,342 - INFO - 🔍 RAM-Safe Streaming Scan (Treino): 878 arquivos...
2026-03-23 05:24:39,927 - INFO - ✂️ Double-Chunking (Treino): Expondo fatias de 500,000 amostras aleatórias.
2026-03-23 05:24:39,928 - INFO - 🚀 Pre-loading 500,000 samples into RAM (Lightning Mode)...
2026-03-23 05:28:03,010 - INFO - ✅ RAM-Safe Streaming Dataset: 500,000 sequences indexed and PRE-LOADED.
2026-03-23 05:28:03,011 - INFO - ✅ RAM-Safe Streaming Dataset: 500,000 sequences indexed (Mode: Lightning).
2026-03-23 05:28:03,056 - INFO - 🔍 RAM-Safe Streaming Scan (Val): 274 arquivos...
2026-03-23 05:28:16,724 - INFO - ✂️ Double-Chunking (Val): Expondo fatias de 100,000 amostras aleatórias.
2026-03-23 05:28:16,725 - INFO - 🚀 Pre-loading 100,000 samples into RAM (Lightning Mode)...
2026-03-23 05:29:17,678 - INFO - ✅ RAM-Safe Streaming Dataset: 100,000 sequences indexed and PRE-LOADED.
2026-03-23 05:29:17,679 - INFO - ✅ RAM-Safe Streaming Dataset: 100,000 sequences indexed (Mode: Lightning).
2026-03-23 05:29:18,089 - INFO - Trial 11 START | tcn=128, lstm=64, layers=5, batch=2048, seq=192 | RFE=30 | loss=ASYM (g_s=1.02, g_n=0.84, g_b=1.07) | alpha=[1.32, 0.68, 1.61], smooth=0.14
2026-03-23 05:30:01,259 - INFO - T11 E1/10 | [WARN] ZERO_PENALTY | L: 0.80710360/0.69091550 | F1 M MIN: 0.00000000 D: 0.00000000 | [S/N/B]: [0.0000/0.7162/0.5257] | LR: 0.00071157
2026-03-23 05:30:44,501 - INFO - T11 E2/10 | [WARN] ZERO_PENALTY | L: 0.73195773/0.65815172 | F1 M MIN: 0.00000000 D: 0.00000000 | [S/N/B]: [0.0000/0.7892/0.5508] | LR: 0.00065977
2026-03-23 05:31:28,182 - INFO - T11 E3/10 | [WARN] ZERO_PENALTY | L: 0.71771473/0.65247992 | F1 M MIN: 0.00000000 D: 0.00000000 | [S/N/B]: [0.0000/0.7965/0.5541] | LR: 0.00057908
2026-03-23 05:32:11,961 - INFO - T11 E4/10 | [WARN] ZERO_PENALTY | L: 0.70937644/0.65012664 | F1 M MIN: 0.00000000 D: 0.00000000 | [S/N/B]: [0.0000/0.7860/0.5503] | LR: 0.00047741
2026-03-23 05:32:12,036 - INFO - Trial 11 stopped early due to patience limit (4 epochs without improvement)
2026-03-23 05:32:12,294 - INFO - Trial 11 finished with value: 0.0 and parameters: {'tcn_channels': 128, 'lstm_hidden': 64, 'num_lstm_layers': 5, 'batch_size': 2048, 'dropout': 0.5004564659837425, 'seq_len': 192, 'lr': 0.0007294236097620014, 'weight_decay': 0.004459781162801033, 'base_alpha_sell': 1.3229740340063483, 'base_alpha_neutral': 0.6774326517667202, 'base_alpha_buy': 1.6067864612103153, 'base_loss_gamma': 2.8180104718798713, 'base_loss_smoothing': 0.13502512323714377, 'asym_gamma_sell': 1.018702696177308, 'asym_gamma_neu': 0.8385023142208918, 'asym_gamma_buy': 1.0682274510040004}. Best is trial 0 with value: 0.0.
2026-03-23 05:32:12,969 - INFO - 🔍 RAM-Safe Streaming Scan (Treino): 878 arquivos...
2026-03-23 05:33:04,954 - INFO - ✂️ Double-Chunking (Treino): Expondo fatias de 500,000 amostras aleatórias.
2026-03-23 05:33:04,955 - INFO - 🚀 Pre-loading 500,000 samples into RAM (Lightning Mode)...
2026-03-23 05:36:27,942 - INFO - ✅ RAM-Safe Streaming Dataset: 500,000 sequences indexed and PRE-LOADED.
2026-03-23 05:36:27,944 - INFO - ✅ RAM-Safe Streaming Dataset: 500,000 sequences indexed (Mode: Lightning).
2026-03-23 05:36:27,989 - INFO - 🔍 RAM-Safe Streaming Scan (Val): 274 arquivos...
2026-03-23 05:36:41,795 - INFO - ✂️ Double-Chunking (Val): Expondo fatias de 100,000 amostras aleatórias.
2026-03-23 05:36:41,795 - INFO - 🚀 Pre-loading 100,000 samples into RAM (Lightning Mode)...
2026-03-23 05:37:46,682 - INFO - ✅ RAM-Safe Streaming Dataset: 100,000 sequences indexed and PRE-LOADED.
2026-03-23 05:37:46,683 - INFO - ✅ RAM-Safe Streaming Dataset: 100,000 sequences indexed (Mode: Lightning).
2026-03-23 05:37:47,074 - INFO - Trial 12 START | tcn=128, lstm=64, layers=4, batch=2048, seq=192 | RFE=30 | loss=ASYM (g_s=0.66, g_n=1.16, g_b=3.97) | alpha=[1.59, 1.01, 1.29], smooth=0.10
2026-03-23 05:38:28,828 - INFO - T12 E1/10 | [WARN] ZERO_PENALTY | L: 0.67216100/0.57877528 | F1 M MIN: 0.00000000 D: 0.00000000 | [S/N/B]: [0.5701/0.8233/0.0000] | LR: 0.00163451
2026-03-23 05:39:10,912 - INFO - T12 E2/10 | [WARN] ZERO_PENALTY | L: 0.59507152/0.55551344 | F1 M MIN: 0.00000000 D: 0.00000000 | [S/N/B]: [0.5836/0.8468/0.0000] | LR: 0.00151552
2026-03-23 05:39:53,193 - INFO - T12 E3/10 | [WARN] ZERO_PENALTY | L: 0.57883965/0.53591142 | F1 M MIN: 0.00000000 D: 0.00000000 | [S/N/B]: [0.5935/0.8654/0.0000] | LR: 0.00133018
2026-03-23 05:40:35,363 - INFO - T12 E4/10 | [WARN] ZERO_PENALTY | L: 0.57055891/0.51872552 | F1 M MIN: 0.00000000 D: 0.00000000 | [S/N/B]: [0.6030/0.8792/0.0000] | LR: 0.00109664
2026-03-23 05:40:35,434 - INFO - Trial 12 stopped early due to patience limit (4 epochs without improvement)
2026-03-23 05:40:35,662 - INFO - Trial 12 finished with value: 0.0 and parameters: {'tcn_channels': 128, 'lstm_hidden': 64, 'num_lstm_layers': 4, 'batch_size': 2048, 'dropout': 0.4844136730646181, 'seq_len': 192, 'lr': 0.0016755165918288693, 'weight_decay': 0.005684842783135128, 'base_alpha_sell': 1.5934598668368942, 'base_alpha_neutral': 1.014946729570121, 'base_alpha_buy': 1.2861310887840822, 'base_loss_gamma': 2.367891816959347, 'base_loss_smoothing': 0.09516525476876735, 'asym_gamma_sell': 0.6592673597499237, 'asym_gamma_neu': 1.1591406439559138, 'asym_gamma_buy': 3.9723698640257616}. Best is trial 0 with value: 0.0.
2026-03-23 05:40:36,222 - INFO - 🔍 RAM-Safe Streaming Scan (Treino): 878 arquivos...
2026-03-23 05:41:28,689 - INFO - ✂️ Double-Chunking (Treino): Expondo fatias de 500,000 amostras aleatórias.
2026-03-23 05:41:28,690 - INFO - 🚀 Pre-loading 500,000 samples into RAM (Lightning Mode)...
2026-03-23 05:45:05,381 - INFO - ✅ RAM-Safe Streaming Dataset: 500,000 sequences indexed and PRE-LOADED.
2026-03-23 05:45:05,382 - INFO - ✅ RAM-Safe Streaming Dataset: 500,000 sequences indexed (Mode: Lightning).
2026-03-23 05:45:05,428 - INFO - 🔍 RAM-Safe Streaming Scan (Val): 274 arquivos...
2026-03-23 05:45:18,654 - INFO - ✂️ Double-Chunking (Val): Expondo fatias de 100,000 amostras aleatórias.
2026-03-23 05:45:18,655 - INFO - 🚀 Pre-loading 100,000 samples into RAM (Lightning Mode)...
2026-03-23 05:46:31,703 - INFO - ✅ RAM-Safe Streaming Dataset: 100,000 sequences indexed and PRE-LOADED.
2026-03-23 05:46:31,707 - INFO - ✅ RAM-Safe Streaming Dataset: 100,000 sequences indexed (Mode: Lightning).
2026-03-23 05:46:32,094 - INFO - Trial 13 START | tcn=64, lstm=64, layers=5, batch=512, seq=256 | RFE=30 | loss=ASYM (g_s=1.44, g_n=0.42, g_b=2.70) | alpha=[1.63, 0.82, 1.34], smooth=0.04
2026-03-23 05:47:12,314 - INFO - T13 E1/10 | [WARN] ZERO_PENALTY | L: 0.64192701/0.58103996 | F1 M MIN: 0.00000000 D: 0.00000000 | [S/N/B]: [0.5642/0.7918/0.0000] | LR: 0.00103659
2026-03-23 05:47:53,218 - INFO - T13 E2/10 | [WARN] ZERO_PENALTY | L: 0.57311923/0.54878197 | F1 M MIN: 0.00000000 D: 0.00000000 | [S/N/B]: [0.5789/0.8263/0.0000] | LR: 0.00096113
2026-03-23 05:48:33,822 - INFO - T13 E3/10 | [WARN] ZERO_PENALTY | L: 0.55562707/0.52811061 | F1 M MIN: 0.00000000 D: 0.00000000 | [S/N/B]: [0.5931/0.8530/0.0000] | LR: 0.00084359
2026-03-23 05:49:14,718 - INFO - T13 E4/10 | [WARN] ZERO_PENALTY | L: 0.54707188/0.52925431 | F1 M MIN: 0.00000000 D: 0.00000000 | [S/N/B]: [0.5936/0.8544/0.0000] | LR: 0.00069548
2026-03-23 05:49:14,773 - INFO - Trial 13 stopped early due to patience limit (4 epochs without improvement)
2026-03-23 05:49:15,317 - INFO - Trial 13 finished with value: 0.0 and parameters: {'tcn_channels': 64, 'lstm_hidden': 64, 'num_lstm_layers': 5, 'batch_size': 512, 'dropout': 0.3751287497602743, 'seq_len': 256, 'lr': 0.0010625936804532425, 'weight_decay': 0.0026921311509376035, 'base_alpha_sell': 1.6287446217309614, 'base_alpha_neutral': 0.8204538915080442, 'base_alpha_buy': 1.3413808998810377, 'base_loss_gamma': 2.221037912715151, 'base_loss_smoothing': 0.039574998157505356, 'asym_gamma_sell': 1.43823289372017, 'asym_gamma_neu': 0.4214603715309898, 'asym_gamma_buy': 2.7023617490067244}. Best is trial 0 with value: 0.0.
2026-03-23 05:49:15,891 - INFO - 🔍 RAM-Safe Streaming Scan (Treino): 878 arquivos...
2026-03-23 05:50:07,157 - INFO - ✂️ Double-Chunking (Treino): Expondo fatias de 500,000 amostras aleatórias.
2026-03-23 05:50:07,158 - INFO - 🚀 Pre-loading 500,000 samples into RAM (Lightning Mode)...
2026-03-23 05:53:26,149 - INFO - ✅ RAM-Safe Streaming Dataset: 500,000 sequences indexed and PRE-LOADED.
2026-03-23 05:53:26,151 - INFO - ✅ RAM-Safe Streaming Dataset: 500,000 sequences indexed (Mode: Lightning).
2026-03-23 05:53:26,197 - INFO - 🔍 RAM-Safe Streaming Scan (Val): 274 arquivos...
2026-03-23 05:53:38,937 - INFO - ✂️ Double-Chunking (Val): Expondo fatias de 100,000 amostras aleatórias.
2026-03-23 05:53:38,937 - INFO - 🚀 Pre-loading 100,000 samples into RAM (Lightning Mode)...
2026-03-23 05:54:37,469 - INFO - ✅ RAM-Safe Streaming Dataset: 100,000 sequences indexed and PRE-LOADED.
2026-03-23 05:54:37,470 - INFO - ✅ RAM-Safe Streaming Dataset: 100,000 sequences indexed (Mode: Lightning).
2026-03-23 05:54:37,918 - INFO - Trial 14 START | tcn=512, lstm=64, layers=4, batch=2048, seq=192 | RFE=30 | loss=ASYM (g_s=0.51, g_n=0.24, g_b=0.70) | alpha=[1.40, 0.73, 0.81], smooth=0.00
2026-03-23 05:56:51,936 - INFO - T14 E1/10 | [WARN] ZERO_PENALTY | L: 0.72296604/0.59375701 | F1 M MIN: 0.00000000 D: 0.00000000 | [S/N/B]: [0.5578/0.7918/0.0000] | LR: 0.00032012
2026-03-23 05:59:07,324 - INFO - T14 E2/10 | [WARN] ZERO_PENALTY | L: 0.59773733/0.53326038 | F1 M MIN: 0.00000000 D: 0.00000000 | [S/N/B]: [0.5816/0.8380/0.0000] | LR: 0.00029682
2026-03-23 06:01:22,907 - INFO - T14 E3/10 | [WARN] ZERO_PENALTY | L: 0.56719481/0.52224163 | F1 M MIN: 0.00000000 D: 0.00000000 | [S/N/B]: [0.5779/0.8317/0.0000] | LR: 0.00026052
2026-03-23 06:03:38,129 - INFO - T14 E4/10 | [WARN] ZERO_PENALTY | L: 0.55282582/0.52247762 | F1 M MIN: 0.00000000 D: 0.00000000 | [S/N/B]: [0.5760/0.8284/0.0000] | LR: 0.00021478
2026-03-23 06:03:38,188 - INFO - Trial 14 stopped early due to patience limit (4 epochs without improvement)
