2026-03-10 20:14:12,064 - INFO - Trial 77 finished with value: 0.4420158348423315 and parameters: {'tcn_channels': 128, 'lstm_hidden': 128, 'num_lstm_layers': 4, 'batch_size': 128, 'dropout': 0.5749320279690529, 'seq_len': 96, 'lr': 7.987322147308832e-05, 'weight_decay': 0.0006127586804506713, 'base_alpha_side': 1.932987587588224, 'base_alpha_neutral': 0.6069651998690875, 'base_loss_gamma': 1.313252269306145, 'base_loss_smoothing': 0.045884463205911406}. Best is trial 62 with value: 0.45076414754288724.
2026-03-10 20:14:14,310 - INFO - SequenceDataset: 152966/228206 valid sequences (Lookback protection active).
2026-03-10 20:14:14,311 - INFO - SequenceDataset: 65585/97790 valid sequences (Lookback protection active).
2026-03-10 20:14:15,058 - INFO - Trial 78 START | tcn=128, lstm=128, layers=3, batch=512, seq=96, drop=0.5430, lr=0.000082, wd=0.0004 | alpha=[1.62, 0.68, 1.62], gamma=1.06, smooth=0.04
2026-03-10 20:14:23,649 - INFO - T78 E1/50 | L: 0.46185174/0.36915739 | F1 M: 0.39392373 D: 0.12873075 | [S/N/B]: [0.2575/0.9243/0.0000] | LR: 0.00008175
2026-03-10 20:14:33,521 - INFO - T78 E2/50 | L: 0.43460558/0.36885745 | F1 M: 0.40150471 D: 0.14186842 | [S/N/B]: [0.0296/0.9208/0.2542] | LR: 0.00008151
2026-03-10 20:14:43,058 - INFO - T78 E3/50 | L: 0.43248704/0.36656001 | F1 M: 0.41014028 D: 0.15415826 | [S/N/B]: [0.0581/0.9221/0.2502] | LR: 0.00008111
2026-03-10 20:14:43,672 - INFO - Trial 78 pruned by Optuna at epoch 3
2026-03-10 20:14:44,095 - INFO - Trial 78 pruned. 
2026-03-10 20:14:46,485 - INFO - SequenceDataset: 210062/228278 valid sequences (Lookback protection active).
2026-03-10 20:14:46,486 - INFO - SequenceDataset: 90065/97862 valid sequences (Lookback protection active).
2026-03-10 20:14:46,976 - INFO - Trial 79 START | tcn=128, lstm=128, layers=3, batch=512, seq=24, drop=0.5631, lr=0.000096, wd=0.0042 | alpha=[1.83, 0.71, 1.83], gamma=1.18, smooth=0.02
2026-03-10 20:14:57,165 - INFO - T79 E1/50 | L: 0.43421717/0.35260037 | F1 M: 0.42955384 D: 0.17847485 | [S/N/B]: [0.1450/0.9317/0.2119] | LR: 0.00009573
2026-03-10 20:15:07,977 - INFO - T79 E2/50 | L: 0.41473297/0.34927220 | F1 M: 0.39465579 D: 0.12459702 | [S/N/B]: [0.0019/0.9348/0.2473] | LR: 0.00009545
2026-03-10 20:15:19,290 - INFO - T79 E3/50 | L: 0.41224642/0.34915561 | F1 M: 0.39802142 D: 0.13106128 | [S/N/B]: [0.0038/0.9319/0.2583] | LR: 0.00009498
2026-03-10 20:15:29,677 - INFO - T79 E4/50 | L: 0.41046610/0.34930401 | F1 M: 0.40153834 D: 0.13522307 | [S/N/B]: [0.0229/0.9342/0.2475] | LR: 0.00009432
2026-03-10 20:15:39,920 - INFO - T79 E5/50 | L: 0.40917548/0.34857942 | F1 M: 0.41294453 D: 0.15372894 | [S/N/B]: [0.0493/0.9314/0.2581] | LR: 0.00009348
2026-03-10 20:15:40,206 - INFO - Trial 79 pruned by Optuna at epoch 5
2026-03-10 20:15:40,467 - INFO - Trial 79 pruned. 
2026-03-10 20:15:42,683 - INFO - SequenceDataset: 152966/228206 valid sequences (Lookback protection active).
2026-03-10 20:15:42,684 - INFO - SequenceDataset: 65585/97790 valid sequences (Lookback protection active).
2026-03-10 20:15:43,836 - INFO - Trial 80 START | tcn=128, lstm=128, layers=3, batch=512, seq=96, drop=0.5879, lr=0.000066, wd=0.0054 | alpha=[2.04, 0.57, 2.04], gamma=2.48, smooth=0.03
2026-03-10 20:15:52,573 - INFO - T80 E1/50 | L: 0.33756349/0.27395210 | F1 M: 0.36010748 D: 0.12198382 | [S/N/B]: [0.0041/0.8364/0.2399] | LR: 0.00006617
2026-03-10 20:16:01,871 - INFO - T80 E2/50 | L: 0.32613389/0.27270703 | F1 M: 0.37240731 D: 0.14124943 | [S/N/B]: [0.0440/0.8347/0.2385] | LR: 0.00006598
2026-03-10 20:16:11,312 - INFO - T80 E3/50 | L: 0.32497327/0.27235342 | F1 M: 0.40485770 D: 0.19040735 | [S/N/B]: [0.1529/0.8338/0.2279] | LR: 0.00006565
2026-03-10 20:16:11,663 - INFO - Trial 80 pruned by Optuna at epoch 3
2026-03-10 20:16:11,901 - INFO - Trial 80 pruned. 
2026-03-10 20:16:14,357 - INFO - SequenceDataset: 152966/228206 valid sequences (Lookback protection active).
2026-03-10 20:16:14,357 - INFO - SequenceDataset: 65585/97790 valid sequences (Lookback protection active).
2026-03-10 20:16:15,364 - INFO - Trial 81 START | tcn=128, lstm=128, layers=3, batch=512, seq=96, drop=0.5781, lr=0.000073, wd=0.0009 | alpha=[2.27, 0.58, 2.27], gamma=1.26, smooth=0.04
2026-03-10 20:16:23,448 - INFO - T81 E1/50 | L: 0.54085241/0.44231007 | F1 M: 0.43679073 D: 0.21075984 | [S/N/B]: [0.1913/0.8889/0.2302] | LR: 0.00007282
2026-03-10 20:16:32,290 - INFO - T81 E2/50 | L: 0.52176412/0.44114683 | F1 M: 0.38541728 D: 0.13504914 | [S/N/B]: [0.0000/0.8862/0.2701] | LR: 0.00007260
2026-03-10 20:16:40,792 - INFO - T81 E3/50 | L: 0.51916981/0.44047957 | F1 M: 0.39054365 D: 0.14142679 | [S/N/B]: [0.0132/0.8888/0.2697] | LR: 0.00007224
2026-03-10 20:16:49,782 - INFO - T81 E4/50 | L: 0.51798349/0.43815004 | F1 M: 0.39240431 D: 0.14107995 | [S/N/B]: [0.0068/0.8951/0.2753] | LR: 0.00007174
2026-03-10 20:16:59,253 - INFO - T81 E5/50 | L: 0.51641797/0.43773531 | F1 M: 0.42223693 D: 0.18495782 | [S/N/B]: [0.1012/0.8968/0.2687] | LR: 0.00007111
2026-03-10 20:17:08,167 - INFO - T81 E6/50 | L: 0.51551607/0.43836243 | F1 M: 0.41105108 D: 0.16794411 | [S/N/B]: [0.0615/0.8973/0.2744] | LR: 0.00007033
2026-03-10 20:17:17,390 - INFO - T81 E7/50 | L: 0.51422746/0.43812415 | F1 M: 0.43191048 D: 0.20293373 | [S/N/B]: [0.1366/0.8899/0.2693] | LR: 0.00006942
2026-03-10 20:17:26,694 - INFO - T81 E8/50 | L: 0.51344908/0.43858719 | F1 M: 0.43886322 D: 0.21508979 | [S/N/B]: [0.1682/0.8864/0.2619] | LR: 0.00006838
2026-03-10 20:17:26,931 - INFO - Trial 81 stopped early due to patience (3 epochs without improvement)
2026-03-10 20:17:27,236 - INFO - Trial 81 finished with value: 0.43886322159526775 and parameters: {'tcn_channels': 128, 'lstm_hidden': 128, 'num_lstm_layers': 3, 'batch_size': 512, 'dropout': 0.5781436486669996, 'seq_len': 96, 'lr': 7.288931339244639e-05, 'weight_decay': 0.0009103020208687633, 'base_alpha_side': 2.2709537834422204, 'base_alpha_neutral': 0.5805530687366557, 'base_loss_gamma': 1.2616023315775575, 'base_loss_smoothing': 0.03658116987020257}. Best is trial 62 with value: 0.45076414754288724.
2026-03-10 20:17:29,636 - INFO - SequenceDataset: 152966/228206 valid sequences (Lookback protection active).
2026-03-10 20:17:29,639 - INFO - SequenceDataset: 65585/97790 valid sequences (Lookback protection active).
2026-03-10 20:17:30,336 - INFO - Trial 82 START | tcn=128, lstm=128, layers=3, batch=512, seq=96, drop=0.5919, lr=0.000078, wd=0.0007 | alpha=[2.34, 0.59, 2.34], gamma=1.34, smooth=0.05
2026-03-10 20:17:38,779 - INFO - T82 E1/50 | L: 0.56710725/0.46624962 | F1 M: 0.37900569 D: 0.13093730 | [S/N/B]: [0.0000/0.8751/0.2619] | LR: 0.00007827
2026-03-10 20:17:48,035 - INFO - T82 E2/50 | L: 0.54490102/0.46249514 | F1 M: 0.39112731 D: 0.14258492 | [S/N/B]: [0.0134/0.8882/0.2718] | LR: 0.00007804
2026-03-10 20:17:56,570 - INFO - T82 E3/50 | L: 0.54162457/0.46101229 | F1 M: 0.44307081 D: 0.21742665 | [S/N/B]: [0.1941/0.8944/0.2408] | LR: 0.00007765
2026-03-10 20:18:05,554 - INFO - T82 E4/50 | L: 0.54058143/0.45966737 | F1 M: 0.44270974 D: 0.21808491 | [S/N/B]: [0.1768/0.8920/0.2593] | LR: 0.00007712
2026-03-10 20:18:14,829 - INFO - T82 E5/50 | L: 0.53894435/0.45981988 | F1 M: 0.44339641 D: 0.22063292 | [S/N/B]: [0.2078/0.8889/0.2335] | LR: 0.00007643
2026-03-10 20:18:24,069 - INFO - T82 E6/50 | L: 0.53751456/0.45987050 | F1 M: 0.44092732 D: 0.21451994 | [S/N/B]: [0.1630/0.8937/0.2661] | LR: 0.00007560
2026-03-10 20:18:33,793 - INFO - T82 E7/50 | L: 0.53646227/0.46030594 | F1 M: 0.42942890 D: 0.20198361 | [S/N/B]: [0.2440/0.8843/0.1600] | LR: 0.00007462
2026-03-10 20:18:33,935 - INFO - Trial 82 stopped early due to patience (3 epochs without improvement)
2026-03-10 20:18:34,228 - INFO - Trial 82 finished with value: 0.44339640616974024 and parameters: {'tcn_channels': 128, 'lstm_hidden': 128, 'num_lstm_layers': 3, 'batch_size': 512, 'dropout': 0.5919140400756053, 'seq_len': 96, 'lr': 7.834804635597875e-05, 'weight_decay': 0.0006742979955517348, 'base_alpha_side': 2.3373422729748965, 'base_alpha_neutral': 0.5942818393952833, 'base_loss_gamma': 1.3408360811907358, 'base_loss_smoothing': 0.05382805688197646}. Best is trial 62 with value: 0.45076414754288724.
2026-03-10 20:18:36,599 - INFO - SequenceDataset: 152966/228206 valid sequences (Lookback protection active).
2026-03-10 20:18:36,603 - INFO - SequenceDataset: 65585/97790 valid sequences (Lookback protection active).
2026-03-10 20:18:37,055 - INFO - Trial 83 START | tcn=128, lstm=128, layers=3, batch=512, seq=96, drop=0.5907, lr=0.000086, wd=0.0005 | alpha=[2.59, 0.65, 2.59], gamma=1.45, smooth=0.02
2026-03-10 20:18:45,959 - INFO - T83 E1/50 | L: 0.61066885/0.49329989 | F1 M: 0.40019565 D: 0.15110947 | [S/N/B]: [0.0344/0.8984/0.2678] | LR: 0.00008592
2026-03-10 20:18:54,762 - INFO - T83 E2/50 | L: 0.58793628/0.49225793 | F1 M: 0.42707298 D: 0.19579153 | [S/N/B]: [0.1253/0.8896/0.2663] | LR: 0.00008567
2026-03-10 20:19:03,275 - INFO - T83 E3/50 | L: 0.58468900/0.49143042 | F1 M: 0.43225569 D: 0.20002898 | [S/N/B]: [0.1277/0.8967/0.2723] | LR: 0.00008524
2026-03-10 20:19:12,207 - INFO - T83 E4/50 | L: 0.58302883/0.49085440 | F1 M: 0.43603987 D: 0.20798663 | [S/N/B]: [0.1509/0.8921/0.2650] | LR: 0.00008465
2026-03-10 20:19:21,680 - INFO - T83 E5/50 | L: 0.58140961/0.48901747 | F1 M: 0.44231832 D: 0.21743666 | [S/N/B]: [0.1998/0.8921/0.2351] | LR: 0.00008390
2026-03-10 20:19:30,021 - INFO - T83 E6/50 | L: 0.57990537/0.48888130 | F1 M: 0.44470904 D: 0.21836087 | [S/N/B]: [0.1920/0.8974/0.2447] | LR: 0.00008298
2026-03-10 20:19:38,910 - INFO - T83 E7/50 | L: 0.57831199/0.48980194 | F1 M: 0.44565114 D: 0.22119004 | [S/N/B]: [0.2016/0.8946/0.2408] | LR: 0.00008191
2026-03-10 20:19:47,819 - INFO - T83 E8/50 | L: 0.57698881/0.49101655 | F1 M: 0.43821840 D: 0.21507447 | [S/N/B]: [0.2059/0.8845/0.2243] | LR: 0.00008069
2026-03-10 20:19:56,730 - INFO - T83 E9/50 | L: 0.57630349/0.49008124 | F1 M: 0.44188696 D: 0.21646539 | [S/N/B]: [0.2149/0.8927/0.2180] | LR: 0.00007931
2026-03-10 20:19:56,849 - INFO - Trial 83 stopped early due to patience (3 epochs without improvement)
2026-03-10 20:19:57,143 - INFO - Trial 83 finished with value: 0.44565113603574424 and parameters: {'tcn_channels': 128, 'lstm_hidden': 128, 'num_lstm_layers': 3, 'batch_size': 512, 'dropout': 0.5906691134774169, 'seq_len': 96, 'lr': 8.600435272498405e-05, 'weight_decay': 0.0005190877079187991, 'base_alpha_side': 2.5933277075566914, 'base_alpha_neutral': 0.6522038764256005, 'base_loss_gamma': 1.4522068920766271, 'base_loss_smoothing': 0.02495940472003172}. Best is trial 62 with value: 0.45076414754288724.
2026-03-10 20:19:59,377 - INFO - SequenceDataset: 152966/228206 valid sequences (Lookback protection active).
2026-03-10 20:19:59,378 - INFO - SequenceDataset: 65585/97790 valid sequences (Lookback protection active).
2026-03-10 20:19:59,802 - INFO - Trial 84 START | tcn=128, lstm=128, layers=3, batch=512, seq=96, drop=0.5793, lr=0.000091, wd=0.0003 | alpha=[2.65, 0.65, 2.65], gamma=1.46, smooth=0.03
2026-03-10 20:20:09,122 - INFO - T84 E1/50 | L: 0.61941130/0.50346579 | F1 M: 0.43375643 D: 0.20537136 | [S/N/B]: [0.1595/0.8905/0.2512] | LR: 0.00009110
2026-03-10 20:20:18,168 - INFO - T84 E2/50 | L: 0.59763341/0.50090194 | F1 M: 0.43646017 D: 0.21073780 | [S/N/B]: [0.1536/0.8879/0.2679] | LR: 0.00009083
2026-03-10 20:20:26,839 - INFO - T84 E3/50 | L: 0.59523990/0.49965018 | F1 M: 0.44124960 D: 0.21315034 | [S/N/B]: [0.1651/0.8974/0.2612] | LR: 0.00009038
2026-03-10 20:20:36,252 - INFO - T84 E4/50 | L: 0.59313763/0.50061549 | F1 M: 0.43982139 D: 0.21736561 | [S/N/B]: [0.1822/0.8847/0.2525] | LR: 0.00008976
2026-03-10 20:20:45,020 - INFO - T84 E5/50 | L: 0.59127979/0.50102196 | F1 M: 0.44367181 D: 0.21634702 | [S/N/B]: [0.1881/0.8983/0.2446] | LR: 0.00008896
2026-03-10 20:20:53,478 - INFO - T84 E6/50 | L: 0.58959785/0.50015587 | F1 M: 0.44017744 D: 0.22012645 | [S/N/B]: [0.2147/0.8803/0.2255] | LR: 0.00008799
2026-03-10 20:20:53,702 - INFO - Trial 84 stopped early due to patience (3 epochs without improvement)
2026-03-10 20:20:53,918 - INFO - Trial 84 finished with value: 0.44367181387094523 and parameters: {'tcn_channels': 128, 'lstm_hidden': 128, 'num_lstm_layers': 3, 'batch_size': 512, 'dropout': 0.5792942288361664, 'seq_len': 96, 'lr': 9.118926935890378e-05, 'weight_decay': 0.00032566919370940946, 'base_alpha_side': 2.645512301662765, 'base_alpha_neutral': 0.6508666283981921, 'base_loss_gamma': 1.45839341268632, 'base_loss_smoothing': 0.025395708408265383}. Best is trial 62 with value: 0.45076414754288724.
2026-03-10 20:20:55,614 - INFO - SequenceDataset: 152966/228206 valid sequences (Lookback protection active).
2026-03-10 20:20:55,615 - INFO - SequenceDataset: 65585/97790 valid sequences (Lookback protection active).
2026-03-10 20:20:56,193 - INFO - Trial 85 START | tcn=256, lstm=128, layers=7, batch=512, seq=96, drop=0.5997, lr=0.000085, wd=0.0005 | alpha=[2.97, 0.64, 2.97], gamma=1.64, smooth=0.02
2026-03-10 20:21:10,123 - INFO - T85 E1/50 | L: 0.67184968/0.54395302 | F1 M: 0.40780452 D: 0.16681250 | [S/N/B]: [0.0901/0.8898/0.2435] | LR: 0.00008528
2026-03-10 20:21:24,764 - INFO - T85 E2/50 | L: 0.64521699/0.54447587 | F1 M: 0.42183495 D: 0.21204242 | [S/N/B]: [0.2246/0.8414/0.1995] | LR: 0.00008503
2026-03-10 20:21:39,179 - INFO - T85 E3/50 | L: 0.64024060/0.53795632 | F1 M: 0.37646605 D: 0.12915962 | [S/N/B]: [0.0000/0.8711/0.2583] | LR: 0.00008461
2026-03-10 20:21:39,367 - INFO - Trial 85 pruned by Optuna at epoch 3
2026-03-10 20:21:39,538 - INFO - Trial 85 pruned. 
2026-03-10 20:21:41,353 - INFO - SequenceDataset: 152966/228206 valid sequences (Lookback protection active).
2026-03-10 20:21:41,354 - INFO - SequenceDataset: 65585/97790 valid sequences (Lookback protection active).
2026-03-10 20:21:41,696 - INFO - Trial 86 START | tcn=128, lstm=128, layers=3, batch=512, seq=96, drop=0.4436, lr=0.000084, wd=0.0004 | alpha=[2.50, 0.66, 2.50], gamma=1.16, smooth=0.02
2026-03-10 20:21:50,117 - INFO - T86 E1/50 | L: 0.62787185/0.50924999 | F1 M: 0.40366919 D: 0.15252505 | [S/N/B]: [0.0328/0.9060/0.2723] | LR: 0.00008418
2026-03-10 20:21:58,078 - INFO - T86 E2/50 | L: 0.60397874/0.50523271 | F1 M: 0.44313201 D: 0.20922887 | [S/N/B]: [0.1903/0.9109/0.2282] | LR: 0.00008393
2026-03-10 20:22:05,307 - INFO - T86 E3/50 | L: 0.60078147/0.50474430 | F1 M: 0.44180805 D: 0.20683734 | [S/N/B]: [0.1754/0.9117/0.2383] | LR: 0.00008352
2026-03-10 20:22:12,184 - INFO - T86 E4/50 | L: 0.59837673/0.50422526 | F1 M: 0.44156308 D: 0.21159638 | [S/N/B]: [0.1805/0.9015/0.2427] | LR: 0.00008294
2026-03-10 20:22:20,518 - INFO - T86 E5/50 | L: 0.59638966/0.50394751 | F1 M: 0.44272772 D: 0.21273353 | [S/N/B]: [0.1716/0.9027/0.2538] | LR: 0.00008220
2026-03-10 20:22:28,745 - INFO - T86 E6/50 | L: 0.59412388/0.50346498 | F1 M: 0.44463223 D: 0.21547373 | [S/N/B]: [0.2203/0.9029/0.2107] | LR: 0.00008131
2026-03-10 20:22:36,943 - INFO - T86 E7/50 | L: 0.59173737/0.50410605 | F1 M: 0.44662356 D: 0.22135306 | [S/N/B]: [0.2062/0.8972/0.2365] | LR: 0.00008025
2026-03-10 20:22:45,362 - INFO - T86 E8/50 | L: 0.59009933/0.50543291 | F1 M: 0.44405284 D: 0.21132928 | [S/N/B]: [0.2025/0.9095/0.2201] | LR: 0.00007905
2026-03-10 20:22:54,505 - INFO - T86 E9/50 | L: 0.58671652/0.50629284 | F1 M: 0.44402830 D: 0.21646046 | [S/N/B]: [0.2229/0.8992/0.2100] | LR: 0.00007771
2026-03-10 20:22:54,599 - INFO - Trial 86 stopped early due to patience (3 epochs without improvement)
2026-03-10 20:22:55,430 - INFO - Trial 86 finished with value: 0.4466235630318727 and parameters: {'tcn_channels': 128, 'lstm_hidden': 128, 'num_lstm_layers': 3, 'batch_size': 512, 'dropout': 0.4436234239781732, 'seq_len': 96, 'lr': 8.426389638559298e-05, 'weight_decay': 0.0004357046133958246, 'base_alpha_side': 2.5007710179300098, 'base_alpha_neutral': 0.6648502771207573, 'base_loss_gamma': 1.16076505792583, 'base_loss_smoothing': 0.015488111716667197}. Best is trial 62 with value: 0.45076414754288724.
2026-03-10 20:22:56,420 - INFO - SequenceDataset: 152966/228206 valid sequences (Lookback protection active).
2026-03-10 20:22:56,421 - INFO - SequenceDataset: 65585/97790 valid sequences (Lookback protection active).
2026-03-10 20:22:57,440 - INFO - Trial 87 START | tcn=128, lstm=128, layers=3, batch=512, seq=96, drop=0.4197, lr=0.000069, wd=0.0004 | alpha=[2.49, 0.72, 2.49], gamma=1.16, smooth=0.01
2026-03-10 20:23:05,766 - INFO - T87 E1/50 | L: 0.65490298/0.51964890 | F1 M: 0.39291282 D: 0.13332802 | [S/N/B]: [0.0000/0.9121/0.2667] | LR: 0.00006912
2026-03-10 20:23:14,406 - INFO - T87 E2/50 | L: 0.62025291/0.51732253 | F1 M: 0.39484351 D: 0.13610586 | [S/N/B]: [0.0000/0.9123/0.2722] | LR: 0.00006892
2026-03-10 20:23:23,330 - INFO - T87 E3/50 | L: 0.61635581/0.51491410 | F1 M: 0.41899902 D: 0.17283957 | [S/N/B]: [0.0760/0.9113/0.2697] | LR: 0.00006858
2026-03-10 20:23:23,579 - INFO - Trial 87 pruned by Optuna at epoch 3
2026-03-10 20:23:23,739 - INFO - Trial 87 pruned. 
2026-03-10 20:23:25,193 - INFO - SequenceDataset: 152966/228206 valid sequences (Lookback protection active).
2026-03-10 20:23:25,194 - INFO - SequenceDataset: 65585/97790 valid sequences (Lookback protection active).
2026-03-10 20:23:26,097 - INFO - Trial 88 START | tcn=128, lstm=128, layers=4, batch=256, seq=96, drop=0.4510, lr=0.000099, wd=0.0005 | alpha=[2.88, 0.66, 2.88], gamma=1.04, smooth=0.07
2026-03-10 20:23:41,191 - INFO - T88 E1/50 | L: 0.78351717/0.66201809 | F1 M: 0.39164153 D: 0.13718459 | [S/N/B]: [0.0000/0.9006/0.2744] | LR: 0.00009937
2026-03-10 20:23:55,027 - INFO - T88 E2/50 | L: 0.76765235/0.66101525 | F1 M: 0.38736930 D: 0.13604685 | [S/N/B]: [0.0000/0.8900/0.2721] | LR: 0.00009907
2026-03-10 20:24:10,004 - INFO - T88 E3/50 | L: 0.76425462/0.65811926 | F1 M: 0.39416394 D: 0.13823920 | [S/N/B]: [0.0000/0.9060/0.2765] | LR: 0.00009859
2026-03-10 20:24:10,366 - INFO - Trial 88 pruned by Optuna at epoch 3
2026-03-10 20:24:10,613 - INFO - Trial 88 pruned. 
2026-03-10 20:24:12,710 - INFO - SequenceDataset: 152966/228206 valid sequences (Lookback protection active).
2026-03-10 20:24:12,713 - INFO - SequenceDataset: 65585/97790 valid sequences (Lookback protection active).
2026-03-10 20:24:13,913 - INFO - Trial 89 START | tcn=128, lstm=128, layers=3, batch=128, seq=96, drop=0.4445, lr=0.000038, wd=0.0006 | alpha=[3.13, 0.69, 3.13], gamma=1.13, smooth=0.02
2026-03-10 20:24:40,369 - INFO - T89 E1/50 | L: 0.77002949/0.62963365 | F1 M: 0.43614646 D: 0.20613231 | [S/N/B]: [0.1919/0.8962/0.2204] | LR: 0.00003808
2026-03-10 20:25:06,805 - INFO - T89 E2/50 | L: 0.75240685/0.62802672 | F1 M: 0.39290743 D: 0.14030118 | [S/N/B]: [0.0041/0.8981/0.2765] | LR: 0.00003796
2026-03-10 20:25:31,778 - INFO - T89 E3/50 | L: 0.74947277/0.62469033 | F1 M: 0.44478282 D: 0.21473754 | [S/N/B]: [0.1727/0.9049/0.2567] | LR: 0.00003778
2026-03-10 20:25:57,929 - INFO - T89 E4/50 | L: 0.74646991/0.62602229 | F1 M: 0.42349162 D: 0.18481550 | [S/N/B]: [0.0940/0.9008/0.2756] | LR: 0.00003752
2026-03-10 20:26:24,498 - INFO - T89 E5/50 | L: 0.74506886/0.62562563 | F1 M: 0.44539409 D: 0.21574731 | [S/N/B]: [0.1916/0.9047/0.2399] | LR: 0.00003718
2026-03-10 20:26:50,678 - INFO - T89 E6/50 | L: 0.74322756/0.62952930 | F1 M: 0.44461808 D: 0.21842947 | [S/N/B]: [0.1901/0.8970/0.2468] | LR: 0.00003678
2026-03-10 20:26:51,255 - INFO - Trial 89 stopped early due to patience (3 epochs without improvement)
2026-03-10 20:26:51,747 - INFO - Trial 89 finished with value: 0.4453940932743303 and parameters: {'tcn_channels': 128, 'lstm_hidden': 128, 'num_lstm_layers': 3, 'batch_size': 128, 'dropout': 0.44453274052543984, 'seq_len': 96, 'lr': 3.811463180218329e-05, 'weight_decay': 0.0005919834678250801, 'base_alpha_side': 3.125680437947398, 'base_alpha_neutral': 0.6868405192687309, 'base_loss_gamma': 1.1302030461802657, 'base_loss_smoothing': 0.015882079499528034}. Best is trial 62 with value: 0.45076414754288724.
2026-03-10 20:26:53,869 - INFO - SequenceDataset: 152966/228206 valid sequences (Lookback protection active).
2026-03-10 20:26:53,869 - INFO - SequenceDataset: 65585/97790 valid sequences (Lookback protection active).
2026-03-10 20:26:54,814 - INFO - Trial 90 START | tcn=128, lstm=128, layers=3, batch=128, seq=96, drop=0.4347, lr=0.000016, wd=0.0004 | alpha=[3.11, 0.70, 3.11], gamma=1.26, smooth=0.01
2026-03-10 20:27:20,411 - INFO - T90 E1/50 | L: 0.77149348/0.61797694 | F1 M: 0.38309863 D: 0.13114175 | [S/N/B]: [0.0000/0.8870/0.2623] | LR: 0.00001550
2026-03-10 20:27:47,001 - INFO - T90 E2/50 | L: 0.73980727/0.61321317 | F1 M: 0.38801404 D: 0.13498040 | [S/N/B]: [0.0000/0.8941/0.2700] | LR: 0.00001545
2026-03-10 20:28:13,095 - INFO - T90 E3/50 | L: 0.73565259/0.61147112 | F1 M: 0.39223210 D: 0.13681541 | [S/N/B]: [0.0000/0.9031/0.2736] | LR: 0.00001538
2026-03-10 20:28:13,913 - INFO - Trial 90 pruned by Optuna at epoch 3
2026-03-10 20:28:14,126 - INFO - Trial 90 pruned. 
2026-03-10 20:28:16,466 - INFO - SequenceDataset: 152966/228206 valid sequences (Lookback protection active).
2026-03-10 20:28:16,467 - INFO - SequenceDataset: 65585/97790 valid sequences (Lookback protection active).
2026-03-10 20:28:16,968 - INFO - Trial 91 START | tcn=128, lstm=128, layers=3, batch=128, seq=96, drop=0.4610, lr=0.000038, wd=0.0006 | alpha=[3.59, 0.69, 3.59], gamma=1.10, smooth=0.05
2026-03-10 20:28:42,978 - INFO - T91 E1/50 | L: 0.92013321/0.76754817 | F1 M: 0.38973291 D: 0.13550612 | [S/N/B]: [0.0000/0.8982/0.2710] | LR: 0.00003776
2026-03-10 20:29:09,147 - INFO - T91 E2/50 | L: 0.90263093/0.76429930 | F1 M: 0.39525444 D: 0.14863797 | [S/N/B]: [0.0281/0.8885/0.2692] | LR: 0.00003765
2026-03-10 20:29:35,311 - INFO - T91 E3/50 | L: 0.89766181/0.76291967 | F1 M: 0.42375937 D: 0.19197013 | [S/N/B]: [0.1164/0.8873/0.2675] | LR: 0.00003746
2026-03-10 20:29:35,688 - INFO - Trial 91 pruned by Optuna at epoch 3
