2026-03-10 19:38:54,479 - INFO - Trial 50 finished with value: 0.4451176887766932 and parameters: {'tcn_channels': 64, 'lstm_hidden': 32, 'num_lstm_layers': 4, 'batch_size': 128, 'dropout': 0.5824302291470418, 'seq_len': 96, 'lr': 9.002546399884113e-05, 'weight_decay': 0.001134329409087845, 'base_alpha_side': 2.174471450366383, 'base_alpha_neutral': 0.541993005358132, 'base_loss_gamma': 1.1980027568259175, 'base_loss_smoothing': 0.02379334407938407}. Best is trial 34 with value: 0.4453148309371124.
2026-03-10 19:38:56,624 - INFO - SequenceDataset: 152966/228206 valid sequences (Lookback protection active).
2026-03-10 19:38:56,628 - INFO - SequenceDataset: 65585/97790 valid sequences (Lookback protection active).
2026-03-10 19:38:57,027 - INFO - Trial 51 START | tcn=64, lstm=32, layers=3, batch=128, seq=96, drop=0.5835, lr=0.000100, wd=0.0010 | alpha=[5.96, 0.56, 5.96], gamma=1.55, smooth=0.02
2026-03-10 19:39:21,770 - INFO - T51 E1/50 | L: 1.20617282/0.96824931 | F1 M: 0.36850069 D: 0.18716675 | [S/N/B]: [0.2615/0.7312/0.1129] | LR: 0.00009945
2026-03-10 19:39:46,784 - INFO - T51 E2/50 | L: 1.17054300/0.95928241 | F1 M: 0.32622027 D: 0.14333719 | [S/N/B]: [0.1056/0.6920/0.1811] | LR: 0.00009915
2026-03-10 19:40:12,544 - INFO - T51 E3/50 | L: 1.16186713/0.95580492 | F1 M: 0.39424708 D: 0.21369317 | [S/N/B]: [0.2641/0.7554/0.1633] | LR: 0.00009866
2026-03-10 19:40:13,259 - INFO - Trial 51 pruned by Optuna at epoch 3
2026-03-10 19:40:13,437 - INFO - Trial 51 pruned. 
2026-03-10 19:40:14,795 - INFO - SequenceDataset: 152966/228206 valid sequences (Lookback protection active).
2026-03-10 19:40:14,796 - INFO - SequenceDataset: 65585/97790 valid sequences (Lookback protection active).
2026-03-10 19:40:15,125 - INFO - Trial 52 START | tcn=64, lstm=32, layers=4, batch=128, seq=96, drop=0.5706, lr=0.000085, wd=0.0005 | alpha=[2.18, 0.45, 2.18], gamma=1.22, smooth=0.03
2026-03-10 19:40:42,454 - INFO - T52 E1/50 | L: 0.46976195/0.38164867 | F1 M: 0.41961945 D: 0.20566057 | [S/N/B]: [0.1999/0.8475/0.2114] | LR: 0.00008455
2026-03-10 19:41:10,383 - INFO - T52 E2/50 | L: 0.45540602/0.37874937 | F1 M: 0.37184605 D: 0.12688472 | [S/N/B]: [0.0000/0.8618/0.2538] | LR: 0.00008430
2026-03-10 19:41:38,721 - INFO - T52 E3/50 | L: 0.45271130/0.37814796 | F1 M: 0.35888120 D: 0.12006818 | [S/N/B]: [0.0000/0.8365/0.2401] | LR: 0.00008388
2026-03-10 19:41:39,010 - INFO - Trial 52 pruned by Optuna at epoch 3
2026-03-10 19:41:39,141 - INFO - Trial 52 pruned. 
2026-03-10 19:41:40,485 - INFO - SequenceDataset: 152966/228206 valid sequences (Lookback protection active).
2026-03-10 19:41:40,486 - INFO - SequenceDataset: 65585/97790 valid sequences (Lookback protection active).
2026-03-10 19:41:40,786 - INFO - Trial 53 START | tcn=64, lstm=32, layers=3, batch=128, seq=96, drop=0.5562, lr=0.000090, wd=0.0013 | alpha=[2.51, 0.41, 2.51], gamma=1.06, smooth=0.02
2026-03-10 19:42:05,103 - INFO - T53 E1/50 | L: 0.53434517/0.42883776 | F1 M: 0.41839570 D: 0.21591523 | [S/N/B]: [0.2425/0.8234/0.1893] | LR: 0.00009000
2026-03-10 19:42:31,641 - INFO - T53 E2/50 | L: 0.51321785/0.42562458 | F1 M: 0.35779158 D: 0.12010455 | [S/N/B]: [0.0000/0.8332/0.2402] | LR: 0.00008973
2026-03-10 19:42:56,745 - INFO - T53 E3/50 | L: 0.50996690/0.42404119 | F1 M: 0.39747382 D: 0.18580788 | [S/N/B]: [0.1590/0.8208/0.2126] | LR: 0.00008929
2026-03-10 19:42:56,970 - INFO - Trial 53 pruned by Optuna at epoch 3
2026-03-10 19:42:57,783 - INFO - Trial 53 pruned. 
2026-03-10 19:42:59,673 - INFO - SequenceDataset: 152966/228206 valid sequences (Lookback protection active).
2026-03-10 19:42:59,674 - INFO - SequenceDataset: 65585/97790 valid sequences (Lookback protection active).
2026-03-10 19:43:00,158 - INFO - Trial 54 START | tcn=64, lstm=32, layers=4, batch=128, seq=96, drop=0.5409, lr=0.000078, wd=0.0010 | alpha=[2.16, 0.49, 2.16], gamma=1.00, smooth=0.04
2026-03-10 19:43:28,334 - INFO - T54 E1/50 | L: 0.53369519/0.43456584 | F1 M: 0.38991791 D: 0.15732022 | [S/N/B]: [0.2476/0.8551/0.0671] | LR: 0.00007749
2026-03-10 19:43:56,034 - INFO - T54 E2/50 | L: 0.51298242/0.43170257 | F1 M: 0.42576483 D: 0.20413610 | [S/N/B]: [0.1928/0.8690/0.2155] | LR: 0.00007726
2026-03-10 19:44:24,530 - INFO - T54 E3/50 | L: 0.50947722/0.42743604 | F1 M: 0.43057167 D: 0.20241244 | [S/N/B]: [0.1527/0.8869/0.2522] | LR: 0.00007688
2026-03-10 19:44:52,086 - INFO - T54 E4/50 | L: 0.50683812/0.42779669 | F1 M: 0.42965233 D: 0.20827746 | [S/N/B]: [0.1802/0.8724/0.2363] | LR: 0.00007635
2026-03-10 19:45:20,459 - INFO - T54 E5/50 | L: 0.50582218/0.42683312 | F1 M: 0.42555491 D: 0.20062002 | [S/N/B]: [0.1561/0.8754/0.2452] | LR: 0.00007567
2026-03-10 19:45:48,472 - INFO - T54 E6/50 | L: 0.50468747/0.42623656 | F1 M: 0.42566529 D: 0.19266524 | [S/N/B]: [0.1218/0.8917/0.2636] | LR: 0.00007484
2026-03-10 19:46:17,258 - INFO - T54 E7/50 | L: 0.50295509/0.42581422 | F1 M: 0.40844029 D: 0.17433781 | [S/N/B]: [0.0843/0.8766/0.2644] | LR: 0.00007388
2026-03-10 19:46:43,881 - INFO - T54 E8/50 | L: 0.50227247/0.42579661 | F1 M: 0.41840356 D: 0.18870477 | [S/N/B]: [0.1140/0.8778/0.2634] | LR: 0.00007277
2026-03-10 19:47:12,373 - INFO - T54 E9/50 | L: 0.50233130/0.42462056 | F1 M: 0.42693895 D: 0.19856121 | [S/N/B]: [0.1395/0.8837/0.2576] | LR: 0.00007153
2026-03-10 19:47:40,616 - INFO - T54 E10/50 | L: 0.50182442/0.42614395 | F1 M: 0.42798435 D: 0.20006264 | [S/N/B]: [0.1332/0.8838/0.2669] | LR: 0.00007016
2026-03-10 19:48:08,531 - INFO - T54 E11/50 | L: 0.50091153/0.42440260 | F1 M: 0.43524405 D: 0.20716639 | [S/N/B]: [0.1657/0.8914/0.2486] | LR: 0.00006867
2026-03-10 19:48:37,511 - INFO - T54 E12/50 | L: 0.49958177/0.42491039 | F1 M: 0.43058390 D: 0.20142938 | [S/N/B]: [0.1337/0.8889/0.2691] | LR: 0.00006706
2026-03-10 19:49:05,752 - INFO - T54 E13/50 | L: 0.49944290/0.42517466 | F1 M: 0.42972631 D: 0.20118504 | [S/N/B]: [0.1340/0.8868/0.2683] | LR: 0.00006533
2026-03-10 19:49:34,089 - INFO - T54 E14/50 | L: 0.49869585/0.42542809 | F1 M: 0.43395272 D: 0.20606039 | [S/N/B]: [0.1465/0.8897/0.2656] | LR: 0.00006351
2026-03-10 19:49:34,259 - INFO - Trial 54 stopped early due to patience (3 epochs without improvement)
2026-03-10 19:49:34,536 - INFO - Trial 54 finished with value: 0.43524405449660003 and parameters: {'tcn_channels': 64, 'lstm_hidden': 32, 'num_lstm_layers': 4, 'batch_size': 128, 'dropout': 0.5408806454154531, 'seq_len': 96, 'lr': 7.756718709064838e-05, 'weight_decay': 0.0010052303580992518, 'base_alpha_side': 2.159620698072935, 'base_alpha_neutral': 0.4941835786828199, 'base_loss_gamma': 1.0022958900014467, 'base_loss_smoothing': 0.04063693783721288}. Best is trial 34 with value: 0.4453148309371124.
2026-03-10 19:49:35,462 - INFO - SequenceDataset: 152966/228206 valid sequences (Lookback protection active).
2026-03-10 19:49:35,463 - INFO - SequenceDataset: 65585/97790 valid sequences (Lookback protection active).
2026-03-10 19:49:35,821 - INFO - Trial 55 START | tcn=64, lstm=64, layers=3, batch=128, seq=96, drop=0.5830, lr=0.000064, wd=0.0007 | alpha=[2.98, 0.68, 2.98], gamma=1.22, smooth=0.01
2026-03-10 19:50:01,059 - INFO - T55 E1/50 | L: 0.72601374/0.58607774 | F1 M: 0.38358682 D: 0.13315156 | [S/N/B]: [0.0000/0.8845/0.2663] | LR: 0.00006405
2026-03-10 19:50:26,977 - INFO - T55 E2/50 | L: 0.70435649/0.58309751 | F1 M: 0.39042152 D: 0.13728470 | [S/N/B]: [0.0000/0.8967/0.2746] | LR: 0.00006386
2026-03-10 19:50:52,799 - INFO - T55 E3/50 | L: 0.70141860/0.58120480 | F1 M: 0.39131667 D: 0.13844897 | [S/N/B]: [0.0000/0.8971/0.2769] | LR: 0.00006355
2026-03-10 19:50:53,080 - INFO - Trial 55 pruned by Optuna at epoch 3
2026-03-10 19:50:53,248 - INFO - Trial 55 pruned. 
2026-03-10 19:50:54,773 - INFO - SequenceDataset: 210062/228278 valid sequences (Lookback protection active).
2026-03-10 19:50:54,773 - INFO - SequenceDataset: 90065/97862 valid sequences (Lookback protection active).
2026-03-10 19:50:55,557 - INFO - Trial 56 START | tcn=64, lstm=64, layers=3, batch=512, seq=24, drop=0.5224, lr=0.000091, wd=0.0018 | alpha=[1.92, 0.64, 1.92], gamma=1.35, smooth=0.05
2026-03-10 19:51:05,907 - INFO - T56 E1/50 | L: 0.44314751/0.35730539 | F1 M: 0.41761287 D: 0.16567549 | [S/N/B]: [0.0806/0.9215/0.2508] | LR: 0.00009051
2026-03-10 19:51:16,740 - INFO - T56 E2/50 | L: 0.41749358/0.35398291 | F1 M: 0.40800716 D: 0.14924432 | [S/N/B]: [0.0423/0.9255/0.2562] | LR: 0.00009024
2026-03-10 19:51:27,148 - INFO - T56 E3/50 | L: 0.41485768/0.35384368 | F1 M: 0.41927797 D: 0.16674165 | [S/N/B]: [0.0726/0.9244/0.2609] | LR: 0.00008979
2026-03-10 19:51:27,410 - INFO - Trial 56 pruned by Optuna at epoch 3
2026-03-10 19:51:27,592 - INFO - Trial 56 pruned. 
2026-03-10 19:51:29,201 - INFO - SequenceDataset: 191030/228254 valid sequences (Lookback protection active).
2026-03-10 19:51:29,202 - INFO - SequenceDataset: 81905/97838 valid sequences (Lookback protection active).
2026-03-10 19:51:29,573 - INFO - Trial 57 START | tcn=256, lstm=32, layers=4, batch=256, seq=48, drop=0.5999, lr=0.000074, wd=0.0023 | alpha=[2.77, 0.53, 2.77], gamma=1.49, smooth=0.06
2026-03-10 19:51:48,728 - INFO - T57 E1/50 | L: 0.58462298/0.47943637 | F1 M: 0.41256597 D: 0.19602597 | [S/N/B]: [0.2537/0.8456/0.1384] | LR: 0.00007410
2026-03-10 19:52:06,501 - INFO - T57 E2/50 | L: 0.55994147/0.47445145 | F1 M: 0.39573489 D: 0.15188155 | [S/N/B]: [0.0633/0.8834/0.2404] | LR: 0.00007388
2026-03-10 19:52:25,054 - INFO - T57 E3/50 | L: 0.55709342/0.47272844 | F1 M: 0.36959573 D: 0.11974282 | [S/N/B]: [0.0000/0.8693/0.2395] | LR: 0.00007352
2026-03-10 19:52:25,267 - INFO - Trial 57 pruned by Optuna at epoch 3
2026-03-10 19:52:25,992 - INFO - Trial 57 pruned. 
2026-03-10 19:52:27,769 - INFO - SequenceDataset: 152966/228206 valid sequences (Lookback protection active).
2026-03-10 19:52:27,769 - INFO - SequenceDataset: 65585/97790 valid sequences (Lookback protection active).
2026-03-10 19:52:28,076 - INFO - Trial 58 START | tcn=64, lstm=64, layers=8, batch=512, seq=96, drop=0.5597, lr=0.000042, wd=0.0005 | alpha=[1.72, 0.59, 1.72], gamma=1.68, smooth=0.09
2026-03-10 19:52:38,872 - INFO - T58 E1/50 | L: 0.41493088/0.33678263 | F1 M: 0.31024776 D: 0.00000000 | [S/N/B]: [0.0000/0.9307/0.0000] | LR: 0.00004211
2026-03-10 19:52:50,791 - INFO - T58 E2/50 | L: 0.38459220/0.32705160 | F1 M: 0.37254778 D: 0.11745573 | [S/N/B]: [0.2349/0.8827/0.0000] | LR: 0.00004198
2026-03-10 19:53:02,310 - INFO - T58 E3/50 | L: 0.37875528/0.32352565 | F1 M: 0.37523401 D: 0.12108957 | [S/N/B]: [0.2422/0.8835/0.0000] | LR: 0.00004177
2026-03-10 19:53:02,866 - INFO - Trial 58 pruned by Optuna at epoch 3
2026-03-10 19:53:03,037 - INFO - Trial 58 pruned. 
2026-03-10 19:53:04,846 - INFO - SequenceDataset: 152966/228206 valid sequences (Lookback protection active).
2026-03-10 19:53:04,847 - INFO - SequenceDataset: 65585/97790 valid sequences (Lookback protection active).
2026-03-10 19:53:05,134 - INFO - Trial 59 START | tcn=128, lstm=64, layers=3, batch=128, seq=96, drop=0.5718, lr=0.000034, wd=0.0031 | alpha=[2.31, 0.37, 2.31], gamma=1.13, smooth=0.03
2026-03-10 19:53:29,926 - INFO - T59 E1/50 | L: 0.46333869/0.37688067 | F1 M: 0.37003960 D: 0.17390304 | [S/N/B]: [0.2526/0.7623/0.0952] | LR: 0.00003352
2026-03-10 19:53:55,151 - INFO - T59 E2/50 | L: 0.44653270/0.37322582 | F1 M: 0.33452276 D: 0.10932335 | [S/N/B]: [0.0000/0.7849/0.2186] | LR: 0.00003342
2026-03-10 19:54:19,183 - INFO - T59 E3/50 | L: 0.44477819/0.37216098 | F1 M: 0.33721183 D: 0.11068401 | [S/N/B]: [0.0000/0.7903/0.2214] | LR: 0.00003326
2026-03-10 19:54:19,432 - INFO - Trial 59 pruned by Optuna at epoch 3
2026-03-10 19:54:19,658 - INFO - Trial 59 pruned. 
2026-03-10 19:54:21,405 - INFO - SequenceDataset: 191030/228254 valid sequences (Lookback protection active).
2026-03-10 19:54:21,406 - INFO - SequenceDataset: 81905/97838 valid sequences (Lookback protection active).
2026-03-10 19:54:22,136 - INFO - Trial 60 START | tcn=64, lstm=64, layers=4, batch=512, seq=48, drop=0.5326, lr=0.000080, wd=0.0009 | alpha=[5.03, 0.55, 5.03], gamma=1.21, smooth=0.07
2026-03-10 19:54:32,409 - INFO - T60 E1/50 | L: 1.11112881/0.93364469 | F1 M: 0.40570055 D: 0.20585860 | [S/N/B]: [0.2501/0.8054/0.1616] | LR: 0.00008016
2026-03-10 19:54:44,087 - INFO - T60 E2/50 | L: 1.07586710/0.93005105 | F1 M: 0.33571576 D: 0.10443511 | [S/N/B]: [0.0000/0.7983/0.2089] | LR: 0.00007992
2026-03-10 19:54:54,050 - INFO - T60 E3/50 | L: 1.07378445/0.92750387 | F1 M: 0.33928351 D: 0.10605833 | [S/N/B]: [0.0004/0.8057/0.2117] | LR: 0.00007953
2026-03-10 19:54:54,313 - INFO - Trial 60 pruned by Optuna at epoch 3
2026-03-10 19:54:54,538 - INFO - Trial 60 pruned. 
2026-03-10 19:54:57,095 - INFO - SequenceDataset: 133934/228182 valid sequences (Lookback protection active).
2026-03-10 19:54:57,096 - INFO - SequenceDataset: 57425/97766 valid sequences (Lookback protection active).
2026-03-10 19:54:57,545 - INFO - Trial 61 START | tcn=64, lstm=128, layers=4, batch=512, seq=120, drop=0.5099, lr=0.000070, wd=0.0003 | alpha=[2.52, 0.68, 2.52], gamma=1.79, smooth=0.08
2026-03-10 19:55:05,835 - INFO - T61 E1/50 | L: 0.63310778/0.52526576 | F1 M: 0.37911340 D: 0.13207774 | [S/N/B]: [0.0000/0.8732/0.2642] | LR: 0.00007029
2026-03-10 19:55:15,754 - INFO - T61 E2/50 | L: 0.61022322/0.52238269 | F1 M: 0.38309433 D: 0.13593366 | [S/N/B]: [0.0000/0.8774/0.2719] | LR: 0.00007009
2026-03-10 19:55:24,955 - INFO - T61 E3/50 | L: 0.60744749/0.51987154 | F1 M: 0.38307850 D: 0.13580472 | [S/N/B]: [0.0000/0.8776/0.2716] | LR: 0.00006974
2026-03-10 19:55:25,899 - INFO - Trial 61 pruned by Optuna at epoch 3
2026-03-10 19:55:26,151 - INFO - Trial 61 pruned. 
2026-03-10 19:55:28,352 - INFO - SequenceDataset: 133934/228182 valid sequences (Lookback protection active).
2026-03-10 19:55:28,353 - INFO - SequenceDataset: 57425/97766 valid sequences (Lookback protection active).
2026-03-10 19:55:29,190 - INFO - Trial 62 START | tcn=64, lstm=128, layers=3, batch=512, seq=120, drop=0.5877, lr=0.000092, wd=0.0012 | alpha=[2.09, 0.75, 2.09], gamma=1.58, smooth=0.06
2026-03-10 19:55:37,269 - INFO - T62 E1/50 | L: 0.56116860/0.45887897 | F1 M: 0.38981422 D: 0.13374253 | [S/N/B]: [0.0000/0.9020/0.2675] | LR: 0.00009156
2026-03-10 19:55:45,978 - INFO - T62 E2/50 | L: 0.53585351/0.45630337 | F1 M: 0.39351389 D: 0.13734697 | [S/N/B]: [0.0000/0.9058/0.2747] | LR: 0.00009129
2026-03-10 19:55:54,347 - INFO - T62 E3/50 | L: 0.53380947/0.45415561 | F1 M: 0.43546579 D: 0.19837027 | [S/N/B]: [0.1379/0.9097/0.2588] | LR: 0.00009084
2026-03-10 19:56:02,671 - INFO - T62 E4/50 | L: 0.53210594/0.45417000 | F1 M: 0.41190572 D: 0.16390339 | [S/N/B]: [0.0546/0.9079/0.2732] | LR: 0.00009021
2026-03-10 19:56:11,474 - INFO - T62 E5/50 | L: 0.53105929/0.45275027 | F1 M: 0.43534097 D: 0.19876086 | [S/N/B]: [0.1272/0.9085/0.2703] | LR: 0.00008941
2026-03-10 19:56:19,769 - INFO - T62 E6/50 | L: 0.53030878/0.45221411 | F1 M: 0.43876179 D: 0.20195639 | [S/N/B]: [0.1529/0.9124/0.2511] | LR: 0.00008843
2026-03-10 19:56:28,903 - INFO - T62 E7/50 | L: 0.52910347/0.45273451 | F1 M: 0.43417368 D: 0.19800789 | [S/N/B]: [0.1220/0.9065/0.2740] | LR: 0.00008729
2026-03-10 19:56:37,095 - INFO - T62 E8/50 | L: 0.52877152/0.45181270 | F1 M: 0.44239966 D: 0.20964954 | [S/N/B]: [0.1646/0.9079/0.2547] | LR: 0.00008598
2026-03-10 19:56:45,165 - INFO - T62 E9/50 | L: 0.52813802/0.45153664 | F1 M: 0.44492530 D: 0.21423841 | [S/N/B]: [0.2291/0.9063/0.1993] | LR: 0.00008452
2026-03-10 19:56:53,293 - INFO - T62 E10/50 | L: 0.52686193/0.45162420 | F1 M: 0.44625033 D: 0.21614515 | [S/N/B]: [0.2262/0.9065/0.2061] | LR: 0.00008290
2026-03-10 19:56:53,333 - INFO - 🥇 [MACRO]  Trial 62 | Global F1 Macro record: 0.44625033 (prev: 0.44531483) → saved best_tcn_lstm.pt
2026-03-10 19:57:02,848 - INFO - T62 E11/50 | L: 0.52628838/0.45300131 | F1 M: 0.44909246 D: 0.22072908 | [S/N/B]: [0.2064/0.9058/0.2350] | LR: 0.00008113
2026-03-10 19:57:02,894 - INFO - 🥇 [MACRO]  Trial 62 | Global F1 Macro record: 0.44909246 (prev: 0.44625033) → saved best_tcn_lstm.pt
2026-03-10 19:57:02,927 - INFO - 🏆 [DIR]    Trial 62 | Global F1 Dir record: 0.22072908 (prev: 0.22005305) → saved best_tcn_lstm_dir.pt
2026-03-10 19:57:12,328 - INFO - T62 E12/50 | L: 0.52574480/0.45131523 | F1 M: 0.45076415 D: 0.22286355 | [S/N/B]: [0.2213/0.9066/0.2245] | LR: 0.00007923
2026-03-10 19:57:12,374 - INFO - 🥇 [MACRO]  Trial 62 | Global F1 Macro record: 0.45076415 (prev: 0.44909246) → saved best_tcn_lstm.pt
2026-03-10 19:57:12,451 - INFO - 🏆 [DIR]    Trial 62 | Global F1 Dir record: 0.22286355 (prev: 0.22072908) → saved best_tcn_lstm_dir.pt
2026-03-10 19:57:20,892 - INFO - T62 E13/50 | L: 0.52485092/0.45259072 | F1 M: 0.44244912 D: 0.21040100 | [S/N/B]: [0.2410/0.9065/0.1798] | LR: 0.00007719
2026-03-10 19:57:29,547 - INFO - T62 E14/50 | L: 0.52402639/0.45265952 | F1 M: 0.44944434 D: 0.22090832 | [S/N/B]: [0.2242/0.9065/0.2177] | LR: 0.00007503
2026-03-10 19:57:38,502 - INFO - T62 E15/50 | L: 0.52339109/0.45315460 | F1 M: 0.44927200 D: 0.22128914 | [S/N/B]: [0.2228/0.9052/0.2198] | LR: 0.00007276
2026-03-10 19:57:38,886 - INFO - Trial 62 stopped early due to patience (3 epochs without improvement)
2026-03-10 19:57:39,360 - INFO - Trial 62 finished with value: 0.45076414754288724 and parameters: {'tcn_channels': 64, 'lstm_hidden': 128, 'num_lstm_layers': 3, 'batch_size': 512, 'dropout': 0.587655997297285, 'seq_len': 120, 'lr': 9.164954499265967e-05, 'weight_decay': 0.001220857027283132, 'base_alpha_side': 2.087038827793711, 'base_alpha_neutral': 0.7488987821087478, 'base_loss_gamma': 1.577711288687229, 'base_loss_smoothing': 0.05866752834222845}. Best is trial 62 with value: 0.45076414754288724.
2026-03-10 19:57:42,231 - INFO - SequenceDataset: 133934/228182 valid sequences (Lookback protection active).
2026-03-10 19:57:42,232 - INFO - SequenceDataset: 57425/97766 valid sequences (Lookback protection active).
2026-03-10 19:57:42,700 - INFO - Trial 63 START | tcn=64, lstm=128, layers=3, batch=512, seq=120, drop=0.5827, lr=0.000092, wd=0.0013 | alpha=[2.01, 0.76, 2.01], gamma=1.44, smooth=0.06
2026-03-10 19:57:50,808 - INFO - T63 E1/50 | L: 0.57042567/0.46098067 | F1 M: 0.39118325 D: 0.13187821 | [S/N/B]: [0.0000/0.9098/0.2638] | LR: 0.00009202
2026-03-10 19:57:59,328 - INFO - T63 E2/50 | L: 0.54043125/0.45858068 | F1 M: 0.39270537 D: 0.13338942 | [S/N/B]: [0.0000/0.9113/0.2668] | LR: 0.00009175
2026-03-10 19:58:07,483 - INFO - T63 E3/50 | L: 0.53754771/0.45795582 | F1 M: 0.39370178 D: 0.13472468 | [S/N/B]: [0.0000/0.9117/0.2694] | LR: 0.00009130
2026-03-10 19:58:07,864 - INFO - Trial 63 pruned by Optuna at epoch 3
2026-03-10 19:58:08,306 - INFO - Trial 63 pruned. 
2026-03-10 19:58:10,436 - INFO - SequenceDataset: 133934/228182 valid sequences (Lookback protection active).
2026-03-10 19:58:10,437 - INFO - SequenceDataset: 57425/97766 valid sequences (Lookback protection active).
2026-03-10 19:58:11,384 - INFO - Trial 64 START | tcn=64, lstm=32, layers=3, batch=512, seq=120, drop=0.5862, lr=0.000057, wd=0.0016 | alpha=[2.18, 0.29, 2.18], gamma=1.58, smooth=0.05
2026-03-10 19:58:18,457 - INFO - T64 E1/50 | L: 0.39349901/0.30887033 | F1 M: 0.04241742 D: 0.06362614 | [S/N/B]: [0.0000/0.0000/0.1273] | LR: 0.00005689
2026-03-10 19:58:26,690 - INFO - T64 E2/50 | L: 0.35592153/0.29698035 | F1 M: 0.09425270 D: 0.06766865 | [S/N/B]: [0.0000/0.1474/0.1353] | LR: 0.00005672
2026-03-10 19:58:35,187 - INFO - T64 E3/50 | L: 0.35055638/0.29428005 | F1 M: 0.21079069 D: 0.08203099 | [S/N/B]: [0.0000/0.4683/0.1641] | LR: 0.00005644
2026-03-10 19:58:35,563 - INFO - Trial 64 pruned by Optuna at epoch 3
2026-03-10 19:58:35,815 - INFO - Trial 64 pruned. 
2026-03-10 19:58:38,263 - INFO - SequenceDataset: 133934/228182 valid sequences (Lookback protection active).
2026-03-10 19:58:38,263 - INFO - SequenceDataset: 57425/97766 valid sequences (Lookback protection active).
2026-03-10 19:58:39,220 - INFO - Trial 65 START | tcn=64, lstm=64, layers=3, batch=512, seq=120, drop=0.5525, lr=0.000100, wd=0.0011 | alpha=[1.65, 0.73, 1.65], gamma=1.68, smooth=0.05
2026-03-10 19:58:47,005 - INFO - T65 E1/50 | L: 0.42238055/0.33891713 | F1 M: 0.39126553 D: 0.13285650 | [S/N/B]: [0.0000/0.9081/0.2657] | LR: 0.00009951
2026-03-10 19:58:56,004 - INFO - T65 E2/50 | L: 0.39816951/0.33557243 | F1 M: 0.39269015 D: 0.13320191 | [S/N/B]: [0.0000/0.9117/0.2664] | LR: 0.00009922
2026-03-10 19:59:04,316 - INFO - T65 E3/50 | L: 0.39569099/0.33410297 | F1 M: 0.39358651 D: 0.13364947 | [S/N/B]: [0.0000/0.9135/0.2673] | LR: 0.00009873
2026-03-10 19:59:05,474 - INFO - Trial 65 pruned by Optuna at epoch 3
