2026-03-10 18:57:27,991 - INFO - Trial 32 finished with value: 0.43437254932457986 and parameters: {'tcn_channels': 512, 'lstm_hidden': 64, 'num_lstm_layers': 4, 'batch_size': 512, 'dropout': 0.5001678338855676, 'seq_len': 96, 'lr': 9.70727450833725e-05, 'weight_decay': 0.00025361506229115905, 'base_alpha_side': 1.8197511505917472, 'base_alpha_neutral': 0.7474413838488807, 'base_loss_gamma': 1.9860511965519292, 'base_loss_smoothing': 0.09209257304935639}. Best is trial 24 with value: 0.4412990758346362.
2026-03-10 18:57:29,568 - INFO - SequenceDataset: 152966/228206 valid sequences (Lookback protection active).
2026-03-10 18:57:29,569 - INFO - SequenceDataset: 65585/97790 valid sequences (Lookback protection active).
2026-03-10 18:57:29,941 - INFO - Trial 33 START | tcn=512, lstm=64, layers=3, batch=512, seq=96, drop=0.5473, lr=0.000060, wd=0.0006 | alpha=[2.01, 0.61, 2.01], gamma=1.60, smooth=0.07
2026-03-10 18:57:47,724 - INFO - T33 E1/50 | L: 0.47047565/0.38381962 | F1 M: 0.39098465 D: 0.13789687 | [S/N/B]: [0.0037/0.8972/0.2721] | LR: 0.00006022
2026-03-10 18:58:06,021 - INFO - T33 E2/50 | L: 0.44888187/0.38158260 | F1 M: 0.41282861 D: 0.16979806 | [S/N/B]: [0.0633/0.8989/0.2763] | LR: 0.00006005
2026-03-10 18:58:24,755 - INFO - T33 E3/50 | L: 0.44502565/0.38083853 | F1 M: 0.43196135 D: 0.20008578 | [S/N/B]: [0.1378/0.8957/0.2623] | LR: 0.00005975
2026-03-10 18:58:43,571 - INFO - T33 E4/50 | L: 0.44203371/0.38302133 | F1 M: 0.41814677 D: 0.18531892 | [S/N/B]: [0.1018/0.8838/0.2688] | LR: 0.00005934
2026-03-10 18:59:01,485 - INFO - T33 E5/50 | L: 0.44023901/0.38531001 | F1 M: 0.43211288 D: 0.19887250 | [S/N/B]: [0.1341/0.8986/0.2637] | LR: 0.00005881
2026-03-10 18:59:19,629 - INFO - T33 E6/50 | L: 0.43727732/0.38156648 | F1 M: 0.43647549 D: 0.20623259 | [S/N/B]: [0.1717/0.8970/0.2408] | LR: 0.00005817
2026-03-10 18:59:20,269 - INFO - Trial 33 stopped early due to patience (3 epochs without improvement)
2026-03-10 18:59:20,497 - INFO - Trial 33 finished with value: 0.43647549169337957 and parameters: {'tcn_channels': 512, 'lstm_hidden': 64, 'num_lstm_layers': 3, 'batch_size': 512, 'dropout': 0.5472642059036492, 'seq_len': 96, 'lr': 6.028429067034257e-05, 'weight_decay': 0.0006356323955011013, 'base_alpha_side': 2.0094840915573657, 'base_alpha_neutral': 0.6143415424517306, 'base_loss_gamma': 1.6011565864748145, 'base_loss_smoothing': 0.06898546576651363}. Best is trial 24 with value: 0.4412990758346362.
2026-03-10 18:59:21,956 - INFO - SequenceDataset: 152966/228206 valid sequences (Lookback protection active).
2026-03-10 18:59:21,956 - INFO - SequenceDataset: 65585/97790 valid sequences (Lookback protection active).
2026-03-10 18:59:22,310 - INFO - Trial 34 START | tcn=512, lstm=64, layers=3, batch=512, seq=96, drop=0.5481, lr=0.000086, wd=0.0007 | alpha=[2.17, 0.61, 2.17], gamma=1.57, smooth=0.07
2026-03-10 18:59:40,359 - INFO - T34 E1/50 | L: 0.50866270/0.41657997 | F1 M: 0.42116530 D: 0.18619452 | [S/N/B]: [0.2668/0.8911/0.1056] | LR: 0.00008558
2026-03-10 18:59:58,465 - INFO - T34 E2/50 | L: 0.48623493/0.41260012 | F1 M: 0.44123410 D: 0.21667220 | [S/N/B]: [0.2612/0.8904/0.1722] | LR: 0.00008533
2026-03-10 19:00:17,009 - INFO - T34 E3/50 | L: 0.48201505/0.41257325 | F1 M: 0.42923324 D: 0.19689765 | [S/N/B]: [0.1273/0.8939/0.2664] | LR: 0.00008491
2026-03-10 19:00:35,216 - INFO - T34 E4/50 | L: 0.47854040/0.41408780 | F1 M: 0.44531483 D: 0.21955958 | [S/N/B]: [0.1842/0.8968/0.2549] | LR: 0.00008432
2026-03-10 19:00:35,369 - INFO - 🥇 [MACRO]  Trial 34 | Global F1 Macro record: 0.44531483 (prev: 0.44129908) → saved best_tcn_lstm.pt
2026-03-10 19:00:35,422 - INFO - 🏆 [DIR]    Trial 34 | Global F1 Dir record: 0.21955958 (prev: 0.21929070) → saved best_tcn_lstm_dir.pt
2026-03-10 19:00:54,219 - INFO - T34 E5/50 | L: 0.47608782/0.41506710 | F1 M: 0.43811784 D: 0.21042930 | [S/N/B]: [0.1614/0.8935/0.2594] | LR: 0.00008357
2026-03-10 19:01:12,505 - INFO - T34 E6/50 | L: 0.47229334/0.41416468 | F1 M: 0.43824024 D: 0.21526330 | [S/N/B]: [0.1826/0.8842/0.2480] | LR: 0.00008266
2026-03-10 19:01:12,588 - INFO - Trial 34 stopped early due to patience (3 epochs without improvement)
2026-03-10 19:01:12,841 - INFO - Trial 34 finished with value: 0.4453148309371124 and parameters: {'tcn_channels': 512, 'lstm_hidden': 64, 'num_lstm_layers': 3, 'batch_size': 512, 'dropout': 0.5480624200598725, 'seq_len': 96, 'lr': 8.566598147350357e-05, 'weight_decay': 0.000702010453717582, 'base_alpha_side': 2.169261615467286, 'base_alpha_neutral': 0.6079508977795318, 'base_loss_gamma': 1.5727028185673466, 'base_loss_smoothing': 0.06519857400972771}. Best is trial 34 with value: 0.4453148309371124.
2026-03-10 19:01:14,372 - INFO - SequenceDataset: 133934/228182 valid sequences (Lookback protection active).
2026-03-10 19:01:14,373 - INFO - SequenceDataset: 57425/97766 valid sequences (Lookback protection active).
2026-03-10 19:01:14,660 - INFO - Trial 35 START | tcn=64, lstm=64, layers=3, batch=512, seq=120, drop=0.5540, lr=0.000089, wd=0.0018 | alpha=[2.48, 0.68, 2.48], gamma=1.52, smooth=0.08
2026-03-10 19:01:21,724 - INFO - T35 E1/50 | L: 0.66761842/0.54754257 | F1 M: 0.37924504 D: 0.13141857 | [S/N/B]: [0.2588/0.8749/0.0040] | LR: 0.00008919
2026-03-10 19:01:29,145 - INFO - T35 E2/50 | L: 0.63706827/0.54258516 | F1 M: 0.41704771 D: 0.17958139 | [S/N/B]: [0.0858/0.8920/0.2734] | LR: 0.00008892
2026-03-10 19:01:37,431 - INFO - T35 E3/50 | L: 0.63389498/0.54113357 | F1 M: 0.42843900 D: 0.19471488 | [S/N/B]: [0.1182/0.8959/0.2712] | LR: 0.00008848
2026-03-10 19:01:44,739 - INFO - T35 E4/50 | L: 0.63171706/0.54086339 | F1 M: 0.43682032 D: 0.20756789 | [S/N/B]: [0.1520/0.8953/0.2632] | LR: 0.00008787
2026-03-10 19:01:52,512 - INFO - T35 E5/50 | L: 0.63048290/0.54079314 | F1 M: 0.43658899 D: 0.20982442 | [S/N/B]: [0.1502/0.8901/0.2695] | LR: 0.00008709
2026-03-10 19:02:00,175 - INFO - T35 E6/50 | L: 0.62992025/0.54030987 | F1 M: 0.44119529 D: 0.21512075 | [S/N/B]: [0.1676/0.8933/0.2626] | LR: 0.00008614
2026-03-10 19:02:07,799 - INFO - T35 E7/50 | L: 0.62912041/0.54020907 | F1 M: 0.43828866 D: 0.21193956 | [S/N/B]: [0.1607/0.8910/0.2632] | LR: 0.00008503
2026-03-10 19:02:15,689 - INFO - T35 E8/50 | L: 0.62798074/0.54068460 | F1 M: 0.43881276 D: 0.21158960 | [S/N/B]: [0.1606/0.8933/0.2626] | LR: 0.00008375
2026-03-10 19:02:24,052 - INFO - T35 E9/50 | L: 0.62798099/0.54031884 | F1 M: 0.43783663 D: 0.21030951 | [S/N/B]: [0.1551/0.8929/0.2656] | LR: 0.00008232
2026-03-10 19:02:32,150 - INFO - T35 E10/50 | L: 0.62720628/0.54004579 | F1 M: 0.43881081 D: 0.21238311 | [S/N/B]: [0.1636/0.8917/0.2611] | LR: 0.00008075
2026-03-10 19:02:40,167 - INFO - T35 E11/50 | L: 0.62650361/0.53966463 | F1 M: 0.44069662 D: 0.21671663 | [S/N/B]: [0.1772/0.8887/0.2563] | LR: 0.00007903
2026-03-10 19:02:48,423 - INFO - T35 E12/50 | L: 0.62579449/0.54022571 | F1 M: 0.44032585 D: 0.21706190 | [S/N/B]: [0.1811/0.8869/0.2530] | LR: 0.00007718
2026-03-10 19:02:56,647 - INFO - T35 E13/50 | L: 0.62557140/0.53994972 | F1 M: 0.44149644 D: 0.21694795 | [S/N/B]: [0.1799/0.8906/0.2540] | LR: 0.00007519
2026-03-10 19:03:04,452 - INFO - T35 E14/50 | L: 0.62506983/0.54040426 | F1 M: 0.43926772 D: 0.21466735 | [S/N/B]: [0.1747/0.8885/0.2547] | LR: 0.00007309
2026-03-10 19:03:04,551 - INFO - Trial 35 stopped early due to patience (3 epochs without improvement)
2026-03-10 19:03:04,773 - INFO - Trial 35 finished with value: 0.4414964363425143 and parameters: {'tcn_channels': 64, 'lstm_hidden': 64, 'num_lstm_layers': 3, 'batch_size': 512, 'dropout': 0.5539512681012438, 'seq_len': 120, 'lr': 8.927344348693036e-05, 'weight_decay': 0.0018072243508030523, 'base_alpha_side': 2.4808255504221126, 'base_alpha_neutral': 0.6762386511652609, 'base_loss_gamma': 1.517082309644111, 'base_loss_smoothing': 0.07647178573590295}. Best is trial 34 with value: 0.4453148309371124.
2026-03-10 19:03:06,292 - INFO - SequenceDataset: 152966/228206 valid sequences (Lookback protection active).
2026-03-10 19:03:06,293 - INFO - SequenceDataset: 65585/97790 valid sequences (Lookback protection active).
2026-03-10 19:03:07,208 - INFO - Trial 36 START | tcn=64, lstm=64, layers=3, batch=512, seq=96, drop=0.5530, lr=0.000087, wd=0.0020 | alpha=[2.42, 0.58, 2.42], gamma=1.35, smooth=0.04
2026-03-10 19:03:14,970 - INFO - T36 E1/50 | L: 0.58593415/0.46924440 | F1 M: 0.37058826 D: 0.12561222 | [S/N/B]: [0.0000/0.8605/0.2512] | LR: 0.00008669
2026-03-10 19:03:24,041 - INFO - T36 E2/50 | L: 0.55364074/0.46400268 | F1 M: 0.38303828 D: 0.13359605 | [S/N/B]: [0.0000/0.8819/0.2672] | LR: 0.00008643
2026-03-10 19:03:32,482 - INFO - T36 E3/50 | L: 0.55025310/0.46198725 | F1 M: 0.41874912 D: 0.18422774 | [S/N/B]: [0.0990/0.8878/0.2695] | LR: 0.00008601
2026-03-10 19:03:41,289 - INFO - T36 E4/50 | L: 0.54803847/0.46070028 | F1 M: 0.43806519 D: 0.21244885 | [S/N/B]: [0.1676/0.8893/0.2573] | LR: 0.00008541
2026-03-10 19:03:49,306 - INFO - T36 E5/50 | L: 0.54674444/0.46018996 | F1 M: 0.44155939 D: 0.21902747 | [S/N/B]: [0.1957/0.8866/0.2423] | LR: 0.00008465
2026-03-10 19:03:58,071 - INFO - T36 E6/50 | L: 0.54607982/0.46018523 | F1 M: 0.44174404 D: 0.21928566 | [S/N/B]: [0.1966/0.8867/0.2420] | LR: 0.00008373
2026-03-10 19:04:07,294 - INFO - T36 E7/50 | L: 0.54513555/0.46001851 | F1 M: 0.44092024 D: 0.21990873 | [S/N/B]: [0.2072/0.8829/0.2326] | LR: 0.00008265
2026-03-10 19:04:07,469 - INFO - 🏆 [DIR]    Trial 36 | Global F1 Dir record: 0.21990873 (prev: 0.21955958) → saved best_tcn_lstm_dir.pt
2026-03-10 19:04:15,818 - INFO - T36 E8/50 | L: 0.54435981/0.46030615 | F1 M: 0.44101988 D: 0.22005305 | [S/N/B]: [0.1972/0.8830/0.2429] | LR: 0.00008141
2026-03-10 19:04:15,865 - INFO - 🏆 [DIR]    Trial 36 | Global F1 Dir record: 0.22005305 (prev: 0.21990873) → saved best_tcn_lstm_dir.pt
2026-03-10 19:04:24,364 - INFO - T36 E9/50 | L: 0.54274350/0.46010789 | F1 M: 0.44078844 D: 0.21755788 | [S/N/B]: [0.2093/0.8872/0.2258] | LR: 0.00008002
2026-03-10 19:04:33,578 - INFO - T36 E10/50 | L: 0.54237271/0.46022466 | F1 M: 0.43328535 D: 0.21319992 | [S/N/B]: [0.2253/0.8735/0.2011] | LR: 0.00007849
2026-03-10 19:04:33,709 - INFO - Trial 36 stopped early due to patience (3 epochs without improvement)
2026-03-10 19:04:33,989 - INFO - Trial 36 finished with value: 0.4417440413652191 and parameters: {'tcn_channels': 64, 'lstm_hidden': 64, 'num_lstm_layers': 3, 'batch_size': 512, 'dropout': 0.5529820429159742, 'seq_len': 96, 'lr': 8.677498788925385e-05, 'weight_decay': 0.0019925215043089368, 'base_alpha_side': 2.424477308075671, 'base_alpha_neutral': 0.5844304190907538, 'base_loss_gamma': 1.3514887114365295, 'base_loss_smoothing': 0.040910160366658815}. Best is trial 34 with value: 0.4453148309371124.
2026-03-10 19:04:35,884 - INFO - SequenceDataset: 210062/228278 valid sequences (Lookback protection active).
2026-03-10 19:04:35,885 - INFO - SequenceDataset: 90065/97862 valid sequences (Lookback protection active).
2026-03-10 19:04:36,297 - INFO - Trial 37 START | tcn=64, lstm=64, layers=3, batch=512, seq=24, drop=0.5962, lr=0.000085, wd=0.0023 | alpha=[2.56, 0.57, 2.56], gamma=1.26, smooth=0.03
2026-03-10 19:04:45,946 - INFO - T37 E1/50 | L: 0.55688332/0.44712418 | F1 M: 0.40961305 D: 0.16948566 | [S/N/B]: [0.2526/0.8899/0.0864] | LR: 0.00008454
2026-03-10 19:04:56,518 - INFO - T37 E2/50 | L: 0.52743239/0.44337609 | F1 M: 0.38695059 D: 0.12947672 | [S/N/B]: [0.0000/0.9019/0.2590] | LR: 0.00008429
2026-03-10 19:05:06,425 - INFO - T37 E3/50 | L: 0.52369160/0.44304542 | F1 M: 0.38466961 D: 0.12849885 | [S/N/B]: [0.0000/0.8970/0.2570] | LR: 0.00008387
2026-03-10 19:05:07,031 - INFO - Trial 37 pruned by Optuna at epoch 3
2026-03-10 19:05:07,288 - INFO - Trial 37 pruned. 
2026-03-10 19:05:09,696 - INFO - SequenceDataset: 152966/228206 valid sequences (Lookback protection active).
2026-03-10 19:05:09,697 - INFO - SequenceDataset: 65585/97790 valid sequences (Lookback protection active).
2026-03-10 19:05:10,626 - INFO - Trial 38 START | tcn=64, lstm=64, layers=3, batch=256, seq=96, drop=0.5502, lr=0.000087, wd=0.0016 | alpha=[2.24, 0.50, 2.24], gamma=1.45, smooth=0.04
2026-03-10 19:05:24,299 - INFO - T38 E1/50 | L: 0.47172013/0.38705275 | F1 M: 0.42849929 D: 0.21930354 | [S/N/B]: [0.2713/0.8469/0.1673] | LR: 0.00008648
2026-03-10 19:05:39,970 - INFO - T38 E2/50 | L: 0.45814205/0.38410850 | F1 M: 0.37429437 D: 0.12928236 | [S/N/B]: [0.0000/0.8643/0.2586] | LR: 0.00008622
2026-03-10 19:05:53,995 - INFO - T38 E3/50 | L: 0.45622292/0.38411630 | F1 M: 0.36819681 D: 0.12571764 | [S/N/B]: [0.0000/0.8532/0.2514] | LR: 0.00008580
2026-03-10 19:06:07,615 - INFO - T38 E4/50 | L: 0.45497824/0.38354665 | F1 M: 0.41876632 D: 0.19905570 | [S/N/B]: [0.1620/0.8582/0.2361] | LR: 0.00008521
2026-03-10 19:06:22,291 - INFO - T38 E5/50 | L: 0.45465737/0.38371973 | F1 M: 0.41311425 D: 0.19074450 | [S/N/B]: [0.1373/0.8579/0.2441] | LR: 0.00008445
2026-03-10 19:06:36,775 - INFO - T38 E6/50 | L: 0.45368372/0.38342187 | F1 M: 0.42112830 D: 0.20391605 | [S/N/B]: [0.1833/0.8556/0.2245] | LR: 0.00008353
2026-03-10 19:06:51,407 - INFO - T38 E7/50 | L: 0.45290677/0.38291311 | F1 M: 0.41566996 D: 0.19768489 | [S/N/B]: [0.1557/0.8516/0.2397] | LR: 0.00008245
2026-03-10 19:07:06,272 - INFO - T38 E8/50 | L: 0.45231795/0.38341661 | F1 M: 0.42400953 D: 0.20448228 | [S/N/B]: [0.1709/0.8631/0.2381] | LR: 0.00008121
2026-03-10 19:07:20,529 - INFO - T38 E9/50 | L: 0.45163283/0.38273003 | F1 M: 0.42203976 D: 0.20355888 | [S/N/B]: [0.1637/0.8590/0.2435] | LR: 0.00007983
2026-03-10 19:07:35,192 - INFO - T38 E10/50 | L: 0.45147770/0.38260725 | F1 M: 0.42086031 D: 0.20377111 | [S/N/B]: [0.2046/0.8550/0.2030] | LR: 0.00007830
2026-03-10 19:07:49,045 - INFO - T38 E11/50 | L: 0.45104493/0.38262576 | F1 M: 0.42646569 D: 0.20775782 | [S/N/B]: [0.1976/0.8639/0.2179] | LR: 0.00007663
2026-03-10 19:08:04,030 - INFO - T38 E12/50 | L: 0.45062705/0.38361694 | F1 M: 0.42184681 D: 0.20397040 | [S/N/B]: [0.1575/0.8576/0.2505] | LR: 0.00007484
2026-03-10 19:08:18,448 - INFO - T38 E13/50 | L: 0.45023674/0.38274057 | F1 M: 0.42655042 D: 0.20973748 | [S/N/B]: [0.1837/0.8602/0.2358] | LR: 0.00007291
2026-03-10 19:08:18,573 - INFO - Trial 38 stopped early due to patience (3 epochs without improvement)
2026-03-10 19:08:18,888 - INFO - Trial 38 finished with value: 0.4284992873632359 and parameters: {'tcn_channels': 64, 'lstm_hidden': 64, 'num_lstm_layers': 3, 'batch_size': 256, 'dropout': 0.550223298878454, 'seq_len': 96, 'lr': 8.656615552515772e-05, 'weight_decay': 0.001572423430879202, 'base_alpha_side': 2.240305070965603, 'base_alpha_neutral': 0.49825090796516197, 'base_loss_gamma': 1.4537384489433403, 'base_loss_smoothing': 0.04338728695538405}. Best is trial 34 with value: 0.4453148309371124.
2026-03-10 19:08:20,863 - INFO - SequenceDataset: 133934/228182 valid sequences (Lookback protection active).
2026-03-10 19:08:20,864 - INFO - SequenceDataset: 57425/97766 valid sequences (Lookback protection active).
2026-03-10 19:08:21,261 - INFO - Trial 39 START | tcn=64, lstm=64, layers=3, batch=512, seq=120, drop=0.5668, lr=0.000028, wd=0.0011 | alpha=[1.96, 0.40, 1.96], gamma=1.36, smooth=0.02
2026-03-10 19:08:29,543 - INFO - T39 E1/50 | L: 0.41136593/0.34438798 | F1 M: 0.24806913 D: 0.08840999 | [S/N/B]: [0.1768/0.5674/0.0000] | LR: 0.00002822
2026-03-10 19:08:37,438 - INFO - T39 E2/50 | L: 0.38826874/0.32403378 | F1 M: 0.33299123 D: 0.11427004 | [S/N/B]: [0.2186/0.7704/0.0099] | LR: 0.00002813
2026-03-10 19:08:45,431 - INFO - T39 E3/50 | L: 0.37942582/0.31915840 | F1 M: 0.39512585 D: 0.20306945 | [S/N/B]: [0.1567/0.7792/0.2494] | LR: 0.00002799
2026-03-10 19:08:46,307 - INFO - Trial 39 pruned by Optuna at epoch 3
2026-03-10 19:08:46,547 - INFO - Trial 39 pruned. 
2026-03-10 19:08:48,753 - INFO - SequenceDataset: 191030/228254 valid sequences (Lookback protection active).
2026-03-10 19:08:48,758 - INFO - SequenceDataset: 81905/97838 valid sequences (Lookback protection active).
2026-03-10 19:08:49,184 - INFO - Trial 40 START | tcn=64, lstm=64, layers=3, batch=512, seq=48, drop=0.5383, lr=0.000049, wd=0.0008 | alpha=[2.38, 0.64, 2.38], gamma=1.05, smooth=0.07
2026-03-10 19:08:58,172 - INFO - T40 E1/50 | L: 0.64272998/0.52714578 | F1 M: 0.42838906 D: 0.19006389 | [S/N/B]: [0.1557/0.9050/0.2245] | LR: 0.00004916
2026-03-10 19:09:08,709 - INFO - T40 E2/50 | L: 0.60706181/0.52222160 | F1 M: 0.44394053 D: 0.21172612 | [S/N/B]: [0.2427/0.9084/0.1807] | LR: 0.00004902
2026-03-10 19:09:18,426 - INFO - T40 E3/50 | L: 0.60345428/0.52023900 | F1 M: 0.42726036 D: 0.18278433 | [S/N/B]: [0.1286/0.9162/0.2370] | LR: 0.00004878
2026-03-10 19:09:27,401 - INFO - T40 E4/50 | L: 0.60160506/0.51989327 | F1 M: 0.39511411 D: 0.13345765 | [S/N/B]: [0.0000/0.9184/0.2669] | LR: 0.00004844
2026-03-10 19:09:37,052 - INFO - T40 E5/50 | L: 0.60009528/0.51831147 | F1 M: 0.39512538 D: 0.13455383 | [S/N/B]: [0.0000/0.9163/0.2691] | LR: 0.00004801
2026-03-10 19:09:46,543 - INFO - T40 E6/50 | L: 0.59932948/0.51824171 | F1 M: 0.39470343 D: 0.13507866 | [S/N/B]: [0.0000/0.9140/0.2702] | LR: 0.00004748
2026-03-10 19:09:56,138 - INFO - T40 E7/50 | L: 0.59894446/0.51726070 | F1 M: 0.39547956 D: 0.13401311 | [S/N/B]: [0.0000/0.9184/0.2680] | LR: 0.00004687
2026-03-10 19:10:06,108 - INFO - T40 E8/50 | L: 0.59817886/0.51732772 | F1 M: 0.39592209 D: 0.13501561 | [S/N/B]: [0.0000/0.9177/0.2700] | LR: 0.00004617
2026-03-10 19:10:15,714 - INFO - T40 E9/50 | L: 0.59695363/0.51684675 | F1 M: 0.39676657 D: 0.13530044 | [S/N/B]: [0.0000/0.9197/0.2706] | LR: 0.00004538
2026-03-10 19:10:25,295 - INFO - T40 E10/50 | L: 0.59768651/0.51682824 | F1 M: 0.39586316 D: 0.13510556 | [S/N/B]: [0.0000/0.9174/0.2702] | LR: 0.00004451
2026-03-10 19:10:34,216 - INFO - T40 E11/50 | L: 0.59618948/0.51708163 | F1 M: 0.39599673 D: 0.13515279 | [S/N/B]: [0.0004/0.9177/0.2699] | LR: 0.00004357
2026-03-10 19:10:43,878 - INFO - T40 E12/50 | L: 0.59621080/0.51676733 | F1 M: 0.39593356 D: 0.13572594 | [S/N/B]: [0.0004/0.9163/0.2710] | LR: 0.00004254
2026-03-10 19:10:53,812 - INFO - T40 E13/50 | L: 0.59529720/0.51599272 | F1 M: 0.39767057 D: 0.13655445 | [S/N/B]: [0.0012/0.9199/0.2719] | LR: 0.00004145
2026-03-10 19:11:03,587 - INFO - T40 E14/50 | L: 0.59562367/0.51609984 | F1 M: 0.40002837 D: 0.14082742 | [S/N/B]: [0.0104/0.9184/0.2713] | LR: 0.00004029
2026-03-10 19:11:12,996 - INFO - T40 E15/50 | L: 0.59477868/0.51625065 | F1 M: 0.40160035 D: 0.14410065 | [S/N/B]: [0.0161/0.9166/0.2721] | LR: 0.00003907
2026-03-10 19:11:22,396 - INFO - T40 E16/50 | L: 0.59498587/0.51635484 | F1 M: 0.40871551 D: 0.15500848 | [S/N/B]: [0.0380/0.9161/0.2721] | LR: 0.00003779
2026-03-10 19:11:22,513 - INFO - Trial 40 stopped early due to patience (3 epochs without improvement)
2026-03-10 19:11:22,726 - INFO - Trial 40 finished with value: 0.4439405281920428 and parameters: {'tcn_channels': 64, 'lstm_hidden': 64, 'num_lstm_layers': 3, 'batch_size': 512, 'dropout': 0.5383066946254951, 'seq_len': 48, 'lr': 4.9212715316354864e-05, 'weight_decay': 0.0008347069606302402, 'base_alpha_side': 2.3831325061736037, 'base_alpha_neutral': 0.6422177715636812, 'base_loss_gamma': 1.052539982930564, 'base_loss_smoothing': 0.07373373109762475}. Best is trial 34 with value: 0.4453148309371124.
2026-03-10 19:11:24,185 - INFO - SequenceDataset: 191030/228254 valid sequences (Lookback protection active).
2026-03-10 19:11:24,185 - INFO - SequenceDataset: 81905/97838 valid sequences (Lookback protection active).
2026-03-10 19:11:24,763 - INFO - Trial 41 START | tcn=64, lstm=64, layers=3, batch=512, seq=48, drop=0.5379, lr=0.000047, wd=0.0009 | alpha=[2.37, 0.65, 2.37], gamma=1.00, smooth=0.07
2026-03-10 19:11:34,070 - INFO - T41 E1/50 | L: 0.67821483/0.54028873 | F1 M: 0.38604287 D: 0.12661290 | [S/N/B]: [0.0000/0.9049/0.2532] | LR: 0.00004699
2026-03-10 19:11:43,915 - INFO - T41 E2/50 | L: 0.62118034/0.53318667 | F1 M: 0.39090193 D: 0.13120097 | [S/N/B]: [0.0000/0.9103/0.2624] | LR: 0.00004685
2026-03-10 19:11:53,605 - INFO - T41 E3/50 | L: 0.61612349/0.53153284 | F1 M: 0.39311893 D: 0.13341132 | [S/N/B]: [0.0000/0.9125/0.2668] | LR: 0.00004662
2026-03-10 19:11:53,877 - INFO - Trial 41 pruned by Optuna at epoch 3
2026-03-10 19:11:54,035 - INFO - Trial 41 pruned. 
2026-03-10 19:11:55,507 - INFO - SequenceDataset: 191030/228254 valid sequences (Lookback protection active).
2026-03-10 19:11:55,508 - INFO - SequenceDataset: 81905/97838 valid sequences (Lookback protection active).
2026-03-10 19:11:55,808 - INFO - Trial 42 START | tcn=64, lstm=64, layers=3, batch=512, seq=48, drop=0.5235, lr=0.000075, wd=0.0015 | alpha=[2.69, 0.60, 2.69], gamma=1.15, smooth=0.06
2026-03-10 19:12:04,385 - INFO - T42 E1/50 | L: 0.66397731/0.54021005 | F1 M: 0.37944292 D: 0.12566971 | [S/N/B]: [0.0000/0.8870/0.2513] | LR: 0.00007460
2026-03-10 19:12:14,272 - INFO - T42 E2/50 | L: 0.62870561/0.53542829 | F1 M: 0.38919953 D: 0.13207239 | [S/N/B]: [0.0000/0.9035/0.2641] | LR: 0.00007438
2026-03-10 19:12:24,012 - INFO - T42 E3/50 | L: 0.62461511/0.53335373 | F1 M: 0.39143967 D: 0.13416048 | [S/N/B]: [0.0004/0.9060/0.2679] | LR: 0.00007401
2026-03-10 19:12:24,283 - INFO - Trial 42 pruned by Optuna at epoch 3
2026-03-10 19:12:24,495 - INFO - Trial 42 pruned. 
2026-03-10 19:12:25,830 - INFO - SequenceDataset: 191030/228254 valid sequences (Lookback protection active).
2026-03-10 19:12:25,830 - INFO - SequenceDataset: 81905/97838 valid sequences (Lookback protection active).
2026-03-10 19:12:26,662 - INFO - Trial 43 START | tcn=64, lstm=64, layers=3, batch=512, seq=48, drop=0.5635, lr=0.000054, wd=0.0023 | alpha=[2.39, 0.66, 2.39], gamma=1.17, smooth=0.04
2026-03-10 19:12:35,999 - INFO - T43 E1/50 | L: 0.60788654/0.48279567 | F1 M: 0.38697195 D: 0.12731926 | [S/N/B]: [0.0000/0.9063/0.2546] | LR: 0.00005412
2026-03-10 19:12:45,602 - INFO - T43 E2/50 | L: 0.56550506/0.47454528 | F1 M: 0.39260527 D: 0.13196370 | [S/N/B]: [0.0000/0.9139/0.2639] | LR: 0.00005396
2026-03-10 19:12:55,050 - INFO - T43 E3/50 | L: 0.56008185/0.47256818 | F1 M: 0.39410293 D: 0.13274743 | [S/N/B]: [0.0000/0.9168/0.2655] | LR: 0.00005370
