2026-03-10 17:39:10,932 - INFO - 📁 DYNAMIC DATA PATHS: Train=data/L2/labelled/train | Val=data/L2/labelled/val
2026-03-10 17:39:10,932 - INFO - Loading data for optimization...
2026-03-10 17:39:37,734 - INFO - Loaded 228,301 rows from data/L2/labelled/train
2026-03-10 17:39:47,896 - INFO - Loaded 97,885 rows from data/L2/labelled/val
2026-03-10 17:39:48,373 - INFO - 💾 Scaler saved properly to: RESULTADOS_SELL_0003_BUY_0003_15min_lookahead_600min_lookback_5min/08_03_2026_v000/MODELOS/BASE_MODEL/scaler_foundation.pkl
2026-03-10 17:39:48,374 - INFO - FocalLoss alpha: Optuna assumira o controle Dinamico no espaco de busca.
2026-03-10 17:39:48,374 - INFO - Loss: FocalLossWithSmoothing | fallback_gamma=OPTUNA_DINAMICO | fallback_smoothing=OPTUNA_DINAMICO
2026-03-10 17:40:01,145 - INFO - A new study created in RDB with name: QUANTGOD_V000
2026-03-10 17:40:01,199 - INFO - Starting 100 trials | Metric: f1_macro | Timeout: 72000s
2026-03-10 17:40:03,221 - INFO - SequenceDataset: 133934/228182 valid sequences (Lookback protection active).
2026-03-10 17:40:03,222 - INFO - SequenceDataset: 57425/97766 valid sequences (Lookback protection active).
2026-03-10 17:40:04,608 - INFO - Trial 0 START | tcn=64, lstm=32, layers=8, batch=512, seq=120, drop=0.3523, lr=0.000017, wd=0.0009 | alpha=[3.61, 0.61, 3.61], gamma=2.61, smooth=0.11
2026-03-10 17:41:14,471 - INFO - T0 E1/50 | L: 0.84779507/0.71787176 | F1 M: 0.30860075 D: 0.00000000 | [S/N/B]: [0.0000/0.9258/0.0000] | LR: 0.00001747
2026-03-10 17:41:14,597 - INFO - 🥇 [MACRO]  Trial 0 | Global F1 Macro record: 0.30860075 (prev: 0.00000000) → saved best_tcn_lstm.pt
2026-03-10 17:41:24,565 - INFO - T0 E2/50 | L: 0.84072222/0.71262086 | F1 M: 0.30860075 D: 0.00000000 | [S/N/B]: [0.0000/0.9258/0.0000] | LR: 0.00001741
2026-03-10 17:41:34,963 - INFO - T0 E3/50 | L: 0.82301421/0.70049638 | F1 M: 0.07909942 D: 0.11864912 | [S/N/B]: [0.1837/0.0000/0.0536] | LR: 0.00001733
2026-03-10 17:41:35,169 - INFO - 🏆 [DIR]    Trial 0 | Global F1 Dir record: 0.11864912 (prev: 0.00000000) → saved best_tcn_lstm_dir.pt
2026-03-10 17:41:50,646 - INFO - T0 E4/50 | L: 0.80485013/0.69179452 | F1 M: 0.31966702 D: 0.14694842 | [S/N/B]: [0.2038/0.6651/0.0901] | LR: 0.00001721
2026-03-10 17:41:50,678 - INFO - 🥇 [MACRO]  Trial 0 | Global F1 Macro record: 0.31966702 (prev: 0.30860075) → saved best_tcn_lstm.pt
2026-03-10 17:41:50,725 - INFO - 🏆 [DIR]    Trial 0 | Global F1 Dir record: 0.14694842 (prev: 0.11864912) → saved best_tcn_lstm_dir.pt
2026-03-10 17:42:00,545 - INFO - T0 E5/50 | L: 0.79757536/0.68434394 | F1 M: 0.35314270 D: 0.16624434 | [S/N/B]: [0.2257/0.7269/0.1068] | LR: 0.00001705
2026-03-10 17:42:00,898 - INFO - 🥇 [MACRO]  Trial 0 | Global F1 Macro record: 0.35314270 (prev: 0.31966702) → saved best_tcn_lstm.pt
2026-03-10 17:42:00,930 - INFO - 🏆 [DIR]    Trial 0 | Global F1 Dir record: 0.16624434 (prev: 0.14694842) → saved best_tcn_lstm_dir.pt
2026-03-10 17:42:10,629 - INFO - T0 E6/50 | L: 0.79353406/0.68021742 | F1 M: 0.36097927 D: 0.17788891 | [S/N/B]: [0.2355/0.7272/0.1202] | LR: 0.00001687
2026-03-10 17:42:10,829 - INFO - 🥇 [MACRO]  Trial 0 | Global F1 Macro record: 0.36097927 (prev: 0.35314270) → saved best_tcn_lstm.pt
2026-03-10 17:42:10,867 - INFO - 🏆 [DIR]    Trial 0 | Global F1 Dir record: 0.17788891 (prev: 0.16624434) → saved best_tcn_lstm_dir.pt
2026-03-10 17:42:20,429 - INFO - T0 E7/50 | L: 0.78963887/0.67639556 | F1 M: 0.37259585 D: 0.19077063 | [S/N/B]: [0.2449/0.7362/0.1366] | LR: 0.00001665
2026-03-10 17:42:20,468 - INFO - 🥇 [MACRO]  Trial 0 | Global F1 Macro record: 0.37259585 (prev: 0.36097927) → saved best_tcn_lstm.pt
2026-03-10 17:42:20,496 - INFO - 🏆 [DIR]    Trial 0 | Global F1 Dir record: 0.19077063 (prev: 0.17788891) → saved best_tcn_lstm_dir.pt
2026-03-10 17:42:30,561 - INFO - T0 E8/50 | L: 0.78693736/0.67297151 | F1 M: 0.37961926 D: 0.20077413 | [S/N/B]: [0.2457/0.7373/0.1558] | LR: 0.00001640
2026-03-10 17:42:30,609 - INFO - 🥇 [MACRO]  Trial 0 | Global F1 Macro record: 0.37961926 (prev: 0.37259585) → saved best_tcn_lstm.pt
2026-03-10 17:42:30,637 - INFO - 🏆 [DIR]    Trial 0 | Global F1 Dir record: 0.20077413 (prev: 0.19077063) → saved best_tcn_lstm_dir.pt
2026-03-10 17:42:42,071 - INFO - T0 E9/50 | L: 0.78470722/0.67139941 | F1 M: 0.37978424 D: 0.20172593 | [S/N/B]: [0.2492/0.7359/0.1542] | LR: 0.00001612
2026-03-10 17:42:42,123 - INFO - 🥇 [MACRO]  Trial 0 | Global F1 Macro record: 0.37978424 (prev: 0.37961926) → saved best_tcn_lstm.pt
2026-03-10 17:42:42,167 - INFO - 🏆 [DIR]    Trial 0 | Global F1 Dir record: 0.20172593 (prev: 0.20077413) → saved best_tcn_lstm_dir.pt
2026-03-10 17:42:52,439 - INFO - T0 E10/50 | L: 0.78285135/0.66847234 | F1 M: 0.38265982 D: 0.20042692 | [S/N/B]: [0.2239/0.7471/0.1770] | LR: 0.00001581
2026-03-10 17:42:52,721 - INFO - 🥇 [MACRO]  Trial 0 | Global F1 Macro record: 0.38265982 (prev: 0.37978424) → saved best_tcn_lstm.pt
2026-03-10 17:43:02,061 - INFO - T0 E11/50 | L: 0.78134019/0.66699174 | F1 M: 0.38545168 D: 0.20601746 | [S/N/B]: [0.2393/0.7443/0.1727] | LR: 0.00001548
2026-03-10 17:43:02,110 - INFO - 🥇 [MACRO]  Trial 0 | Global F1 Macro record: 0.38545168 (prev: 0.38265982) → saved best_tcn_lstm.pt
2026-03-10 17:43:02,142 - INFO - 🏆 [DIR]    Trial 0 | Global F1 Dir record: 0.20601746 (prev: 0.20172593) → saved best_tcn_lstm_dir.pt
2026-03-10 17:43:13,496 - INFO - T0 E12/50 | L: 0.78028475/0.66561100 | F1 M: 0.38223224 D: 0.20307567 | [S/N/B]: [0.2303/0.7405/0.1758] | LR: 0.00001511
2026-03-10 17:43:23,189 - INFO - T0 E13/50 | L: 0.77853366/0.66459736 | F1 M: 0.38206944 D: 0.20614721 | [S/N/B]: [0.2417/0.7339/0.1706] | LR: 0.00001473
2026-03-10 17:43:23,224 - INFO - 🏆 [DIR]    Trial 0 | Global F1 Dir record: 0.20614721 (prev: 0.20601746) → saved best_tcn_lstm_dir.pt
2026-03-10 17:43:33,726 - INFO - T0 E14/50 | L: 0.77857744/0.66399090 | F1 M: 0.38166975 D: 0.20722396 | [S/N/B]: [0.2449/0.7306/0.1695] | LR: 0.00001431
2026-03-10 17:43:33,762 - INFO - 🏆 [DIR]    Trial 0 | Global F1 Dir record: 0.20722396 (prev: 0.20614721) → saved best_tcn_lstm_dir.pt
2026-03-10 17:43:44,226 - INFO - T0 E15/50 | L: 0.77682338/0.66303161 | F1 M: 0.37446254 D: 0.19571903 | [S/N/B]: [0.2139/0.7319/0.1775] | LR: 0.00001388
2026-03-10 17:43:54,618 - INFO - T0 E16/50 | L: 0.77544225/0.66225035 | F1 M: 0.37361880 D: 0.19116071 | [S/N/B]: [0.2009/0.7385/0.1814] | LR: 0.00001343
2026-03-10 17:44:05,411 - INFO - T0 E17/50 | L: 0.77527903/0.66182838 | F1 M: 0.37331396 D: 0.19350678 | [S/N/B]: [0.2073/0.7329/0.1797] | LR: 0.00001295
2026-03-10 17:44:15,625 - INFO - T0 E18/50 | L: 0.77559318/0.66156432 | F1 M: 0.37509292 D: 0.19454963 | [S/N/B]: [0.2085/0.7362/0.1806] | LR: 0.00001246
2026-03-10 17:44:25,597 - INFO - T0 E19/50 | L: 0.77423114/0.66113563 | F1 M: 0.36621248 D: 0.18255180 | [S/N/B]: [0.1772/0.7335/0.1879] | LR: 0.00001196
2026-03-10 17:44:35,337 - INFO - T0 E20/50 | L: 0.77361615/0.66078249 | F1 M: 0.35523570 D: 0.16469570 | [S/N/B]: [0.1337/0.7363/0.1957] | LR: 0.00001144
2026-03-10 17:44:45,532 - INFO - T0 E21/50 | L: 0.77391037/0.66036959 | F1 M: 0.35277214 D: 0.15999836 | [S/N/B]: [0.1227/0.7383/0.1973] | LR: 0.00001092
2026-03-10 17:44:55,880 - INFO - T0 E22/50 | L: 0.77296508/0.66026824 | F1 M: 0.35195573 D: 0.16068588 | [S/N/B]: [0.1251/0.7345/0.1962] | LR: 0.00001038
2026-03-10 17:45:06,422 - INFO - T0 E23/50 | L: 0.77298243/0.66009524 | F1 M: 0.35486124 D: 0.16353253 | [S/N/B]: [0.1300/0.7375/0.1971] | LR: 0.00000984
2026-03-10 17:45:16,766 - INFO - T0 E24/50 | L: 0.77307485/0.66007455 | F1 M: 0.31623316 D: 0.10568119 | [S/N/B]: [0.0015/0.7373/0.2099] | LR: 0.00000929
2026-03-10 17:45:27,306 - INFO - T0 E25/50 | L: 0.77221669/0.65988356 | F1 M: 0.34617445 D: 0.15034077 | [S/N/B]: [0.1018/0.7378/0.1989] | LR: 0.00000874
2026-03-10 17:45:37,432 - INFO - T0 E26/50 | L: 0.77231625/0.65913900 | F1 M: 0.31989318 D: 0.10609092 | [S/N/B]: [0.0000/0.7475/0.2122] | LR: 0.00000819
2026-03-10 17:45:48,141 - INFO - T0 E27/50 | L: 0.77229583/0.65919372 | F1 M: 0.31933259 D: 0.10604345 | [S/N/B]: [0.0000/0.7459/0.2121] | LR: 0.00000765
2026-03-10 17:45:57,887 - INFO - T0 E28/50 | L: 0.77204378/0.65928579 | F1 M: 0.31710844 D: 0.10533969 | [S/N/B]: [0.0000/0.7406/0.2107] | LR: 0.00000710
2026-03-10 17:46:08,327 - INFO - T0 E29/50 | L: 0.77176128/0.65868731 | F1 M: 0.32293427 D: 0.10716294 | [S/N/B]: [0.0000/0.7545/0.2143] | LR: 0.00000657
2026-03-10 17:46:19,228 - INFO - T0 E30/50 | L: 0.77173181/0.65897756 | F1 M: 0.31812420 D: 0.10569493 | [S/N/B]: [0.0000/0.7430/0.2114] | LR: 0.00000604
2026-03-10 17:46:29,376 - INFO - T0 E31/50 | L: 0.77150642/0.65893654 | F1 M: 0.31813174 D: 0.10569853 | [S/N/B]: [0.0000/0.7430/0.2114] | LR: 0.00000552
2026-03-10 17:46:39,882 - INFO - T0 E32/50 | L: 0.77075258/0.65893413 | F1 M: 0.31856450 D: 0.10579680 | [S/N/B]: [0.0000/0.7441/0.2116] | LR: 0.00000502
2026-03-10 17:46:39,997 - INFO - Trial 0 stopped early due to patience (3 epochs without improvement)
2026-03-10 17:46:40,377 - INFO - Trial 0 finished with value: 0.38545168043366246 and parameters: {'tcn_channels': 64, 'lstm_hidden': 32, 'num_lstm_layers': 8, 'batch_size': 512, 'dropout': 0.3522875732753557, 'seq_len': 120, 'lr': 1.748266556719236e-05, 'weight_decay': 0.0009166174941723884, 'base_alpha_side': 3.6098429845385427, 'base_alpha_neutral': 0.6125834573354015, 'base_loss_gamma': 2.614911099811845, 'base_loss_smoothing': 0.10807061596585435}. Best is trial 0 with value: 0.38545168043366246.
2026-03-10 17:46:42,346 - INFO - SequenceDataset: 133934/228182 valid sequences (Lookback protection active).
2026-03-10 17:46:42,348 - INFO - SequenceDataset: 57425/97766 valid sequences (Lookback protection active).
2026-03-10 17:46:43,136 - INFO - Trial 1 START | tcn=512, lstm=64, layers=3, batch=128, seq=120, drop=0.5690, lr=0.000030, wd=0.0011 | alpha=[5.69, 0.41, 5.69], gamma=2.39, smooth=0.07
2026-03-10 17:47:08,014 - INFO - T1 E1/50 | L: 1.08559970/0.85817032 | F1 M: 0.18236163 D: 0.07764197 | [S/N/B]: [0.0000/0.3918/0.1553] | LR: 0.00002957
2026-03-10 17:47:33,787 - INFO - T1 E2/50 | L: 1.03230092/0.85406887 | F1 M: 0.22060425 D: 0.08373335 | [S/N/B]: [0.0000/0.4943/0.1675] | LR: 0.00002948
2026-03-10 17:48:00,104 - INFO - T1 E3/50 | L: 1.02638135/0.85444187 | F1 M: 0.21842983 D: 0.08379039 | [S/N/B]: [0.0015/0.4877/0.1661] | LR: 0.00002934
2026-03-10 17:48:25,691 - INFO - T1 E4/50 | L: 1.02172495/0.85178309 | F1 M: 0.23946509 D: 0.09212209 | [S/N/B]: [0.0118/0.5342/0.1724] | LR: 0.00002913
2026-03-10 17:48:51,847 - INFO - T1 E5/50 | L: 1.01935903/0.85267770 | F1 M: 0.26018727 D: 0.12094216 | [S/N/B]: [0.0717/0.5387/0.1702] | LR: 0.00002887
2026-03-10 17:49:18,149 - INFO - T1 E6/50 | L: 1.01657962/0.85377067 | F1 M: 0.25411185 D: 0.10230180 | [S/N/B]: [0.0297/0.5577/0.1749] | LR: 0.00002856
2026-03-10 17:49:43,324 - INFO - T1 E7/50 | L: 1.01299007/0.85483493 | F1 M: 0.28625344 D: 0.14449602 | [S/N/B]: [0.1156/0.5698/0.1733] | LR: 0.00002819
2026-03-10 17:49:43,628 - INFO - Trial 1 stopped early due to patience (3 epochs without improvement)
2026-03-10 17:49:43,821 - INFO - Trial 1 finished with value: 0.2862534405886022 and parameters: {'tcn_channels': 512, 'lstm_hidden': 64, 'num_lstm_layers': 3, 'batch_size': 128, 'dropout': 0.5690013800423527, 'seq_len': 120, 'lr': 2.959847078166209e-05, 'weight_decay': 0.0010859721924812704, 'base_alpha_side': 5.689611409377479, 'base_alpha_neutral': 0.4106004121827982, 'base_loss_gamma': 2.3905448700154945, 'base_loss_smoothing': 0.07462928962601738}. Best is trial 0 with value: 0.38545168043366246.
2026-03-10 17:49:45,284 - INFO - SequenceDataset: 210062/228278 valid sequences (Lookback protection active).
2026-03-10 17:49:45,285 - INFO - SequenceDataset: 90065/97862 valid sequences (Lookback protection active).
2026-03-10 17:49:45,645 - INFO - Trial 2 START | tcn=64, lstm=128, layers=6, batch=128, seq=24, drop=0.3356, lr=0.000026, wd=0.0014 | alpha=[4.73, 0.16, 4.73], gamma=1.61, smooth=0.01
2026-03-10 17:50:28,586 - INFO - T2 E1/50 | L: 0.58436381/0.45814556 | F1 M: 0.05166822 D: 0.07750232 | [S/N/B]: [0.0181/0.0000/0.1369] | LR: 0.00002646
2026-03-10 17:51:10,790 - INFO - T2 E2/50 | L: 0.55824390/0.45620535 | F1 M: 0.04485423 D: 0.06728134 | [S/N/B]: [0.0096/0.0000/0.1250] | LR: 0.00002639
2026-03-10 17:51:53,536 - INFO - T2 E3/50 | L: 0.55602095/0.45450208 | F1 M: 0.04108047 D: 0.06155804 | [S/N/B]: [0.0051/0.0001/0.1180] | LR: 0.00002626
2026-03-10 17:52:37,712 - INFO - T2 E4/50 | L: 0.55427261/0.45270930 | F1 M: 0.08162980 D: 0.11010161 | [S/N/B]: [0.1455/0.0247/0.0747] | LR: 0.00002607
2026-03-10 17:53:20,164 - INFO - T2 E5/50 | L: 0.55328727/0.45227096 | F1 M: 0.08528903 D: 0.10781540 | [S/N/B]: [0.1429/0.0402/0.0728] | LR: 0.00002584
2026-03-10 17:54:03,533 - INFO - T2 E6/50 | L: 0.55278535/0.45512423 | F1 M: 0.06067710 D: 0.06174415 | [S/N/B]: [0.0092/0.0585/0.1143] | LR: 0.00002556
2026-03-10 17:54:46,632 - INFO - T2 E7/50 | L: 0.55134098/0.45269588 | F1 M: 0.09652374 D: 0.10866752 | [S/N/B]: [0.1173/0.0722/0.1001] | LR: 0.00002523
2026-03-10 17:55:29,260 - INFO - T2 E8/50 | L: 0.55055336/0.45215073 | F1 M: 0.12429470 D: 0.12750754 | [S/N/B]: [0.1709/0.1179/0.0842] | LR: 0.00002485
2026-03-10 17:56:12,270 - INFO - T2 E9/50 | L: 0.54990319/0.45297965 | F1 M: 0.13733085 D: 0.12549678 | [S/N/B]: [0.1519/0.1610/0.0991] | LR: 0.00002443
2026-03-10 17:56:55,757 - INFO - T2 E10/50 | L: 0.54940127/0.45437351 | F1 M: 0.11415599 D: 0.12024585 | [S/N/B]: [0.1413/0.1020/0.0992] | LR: 0.00002396
2026-03-10 17:57:38,018 - INFO - T2 E11/50 | L: 0.54866556/0.45559612 | F1 M: 0.11071784 D: 0.11671346 | [S/N/B]: [0.1360/0.0987/0.0974] | LR: 0.00002345
2026-03-10 17:57:38,585 - INFO - Trial 2 stopped early due to patience (3 epochs without improvement)
2026-03-10 17:57:38,787 - INFO - Trial 2 finished with value: 0.13733084680053678 and parameters: {'tcn_channels': 64, 'lstm_hidden': 128, 'num_lstm_layers': 6, 'batch_size': 128, 'dropout': 0.3356047031991559, 'seq_len': 24, 'lr': 2.6489996190271238e-05, 'weight_decay': 0.001449269207684898, 'base_alpha_side': 4.730191195976197, 'base_alpha_neutral': 0.16377074366805142, 'base_loss_gamma': 1.6085172016214742, 'base_loss_smoothing': 0.013060378044378578}. Best is trial 0 with value: 0.38545168043366246.
2026-03-10 17:57:39,644 - INFO - SequenceDataset: 152966/228206 valid sequences (Lookback protection active).
2026-03-10 17:57:39,645 - INFO - SequenceDataset: 65585/97790 valid sequences (Lookback protection active).
2026-03-10 17:57:40,272 - INFO - Trial 3 START | tcn=64, lstm=32, layers=3, batch=128, seq=96, drop=0.5581, lr=0.000015, wd=0.0001 | alpha=[2.13, 0.66, 2.13], gamma=1.44, smooth=0.07
2026-03-10 17:58:05,203 - INFO - T3 E1/50 | L: 0.58873961/0.49324397 | F1 M: 0.31024776 D: 0.00000000 | [S/N/B]: [0.0000/0.9307/0.0000] | LR: 0.00001526
2026-03-10 17:58:30,433 - INFO - T3 E2/50 | L: 0.55157694/0.46527079 | F1 M: 0.36830470 D: 0.12126782 | [S/N/B]: [0.0000/0.8624/0.2425] | LR: 0.00001522
2026-03-10 17:58:55,707 - INFO - T3 E3/50 | L: 0.54017126/0.45646060 | F1 M: 0.37630231 D: 0.12737257 | [S/N/B]: [0.0000/0.8742/0.2547] | LR: 0.00001514
2026-03-10 17:59:20,779 - INFO - T3 E4/50 | L: 0.53453005/0.45170115 | F1 M: 0.38297879 D: 0.13184702 | [S/N/B]: [0.0000/0.8852/0.2637] | LR: 0.00001504
2026-03-10 17:59:47,003 - INFO - T3 E5/50 | L: 0.53201230/0.44945202 | F1 M: 0.38526248 D: 0.13316826 | [S/N/B]: [0.0000/0.8895/0.2663] | LR: 0.00001490
2026-03-10 18:00:11,432 - INFO - T3 E6/50 | L: 0.52964780/0.44784870 | F1 M: 0.38930882 D: 0.13437521 | [S/N/B]: [0.0000/0.8992/0.2688] | LR: 0.00001474
2026-03-10 18:00:11,871 - INFO - 🥇 [MACRO]  Trial 3 | Global F1 Macro record: 0.38930882 (prev: 0.38545168) → saved best_tcn_lstm.pt
2026-03-10 18:00:38,325 - INFO - T3 E7/50 | L: 0.52886603/0.44704651 | F1 M: 0.38745304 D: 0.13451603 | [S/N/B]: [0.0000/0.8933/0.2690] | LR: 0.00001455
2026-03-10 18:01:04,645 - INFO - T3 E8/50 | L: 0.52825004/0.44666113 | F1 M: 0.38733544 D: 0.13454523 | [S/N/B]: [0.0000/0.8929/0.2691] | LR: 0.00001433
2026-03-10 18:01:31,319 - INFO - T3 E9/50 | L: 0.52700070/0.44550582 | F1 M: 0.39144440 D: 0.13658734 | [S/N/B]: [0.0000/0.9012/0.2732] | LR: 0.00001409
2026-03-10 18:01:31,373 - INFO - 🥇 [MACRO]  Trial 3 | Global F1 Macro record: 0.39144440 (prev: 0.38930882) → saved best_tcn_lstm.pt
2026-03-10 18:01:58,309 - INFO - T3 E10/50 | L: 0.52700327/0.44583033 | F1 M: 0.38936452 D: 0.13530628 | [S/N/B]: [0.0000/0.8975/0.2706] | LR: 0.00001382
2026-03-10 18:02:24,355 - INFO - T3 E11/50 | L: 0.52630004/0.44502539 | F1 M: 0.39181278 D: 0.13677009 | [S/N/B]: [0.0000/0.9019/0.2735] | LR: 0.00001352
2026-03-10 18:02:24,433 - INFO - 🥇 [MACRO]  Trial 3 | Global F1 Macro record: 0.39181278 (prev: 0.39144440) → saved best_tcn_lstm.pt
2026-03-10 18:02:50,936 - INFO - T3 E12/50 | L: 0.52566034/0.44468061 | F1 M: 0.39188316 D: 0.13686848 | [S/N/B]: [0.0000/0.9019/0.2737] | LR: 0.00001321
2026-03-10 18:02:51,000 - INFO - 🥇 [MACRO]  Trial 3 | Global F1 Macro record: 0.39188316 (prev: 0.39181278) → saved best_tcn_lstm.pt
2026-03-10 18:03:16,827 - INFO - T3 E13/50 | L: 0.52497390/0.44495732 | F1 M: 0.39032678 D: 0.13596458 | [S/N/B]: [0.0005/0.8991/0.2715] | LR: 0.00001287
2026-03-10 18:03:43,567 - INFO - T3 E14/50 | L: 0.52454702/0.44443232 | F1 M: 0.39231053 D: 0.13708632 | [S/N/B]: [0.0000/0.9028/0.2742] | LR: 0.00001251
2026-03-10 18:03:43,624 - INFO - 🥇 [MACRO]  Trial 3 | Global F1 Macro record: 0.39231053 (prev: 0.39188316) → saved best_tcn_lstm.pt
2026-03-10 18:04:09,824 - INFO - T3 E15/50 | L: 0.52484987/0.44456697 | F1 M: 0.39255189 D: 0.13714286 | [S/N/B]: [0.0000/0.9034/0.2743] | LR: 0.00001213
2026-03-10 18:04:09,883 - INFO - 🥇 [MACRO]  Trial 3 | Global F1 Macro record: 0.39255189 (prev: 0.39231053) → saved best_tcn_lstm.pt
2026-03-10 18:04:36,006 - INFO - T3 E16/50 | L: 0.52462542/0.44418489 | F1 M: 0.39292039 D: 0.13747581 | [S/N/B]: [0.0000/0.9038/0.2750] | LR: 0.00001173
2026-03-10 18:04:36,062 - INFO - 🥇 [MACRO]  Trial 3 | Global F1 Macro record: 0.39292039 (prev: 0.39255189) → saved best_tcn_lstm.pt
2026-03-10 18:05:01,237 - INFO - T3 E17/50 | L: 0.52393897/0.44420298 | F1 M: 0.39371009 D: 0.13755785 | [S/N/B]: [0.0000/0.9060/0.2751] | LR: 0.00001132
2026-03-10 18:05:01,679 - INFO - 🥇 [MACRO]  Trial 3 | Global F1 Macro record: 0.39371009 (prev: 0.39292039) → saved best_tcn_lstm.pt
2026-03-10 18:05:27,547 - INFO - T3 E18/50 | L: 0.52444541/0.44449165 | F1 M: 0.39052934 D: 0.13623586 | [S/N/B]: [0.0000/0.8991/0.2725] | LR: 0.00001089
2026-03-10 18:05:52,294 - INFO - T3 E19/50 | L: 0.52363044/0.44397954 | F1 M: 0.39382459 D: 0.13727896 | [S/N/B]: [0.0000/0.9069/0.2746] | LR: 0.00001045
2026-03-10 18:05:52,331 - INFO - 🥇 [MACRO]  Trial 3 | Global F1 Macro record: 0.39382459 (prev: 0.39371009) → saved best_tcn_lstm.pt
2026-03-10 18:06:18,398 - INFO - T3 E20/50 | L: 0.52399156/0.44327717 | F1 M: 0.39422714 D: 0.13758536 | [S/N/B]: [0.0000/0.9075/0.2752] | LR: 0.00001000
2026-03-10 18:06:18,450 - INFO - 🥇 [MACRO]  Trial 3 | Global F1 Macro record: 0.39422714 (prev: 0.39382459) → saved best_tcn_lstm.pt
2026-03-10 18:06:43,931 - INFO - T3 E21/50 | L: 0.52411663/0.44408087 | F1 M: 0.39262861 D: 0.13757477 | [S/N/B]: [0.0000/0.9027/0.2751] | LR: 0.00000954
2026-03-10 18:07:09,391 - INFO - T3 E22/50 | L: 0.52296575/0.44411493 | F1 M: 0.39352855 D: 0.13800056 | [S/N/B]: [0.0000/0.9046/0.2760] | LR: 0.00000907
2026-03-10 18:07:34,315 - INFO - T3 E23/50 | L: 0.52319693/0.44353585 | F1 M: 0.39331516 D: 0.13777068 | [S/N/B]: [0.0000/0.9044/0.2755] | LR: 0.00000860
2026-03-10 18:07:34,409 - INFO - Trial 3 stopped early due to patience (3 epochs without improvement)
2026-03-10 18:07:34,705 - INFO - Trial 3 finished with value: 0.39422714352444727 and parameters: {'tcn_channels': 64, 'lstm_hidden': 32, 'num_lstm_layers': 3, 'batch_size': 128, 'dropout': 0.5580973245599186, 'seq_len': 96, 'lr': 1.5275608502329598e-05, 'weight_decay': 0.00010717828391084978, 'base_alpha_side': 2.127040392239748, 'base_alpha_neutral': 0.6620581860351237, 'base_loss_gamma': 1.4445228780943933, 'base_loss_smoothing': 0.07420542536164279}. Best is trial 3 with value: 0.39422714352444727.
2026-03-10 18:07:36,135 - INFO - SequenceDataset: 152966/228206 valid sequences (Lookback protection active).
2026-03-10 18:07:36,136 - INFO - SequenceDataset: 65585/97790 valid sequences (Lookback protection active).
2026-03-10 18:07:37,046 - INFO - Trial 4 START | tcn=512, lstm=64, layers=6, batch=512, seq=96, drop=0.5353, lr=0.000052, wd=0.0012 | alpha=[3.75, 0.26, 3.75], gamma=2.95, smooth=0.07
2026-03-10 18:07:55,526 - INFO - T4 E1/50 | L: 0.55325904/0.39669794 | F1 M: 0.07245854 D: 0.10868781 | [S/N/B]: [0.0422/0.0000/0.1752] | LR: 0.00005239
2026-03-10 18:08:15,506 - INFO - T4 E2/50 | L: 0.48418469/0.39128937 | F1 M: 0.07516180 D: 0.11274270 | [S/N/B]: [0.0422/0.0000/0.1833] | LR: 0.00005224
2026-03-10 18:08:34,625 - INFO - T4 E3/50 | L: 0.48060846/0.39055509 | F1 M: 0.06970868 D: 0.10456302 | [S/N/B]: [0.0350/0.0000/0.1742] | LR: 0.00005198
2026-03-10 18:08:53,870 - INFO - T4 E4/50 | L: 0.47848721/0.38912528 | F1 M: 0.08422513 D: 0.12633770 | [S/N/B]: [0.0997/0.0000/0.1529] | LR: 0.00005162
2026-03-10 18:09:13,769 - INFO - T4 E5/50 | L: 0.47657197/0.39093763 | F1 M: 0.07371800 D: 0.11057700 | [S/N/B]: [0.0390/0.0000/0.1821] | LR: 0.00005116
2026-03-10 18:09:32,936 - INFO - T4 E6/50 | L: 0.47477444/0.38954859 | F1 M: 0.07840200 D: 0.11760300 | [S/N/B]: [0.0431/0.0000/0.1921] | LR: 0.00005060
2026-03-10 18:09:52,386 - INFO - T4 E7/50 | L: 0.47185891/0.39079572 | F1 M: 0.07595123 D: 0.11392684 | [S/N/B]: [0.0420/0.0000/0.1858] | LR: 0.00004995
2026-03-10 18:09:52,645 - INFO - Trial 4 stopped early due to patience (3 epochs without improvement)
