2026-03-10 18:38:32,416 - INFO - Trial 17 pruned by Optuna at epoch 3
2026-03-10 18:38:32,582 - INFO - Trial 17 pruned. 
2026-03-10 18:38:33,953 - INFO - SequenceDataset: 133934/228182 valid sequences (Lookback protection active).
2026-03-10 18:38:33,953 - INFO - SequenceDataset: 57425/97766 valid sequences (Lookback protection active).
2026-03-10 18:38:34,738 - INFO - Trial 18 START | tcn=512, lstm=64, layers=5, batch=512, seq=120, drop=0.3025, lr=0.000071, wd=0.0001 | alpha=[3.33, 0.80, 3.33], gamma=1.63, smooth=0.10
2026-03-10 18:38:56,522 - INFO - T18 E1/50 | L: 0.97787462/0.81856502 | F1 M: 0.43930933 D: 0.21751409 | [S/N/B]: [0.2622/0.8829/0.1728] | LR: 0.00007088
2026-03-10 18:39:19,225 - INFO - T18 E2/50 | L: 0.93428799/0.81753555 | F1 M: 0.37893746 D: 0.13539068 | [S/N/B]: [0.0108/0.8660/0.2600] | LR: 0.00007067
2026-03-10 18:39:41,238 - INFO - T18 E3/50 | L: 0.92426618/0.81750223 | F1 M: 0.38288910 D: 0.13887326 | [S/N/B]: [0.0181/0.8709/0.2596] | LR: 0.00007033
2026-03-10 18:40:03,448 - INFO - T18 E4/50 | L: 0.91339675/0.82306551 | F1 M: 0.38914143 D: 0.14410542 | [S/N/B]: [0.0244/0.8792/0.2638] | LR: 0.00006984
2026-03-10 18:40:25,927 - INFO - T18 E5/50 | L: 0.90276618/0.82376725 | F1 M: 0.39924741 D: 0.15950274 | [S/N/B]: [0.0738/0.8787/0.2452] | LR: 0.00006922
2026-03-10 18:40:49,008 - INFO - T18 E6/50 | L: 0.89334592/0.82991176 | F1 M: 0.42075607 D: 0.18718264 | [S/N/B]: [0.1586/0.8879/0.2158] | LR: 0.00006846
2026-03-10 18:40:49,114 - INFO - Trial 18 stopped early due to patience (3 epochs without improvement)
2026-03-10 18:40:49,459 - INFO - Trial 18 finished with value: 0.4393093265708921 and parameters: {'tcn_channels': 512, 'lstm_hidden': 64, 'num_lstm_layers': 5, 'batch_size': 512, 'dropout': 0.30250373493497484, 'seq_len': 120, 'lr': 7.09543187136701e-05, 'weight_decay': 0.000110221974322715, 'base_alpha_side': 3.328456166260997, 'base_alpha_neutral': 0.798599692682826, 'base_loss_gamma': 1.6336644332115025, 'base_loss_smoothing': 0.10090435350402396}. Best is trial 11 with value: 0.4402573180970599.
2026-03-10 18:40:50,895 - INFO - SequenceDataset: 152966/228206 valid sequences (Lookback protection active).
2026-03-10 18:40:50,896 - INFO - SequenceDataset: 65585/97790 valid sequences (Lookback protection active).
2026-03-10 18:40:51,248 - INFO - Trial 19 START | tcn=128, lstm=64, layers=4, batch=512, seq=96, drop=0.3087, lr=0.000025, wd=0.0001 | alpha=[3.09, 0.10, 3.09], gamma=1.16, smooth=0.10
2026-03-10 18:41:00,164 - INFO - T19 E1/50 | L: 0.54982777/0.37014147 | F1 M: 0.04009630 D: 0.06014445 | [S/N/B]: [0.0000/0.0000/0.1203] | LR: 0.00002502
2026-03-10 18:41:09,702 - INFO - T19 E2/50 | L: 0.43747398/0.35783062 | F1 M: 0.04009630 D: 0.06014445 | [S/N/B]: [0.0000/0.0000/0.1203] | LR: 0.00002494
2026-03-10 18:41:19,006 - INFO - T19 E3/50 | L: 0.43079970/0.35501297 | F1 M: 0.10993167 D: 0.16489750 | [S/N/B]: [0.2318/0.0000/0.0980] | LR: 0.00002482
2026-03-10 18:41:19,601 - INFO - Trial 19 pruned by Optuna at epoch 3
2026-03-10 18:41:19,904 - INFO - Trial 19 pruned. 
2026-03-10 18:41:22,527 - INFO - SequenceDataset: 133934/228182 valid sequences (Lookback protection active).
2026-03-10 18:41:22,528 - INFO - SequenceDataset: 57425/97766 valid sequences (Lookback protection active).
2026-03-10 18:41:23,022 - INFO - Trial 20 START | tcn=256, lstm=64, layers=7, batch=512, seq=120, drop=0.3028, lr=0.000068, wd=0.0002 | alpha=[2.20, 0.73, 2.20], gamma=1.61, smooth=0.05
2026-03-10 18:41:36,359 - INFO - T20 E1/50 | L: 0.60789703/0.48643466 | F1 M: 0.38100172 D: 0.12146025 | [S/N/B]: [0.2429/0.9001/0.0000] | LR: 0.00006823
2026-03-10 18:41:49,572 - INFO - T20 E2/50 | L: 0.56388068/0.47667485 | F1 M: 0.38828702 D: 0.13149418 | [S/N/B]: [0.2630/0.9019/0.0000] | LR: 0.00006802
2026-03-10 18:42:02,086 - INFO - T20 E3/50 | L: 0.55506282/0.47729845 | F1 M: 0.42853882 D: 0.19718487 | [S/N/B]: [0.2174/0.8912/0.1769] | LR: 0.00006769
2026-03-10 18:42:15,447 - INFO - T20 E4/50 | L: 0.54914999/0.47702304 | F1 M: 0.43368000 D: 0.19808455 | [S/N/B]: [0.2061/0.9049/0.1901] | LR: 0.00006722
2026-03-10 18:42:28,956 - INFO - T20 E5/50 | L: 0.54386715/0.48244245 | F1 M: 0.41406202 D: 0.16387667 | [S/N/B]: [0.2073/0.9144/0.1205] | LR: 0.00006662
2026-03-10 18:42:29,113 - INFO - Trial 20 stopped early due to patience (3 epochs without improvement)
2026-03-10 18:42:29,481 - INFO - Trial 20 finished with value: 0.4336799957623776 and parameters: {'tcn_channels': 256, 'lstm_hidden': 64, 'num_lstm_layers': 7, 'batch_size': 512, 'dropout': 0.3028049912918306, 'seq_len': 120, 'lr': 6.82931879197946e-05, 'weight_decay': 0.00023150787951040688, 'base_alpha_side': 2.1982566120680875, 'base_alpha_neutral': 0.7301265766328014, 'base_loss_gamma': 1.6071814486690832, 'base_loss_smoothing': 0.05436087985718588}. Best is trial 11 with value: 0.4402573180970599.
2026-03-10 18:42:31,947 - INFO - SequenceDataset: 133934/228182 valid sequences (Lookback protection active).
2026-03-10 18:42:31,948 - INFO - SequenceDataset: 57425/97766 valid sequences (Lookback protection active).
2026-03-10 18:42:33,032 - INFO - Trial 21 START | tcn=512, lstm=64, layers=5, batch=512, seq=120, drop=0.4658, lr=0.000078, wd=0.0002 | alpha=[3.33, 0.78, 3.33], gamma=1.70, smooth=0.13
2026-03-10 18:42:54,833 - INFO - T21 E1/50 | L: 0.99694863/0.84646062 | F1 M: 0.37921081 D: 0.13137826 | [S/N/B]: [0.0000/0.8749/0.2628] | LR: 0.00007816
2026-03-10 18:43:17,811 - INFO - T21 E2/50 | L: 0.95740247/0.83952189 | F1 M: 0.38339427 D: 0.13549678 | [S/N/B]: [0.0000/0.8792/0.2710] | LR: 0.00007793
2026-03-10 18:43:40,111 - INFO - T21 E3/50 | L: 0.94908416/0.84651550 | F1 M: 0.36542197 D: 0.12593034 | [S/N/B]: [0.0000/0.8444/0.2519] | LR: 0.00007754
2026-03-10 18:43:40,364 - INFO - Trial 21 pruned by Optuna at epoch 3
2026-03-10 18:43:40,613 - INFO - Trial 21 pruned. 
2026-03-10 18:43:42,879 - INFO - SequenceDataset: 133934/228182 valid sequences (Lookback protection active).
2026-03-10 18:43:42,880 - INFO - SequenceDataset: 57425/97766 valid sequences (Lookback protection active).
2026-03-10 18:43:43,351 - INFO - Trial 22 START | tcn=512, lstm=64, layers=5, batch=512, seq=120, drop=0.4132, lr=0.000095, wd=0.0006 | alpha=[2.58, 0.65, 2.58], gamma=1.44, smooth=0.10
2026-03-10 18:44:05,976 - INFO - T22 E1/50 | L: 0.72052445/0.60484435 | F1 M: 0.38248558 D: 0.13320376 | [S/N/B]: [0.0000/0.8810/0.2664] | LR: 0.00009449
2026-03-10 18:44:29,282 - INFO - T22 E2/50 | L: 0.68975380/0.60243371 | F1 M: 0.39063931 D: 0.13748771 | [S/N/B]: [0.0000/0.8969/0.2750] | LR: 0.00009421
2026-03-10 18:44:52,595 - INFO - T22 E3/50 | L: 0.68319000/0.60304902 | F1 M: 0.39108101 D: 0.13767783 | [S/N/B]: [0.0000/0.8979/0.2754] | LR: 0.00009375
2026-03-10 18:44:52,987 - INFO - Trial 22 pruned by Optuna at epoch 3
2026-03-10 18:44:53,243 - INFO - Trial 22 pruned. 
2026-03-10 18:44:55,552 - INFO - SequenceDataset: 133934/228182 valid sequences (Lookback protection active).
2026-03-10 18:44:55,553 - INFO - SequenceDataset: 57425/97766 valid sequences (Lookback protection active).
2026-03-10 18:44:56,465 - INFO - Trial 23 START | tcn=512, lstm=32, layers=6, batch=256, seq=120, drop=0.3669, lr=0.000054, wd=0.0001 | alpha=[4.04, 0.79, 4.04], gamma=2.06, smooth=0.13
2026-03-10 18:45:18,005 - INFO - T23 E1/50 | L: 1.16133327/0.98238855 | F1 M: 0.34932872 D: 0.11614043 | [S/N/B]: [0.0000/0.8157/0.2323] | LR: 0.00005369
2026-03-10 18:45:40,067 - INFO - T23 E2/50 | L: 1.11455605/0.96964413 | F1 M: 0.36445727 D: 0.12421728 | [S/N/B]: [0.0000/0.8449/0.2484] | LR: 0.00005353
2026-03-10 18:46:02,477 - INFO - T23 E3/50 | L: 1.10352385/0.97235638 | F1 M: 0.36722348 D: 0.12335571 | [S/N/B]: [0.0000/0.8550/0.2467] | LR: 0.00005327
2026-03-10 18:46:02,730 - INFO - Trial 23 pruned by Optuna at epoch 3
2026-03-10 18:46:02,951 - INFO - Trial 23 pruned. 
2026-03-10 18:46:05,235 - INFO - SequenceDataset: 133934/228182 valid sequences (Lookback protection active).
2026-03-10 18:46:05,235 - INFO - SequenceDataset: 57425/97766 valid sequences (Lookback protection active).
2026-03-10 18:46:05,685 - INFO - Trial 24 START | tcn=512, lstm=128, layers=4, batch=512, seq=120, drop=0.5056, lr=0.000070, wd=0.0003 | alpha=[3.25, 0.71, 3.25], gamma=1.90, smooth=0.10
2026-03-10 18:46:29,832 - INFO - T24 E1/50 | L: 0.83274050/0.69941693 | F1 M: 0.41757336 D: 0.19619475 | [S/N/B]: [0.1209/0.8603/0.2715] | LR: 0.00007000
2026-03-10 18:46:54,422 - INFO - T24 E2/50 | L: 0.80767002/0.69654775 | F1 M: 0.43250127 D: 0.21483488 | [S/N/B]: [0.1628/0.8678/0.2669] | LR: 0.00006980
2026-03-10 18:47:18,884 - INFO - T24 E3/50 | L: 0.80290869/0.69745132 | F1 M: 0.42761832 D: 0.20806365 | [S/N/B]: [0.1382/0.8667/0.2779] | LR: 0.00006945
2026-03-10 18:47:43,422 - INFO - T24 E4/50 | L: 0.79825893/0.69917698 | F1 M: 0.42913208 D: 0.21384517 | [S/N/B]: [0.1724/0.8597/0.2553] | LR: 0.00006897
2026-03-10 18:48:08,069 - INFO - T24 E5/50 | L: 0.79409138/0.70649742 | F1 M: 0.44129908 D: 0.21399347 | [S/N/B]: [0.2049/0.8959/0.2231] | LR: 0.00006836
2026-03-10 18:48:08,269 - INFO - 🥇 [MACRO]  Trial 24 | Global F1 Macro record: 0.44129908 (prev: 0.44025732) → saved best_tcn_lstm.pt
2026-03-10 18:48:08,371 - INFO - Trial 24 stopped early due to patience (3 epochs without improvement)
2026-03-10 18:48:08,719 - INFO - Trial 24 finished with value: 0.4412990758346362 and parameters: {'tcn_channels': 512, 'lstm_hidden': 128, 'num_lstm_layers': 4, 'batch_size': 512, 'dropout': 0.5056394327606231, 'seq_len': 120, 'lr': 7.007150592488349e-05, 'weight_decay': 0.0002990472236495714, 'base_alpha_side': 3.249684267493526, 'base_alpha_neutral': 0.7056707421383211, 'base_loss_gamma': 1.8956611340874776, 'base_loss_smoothing': 0.0966679324948697}. Best is trial 24 with value: 0.4412990758346362.
2026-03-10 18:48:09,865 - INFO - SequenceDataset: 152966/228206 valid sequences (Lookback protection active).
2026-03-10 18:48:09,866 - INFO - SequenceDataset: 65585/97790 valid sequences (Lookback protection active).
2026-03-10 18:48:10,632 - INFO - Trial 25 START | tcn=512, lstm=64, layers=4, batch=512, seq=96, drop=0.4812, lr=0.000066, wd=0.0003 | alpha=[1.79, 0.70, 1.79], gamma=1.91, smooth=0.09
2026-03-10 18:48:29,295 - INFO - T25 E1/50 | L: 0.42974394/0.34048192 | F1 M: 0.39175679 D: 0.13160873 | [S/N/B]: [0.2632/0.9121/0.0000] | LR: 0.00006587
2026-03-10 18:48:49,559 - INFO - T25 E2/50 | L: 0.39837846/0.33880283 | F1 M: 0.43628125 D: 0.19856319 | [S/N/B]: [0.1664/0.9117/0.2307] | LR: 0.00006568
2026-03-10 18:49:08,463 - INFO - T25 E3/50 | L: 0.39323017/0.34102336 | F1 M: 0.42837789 D: 0.18397731 | [S/N/B]: [0.1306/0.9172/0.2374] | LR: 0.00006535
2026-03-10 18:49:28,006 - INFO - T25 E4/50 | L: 0.38957301/0.33968488 | F1 M: 0.43181793 D: 0.19289933 | [S/N/B]: [0.1300/0.9097/0.2558] | LR: 0.00006490
2026-03-10 18:49:47,838 - INFO - T25 E5/50 | L: 0.38619175/0.34485728 | F1 M: 0.42781353 D: 0.18199208 | [S/N/B]: [0.1312/0.9195/0.2328] | LR: 0.00006432
2026-03-10 18:49:47,999 - INFO - Trial 25 stopped early due to patience (3 epochs without improvement)
2026-03-10 18:49:48,378 - INFO - Trial 25 finished with value: 0.43628124764629644 and parameters: {'tcn_channels': 512, 'lstm_hidden': 64, 'num_lstm_layers': 4, 'batch_size': 512, 'dropout': 0.4812289810575144, 'seq_len': 96, 'lr': 6.593714064463089e-05, 'weight_decay': 0.0002708355994887299, 'base_alpha_side': 1.7923760652980256, 'base_alpha_neutral': 0.6986115816104382, 'base_loss_gamma': 1.9119655000644744, 'base_loss_smoothing': 0.08915955700257919}. Best is trial 24 with value: 0.4412990758346362.
2026-03-10 18:49:51,115 - INFO - SequenceDataset: 210062/228278 valid sequences (Lookback protection active).
2026-03-10 18:49:51,115 - INFO - SequenceDataset: 90065/97862 valid sequences (Lookback protection active).
2026-03-10 18:49:52,235 - INFO - Trial 26 START | tcn=512, lstm=128, layers=4, batch=512, seq=24, drop=0.5225, lr=0.000048, wd=0.0001 | alpha=[3.27, 0.57, 3.27], gamma=1.51, smooth=0.10
2026-03-10 18:50:04,322 - INFO - T26 E1/50 | L: 0.72292452/0.61622165 | F1 M: 0.36688786 D: 0.11692851 | [S/N/B]: [0.0000/0.8668/0.2339] | LR: 0.00004774
2026-03-10 18:50:16,849 - INFO - T26 E2/50 | L: 0.70240342/0.61516053 | F1 M: 0.37774068 D: 0.12357430 | [S/N/B]: [0.0000/0.8861/0.2471] | LR: 0.00004760
2026-03-10 18:50:29,204 - INFO - T26 E3/50 | L: 0.69889833/0.61695476 | F1 M: 0.36867308 D: 0.11899087 | [S/N/B]: [0.0000/0.8680/0.2380] | LR: 0.00004736
2026-03-10 18:50:29,743 - INFO - Trial 26 pruned by Optuna at epoch 3
2026-03-10 18:50:30,049 - INFO - Trial 26 pruned. 
2026-03-10 18:50:32,388 - INFO - SequenceDataset: 191030/228254 valid sequences (Lookback protection active).
2026-03-10 18:50:32,388 - INFO - SequenceDataset: 81905/97838 valid sequences (Lookback protection active).
2026-03-10 18:50:33,369 - INFO - Trial 27 START | tcn=512, lstm=128, layers=3, batch=512, seq=48, drop=0.5120, lr=0.000035, wd=0.0001 | alpha=[2.64, 0.45, 2.64], gamma=1.29, smooth=0.06
2026-03-10 18:50:46,455 - INFO - T27 E1/50 | L: 0.52647967/0.43412572 | F1 M: 0.41793883 D: 0.20483918 | [S/N/B]: [0.1546/0.8441/0.2550] | LR: 0.00003510
2026-03-10 18:51:00,516 - INFO - T27 E2/50 | L: 0.50765209/0.43505139 | F1 M: 0.41253605 D: 0.19569299 | [S/N/B]: [0.1321/0.8462/0.2592] | LR: 0.00003499
2026-03-10 18:51:15,465 - INFO - T27 E3/50 | L: 0.50448210/0.43514578 | F1 M: 0.42292404 D: 0.19825712 | [S/N/B]: [0.1433/0.8723/0.2532] | LR: 0.00003482
2026-03-10 18:51:28,430 - INFO - T27 E4/50 | L: 0.50152776/0.43492993 | F1 M: 0.39887984 D: 0.18333138 | [S/N/B]: [0.1355/0.8300/0.2312] | LR: 0.00003458
2026-03-10 18:51:28,574 - INFO - Trial 27 stopped early due to patience (3 epochs without improvement)
2026-03-10 18:51:29,671 - INFO - Trial 27 finished with value: 0.4229240417388545 and parameters: {'tcn_channels': 512, 'lstm_hidden': 128, 'num_lstm_layers': 3, 'batch_size': 512, 'dropout': 0.5120427162124171, 'seq_len': 48, 'lr': 3.51311657260698e-05, 'weight_decay': 0.00010180254955452336, 'base_alpha_side': 2.638817133008598, 'base_alpha_neutral': 0.44819975926354727, 'base_loss_gamma': 1.294013888476726, 'base_loss_smoothing': 0.05841147742460437}. Best is trial 24 with value: 0.4412990758346362.
2026-03-10 18:51:32,017 - INFO - SequenceDataset: 133934/228182 valid sequences (Lookback protection active).
2026-03-10 18:51:32,018 - INFO - SequenceDataset: 57425/97766 valid sequences (Lookback protection active).
2026-03-10 18:51:32,560 - INFO - Trial 28 START | tcn=128, lstm=32, layers=4, batch=512, seq=120, drop=0.3298, lr=0.000060, wd=0.0006 | alpha=[3.42, 0.73, 3.42], gamma=2.23, smooth=0.08
2026-03-10 18:51:41,190 - INFO - T28 E1/50 | L: 0.87910742/0.73031860 | F1 M: 0.33155709 D: 0.10868087 | [S/N/B]: [0.2174/0.7773/0.0000] | LR: 0.00005970
2026-03-10 18:51:50,319 - INFO - T28 E2/50 | L: 0.83116396/0.69801640 | F1 M: 0.35960435 D: 0.12065910 | [S/N/B]: [0.2413/0.8375/0.0000] | LR: 0.00005952
2026-03-10 18:51:59,965 - INFO - T28 E3/50 | L: 0.81656069/0.69010834 | F1 M: 0.40674870 D: 0.18739528 | [S/N/B]: [0.2162/0.8455/0.1586] | LR: 0.00005923
2026-03-10 18:52:09,268 - INFO - T28 E4/50 | L: 0.81113617/0.68580811 | F1 M: 0.41062621 D: 0.18520500 | [S/N/B]: [0.2269/0.8615/0.1435] | LR: 0.00005882
2026-03-10 18:52:17,791 - INFO - T28 E5/50 | L: 0.80720791/0.68521319 | F1 M: 0.42163811 D: 0.20637040 | [S/N/B]: [0.2007/0.8522/0.2120] | LR: 0.00005830
2026-03-10 18:52:26,785 - INFO - T28 E6/50 | L: 0.80467546/0.68523819 | F1 M: 0.42347289 D: 0.21155106 | [S/N/B]: [0.2000/0.8473/0.2231] | LR: 0.00005766
2026-03-10 18:52:34,818 - INFO - T28 E7/50 | L: 0.80169042/0.68456064 | F1 M: 0.42866693 D: 0.20704445 | [S/N/B]: [0.2046/0.8719/0.2095] | LR: 0.00005692
2026-03-10 18:52:43,837 - INFO - T28 E8/50 | L: 0.79934873/0.68445494 | F1 M: 0.42714660 D: 0.21400047 | [S/N/B]: [0.1940/0.8534/0.2340] | LR: 0.00005606
2026-03-10 18:52:52,651 - INFO - T28 E9/50 | L: 0.79872455/0.68447169 | F1 M: 0.42523185 D: 0.21254604 | [S/N/B]: [0.1971/0.8506/0.2279] | LR: 0.00005511
2026-03-10 18:53:00,853 - INFO - T28 E10/50 | L: 0.79848114/0.68539574 | F1 M: 0.42780384 D: 0.21567480 | [S/N/B]: [0.1903/0.8521/0.2410] | LR: 0.00005405
2026-03-10 18:53:08,900 - INFO - T28 E11/50 | L: 0.79518198/0.68670418 | F1 M: 0.42624924 D: 0.21929070 | [S/N/B]: [0.1825/0.8402/0.2561] | LR: 0.00005290
2026-03-10 18:53:08,948 - INFO - 🏆 [DIR]    Trial 28 | Global F1 Dir record: 0.21929070 (prev: 0.21878358) → saved best_tcn_lstm_dir.pt
2026-03-10 18:53:09,205 - INFO - Trial 28 stopped early due to patience (3 epochs without improvement)
2026-03-10 18:53:09,509 - INFO - Trial 28 finished with value: 0.42866692717815885 and parameters: {'tcn_channels': 128, 'lstm_hidden': 32, 'num_lstm_layers': 4, 'batch_size': 512, 'dropout': 0.32979431007521753, 'seq_len': 120, 'lr': 5.976041525919179e-05, 'weight_decay': 0.0006124108677861417, 'base_alpha_side': 3.4246895069334693, 'base_alpha_neutral': 0.7298592693435428, 'base_loss_gamma': 2.227173816899938, 'base_loss_smoothing': 0.0816508167439801}. Best is trial 24 with value: 0.4412990758346362.
2026-03-10 18:53:11,937 - INFO - SequenceDataset: 133934/228182 valid sequences (Lookback protection active).
2026-03-10 18:53:11,938 - INFO - SequenceDataset: 57425/97766 valid sequences (Lookback protection active).
2026-03-10 18:53:12,901 - INFO - Trial 29 START | tcn=256, lstm=64, layers=6, batch=512, seq=120, drop=0.5034, lr=0.000020, wd=0.0003 | alpha=[3.57, 0.61, 3.57], gamma=1.71, smooth=0.11
2026-03-10 18:53:24,623 - INFO - T29 E1/50 | L: 0.94716325/0.82517754 | F1 M: 0.22018271 D: 0.08357478 | [S/N/B]: [0.1671/0.4934/0.0000] | LR: 0.00002000
2026-03-10 18:53:37,492 - INFO - T29 E2/50 | L: 0.92203518/0.79297604 | F1 M: 0.37944638 D: 0.16413442 | [S/N/B]: [0.0937/0.8101/0.2345] | LR: 0.00001994
2026-03-10 18:53:49,961 - INFO - T29 E3/50 | L: 0.89686893/0.77521680 | F1 M: 0.39844823 D: 0.19228297 | [S/N/B]: [0.1299/0.8108/0.2547] | LR: 0.00001984
2026-03-10 18:53:50,323 - INFO - Trial 29 pruned by Optuna at epoch 3
2026-03-10 18:53:50,558 - INFO - Trial 29 pruned. 
2026-03-10 18:53:52,526 - INFO - SequenceDataset: 152966/228206 valid sequences (Lookback protection active).
2026-03-10 18:53:52,527 - INFO - SequenceDataset: 65585/97790 valid sequences (Lookback protection active).
2026-03-10 18:53:53,743 - INFO - Trial 30 START | tcn=512, lstm=32, layers=5, batch=512, seq=96, drop=0.5969, lr=0.000076, wd=0.0002 | alpha=[4.27, 0.66, 4.27], gamma=1.97, smooth=0.12
2026-03-10 18:54:11,692 - INFO - T30 E1/50 | L: 1.09147497/0.92810639 | F1 M: 0.34436932 D: 0.11103632 | [S/N/B]: [0.2139/0.8110/0.0082] | LR: 0.00007581
2026-03-10 18:54:30,320 - INFO - T30 E2/50 | L: 1.04701321/0.90274420 | F1 M: 0.37286278 D: 0.14531467 | [S/N/B]: [0.2318/0.8280/0.0589] | LR: 0.00007559
2026-03-10 18:54:49,301 - INFO - T30 E3/50 | L: 1.03387334/0.89878210 | F1 M: 0.39595781 D: 0.18316844 | [S/N/B]: [0.1833/0.8215/0.1830] | LR: 0.00007522
2026-03-10 18:54:49,899 - INFO - Trial 30 pruned by Optuna at epoch 3
2026-03-10 18:54:50,173 - INFO - Trial 30 pruned. 
2026-03-10 18:54:52,338 - INFO - SequenceDataset: 152966/228206 valid sequences (Lookback protection active).
2026-03-10 18:54:52,339 - INFO - SequenceDataset: 65585/97790 valid sequences (Lookback protection active).
2026-03-10 18:54:52,778 - INFO - Trial 31 START | tcn=512, lstm=64, layers=4, batch=512, seq=96, drop=0.4744, lr=0.000070, wd=0.0003 | alpha=[1.55, 0.69, 1.55], gamma=1.87, smooth=0.09
2026-03-10 18:55:12,101 - INFO - T31 E1/50 | L: 0.34958600/0.28577093 | F1 M: 0.38925178 D: 0.13080324 | [S/N/B]: [0.2616/0.9061/0.0000] | LR: 0.00006950
2026-03-10 18:55:30,765 - INFO - T31 E2/50 | L: 0.33214777/0.28396850 | F1 M: 0.39310652 D: 0.13520871 | [S/N/B]: [0.0000/0.9089/0.2704] | LR: 0.00006930
2026-03-10 18:55:49,963 - INFO - T31 E3/50 | L: 0.32827505/0.28439790 | F1 M: 0.39676515 D: 0.13609261 | [S/N/B]: [0.0028/0.9181/0.2694] | LR: 0.00006896
2026-03-10 18:55:50,630 - INFO - Trial 31 pruned by Optuna at epoch 3
2026-03-10 18:55:50,810 - INFO - Trial 31 pruned. 
2026-03-10 18:55:52,320 - INFO - SequenceDataset: 152966/228206 valid sequences (Lookback protection active).
2026-03-10 18:55:52,321 - INFO - SequenceDataset: 65585/97790 valid sequences (Lookback protection active).
2026-03-10 18:55:52,688 - INFO - Trial 32 START | tcn=512, lstm=64, layers=4, batch=512, seq=96, drop=0.5002, lr=0.000097, wd=0.0003 | alpha=[1.82, 0.75, 1.82], gamma=1.99, smooth=0.09
2026-03-10 18:56:11,588 - INFO - T32 E1/50 | L: 0.43492721/0.35248980 | F1 M: 0.39046965 D: 0.13230316 | [S/N/B]: [0.2646/0.9068/0.0000] | LR: 0.00009698
2026-03-10 18:56:30,298 - INFO - T32 E2/50 | L: 0.41072678/0.34918938 | F1 M: 0.39406354 D: 0.13531895 | [S/N/B]: [0.2706/0.9116/0.0000] | LR: 0.00009669
2026-03-10 18:56:49,500 - INFO - T32 E3/50 | L: 0.40579965/0.35084393 | F1 M: 0.43425433 D: 0.19426703 | [S/N/B]: [0.1719/0.9142/0.2166] | LR: 0.00009621
2026-03-10 18:57:08,506 - INFO - T32 E4/50 | L: 0.40270308/0.35274145 | F1 M: 0.43437255 D: 0.19147640 | [S/N/B]: [0.1742/0.9202/0.2087] | LR: 0.00009555
2026-03-10 18:57:27,685 - INFO - T32 E5/50 | L: 0.39830695/0.35434852 | F1 M: 0.43293338 D: 0.19281436 | [S/N/B]: [0.1881/0.9132/0.1975] | LR: 0.00009470
2026-03-10 18:57:27,776 - INFO - Trial 32 stopped early due to patience (3 epochs without improvement)
