2026-03-10 19:59:05,724 - INFO - Trial 65 pruned. 
2026-03-10 19:59:07,843 - INFO - SequenceDataset: 152966/228206 valid sequences (Lookback protection active).
2026-03-10 19:59:07,844 - INFO - SequenceDataset: 65585/97790 valid sequences (Lookback protection active).
2026-03-10 19:59:08,307 - INFO - Trial 66 START | tcn=128, lstm=128, layers=3, batch=512, seq=96, drop=0.5663, lr=0.000082, wd=0.0099 | alpha=[2.47, 0.63, 2.47], gamma=1.32, smooth=0.04
2026-03-10 19:59:16,481 - INFO - T66 E1/50 | L: 0.60536636/0.49414681 | F1 M: 0.38429466 D: 0.13365142 | [S/N/B]: [0.0014/0.8856/0.2659] | LR: 0.00008158
2026-03-10 19:59:25,305 - INFO - T66 E2/50 | L: 0.58254401/0.49144056 | F1 M: 0.38963713 D: 0.13905645 | [S/N/B]: [0.0059/0.8908/0.2722] | LR: 0.00008133
2026-03-10 19:59:34,874 - INFO - T66 E3/50 | L: 0.57937793/0.48885558 | F1 M: 0.42949811 D: 0.19082143 | [S/N/B]: [0.1091/0.9069/0.2725] | LR: 0.00008093
2026-03-10 19:59:43,374 - INFO - T66 E4/50 | L: 0.57746760/0.48850614 | F1 M: 0.44523304 D: 0.21742099 | [S/N/B]: [0.1752/0.9009/0.2596] | LR: 0.00008037
2026-03-10 19:59:52,608 - INFO - T66 E5/50 | L: 0.57579626/0.48814446 | F1 M: 0.44513095 D: 0.22029560 | [S/N/B]: [0.1921/0.8948/0.2485] | LR: 0.00007966
2026-03-10 20:00:01,712 - INFO - T66 E6/50 | L: 0.57489266/0.48795124 | F1 M: 0.43912007 D: 0.20789772 | [S/N/B]: [0.1488/0.9016/0.2670] | LR: 0.00007879
2026-03-10 20:00:10,988 - INFO - T66 E7/50 | L: 0.57386743/0.48833755 | F1 M: 0.44674359 D: 0.22003914 | [S/N/B]: [0.1955/0.9002/0.2446] | LR: 0.00007777
2026-03-10 20:00:19,539 - INFO - T66 E8/50 | L: 0.57180304/0.48765973 | F1 M: 0.43864936 D: 0.21104590 | [S/N/B]: [0.2378/0.8939/0.1843] | LR: 0.00007661
2026-03-10 20:00:28,555 - INFO - T66 E9/50 | L: 0.57110934/0.48834394 | F1 M: 0.44149397 D: 0.22139680 | [S/N/B]: [0.2201/0.8817/0.2227] | LR: 0.00007530
2026-03-10 20:00:37,568 - INFO - T66 E10/50 | L: 0.56934782/0.48767010 | F1 M: 0.44632664 D: 0.22331753 | [S/N/B]: [0.2329/0.8923/0.2137] | LR: 0.00007386
2026-03-10 20:00:37,722 - INFO - 🏆 [DIR]    Trial 66 | Global F1 Dir record: 0.22331753 (prev: 0.22286355) → saved best_tcn_lstm_dir.pt
2026-03-10 20:00:45,893 - INFO - T66 E11/50 | L: 0.56768329/0.48879217 | F1 M: 0.44102245 D: 0.21544901 | [S/N/B]: [0.2366/0.8922/0.1943] | LR: 0.00007229
2026-03-10 20:00:46,012 - INFO - Trial 66 stopped early due to patience (3 epochs without improvement)
2026-03-10 20:00:46,243 - INFO - Trial 66 finished with value: 0.446743593490794 and parameters: {'tcn_channels': 128, 'lstm_hidden': 128, 'num_lstm_layers': 3, 'batch_size': 512, 'dropout': 0.566339969780318, 'seq_len': 96, 'lr': 8.165588640447597e-05, 'weight_decay': 0.009908362692055294, 'base_alpha_side': 2.474506927083831, 'base_alpha_neutral': 0.6328044024848181, 'base_loss_gamma': 1.3227098917975049, 'base_loss_smoothing': 0.03833406085397442}. Best is trial 62 with value: 0.45076414754288724.
2026-03-10 20:00:47,783 - INFO - SequenceDataset: 152966/228206 valid sequences (Lookback protection active).
2026-03-10 20:00:47,783 - INFO - SequenceDataset: 65585/97790 valid sequences (Lookback protection active).
2026-03-10 20:00:48,535 - INFO - Trial 67 START | tcn=128, lstm=128, layers=3, batch=512, seq=96, drop=0.5920, lr=0.000083, wd=0.0007 | alpha=[2.09, 0.57, 2.09], gamma=1.34, smooth=0.03
2026-03-10 20:00:56,623 - INFO - T67 E1/50 | L: 0.47869015/0.38983978 | F1 M: 0.42409061 D: 0.18763860 | [S/N/B]: [0.1150/0.8970/0.2602] | LR: 0.00008245
2026-03-10 20:01:05,283 - INFO - T67 E2/50 | L: 0.46047951/0.38905639 | F1 M: 0.43900151 D: 0.21151770 | [S/N/B]: [0.1641/0.8940/0.2589] | LR: 0.00008220
2026-03-10 20:01:13,797 - INFO - T67 E3/50 | L: 0.45793299/0.38634486 | F1 M: 0.43694034 D: 0.21087181 | [S/N/B]: [0.1615/0.8891/0.2602] | LR: 0.00008180
2026-03-10 20:01:22,066 - INFO - T67 E4/50 | L: 0.45611928/0.38598755 | F1 M: 0.43907991 D: 0.21267809 | [S/N/B]: [0.1856/0.8919/0.2398] | LR: 0.00008123
2026-03-10 20:01:30,545 - INFO - T67 E5/50 | L: 0.45549915/0.38556715 | F1 M: 0.44010956 D: 0.21099524 | [S/N/B]: [0.1689/0.8983/0.2531] | LR: 0.00008051
2026-03-10 20:01:38,626 - INFO - T67 E6/50 | L: 0.45371425/0.38542605 | F1 M: 0.44262162 D: 0.21546037 | [S/N/B]: [0.1890/0.8969/0.2419] | LR: 0.00007963
2026-03-10 20:01:47,103 - INFO - T67 E7/50 | L: 0.45260407/0.38554308 | F1 M: 0.44388493 D: 0.22101396 | [S/N/B]: [0.2111/0.8896/0.2309] | LR: 0.00007860
2026-03-10 20:01:56,143 - INFO - T67 E8/50 | L: 0.45184797/0.38568694 | F1 M: 0.43841071 D: 0.21523152 | [S/N/B]: [0.2266/0.8848/0.2038] | LR: 0.00007743
2026-03-10 20:02:04,446 - INFO - T67 E9/50 | L: 0.45108835/0.38601881 | F1 M: 0.44204341 D: 0.21874960 | [S/N/B]: [0.2239/0.8886/0.2136] | LR: 0.00007611
2026-03-10 20:02:04,550 - INFO - Trial 67 stopped early due to patience (3 epochs without improvement)
2026-03-10 20:02:04,762 - INFO - Trial 67 finished with value: 0.44388492904990645 and parameters: {'tcn_channels': 128, 'lstm_hidden': 128, 'num_lstm_layers': 3, 'batch_size': 512, 'dropout': 0.5920209132294952, 'seq_len': 96, 'lr': 8.252916567990256e-05, 'weight_decay': 0.0007361422635937151, 'base_alpha_side': 2.086328407947695, 'base_alpha_neutral': 0.5695757039764535, 'base_loss_gamma': 1.3394497149997655, 'base_loss_smoothing': 0.029333568616153233}. Best is trial 62 with value: 0.45076414754288724.
2026-03-10 20:02:06,331 - INFO - SequenceDataset: 152966/228206 valid sequences (Lookback protection active).
2026-03-10 20:02:06,332 - INFO - SequenceDataset: 65585/97790 valid sequences (Lookback protection active).
2026-03-10 20:02:07,194 - INFO - Trial 68 START | tcn=128, lstm=128, layers=4, batch=512, seq=96, drop=0.5901, lr=0.000051, wd=0.0067 | alpha=[1.88, 0.51, 1.88], gamma=1.28, smooth=0.03
2026-03-10 20:02:15,933 - INFO - T68 E1/50 | L: 0.42256761/0.34221195 | F1 M: 0.37233531 D: 0.12538933 | [S/N/B]: [0.0000/0.8662/0.2508] | LR: 0.00005077
2026-03-10 20:02:25,819 - INFO - T68 E2/50 | L: 0.40254809/0.33835131 | F1 M: 0.38483293 D: 0.13341573 | [S/N/B]: [0.0000/0.8877/0.2668] | LR: 0.00005062
2026-03-10 20:02:36,172 - INFO - T68 E3/50 | L: 0.40015496/0.33758344 | F1 M: 0.38467101 D: 0.13450094 | [S/N/B]: [0.0000/0.8850/0.2690] | LR: 0.00005037
2026-03-10 20:02:37,156 - INFO - Trial 68 pruned by Optuna at epoch 3
2026-03-10 20:02:37,330 - INFO - Trial 68 pruned. 
2026-03-10 20:02:38,324 - INFO - SequenceDataset: 152966/228206 valid sequences (Lookback protection active).
2026-03-10 20:02:38,325 - INFO - SequenceDataset: 65585/97790 valid sequences (Lookback protection active).
2026-03-10 20:02:39,336 - INFO - Trial 69 START | tcn=128, lstm=128, layers=3, batch=256, seq=96, drop=0.5746, lr=0.000065, wd=0.0005 | alpha=[2.09, 0.55, 2.09], gamma=2.64, smooth=0.04
2026-03-10 20:02:53,462 - INFO - T69 E1/50 | L: 0.32797544/0.26705560 | F1 M: 0.40016017 D: 0.20031119 | [S/N/B]: [0.2131/0.7999/0.1876] | LR: 0.00006499
2026-03-10 20:03:08,023 - INFO - T69 E2/50 | L: 0.31985527/0.26802658 | F1 M: 0.32648003 D: 0.10696525 | [S/N/B]: [0.0000/0.7655/0.2139] | LR: 0.00006480
2026-03-10 20:03:22,603 - INFO - T69 E3/50 | L: 0.31838273/0.26571334 | F1 M: 0.40115335 D: 0.19759876 | [S/N/B]: [0.2169/0.8083/0.1783] | LR: 0.00006448
2026-03-10 20:03:23,414 - INFO - Trial 69 pruned by Optuna at epoch 3
2026-03-10 20:03:23,628 - INFO - Trial 69 pruned. 
2026-03-10 20:03:25,288 - INFO - SequenceDataset: 152966/228206 valid sequences (Lookback protection active).
2026-03-10 20:03:25,289 - INFO - SequenceDataset: 65585/97790 valid sequences (Lookback protection active).
2026-03-10 20:03:25,756 - INFO - Trial 70 START | tcn=128, lstm=128, layers=4, batch=512, seq=96, drop=0.5659, lr=0.000081, wd=0.0093 | alpha=[2.69, 0.63, 2.69], gamma=1.77, smooth=0.02
2026-03-10 20:03:35,758 - INFO - T70 E1/50 | L: 0.58226280/0.46967112 | F1 M: 0.38027573 D: 0.13050159 | [S/N/B]: [0.0000/0.8798/0.2610] | LR: 0.00008123
2026-03-10 20:03:45,693 - INFO - T70 E2/50 | L: 0.56164827/0.46729317 | F1 M: 0.42651400 D: 0.20253991 | [S/N/B]: [0.1552/0.8745/0.2498] | LR: 0.00008099
2026-03-10 20:03:56,581 - INFO - T70 E3/50 | L: 0.55933264/0.46753083 | F1 M: 0.42237324 D: 0.20169026 | [S/N/B]: [0.1604/0.8637/0.2430] | LR: 0.00008059
2026-03-10 20:03:57,172 - INFO - Trial 70 pruned by Optuna at epoch 3
2026-03-10 20:03:57,715 - INFO - Trial 70 pruned. 
2026-03-10 20:04:00,139 - INFO - SequenceDataset: 152966/228206 valid sequences (Lookback protection active).
2026-03-10 20:04:00,140 - INFO - SequenceDataset: 65585/97790 valid sequences (Lookback protection active).
2026-03-10 20:04:00,599 - INFO - Trial 71 START | tcn=128, lstm=128, layers=3, batch=512, seq=96, drop=0.5924, lr=0.000073, wd=0.0007 | alpha=[2.34, 0.58, 2.34], gamma=1.37, smooth=0.04
2026-03-10 20:04:09,164 - INFO - T71 E1/50 | L: 0.53967109/0.44058247 | F1 M: 0.38017211 D: 0.13177222 | [S/N/B]: [0.0000/0.8770/0.2635] | LR: 0.00007312
2026-03-10 20:04:18,515 - INFO - T71 E2/50 | L: 0.52003871/0.43684820 | F1 M: 0.39150547 D: 0.14041929 | [S/N/B]: [0.0059/0.8937/0.2750] | LR: 0.00007291
2026-03-10 20:04:28,045 - INFO - T71 E3/50 | L: 0.51762633/0.43710368 | F1 M: 0.43479968 D: 0.20865158 | [S/N/B]: [0.1464/0.8871/0.2709] | LR: 0.00007255
2026-03-10 20:04:37,290 - INFO - T71 E4/50 | L: 0.51608043/0.43662098 | F1 M: 0.44331576 D: 0.21859014 | [S/N/B]: [0.2178/0.8928/0.2194] | LR: 0.00007204
2026-03-10 20:04:46,313 - INFO - T71 E5/50 | L: 0.51456795/0.43571726 | F1 M: 0.43885883 D: 0.21552039 | [S/N/B]: [0.1691/0.8855/0.2620] | LR: 0.00007140
2026-03-10 20:04:55,158 - INFO - T71 E6/50 | L: 0.51374950/0.43900155 | F1 M: 0.44351517 D: 0.22104564 | [S/N/B]: [0.2072/0.8885/0.2349] | LR: 0.00007062
2026-03-10 20:05:04,550 - INFO - T71 E7/50 | L: 0.51244951/0.43667520 | F1 M: 0.43808314 D: 0.21835781 | [S/N/B]: [0.1771/0.8775/0.2596] | LR: 0.00006971
2026-03-10 20:05:13,604 - INFO - T71 E8/50 | L: 0.51104208/0.43576600 | F1 M: 0.43755573 D: 0.21628959 | [S/N/B]: [0.2223/0.8801/0.2102] | LR: 0.00006867
2026-03-10 20:05:13,731 - INFO - Trial 71 stopped early due to patience (3 epochs without improvement)
2026-03-10 20:05:14,190 - INFO - Trial 71 finished with value: 0.44351516704566274 and parameters: {'tcn_channels': 128, 'lstm_hidden': 128, 'num_lstm_layers': 3, 'batch_size': 512, 'dropout': 0.5924264576108346, 'seq_len': 96, 'lr': 7.319442058993985e-05, 'weight_decay': 0.0006979352775370382, 'base_alpha_side': 2.335776836397429, 'base_alpha_neutral': 0.5779516305019706, 'base_loss_gamma': 1.3701426541937431, 'base_loss_smoothing': 0.03662619873723354}. Best is trial 62 with value: 0.45076414754288724.
2026-03-10 20:05:16,848 - INFO - SequenceDataset: 152966/228206 valid sequences (Lookback protection active).
2026-03-10 20:05:16,848 - INFO - SequenceDataset: 65585/97790 valid sequences (Lookback protection active).
2026-03-10 20:05:17,350 - INFO - Trial 72 START | tcn=128, lstm=128, layers=3, batch=512, seq=96, drop=0.5924, lr=0.000075, wd=0.0007 | alpha=[2.26, 0.47, 2.26], gamma=1.40, smooth=0.03
2026-03-10 20:05:25,828 - INFO - T72 E1/50 | L: 0.46656187/0.38245886 | F1 M: 0.40732032 D: 0.19481194 | [S/N/B]: [0.2627/0.8323/0.1269] | LR: 0.00007465
2026-03-10 20:05:35,329 - INFO - T72 E2/50 | L: 0.45131578/0.37874516 | F1 M: 0.42025006 D: 0.20574594 | [S/N/B]: [0.1870/0.8493/0.2245] | LR: 0.00007443
2026-03-10 20:05:45,040 - INFO - T72 E3/50 | L: 0.44914231/0.37834181 | F1 M: 0.41475561 D: 0.19594624 | [S/N/B]: [0.1512/0.8524/0.2407] | LR: 0.00007406
2026-03-10 20:05:45,550 - INFO - Trial 72 pruned by Optuna at epoch 3
2026-03-10 20:05:45,808 - INFO - Trial 72 pruned. 
2026-03-10 20:05:48,492 - INFO - SequenceDataset: 152966/228206 valid sequences (Lookback protection active).
2026-03-10 20:05:48,493 - INFO - SequenceDataset: 65585/97790 valid sequences (Lookback protection active).
2026-03-10 20:05:49,018 - INFO - Trial 73 START | tcn=128, lstm=128, layers=3, batch=512, seq=96, drop=0.5780, lr=0.000093, wd=0.0005 | alpha=[2.09, 0.62, 2.09], gamma=1.31, smooth=0.05
2026-03-10 20:05:58,021 - INFO - T73 E1/50 | L: 0.51495414/0.41867017 | F1 M: 0.43689451 D: 0.20490242 | [S/N/B]: [0.1815/0.9009/0.2283] | LR: 0.00009340
2026-03-10 20:06:07,744 - INFO - T73 E2/50 | L: 0.49379248/0.41663130 | F1 M: 0.43578657 D: 0.20104780 | [S/N/B]: [0.1408/0.9053/0.2613] | LR: 0.00009312
2026-03-10 20:06:17,505 - INFO - T73 E3/50 | L: 0.49109694/0.41724117 | F1 M: 0.43897348 D: 0.20637967 | [S/N/B]: [0.1507/0.9042/0.2620] | LR: 0.00009266
2026-03-10 20:06:26,696 - INFO - T73 E4/50 | L: 0.48962407/0.41634860 | F1 M: 0.44204756 D: 0.21188942 | [S/N/B]: [0.1743/0.9024/0.2495] | LR: 0.00009202
2026-03-10 20:06:36,245 - INFO - T73 E5/50 | L: 0.48818464/0.41604993 | F1 M: 0.44364970 D: 0.21500061 | [S/N/B]: [0.1905/0.9009/0.2395] | LR: 0.00009120
2026-03-10 20:06:45,965 - INFO - T73 E6/50 | L: 0.48694808/0.41569061 | F1 M: 0.44540083 D: 0.22052019 | [S/N/B]: [0.2154/0.8952/0.2256] | LR: 0.00009021
2026-03-10 20:06:55,210 - INFO - T73 E7/50 | L: 0.48561156/0.41571625 | F1 M: 0.44296104 D: 0.21516047 | [S/N/B]: [0.2288/0.8986/0.2015] | LR: 0.00008904
2026-03-10 20:07:04,509 - INFO - T73 E8/50 | L: 0.48394952/0.41943894 | F1 M: 0.44483120 D: 0.21882133 | [S/N/B]: [0.1896/0.8969/0.2480] | LR: 0.00008771
2026-03-10 20:07:14,200 - INFO - T73 E9/50 | L: 0.48298744/0.41776461 | F1 M: 0.44043795 D: 0.20823360 | [S/N/B]: [0.2325/0.9048/0.1840] | LR: 0.00008621
2026-03-10 20:07:14,505 - INFO - Trial 73 stopped early due to patience (3 epochs without improvement)
2026-03-10 20:07:14,808 - INFO - Trial 73 finished with value: 0.4454008271674448 and parameters: {'tcn_channels': 128, 'lstm_hidden': 128, 'num_lstm_layers': 3, 'batch_size': 512, 'dropout': 0.5780381799681762, 'seq_len': 96, 'lr': 9.349175521198812e-05, 'weight_decay': 0.0005296624684016304, 'base_alpha_side': 2.0932448305367073, 'base_alpha_neutral': 0.6166840319000056, 'base_loss_gamma': 1.3098527734782965, 'base_loss_smoothing': 0.04514386447364034}. Best is trial 62 with value: 0.45076414754288724.
2026-03-10 20:07:16,800 - INFO - SequenceDataset: 152966/228206 valid sequences (Lookback protection active).
2026-03-10 20:07:16,801 - INFO - SequenceDataset: 65585/97790 valid sequences (Lookback protection active).
2026-03-10 20:07:17,235 - INFO - Trial 74 START | tcn=128, lstm=128, layers=3, batch=512, seq=96, drop=0.5998, lr=0.000094, wd=0.0005 | alpha=[1.68, 0.61, 1.68], gamma=1.25, smooth=0.05
2026-03-10 20:07:26,213 - INFO - T74 E1/50 | L: 0.41654843/0.34175177 | F1 M: 0.39261921 D: 0.13420672 | [S/N/B]: [0.0000/0.9094/0.2684] | LR: 0.00009418
2026-03-10 20:07:35,393 - INFO - T74 E2/50 | L: 0.40093872/0.33957213 | F1 M: 0.44224096 D: 0.20687509 | [S/N/B]: [0.2043/0.9130/0.2095] | LR: 0.00009390
2026-03-10 20:07:44,362 - INFO - T74 E3/50 | L: 0.39907481/0.33943437 | F1 M: 0.42013050 D: 0.17173036 | [S/N/B]: [0.0811/0.9169/0.2624] | LR: 0.00009344
2026-03-10 20:07:53,439 - INFO - T74 E4/50 | L: 0.39768256/0.34022097 | F1 M: 0.43034821 D: 0.19037797 | [S/N/B]: [0.1100/0.9103/0.2708] | LR: 0.00009279
2026-03-10 20:08:02,709 - INFO - T74 E5/50 | L: 0.39597692/0.33864181 | F1 M: 0.41424300 D: 0.16486829 | [S/N/B]: [0.0526/0.9130/0.2772] | LR: 0.00009197
2026-03-10 20:08:11,241 - INFO - T74 E6/50 | L: 0.39521574/0.33865673 | F1 M: 0.44661224 D: 0.21223991 | [S/N/B]: [0.2013/0.9154/0.2232] | LR: 0.00009097
2026-03-10 20:08:19,896 - INFO - T74 E7/50 | L: 0.39392783/0.33916218 | F1 M: 0.44470269 D: 0.21152380 | [S/N/B]: [0.1921/0.9111/0.2310] | LR: 0.00008979
2026-03-10 20:08:28,313 - INFO - T74 E8/50 | L: 0.39324530/0.33896572 | F1 M: 0.44120118 D: 0.20528879 | [S/N/B]: [0.2377/0.9130/0.1729] | LR: 0.00008844
2026-03-10 20:08:28,489 - INFO - Trial 74 stopped early due to patience (3 epochs without improvement)
2026-03-10 20:08:28,782 - INFO - Trial 74 finished with value: 0.4466122366068835 and parameters: {'tcn_channels': 128, 'lstm_hidden': 128, 'num_lstm_layers': 3, 'batch_size': 512, 'dropout': 0.5997727222709399, 'seq_len': 96, 'lr': 9.427523174029334e-05, 'weight_decay': 0.000542080224076194, 'base_alpha_side': 1.68080204957177, 'base_alpha_neutral': 0.6102575952271725, 'base_loss_gamma': 1.2496148755341134, 'base_loss_smoothing': 0.045620438812453014}. Best is trial 62 with value: 0.45076414754288724.
2026-03-10 20:08:30,802 - INFO - SequenceDataset: 152966/228206 valid sequences (Lookback protection active).
2026-03-10 20:08:30,803 - INFO - SequenceDataset: 65585/97790 valid sequences (Lookback protection active).
2026-03-10 20:08:31,985 - INFO - Trial 75 START | tcn=128, lstm=128, layers=3, batch=512, seq=96, drop=0.5989, lr=0.000095, wd=0.0004 | alpha=[1.67, 0.63, 1.67], gamma=1.11, smooth=0.05
2026-03-10 20:08:40,688 - INFO - T75 E1/50 | L: 0.44512203/0.36358752 | F1 M: 0.39845489 D: 0.13950717 | [S/N/B]: [0.0199/0.9164/0.2591] | LR: 0.00009457
2026-03-10 20:08:50,209 - INFO - T75 E2/50 | L: 0.42542307/0.36064855 | F1 M: 0.39784075 D: 0.13723868 | [S/N/B]: [0.0104/0.9190/0.2641] | LR: 0.00009429
2026-03-10 20:08:59,046 - INFO - T75 E3/50 | L: 0.42310596/0.36193049 | F1 M: 0.39662646 D: 0.13724935 | [S/N/B]: [0.0005/0.9154/0.2740] | LR: 0.00009383
2026-03-10 20:08:59,287 - INFO - Trial 75 pruned by Optuna at epoch 3
2026-03-10 20:08:59,515 - INFO - Trial 75 pruned. 
2026-03-10 20:09:01,999 - INFO - SequenceDataset: 152966/228206 valid sequences (Lookback protection active).
2026-03-10 20:09:02,000 - INFO - SequenceDataset: 65585/97790 valid sequences (Lookback protection active).
2026-03-10 20:09:02,978 - INFO - Trial 76 START | tcn=128, lstm=128, layers=3, batch=512, seq=96, drop=0.5673, lr=0.000094, wd=0.0005 | alpha=[1.73, 0.61, 1.73], gamma=1.23, smooth=0.06
2026-03-10 20:09:11,042 - INFO - T76 E1/50 | L: 0.44354918/0.36260973 | F1 M: 0.39611822 D: 0.13667032 | [S/N/B]: [0.0055/0.9150/0.2679] | LR: 0.00009405
2026-03-10 20:09:20,518 - INFO - T76 E2/50 | L: 0.42470477/0.36094213 | F1 M: 0.43727733 D: 0.19965110 | [S/N/B]: [0.1443/0.9125/0.2550] | LR: 0.00009377
2026-03-10 20:09:29,515 - INFO - T76 E3/50 | L: 0.42214342/0.35958307 | F1 M: 0.43321547 D: 0.19197666 | [S/N/B]: [0.1306/0.9157/0.2534] | LR: 0.00009331
2026-03-10 20:09:39,074 - INFO - T76 E4/50 | L: 0.42057827/0.35993032 | F1 M: 0.43555677 D: 0.19531417 | [S/N/B]: [0.1485/0.9160/0.2421] | LR: 0.00009266
2026-03-10 20:09:48,083 - INFO - T76 E5/50 | L: 0.41960462/0.36007138 | F1 M: 0.44002688 D: 0.20298387 | [S/N/B]: [0.1665/0.9141/0.2394] | LR: 0.00009184
2026-03-10 20:09:57,183 - INFO - T76 E6/50 | L: 0.41829811/0.36087248 | F1 M: 0.43651847 D: 0.19661232 | [S/N/B]: [0.1487/0.9163/0.2445] | LR: 0.00009084
2026-03-10 20:09:57,317 - INFO - Trial 76 stopped early due to patience (3 epochs without improvement)
2026-03-10 20:09:57,627 - INFO - Trial 76 finished with value: 0.44002687758218073 and parameters: {'tcn_channels': 128, 'lstm_hidden': 128, 'num_lstm_layers': 3, 'batch_size': 512, 'dropout': 0.5673350874671822, 'seq_len': 96, 'lr': 9.414060965838887e-05, 'weight_decay': 0.0005285664603142551, 'base_alpha_side': 1.7344314522631548, 'base_alpha_neutral': 0.6134381669432831, 'base_loss_gamma': 1.2291971978407399, 'base_loss_smoothing': 0.05678059222321587}. Best is trial 62 with value: 0.45076414754288724.
2026-03-10 20:09:59,856 - INFO - SequenceDataset: 152966/228206 valid sequences (Lookback protection active).
2026-03-10 20:09:59,856 - INFO - SequenceDataset: 65585/97790 valid sequences (Lookback protection active).
2026-03-10 20:10:00,790 - INFO - Trial 77 START | tcn=128, lstm=128, layers=4, batch=128, seq=96, drop=0.5749, lr=0.000080, wd=0.0006 | alpha=[1.93, 0.61, 1.93], gamma=1.31, smooth=0.05
2026-03-10 20:10:28,236 - INFO - T77 E1/50 | L: 0.46120598/0.38378362 | F1 M: 0.43777902 D: 0.20504242 | [S/N/B]: [0.1613/0.9033/0.2488] | LR: 0.00007979
2026-03-10 20:10:56,308 - INFO - T77 E2/50 | L: 0.45121972/0.38093578 | F1 M: 0.39472225 D: 0.13923962 | [S/N/B]: [0.0000/0.9057/0.2785] | LR: 0.00007956
2026-03-10 20:11:24,196 - INFO - T77 E3/50 | L: 0.44906229/0.38087520 | F1 M: 0.41041381 D: 0.16544535 | [S/N/B]: [0.0556/0.9004/0.2753] | LR: 0.00007917
2026-03-10 20:11:52,001 - INFO - T77 E4/50 | L: 0.44715859/0.37992114 | F1 M: 0.41712768 D: 0.17050957 | [S/N/B]: [0.0693/0.9104/0.2718] | LR: 0.00007862
2026-03-10 20:12:19,800 - INFO - T77 E5/50 | L: 0.44559729/0.38088610 | F1 M: 0.40408104 D: 0.15530467 | [S/N/B]: [0.0350/0.9016/0.2756] | LR: 0.00007792
2026-03-10 20:12:47,597 - INFO - T77 E6/50 | L: 0.44497588/0.37963032 | F1 M: 0.43495459 D: 0.19804801 | [S/N/B]: [0.1344/0.9088/0.2617] | LR: 0.00007707
2026-03-10 20:13:15,583 - INFO - T77 E7/50 | L: 0.44307952/0.38109401 | F1 M: 0.43671870 D: 0.20262067 | [S/N/B]: [0.1517/0.9049/0.2535] | LR: 0.00007607
2026-03-10 20:13:43,344 - INFO - T77 E8/50 | L: 0.44193087/0.38099887 | F1 M: 0.43569253 D: 0.20099470 | [S/N/B]: [0.1483/0.9051/0.2537] | LR: 0.00007493
2026-03-10 20:14:11,489 - INFO - T77 E9/50 | L: 0.44096229/0.38176957 | F1 M: 0.44201583 D: 0.21502426 | [S/N/B]: [0.2053/0.8960/0.2248] | LR: 0.00007366
2026-03-10 20:14:11,724 - INFO - Trial 77 stopped early due to patience (3 epochs without improvement)
