2026-03-10 18:09:52,906 - INFO - Trial 4 finished with value: 0.08422513014108274 and parameters: {'tcn_channels': 512, 'lstm_hidden': 64, 'num_lstm_layers': 6, 'batch_size': 512, 'dropout': 0.535257693273701, 'seq_len': 96, 'lr': 5.244183718628607e-05, 'weight_decay': 0.0011696388735901225, 'base_alpha_side': 3.7450942843754893, 'base_alpha_neutral': 0.26411807544242005, 'base_loss_gamma': 2.951342574242986, 'base_loss_smoothing': 0.0684760918284279}. Best is trial 3 with value: 0.39422714352444727.
2026-03-10 18:09:54,507 - INFO - SequenceDataset: 133934/228182 valid sequences (Lookback protection active).
2026-03-10 18:09:54,508 - INFO - SequenceDataset: 57425/97766 valid sequences (Lookback protection active).
2026-03-10 18:09:55,383 - INFO - Trial 5 START | tcn=512, lstm=128, layers=5, batch=128, seq=120, drop=0.4459, lr=0.000080, wd=0.0055 | alpha=[3.79, 0.80, 3.79], gamma=2.42, smooth=0.11
2026-03-10 18:10:23,209 - INFO - T5 E1/50 | L: 0.96565626/0.81958908 | F1 M: 0.43364455 D: 0.20745677 | [S/N/B]: [0.1663/0.8860/0.2486] | LR: 0.00008012
2026-03-10 18:10:23,586 - INFO - 🥇 [MACRO]  Trial 5 | Global F1 Macro record: 0.43364455 (prev: 0.39422714) → saved best_tcn_lstm.pt
2026-03-10 18:10:23,763 - INFO - 🏆 [DIR]    Trial 5 | Global F1 Dir record: 0.20745677 (prev: 0.20722396) → saved best_tcn_lstm_dir.pt
2026-03-10 18:10:51,496 - INFO - T5 E2/50 | L: 0.94797696/0.81550376 | F1 M: 0.42410668 D: 0.20248990 | [S/N/B]: [0.2299/0.8673/0.1751] | LR: 0.00007989
2026-03-10 18:11:20,991 - INFO - T5 E3/50 | L: 0.94057532/0.81696640 | F1 M: 0.40646911 D: 0.18662249 | [S/N/B]: [0.2368/0.8462/0.1364] | LR: 0.00007949
2026-03-10 18:11:50,276 - INFO - T5 E4/50 | L: 0.93185876/0.82089587 | F1 M: 0.43180510 D: 0.21741776 | [S/N/B]: [0.1862/0.8606/0.2486] | LR: 0.00007894
2026-03-10 18:11:50,763 - INFO - 🏆 [DIR]    Trial 5 | Global F1 Dir record: 0.21741776 (prev: 0.20745677) → saved best_tcn_lstm_dir.pt
2026-03-10 18:12:20,337 - INFO - T5 E5/50 | L: 0.92279728/0.82222189 | F1 M: 0.43442212 D: 0.21878358 | [S/N/B]: [0.2040/0.8657/0.2336] | LR: 0.00007824
2026-03-10 18:12:20,555 - INFO - 🥇 [MACRO]  Trial 5 | Global F1 Macro record: 0.43442212 (prev: 0.43364455) → saved best_tcn_lstm.pt
2026-03-10 18:12:20,635 - INFO - 🏆 [DIR]    Trial 5 | Global F1 Dir record: 0.21878358 (prev: 0.21741776) → saved best_tcn_lstm_dir.pt
2026-03-10 18:12:21,386 - INFO - Trial 5 stopped early due to patience (3 epochs without improvement)
2026-03-10 18:12:21,863 - INFO - Trial 5 finished with value: 0.43442212460955365 and parameters: {'tcn_channels': 512, 'lstm_hidden': 128, 'num_lstm_layers': 5, 'batch_size': 128, 'dropout': 0.4458798713156217, 'seq_len': 120, 'lr': 8.02031271929653e-05, 'weight_decay': 0.005517918296184343, 'base_alpha_side': 3.7862490503582698, 'base_alpha_neutral': 0.7994793648446671, 'base_loss_gamma': 2.422452781732226, 'base_loss_smoothing': 0.11456105790989031}. Best is trial 5 with value: 0.43442212460955365.
2026-03-10 18:12:24,472 - INFO - SequenceDataset: 191030/228254 valid sequences (Lookback protection active).
2026-03-10 18:12:24,473 - INFO - SequenceDataset: 81905/97838 valid sequences (Lookback protection active).
2026-03-10 18:12:24,943 - INFO - Trial 6 START | tcn=64, lstm=128, layers=3, batch=512, seq=48, drop=0.5766, lr=0.000054, wd=0.0009 | alpha=[3.90, 0.34, 3.90], gamma=2.14, smooth=0.14
2026-03-10 18:12:34,951 - INFO - T6 E1/50 | L: 0.66174933/0.55512063 | F1 M: 0.19226157 D: 0.15926666 | [S/N/B]: [0.1044/0.2583/0.2141] | LR: 0.00005397
2026-03-10 18:12:45,972 - INFO - T6 E2/50 | L: 0.64316268/0.55123318 | F1 M: 0.24940393 D: 0.13205720 | [S/N/B]: [0.1368/0.4841/0.1273] | LR: 0.00005381
2026-03-10 18:12:55,397 - INFO - T6 E3/50 | L: 0.63872852/0.55134711 | F1 M: 0.20445940 D: 0.07869177 | [S/N/B]: [0.0159/0.4560/0.1415] | LR: 0.00005355
2026-03-10 18:13:04,986 - INFO - T6 E4/50 | L: 0.63850245/0.55061926 | F1 M: 0.24112736 D: 0.10881323 | [S/N/B]: [0.0732/0.5058/0.1444] | LR: 0.00005318
2026-03-10 18:13:05,532 - INFO - Trial 6 pruned by Optuna at epoch 4
2026-03-10 18:13:06,014 - INFO - Trial 6 pruned. 
2026-03-10 18:13:08,491 - INFO - SequenceDataset: 152966/228206 valid sequences (Lookback protection active).
2026-03-10 18:13:08,492 - INFO - SequenceDataset: 65585/97790 valid sequences (Lookback protection active).
2026-03-10 18:13:09,011 - INFO - Trial 7 START | tcn=512, lstm=128, layers=4, batch=512, seq=96, drop=0.4312, lr=0.000083, wd=0.0002 | alpha=[3.44, 0.77, 3.44], gamma=1.84, smooth=0.14
2026-03-10 18:13:29,090 - INFO - T7 E1/50 | L: 0.95449226/0.82827351 | F1 M: 0.38101184 D: 0.13284074 | [S/N/B]: [0.0000/0.8774/0.2657] | LR: 0.00008329
2026-03-10 18:13:51,223 - INFO - T7 E2/50 | L: 0.93572845/0.82518641 | F1 M: 0.39986525 D: 0.15535141 | [S/N/B]: [0.0395/0.8889/0.2712] | LR: 0.00008305
2026-03-10 18:14:12,836 - INFO - T7 E3/50 | L: 0.93040833/0.82858190 | F1 M: 0.43365999 D: 0.21147665 | [S/N/B]: [0.1677/0.8780/0.2552] | LR: 0.00008264
2026-03-10 18:14:33,830 - INFO - T7 E4/50 | L: 0.92616764/0.82764955 | F1 M: 0.38931238 D: 0.14717551 | [S/N/B]: [0.0332/0.8736/0.2612] | LR: 0.00008206
2026-03-10 18:14:55,521 - INFO - T7 E5/50 | L: 0.91946141/0.82982387 | F1 M: 0.43261275 D: 0.21216796 | [S/N/B]: [0.1718/0.8735/0.2526] | LR: 0.00008133
2026-03-10 18:14:56,398 - INFO - Trial 7 stopped early due to patience (3 epochs without improvement)
2026-03-10 18:14:56,738 - INFO - Trial 7 finished with value: 0.4336599935077274 and parameters: {'tcn_channels': 512, 'lstm_hidden': 128, 'num_lstm_layers': 4, 'batch_size': 512, 'dropout': 0.4312243504001856, 'seq_len': 96, 'lr': 8.337395561283744e-05, 'weight_decay': 0.0001833448202881295, 'base_alpha_side': 3.4423268181496365, 'base_alpha_neutral': 0.7652115170388158, 'base_loss_gamma': 1.8395774576635515, 'base_loss_smoothing': 0.14113682853473028}. Best is trial 5 with value: 0.43442212460955365.
2026-03-10 18:14:59,415 - INFO - SequenceDataset: 191030/228254 valid sequences (Lookback protection active).
2026-03-10 18:14:59,415 - INFO - SequenceDataset: 81905/97838 valid sequences (Lookback protection active).
2026-03-10 18:14:59,886 - INFO - Trial 8 START | tcn=64, lstm=32, layers=4, batch=128, seq=48, drop=0.5326, lr=0.000066, wd=0.0082 | alpha=[4.70, 0.21, 4.70], gamma=2.43, smooth=0.09
2026-03-10 18:15:34,279 - INFO - T8 E1/50 | L: 0.62373776/0.48519239 | F1 M: 0.03643429 D: 0.05465143 | [S/N/B]: [0.0000/0.0000/0.1093] | LR: 0.00006613
2026-03-10 18:16:08,516 - INFO - T8 E2/50 | L: 0.59403475/0.48269711 | F1 M: 0.03643429 D: 0.05465143 | [S/N/B]: [0.0000/0.0000/0.1093] | LR: 0.00006594
2026-03-10 18:16:42,259 - INFO - T8 E3/50 | L: 0.59028678/0.48212477 | F1 M: 0.11432781 D: 0.17149172 | [S/N/B]: [0.2612/0.0000/0.0818] | LR: 0.00006561
2026-03-10 18:16:42,715 - INFO - Trial 8 pruned by Optuna at epoch 3
2026-03-10 18:16:43,229 - INFO - Trial 8 pruned. 
2026-03-10 18:16:45,843 - INFO - SequenceDataset: 133934/228182 valid sequences (Lookback protection active).
2026-03-10 18:16:45,844 - INFO - SequenceDataset: 57425/97766 valid sequences (Lookback protection active).
2026-03-10 18:16:46,394 - INFO - Trial 9 START | tcn=256, lstm=64, layers=8, batch=256, seq=120, drop=0.5747, lr=0.000061, wd=0.0020 | alpha=[4.27, 0.33, 4.27], gamma=2.12, smooth=0.15
2026-03-10 18:17:04,856 - INFO - T9 E1/50 | L: 0.84322789/0.70450705 | F1 M: 0.09167874 D: 0.13751812 | [S/N/B]: [0.0626/0.0000/0.2125] | LR: 0.00006126
2026-03-10 18:17:23,754 - INFO - T9 E2/50 | L: 0.81424958/0.69956364 | F1 M: 0.09728031 D: 0.14592046 | [S/N/B]: [0.0787/0.0000/0.2132] | LR: 0.00006108
2026-03-10 18:17:43,234 - INFO - T9 E3/50 | L: 0.81006930/0.69811191 | F1 M: 0.14666748 D: 0.11122153 | [S/N/B]: [0.0418/0.2176/0.1806] | LR: 0.00006078
2026-03-10 18:17:43,439 - INFO - Trial 9 pruned by Optuna at epoch 3
2026-03-10 18:17:43,627 - INFO - Trial 9 pruned. 
2026-03-10 18:17:45,395 - INFO - SequenceDataset: 210062/228278 valid sequences (Lookback protection active).
2026-03-10 18:17:45,395 - INFO - SequenceDataset: 90065/97862 valid sequences (Lookback protection active).
2026-03-10 18:17:45,759 - INFO - Trial 10 START | tcn=128, lstm=128, layers=5, batch=256, seq=24, drop=0.4540, lr=0.000011, wd=0.0076 | alpha=[2.38, 0.56, 2.38], gamma=1.06, smooth=0.03
2026-03-10 18:18:06,238 - INFO - T10 E1/50 | L: 0.55580207/0.45464015 | F1 M: 0.36961645 D: 0.11551155 | [S/N/B]: [0.0000/0.8778/0.2310] | LR: 0.00001098
2026-03-10 18:18:27,036 - INFO - T10 E2/50 | L: 0.52567444/0.44527646 | F1 M: 0.37732636 D: 0.12096450 | [S/N/B]: [0.0000/0.8901/0.2419] | LR: 0.00001095
2026-03-10 18:18:48,689 - INFO - T10 E3/50 | L: 0.51917560/0.44211324 | F1 M: 0.40255637 D: 0.15407959 | [S/N/B]: [0.0676/0.8995/0.2406] | LR: 0.00001089
2026-03-10 18:19:08,905 - INFO - T10 E4/50 | L: 0.51711163/0.44071642 | F1 M: 0.41240244 D: 0.16663889 | [S/N/B]: [0.0951/0.9039/0.2382] | LR: 0.00001082
2026-03-10 18:19:29,812 - INFO - T10 E5/50 | L: 0.51531570/0.43996471 | F1 M: 0.38647986 D: 0.12748049 | [S/N/B]: [0.0000/0.9045/0.2550] | LR: 0.00001072
2026-03-10 18:19:51,106 - INFO - T10 E6/50 | L: 0.51451471/0.43835967 | F1 M: 0.38915214 D: 0.12896074 | [S/N/B]: [0.0000/0.9095/0.2579] | LR: 0.00001060
2026-03-10 18:20:12,579 - INFO - T10 E7/50 | L: 0.51361028/0.43811281 | F1 M: 0.38934181 D: 0.12958017 | [S/N/B]: [0.0000/0.9089/0.2592] | LR: 0.00001047
2026-03-10 18:20:33,474 - INFO - T10 E8/50 | L: 0.51284635/0.43722452 | F1 M: 0.39206282 D: 0.13149624 | [S/N/B]: [0.0000/0.9132/0.2630] | LR: 0.00001031
2026-03-10 18:20:54,894 - INFO - T10 E9/50 | L: 0.51211897/0.43673589 | F1 M: 0.38999282 D: 0.13016451 | [S/N/B]: [0.0000/0.9096/0.2603] | LR: 0.00001014
2026-03-10 18:21:16,217 - INFO - T10 E10/50 | L: 0.51124972/0.43635653 | F1 M: 0.39134020 D: 0.13127013 | [S/N/B]: [0.0000/0.9115/0.2625] | LR: 0.00000994
2026-03-10 18:21:37,695 - INFO - T10 E11/50 | L: 0.51046079/0.43606670 | F1 M: 0.39129795 D: 0.13168791 | [S/N/B]: [0.0000/0.9105/0.2634] | LR: 0.00000973
2026-03-10 18:21:59,462 - INFO - T10 E12/50 | L: 0.51030672/0.43613565 | F1 M: 0.39071623 D: 0.13174470 | [S/N/B]: [0.0000/0.9087/0.2635] | LR: 0.00000950
2026-03-10 18:22:21,100 - INFO - T10 E13/50 | L: 0.50958096/0.43582537 | F1 M: 0.39108141 D: 0.13199388 | [S/N/B]: [0.0000/0.9093/0.2640] | LR: 0.00000926
2026-03-10 18:22:41,980 - INFO - T10 E14/50 | L: 0.50896405/0.43571784 | F1 M: 0.39258346 D: 0.13303625 | [S/N/B]: [0.0000/0.9117/0.2661] | LR: 0.00000900
2026-03-10 18:23:02,900 - INFO - T10 E15/50 | L: 0.50873043/0.43492143 | F1 M: 0.39290722 D: 0.13344925 | [S/N/B]: [0.0000/0.9118/0.2669] | LR: 0.00000873
2026-03-10 18:23:23,775 - INFO - T10 E16/50 | L: 0.50773618/0.43458981 | F1 M: 0.39417558 D: 0.13439395 | [S/N/B]: [0.0000/0.9137/0.2688] | LR: 0.00000844
2026-03-10 18:23:44,584 - INFO - T10 E17/50 | L: 0.50792549/0.43502162 | F1 M: 0.39312547 D: 0.13379176 | [S/N/B]: [0.0000/0.9118/0.2676] | LR: 0.00000814
2026-03-10 18:24:06,097 - INFO - T10 E18/50 | L: 0.50746350/0.43476565 | F1 M: 0.39357137 D: 0.13380010 | [S/N/B]: [0.0000/0.9131/0.2676] | LR: 0.00000784
2026-03-10 18:24:27,516 - INFO - T10 E19/50 | L: 0.50701932/0.43445937 | F1 M: 0.39338067 D: 0.13378896 | [S/N/B]: [0.0000/0.9126/0.2676] | LR: 0.00000752
2026-03-10 18:24:49,462 - INFO - T10 E20/50 | L: 0.50686319/0.43521476 | F1 M: 0.39048829 D: 0.13163339 | [S/N/B]: [0.0000/0.9082/0.2633] | LR: 0.00000719
2026-03-10 18:25:10,827 - INFO - T10 E21/50 | L: 0.50642399/0.43497235 | F1 M: 0.39264946 D: 0.13336197 | [S/N/B]: [0.0000/0.9112/0.2667] | LR: 0.00000686
2026-03-10 18:25:32,014 - INFO - T10 E22/50 | L: 0.50618713/0.43524923 | F1 M: 0.39172125 D: 0.13244119 | [S/N/B]: [0.0000/0.9103/0.2649] | LR: 0.00000653
2026-03-10 18:25:32,581 - INFO - Trial 10 stopped early due to patience (3 epochs without improvement)
2026-03-10 18:25:32,890 - INFO - Trial 10 finished with value: 0.4124024400262544 and parameters: {'tcn_channels': 128, 'lstm_hidden': 128, 'num_lstm_layers': 5, 'batch_size': 256, 'dropout': 0.45404280911013895, 'seq_len': 24, 'lr': 1.0990839958633704e-05, 'weight_decay': 0.00761452973675221, 'base_alpha_side': 2.3849969080303968, 'base_alpha_neutral': 0.5552881606560095, 'base_loss_gamma': 1.0563185591371471, 'base_loss_smoothing': 0.03474191072818664}. Best is trial 5 with value: 0.43442212460955365.
2026-03-10 18:25:34,693 - INFO - SequenceDataset: 152966/228206 valid sequences (Lookback protection active).
2026-03-10 18:25:34,694 - INFO - SequenceDataset: 65585/97790 valid sequences (Lookback protection active).
2026-03-10 18:25:35,636 - INFO - Trial 11 START | tcn=512, lstm=128, layers=5, batch=512, seq=96, drop=0.4292, lr=0.000098, wd=0.0001 | alpha=[3.13, 0.79, 3.13], gamma=1.79, smooth=0.12
2026-03-10 18:25:57,114 - INFO - T11 E1/50 | L: 0.86230721/0.73246187 | F1 M: 0.42944444 D: 0.19834023 | [S/N/B]: [0.2162/0.8917/0.1805] | LR: 0.00009783
2026-03-10 18:26:20,080 - INFO - T11 E2/50 | L: 0.83648564/0.72897250 | F1 M: 0.43501586 D: 0.20221535 | [S/N/B]: [0.1395/0.9006/0.2649] | LR: 0.00009754
2026-03-10 18:26:20,368 - INFO - 🥇 [MACRO]  Trial 11 | Global F1 Macro record: 0.43501586 (prev: 0.43442212) → saved best_tcn_lstm.pt
2026-03-10 18:26:42,147 - INFO - T11 E3/50 | L: 0.83060225/0.73090323 | F1 M: 0.43017601 D: 0.19736229 | [S/N/B]: [0.1274/0.8958/0.2673] | LR: 0.00009706
2026-03-10 18:27:04,291 - INFO - T11 E4/50 | L: 0.82412860/0.73311975 | F1 M: 0.43632101 D: 0.20638573 | [S/N/B]: [0.1710/0.8962/0.2418] | LR: 0.00009639
2026-03-10 18:27:04,362 - INFO - 🥇 [MACRO]  Trial 11 | Global F1 Macro record: 0.43632101 (prev: 0.43501586) → saved best_tcn_lstm.pt
2026-03-10 18:27:25,922 - INFO - T11 E5/50 | L: 0.81687077/0.73482796 | F1 M: 0.44025732 D: 0.20937872 | [S/N/B]: [0.2021/0.9020/0.2167] | LR: 0.00009553
2026-03-10 18:27:26,191 - INFO - 🥇 [MACRO]  Trial 11 | Global F1 Macro record: 0.44025732 (prev: 0.43632101) → saved best_tcn_lstm.pt
2026-03-10 18:27:26,799 - INFO - Trial 11 stopped early due to patience (3 epochs without improvement)
2026-03-10 18:27:27,208 - INFO - Trial 11 finished with value: 0.4402573180970599 and parameters: {'tcn_channels': 512, 'lstm_hidden': 128, 'num_lstm_layers': 5, 'batch_size': 512, 'dropout': 0.4291754603077829, 'seq_len': 96, 'lr': 9.792434962792289e-05, 'weight_decay': 0.00011438321315186547, 'base_alpha_side': 3.1276616745076296, 'base_alpha_neutral': 0.7895636291516964, 'base_loss_gamma': 1.7939530596527327, 'base_loss_smoothing': 0.11935287396049521}. Best is trial 11 with value: 0.4402573180970599.
2026-03-10 18:27:29,250 - INFO - SequenceDataset: 133934/228182 valid sequences (Lookback protection active).
2026-03-10 18:27:29,251 - INFO - SequenceDataset: 57425/97766 valid sequences (Lookback protection active).
2026-03-10 18:27:29,698 - INFO - Trial 12 START | tcn=512, lstm=128, layers=5, batch=512, seq=120, drop=0.4352, lr=0.000091, wd=0.0004 | alpha=[2.84, 0.79, 2.84], gamma=1.77, smooth=0.11
2026-03-10 18:27:55,036 - INFO - T12 E1/50 | L: 0.80893328/0.68036005 | F1 M: 0.38949845 D: 0.13796882 | [S/N/B]: [0.0015/0.8926/0.2745] | LR: 0.00009047
2026-03-10 18:28:20,382 - INFO - T12 E2/50 | L: 0.77925728/0.67880232 | F1 M: 0.38841548 D: 0.13795685 | [S/N/B]: [0.0000/0.8893/0.2759] | LR: 0.00009020
2026-03-10 18:28:45,745 - INFO - T12 E3/50 | L: 0.77251475/0.67578252 | F1 M: 0.39423492 D: 0.14030229 | [S/N/B]: [0.0000/0.9021/0.2806] | LR: 0.00008976
2026-03-10 18:29:11,230 - INFO - T12 E4/50 | L: 0.76571304/0.67737039 | F1 M: 0.39686049 D: 0.14810462 | [S/N/B]: [0.0142/0.8944/0.2820] | LR: 0.00008914
2026-03-10 18:29:36,411 - INFO - T12 E5/50 | L: 0.75893841/0.68125423 | F1 M: 0.41864257 D: 0.17669129 | [S/N/B]: [0.0825/0.9025/0.2708] | LR: 0.00008834
2026-03-10 18:30:02,183 - INFO - T12 E6/50 | L: 0.74971502/0.69188453 | F1 M: 0.41689740 D: 0.17488640 | [S/N/B]: [0.0850/0.9009/0.2648] | LR: 0.00008738
2026-03-10 18:30:02,296 - INFO - Trial 12 stopped early due to patience (3 epochs without improvement)
2026-03-10 18:30:02,558 - INFO - Trial 12 finished with value: 0.41864257226372686 and parameters: {'tcn_channels': 512, 'lstm_hidden': 128, 'num_lstm_layers': 5, 'batch_size': 512, 'dropout': 0.43524907617000613, 'seq_len': 120, 'lr': 9.05604880851235e-05, 'weight_decay': 0.00035496336954648876, 'base_alpha_side': 2.84099668169492, 'base_alpha_neutral': 0.7916109695694573, 'base_loss_gamma': 1.773040069421423, 'base_loss_smoothing': 0.10956440965242308}. Best is trial 11 with value: 0.4402573180970599.
2026-03-10 18:30:04,280 - INFO - SequenceDataset: 152966/228206 valid sequences (Lookback protection active).
2026-03-10 18:30:04,281 - INFO - SequenceDataset: 65585/97790 valid sequences (Lookback protection active).
2026-03-10 18:30:05,105 - INFO - Trial 13 START | tcn=512, lstm=128, layers=7, batch=128, seq=96, drop=0.3899, lr=0.000099, wd=0.0032 | alpha=[1.66, 0.70, 1.66], gamma=1.32, smooth=0.11
2026-03-10 18:30:41,666 - INFO - T13 E1/50 | L: 0.46779961/0.39961511 | F1 M: 0.42378338 D: 0.17419047 | [S/N/B]: [0.1795/0.9230/0.1689] | LR: 0.00009873
2026-03-10 18:31:17,888 - INFO - T13 E2/50 | L: 0.45582163/0.39697808 | F1 M: 0.39441541 D: 0.13055912 | [S/N/B]: [0.0000/0.9221/0.2611] | LR: 0.00009844
2026-03-10 18:31:54,909 - INFO - T13 E3/50 | L: 0.45045049/0.39837447 | F1 M: 0.40940114 D: 0.15437891 | [S/N/B]: [0.0414/0.9194/0.2674] | LR: 0.00009796
2026-03-10 18:32:31,835 - INFO - T13 E4/50 | L: 0.44416909/0.40185583 | F1 M: 0.42450062 D: 0.18024987 | [S/N/B]: [0.0957/0.9130/0.2648] | LR: 0.00009728
2026-03-10 18:33:09,105 - INFO - T13 E5/50 | L: 0.43746601/0.40190909 | F1 M: 0.43252721 D: 0.19063522 | [S/N/B]: [0.1414/0.9163/0.2399] | LR: 0.00009641
2026-03-10 18:33:09,388 - INFO - Trial 13 stopped early due to patience (3 epochs without improvement)
2026-03-10 18:33:09,690 - INFO - Trial 13 finished with value: 0.4325272060677921 and parameters: {'tcn_channels': 512, 'lstm_hidden': 128, 'num_lstm_layers': 7, 'batch_size': 128, 'dropout': 0.3899173662894683, 'seq_len': 96, 'lr': 9.883140137761732e-05, 'weight_decay': 0.003231214227252335, 'base_alpha_side': 1.6625989589873211, 'base_alpha_neutral': 0.7025251875471201, 'base_loss_gamma': 1.3219088645174173, 'base_loss_smoothing': 0.11460402813745728}. Best is trial 11 with value: 0.4402573180970599.
2026-03-10 18:33:11,770 - INFO - SequenceDataset: 152966/228206 valid sequences (Lookback protection active).
2026-03-10 18:33:11,771 - INFO - SequenceDataset: 65585/97790 valid sequences (Lookback protection active).
2026-03-10 18:33:12,929 - INFO - Trial 14 START | tcn=256, lstm=128, layers=5, batch=256, seq=96, drop=0.4883, lr=0.000041, wd=0.0005 | alpha=[3.01, 0.53, 3.01], gamma=2.85, smooth=0.12
2026-03-10 18:33:29,781 - INFO - T14 E1/50 | L: 0.54400018/0.44869005 | F1 M: 0.28276851 D: 0.09206253 | [S/N/B]: [0.0000/0.6642/0.1841] | LR: 0.00004064
2026-03-10 18:33:45,221 - INFO - T14 E2/50 | L: 0.52718322/0.44764631 | F1 M: 0.31670933 D: 0.10222209 | [S/N/B]: [0.0000/0.7457/0.2044] | LR: 0.00004052
2026-03-10 18:34:01,506 - INFO - T14 E3/50 | L: 0.52460644/0.44598658 | F1 M: 0.30646058 D: 0.09948958 | [S/N/B]: [0.0000/0.7204/0.1990] | LR: 0.00004032
2026-03-10 18:34:02,138 - INFO - Trial 14 pruned by Optuna at epoch 3
2026-03-10 18:34:02,395 - INFO - Trial 14 pruned. 
2026-03-10 18:34:04,738 - INFO - SequenceDataset: 133934/228182 valid sequences (Lookback protection active).
2026-03-10 18:34:04,739 - INFO - SequenceDataset: 57425/97766 valid sequences (Lookback protection active).
2026-03-10 18:34:05,234 - INFO - Trial 15 START | tcn=128, lstm=128, layers=4, batch=128, seq=120, drop=0.3852, lr=0.000038, wd=0.0041 | alpha=[5.32, 0.71, 5.32], gamma=2.30, smooth=0.09
2026-03-10 18:34:30,631 - INFO - T15 E1/50 | L: 1.27290086/1.06850133 | F1 M: 0.39399335 D: 0.20154226 | [S/N/B]: [0.2058/0.7789/0.1973] | LR: 0.00003746
2026-03-10 18:34:55,807 - INFO - T15 E2/50 | L: 1.24775255/1.06488462 | F1 M: 0.37413032 D: 0.16990505 | [S/N/B]: [0.1146/0.7826/0.2252] | LR: 0.00003735
2026-03-10 18:35:22,080 - INFO - T15 E3/50 | L: 1.24370471/1.06252896 | F1 M: 0.38991585 D: 0.19152555 | [S/N/B]: [0.1599/0.7867/0.2232] | LR: 0.00003717
2026-03-10 18:35:22,941 - INFO - Trial 15 pruned by Optuna at epoch 3
2026-03-10 18:35:23,182 - INFO - Trial 15 pruned. 
2026-03-10 18:35:25,116 - INFO - SequenceDataset: 191030/228254 valid sequences (Lookback protection active).
2026-03-10 18:35:25,117 - INFO - SequenceDataset: 81905/97838 valid sequences (Lookback protection active).
2026-03-10 18:35:26,205 - INFO - Trial 16 START | tcn=512, lstm=128, layers=6, batch=512, seq=48, drop=0.4839, lr=0.000078, wd=0.0004 | alpha=[2.89, 0.50, 2.89], gamma=1.94, smooth=0.13
2026-03-10 18:35:40,275 - INFO - T16 E1/50 | L: 0.57103010/0.48655909 | F1 M: 0.34072228 D: 0.10530321 | [S/N/B]: [0.0000/0.8116/0.2106] | LR: 0.00007774
2026-03-10 18:35:55,427 - INFO - T16 E2/50 | L: 0.55610612/0.48373074 | F1 M: 0.35895504 D: 0.12671350 | [S/N/B]: [0.0338/0.8234/0.2196] | LR: 0.00007751
2026-03-10 18:36:10,534 - INFO - T16 E3/50 | L: 0.55254002/0.48459467 | F1 M: 0.36211197 D: 0.13141939 | [S/N/B]: [0.0418/0.8235/0.2210] | LR: 0.00007712
2026-03-10 18:36:10,904 - INFO - Trial 16 pruned by Optuna at epoch 3
2026-03-10 18:36:11,616 - INFO - Trial 16 pruned. 
2026-03-10 18:36:13,468 - INFO - SequenceDataset: 210062/228278 valid sequences (Lookback protection active).
2026-03-10 18:36:13,469 - INFO - SequenceDataset: 90065/97862 valid sequences (Lookback protection active).
2026-03-10 18:36:14,479 - INFO - Trial 17 START | tcn=512, lstm=128, layers=7, batch=128, seq=24, drop=0.3957, lr=0.000045, wd=0.0044 | alpha=[4.31, 0.62, 4.31], gamma=2.66, smooth=0.05
2026-03-10 18:37:00,136 - INFO - T17 E1/50 | L: 0.74843874/0.61943621 | F1 M: 0.35814500 D: 0.11230693 | [S/N/B]: [0.0000/0.8498/0.2246] | LR: 0.00004499
2026-03-10 18:37:46,295 - INFO - T17 E2/50 | L: 0.73168023/0.61597908 | F1 M: 0.34755930 D: 0.10761085 | [S/N/B]: [0.0000/0.8275/0.2152] | LR: 0.00004486
2026-03-10 18:38:31,820 - INFO - T17 E3/50 | L: 0.72402721/0.61632947 | F1 M: 0.38655202 D: 0.16566229 | [S/N/B]: [0.1222/0.8283/0.2092] | LR: 0.00004464
