2026-03-10 19:12:55,417 - INFO - Trial 43 pruned by Optuna at epoch 3
2026-03-10 19:12:55,635 - INFO - Trial 43 pruned. 
2026-03-10 19:12:57,903 - INFO - SequenceDataset: 191030/228254 valid sequences (Lookback protection active).
2026-03-10 19:12:57,904 - INFO - SequenceDataset: 81905/97838 valid sequences (Lookback protection active).
2026-03-10 19:12:58,341 - INFO - Trial 44 START | tcn=64, lstm=64, layers=3, batch=512, seq=48, drop=0.5791, lr=0.000087, wd=0.0008 | alpha=[2.11, 0.54, 2.11], gamma=1.51, smooth=0.08
2026-03-10 19:13:08,156 - INFO - T44 E1/50 | L: 0.45560048/0.37095408 | F1 M: 0.43187903 D: 0.20168413 | [S/N/B]: [0.1693/0.8923/0.2341] | LR: 0.00008681
2026-03-10 19:13:18,183 - INFO - T44 E2/50 | L: 0.43269244/0.36869827 | F1 M: 0.43440224 D: 0.20216090 | [S/N/B]: [0.1473/0.8989/0.2570] | LR: 0.00008655
2026-03-10 19:13:27,613 - INFO - T44 E3/50 | L: 0.43034411/0.36903047 | F1 M: 0.42833226 D: 0.19679462 | [S/N/B]: [0.1320/0.8914/0.2615] | LR: 0.00008613
2026-03-10 19:13:37,498 - INFO - T44 E4/50 | L: 0.42923384/0.36703232 | F1 M: 0.42884944 D: 0.19236273 | [S/N/B]: [0.1188/0.9018/0.2659] | LR: 0.00008553
2026-03-10 19:13:48,242 - INFO - T44 E5/50 | L: 0.42832977/0.36738129 | F1 M: 0.43625895 D: 0.20516210 | [S/N/B]: [0.1563/0.8985/0.2540] | LR: 0.00008477
2026-03-10 19:13:59,094 - INFO - T44 E6/50 | L: 0.42830159/0.36656589 | F1 M: 0.43753494 D: 0.20725036 | [S/N/B]: [0.1641/0.8981/0.2504] | LR: 0.00008384
2026-03-10 19:14:09,314 - INFO - T44 E7/50 | L: 0.42724618/0.36668909 | F1 M: 0.43707844 D: 0.20674332 | [S/N/B]: [0.1540/0.8977/0.2595] | LR: 0.00008276
2026-03-10 19:14:20,224 - INFO - T44 E8/50 | L: 0.42667159/0.36593318 | F1 M: 0.44027490 D: 0.21016216 | [S/N/B]: [0.1896/0.9005/0.2307] | LR: 0.00008152
2026-03-10 19:14:30,384 - INFO - T44 E9/50 | L: 0.42625878/0.36631429 | F1 M: 0.44034842 D: 0.21271373 | [S/N/B]: [0.1825/0.8956/0.2430] | LR: 0.00008013
2026-03-10 19:14:40,177 - INFO - T44 E10/50 | L: 0.42592403/0.36617928 | F1 M: 0.43571047 D: 0.20610641 | [S/N/B]: [0.1553/0.8949/0.2569] | LR: 0.00007860
2026-03-10 19:14:49,961 - INFO - T44 E11/50 | L: 0.42593999/0.36583700 | F1 M: 0.44312626 D: 0.21214857 | [S/N/B]: [0.1817/0.9051/0.2426] | LR: 0.00007692
2026-03-10 19:14:59,325 - INFO - T44 E12/50 | L: 0.42553532/0.36622026 | F1 M: 0.44044556 D: 0.21020847 | [S/N/B]: [0.1657/0.9009/0.2548] | LR: 0.00007512
2026-03-10 19:15:08,816 - INFO - T44 E13/50 | L: 0.42472997/0.36591170 | F1 M: 0.43728937 D: 0.20877241 | [S/N/B]: [0.2106/0.8943/0.2069] | LR: 0.00007319
2026-03-10 19:15:17,918 - INFO - T44 E14/50 | L: 0.42452960/0.36602434 | F1 M: 0.43902553 D: 0.21031066 | [S/N/B]: [0.2053/0.8965/0.2153] | LR: 0.00007114
2026-03-10 19:15:18,057 - INFO - Trial 44 stopped early due to patience (3 epochs without improvement)
2026-03-10 19:15:18,383 - INFO - Trial 44 finished with value: 0.4431262586160849 and parameters: {'tcn_channels': 64, 'lstm_hidden': 64, 'num_lstm_layers': 3, 'batch_size': 512, 'dropout': 0.5790620490989372, 'seq_len': 48, 'lr': 8.689536888371138e-05, 'weight_decay': 0.0007919934596496625, 'base_alpha_side': 2.1131452932266646, 'base_alpha_neutral': 0.5439098521728072, 'base_loss_gamma': 1.5068246221085404, 'base_loss_smoothing': 0.07958787594670462}. Best is trial 34 with value: 0.4453148309371124.
2026-03-10 19:15:20,992 - INFO - SequenceDataset: 191030/228254 valid sequences (Lookback protection active).
2026-03-10 19:15:20,993 - INFO - SequenceDataset: 81905/97838 valid sequences (Lookback protection active).
2026-03-10 19:15:21,410 - INFO - Trial 45 START | tcn=64, lstm=64, layers=3, batch=512, seq=48, drop=0.5865, lr=0.000088, wd=0.0008 | alpha=[2.05, 0.53, 2.05], gamma=1.52, smooth=0.08
2026-03-10 19:15:30,918 - INFO - T45 E1/50 | L: 0.42698398/0.35307838 | F1 M: 0.38018031 D: 0.12664697 | [S/N/B]: [0.0000/0.8872/0.2533] | LR: 0.00008824
2026-03-10 19:15:41,284 - INFO - T45 E2/50 | L: 0.41159642/0.35060813 | F1 M: 0.38778008 D: 0.13347409 | [S/N/B]: [0.0061/0.8964/0.2608] | LR: 0.00008798
2026-03-10 19:15:51,048 - INFO - T45 E3/50 | L: 0.40855808/0.34961799 | F1 M: 0.38894665 D: 0.13347188 | [S/N/B]: [0.0049/0.8999/0.2621] | LR: 0.00008755
2026-03-10 19:15:52,091 - INFO - Trial 45 pruned by Optuna at epoch 3
2026-03-10 19:15:52,316 - INFO - Trial 45 pruned. 
2026-03-10 19:15:54,025 - INFO - SequenceDataset: 191030/228254 valid sequences (Lookback protection active).
2026-03-10 19:15:54,026 - INFO - SequenceDataset: 81905/97838 valid sequences (Lookback protection active).
2026-03-10 19:15:54,815 - INFO - Trial 46 START | tcn=64, lstm=64, layers=3, batch=256, seq=48, drop=0.5765, lr=0.000012, wd=0.0018 | alpha=[1.82, 0.47, 1.82], gamma=1.39, smooth=0.07
2026-03-10 19:16:10,251 - INFO - T46 E1/50 | L: 0.38665711/0.30983242 | F1 M: 0.36533537 D: 0.11359732 | [S/N/B]: [0.2272/0.8688/0.0000] | LR: 0.00001203
2026-03-10 19:16:26,289 - INFO - T46 E2/50 | L: 0.35889662/0.30344291 | F1 M: 0.36347806 D: 0.11525949 | [S/N/B]: [0.2305/0.8599/0.0000] | LR: 0.00001199
2026-03-10 19:16:42,898 - INFO - T46 E3/50 | L: 0.35378976/0.30056395 | F1 M: 0.42991535 D: 0.20519244 | [S/N/B]: [0.1711/0.8794/0.2392] | LR: 0.00001193
2026-03-10 19:16:59,890 - INFO - T46 E4/50 | L: 0.35134374/0.29924904 | F1 M: 0.42575093 D: 0.19543425 | [S/N/B]: [0.1356/0.8864/0.2553] | LR: 0.00001185
2026-03-10 19:17:16,415 - INFO - T46 E5/50 | L: 0.35013056/0.29858858 | F1 M: 0.42648737 D: 0.19466071 | [S/N/B]: [0.1322/0.8901/0.2572] | LR: 0.00001174
2026-03-10 19:17:33,340 - INFO - T46 E6/50 | L: 0.34932202/0.29813958 | F1 M: 0.42608930 D: 0.19208860 | [S/N/B]: [0.1238/0.8941/0.2604] | LR: 0.00001161
2026-03-10 19:17:50,023 - INFO - T46 E7/50 | L: 0.34903932/0.29790132 | F1 M: 0.42535126 D: 0.19268514 | [S/N/B]: [0.1258/0.8907/0.2596] | LR: 0.00001146
2026-03-10 19:18:07,529 - INFO - T46 E8/50 | L: 0.34856456/0.29769820 | F1 M: 0.42535753 D: 0.19181294 | [S/N/B]: [0.1236/0.8924/0.2600] | LR: 0.00001129
2026-03-10 19:18:24,126 - INFO - T46 E9/50 | L: 0.34820097/0.29742789 | F1 M: 0.42584837 D: 0.19237534 | [S/N/B]: [0.1254/0.8928/0.2594] | LR: 0.00001110
2026-03-10 19:18:41,499 - INFO - T46 E10/50 | L: 0.34780800/0.29714892 | F1 M: 0.42578433 D: 0.19198028 | [S/N/B]: [0.1235/0.8934/0.2604] | LR: 0.00001089
2026-03-10 19:18:57,649 - INFO - T46 E11/50 | L: 0.34754196/0.29716489 | F1 M: 0.42825225 D: 0.19529444 | [S/N/B]: [0.1300/0.8942/0.2606] | LR: 0.00001066
2026-03-10 19:19:15,478 - INFO - T46 E12/50 | L: 0.34714192/0.29697775 | F1 M: 0.42822944 D: 0.19558142 | [S/N/B]: [0.1311/0.8935/0.2601] | LR: 0.00001041
2026-03-10 19:19:31,798 - INFO - T46 E13/50 | L: 0.34731202/0.29667236 | F1 M: 0.43069197 D: 0.19943454 | [S/N/B]: [0.1380/0.8932/0.2609] | LR: 0.00001014
2026-03-10 19:19:48,468 - INFO - T46 E14/50 | L: 0.34709967/0.29672961 | F1 M: 0.42936905 D: 0.19678822 | [S/N/B]: [0.1332/0.8945/0.2604] | LR: 0.00000985
2026-03-10 19:20:05,040 - INFO - T46 E15/50 | L: 0.34703612/0.29654276 | F1 M: 0.42991497 D: 0.19825248 | [S/N/B]: [0.1358/0.8932/0.2607] | LR: 0.00000956
2026-03-10 19:20:22,114 - INFO - T46 E16/50 | L: 0.34665532/0.29677535 | F1 M: 0.43008210 D: 0.19803604 | [S/N/B]: [0.1341/0.8942/0.2620] | LR: 0.00000924
2026-03-10 19:20:38,446 - INFO - T46 E17/50 | L: 0.34662937/0.29630392 | F1 M: 0.43325252 D: 0.20186380 | [S/N/B]: [0.1437/0.8960/0.2601] | LR: 0.00000892
2026-03-10 19:20:55,015 - INFO - T46 E18/50 | L: 0.34635269/0.29656445 | F1 M: 0.42876129 D: 0.19815856 | [S/N/B]: [0.1363/0.8900/0.2600] | LR: 0.00000858
2026-03-10 19:21:11,190 - INFO - T46 E19/50 | L: 0.34602814/0.29643362 | F1 M: 0.43406881 D: 0.20243953 | [S/N/B]: [0.1452/0.8973/0.2597] | LR: 0.00000823
2026-03-10 19:21:27,801 - INFO - T46 E20/50 | L: 0.34637118/0.29619398 | F1 M: 0.43226866 D: 0.20099224 | [S/N/B]: [0.1412/0.8948/0.2608] | LR: 0.00000788
2026-03-10 19:21:44,130 - INFO - T46 E21/50 | L: 0.34597247/0.29602886 | F1 M: 0.43467443 D: 0.20386238 | [S/N/B]: [0.1479/0.8963/0.2599] | LR: 0.00000752
2026-03-10 19:22:00,114 - INFO - T46 E22/50 | L: 0.34558811/0.29615903 | F1 M: 0.43189066 D: 0.20213094 | [S/N/B]: [0.1444/0.8914/0.2599] | LR: 0.00000715
2026-03-10 19:22:16,967 - INFO - T46 E23/50 | L: 0.34576320/0.29610889 | F1 M: 0.43365277 D: 0.20361851 | [S/N/B]: [0.1467/0.8937/0.2605] | LR: 0.00000677
2026-03-10 19:22:34,195 - INFO - T46 E24/50 | L: 0.34545745/0.29595422 | F1 M: 0.43552375 D: 0.20512148 | [S/N/B]: [0.1507/0.8963/0.2596] | LR: 0.00000640
2026-03-10 19:22:50,734 - INFO - T46 E25/50 | L: 0.34555422/0.29583046 | F1 M: 0.43454750 D: 0.20515704 | [S/N/B]: [0.1504/0.8933/0.2599] | LR: 0.00000602
2026-03-10 19:23:07,216 - INFO - T46 E26/50 | L: 0.34545320/0.29597684 | F1 M: 0.43521710 D: 0.20452819 | [S/N/B]: [0.1497/0.8966/0.2593] | LR: 0.00000564
2026-03-10 19:23:23,854 - INFO - T46 E27/50 | L: 0.34530561/0.29604481 | F1 M: 0.43364316 D: 0.20459176 | [S/N/B]: [0.1489/0.8917/0.2603] | LR: 0.00000526
2026-03-10 19:23:41,357 - INFO - T46 E28/50 | L: 0.34540929/0.29583977 | F1 M: 0.43536566 D: 0.20581307 | [S/N/B]: [0.1524/0.8945/0.2592] | LR: 0.00000489
2026-03-10 19:23:41,594 - INFO - Trial 46 stopped early due to patience (3 epochs without improvement)
2026-03-10 19:23:41,868 - INFO - Trial 46 finished with value: 0.4355237513284409 and parameters: {'tcn_channels': 64, 'lstm_hidden': 64, 'num_lstm_layers': 3, 'batch_size': 256, 'dropout': 0.5765315385931706, 'seq_len': 48, 'lr': 1.2037067683201732e-05, 'weight_decay': 0.0018286432453289035, 'base_alpha_side': 1.8189029408187687, 'base_alpha_neutral': 0.4681067825472991, 'base_loss_gamma': 1.3891057597225345, 'base_loss_smoothing': 0.07031057719766785}. Best is trial 34 with value: 0.4453148309371124.
2026-03-10 19:23:44,406 - INFO - SequenceDataset: 191030/228254 valid sequences (Lookback protection active).
2026-03-10 19:23:44,407 - INFO - SequenceDataset: 81905/97838 valid sequences (Lookback protection active).
2026-03-10 19:23:44,884 - INFO - Trial 47 START | tcn=64, lstm=64, layers=3, batch=128, seq=48, drop=0.5465, lr=0.000061, wd=0.0013 | alpha=[1.52, 0.58, 1.52], gamma=1.10, smooth=0.06
2026-03-10 19:24:15,708 - INFO - T47 E1/50 | L: 0.37345048/0.30790264 | F1 M: 0.39949678 D: 0.13476018 | [S/N/B]: [0.2645/0.9290/0.0050] | LR: 0.00006118
2026-03-10 19:24:47,751 - INFO - T47 E2/50 | L: 0.35964807/0.30624989 | F1 M: 0.41601395 D: 0.16033374 | [S/N/B]: [0.0626/0.9274/0.2581] | LR: 0.00006100
2026-03-10 19:25:19,220 - INFO - T47 E3/50 | L: 0.35764636/0.30547929 | F1 M: 0.42128417 D: 0.16609884 | [S/N/B]: [0.0879/0.9317/0.2443] | LR: 0.00006069
2026-03-10 19:25:49,641 - INFO - T47 E4/50 | L: 0.35623741/0.30520386 | F1 M: 0.42935159 D: 0.17906326 | [S/N/B]: [0.1226/0.9299/0.2356] | LR: 0.00006028
2026-03-10 19:26:21,425 - INFO - T47 E5/50 | L: 0.35534708/0.30437962 | F1 M: 0.43150792 D: 0.18293820 | [S/N/B]: [0.1299/0.9286/0.2360] | LR: 0.00005974
2026-03-10 19:26:53,608 - INFO - T47 E6/50 | L: 0.35428415/0.30425085 | F1 M: 0.43150160 D: 0.18169856 | [S/N/B]: [0.1383/0.9311/0.2251] | LR: 0.00005909
2026-03-10 19:27:25,451 - INFO - T47 E7/50 | L: 0.35357480/0.30425898 | F1 M: 0.42946214 D: 0.17917982 | [S/N/B]: [0.1194/0.9300/0.2389] | LR: 0.00005832
2026-03-10 19:27:57,446 - INFO - T47 E8/50 | L: 0.35359104/0.30400500 | F1 M: 0.43572784 D: 0.18860342 | [S/N/B]: [0.1458/0.9300/0.2314] | LR: 0.00005745
2026-03-10 19:28:29,712 - INFO - T47 E9/50 | L: 0.35301912/0.30420700 | F1 M: 0.43482933 D: 0.18776129 | [S/N/B]: [0.1369/0.9290/0.2386] | LR: 0.00005647
2026-03-10 19:29:00,362 - INFO - T47 E10/50 | L: 0.35214961/0.30433376 | F1 M: 0.43953743 D: 0.19548730 | [S/N/B]: [0.1643/0.9276/0.2266] | LR: 0.00005539
2026-03-10 19:29:32,215 - INFO - T47 E11/50 | L: 0.35163735/0.30443649 | F1 M: 0.43473381 D: 0.18831922 | [S/N/B]: [0.1380/0.9276/0.2387] | LR: 0.00005421
2026-03-10 19:29:32,352 - INFO - Trial 47 stopped early due to patience (3 epochs without improvement)
2026-03-10 19:29:32,548 - INFO - Trial 47 finished with value: 0.43953743340478657 and parameters: {'tcn_channels': 64, 'lstm_hidden': 64, 'num_lstm_layers': 3, 'batch_size': 128, 'dropout': 0.5464868981757177, 'seq_len': 48, 'lr': 6.123720007814949e-05, 'weight_decay': 0.0012815105755992159, 'base_alpha_side': 1.518629186654245, 'base_alpha_neutral': 0.5849864927196438, 'base_loss_gamma': 1.0951783350078972, 'base_loss_smoothing': 0.06355406527473109}. Best is trial 34 with value: 0.4453148309371124.
2026-03-10 19:29:34,034 - INFO - SequenceDataset: 191030/228254 valid sequences (Lookback protection active).
2026-03-10 19:29:34,035 - INFO - SequenceDataset: 81905/97838 valid sequences (Lookback protection active).
2026-03-10 19:29:34,370 - INFO - Trial 48 START | tcn=64, lstm=64, layers=3, batch=512, seq=48, drop=0.5581, lr=0.000083, wd=0.0007 | alpha=[2.39, 0.52, 2.39], gamma=1.29, smooth=0.05
2026-03-10 19:29:44,015 - INFO - T48 E1/50 | L: 0.51776271/0.41891624 | F1 M: 0.37103917 D: 0.12002367 | [S/N/B]: [0.0000/0.8731/0.2400] | LR: 0.00008266
2026-03-10 19:29:53,753 - INFO - T48 E2/50 | L: 0.49196681/0.41443275 | F1 M: 0.38431886 D: 0.12968696 | [S/N/B]: [0.0000/0.8936/0.2594] | LR: 0.00008242
2026-03-10 19:30:03,731 - INFO - T48 E3/50 | L: 0.48880683/0.41333773 | F1 M: 0.38616515 D: 0.13107703 | [S/N/B]: [0.0004/0.8963/0.2617] | LR: 0.00008201
2026-03-10 19:30:03,995 - INFO - Trial 48 pruned by Optuna at epoch 3
2026-03-10 19:30:04,174 - INFO - Trial 48 pruned. 
2026-03-10 19:30:05,896 - INFO - SequenceDataset: 191030/228254 valid sequences (Lookback protection active).
2026-03-10 19:30:05,897 - INFO - SequenceDataset: 81905/97838 valid sequences (Lookback protection active).
2026-03-10 19:30:06,254 - INFO - Trial 49 START | tcn=64, lstm=64, layers=3, batch=512, seq=48, drop=0.5310, lr=0.000024, wd=0.0030 | alpha=[2.80, 0.63, 2.80], gamma=1.41, smooth=0.08
2026-03-10 19:30:15,556 - INFO - T49 E1/50 | L: 0.69084569/0.56334520 | F1 M: 0.36719538 D: 0.11589250 | [S/N/B]: [0.0000/0.8698/0.2318] | LR: 0.00002354
2026-03-10 19:30:24,736 - INFO - T49 E2/50 | L: 0.64685997/0.55117990 | F1 M: 0.42511177 D: 0.20281081 | [S/N/B]: [0.2019/0.8697/0.2037] | LR: 0.00002347
2026-03-10 19:30:34,739 - INFO - T49 E3/50 | L: 0.63982387/0.54747288 | F1 M: 0.44027857 D: 0.21591137 | [S/N/B]: [0.2276/0.8890/0.2042] | LR: 0.00002335
2026-03-10 19:30:44,366 - INFO - T49 E4/50 | L: 0.63564825/0.54648960 | F1 M: 0.42654869 D: 0.19613909 | [S/N/B]: [0.1666/0.8874/0.2257] | LR: 0.00002319
2026-03-10 19:30:53,603 - INFO - T49 E5/50 | L: 0.63531148/0.54556813 | F1 M: 0.39421606 D: 0.14342300 | [S/N/B]: [0.0296/0.8958/0.2573] | LR: 0.00002299
2026-03-10 19:31:03,795 - INFO - T49 E6/50 | L: 0.63398979/0.54411517 | F1 M: 0.38857106 D: 0.13280150 | [S/N/B]: [0.0000/0.9001/0.2656] | LR: 0.00002274
2026-03-10 19:31:13,738 - INFO - T49 E7/50 | L: 0.63394082/0.54407296 | F1 M: 0.38629613 D: 0.13122240 | [S/N/B]: [0.0000/0.8964/0.2624] | LR: 0.00002244
2026-03-10 19:31:22,911 - INFO - T49 E8/50 | L: 0.63331361/0.54408191 | F1 M: 0.38665202 D: 0.13144096 | [S/N/B]: [0.0000/0.8971/0.2629] | LR: 0.00002211
2026-03-10 19:31:32,180 - INFO - T49 E9/50 | L: 0.63247126/0.54337369 | F1 M: 0.38770415 D: 0.13198910 | [S/N/B]: [0.0000/0.8991/0.2640] | LR: 0.00002173
2026-03-10 19:31:41,734 - INFO - T49 E10/50 | L: 0.63150272/0.54334967 | F1 M: 0.38686254 D: 0.13149121 | [S/N/B]: [0.0000/0.8976/0.2630] | LR: 0.00002131
2026-03-10 19:31:51,295 - INFO - T49 E11/50 | L: 0.63138494/0.54330094 | F1 M: 0.38645796 D: 0.13114754 | [S/N/B]: [0.0000/0.8971/0.2623] | LR: 0.00002086
2026-03-10 19:32:00,756 - INFO - T49 E12/50 | L: 0.63154937/0.54308558 | F1 M: 0.39051723 D: 0.13384682 | [S/N/B]: [0.0000/0.9039/0.2677] | LR: 0.00002037
2026-03-10 19:32:10,258 - INFO - T49 E13/50 | L: 0.63015769/0.54238136 | F1 M: 0.38814904 D: 0.13238844 | [S/N/B]: [0.0000/0.8997/0.2648] | LR: 0.00001985
2026-03-10 19:32:19,603 - INFO - T49 E14/50 | L: 0.63020777/0.54255383 | F1 M: 0.38820529 D: 0.13236884 | [S/N/B]: [0.0000/0.8999/0.2647] | LR: 0.00001929
2026-03-10 19:32:29,050 - INFO - T49 E15/50 | L: 0.62972080/0.54229006 | F1 M: 0.38806674 D: 0.13221908 | [S/N/B]: [0.0000/0.8998/0.2644] | LR: 0.00001871
2026-03-10 19:32:38,270 - INFO - T49 E16/50 | L: 0.62998794/0.54245286 | F1 M: 0.38698200 D: 0.13138686 | [S/N/B]: [0.0000/0.8982/0.2628] | LR: 0.00001809
2026-03-10 19:32:48,541 - INFO - T49 E17/50 | L: 0.62993940/0.54212878 | F1 M: 0.38928530 D: 0.13299716 | [S/N/B]: [0.0000/0.9019/0.2660] | LR: 0.00001746
2026-03-10 19:32:58,213 - INFO - T49 E18/50 | L: 0.62982196/0.54181090 | F1 M: 0.38992892 D: 0.13343607 | [S/N/B]: [0.0000/0.9029/0.2669] | LR: 0.00001680
2026-03-10 19:33:07,657 - INFO - T49 E19/50 | L: 0.62907534/0.54187044 | F1 M: 0.38997886 D: 0.13341845 | [S/N/B]: [0.0000/0.9031/0.2668] | LR: 0.00001612
2026-03-10 19:33:17,214 - INFO - T49 E20/50 | L: 0.62936618/0.54177539 | F1 M: 0.38959346 D: 0.13330879 | [S/N/B]: [0.0000/0.9022/0.2666] | LR: 0.00001542
2026-03-10 19:33:26,608 - INFO - T49 E21/50 | L: 0.62943646/0.54194933 | F1 M: 0.38793999 D: 0.13228162 | [S/N/B]: [0.0000/0.8993/0.2646] | LR: 0.00001471
2026-03-10 19:33:36,944 - INFO - T49 E22/50 | L: 0.62899738/0.54207961 | F1 M: 0.38968569 D: 0.13342091 | [S/N/B]: [0.0000/0.9022/0.2668] | LR: 0.00001399
2026-03-10 19:33:47,242 - INFO - T49 E23/50 | L: 0.62857474/0.54145582 | F1 M: 0.38992568 D: 0.13327308 | [S/N/B]: [0.0000/0.9032/0.2665] | LR: 0.00001326
2026-03-10 19:33:56,559 - INFO - T49 E24/50 | L: 0.62835735/0.54162474 | F1 M: 0.39138802 D: 0.13479334 | [S/N/B]: [0.0008/0.9046/0.2688] | LR: 0.00001252
2026-03-10 19:34:06,065 - INFO - T49 E25/50 | L: 0.62817852/0.54144633 | F1 M: 0.39025753 D: 0.13375061 | [S/N/B]: [0.0008/0.9033/0.2667] | LR: 0.00001178
2026-03-10 19:34:15,405 - INFO - T49 E26/50 | L: 0.62756512/0.54134300 | F1 M: 0.39130987 D: 0.13489117 | [S/N/B]: [0.0020/0.9041/0.2677] | LR: 0.00001104
2026-03-10 19:34:24,735 - INFO - T49 E27/50 | L: 0.62784476/0.54155368 | F1 M: 0.38942191 D: 0.13338097 | [S/N/B]: [0.0008/0.9015/0.2659] | LR: 0.00001030
2026-03-10 19:34:35,005 - INFO - T49 E28/50 | L: 0.62779139/0.54117326 | F1 M: 0.39052501 D: 0.13516233 | [S/N/B]: [0.0041/0.9013/0.2662] | LR: 0.00000957
2026-03-10 19:34:44,820 - INFO - T49 E29/50 | L: 0.62706493/0.54156966 | F1 M: 0.39026675 D: 0.13521200 | [S/N/B]: [0.0048/0.9004/0.2656] | LR: 0.00000885
2026-03-10 19:34:55,684 - INFO - T49 E30/50 | L: 0.62776725/0.54124449 | F1 M: 0.39205453 D: 0.13617607 | [S/N/B]: [0.0049/0.9038/0.2675] | LR: 0.00000814
2026-03-10 19:35:06,078 - INFO - T49 E31/50 | L: 0.62740453/0.54139263 | F1 M: 0.39333143 D: 0.13898955 | [S/N/B]: [0.0107/0.9020/0.2673] | LR: 0.00000744
2026-03-10 19:35:06,873 - INFO - Trial 49 stopped early due to patience (3 epochs without improvement)
2026-03-10 19:35:07,206 - INFO - Trial 49 finished with value: 0.44027857414328997 and parameters: {'tcn_channels': 64, 'lstm_hidden': 64, 'num_lstm_layers': 3, 'batch_size': 512, 'dropout': 0.5309571575834013, 'seq_len': 48, 'lr': 2.356240087492912e-05, 'weight_decay': 0.002953623828864296, 'base_alpha_side': 2.796872744870979, 'base_alpha_neutral': 0.6270939632525661, 'base_loss_gamma': 1.4093710376407478, 'base_loss_smoothing': 0.07860310932975964}. Best is trial 34 with value: 0.4453148309371124.
2026-03-10 19:35:09,004 - INFO - SequenceDataset: 152966/228206 valid sequences (Lookback protection active).
2026-03-10 19:35:09,004 - INFO - SequenceDataset: 65585/97790 valid sequences (Lookback protection active).
2026-03-10 19:35:09,728 - INFO - Trial 50 START | tcn=64, lstm=32, layers=4, batch=128, seq=96, drop=0.5824, lr=0.000090, wd=0.0011 | alpha=[2.17, 0.54, 2.17], gamma=1.20, smooth=0.02
2026-03-10 19:35:37,537 - INFO - T50 E1/50 | L: 0.50976271/0.41340180 | F1 M: 0.42740117 D: 0.20380706 | [S/N/B]: [0.1822/0.8746/0.2255] | LR: 0.00008994
2026-03-10 19:36:05,033 - INFO - T50 E2/50 | L: 0.49301822/0.40860935 | F1 M: 0.40704111 D: 0.16302868 | [S/N/B]: [0.2531/0.8951/0.0729] | LR: 0.00008967
2026-03-10 19:36:33,469 - INFO - T50 E3/50 | L: 0.48968803/0.40694217 | F1 M: 0.43747178 D: 0.21212177 | [S/N/B]: [0.2032/0.8882/0.2211] | LR: 0.00008923
2026-03-10 19:37:01,857 - INFO - T50 E4/50 | L: 0.48757446/0.40561085 | F1 M: 0.42645292 D: 0.19094933 | [S/N/B]: [0.2618/0.8975/0.1201] | LR: 0.00008861
2026-03-10 19:37:29,612 - INFO - T50 E5/50 | L: 0.48636105/0.40502768 | F1 M: 0.44511769 D: 0.21877221 | [S/N/B]: [0.1967/0.8978/0.2409] | LR: 0.00008782
2026-03-10 19:37:58,288 - INFO - T50 E6/50 | L: 0.48572803/0.40566836 | F1 M: 0.43796575 D: 0.21268666 | [S/N/B]: [0.1948/0.8885/0.2306] | LR: 0.00008686
2026-03-10 19:38:26,177 - INFO - T50 E7/50 | L: 0.48489670/0.40633442 | F1 M: 0.43876938 D: 0.21056152 | [S/N/B]: [0.1979/0.8952/0.2232] | LR: 0.00008574
2026-03-10 19:38:53,640 - INFO - T50 E8/50 | L: 0.48423789/0.40584041 | F1 M: 0.39824745 D: 0.15300278 | [S/N/B]: [0.0362/0.8887/0.2698] | LR: 0.00008446
2026-03-10 19:38:54,204 - INFO - Trial 50 stopped early due to patience (3 epochs without improvement)
