2026-03-10 20:29:35,914 - INFO - Trial 91 pruned. 
2026-03-10 20:29:38,244 - INFO - SequenceDataset: 152966/228206 valid sequences (Lookback protection active).
2026-03-10 20:29:38,245 - INFO - SequenceDataset: 65585/97790 valid sequences (Lookback protection active).
2026-03-10 20:29:38,699 - INFO - Trial 92 START | tcn=128, lstm=128, layers=3, batch=128, seq=96, drop=0.5696, lr=0.000043, wd=0.0005 | alpha=[2.64, 0.62, 2.64], gamma=1.14, smooth=0.02
2026-03-10 20:30:04,397 - INFO - T92 E1/50 | L: 0.63781366/0.51978036 | F1 M: 0.43657903 D: 0.20834501 | [S/N/B]: [0.1749/0.8930/0.2418] | LR: 0.00004279
2026-03-10 20:30:31,436 - INFO - T92 E2/50 | L: 0.62160868/0.51781477 | F1 M: 0.43849538 D: 0.20889962 | [S/N/B]: [0.1940/0.8977/0.2238] | LR: 0.00004267
2026-03-10 20:30:57,840 - INFO - T92 E3/50 | L: 0.62058816/0.51689108 | F1 M: 0.44108996 D: 0.21560896 | [S/N/B]: [0.1650/0.8921/0.2662] | LR: 0.00004246
2026-03-10 20:31:22,934 - INFO - T92 E4/50 | L: 0.61645213/0.51569735 | F1 M: 0.44419540 D: 0.21854688 | [S/N/B]: [0.1937/0.8955/0.2434] | LR: 0.00004216
2026-03-10 20:31:48,865 - INFO - T92 E5/50 | L: 0.61521101/0.51591493 | F1 M: 0.44471267 D: 0.21931348 | [S/N/B]: [0.1906/0.8955/0.2480] | LR: 0.00004179
2026-03-10 20:32:14,426 - INFO - T92 E6/50 | L: 0.61364695/0.51562479 | F1 M: 0.44524758 D: 0.22130372 | [S/N/B]: [0.1974/0.8931/0.2453] | LR: 0.00004133
2026-03-10 20:32:40,138 - INFO - T92 E7/50 | L: 0.61290667/0.51651428 | F1 M: 0.44585458 D: 0.22074283 | [S/N/B]: [0.1903/0.8961/0.2512] | LR: 0.00004080
2026-03-10 20:33:05,877 - INFO - T92 E8/50 | L: 0.61052361/0.51741597 | F1 M: 0.44392592 D: 0.22364820 | [S/N/B]: [0.2015/0.8845/0.2458] | LR: 0.00004019
2026-03-10 20:33:06,012 - INFO - 🏆 [DIR]    Trial 92 | Global F1 Dir record: 0.22364820 (prev: 0.22331753) → saved best_tcn_lstm_dir.pt
2026-03-10 20:33:31,550 - INFO - T92 E9/50 | L: 0.60936027/0.51699707 | F1 M: 0.44664217 D: 0.22516589 | [S/N/B]: [0.2116/0.8896/0.2387] | LR: 0.00003950
2026-03-10 20:33:32,069 - INFO - 🏆 [DIR]    Trial 92 | Global F1 Dir record: 0.22516589 (prev: 0.22364820) → saved best_tcn_lstm_dir.pt
2026-03-10 20:33:32,252 - INFO - Trial 92 stopped early due to patience (3 epochs without improvement)
2026-03-10 20:33:32,433 - INFO - Trial 92 finished with value: 0.44664217100370357 and parameters: {'tcn_channels': 128, 'lstm_hidden': 128, 'num_lstm_layers': 3, 'batch_size': 128, 'dropout': 0.5696284252195113, 'seq_len': 96, 'lr': 4.283599229880263e-05, 'weight_decay': 0.0004557980818954942, 'base_alpha_side': 2.643235181902651, 'base_alpha_neutral': 0.619503107491618, 'base_loss_gamma': 1.1405364883114728, 'base_loss_smoothing': 0.01649536736118795}. Best is trial 62 with value: 0.45076414754288724.
2026-03-10 20:33:33,936 - INFO - SequenceDataset: 152966/228206 valid sequences (Lookback protection active).
2026-03-10 20:33:33,937 - INFO - SequenceDataset: 65585/97790 valid sequences (Lookback protection active).
2026-03-10 20:33:34,277 - INFO - Trial 93 START | tcn=128, lstm=128, layers=3, batch=128, seq=96, drop=0.4405, lr=0.000032, wd=0.0003 | alpha=[3.22, 0.77, 3.22], gamma=1.20, smooth=0.02
2026-03-10 20:33:59,944 - INFO - T93 E1/50 | L: 0.82905058/0.67209734 | F1 M: 0.42869994 D: 0.19332294 | [S/N/B]: [0.1209/0.8995/0.2658] | LR: 0.00003214
2026-03-10 20:34:26,115 - INFO - T93 E2/50 | L: 0.80398695/0.67073790 | F1 M: 0.43712466 D: 0.20335912 | [S/N/B]: [0.1435/0.9047/0.2632] | LR: 0.00003204
2026-03-10 20:34:51,967 - INFO - T93 E3/50 | L: 0.80131748/0.67055090 | F1 M: 0.44161723 D: 0.20528573 | [S/N/B]: [0.1719/0.9143/0.2387] | LR: 0.00003189
2026-03-10 20:35:18,055 - INFO - T93 E4/50 | L: 0.79764385/0.66615901 | F1 M: 0.44462330 D: 0.21528666 | [S/N/B]: [0.1992/0.9033/0.2313] | LR: 0.00003167
2026-03-10 20:35:44,230 - INFO - T93 E5/50 | L: 0.79364199/0.66772970 | F1 M: 0.44225452 D: 0.20887886 | [S/N/B]: [0.1610/0.9090/0.2567] | LR: 0.00003138
2026-03-10 20:36:10,341 - INFO - T93 E6/50 | L: 0.79293369/0.66623061 | F1 M: 0.44430033 D: 0.21443083 | [S/N/B]: [0.2157/0.9040/0.2132] | LR: 0.00003104
2026-03-10 20:36:36,157 - INFO - T93 E7/50 | L: 0.79081995/0.66726337 | F1 M: 0.44636593 D: 0.22064356 | [S/N/B]: [0.2104/0.8978/0.2309] | LR: 0.00003064
2026-03-10 20:36:36,433 - INFO - Trial 93 stopped early due to patience (3 epochs without improvement)
2026-03-10 20:36:37,242 - INFO - Trial 93 finished with value: 0.4463659298072547 and parameters: {'tcn_channels': 128, 'lstm_hidden': 128, 'num_lstm_layers': 3, 'batch_size': 128, 'dropout': 0.44052842227301314, 'seq_len': 96, 'lr': 3.217129527181836e-05, 'weight_decay': 0.0003233308594431558, 'base_alpha_side': 3.220007526553882, 'base_alpha_neutral': 0.7698920759968964, 'base_loss_gamma': 1.1981191285181674, 'base_loss_smoothing': 0.018275800519897325}. Best is trial 62 with value: 0.45076414754288724.
2026-03-10 20:36:39,194 - INFO - SequenceDataset: 152966/228206 valid sequences (Lookback protection active).
2026-03-10 20:36:39,195 - INFO - SequenceDataset: 65585/97790 valid sequences (Lookback protection active).
2026-03-10 20:36:40,295 - INFO - Trial 94 START | tcn=128, lstm=128, layers=3, batch=128, seq=96, drop=0.4234, lr=0.000039, wd=0.0002 | alpha=[2.62, 0.76, 2.62], gamma=1.14, smooth=0.02
2026-03-10 20:37:06,213 - INFO - T94 E1/50 | L: 0.69522562/0.56265627 | F1 M: 0.39434581 D: 0.13416653 | [S/N/B]: [0.0000/0.9147/0.2683] | LR: 0.00003865
2026-03-10 20:37:32,414 - INFO - T94 E2/50 | L: 0.67361803/0.56089300 | F1 M: 0.39462920 D: 0.13518281 | [S/N/B]: [0.0000/0.9135/0.2704] | LR: 0.00003854
2026-03-10 20:37:59,152 - INFO - T94 E3/50 | L: 0.66998982/0.55949466 | F1 M: 0.39611213 D: 0.13659857 | [S/N/B]: [0.0000/0.9151/0.2732] | LR: 0.00003835
2026-03-10 20:37:59,542 - INFO - Trial 94 pruned by Optuna at epoch 3
2026-03-10 20:37:59,780 - INFO - Trial 94 pruned. 
2026-03-10 20:38:02,234 - INFO - SequenceDataset: 152966/228206 valid sequences (Lookback protection active).
2026-03-10 20:38:02,235 - INFO - SequenceDataset: 65585/97790 valid sequences (Lookback protection active).
2026-03-10 20:38:02,681 - INFO - Trial 95 START | tcn=128, lstm=128, layers=3, batch=128, seq=96, drop=0.4436, lr=0.000030, wd=0.0003 | alpha=[4.00, 0.78, 4.00], gamma=1.55, smooth=0.02
2026-03-10 20:38:28,554 - INFO - T95 E1/50 | L: 0.94237515/0.76363350 | F1 M: 0.42647441 D: 0.19320614 | [S/N/B]: [0.1237/0.8930/0.2627] | LR: 0.00003025
2026-03-10 20:38:54,669 - INFO - T95 E2/50 | L: 0.92027721/0.76166382 | F1 M: 0.41156727 D: 0.17204700 | [S/N/B]: [0.0744/0.8906/0.2697] | LR: 0.00003016
2026-03-10 20:39:20,365 - INFO - T95 E3/50 | L: 0.91516857/0.76009539 | F1 M: 0.43455938 D: 0.20377973 | [S/N/B]: [0.1346/0.8961/0.2730] | LR: 0.00003001
2026-03-10 20:39:44,638 - INFO - T95 E4/50 | L: 0.91242098/0.75901518 | F1 M: 0.44045389 D: 0.21318441 | [S/N/B]: [0.1661/0.8950/0.2603] | LR: 0.00002980
2026-03-10 20:40:09,632 - INFO - T95 E5/50 | L: 0.91198213/0.75919625 | F1 M: 0.44061703 D: 0.21253621 | [S/N/B]: [0.1633/0.8968/0.2618] | LR: 0.00002954
2026-03-10 20:40:35,901 - INFO - T95 E6/50 | L: 0.90885693/0.76114957 | F1 M: 0.43953552 D: 0.21851186 | [S/N/B]: [0.1890/0.8816/0.2480] | LR: 0.00002922
2026-03-10 20:41:02,219 - INFO - T95 E7/50 | L: 0.90533169/0.75882694 | F1 M: 0.44179014 D: 0.22045944 | [S/N/B]: [0.2134/0.8845/0.2275] | LR: 0.00002884
2026-03-10 20:41:28,505 - INFO - T95 E8/50 | L: 0.90364894/0.75991200 | F1 M: 0.42978541 D: 0.20983033 | [S/N/B]: [0.2244/0.8697/0.1952] | LR: 0.00002841
2026-03-10 20:41:53,843 - INFO - T95 E9/50 | L: 0.90110982/0.76340120 | F1 M: 0.44123717 D: 0.21646041 | [S/N/B]: [0.2268/0.8908/0.2061] | LR: 0.00002792
2026-03-10 20:42:19,565 - INFO - T95 E10/50 | L: 0.89969283/0.76286585 | F1 M: 0.44297248 D: 0.21910442 | [S/N/B]: [0.2226/0.8907/0.2156] | LR: 0.00002739
2026-03-10 20:42:19,949 - INFO - Trial 95 stopped early due to patience (3 epochs without improvement)
2026-03-10 20:42:20,164 - INFO - Trial 95 finished with value: 0.4429724784957135 and parameters: {'tcn_channels': 128, 'lstm_hidden': 128, 'num_lstm_layers': 3, 'batch_size': 128, 'dropout': 0.4436023363153773, 'seq_len': 96, 'lr': 3.02792517253978e-05, 'weight_decay': 0.00032751077585977653, 'base_alpha_side': 4.004404867822985, 'base_alpha_neutral': 0.781670616915871, 'base_loss_gamma': 1.547497544309117, 'base_loss_smoothing': 0.015389554646817365}. Best is trial 62 with value: 0.45076414754288724.
2026-03-10 20:42:21,410 - INFO - SequenceDataset: 152966/228206 valid sequences (Lookback protection active).
2026-03-10 20:42:21,411 - INFO - SequenceDataset: 65585/97790 valid sequences (Lookback protection active).
2026-03-10 20:42:22,103 - INFO - Trial 96 START | tcn=128, lstm=128, layers=3, batch=128, seq=96, drop=0.4426, lr=0.000032, wd=0.0005 | alpha=[2.72, 0.75, 2.72], gamma=1.30, smooth=0.02
2026-03-10 20:42:46,934 - INFO - T96 E1/50 | L: 0.69820007/0.56475014 | F1 M: 0.39001667 D: 0.13537523 | [S/N/B]: [0.0000/0.8993/0.2708] | LR: 0.00003152
2026-03-10 20:43:12,154 - INFO - T96 E2/50 | L: 0.67449262/0.56009585 | F1 M: 0.39812621 D: 0.14075339 | [S/N/B]: [0.0091/0.9129/0.2724] | LR: 0.00003143
2026-03-10 20:43:37,720 - INFO - T96 E3/50 | L: 0.66954971/0.56042589 | F1 M: 0.43451404 D: 0.19941192 | [S/N/B]: [0.1239/0.9047/0.2749] | LR: 0.00003128
2026-03-10 20:44:03,092 - INFO - T96 E4/50 | L: 0.66698350/0.55765827 | F1 M: 0.43858622 D: 0.20017097 | [S/N/B]: [0.1637/0.9154/0.2366] | LR: 0.00003106
2026-03-10 20:44:27,900 - INFO - T96 E5/50 | L: 0.66483968/0.55820661 | F1 M: 0.44145976 D: 0.20752221 | [S/N/B]: [0.1671/0.9093/0.2480] | LR: 0.00003078
2026-03-10 20:44:53,907 - INFO - T96 E6/50 | L: 0.66329285/0.55943438 | F1 M: 0.43919397 D: 0.20270159 | [S/N/B]: [0.1538/0.9122/0.2516] | LR: 0.00003045
2026-03-10 20:45:18,467 - INFO - T96 E7/50 | L: 0.66128997/0.55866553 | F1 M: 0.44502585 D: 0.21359916 | [S/N/B]: [0.1900/0.9079/0.2372] | LR: 0.00003005
2026-03-10 20:45:19,217 - INFO - Trial 96 stopped early due to patience (3 epochs without improvement)
2026-03-10 20:45:19,502 - INFO - Trial 96 finished with value: 0.44502585324404836 and parameters: {'tcn_channels': 128, 'lstm_hidden': 128, 'num_lstm_layers': 3, 'batch_size': 128, 'dropout': 0.442585432906033, 'seq_len': 96, 'lr': 3.1555679279869216e-05, 'weight_decay': 0.0004518241604764064, 'base_alpha_side': 2.7235888283364913, 'base_alpha_neutral': 0.7484533864996599, 'base_loss_gamma': 1.3009593991318034, 'base_loss_smoothing': 0.02100340182256727}. Best is trial 62 with value: 0.45076414754288724.
2026-03-10 20:45:21,989 - INFO - SequenceDataset: 152966/228206 valid sequences (Lookback protection active).
2026-03-10 20:45:21,990 - INFO - SequenceDataset: 65585/97790 valid sequences (Lookback protection active).
2026-03-10 20:45:22,430 - INFO - Trial 97 START | tcn=128, lstm=128, layers=3, batch=128, seq=96, drop=0.4049, lr=0.000042, wd=0.0004 | alpha=[3.20, 0.73, 3.20], gamma=1.42, smooth=0.02
2026-03-10 20:45:47,094 - INFO - T97 E1/50 | L: 0.76339527/0.62223847 | F1 M: 0.41184382 D: 0.17138422 | [S/N/B]: [0.0703/0.8928/0.2725] | LR: 0.00004214
2026-03-10 20:46:14,316 - INFO - T97 E2/50 | L: 0.74556249/0.61842932 | F1 M: 0.44289076 D: 0.21360292 | [S/N/B]: [0.1634/0.9015/0.2638] | LR: 0.00004201
2026-03-10 20:46:40,720 - INFO - T97 E3/50 | L: 0.74177217/0.62021478 | F1 M: 0.44102157 D: 0.21206870 | [S/N/B]: [0.1567/0.8989/0.2675] | LR: 0.00004181
2026-03-10 20:47:06,493 - INFO - T97 E4/50 | L: 0.73951806/0.61985730 | F1 M: 0.43389258 D: 0.20239731 | [S/N/B]: [0.1353/0.8969/0.2695] | LR: 0.00004152
2026-03-10 20:47:32,531 - INFO - T97 E5/50 | L: 0.73756746/0.61990925 | F1 M: 0.44225950 D: 0.21795557 | [S/N/B]: [0.1746/0.8909/0.2613] | LR: 0.00004115
2026-03-10 20:47:33,223 - INFO - Trial 97 stopped early due to patience (3 epochs without improvement)
2026-03-10 20:47:33,501 - INFO - Trial 97 finished with value: 0.44289076482068873 and parameters: {'tcn_channels': 128, 'lstm_hidden': 128, 'num_lstm_layers': 3, 'batch_size': 128, 'dropout': 0.40486297153613965, 'seq_len': 96, 'lr': 4.21793842137694e-05, 'weight_decay': 0.00037957278374167063, 'base_alpha_side': 3.1952623295083917, 'base_alpha_neutral': 0.7298964240798778, 'base_loss_gamma': 1.4211636751996322, 'base_loss_smoothing': 0.01703846638034922}. Best is trial 62 with value: 0.45076414754288724.
2026-03-10 20:47:35,852 - INFO - SequenceDataset: 210062/228278 valid sequences (Lookback protection active).
2026-03-10 20:47:35,853 - INFO - SequenceDataset: 90065/97862 valid sequences (Lookback protection active).
2026-03-10 20:47:36,312 - INFO - Trial 98 START | tcn=128, lstm=128, layers=3, batch=128, seq=24, drop=0.4600, lr=0.000023, wd=0.0003 | alpha=[3.01, 0.66, 3.01], gamma=1.46, smooth=0.03
2026-03-10 20:48:09,976 - INFO - T98 E1/50 | L: 0.62726423/0.51650856 | F1 M: 0.40979868 D: 0.16231967 | [S/N/B]: [0.0696/0.9048/0.2550] | LR: 0.00002284
2026-03-10 20:48:44,610 - INFO - T98 E2/50 | L: 0.61025034/0.51490647 | F1 M: 0.43360860 D: 0.19720369 | [S/N/B]: [0.1416/0.9064/0.2528] | LR: 0.00002277
2026-03-10 20:49:19,859 - INFO - T98 E3/50 | L: 0.60805305/0.51524809 | F1 M: 0.43882750 D: 0.20348536 | [S/N/B]: [0.1533/0.9095/0.2537] | LR: 0.00002266
2026-03-10 20:49:54,055 - INFO - T98 E4/50 | L: 0.60587840/0.51366476 | F1 M: 0.42546249 D: 0.18388481 | [S/N/B]: [0.1039/0.9086/0.2639] | LR: 0.00002251
2026-03-10 20:50:27,955 - INFO - T98 E5/50 | L: 0.60427606/0.51333421 | F1 M: 0.43389834 D: 0.19665036 | [S/N/B]: [0.1302/0.9084/0.2631] | LR: 0.00002231
2026-03-10 20:51:02,137 - INFO - T98 E6/50 | L: 0.60307975/0.51214077 | F1 M: 0.44216560 D: 0.21147237 | [S/N/B]: [0.1746/0.9036/0.2483] | LR: 0.00002206
2026-03-10 20:51:35,981 - INFO - T98 E7/50 | L: 0.60131262/0.51266377 | F1 M: 0.44486526 D: 0.21403460 | [S/N/B]: [0.1930/0.9065/0.2351] | LR: 0.00002178
2026-03-10 20:52:10,219 - INFO - T98 E8/50 | L: 0.59971480/0.51402283 | F1 M: 0.44256731 D: 0.20988155 | [S/N/B]: [0.1670/0.9079/0.2528] | LR: 0.00002145
2026-03-10 20:52:44,798 - INFO - T98 E9/50 | L: 0.59937117/0.51291077 | F1 M: 0.44426550 D: 0.21325350 | [S/N/B]: [0.1906/0.9063/0.2359] | LR: 0.00002109
2026-03-10 20:52:44,905 - INFO - Trial 98 stopped early due to patience (3 epochs without improvement)
2026-03-10 20:52:45,106 - INFO - Trial 98 finished with value: 0.4448652575515688 and parameters: {'tcn_channels': 128, 'lstm_hidden': 128, 'num_lstm_layers': 3, 'batch_size': 128, 'dropout': 0.45998864964694824, 'seq_len': 24, 'lr': 2.286491245337739e-05, 'weight_decay': 0.0002975493854877409, 'base_alpha_side': 3.0084108476178093, 'base_alpha_neutral': 0.6603920310075156, 'base_loss_gamma': 1.463093043708445, 'base_loss_smoothing': 0.026316381197823972}. Best is trial 62 with value: 0.45076414754288724.
2026-03-10 20:52:46,572 - INFO - SequenceDataset: 152966/228206 valid sequences (Lookback protection active).
2026-03-10 20:52:46,573 - INFO - SequenceDataset: 65585/97790 valid sequences (Lookback protection active).
2026-03-10 20:52:46,901 - INFO - Trial 99 START | tcn=128, lstm=128, layers=3, batch=128, seq=96, drop=0.4722, lr=0.000028, wd=0.0006 | alpha=[3.43, 0.67, 3.43], gamma=1.24, smooth=0.03
2026-03-10 20:53:12,129 - INFO - T99 E1/50 | L: 0.83921761/0.69230821 | F1 M: 0.38290883 D: 0.13264961 | [S/N/B]: [0.0000/0.8834/0.2653] | LR: 0.00002803
2026-03-10 20:53:38,650 - INFO - T99 E2/50 | L: 0.81700143/0.68831681 | F1 M: 0.39274128 D: 0.13770447 | [S/N/B]: [0.0000/0.9028/0.2754] | LR: 0.00002794
2026-03-10 20:54:04,267 - INFO - T99 E3/50 | L: 0.81393437/0.68307523 | F1 M: 0.38771626 D: 0.13637970 | [S/N/B]: [0.0000/0.8904/0.2728] | LR: 0.00002781
2026-03-10 20:54:04,487 - INFO - Trial 99 pruned by Optuna at epoch 3
2026-03-10 20:54:04,687 - INFO - Trial 99 pruned. 
2026-03-10 20:54:05,532 - INFO - ============================================================
2026-03-10 20:54:05,532 - INFO - --- OTIMIZACAO FINALIZADA ---
2026-03-10 20:54:05,533 - INFO - Motivo da Parada: MAXIMO DE TRIALS (100) ALCANCADOS
2026-03-10 20:54:05,533 - INFO - Tempo de Execucao da Sessao: 3.23 Horas
2026-03-10 20:54:05,533 - INFO - Trials Executados nesta Sessao: 100
2026-03-10 20:54:05,534 - INFO - ============================================================
2026-03-10 20:54:05,567 - INFO - 🥇 [MACRO] Best trial: 62 | F1 Macro: 0.45076415
2026-03-10 20:54:05,584 - INFO - 🥇 [MACRO] Best params: {'tcn_channels': 64, 'lstm_hidden': 128, 'num_lstm_layers': 3, 'batch_size': 512, 'dropout': '0.58765600', 'seq_len': 120, 'lr': '0.00009165', 'weight_decay': '0.00122086', 'base_alpha_side': '2.08703883', 'base_alpha_neutral': '0.74889878', 'base_loss_gamma': '1.57771129', 'base_loss_smoothing': '0.05866753'}
2026-03-10 20:54:05,622 - INFO - 🥇 [MACRO] Best params saved: src/cloud/base_model/otimizacao/best_params.json
2026-03-10 20:54:05,671 - INFO - 🏆 [DIR]   Best trial: 92 | F1 Dir: 0.22516589
2026-03-10 20:54:05,672 - INFO - 🏆 [DIR]   Best params: {'tcn_channels': 128, 'lstm_hidden': 128, 'num_lstm_layers': 3, 'batch_size': 128, 'dropout': '0.56962843', 'seq_len': 96, 'lr': '0.00004284', 'weight_decay': '0.00045580', 'base_alpha_side': '2.64323518', 'base_alpha_neutral': '0.61950311', 'base_loss_gamma': '1.14053649', 'base_loss_smoothing': '0.01649537'}
2026-03-10 20:54:05,692 - INFO - 🏆 [DIR]   Best params saved: src/cloud/base_model/otimizacao/best_dir_params.json
2026-03-10 20:54:05,693 - INFO - ============================================================
2026-03-10 20:54:05,693 - INFO - ✅ Optuna Foundation Training completed. Orchestration is now handled by run_manager.py
2026-03-10 20:54:05,693 - INFO - ============================================================
