2026-03-10 17:25:34,420 - INFO - 📁 DYNAMIC DATA PATHS: Train=data/L2/labelled/train | Val=data/L2/labelled/val
2026-03-10 17:25:34,420 - INFO - Loading data for optimization...
2026-03-10 17:26:11,141 - INFO - Loaded 228,301 rows from data/L2/labelled/train
2026-03-10 17:26:26,502 - INFO - Loaded 97,885 rows from data/L2/labelled/val
2026-03-10 17:26:26,771 - INFO - 💾 Scaler saved properly to: RESULTADOS_SELL_0003_BUY_0003_15min_lookahead_600min_lookback_5min/08_03_2026_v000/MODELOS/BASE_MODEL/scaler_foundation.pkl
2026-03-10 17:26:26,771 - INFO - FocalLoss alpha: Optuna assumira o controle Dinamico no espaco de busca.
2026-03-10 17:26:26,772 - INFO - Loss: FocalLossWithSmoothing | fallback_gamma=OPTUNA_DINAMICO | fallback_smoothing=OPTUNA_DINAMICO
2026-03-10 17:26:40,244 - INFO - Using an existing study with name 'QUANTGOD_V000' instead of creating a new one.
2026-03-10 17:26:41,134 - INFO - Resuming study. Current records: Macro=0.4468, Dir=0.2237
2026-03-10 17:26:41,134 - INFO - Starting 100 trials | Metric: f1_macro | Timeout: 72000s
2026-03-10 17:26:43,749 - INFO - SequenceDataset: 210062/228278 valid sequences (Lookback protection active).
2026-03-10 17:26:43,752 - INFO - SequenceDataset: 90065/97862 valid sequences (Lookback protection active).
2026-03-10 17:26:45,535 - INFO - Trial 100 START | tcn=256, lstm=128, layers=4, batch=256, seq=24, drop=0.3766, lr=0.000016, wd=0.0018 | alpha=[2.59, 0.67, 2.59], gamma=1.74, smooth=0.06
2026-03-10 17:28:28,622 - INFO - T100 E1/50 | L: 0.55185376/0.45308046 | F1 M: 0.38812757 D: 0.12733326 | [S/N/B]: [0.2547/0.9097/0.0000] | LR: 0.00001629
2026-03-10 17:28:47,290 - INFO - T100 E2/50 | L: 0.52880981/0.45023539 | F1 M: 0.39153725 D: 0.13120887 | [S/N/B]: [0.0011/0.9122/0.2613] | LR: 0.00001624
2026-03-10 17:29:06,685 - INFO - T100 E3/50 | L: 0.52591226/0.44923621 | F1 M: 0.38961067 D: 0.13006102 | [S/N/B]: [0.0000/0.9087/0.2601] | LR: 0.00001616
2026-03-10 17:29:07,372 - INFO - Trial 100 pruned by Optuna at epoch 3
2026-03-10 17:29:07,546 - INFO - Trial 100 pruned. 
2026-03-10 17:29:09,074 - INFO - SequenceDataset: 133934/228182 valid sequences (Lookback protection active).
2026-03-10 17:29:09,075 - INFO - SequenceDataset: 57425/97766 valid sequences (Lookback protection active).
2026-03-10 17:29:09,442 - INFO - Trial 101 START | tcn=256, lstm=128, layers=3, batch=256, seq=120, drop=0.3868, lr=0.000052, wd=0.0016 | alpha=[2.03, 0.74, 2.03], gamma=1.49, smooth=0.02
2026-03-10 17:29:22,461 - INFO - T101 E1/50 | L: 0.52500997/0.42377533 | F1 M: 0.39347726 D: 0.13495697 | [S/N/B]: [0.0000/0.9105/0.2699] | LR: 0.00005218
2026-03-10 17:29:35,932 - INFO - T101 E2/50 | L: 0.50360948/0.42214336 | F1 M: 0.39556863 D: 0.13695684 | [S/N/B]: [0.0034/0.9128/0.2705] | LR: 0.00005203
2026-03-10 17:29:48,708 - INFO - T101 E3/50 | L: 0.49972549/0.42264820 | F1 M: 0.39790863 D: 0.13906195 | [S/N/B]: [0.0072/0.9156/0.2709] | LR: 0.00005177
2026-03-10 17:29:48,991 - INFO - Trial 101 pruned by Optuna at epoch 3
2026-03-10 17:29:49,165 - INFO - Trial 101 pruned. 
2026-03-10 17:29:50,861 - INFO - SequenceDataset: 133934/228182 valid sequences (Lookback protection active).
2026-03-10 17:29:50,861 - INFO - SequenceDataset: 57425/97766 valid sequences (Lookback protection active).
2026-03-10 17:29:51,259 - INFO - Trial 102 START | tcn=256, lstm=128, layers=3, batch=256, seq=120, drop=0.3467, lr=0.000044, wd=0.0024 | alpha=[2.37, 0.77, 2.37], gamma=1.57, smooth=0.02
2026-03-10 17:30:04,270 - INFO - T102 E1/50 | L: 0.61078227/0.49776927 | F1 M: 0.41514065 D: 0.17179648 | [S/N/B]: [0.0709/0.9018/0.2726] | LR: 0.00004395
2026-03-10 17:30:18,080 - INFO - T102 E2/50 | L: 0.59060448/0.49481100 | F1 M: 0.43726327 D: 0.20172375 | [S/N/B]: [0.1503/0.9083/0.2531] | LR: 0.00004382
2026-03-10 17:30:31,940 - INFO - T102 E3/50 | L: 0.58653223/0.49530368 | F1 M: 0.42423345 D: 0.18314447 | [S/N/B]: [0.0955/0.9064/0.2708] | LR: 0.00004360
2026-03-10 17:30:45,514 - INFO - T102 E4/50 | L: 0.58270975/0.49529546 | F1 M: 0.43904433 D: 0.20669288 | [S/N/B]: [0.1559/0.9037/0.2575] | LR: 0.00004330
2026-03-10 17:30:58,499 - INFO - T102 E5/50 | L: 0.57810984/0.49673026 | F1 M: 0.44254566 D: 0.21130622 | [S/N/B]: [0.2089/0.9050/0.2137] | LR: 0.00004291
2026-03-10 17:30:58,654 - INFO - Trial 102 stopped early due to patience (3 epochs without improvement)
2026-03-10 17:30:58,881 - INFO - Trial 102 finished with value: 0.4425456550326046 and parameters: {'tcn_channels': 256, 'lstm_hidden': 128, 'num_lstm_layers': 3, 'batch_size': 256, 'dropout': 0.3466526916607166, 'seq_len': 120, 'lr': 4.399043796415044e-05, 'weight_decay': 0.002415856392064525, 'base_alpha_side': 2.3711159241253754, 'base_alpha_neutral': 0.7678640269484437, 'base_loss_gamma': 1.5669893087324098, 'base_loss_smoothing': 0.024669587238392708}. Best is trial 87 with value: 0.4467694189369511.
2026-03-10 17:31:00,582 - INFO - SequenceDataset: 133934/228182 valid sequences (Lookback protection active).
2026-03-10 17:31:00,582 - INFO - SequenceDataset: 57425/97766 valid sequences (Lookback protection active).
2026-03-10 17:31:00,910 - INFO - Trial 103 START | tcn=256, lstm=128, layers=3, batch=256, seq=120, drop=0.3407, lr=0.000062, wd=0.0024 | alpha=[2.35, 0.76, 2.35], gamma=1.42, smooth=0.03
2026-03-10 17:31:14,913 - INFO - T103 E1/50 | L: 0.62704311/0.51050200 | F1 M: 0.43784081 D: 0.20220023 | [S/N/B]: [0.1685/0.9091/0.2359] | LR: 0.00006168
2026-03-10 17:31:28,650 - INFO - T103 E2/50 | L: 0.60411034/0.50771933 | F1 M: 0.44086270 D: 0.20530414 | [S/N/B]: [0.1998/0.9120/0.2108] | LR: 0.00006150
2026-03-10 17:31:41,859 - INFO - T103 E3/50 | L: 0.59918823/0.50915376 | F1 M: 0.44182954 D: 0.21218925 | [S/N/B]: [0.1799/0.9011/0.2445] | LR: 0.00006120
2026-03-10 17:31:55,676 - INFO - T103 E4/50 | L: 0.59445776/0.50804598 | F1 M: 0.44598798 D: 0.21652416 | [S/N/B]: [0.2005/0.9049/0.2326] | LR: 0.00006077
2026-03-10 17:32:10,432 - INFO - T103 E5/50 | L: 0.58903865/0.51343432 | F1 M: 0.44616717 D: 0.21780505 | [S/N/B]: [0.1940/0.9029/0.2417] | LR: 0.00006023
2026-03-10 17:32:10,683 - INFO - Trial 103 stopped early due to patience (3 epochs without improvement)
2026-03-10 17:32:11,061 - INFO - Trial 103 finished with value: 0.44616717135871015 and parameters: {'tcn_channels': 256, 'lstm_hidden': 128, 'num_lstm_layers': 3, 'batch_size': 256, 'dropout': 0.3406552914201383, 'seq_len': 120, 'lr': 6.17438402668804e-05, 'weight_decay': 0.0024296957943050223, 'base_alpha_side': 2.3533769793419226, 'base_alpha_neutral': 0.7583961082013779, 'base_loss_gamma': 1.4198231116566267, 'base_loss_smoothing': 0.028921608367700323}. Best is trial 87 with value: 0.4467694189369511.
2026-03-10 17:32:13,275 - INFO - SequenceDataset: 133934/228182 valid sequences (Lookback protection active).
2026-03-10 17:32:13,276 - INFO - SequenceDataset: 57425/97766 valid sequences (Lookback protection active).
2026-03-10 17:32:14,506 - INFO - Trial 104 START | tcn=256, lstm=128, layers=3, batch=256, seq=120, drop=0.3080, lr=0.000062, wd=0.0030 | alpha=[2.37, 0.76, 2.37], gamma=1.60, smooth=0.03
2026-03-10 17:32:27,716 - INFO - T104 E1/50 | L: 0.60485033/0.49251378 | F1 M: 0.40701753 D: 0.15565685 | [S/N/B]: [0.2735/0.9097/0.0378] | LR: 0.00006155
2026-03-10 17:32:41,813 - INFO - T104 E2/50 | L: 0.58508469/0.49342458 | F1 M: 0.41772782 D: 0.17866302 | [S/N/B]: [0.0758/0.8959/0.2816] | LR: 0.00006137
2026-03-10 17:32:55,865 - INFO - T104 E3/50 | L: 0.58055297/0.49110421 | F1 M: 0.44203072 D: 0.21109432 | [S/N/B]: [0.1915/0.9039/0.2307] | LR: 0.00006107
2026-03-10 17:33:09,896 - INFO - T104 E4/50 | L: 0.57503242/0.49384269 | F1 M: 0.44242239 D: 0.21154538 | [S/N/B]: [0.1768/0.9042/0.2463] | LR: 0.00006065
2026-03-10 17:33:23,037 - INFO - T104 E5/50 | L: 0.56974289/0.49459223 | F1 M: 0.44618091 D: 0.22073961 | [S/N/B]: [0.2348/0.8971/0.2067] | LR: 0.00006011
2026-03-10 17:33:37,651 - INFO - T104 E6/50 | L: 0.56198114/0.50091196 | F1 M: 0.43848669 D: 0.21620557 | [S/N/B]: [0.2275/0.8830/0.2049] | LR: 0.00005945
2026-03-10 17:33:37,782 - INFO - Trial 104 stopped early due to patience (3 epochs without improvement)
2026-03-10 17:33:38,076 - INFO - Trial 104 finished with value: 0.4461809102368359 and parameters: {'tcn_channels': 256, 'lstm_hidden': 128, 'num_lstm_layers': 3, 'batch_size': 256, 'dropout': 0.3079887352319773, 'seq_len': 120, 'lr': 6.161464590109827e-05, 'weight_decay': 0.002988199607025161, 'base_alpha_side': 2.372859631723335, 'base_alpha_neutral': 0.7614298302188545, 'base_loss_gamma': 1.601497858363537, 'base_loss_smoothing': 0.028379654021495303}. Best is trial 87 with value: 0.4467694189369511.
2026-03-10 17:33:39,787 - INFO - SequenceDataset: 133934/228182 valid sequences (Lookback protection active).
2026-03-10 17:33:39,789 - INFO - SequenceDataset: 57425/97766 valid sequences (Lookback protection active).
2026-03-10 17:33:40,252 - INFO - Trial 105 START | tcn=256, lstm=128, layers=3, batch=256, seq=120, drop=0.3080, lr=0.000062, wd=0.0031 | alpha=[2.32, 0.76, 2.32], gamma=1.63, smooth=0.03
2026-03-10 17:33:53,782 - INFO - T105 E1/50 | L: 0.59077299/0.48229452 | F1 M: 0.43449209 D: 0.19928366 | [S/N/B]: [0.2338/0.9049/0.1647] | LR: 0.00006186
2026-03-10 17:34:08,064 - INFO - T105 E2/50 | L: 0.57118402/0.48110318 | F1 M: 0.44182005 D: 0.21244846 | [S/N/B]: [0.2081/0.9006/0.2168] | LR: 0.00006167
2026-03-10 17:34:21,778 - INFO - T105 E3/50 | L: 0.56601556/0.48109706 | F1 M: 0.43738828 D: 0.20054835 | [S/N/B]: [0.1607/0.9111/0.2404] | LR: 0.00006137
2026-03-10 17:34:36,315 - INFO - T105 E4/50 | L: 0.55958398/0.48389032 | F1 M: 0.44075592 D: 0.20545581 | [S/N/B]: [0.1820/0.9114/0.2289] | LR: 0.00006095
2026-03-10 17:34:50,012 - INFO - T105 E5/50 | L: 0.55307226/0.48841480 | F1 M: 0.44168310 D: 0.22274875 | [S/N/B]: [0.2220/0.8796/0.2235] | LR: 0.00006040
2026-03-10 17:35:03,922 - INFO - T105 E6/50 | L: 0.54570749/0.49446920 | F1 M: 0.44225051 D: 0.21768879 | [S/N/B]: [0.2097/0.8914/0.2256] | LR: 0.00005974
2026-03-10 17:35:04,580 - INFO - Trial 105 stopped early due to patience (3 epochs without improvement)
2026-03-10 17:35:04,911 - INFO - Trial 105 finished with value: 0.4422505125286793 and parameters: {'tcn_channels': 256, 'lstm_hidden': 128, 'num_lstm_layers': 3, 'batch_size': 256, 'dropout': 0.3079847554340734, 'seq_len': 120, 'lr': 6.191813937700362e-05, 'weight_decay': 0.0031057306500633197, 'base_alpha_side': 2.3211606330394847, 'base_alpha_neutral': 0.7643914186245482, 'base_loss_gamma': 1.6259562968185397, 'base_loss_smoothing': 0.030085825781902532}. Best is trial 87 with value: 0.4467694189369511.
2026-03-10 17:35:07,341 - INFO - SequenceDataset: 133934/228182 valid sequences (Lookback protection active).
2026-03-10 17:35:07,341 - INFO - SequenceDataset: 57425/97766 valid sequences (Lookback protection active).
2026-03-10 17:35:07,775 - INFO - Trial 106 START | tcn=256, lstm=128, layers=3, batch=256, seq=120, drop=0.3284, lr=0.000072, wd=0.0025 | alpha=[2.41, 0.75, 2.41], gamma=1.59, smooth=0.04
2026-03-10 17:35:22,691 - INFO - T106 E1/50 | L: 0.61724620/0.50636132 | F1 M: 0.39560741 D: 0.14361554 | [S/N/B]: [0.0073/0.8996/0.2800] | LR: 0.00007195
2026-03-10 17:35:36,578 - INFO - T106 E2/50 | L: 0.59790956/0.50493596 | F1 M: 0.43777431 D: 0.20702989 | [S/N/B]: [0.1404/0.8993/0.2737] | LR: 0.00007174
2026-03-10 17:35:49,934 - INFO - T106 E3/50 | L: 0.59330709/0.50600982 | F1 M: 0.44173244 D: 0.21613010 | [S/N/B]: [0.1709/0.8929/0.2614] | LR: 0.00007138
2026-03-10 17:36:03,577 - INFO - T106 E4/50 | L: 0.58794625/0.50845871 | F1 M: 0.43554094 D: 0.19804022 | [S/N/B]: [0.2291/0.9105/0.1670] | LR: 0.00007089
2026-03-10 17:36:17,504 - INFO - T106 E5/50 | L: 0.58176950/0.51151348 | F1 M: 0.43315456 D: 0.19868527 | [S/N/B]: [0.2441/0.9021/0.1532] | LR: 0.00007026
2026-03-10 17:36:18,177 - INFO - Trial 106 stopped early due to patience (3 epochs without improvement)
2026-03-10 17:36:18,489 - INFO - Trial 106 finished with value: 0.44173244434655623 and parameters: {'tcn_channels': 256, 'lstm_hidden': 128, 'num_lstm_layers': 3, 'batch_size': 256, 'dropout': 0.3283684384396934, 'seq_len': 120, 'lr': 7.202041373061288e-05, 'weight_decay': 0.002525763358327113, 'base_alpha_side': 2.410930955717274, 'base_alpha_neutral': 0.7518113643366467, 'base_loss_gamma': 1.5887075356508196, 'base_loss_smoothing': 0.037865240491915135}. Best is trial 87 with value: 0.4467694189369511.
2026-03-10 17:36:21,005 - INFO - SequenceDataset: 133934/228182 valid sequences (Lookback protection active).
2026-03-10 17:36:21,006 - INFO - SequenceDataset: 57425/97766 valid sequences (Lookback protection active).
2026-03-10 17:36:21,749 - INFO - Trial 107 START | tcn=256, lstm=128, layers=3, batch=256, seq=120, drop=0.3428, lr=0.000080, wd=0.0040 | alpha=[2.68, 0.72, 2.68], gamma=1.45, smooth=0.04
